Testing error 1836: 0.2732
Time for ensemble 1836: 0.0329 hours 
Testing error 1837: 0.2808
Time for ensemble 1837: 0.0517 hours 
Testing error 1838: 0.2766
Time for ensemble 1838: 0.0744 hours 
Testing error 1839: 0.2753
Time for ensemble 1839: 0.0679 hours 
Testing error 1840: 0.2760
Time for ensemble 1840: 0.0337 hours 
Testing error 1841: 0.2768
Time for ensemble 1841: 0.0769 hours 
Testing error 1842: 0.2809
Time for ensemble 1842: 0.0532 hours 
Testing error 1843: 0.2739
Time for ensemble 1843: 0.0539 hours 
Testing error 1844: 0.2766
Time for ensemble 1844: 0.0493 hours 
Testing error 1845: 0.2776
Time for ensemble 1845: 0.1000 hours 
Average time over 10 splits for ensemble: 0.0594 hours 
-----------
Average testing error over 10 splits: 0.2768 (+/- 0.0025)
