Testing error 1836: 0.2681
Time for ensemble 1836: 0.0613 hours 
Testing error 1837: 0.2758
Time for ensemble 1837: 0.0636 hours 
Testing error 1838: 0.2740
Time for ensemble 1838: 0.0662 hours 
Testing error 1839: 0.2714
Time for ensemble 1839: 0.1186 hours 
Testing error 1840: 0.2713
Time for ensemble 1840: 0.0558 hours 
Testing error 1841: 0.2765
Time for ensemble 1841: 0.0992 hours 
Testing error 1842: 0.2738
Time for ensemble 1842: 0.1054 hours 
Testing error 1843: 0.2759
Time for ensemble 1843: 0.0259 hours 
Testing error 1844: 0.2717
Time for ensemble 1844: 0.0606 hours 
Testing error 1845: 0.2740
Time for ensemble 1845: 0.0786 hours 
Average time over 10 splits for ensemble: 0.0735 hours 
-----------
Average testing error over 10 splits: 0.2733 (+/- 0.0026)
