Testing error 1836: 0.2746
Time for ensemble 1836: 0.0689 hours 
Testing error 1837: 0.2816
Time for ensemble 1837: 0.1100 hours 
Testing error 1838: 0.2847
Time for ensemble 1838: 0.0912 hours 
Testing error 1839: 0.2853
Time for ensemble 1839: 0.0634 hours 
Testing error 1840: 0.2788
Time for ensemble 1840: 0.0977 hours 
Testing error 1841: 0.2828
Time for ensemble 1841: 0.1211 hours 
Testing error 1842: 0.2825
Time for ensemble 1842: 0.0617 hours 
Testing error 1843: 0.2780
Time for ensemble 1843: 0.0862 hours 
Testing error 1844: 0.2833
Time for ensemble 1844: 0.0493 hours 
Testing error 1845: 0.2822
Time for ensemble 1845: 0.0803 hours 
Average time over 10 splits for ensemble: 0.0830 hours 
-----------
Average testing error over 10 splits: 0.2814 (+/- 0.0033)
