Testing error 1836: 0.3670
Time for ensemble 1836: 0.0621 hours 
Testing error 1837: 0.3716
Time for ensemble 1837: 0.0631 hours 
Testing error 1838: 0.3674
Time for ensemble 1838: 0.0624 hours 
Testing error 1839: 0.3718
Time for ensemble 1839: 0.0303 hours 
Testing error 1840: 0.3665
Time for ensemble 1840: 0.0643 hours 
Testing error 1841: 0.3738
Time for ensemble 1841: 0.1289 hours 
Testing error 1842: 0.3749
Time for ensemble 1842: 0.0987 hours 
Testing error 1843: 0.3711
Time for ensemble 1843: 0.0847 hours 
Testing error 1844: 0.3658
Time for ensemble 1844: 0.1363 hours 
Testing error 1845: 0.3727
Time for ensemble 1845: 0.0386 hours 
Average time over 10 splits for ensemble: 0.0769 hours 
-----------
Average testing error over 10 splits: 0.3703 (+/- 0.0033)
