Testing error 1836: 0.2423
Time for ensemble 1836: 0.1691 hours 
Testing error 1837: 0.2419
Time for ensemble 1837: 0.1149 hours 
Testing error 1838: 0.2423
Time for ensemble 1838: 0.1248 hours 
Testing error 1839: 0.2455
Time for ensemble 1839: 0.1400 hours 
Testing error 1840: 0.2407
Time for ensemble 1840: 0.0889 hours 
Testing error 1841: 0.2469
Time for ensemble 1841: 0.1226 hours 
Testing error 1842: 0.2418
Time for ensemble 1842: 0.1004 hours 
Testing error 1843: 0.2461
Time for ensemble 1843: 0.1527 hours 
Testing error 1844: 0.2459
Time for ensemble 1844: 0.0640 hours 
Testing error 1845: 0.2389
Time for ensemble 1845: 0.1394 hours 
Average time over 10 splits for ensemble: 438.0350 hours 
-----------
Average testing error over 10 splits: 0.2432 (+/- 0.0027)
