Testing error 1836: 0.3100
Time for ensemble 1836: 0.2472 hours 
Testing error 1837: 0.3134
Time for ensemble 1837: 0.1088 hours 
Testing error 1838: 0.3170
Time for ensemble 1838: 0.1713 hours 
Testing error 1839: 0.3106
Time for ensemble 1839: 0.2024 hours 
Testing error 1840: 0.3072
Time for ensemble 1840: 0.0932 hours 
Testing error 1841: 0.3103
Time for ensemble 1841: 0.1497 hours 
Testing error 1842: 0.3150
Time for ensemble 1842: 0.0639 hours 
Testing error 1843: 0.3069
Time for ensemble 1843: 0.0963 hours 
Testing error 1844: 0.3099
Time for ensemble 1844: 0.1326 hours 
Testing error 1845: 0.3153
Time for ensemble 1845: 0.1536 hours 
Average time over 10 splits for ensemble: 510.8346 hours 
-----------
Average testing error over 10 splits: 0.3116 (+/- 0.0035)
