Testing error 1836: 0.1851
Time for ensemble 1836: 0.0973 hours 
Testing error 1837: 0.1866
Time for ensemble 1837: 0.0969 hours 
Testing error 1838: 0.1886
Time for ensemble 1838: 0.0958 hours 
Testing error 1839: 0.1856
Time for ensemble 1839: 0.1095 hours 
Testing error 1840: 0.1885
Time for ensemble 1840: 0.0931 hours 
Testing error 1841: 0.1842
Time for ensemble 1841: 0.1087 hours 
Testing error 1842: 0.1883
Time for ensemble 1842: 0.1731 hours 
Testing error 1843: 0.1899
Time for ensemble 1843: 0.0973 hours 
Testing error 1844: 0.1895
Time for ensemble 1844: 0.0587 hours 
Testing error 1845: 0.1884
Time for ensemble 1845: 0.1822 hours 
Average time over 10 splits for ensemble: 400.5521 hours 
-----------
Average testing error over 10 splits: 0.1875 (+/- 0.0020)
