Testing error 1836: 0.1556
Time for ensemble 1836: 0.1176 hours 
Testing error 1837: 0.1595
Time for ensemble 1837: 0.0835 hours 
Testing error 1838: 0.1605
Time for ensemble 1838: 0.0808 hours 
Testing error 1839: 0.1590
Time for ensemble 1839: 0.1355 hours 
Testing error 1840: 0.1666
Time for ensemble 1840: 0.0911 hours 
Testing error 1841: 0.1579
Time for ensemble 1841: 0.1441 hours 
Testing error 1842: 0.1620
Time for ensemble 1842: 0.0650 hours 
Testing error 1843: 0.1532
Time for ensemble 1843: 0.2243 hours 
Testing error 1844: 0.1579
Time for ensemble 1844: 0.1125 hours 
Testing error 1845: 0.1587
Time for ensemble 1845: 0.1750 hours 
Average time over 10 splits for ensemble: 0.1229 hours 
-----------
Average testing error over 10 splits: 0.1591 (+/- 0.0036)
