Testing error 1836: 0.1538
Time for ensemble 1836: 0.0835 hours 
Testing error 1837: 0.1498
Time for ensemble 1837: 0.1788 hours 
Testing error 1838: 0.1530
Time for ensemble 1838: 0.0876 hours 
Testing error 1839: 0.1502
Time for ensemble 1839: 0.1625 hours 
Testing error 1840: 0.1535
Time for ensemble 1840: 0.1105 hours 
Testing error 1841: 0.1542
Time for ensemble 1841: 0.1076 hours 
Testing error 1842: 0.1517
Time for ensemble 1842: 0.1164 hours 
Testing error 1843: 0.1567
Time for ensemble 1843: 0.1369 hours 
Testing error 1844: 0.1499
Time for ensemble 1844: 0.0967 hours 
Testing error 1845: 0.1537
Time for ensemble 1845: 0.1168 hours 
Average time over 10 splits for ensemble: 0.1197 hours 
-----------
Average testing error over 10 splits: 0.1527 (+/- 0.0022)
