Testing error 1836: 0.0567
Time for ensemble 1836: 0.1494 hours 
Testing error 1837: 0.0600
Time for ensemble 1837: 0.1463 hours 
Testing error 1838: 0.0574
Time for ensemble 1838: 0.1332 hours 
Testing error 1839: 0.0633
Time for ensemble 1839: 0.0425 hours 
Testing error 1840: 0.0582
Time for ensemble 1840: 0.1874 hours 
Testing error 1841: 0.0594
Time for ensemble 1841: 0.0892 hours 
Testing error 1842: 0.0638
Time for ensemble 1842: 0.0539 hours 
Testing error 1843: 0.0606
Time for ensemble 1843: 0.0532 hours 
Testing error 1844: 0.0582
Time for ensemble 1844: 0.0914 hours 
Testing error 1845: 0.0623
Time for ensemble 1845: 0.0524 hours 
Average time over 10 splits for ensemble: 0.0999 hours 
-----------
Average testing error over 10 splits: 0.0600 (+/- 0.0025)
