Testing error 1836: 0.0576
Time for ensemble 1836: 0.0621 hours 
Testing error 1837: 0.0569
Time for ensemble 1837: 0.0763 hours 
Testing error 1838: 0.0610
Time for ensemble 1838: 0.0468 hours 
Testing error 1839: 0.0562
Time for ensemble 1839: 0.0820 hours 
Testing error 1840: 0.0538
Time for ensemble 1840: 0.1430 hours 
Testing error 1841: 0.0599
Time for ensemble 1841: 0.0362 hours 
Testing error 1842: 0.0587
Time for ensemble 1842: 0.1143 hours 
Testing error 1843: 0.0561
Time for ensemble 1843: 0.0741 hours 
Testing error 1844: 0.0576
Time for ensemble 1844: 0.0602 hours 
Testing error 1845: 0.0552
Time for ensemble 1845: 0.1123 hours 
Average time over 10 splits for ensemble: 0.0807 hours 
-----------
Average testing error over 10 splits: 0.0573 (+/- 0.0022)
