Testing error 1836: 0.2334
Time for ensemble 1836: 0.0642 hours 
Testing error 1837: 0.2253
Time for ensemble 1837: 0.0889 hours 
Testing error 1838: 0.2296
Time for ensemble 1838: 0.1911 hours 
Testing error 1839: 0.2296
Time for ensemble 1839: 0.0633 hours 
Testing error 1840: 0.2296
Time for ensemble 1840: 0.1077 hours 
Testing error 1841: 0.2305
Time for ensemble 1841: 0.3311 hours 
Testing error 1842: 0.2262
Time for ensemble 1842: 0.6899 hours 
Testing error 1843: 0.2226
Time for ensemble 1843: 0.1502 hours 
Testing error 1844: 0.2265
Time for ensemble 1844: 0.1442 hours 
Testing error 1845: 0.2295
Time for ensemble 1845: 0.1066 hours 
Average time over 10 splits for ensemble: 0.1937 hours 
-----------
Average testing error over 10 splits: 0.2283 (+/- 0.0031)
