Testing error 1836: 0.1106
Time for ensemble 1836: 0.0555 hours 
Testing error 1837: 0.1097
Time for ensemble 1837: 0.1462 hours 
Testing error 1838: 0.1073
Time for ensemble 1838: 0.0883 hours 
Testing error 1839: 0.1095
Time for ensemble 1839: 0.0535 hours 
Testing error 1840: 0.1104
Time for ensemble 1840: 0.0750 hours 
Testing error 1841: 0.1107
Time for ensemble 1841: 0.0887 hours 
Testing error 1842: 0.1100
Time for ensemble 1842: 0.0934 hours 
Testing error 1843: 0.1119
Time for ensemble 1843: 0.0562 hours 
Testing error 1844: 0.1077
Time for ensemble 1844: 0.0953 hours 
Testing error 1845: 0.1109
Time for ensemble 1845: 0.1248 hours 
Average time over 10 splits for ensemble: 0.0877 hours 
-----------
Average testing error over 10 splits: 0.1099 (+/- 0.0014)
