Testing error 1836: 0.1006
Time for ensemble 1836: 0.0928 hours 
Testing error 1837: 0.1076
Time for ensemble 1837: 0.2095 hours 
Testing error 1838: 0.1051
Time for ensemble 1838: 0.1146 hours 
Testing error 1839: 0.1023
Time for ensemble 1839: 0.1281 hours 
Testing error 1840: 0.1036
Time for ensemble 1840: 0.0994 hours 
Testing error 1841: 0.1089
Time for ensemble 1841: 0.0811 hours 
Testing error 1842: 0.1056
Time for ensemble 1842: 0.0978 hours 
Testing error 1843: 0.1065
Time for ensemble 1843: 0.0495 hours 
Testing error 1844: 0.1102
Time for ensemble 1844: 0.0363 hours 
Testing error 1845: 0.1114
Time for ensemble 1845: 0.0632 hours 
Average time over 10 splits for ensemble: 0.0972 hours 
-----------
Average testing error over 10 splits: 0.1062 (+/- 0.0035)
