Testing error 1836: 0.1013
Time for ensemble 1836: 0.0545 hours 
Testing error 1837: 0.1039
Time for ensemble 1837: 0.0923 hours 
Testing error 1838: 0.1041
Time for ensemble 1838: 0.1150 hours 
Testing error 1839: 0.1021
Time for ensemble 1839: 0.0559 hours 
Testing error 1840: 0.1068
Time for ensemble 1840: 0.0715 hours 
Testing error 1841: 0.1064
Time for ensemble 1841: 0.1126 hours 
Testing error 1842: 0.1080
Time for ensemble 1842: 0.0901 hours 
Testing error 1843: 0.1036
Time for ensemble 1843: 0.0759 hours 
Testing error 1844: 0.1076
Time for ensemble 1844: 0.0481 hours 
Testing error 1845: 0.1139
Time for ensemble 1845: 0.0336 hours 
Average time over 10 splits for ensemble: 0.0749 hours 
-----------
Average testing error over 10 splits: 0.1058 (+/- 0.0037)
