Testing error 1836: 0.2737
Time for ensemble 1836: 0.2137 hours 
Testing error 1837: 0.2778
Time for ensemble 1837: 0.0502 hours 
Testing error 1838: 0.2857
Time for ensemble 1838: 0.0395 hours 
Testing error 1839: 0.2761
Time for ensemble 1839: 0.0549 hours 
Testing error 1840: 0.2754
Time for ensemble 1840: 0.0736 hours 
Testing error 1841: 0.2857
Time for ensemble 1841: 0.0532 hours 
Testing error 1842: 0.2814
Time for ensemble 1842: 0.0879 hours 
Testing error 1843: 0.2802
Time for ensemble 1843: 0.0415 hours 
Testing error 1844: 0.2770
Time for ensemble 1844: 0.0930 hours 
Testing error 1845: 0.2855
Time for ensemble 1845: 0.0656 hours 
Average time over 10 splits for ensemble: 278.3087 hours 
-----------
Average testing error over 10 splits: 0.2798 (+/- 0.0046)
