Testing error 1836: 0.1020
Time for ensemble 1836: 0.1186 hours 
Testing error 1837: 0.1068
Time for ensemble 1837: 0.0983 hours 
Testing error 1838: 0.1058
Time for ensemble 1838: 0.0733 hours 
Testing error 1839: 0.1057
Time for ensemble 1839: 0.0581 hours 
Testing error 1840: 0.1051
Time for ensemble 1840: 0.0991 hours 
Testing error 1841: 0.1053
Time for ensemble 1841: 0.0995 hours 
Testing error 1842: 0.1058
Time for ensemble 1842: 0.1203 hours 
Testing error 1843: 0.1035
Time for ensemble 1843: 0.0727 hours 
Testing error 1844: 0.1081
Time for ensemble 1844: 0.0823 hours 
Testing error 1845: 0.1082
Time for ensemble 1845: 0.0759 hours 
Average time over 10 splits for ensemble: 323.3042 hours 
-----------
Average testing error over 10 splits: 0.1056 (+/- 0.0019)
