Testing error 1836: 0.1553
Time for ensemble 1836: 0.0598 hours 
Testing error 1837: 0.1530
Time for ensemble 1837: 0.1495 hours 
Testing error 1838: 0.1517
Time for ensemble 1838: 0.0925 hours 
Testing error 1839: 0.1520
Time for ensemble 1839: 0.0750 hours 
Testing error 1840: 0.1513
Time for ensemble 1840: 0.0913 hours 
Testing error 1841: 0.1548
Time for ensemble 1841: 0.1512 hours 
Testing error 1842: 0.1528
Time for ensemble 1842: 0.1181 hours 
Testing error 1843: 0.1519
Time for ensemble 1843: 0.0929 hours 
Testing error 1844: 0.1546
Time for ensemble 1844: 0.0568 hours 
Testing error 1845: 0.1576
Time for ensemble 1845: 0.0767 hours 
Average time over 10 splits for ensemble: 0.0964 hours 
-----------
Average testing error over 10 splits: 0.1535 (+/- 0.0020)
