Testing error 1836: 0.3378
Time for ensemble 1836: 0.1584 hours 
Testing error 1837: 0.3392
Time for ensemble 1837: 0.2798 hours 
Testing error 1838: 0.3398
Time for ensemble 1838: 0.3330 hours 
Testing error 1839: 0.3380
Time for ensemble 1839: 0.4216 hours 
Testing error 1840: 0.3439
Time for ensemble 1840: 0.0815 hours 
Testing error 1841: 0.3454
Time for ensemble 1841: 0.1383 hours 
Testing error 1842: 0.3475
Time for ensemble 1842: 0.0736 hours 
Testing error 1843: 0.3466
Time for ensemble 1843: 0.0561 hours 
Testing error 1844: 0.3368
Time for ensemble 1844: 0.2176 hours 
Testing error 1845: 0.3421
Time for ensemble 1845: 0.0998 hours 
Average time over 10 splits for ensemble: 0.1860 hours 
-----------
Average testing error over 10 splits: 0.3417 (+/- 0.0039)
