Testing error 1836: 0.1565
Time for ensemble 1836: 0.2410 hours 
Testing error 1837: 0.1598
Time for ensemble 1837: 0.1369 hours 
Testing error 1838: 0.1584
Time for ensemble 1838: 0.2059 hours 
Testing error 1839: 0.1608
Time for ensemble 1839: 0.0598 hours 
Testing error 1840: 0.1557
Time for ensemble 1840: 0.1683 hours 
Testing error 1841: 0.1604
Time for ensemble 1841: 0.2093 hours 
Testing error 1842: 0.1596
Time for ensemble 1842: 0.1946 hours 
Testing error 1843: 0.1581
Time for ensemble 1843: 0.1044 hours 
Testing error 1844: 0.1556
Time for ensemble 1844: 0.1691 hours 
Testing error 1845: 0.1626
Time for ensemble 1845: 0.3386 hours 
Average time over 10 splits for ensemble: 0.1828 hours 
-----------
Average testing error over 10 splits: 0.1588 (+/- 0.0023)
