Testing error 1836: 0.0758
Time for ensemble 1836: 0.3094 hours 
Testing error 1837: 0.0823
Time for ensemble 1837: 0.1089 hours 
Testing error 1838: 0.0805
Time for ensemble 1838: 0.0483 hours 
Testing error 1839: 0.0774
Time for ensemble 1839: 0.1077 hours 
Testing error 1840: 0.0793
Time for ensemble 1840: 0.1934 hours 
Testing error 1841: 0.0802
Time for ensemble 1841: 0.1074 hours 
Testing error 1842: 0.0820
Time for ensemble 1842: 0.1081 hours 
Testing error 1843: 0.0808
Time for ensemble 1843: 0.0708 hours 
Testing error 1844: 0.0791
Time for ensemble 1844: 0.1867 hours 
Testing error 1845: 0.0815
Time for ensemble 1845: 0.0479 hours 
Average time over 10 splits for ensemble: 0.1289 hours 
-----------
Average testing error over 10 splits: 0.0799 (+/- 0.0021)
