Testing error 1836: 0.3292
Time for ensemble 1836: 0.7688 hours 
Testing error 1837: 0.3371
Time for ensemble 1837: 0.4026 hours 
Testing error 1838: 0.3362
Time for ensemble 1838: 0.6574 hours 
Testing error 1839: 0.3313
Time for ensemble 1839: 1.2848 hours 
Testing error 1840: 0.3378
Time for ensemble 1840: 0.1627 hours 
Testing error 1841: 0.3447
Time for ensemble 1841: 0.6568 hours 
Testing error 1842: 0.3381
Time for ensemble 1842: 1.2265 hours 
Testing error 1843: 0.3349
Time for ensemble 1843: 0.3074 hours 
Testing error 1844: 0.3339
Time for ensemble 1844: 0.1579 hours 
Testing error 1845: 0.3396
Time for ensemble 1845: 0.0968 hours 
Average time over 10 splits for ensemble: 0.5722 hours 
-----------
Average testing error over 10 splits: 0.3363 (+/- 0.0044)
