Testing error 1836: 0.0737
Time for ensemble 1836: 0.1281 hours 
Testing error 1837: 0.0796
Time for ensemble 1837: 0.1024 hours 
Testing error 1838: 0.0769
Time for ensemble 1838: 0.0784 hours 
Testing error 1839: 0.0763
Time for ensemble 1839: 0.1012 hours 
Testing error 1840: 0.0741
Time for ensemble 1840: 0.1363 hours 
Testing error 1841: 0.0806
Time for ensemble 1841: 0.0658 hours 
Testing error 1842: 0.0764
Time for ensemble 1842: 0.2280 hours 
Testing error 1843: 0.0771
Time for ensemble 1843: 0.1046 hours 
Testing error 1844: 0.0765
Time for ensemble 1844: 0.1900 hours 
Testing error 1845: 0.0790
Time for ensemble 1845: 0.0676 hours 
Average time over 10 splits for ensemble: 0.1202 hours 
-----------
Average testing error over 10 splits: 0.0770 (+/- 0.0022)
