Testing error 1836: 0.1262
Time for ensemble 1836: 0.0805 hours 
Testing error 1837: 0.1324
Time for ensemble 1837: 0.0504 hours 
Testing error 1838: 0.1318
Time for ensemble 1838: 0.0494 hours 
Testing error 1839: 0.1295
Time for ensemble 1839: 0.0485 hours 
Testing error 1840: 0.1249
Time for ensemble 1840: 0.1033 hours 
Testing error 1841: 0.1222
Time for ensemble 1841: 0.0642 hours 
Testing error 1842: 0.1347
Time for ensemble 1842: 0.0366 hours 
Testing error 1843: 0.1277
Time for ensemble 1843: 0.0641 hours 
Testing error 1844: 0.1241
Time for ensemble 1844: 0.0821 hours 
Testing error 1845: 0.1305
Time for ensemble 1845: 0.0512 hours 
Average time over 10 splits for ensemble: 0.0630 hours 
-----------
Average testing error over 10 splits: 0.1284 (+/- 0.0040)
