Testing error 1836: 0.1328
Time for ensemble 1836: 0.0547 hours 
Testing error 1837: 0.1347
Time for ensemble 1837: 0.1003 hours 
Testing error 1838: 0.1360
Time for ensemble 1838: 0.0797 hours 
Testing error 1839: 0.1351
Time for ensemble 1839: 0.1061 hours 
Testing error 1840: 0.1322
Time for ensemble 1840: 0.0598 hours 
Testing error 1841: 0.1311
Time for ensemble 1841: 0.0740 hours 
Testing error 1842: 0.1362
Time for ensemble 1842: 0.1284 hours 
Testing error 1843: 0.1312
Time for ensemble 1843: 0.1760 hours 
Testing error 1844: 0.1314
Time for ensemble 1844: 0.0748 hours 
Testing error 1845: 0.1369
Time for ensemble 1845: 0.1289 hours 
Average time over 10 splits for ensemble: 0.0983 hours 
-----------
Average testing error over 10 splits: 0.1338 (+/- 0.0023)
