Testing error 1836: 0.2445
Time for ensemble 1836: 0.0884 hours 
Testing error 1837: 0.2417
Time for ensemble 1837: 0.0719 hours 
Testing error 1838: 0.2451
Time for ensemble 1838: 0.0684 hours 
Testing error 1839: 0.2423
Time for ensemble 1839: 0.0853 hours 
Testing error 1840: 0.2427
Time for ensemble 1840: 0.1110 hours 
Testing error 1841: 0.2480
Time for ensemble 1841: 0.0531 hours 
Testing error 1842: 0.2451
Time for ensemble 1842: 0.1418 hours 
Testing error 1843: 0.2463
Time for ensemble 1843: 0.0496 hours 
Testing error 1844: 0.2443
Time for ensemble 1844: 0.0508 hours 
Testing error 1845: 0.2417
Time for ensemble 1845: 0.1093 hours 
Average time over 10 splits for ensemble: 0.0829 hours 
-----------
Average testing error over 10 splits: 0.2442 (+/- 0.0021)
