Testing error 1836: 0.2501
Time for ensemble 1836: 0.1048 hours 
Testing error 1837: 0.2457
Time for ensemble 1837: 0.1857 hours 
Testing error 1838: 0.2526
Time for ensemble 1838: 0.0446 hours 
Testing error 1839: 0.2536
Time for ensemble 1839: 0.1236 hours 
Testing error 1840: 0.2494
Time for ensemble 1840: 0.0639 hours 
Testing error 1841: 0.2485
Time for ensemble 1841: 0.1072 hours 
Testing error 1842: 0.2506
Time for ensemble 1842: 0.2438 hours 
Testing error 1843: 0.2498
Time for ensemble 1843: 0.1072 hours 
Testing error 1844: 0.2472
Time for ensemble 1844: 0.1170 hours 
Testing error 1845: 0.2545
Time for ensemble 1845: 0.0515 hours 
Average time over 10 splits for ensemble: 0.1149 hours 
-----------
Average testing error over 10 splits: 0.2502 (+/- 0.0028)
