Testing error 1836: 0.1248
Time for ensemble 1836: 0.1058 hours 
Testing error 1837: 0.1309
Time for ensemble 1837: 0.0692 hours 
Testing error 1838: 0.1312
Time for ensemble 1838: 0.0907 hours 
Testing error 1839: 0.1269
Time for ensemble 1839: 0.1343 hours 
Testing error 1840: 0.1256
Time for ensemble 1840: 0.0599 hours 
Testing error 1841: 0.1264
Time for ensemble 1841: 0.0706 hours 
Testing error 1842: 0.1310
Time for ensemble 1842: 0.0907 hours 
Testing error 1843: 0.1299
Time for ensemble 1843: 0.0541 hours 
Testing error 1844: 0.1236
Time for ensemble 1844: 0.0728 hours 
Testing error 1845: 0.1304
Time for ensemble 1845: 0.0717 hours 
Average time over 10 splits for ensemble: 0.0820 hours 
-----------
Average testing error over 10 splits: 0.1281 (+/- 0.0029)
