Testing error 1836: 0.1302
Time for ensemble 1836: 0.0428 hours 
Testing error 1837: 0.1326
Time for ensemble 1837: 0.0372 hours 
Testing error 1838: 0.1334
Time for ensemble 1838: 0.0742 hours 
Testing error 1839: 0.1318
Time for ensemble 1839: 0.0455 hours 
Testing error 1840: 0.1321
Time for ensemble 1840: 0.0835 hours 
Testing error 1841: 0.1348
Time for ensemble 1841: 0.0481 hours 
Testing error 1842: 0.1316
Time for ensemble 1842: 0.0799 hours 
Testing error 1843: 0.1318
Time for ensemble 1843: 0.0816 hours 
Testing error 1844: 0.1304
Time for ensemble 1844: 0.0482 hours 
Testing error 1845: 0.1356
Time for ensemble 1845: 0.0461 hours 
Average time over 10 splits for ensemble: 211.3505 hours 
-----------
Average testing error over 10 splits: 0.1324 (+/- 0.0017)
