Testing error 1836: 0.0984
Time for ensemble 1836: 0.0596 hours 
Testing error 1837: 0.0986
Time for ensemble 1837: 0.3399 hours 
Testing error 1838: 0.1008
Time for ensemble 1838: 0.4570 hours 
Testing error 1839: 0.0952
Time for ensemble 1839: 0.0847 hours 
Testing error 1840: 0.0949
Time for ensemble 1840: 0.1475 hours 
Testing error 1841: 0.0944
Time for ensemble 1841: 0.0924 hours 
Testing error 1842: 0.1051
Time for ensemble 1842: 0.0336 hours 
Testing error 1843: 0.0989
Time for ensemble 1843: 0.0761 hours 
Testing error 1844: 0.0949
Time for ensemble 1844: 0.0575 hours 
Testing error 1845: 0.0990
Time for ensemble 1845: 0.0991 hours 
Average time over 10 splits for ensemble: 0.1447 hours 
-----------
Average testing error over 10 splits: 0.0980 (+/- 0.0033)
