Testing error 1836: 0.3454
Time for ensemble 1836: 0.1062 hours 
Testing error 1837: 0.3490
Time for ensemble 1837: 0.1840 hours 
Testing error 1838: 0.3517
Time for ensemble 1838: 0.0852 hours 
Testing error 1839: 0.3541
Time for ensemble 1839: 0.0510 hours 
Testing error 1840: 0.3456
Time for ensemble 1840: 0.0504 hours 
Testing error 1841: 0.3528
Time for ensemble 1841: 0.0842 hours 
Testing error 1842: 0.3498
Time for ensemble 1842: 0.0786 hours 
Testing error 1843: 0.3492
Time for ensemble 1843: 0.1104 hours 
Testing error 1844: 0.3515
Time for ensemble 1844: 0.1456 hours 
Testing error 1845: 0.3497
Time for ensemble 1845: 0.0546 hours 
Average time over 10 splits for ensemble: 0.0950 hours 
-----------
Average testing error over 10 splits: 0.3499 (+/- 0.0028)
