Testing error 1836: 0.1310
Time for ensemble 1836: 0.0879 hours 
Testing error 1837: 0.1315
Time for ensemble 1837: 0.1015 hours 
Testing error 1838: 0.1331
Time for ensemble 1838: 0.1064 hours 
Testing error 1839: 0.1307
Time for ensemble 1839: 0.1042 hours 
Testing error 1840: 0.1278
Time for ensemble 1840: 0.0688 hours 
Testing error 1841: 0.1339
Time for ensemble 1841: 0.0662 hours 
Testing error 1842: 0.1321
Time for ensemble 1842: 0.1213 hours 
Testing error 1843: 0.1347
Time for ensemble 1843: 0.0660 hours 
Testing error 1844: 0.1291
Time for ensemble 1844: 0.0667 hours 
Testing error 1845: 0.1326
Time for ensemble 1845: 0.0653 hours 
Average time over 10 splits for ensemble: 307.5610 hours 
-----------
Average testing error over 10 splits: 0.1316 (+/- 0.0021)
