Testing error 1836: 0.1784
Time for ensemble 1836: 0.0530 hours 
Testing error 1837: 0.1757
Time for ensemble 1837: 0.0412 hours 
Testing error 1838: 0.1794
Time for ensemble 1838: 0.0927 hours 
Testing error 1839: 0.1807
Time for ensemble 1839: 0.1005 hours 
Testing error 1840: 0.1734
Time for ensemble 1840: 0.1341 hours 
Testing error 1841: 0.1785
Time for ensemble 1841: 0.2524 hours 
Testing error 1842: 0.1771
Time for ensemble 1842: 0.2328 hours 
Testing error 1843: 0.1804
Time for ensemble 1843: 0.0838 hours 
Testing error 1844: 0.1745
Time for ensemble 1844: 0.1117 hours 
Testing error 1845: 0.1770
Time for ensemble 1845: 0.1137 hours 
Average time over 10 splits for ensemble: 0.1216 hours 
-----------
Average testing error over 10 splits: 0.1775 (+/- 0.0024)
