Testing error 1836: 0.0991
Time for ensemble 1836: 0.1365 hours 
Testing error 1837: 0.0994
Time for ensemble 1837: 0.1916 hours 
Testing error 1838: 0.1019
Time for ensemble 1838: 0.4600 hours 
Testing error 1839: 0.0944
Time for ensemble 1839: 0.7642 hours 
Testing error 1840: 0.0958
Time for ensemble 1840: 0.3341 hours 
Testing error 1841: 0.0979
Time for ensemble 1841: 0.3558 hours 
Testing error 1842: 0.1040
Time for ensemble 1842: 0.1879 hours 
Testing error 1843: 0.1025
Time for ensemble 1843: 0.2867 hours 
Testing error 1844: 0.0924
Time for ensemble 1844: 0.3598 hours 
Testing error 1845: 0.0992
Time for ensemble 1845: 0.9387 hours 
Average time over 10 splits for ensemble: 0.4015 hours 
-----------
Average testing error over 10 splits: 0.0987 (+/- 0.0037)
