Testing error 1836: 0.0961
Time for ensemble 1836: 0.3217 hours 
Testing error 1837: 0.0904
Time for ensemble 1837: 0.1534 hours 
Testing error 1838: 0.0922
Time for ensemble 1838: 0.1059 hours 
Testing error 1839: 0.0927
Time for ensemble 1839: 0.0636 hours 
Testing error 1840: 0.0935
Time for ensemble 1840: 0.0926 hours 
Testing error 1841: 0.0940
Time for ensemble 1841: 0.1187 hours 
Testing error 1842: 0.1091
Time for ensemble 1842: 0.0539 hours 
Testing error 1843: 0.0973
Time for ensemble 1843: 0.0616 hours 
Testing error 1844: 0.0882
Time for ensemble 1844: 0.1295 hours 
Testing error 1845: 0.0918
Time for ensemble 1845: 0.1179 hours 
Average time over 10 splits for ensemble: 0.1219 hours 
-----------
Average testing error over 10 splits: 0.0945 (+/- 0.0057)
