Testing error 1836: 0.0365
Time for ensemble 1836: 0.1095 hours 
Testing error 1837: 0.0395
Time for ensemble 1837: 0.1706 hours 
Testing error 1838: 0.0356
Time for ensemble 1838: 0.1071 hours 
Testing error 1839: 0.0355
Time for ensemble 1839: 0.1432 hours 
Testing error 1840: 0.0368
Time for ensemble 1840: 0.1137 hours 
Testing error 1841: 0.0382
Time for ensemble 1841: 0.1635 hours 
Testing error 1842: 0.0359
Time for ensemble 1842: 0.1054 hours 
Testing error 1843: 0.0381
Time for ensemble 1843: 0.0641 hours 
Testing error 1844: 0.0403
Time for ensemble 1844: 0.0683 hours 
Testing error 1845: 0.0412
Time for ensemble 1845: 0.0529 hours 
Average time over 10 splits for ensemble: 0.1098 hours 
-----------
Average testing error over 10 splits: 0.0378 (+/- 0.0020)
