Testing error 1836: 0.0967
Time for ensemble 1836: 1.4887 hours 
Testing error 1837: 0.0968
Time for ensemble 1837: 0.7063 hours 
Testing error 1838: 0.0955
Time for ensemble 1838: 0.2347 hours 
Testing error 1839: 0.0959
Time for ensemble 1839: 0.2315 hours 
Testing error 1840: 0.0946
Time for ensemble 1840: 0.2685 hours 
Testing error 1841: 0.1000
Time for ensemble 1841: 0.3679 hours 
Testing error 1842: 0.0997
Time for ensemble 1842: 0.4763 hours 
Testing error 1843: 0.1021
Time for ensemble 1843: 0.1101 hours 
Testing error 1844: 0.0951
Time for ensemble 1844: 0.1048 hours 
Testing error 1845: 0.1046
Time for ensemble 1845: 0.0547 hours 
Average time over 10 splits for ensemble: 0.4044 hours 
-----------
Average testing error over 10 splits: 0.0981 (+/- 0.0033)
