Testing error 1836: 0.0593
Time for ensemble 1836: 0.0815 hours 
Testing error 1837: 0.0591
Time for ensemble 1837: 0.1429 hours 
Testing error 1838: 0.0582
Time for ensemble 1838: 0.1234 hours 
Testing error 1839: 0.0579
Time for ensemble 1839: 0.0926 hours 
Testing error 1840: 0.0573
Time for ensemble 1840: 0.0923 hours 
Testing error 1841: 0.0579
Time for ensemble 1841: 0.0937 hours 
Testing error 1842: 0.0570
Time for ensemble 1842: 0.1744 hours 
Testing error 1843: 0.0578
Time for ensemble 1843: 0.1256 hours 
Testing error 1844: 0.0555
Time for ensemble 1844: 0.1222 hours 
Testing error 1845: 0.0549
Time for ensemble 1845: 0.1730 hours 
Average time over 10 splits for ensemble: 439.7699 hours 
-----------
Average testing error over 10 splits: 0.0575 (+/- 0.0014)
