Testing error 1836: 0.0594
Time for ensemble 1836: 0.1601 hours 
Testing error 1837: 0.0606
Time for ensemble 1837: 0.2944 hours 
Testing error 1838: 0.0574
Time for ensemble 1838: 0.1463 hours 
Testing error 1839: 0.0594
Time for ensemble 1839: 0.0766 hours 
Testing error 1840: 0.0574
Time for ensemble 1840: 0.2414 hours 
Testing error 1841: 0.0628
Time for ensemble 1841: 0.1534 hours 
Testing error 1842: 0.0601
Time for ensemble 1842: 0.1584 hours 
Testing error 1843: 0.0615
Time for ensemble 1843: 0.0945 hours 
Testing error 1844: 0.0576
Time for ensemble 1844: 0.1235 hours 
Testing error 1845: 0.0618
Time for ensemble 1845: 0.0558 hours 
Average time over 10 splits for ensemble: 541.5408 hours 
-----------
Average testing error over 10 splits: 0.0598 (+/- 0.0019)
