# -------------------------
# Ensemble classification
#  - Training samples: 10000 (5000/5000)
#  - Feature-space dimensionality: 24157
#  - L : automatic (min 25, max 500, length 50, eps 0.00500)
#  - d_sub : automatic (Eoob tolerance 0.0200, step 200)
#  - Seed 1 (subspaces) : 120049792
#  - Seed 2 (bootstrap) : 232272846
# -------------------------

 - d_sub 200 : OOB 0.4578 : L 1 : T 0.0 sec
 - d_sub 200 : OOB 0.4305 : L 2 : T 0.1 sec
 - d_sub 200 : OOB 0.4182 : L 3 : T 0.1 sec
 - d_sub 200 : OOB 0.4109 : L 4 : T 0.1 sec
 - d_sub 200 : OOB 0.3968 : L 5 : T 0.2 sec
 - d_sub 200 : OOB 0.3933 : L 6 : T 0.2 sec
 - d_sub 200 : OOB 0.3864 : L 7 : T 0.2 sec
 - d_sub 200 : OOB 0.3830 : L 8 : T 0.2 sec
 - d_sub 200 : OOB 0.3829 : L 9 : T 0.3 sec
 - d_sub 200 : OOB 0.3802 : L 10 : T 0.3 sec
 - d_sub 200 : OOB 0.3792 : L 11 : T 0.3 sec
 - d_sub 200 : OOB 0.3778 : L 12 : T 0.4 sec
 - d_sub 200 : OOB 0.3764 : L 13 : T 0.4 sec
 - d_sub 200 : OOB 0.3783 : L 14 : T 0.4 sec
 - d_sub 200 : OOB 0.3741 : L 15 : T 0.5 sec
 - d_sub 200 : OOB 0.3728 : L 16 : T 0.5 sec
 - d_sub 200 : OOB 0.3714 : L 17 : T 0.5 sec
 - d_sub 200 : OOB 0.3678 : L 18 : T 0.5 sec
 - d_sub 200 : OOB 0.3671 : L 19 : T 0.6 sec
 - d_sub 200 : OOB 0.3666 : L 20 : T 0.6 sec
 - d_sub 200 : OOB 0.3658 : L 21 : T 0.6 sec
 - d_sub 200 : OOB 0.3660 : L 22 : T 0.7 sec
 - d_sub 200 : OOB 0.3668 : L 23 : T 0.7 sec
 - d_sub 200 : OOB 0.3646 : L 24 : T 0.7 sec
 - d_sub 200 : OOB 0.3623 : L 25 : T 0.8 sec
 - d_sub 200 : OOB 0.3635 : L 26 : T 0.8 sec
 - d_sub 200 : OOB 0.3647 : L 27 : T 0.8 sec
 - d_sub 200 : OOB 0.3656 : L 28 : T 0.8 sec
 - d_sub 200 : OOB 0.3620 : L 29 : T 0.9 sec
 - d_sub 200 : OOB 0.3635 : L 30 : T 0.9 sec
 - d_sub 200 : OOB 0.3630 : L 31 : T 0.9 sec
 - d_sub 200 : OOB 0.3629 : L 32 : T 1.0 sec
 - d_sub 200 : OOB 0.3610 : L 33 : T 1.0 sec
 - d_sub 200 : OOB 0.3638 : L 34 : T 1.0 sec
 - d_sub 200 : OOB 0.3602 : L 35 : T 1.0 sec
 - d_sub 200 : OOB 0.3608 : L 36 : T 1.1 sec
 - d_sub 200 : OOB 0.3600 : L 37 : T 1.1 sec
 - d_sub 200 : OOB 0.3613 : L 38 : T 1.1 sec
 - d_sub 200 : OOB 0.3587 : L 39 : T 1.2 sec
 - d_sub 200 : OOB 0.3615 : L 40 : T 1.2 sec
 - d_sub 200 : OOB 0.3604 : L 41 : T 1.2 sec
 - d_sub 200 : OOB 0.3626 : L 42 : T 1.3 sec
 - d_sub 200 : OOB 0.3611 : L 43 : T 1.3 sec
 - d_sub 200 : OOB 0.3615 : L 44 : T 1.3 sec
 - d_sub 200 : OOB 0.3593 : L 45 : T 1.3 sec
 - d_sub 200 : OOB 0.3598 : L 46 : T 1.4 sec
 - d_sub 200 : OOB 0.3613 : L 47 : T 1.4 sec
 - d_sub 200 : OOB 0.3592 : L 48 : T 1.4 sec
 - d_sub 200 : OOB 0.3618 : L 49 : T 1.5 sec
 - d_sub 200 : OOB 0.3617 : L 50 : T 1.5 sec
 - d_sub 200 : OOB 0.3627 : L 51 : T 1.5 sec
 - d_sub 200 : OOB 0.3629 : L 52 : T 1.5 sec
 - d_sub 200 : OOB 0.3607 : L 53 : T 1.6 sec
 - d_sub 200 : OOB 0.3614 : L 54 : T 1.6 sec
 - d_sub 200 : OOB 0.3599 : L 55 : T 1.6 sec
 - d_sub 200 : OOB 0.3595 : L 56 : T 1.7 sec
 - d_sub 200 : OOB 0.3593 : L 57 : T 1.7 sec
 - d_sub 200 : OOB 0.3587 : L 58 : T 1.7 sec
 - d_sub 200 : OOB 0.3610 : L 59 : T 1.8 sec
 - d_sub 200 : OOB 0.3623 : L 60 : T 1.8 sec
 - d_sub 200 : OOB 0.3599 : L 61 : T 1.8 sec
 - d_sub 200 : OOB 0.3607 : L 62 : T 1.8 sec
 - d_sub 200 : OOB 0.3609 : L 63 : T 1.9 sec
 - d_sub 200 : OOB 0.3593 : L 64 : T 1.9 sec
 - d_sub 200 : OOB 0.3602 : L 65 : T 1.9 sec
 - d_sub 200 : OOB 0.3604 : L 66 : T 1.9 sec
 - d_sub 200 : OOB 0.3593 : L 67 : T 2.0 sec
 - d_sub 200 : OOB 0.3622 : L 68 : T 2.0 sec
 - d_sub 200 : OOB 0.3620 : L 69 : T 2.0 sec
 - d_sub 200 : OOB 0.3614 : L 70 : T 2.1 sec
 - d_sub 200 : OOB 0.3624 : L 71 : T 2.1 sec

 - d_sub 400 : OOB 0.4525 : L 1 : T 0.1 sec
 - d_sub 400 : OOB 0.4187 : L 2 : T 0.1 sec
 - d_sub 400 : OOB 0.4029 : L 3 : T 0.2 sec
 - d_sub 400 : OOB 0.3917 : L 4 : T 0.2 sec
 - d_sub 400 : OOB 0.3812 : L 5 : T 0.3 sec
 - d_sub 400 : OOB 0.3796 : L 6 : T 0.4 sec
 - d_sub 400 : OOB 0.3719 : L 7 : T 0.4 sec
 - d_sub 400 : OOB 0.3661 : L 8 : T 0.5 sec
 - d_sub 400 : OOB 0.3630 : L 9 : T 0.5 sec
 - d_sub 400 : OOB 0.3588 : L 10 : T 0.6 sec
 - d_sub 400 : OOB 0.3546 : L 11 : T 0.6 sec
 - d_sub 400 : OOB 0.3534 : L 12 : T 0.7 sec
 - d_sub 400 : OOB 0.3532 : L 13 : T 0.7 sec
 - d_sub 400 : OOB 0.3505 : L 14 : T 0.8 sec
 - d_sub 400 : OOB 0.3468 : L 15 : T 0.9 sec
 - d_sub 400 : OOB 0.3507 : L 16 : T 0.9 sec
 - d_sub 400 : OOB 0.3475 : L 17 : T 1.0 sec
 - d_sub 400 : OOB 0.3467 : L 18 : T 1.0 sec
 - d_sub 400 : OOB 0.3477 : L 19 : T 1.1 sec
 - d_sub 400 : OOB 0.3473 : L 20 : T 1.2 sec
 - d_sub 400 : OOB 0.3463 : L 21 : T 1.2 sec
 - d_sub 400 : OOB 0.3443 : L 22 : T 1.3 sec
 - d_sub 400 : OOB 0.3414 : L 23 : T 1.3 sec
 - d_sub 400 : OOB 0.3414 : L 24 : T 1.4 sec
 - d_sub 400 : OOB 0.3411 : L 25 : T 1.4 sec
 - d_sub 400 : OOB 0.3423 : L 26 : T 1.5 sec
 - d_sub 400 : OOB 0.3412 : L 27 : T 1.6 sec
 - d_sub 400 : OOB 0.3413 : L 28 : T 1.6 sec
 - d_sub 400 : OOB 0.3408 : L 29 : T 1.7 sec
 - d_sub 400 : OOB 0.3404 : L 30 : T 1.8 sec
 - d_sub 400 : OOB 0.3403 : L 31 : T 1.8 sec
 - d_sub 400 : OOB 0.3410 : L 32 : T 1.9 sec
 - d_sub 400 : OOB 0.3423 : L 33 : T 1.9 sec
 - d_sub 400 : OOB 0.3414 : L 34 : T 2.0 sec
 - d_sub 400 : OOB 0.3401 : L 35 : T 2.1 sec
 - d_sub 400 : OOB 0.3416 : L 36 : T 2.1 sec
 - d_sub 400 : OOB 0.3410 : L 37 : T 2.2 sec
 - d_sub 400 : OOB 0.3399 : L 38 : T 2.3 sec
 - d_sub 400 : OOB 0.3406 : L 39 : T 2.3 sec
 - d_sub 400 : OOB 0.3418 : L 40 : T 2.4 sec
 - d_sub 400 : OOB 0.3421 : L 41 : T 2.4 sec
 - d_sub 400 : OOB 0.3410 : L 42 : T 2.5 sec
 - d_sub 400 : OOB 0.3420 : L 43 : T 2.5 sec
 - d_sub 400 : OOB 0.3401 : L 44 : T 2.6 sec
 - d_sub 400 : OOB 0.3405 : L 45 : T 2.7 sec
 - d_sub 400 : OOB 0.3405 : L 46 : T 2.7 sec
 - d_sub 400 : OOB 0.3416 : L 47 : T 2.8 sec
 - d_sub 400 : OOB 0.3408 : L 48 : T 2.8 sec
 - d_sub 400 : OOB 0.3438 : L 49 : T 2.9 sec
 - d_sub 400 : OOB 0.3429 : L 50 : T 2.9 sec
 - d_sub 400 : OOB 0.3410 : L 51 : T 3.0 sec
 - d_sub 400 : OOB 0.3414 : L 52 : T 3.1 sec
 - d_sub 400 : OOB 0.3421 : L 53 : T 3.1 sec
 - d_sub 400 : OOB 0.3405 : L 54 : T 3.2 sec
 - d_sub 400 : OOB 0.3413 : L 55 : T 3.2 sec
 - d_sub 400 : OOB 0.3408 : L 56 : T 3.3 sec
 - d_sub 400 : OOB 0.3426 : L 57 : T 3.3 sec
 - d_sub 400 : OOB 0.3406 : L 58 : T 3.4 sec
 - d_sub 400 : OOB 0.3410 : L 59 : T 3.5 sec
 - d_sub 400 : OOB 0.3394 : L 60 : T 3.5 sec
 - d_sub 400 : OOB 0.3390 : L 61 : T 3.6 sec
 - d_sub 400 : OOB 0.3406 : L 62 : T 3.6 sec
 - d_sub 400 : OOB 0.3381 : L 63 : T 3.7 sec
 - d_sub 400 : OOB 0.3387 : L 64 : T 3.8 sec
 - d_sub 400 : OOB 0.3384 : L 65 : T 3.8 sec
 - d_sub 400 : OOB 0.3383 : L 66 : T 3.9 sec
 - d_sub 400 : OOB 0.3369 : L 67 : T 3.9 sec
 - d_sub 400 : OOB 0.3388 : L 68 : T 4.0 sec
 - d_sub 400 : OOB 0.3371 : L 69 : T 4.1 sec
 - d_sub 400 : OOB 0.3364 : L 70 : T 4.1 sec
 - d_sub 400 : OOB 0.3367 : L 71 : T 4.2 sec
 - d_sub 400 : OOB 0.3363 : L 72 : T 4.2 sec
 - d_sub 400 : OOB 0.3357 : L 73 : T 4.3 sec
 - d_sub 400 : OOB 0.3357 : L 74 : T 4.4 sec
 - d_sub 400 : OOB 0.3352 : L 75 : T 4.4 sec
 - d_sub 400 : OOB 0.3356 : L 76 : T 4.5 sec
 - d_sub 400 : OOB 0.3371 : L 77 : T 4.6 sec
 - d_sub 400 : OOB 0.3366 : L 78 : T 4.6 sec
 - d_sub 400 : OOB 0.3365 : L 79 : T 4.7 sec
 - d_sub 400 : OOB 0.3351 : L 80 : T 4.7 sec
 - d_sub 400 : OOB 0.3358 : L 81 : T 4.8 sec
 - d_sub 400 : OOB 0.3361 : L 82 : T 4.9 sec
 - d_sub 400 : OOB 0.3352 : L 83 : T 4.9 sec
 - d_sub 400 : OOB 0.3353 : L 84 : T 5.0 sec
 - d_sub 400 : OOB 0.3350 : L 85 : T 5.0 sec
 - d_sub 400 : OOB 0.3345 : L 86 : T 5.1 sec
 - d_sub 400 : OOB 0.3341 : L 87 : T 5.2 sec
 - d_sub 400 : OOB 0.3349 : L 88 : T 5.2 sec
 - d_sub 400 : OOB 0.3346 : L 89 : T 5.3 sec
 - d_sub 400 : OOB 0.3340 : L 90 : T 5.4 sec
 - d_sub 400 : OOB 0.3360 : L 91 : T 5.4 sec
 - d_sub 400 : OOB 0.3350 : L 92 : T 5.5 sec
 - d_sub 400 : OOB 0.3345 : L 93 : T 5.5 sec
 - d_sub 400 : OOB 0.3332 : L 94 : T 5.6 sec
 - d_sub 400 : OOB 0.3342 : L 95 : T 5.7 sec
 - d_sub 400 : OOB 0.3339 : L 96 : T 5.7 sec
 - d_sub 400 : OOB 0.3326 : L 97 : T 5.8 sec
 - d_sub 400 : OOB 0.3327 : L 98 : T 5.9 sec
 - d_sub 400 : OOB 0.3348 : L 99 : T 5.9 sec
 - d_sub 400 : OOB 0.3353 : L 100 : T 6.0 sec
 - d_sub 400 : OOB 0.3349 : L 101 : T 6.0 sec
 - d_sub 400 : OOB 0.3327 : L 102 : T 6.1 sec
 - d_sub 400 : OOB 0.3330 : L 103 : T 6.2 sec
 - d_sub 400 : OOB 0.3333 : L 104 : T 6.2 sec
 - d_sub 400 : OOB 0.3332 : L 105 : T 6.3 sec
 - d_sub 400 : OOB 0.3326 : L 106 : T 6.4 sec
 - d_sub 400 : OOB 0.3338 : L 107 : T 6.4 sec
 - d_sub 400 : OOB 0.3340 : L 108 : T 6.5 sec
 - d_sub 400 : OOB 0.3336 : L 109 : T 6.6 sec
 - d_sub 400 : OOB 0.3311 : L 110 : T 6.6 sec
 - d_sub 400 : OOB 0.3339 : L 111 : T 6.7 sec
 - d_sub 400 : OOB 0.3324 : L 112 : T 6.7 sec
 - d_sub 400 : OOB 0.3326 : L 113 : T 6.8 sec
 - d_sub 400 : OOB 0.3330 : L 114 : T 6.9 sec
 - d_sub 400 : OOB 0.3324 : L 115 : T 6.9 sec

 - d_sub 600 : OOB 0.4463 : L 1 : T 0.1 sec
 - d_sub 600 : OOB 0.4100 : L 2 : T 0.2 sec
 - d_sub 600 : OOB 0.3956 : L 3 : T 0.3 sec
 - d_sub 600 : OOB 0.3802 : L 4 : T 0.4 sec
 - d_sub 600 : OOB 0.3690 : L 5 : T 0.5 sec
 - d_sub 600 : OOB 0.3658 : L 6 : T 0.6 sec
 - d_sub 600 : OOB 0.3563 : L 7 : T 0.7 sec
 - d_sub 600 : OOB 0.3486 : L 8 : T 0.8 sec
 - d_sub 600 : OOB 0.3437 : L 9 : T 0.9 sec
 - d_sub 600 : OOB 0.3445 : L 10 : T 1.0 sec
 - d_sub 600 : OOB 0.3387 : L 11 : T 1.1 sec
 - d_sub 600 : OOB 0.3385 : L 12 : T 1.2 sec
 - d_sub 600 : OOB 0.3392 : L 13 : T 1.3 sec
 - d_sub 600 : OOB 0.3372 : L 14 : T 1.4 sec
 - d_sub 600 : OOB 0.3392 : L 15 : T 1.5 sec
 - d_sub 600 : OOB 0.3351 : L 16 : T 1.6 sec
 - d_sub 600 : OOB 0.3360 : L 17 : T 1.7 sec
 - d_sub 600 : OOB 0.3355 : L 18 : T 1.8 sec
 - d_sub 600 : OOB 0.3340 : L 19 : T 1.9 sec
 - d_sub 600 : OOB 0.3337 : L 20 : T 2.0 sec
 - d_sub 600 : OOB 0.3309 : L 21 : T 2.1 sec
 - d_sub 600 : OOB 0.3300 : L 22 : T 2.2 sec
 - d_sub 600 : OOB 0.3269 : L 23 : T 2.3 sec
 - d_sub 600 : OOB 0.3268 : L 24 : T 2.4 sec
 - d_sub 600 : OOB 0.3282 : L 25 : T 2.5 sec
 - d_sub 600 : OOB 0.3274 : L 26 : T 2.6 sec
 - d_sub 600 : OOB 0.3265 : L 27 : T 2.7 sec
 - d_sub 600 : OOB 0.3251 : L 28 : T 2.8 sec
 - d_sub 600 : OOB 0.3253 : L 29 : T 2.8 sec
 - d_sub 600 : OOB 0.3247 : L 30 : T 2.9 sec
 - d_sub 600 : OOB 0.3271 : L 31 : T 3.0 sec
 - d_sub 600 : OOB 0.3236 : L 32 : T 3.2 sec
 - d_sub 600 : OOB 0.3251 : L 33 : T 3.2 sec
 - d_sub 600 : OOB 0.3235 : L 34 : T 3.3 sec
 - d_sub 600 : OOB 0.3241 : L 35 : T 3.4 sec
 - d_sub 600 : OOB 0.3232 : L 36 : T 3.6 sec
 - d_sub 600 : OOB 0.3240 : L 37 : T 3.7 sec
 - d_sub 600 : OOB 0.3236 : L 38 : T 3.8 sec
 - d_sub 600 : OOB 0.3245 : L 39 : T 3.9 sec
 - d_sub 600 : OOB 0.3236 : L 40 : T 4.0 sec
 - d_sub 600 : OOB 0.3225 : L 41 : T 4.1 sec
 - d_sub 600 : OOB 0.3222 : L 42 : T 4.2 sec
 - d_sub 600 : OOB 0.3234 : L 43 : T 4.3 sec
 - d_sub 600 : OOB 0.3230 : L 44 : T 4.4 sec
 - d_sub 600 : OOB 0.3230 : L 45 : T 4.5 sec
 - d_sub 600 : OOB 0.3238 : L 46 : T 4.6 sec
 - d_sub 600 : OOB 0.3259 : L 47 : T 4.7 sec
 - d_sub 600 : OOB 0.3229 : L 48 : T 4.8 sec
 - d_sub 600 : OOB 0.3238 : L 49 : T 5.0 sec
 - d_sub 600 : OOB 0.3238 : L 50 : T 5.1 sec
 - d_sub 600 : OOB 0.3223 : L 51 : T 5.2 sec
 - d_sub 600 : OOB 0.3207 : L 52 : T 5.3 sec
 - d_sub 600 : OOB 0.3229 : L 53 : T 5.4 sec
 - d_sub 600 : OOB 0.3213 : L 54 : T 5.5 sec
 - d_sub 600 : OOB 0.3242 : L 55 : T 5.6 sec
 - d_sub 600 : OOB 0.3239 : L 56 : T 5.7 sec
 - d_sub 600 : OOB 0.3226 : L 57 : T 5.8 sec
 - d_sub 600 : OOB 0.3198 : L 58 : T 5.9 sec
 - d_sub 600 : OOB 0.3219 : L 59 : T 6.0 sec
 - d_sub 600 : OOB 0.3227 : L 60 : T 6.1 sec
 - d_sub 600 : OOB 0.3212 : L 61 : T 6.2 sec
 - d_sub 600 : OOB 0.3217 : L 62 : T 6.3 sec
 - d_sub 600 : OOB 0.3252 : L 63 : T 6.4 sec
 - d_sub 600 : OOB 0.3233 : L 64 : T 6.5 sec
 - d_sub 600 : OOB 0.3230 : L 65 : T 6.6 sec
 - d_sub 600 : OOB 0.3228 : L 66 : T 6.7 sec
 - d_sub 600 : OOB 0.3243 : L 67 : T 6.8 sec
 - d_sub 600 : OOB 0.3234 : L 68 : T 6.9 sec
 - d_sub 600 : OOB 0.3237 : L 69 : T 7.0 sec
 - d_sub 600 : OOB 0.3226 : L 70 : T 7.1 sec
 - d_sub 600 : OOB 0.3236 : L 71 : T 7.2 sec
 - d_sub 600 : OOB 0.3241 : L 72 : T 7.3 sec
 - d_sub 600 : OOB 0.3234 : L 73 : T 7.4 sec
 - d_sub 600 : OOB 0.3236 : L 74 : T 7.5 sec
 - d_sub 600 : OOB 0.3220 : L 75 : T 7.6 sec

 - d_sub 800 : OOB 0.4491 : L 1 : T 0.2 sec
 - d_sub 800 : OOB 0.4111 : L 2 : T 0.3 sec
 - d_sub 800 : OOB 0.3933 : L 3 : T 0.5 sec
 - d_sub 800 : OOB 0.3817 : L 4 : T 0.6 sec
 - d_sub 800 : OOB 0.3705 : L 5 : T 0.8 sec
 - d_sub 800 : OOB 0.3646 : L 6 : T 0.9 sec
 - d_sub 800 : OOB 0.3595 : L 7 : T 1.1 sec
 - d_sub 800 : OOB 0.3515 : L 8 : T 1.2 sec
 - d_sub 800 : OOB 0.3477 : L 9 : T 1.3 sec
 - d_sub 800 : OOB 0.3449 : L 10 : T 1.5 sec
 - d_sub 800 : OOB 0.3399 : L 11 : T 1.6 sec
 - d_sub 800 : OOB 0.3410 : L 12 : T 1.8 sec
 - d_sub 800 : OOB 0.3423 : L 13 : T 1.9 sec
 - d_sub 800 : OOB 0.3371 : L 14 : T 2.1 sec
 - d_sub 800 : OOB 0.3389 : L 15 : T 2.2 sec
 - d_sub 800 : OOB 0.3344 : L 16 : T 2.4 sec
 - d_sub 800 : OOB 0.3370 : L 17 : T 2.5 sec
 - d_sub 800 : OOB 0.3333 : L 18 : T 2.7 sec
 - d_sub 800 : OOB 0.3324 : L 19 : T 2.8 sec
 - d_sub 800 : OOB 0.3321 : L 20 : T 3.0 sec
 - d_sub 800 : OOB 0.3334 : L 21 : T 3.1 sec
 - d_sub 800 : OOB 0.3316 : L 22 : T 3.3 sec
 - d_sub 800 : OOB 0.3310 : L 23 : T 3.4 sec
 - d_sub 800 : OOB 0.3293 : L 24 : T 3.6 sec
 - d_sub 800 : OOB 0.3258 : L 25 : T 3.7 sec
 - d_sub 800 : OOB 0.3274 : L 26 : T 3.8 sec
 - d_sub 800 : OOB 0.3258 : L 27 : T 4.0 sec
 - d_sub 800 : OOB 0.3260 : L 28 : T 4.1 sec
 - d_sub 800 : OOB 0.3242 : L 29 : T 4.3 sec
 - d_sub 800 : OOB 0.3230 : L 30 : T 4.4 sec
 - d_sub 800 : OOB 0.3209 : L 31 : T 4.6 sec
 - d_sub 800 : OOB 0.3239 : L 32 : T 4.7 sec
 - d_sub 800 : OOB 0.3217 : L 33 : T 4.9 sec
 - d_sub 800 : OOB 0.3184 : L 34 : T 5.0 sec
 - d_sub 800 : OOB 0.3198 : L 35 : T 5.2 sec
 - d_sub 800 : OOB 0.3189 : L 36 : T 5.3 sec
 - d_sub 800 : OOB 0.3198 : L 37 : T 5.5 sec
 - d_sub 800 : OOB 0.3194 : L 38 : T 5.6 sec
 - d_sub 800 : OOB 0.3184 : L 39 : T 5.8 sec
 - d_sub 800 : OOB 0.3195 : L 40 : T 5.9 sec
 - d_sub 800 : OOB 0.3191 : L 41 : T 6.1 sec
 - d_sub 800 : OOB 0.3182 : L 42 : T 6.2 sec
 - d_sub 800 : OOB 0.3163 : L 43 : T 6.4 sec
 - d_sub 800 : OOB 0.3171 : L 44 : T 6.6 sec
 - d_sub 800 : OOB 0.3155 : L 45 : T 6.7 sec
 - d_sub 800 : OOB 0.3164 : L 46 : T 6.9 sec
 - d_sub 800 : OOB 0.3159 : L 47 : T 7.0 sec
 - d_sub 800 : OOB 0.3170 : L 48 : T 7.2 sec
 - d_sub 800 : OOB 0.3176 : L 49 : T 7.3 sec
 - d_sub 800 : OOB 0.3161 : L 50 : T 7.5 sec
 - d_sub 800 : OOB 0.3147 : L 51 : T 7.6 sec
 - d_sub 800 : OOB 0.3178 : L 52 : T 7.7 sec
 - d_sub 800 : OOB 0.3160 : L 53 : T 7.9 sec
 - d_sub 800 : OOB 0.3165 : L 54 : T 8.1 sec
 - d_sub 800 : OOB 0.3170 : L 55 : T 8.2 sec
 - d_sub 800 : OOB 0.3158 : L 56 : T 8.4 sec
 - d_sub 800 : OOB 0.3143 : L 57 : T 8.5 sec
 - d_sub 800 : OOB 0.3135 : L 58 : T 8.6 sec
 - d_sub 800 : OOB 0.3125 : L 59 : T 8.8 sec
 - d_sub 800 : OOB 0.3142 : L 60 : T 8.9 sec
 - d_sub 800 : OOB 0.3132 : L 61 : T 9.1 sec
 - d_sub 800 : OOB 0.3139 : L 62 : T 9.2 sec
 - d_sub 800 : OOB 0.3127 : L 63 : T 9.4 sec
 - d_sub 800 : OOB 0.3140 : L 64 : T 9.5 sec
 - d_sub 800 : OOB 0.3126 : L 65 : T 9.6 sec
 - d_sub 800 : OOB 0.3122 : L 66 : T 9.8 sec
 - d_sub 800 : OOB 0.3146 : L 67 : T 9.9 sec
 - d_sub 800 : OOB 0.3126 : L 68 : T 10.1 sec
 - d_sub 800 : OOB 0.3137 : L 69 : T 10.2 sec
 - d_sub 800 : OOB 0.3133 : L 70 : T 10.3 sec
 - d_sub 800 : OOB 0.3118 : L 71 : T 10.5 sec
 - d_sub 800 : OOB 0.3108 : L 72 : T 10.6 sec
 - d_sub 800 : OOB 0.3097 : L 73 : T 10.8 sec
 - d_sub 800 : OOB 0.3119 : L 74 : T 10.9 sec
 - d_sub 800 : OOB 0.3132 : L 75 : T 11.1 sec
 - d_sub 800 : OOB 0.3127 : L 76 : T 11.2 sec
 - d_sub 800 : OOB 0.3129 : L 77 : T 11.4 sec
 - d_sub 800 : OOB 0.3118 : L 78 : T 11.5 sec
 - d_sub 800 : OOB 0.3111 : L 79 : T 11.6 sec
 - d_sub 800 : OOB 0.3127 : L 80 : T 11.8 sec
 - d_sub 800 : OOB 0.3117 : L 81 : T 11.9 sec
 - d_sub 800 : OOB 0.3114 : L 82 : T 12.1 sec
 - d_sub 800 : OOB 0.3108 : L 83 : T 12.2 sec
 - d_sub 800 : OOB 0.3126 : L 84 : T 12.3 sec
 - d_sub 800 : OOB 0.3132 : L 85 : T 12.5 sec
 - d_sub 800 : OOB 0.3124 : L 86 : T 12.6 sec
 - d_sub 800 : OOB 0.3123 : L 87 : T 12.8 sec
 - d_sub 800 : OOB 0.3135 : L 88 : T 12.9 sec
 - d_sub 800 : OOB 0.3127 : L 89 : T 13.0 sec
 - d_sub 800 : OOB 0.3107 : L 90 : T 13.2 sec
 - d_sub 800 : OOB 0.3115 : L 91 : T 13.3 sec
 - d_sub 800 : OOB 0.3105 : L 92 : T 13.5 sec
 - d_sub 800 : OOB 0.3109 : L 93 : T 13.6 sec
 - d_sub 800 : OOB 0.3119 : L 94 : T 13.8 sec
 - d_sub 800 : OOB 0.3110 : L 95 : T 13.9 sec
 - d_sub 800 : OOB 0.3118 : L 96 : T 14.1 sec
 - d_sub 800 : OOB 0.3101 : L 97 : T 14.2 sec
 - d_sub 800 : OOB 0.3117 : L 98 : T 14.4 sec
 - d_sub 800 : OOB 0.3126 : L 99 : T 14.5 sec
 - d_sub 800 : OOB 0.3116 : L 100 : T 14.6 sec
 - d_sub 800 : OOB 0.3099 : L 101 : T 14.8 sec
 - d_sub 800 : OOB 0.3116 : L 102 : T 14.9 sec

 - d_sub 1000 : OOB 0.4464 : L 1 : T 0.2 sec
 - d_sub 1000 : OOB 0.4102 : L 2 : T 0.4 sec
 - d_sub 1000 : OOB 0.3888 : L 3 : T 0.6 sec
 - d_sub 1000 : OOB 0.3786 : L 4 : T 0.8 sec
 - d_sub 1000 : OOB 0.3640 : L 5 : T 1.0 sec
 - d_sub 1000 : OOB 0.3576 : L 6 : T 1.2 sec
 - d_sub 1000 : OOB 0.3485 : L 7 : T 1.4 sec
 - d_sub 1000 : OOB 0.3429 : L 8 : T 1.6 sec
 - d_sub 1000 : OOB 0.3391 : L 9 : T 1.8 sec
 - d_sub 1000 : OOB 0.3341 : L 10 : T 2.0 sec
 - d_sub 1000 : OOB 0.3301 : L 11 : T 2.2 sec
 - d_sub 1000 : OOB 0.3306 : L 12 : T 2.4 sec
 - d_sub 1000 : OOB 0.3291 : L 13 : T 2.6 sec
 - d_sub 1000 : OOB 0.3276 : L 14 : T 2.8 sec
 - d_sub 1000 : OOB 0.3256 : L 15 : T 3.0 sec
 - d_sub 1000 : OOB 0.3234 : L 16 : T 3.2 sec
 - d_sub 1000 : OOB 0.3234 : L 17 : T 3.4 sec
 - d_sub 1000 : OOB 0.3248 : L 18 : T 3.6 sec
 - d_sub 1000 : OOB 0.3217 : L 19 : T 3.8 sec
 - d_sub 1000 : OOB 0.3234 : L 20 : T 4.0 sec
 - d_sub 1000 : OOB 0.3215 : L 21 : T 4.3 sec
 - d_sub 1000 : OOB 0.3223 : L 22 : T 4.5 sec
 - d_sub 1000 : OOB 0.3236 : L 23 : T 4.7 sec
 - d_sub 1000 : OOB 0.3200 : L 24 : T 4.8 sec
 - d_sub 1000 : OOB 0.3196 : L 25 : T 5.1 sec
 - d_sub 1000 : OOB 0.3182 : L 26 : T 5.3 sec
 - d_sub 1000 : OOB 0.3163 : L 27 : T 5.4 sec
 - d_sub 1000 : OOB 0.3160 : L 28 : T 5.6 sec
 - d_sub 1000 : OOB 0.3178 : L 29 : T 5.8 sec
 - d_sub 1000 : OOB 0.3145 : L 30 : T 6.0 sec
 - d_sub 1000 : OOB 0.3148 : L 31 : T 6.2 sec
 - d_sub 1000 : OOB 0.3150 : L 32 : T 6.4 sec
 - d_sub 1000 : OOB 0.3162 : L 33 : T 6.6 sec
 - d_sub 1000 : OOB 0.3154 : L 34 : T 6.8 sec
 - d_sub 1000 : OOB 0.3158 : L 35 : T 7.0 sec
 - d_sub 1000 : OOB 0.3153 : L 36 : T 7.2 sec
 - d_sub 1000 : OOB 0.3143 : L 37 : T 7.4 sec
 - d_sub 1000 : OOB 0.3171 : L 38 : T 7.6 sec
 - d_sub 1000 : OOB 0.3160 : L 39 : T 7.8 sec
 - d_sub 1000 : OOB 0.3169 : L 40 : T 8.0 sec
 - d_sub 1000 : OOB 0.3143 : L 41 : T 8.2 sec
 - d_sub 1000 : OOB 0.3140 : L 42 : T 8.4 sec
 - d_sub 1000 : OOB 0.3132 : L 43 : T 8.6 sec
 - d_sub 1000 : OOB 0.3120 : L 44 : T 8.8 sec
 - d_sub 1000 : OOB 0.3134 : L 45 : T 9.0 sec
 - d_sub 1000 : OOB 0.3145 : L 46 : T 9.2 sec
 - d_sub 1000 : OOB 0.3144 : L 47 : T 9.3 sec
 - d_sub 1000 : OOB 0.3140 : L 48 : T 9.5 sec
 - d_sub 1000 : OOB 0.3164 : L 49 : T 9.7 sec
 - d_sub 1000 : OOB 0.3143 : L 50 : T 10.0 sec
 - d_sub 1000 : OOB 0.3151 : L 51 : T 10.2 sec
 - d_sub 1000 : OOB 0.3138 : L 52 : T 10.4 sec
 - d_sub 1000 : OOB 0.3130 : L 53 : T 10.6 sec
 - d_sub 1000 : OOB 0.3101 : L 54 : T 10.8 sec
 - d_sub 1000 : OOB 0.3137 : L 55 : T 11.0 sec
 - d_sub 1000 : OOB 0.3121 : L 56 : T 11.2 sec
 - d_sub 1000 : OOB 0.3122 : L 57 : T 11.4 sec
 - d_sub 1000 : OOB 0.3110 : L 58 : T 11.7 sec
 - d_sub 1000 : OOB 0.3101 : L 59 : T 11.9 sec
 - d_sub 1000 : OOB 0.3121 : L 60 : T 12.1 sec
 - d_sub 1000 : OOB 0.3112 : L 61 : T 12.3 sec
 - d_sub 1000 : OOB 0.3122 : L 62 : T 12.5 sec
 - d_sub 1000 : OOB 0.3120 : L 63 : T 12.7 sec
 - d_sub 1000 : OOB 0.3130 : L 64 : T 12.9 sec
 - d_sub 1000 : OOB 0.3098 : L 65 : T 13.1 sec
 - d_sub 1000 : OOB 0.3103 : L 66 : T 13.4 sec
 - d_sub 1000 : OOB 0.3103 : L 67 : T 13.6 sec
 - d_sub 1000 : OOB 0.3086 : L 68 : T 13.8 sec
 - d_sub 1000 : OOB 0.3099 : L 69 : T 14.0 sec
 - d_sub 1000 : OOB 0.3091 : L 70 : T 14.2 sec
 - d_sub 1000 : OOB 0.3068 : L 71 : T 14.4 sec
 - d_sub 1000 : OOB 0.3052 : L 72 : T 14.6 sec
 - d_sub 1000 : OOB 0.3077 : L 73 : T 14.8 sec
 - d_sub 1000 : OOB 0.3082 : L 74 : T 15.0 sec
 - d_sub 1000 : OOB 0.3074 : L 75 : T 15.2 sec
 - d_sub 1000 : OOB 0.3074 : L 76 : T 15.4 sec
 - d_sub 1000 : OOB 0.3064 : L 77 : T 15.6 sec
 - d_sub 1000 : OOB 0.3082 : L 78 : T 15.8 sec
 - d_sub 1000 : OOB 0.3065 : L 79 : T 16.0 sec
 - d_sub 1000 : OOB 0.3063 : L 80 : T 16.2 sec
 - d_sub 1000 : OOB 0.3060 : L 81 : T 16.4 sec
 - d_sub 1000 : OOB 0.3067 : L 82 : T 16.6 sec
 - d_sub 1000 : OOB 0.3051 : L 83 : T 16.8 sec
 - d_sub 1000 : OOB 0.3053 : L 84 : T 17.0 sec
 - d_sub 1000 : OOB 0.3064 : L 85 : T 17.2 sec
 - d_sub 1000 : OOB 0.3051 : L 86 : T 17.4 sec
 - d_sub 1000 : OOB 0.3065 : L 87 : T 17.7 sec
 - d_sub 1000 : OOB 0.3062 : L 88 : T 17.9 sec
 - d_sub 1000 : OOB 0.3059 : L 89 : T 18.1 sec
 - d_sub 1000 : OOB 0.3061 : L 90 : T 18.3 sec
 - d_sub 1000 : OOB 0.3061 : L 91 : T 18.5 sec
 - d_sub 1000 : OOB 0.3068 : L 92 : T 18.7 sec
 - d_sub 1000 : OOB 0.3059 : L 93 : T 18.9 sec
 - d_sub 1000 : OOB 0.3072 : L 94 : T 19.1 sec
 - d_sub 1000 : OOB 0.3074 : L 95 : T 19.3 sec
 - d_sub 1000 : OOB 0.3073 : L 96 : T 19.5 sec
 - d_sub 1000 : OOB 0.3076 : L 97 : T 19.7 sec
 - d_sub 1000 : OOB 0.3066 : L 98 : T 19.9 sec
 - d_sub 1000 : OOB 0.3058 : L 99 : T 20.2 sec
 - d_sub 1000 : OOB 0.3064 : L 100 : T 20.4 sec
 - d_sub 1000 : OOB 0.3068 : L 101 : T 20.6 sec
 - d_sub 1000 : OOB 0.3062 : L 102 : T 20.8 sec
 - d_sub 1000 : OOB 0.3079 : L 103 : T 21.0 sec
 - d_sub 1000 : OOB 0.3067 : L 104 : T 21.2 sec
 - d_sub 1000 : OOB 0.3066 : L 105 : T 21.4 sec
 - d_sub 1000 : OOB 0.3082 : L 106 : T 21.6 sec
 - d_sub 1000 : OOB 0.3073 : L 107 : T 21.8 sec
 - d_sub 1000 : OOB 0.3069 : L 108 : T 22.0 sec
 - d_sub 1000 : OOB 0.3062 : L 109 : T 22.2 sec
 - d_sub 1000 : OOB 0.3051 : L 110 : T 22.4 sec
 - d_sub 1000 : OOB 0.3058 : L 111 : T 22.6 sec
 - d_sub 1000 : OOB 0.3056 : L 112 : T 22.8 sec
 - d_sub 1000 : OOB 0.3053 : L 113 : T 23.0 sec

 - d_sub 1200 : OOB 0.4485 : L 1 : T 0.2 sec
 - d_sub 1200 : OOB 0.4108 : L 2 : T 0.5 sec
 - d_sub 1200 : OOB 0.3885 : L 3 : T 0.7 sec
 - d_sub 1200 : OOB 0.3752 : L 4 : T 1.0 sec
 - d_sub 1200 : OOB 0.3605 : L 5 : T 1.2 sec
 - d_sub 1200 : OOB 0.3510 : L 6 : T 1.5 sec
 - d_sub 1200 : OOB 0.3480 : L 7 : T 1.8 sec
 - d_sub 1200 : OOB 0.3417 : L 8 : T 2.0 sec
 - d_sub 1200 : OOB 0.3365 : L 9 : T 2.3 sec
 - d_sub 1200 : OOB 0.3341 : L 10 : T 2.5 sec
 - d_sub 1200 : OOB 0.3323 : L 11 : T 2.8 sec
 - d_sub 1200 : OOB 0.3306 : L 12 : T 3.0 sec
 - d_sub 1200 : OOB 0.3238 : L 13 : T 3.3 sec
 - d_sub 1200 : OOB 0.3283 : L 14 : T 3.6 sec
 - d_sub 1200 : OOB 0.3199 : L 15 : T 3.9 sec
 - d_sub 1200 : OOB 0.3227 : L 16 : T 4.1 sec
 - d_sub 1200 : OOB 0.3203 : L 17 : T 4.4 sec
 - d_sub 1200 : OOB 0.3208 : L 18 : T 4.6 sec
 - d_sub 1200 : OOB 0.3194 : L 19 : T 4.9 sec
 - d_sub 1200 : OOB 0.3184 : L 20 : T 5.1 sec
 - d_sub 1200 : OOB 0.3186 : L 21 : T 5.3 sec
 - d_sub 1200 : OOB 0.3166 : L 22 : T 5.6 sec
 - d_sub 1200 : OOB 0.3155 : L 23 : T 5.8 sec
 - d_sub 1200 : OOB 0.3145 : L 24 : T 6.1 sec
 - d_sub 1200 : OOB 0.3139 : L 25 : T 6.4 sec
 - d_sub 1200 : OOB 0.3128 : L 26 : T 6.7 sec
 - d_sub 1200 : OOB 0.3125 : L 27 : T 6.9 sec
 - d_sub 1200 : OOB 0.3118 : L 28 : T 7.2 sec
 - d_sub 1200 : OOB 0.3138 : L 29 : T 7.4 sec
 - d_sub 1200 : OOB 0.3115 : L 30 : T 7.7 sec
 - d_sub 1200 : OOB 0.3095 : L 31 : T 7.9 sec
 - d_sub 1200 : OOB 0.3101 : L 32 : T 8.1 sec
 - d_sub 1200 : OOB 0.3115 : L 33 : T 8.3 sec
 - d_sub 1200 : OOB 0.3091 : L 34 : T 8.6 sec
 - d_sub 1200 : OOB 0.3087 : L 35 : T 8.8 sec
 - d_sub 1200 : OOB 0.3096 : L 36 : T 9.0 sec
 - d_sub 1200 : OOB 0.3084 : L 37 : T 9.3 sec
 - d_sub 1200 : OOB 0.3081 : L 38 : T 9.6 sec
 - d_sub 1200 : OOB 0.3100 : L 39 : T 9.8 sec
 - d_sub 1200 : OOB 0.3069 : L 40 : T 10.1 sec
 - d_sub 1200 : OOB 0.3099 : L 41 : T 10.3 sec
 - d_sub 1200 : OOB 0.3079 : L 42 : T 10.6 sec
 - d_sub 1200 : OOB 0.3093 : L 43 : T 10.8 sec
 - d_sub 1200 : OOB 0.3074 : L 44 : T 11.0 sec
 - d_sub 1200 : OOB 0.3070 : L 45 : T 11.3 sec
 - d_sub 1200 : OOB 0.3090 : L 46 : T 11.5 sec
 - d_sub 1200 : OOB 0.3086 : L 47 : T 11.8 sec
 - d_sub 1200 : OOB 0.3076 : L 48 : T 12.0 sec
 - d_sub 1200 : OOB 0.3083 : L 49 : T 12.2 sec
 - d_sub 1200 : OOB 0.3060 : L 50 : T 12.5 sec
 - d_sub 1200 : OOB 0.3072 : L 51 : T 12.7 sec
 - d_sub 1200 : OOB 0.3075 : L 52 : T 12.9 sec
 - d_sub 1200 : OOB 0.3058 : L 53 : T 13.2 sec
 - d_sub 1200 : OOB 0.3092 : L 54 : T 13.4 sec
 - d_sub 1200 : OOB 0.3085 : L 55 : T 13.7 sec
 - d_sub 1200 : OOB 0.3082 : L 56 : T 13.9 sec
 - d_sub 1200 : OOB 0.3084 : L 57 : T 14.1 sec
 - d_sub 1200 : OOB 0.3072 : L 58 : T 14.4 sec
 - d_sub 1200 : OOB 0.3056 : L 59 : T 14.6 sec
 - d_sub 1200 : OOB 0.3091 : L 60 : T 14.8 sec
 - d_sub 1200 : OOB 0.3087 : L 61 : T 15.1 sec
 - d_sub 1200 : OOB 0.3057 : L 62 : T 15.3 sec
 - d_sub 1200 : OOB 0.3071 : L 63 : T 15.5 sec
 - d_sub 1200 : OOB 0.3065 : L 64 : T 15.8 sec
 - d_sub 1200 : OOB 0.3061 : L 65 : T 16.0 sec
 - d_sub 1200 : OOB 0.3066 : L 66 : T 16.3 sec
 - d_sub 1200 : OOB 0.3042 : L 67 : T 16.5 sec
 - d_sub 1200 : OOB 0.3047 : L 68 : T 16.8 sec
 - d_sub 1200 : OOB 0.3045 : L 69 : T 17.1 sec
 - d_sub 1200 : OOB 0.3035 : L 70 : T 17.3 sec
 - d_sub 1200 : OOB 0.3026 : L 71 : T 17.6 sec
 - d_sub 1200 : OOB 0.3050 : L 72 : T 17.9 sec
 - d_sub 1200 : OOB 0.3038 : L 73 : T 18.1 sec
 - d_sub 1200 : OOB 0.3042 : L 74 : T 18.4 sec
 - d_sub 1200 : OOB 0.3027 : L 75 : T 18.6 sec
 - d_sub 1200 : OOB 0.3024 : L 76 : T 18.9 sec
 - d_sub 1200 : OOB 0.3036 : L 77 : T 19.2 sec
 - d_sub 1200 : OOB 0.3036 : L 78 : T 19.4 sec
 - d_sub 1200 : OOB 0.3037 : L 79 : T 19.7 sec
 - d_sub 1200 : OOB 0.3033 : L 80 : T 20.0 sec
 - d_sub 1200 : OOB 0.3028 : L 81 : T 20.2 sec
 - d_sub 1200 : OOB 0.3025 : L 82 : T 20.5 sec
 - d_sub 1200 : OOB 0.3016 : L 83 : T 20.8 sec
 - d_sub 1200 : OOB 0.3022 : L 84 : T 21.0 sec
 - d_sub 1200 : OOB 0.3012 : L 85 : T 21.3 sec
 - d_sub 1200 : OOB 0.3020 : L 86 : T 21.6 sec
 - d_sub 1200 : OOB 0.3003 : L 87 : T 21.9 sec
 - d_sub 1200 : OOB 0.2997 : L 88 : T 22.1 sec
 - d_sub 1200 : OOB 0.3003 : L 89 : T 22.4 sec
 - d_sub 1200 : OOB 0.3020 : L 90 : T 22.7 sec
 - d_sub 1200 : OOB 0.3028 : L 91 : T 22.9 sec
 - d_sub 1200 : OOB 0.3021 : L 92 : T 23.2 sec
 - d_sub 1200 : OOB 0.3016 : L 93 : T 23.4 sec
 - d_sub 1200 : OOB 0.3020 : L 94 : T 23.7 sec
 - d_sub 1200 : OOB 0.3020 : L 95 : T 24.0 sec
 - d_sub 1200 : OOB 0.3016 : L 96 : T 24.2 sec
 - d_sub 1200 : OOB 0.3017 : L 97 : T 24.5 sec
 - d_sub 1200 : OOB 0.3029 : L 98 : T 24.8 sec
 - d_sub 1200 : OOB 0.3030 : L 99 : T 25.1 sec
 - d_sub 1200 : OOB 0.3034 : L 100 : T 25.3 sec
 - d_sub 1200 : OOB 0.3032 : L 101 : T 25.6 sec
 - d_sub 1200 : OOB 0.3025 : L 102 : T 25.9 sec
 - d_sub 1200 : OOB 0.3031 : L 103 : T 26.1 sec
 - d_sub 1200 : OOB 0.3025 : L 104 : T 26.4 sec
 - d_sub 1200 : OOB 0.3034 : L 105 : T 26.7 sec
 - d_sub 1200 : OOB 0.3023 : L 106 : T 26.9 sec
 - d_sub 1200 : OOB 0.3034 : L 107 : T 27.2 sec
 - d_sub 1200 : OOB 0.3010 : L 108 : T 27.4 sec
 - d_sub 1200 : OOB 0.3025 : L 109 : T 27.7 sec
 - d_sub 1200 : OOB 0.3016 : L 110 : T 28.0 sec
 - d_sub 1200 : OOB 0.3011 : L 111 : T 28.2 sec
 - d_sub 1200 : OOB 0.3017 : L 112 : T 28.5 sec
 - d_sub 1200 : OOB 0.3026 : L 113 : T 28.8 sec

 - d_sub 1400 : OOB 0.4443 : L 1 : T 0.3 sec
 - d_sub 1400 : OOB 0.4096 : L 2 : T 0.6 sec
 - d_sub 1400 : OOB 0.3913 : L 3 : T 0.9 sec
 - d_sub 1400 : OOB 0.3763 : L 4 : T 1.2 sec
 - d_sub 1400 : OOB 0.3644 : L 5 : T 1.5 sec
 - d_sub 1400 : OOB 0.3603 : L 6 : T 1.8 sec
 - d_sub 1400 : OOB 0.3473 : L 7 : T 2.2 sec
 - d_sub 1400 : OOB 0.3401 : L 8 : T 2.5 sec
 - d_sub 1400 : OOB 0.3395 : L 9 : T 2.8 sec
 - d_sub 1400 : OOB 0.3394 : L 10 : T 3.1 sec
 - d_sub 1400 : OOB 0.3308 : L 11 : T 3.4 sec
 - d_sub 1400 : OOB 0.3290 : L 12 : T 3.7 sec
 - d_sub 1400 : OOB 0.3309 : L 13 : T 4.0 sec
 - d_sub 1400 : OOB 0.3248 : L 14 : T 4.3 sec
 - d_sub 1400 : OOB 0.3274 : L 15 : T 4.6 sec
 - d_sub 1400 : OOB 0.3228 : L 16 : T 4.9 sec
 - d_sub 1400 : OOB 0.3246 : L 17 : T 5.2 sec
 - d_sub 1400 : OOB 0.3230 : L 18 : T 5.5 sec
 - d_sub 1400 : OOB 0.3243 : L 19 : T 5.8 sec
 - d_sub 1400 : OOB 0.3223 : L 20 : T 6.1 sec
 - d_sub 1400 : OOB 0.3193 : L 21 : T 6.5 sec
 - d_sub 1400 : OOB 0.3196 : L 22 : T 6.8 sec
 - d_sub 1400 : OOB 0.3186 : L 23 : T 7.1 sec
 - d_sub 1400 : OOB 0.3190 : L 24 : T 7.5 sec
 - d_sub 1400 : OOB 0.3156 : L 25 : T 7.8 sec
 - d_sub 1400 : OOB 0.3149 : L 26 : T 8.1 sec
 - d_sub 1400 : OOB 0.3157 : L 27 : T 8.4 sec
 - d_sub 1400 : OOB 0.3153 : L 28 : T 8.7 sec
 - d_sub 1400 : OOB 0.3129 : L 29 : T 9.0 sec
 - d_sub 1400 : OOB 0.3157 : L 30 : T 9.3 sec
 - d_sub 1400 : OOB 0.3138 : L 31 : T 9.6 sec
 - d_sub 1400 : OOB 0.3158 : L 32 : T 10.0 sec
 - d_sub 1400 : OOB 0.3134 : L 33 : T 10.3 sec
 - d_sub 1400 : OOB 0.3140 : L 34 : T 10.6 sec
 - d_sub 1400 : OOB 0.3131 : L 35 : T 10.9 sec
 - d_sub 1400 : OOB 0.3121 : L 36 : T 11.3 sec
 - d_sub 1400 : OOB 0.3118 : L 37 : T 11.6 sec
 - d_sub 1400 : OOB 0.3121 : L 38 : T 11.9 sec
 - d_sub 1400 : OOB 0.3114 : L 39 : T 12.2 sec
 - d_sub 1400 : OOB 0.3106 : L 40 : T 12.6 sec
 - d_sub 1400 : OOB 0.3092 : L 41 : T 12.9 sec
 - d_sub 1400 : OOB 0.3103 : L 42 : T 13.2 sec
 - d_sub 1400 : OOB 0.3094 : L 43 : T 13.5 sec
 - d_sub 1400 : OOB 0.3093 : L 44 : T 13.8 sec
 - d_sub 1400 : OOB 0.3106 : L 45 : T 14.1 sec
 - d_sub 1400 : OOB 0.3089 : L 46 : T 14.4 sec
 - d_sub 1400 : OOB 0.3085 : L 47 : T 14.7 sec
 - d_sub 1400 : OOB 0.3077 : L 48 : T 15.0 sec
 - d_sub 1400 : OOB 0.3071 : L 49 : T 15.4 sec
 - d_sub 1400 : OOB 0.3068 : L 50 : T 15.7 sec
 - d_sub 1400 : OOB 0.3051 : L 51 : T 16.1 sec
 - d_sub 1400 : OOB 0.3075 : L 52 : T 16.4 sec
 - d_sub 1400 : OOB 0.3067 : L 53 : T 16.8 sec
 - d_sub 1400 : OOB 0.3076 : L 54 : T 17.1 sec
 - d_sub 1400 : OOB 0.3099 : L 55 : T 17.5 sec
 - d_sub 1400 : OOB 0.3080 : L 56 : T 17.9 sec
 - d_sub 1400 : OOB 0.3055 : L 57 : T 18.2 sec
 - d_sub 1400 : OOB 0.3053 : L 58 : T 18.6 sec
 - d_sub 1400 : OOB 0.3085 : L 59 : T 19.0 sec
 - d_sub 1400 : OOB 0.3085 : L 60 : T 19.3 sec
 - d_sub 1400 : OOB 0.3077 : L 61 : T 19.7 sec
 - d_sub 1400 : OOB 0.3071 : L 62 : T 20.0 sec
 - d_sub 1400 : OOB 0.3069 : L 63 : T 20.3 sec
 - d_sub 1400 : OOB 0.3081 : L 64 : T 20.6 sec
 - d_sub 1400 : OOB 0.3059 : L 65 : T 20.9 sec
 - d_sub 1400 : OOB 0.3080 : L 66 : T 21.2 sec
 - d_sub 1400 : OOB 0.3076 : L 67 : T 21.5 sec
 - d_sub 1400 : OOB 0.3050 : L 68 : T 21.8 sec
 - d_sub 1400 : OOB 0.3063 : L 69 : T 22.1 sec
 - d_sub 1400 : OOB 0.3066 : L 70 : T 22.4 sec
 - d_sub 1400 : OOB 0.3068 : L 71 : T 22.8 sec
 - d_sub 1400 : OOB 0.3048 : L 72 : T 23.1 sec
 - d_sub 1400 : OOB 0.3053 : L 73 : T 23.4 sec
 - d_sub 1400 : OOB 0.3054 : L 74 : T 23.7 sec
 - d_sub 1400 : OOB 0.3051 : L 75 : T 24.0 sec
 - d_sub 1400 : OOB 0.3072 : L 76 : T 24.4 sec
 - d_sub 1400 : OOB 0.3062 : L 77 : T 24.7 sec
 - d_sub 1400 : OOB 0.3079 : L 78 : T 25.1 sec
 - d_sub 1400 : OOB 0.3066 : L 79 : T 25.4 sec
 - d_sub 1400 : OOB 0.3056 : L 80 : T 25.7 sec
 - d_sub 1400 : OOB 0.3066 : L 81 : T 26.1 sec
 - d_sub 1400 : OOB 0.3047 : L 82 : T 26.4 sec
 - d_sub 1400 : OOB 0.3049 : L 83 : T 26.7 sec
 - d_sub 1400 : OOB 0.3051 : L 84 : T 27.1 sec
 - d_sub 1400 : OOB 0.3053 : L 85 : T 27.4 sec
 - d_sub 1400 : OOB 0.3042 : L 86 : T 27.8 sec
 - d_sub 1400 : OOB 0.3055 : L 87 : T 28.2 sec
 - d_sub 1400 : OOB 0.3049 : L 88 : T 28.5 sec
 - d_sub 1400 : OOB 0.3054 : L 89 : T 28.8 sec
# -------------------------
optimal d_sub 1200 : OOB 0.3026 : L 113 : T 112.1 sec
Testing error: 0.2916
# -------------------------
# Ensemble classification
#  - Training samples: 10000 (5000/5000)
#  - Feature-space dimensionality: 24157
#  - L : automatic (min 25, max 500, length 50, eps 0.00500)
#  - d_sub : 300
#  - Seed 1 (subspaces) : 554523146
#  - Seed 2 (bootstrap) : 554646279
# -------------------------

 - d_sub 300 : OOB 0.4522 : L 1 : T 0.0 sec
 - d_sub 300 : OOB 0.4210 : L 2 : T 0.1 sec
 - d_sub 300 : OOB 0.4064 : L 3 : T 0.1 sec
 - d_sub 300 : OOB 0.3913 : L 4 : T 0.2 sec
 - d_sub 300 : OOB 0.3809 : L 5 : T 0.2 sec
 - d_sub 300 : OOB 0.3804 : L 6 : T 0.3 sec
 - d_sub 300 : OOB 0.3731 : L 7 : T 0.3 sec
 - d_sub 300 : OOB 0.3675 : L 8 : T 0.4 sec
 - d_sub 300 : OOB 0.3638 : L 9 : T 0.4 sec
 - d_sub 300 : OOB 0.3646 : L 10 : T 0.5 sec
 - d_sub 300 : OOB 0.3569 : L 11 : T 0.5 sec
 - d_sub 300 : OOB 0.3601 : L 12 : T 0.5 sec
 - d_sub 300 : OOB 0.3618 : L 13 : T 0.6 sec
 - d_sub 300 : OOB 0.3560 : L 14 : T 0.6 sec
 - d_sub 300 : OOB 0.3578 : L 15 : T 0.7 sec
 - d_sub 300 : OOB 0.3562 : L 16 : T 0.7 sec
 - d_sub 300 : OOB 0.3560 : L 17 : T 0.8 sec
 - d_sub 300 : OOB 0.3531 : L 18 : T 0.8 sec
 - d_sub 300 : OOB 0.3527 : L 19 : T 0.9 sec
 - d_sub 300 : OOB 0.3526 : L 20 : T 0.9 sec
 - d_sub 300 : OOB 0.3545 : L 21 : T 0.9 sec
 - d_sub 300 : OOB 0.3534 : L 22 : T 1.0 sec
 - d_sub 300 : OOB 0.3514 : L 23 : T 1.0 sec
 - d_sub 300 : OOB 0.3501 : L 24 : T 1.1 sec
 - d_sub 300 : OOB 0.3513 : L 25 : T 1.1 sec
 - d_sub 300 : OOB 0.3513 : L 26 : T 1.2 sec
 - d_sub 300 : OOB 0.3512 : L 27 : T 1.2 sec
 - d_sub 300 : OOB 0.3508 : L 28 : T 1.3 sec
 - d_sub 300 : OOB 0.3517 : L 29 : T 1.3 sec
 - d_sub 300 : OOB 0.3505 : L 30 : T 1.4 sec
 - d_sub 300 : OOB 0.3530 : L 31 : T 1.4 sec
 - d_sub 300 : OOB 0.3517 : L 32 : T 1.5 sec
 - d_sub 300 : OOB 0.3499 : L 33 : T 1.5 sec
 - d_sub 300 : OOB 0.3513 : L 34 : T 1.6 sec
 - d_sub 300 : OOB 0.3507 : L 35 : T 1.6 sec
 - d_sub 300 : OOB 0.3509 : L 36 : T 1.7 sec
 - d_sub 300 : OOB 0.3522 : L 37 : T 1.7 sec
 - d_sub 300 : OOB 0.3503 : L 38 : T 1.8 sec
 - d_sub 300 : OOB 0.3483 : L 39 : T 1.8 sec
 - d_sub 300 : OOB 0.3489 : L 40 : T 1.9 sec
 - d_sub 300 : OOB 0.3497 : L 41 : T 1.9 sec
 - d_sub 300 : OOB 0.3499 : L 42 : T 1.9 sec
 - d_sub 300 : OOB 0.3466 : L 43 : T 2.0 sec
 - d_sub 300 : OOB 0.3476 : L 44 : T 2.0 sec
 - d_sub 300 : OOB 0.3474 : L 45 : T 2.1 sec
 - d_sub 300 : OOB 0.3481 : L 46 : T 2.1 sec
 - d_sub 300 : OOB 0.3458 : L 47 : T 2.2 sec
 - d_sub 300 : OOB 0.3472 : L 48 : T 2.2 sec
 - d_sub 300 : OOB 0.3482 : L 49 : T 2.3 sec
 - d_sub 300 : OOB 0.3461 : L 50 : T 2.3 sec
 - d_sub 300 : OOB 0.3469 : L 51 : T 2.4 sec
 - d_sub 300 : OOB 0.3468 : L 52 : T 2.4 sec
 - d_sub 300 : OOB 0.3478 : L 53 : T 2.4 sec
 - d_sub 300 : OOB 0.3469 : L 54 : T 2.5 sec
 - d_sub 300 : OOB 0.3473 : L 55 : T 2.5 sec
 - d_sub 300 : OOB 0.3478 : L 56 : T 2.6 sec
 - d_sub 300 : OOB 0.3469 : L 57 : T 2.6 sec
 - d_sub 300 : OOB 0.3453 : L 58 : T 2.7 sec
 - d_sub 300 : OOB 0.3473 : L 59 : T 2.7 sec
 - d_sub 300 : OOB 0.3466 : L 60 : T 2.8 sec
 - d_sub 300 : OOB 0.3452 : L 61 : T 2.8 sec
 - d_sub 300 : OOB 0.3440 : L 62 : T 2.8 sec
 - d_sub 300 : OOB 0.3473 : L 63 : T 2.9 sec
 - d_sub 300 : OOB 0.3459 : L 64 : T 2.9 sec
 - d_sub 300 : OOB 0.3443 : L 65 : T 3.0 sec
 - d_sub 300 : OOB 0.3446 : L 66 : T 3.0 sec
 - d_sub 300 : OOB 0.3443 : L 67 : T 3.1 sec
 - d_sub 300 : OOB 0.3440 : L 68 : T 3.1 sec
 - d_sub 300 : OOB 0.3446 : L 69 : T 3.2 sec
 - d_sub 300 : OOB 0.3451 : L 70 : T 3.2 sec
 - d_sub 300 : OOB 0.3454 : L 71 : T 3.3 sec
 - d_sub 300 : OOB 0.3460 : L 72 : T 3.3 sec
 - d_sub 300 : OOB 0.3459 : L 73 : T 3.4 sec
 - d_sub 300 : OOB 0.3464 : L 74 : T 3.4 sec
 - d_sub 300 : OOB 0.3458 : L 75 : T 3.4 sec
 - d_sub 300 : OOB 0.3465 : L 76 : T 3.5 sec
 - d_sub 300 : OOB 0.3463 : L 77 : T 3.5 sec
 - d_sub 300 : OOB 0.3443 : L 78 : T 3.6 sec
 - d_sub 300 : OOB 0.3450 : L 79 : T 3.6 sec
 - d_sub 300 : OOB 0.3454 : L 80 : T 3.7 sec
 - d_sub 300 : OOB 0.3443 : L 81 : T 3.7 sec
 - d_sub 300 : OOB 0.3453 : L 82 : T 3.8 sec
 - d_sub 300 : OOB 0.3443 : L 83 : T 3.8 sec
 - d_sub 300 : OOB 0.3455 : L 84 : T 3.9 sec
 - d_sub 300 : OOB 0.3444 : L 85 : T 3.9 sec
 - d_sub 300 : OOB 0.3454 : L 86 : T 3.9 sec
 - d_sub 300 : OOB 0.3457 : L 87 : T 4.0 sec
 - d_sub 300 : OOB 0.3458 : L 88 : T 4.0 sec
# -------------------------
optimal d_sub 300 : OOB 0.3458 : L 88 : T 4.0 sec
# -------------------------
# Ensemble classification
#  - Training samples: 10000 (5000/5000)
#  - Feature-space dimensionality: 24157
#  - L : 30
#  - d_sub : 300
#  - Seed 1 (subspaces) : 503413647
#  - Seed 2 (bootstrap) : 954021931
# -------------------------

 - d_sub 300 : OOB 0.4560 : L 1 : T 0.0 sec
 - d_sub 300 : OOB 0.4252 : L 2 : T 0.1 sec
 - d_sub 300 : OOB 0.4129 : L 3 : T 0.1 sec
 - d_sub 300 : OOB 0.4029 : L 4 : T 0.2 sec
 - d_sub 300 : OOB 0.3880 : L 5 : T 0.2 sec
 - d_sub 300 : OOB 0.3838 : L 6 : T 0.3 sec
 - d_sub 300 : OOB 0.3765 : L 7 : T 0.3 sec
 - d_sub 300 : OOB 0.3722 : L 8 : T 0.4 sec
 - d_sub 300 : OOB 0.3701 : L 9 : T 0.4 sec
 - d_sub 300 : OOB 0.3695 : L 10 : T 0.4 sec
 - d_sub 300 : OOB 0.3616 : L 11 : T 0.5 sec
 - d_sub 300 : OOB 0.3650 : L 12 : T 0.5 sec
 - d_sub 300 : OOB 0.3624 : L 13 : T 0.6 sec
 - d_sub 300 : OOB 0.3589 : L 14 : T 0.6 sec
 - d_sub 300 : OOB 0.3619 : L 15 : T 0.7 sec
 - d_sub 300 : OOB 0.3574 : L 16 : T 0.7 sec
 - d_sub 300 : OOB 0.3590 : L 17 : T 0.8 sec
 - d_sub 300 : OOB 0.3578 : L 18 : T 0.8 sec
 - d_sub 300 : OOB 0.3562 : L 19 : T 0.8 sec
 - d_sub 300 : OOB 0.3567 : L 20 : T 0.9 sec
 - d_sub 300 : OOB 0.3540 : L 21 : T 0.9 sec
 - d_sub 300 : OOB 0.3561 : L 22 : T 1.0 sec
 - d_sub 300 : OOB 0.3552 : L 23 : T 1.0 sec
 - d_sub 300 : OOB 0.3522 : L 24 : T 1.1 sec
 - d_sub 300 : OOB 0.3523 : L 25 : T 1.1 sec
 - d_sub 300 : OOB 0.3531 : L 26 : T 1.2 sec
 - d_sub 300 : OOB 0.3510 : L 27 : T 1.2 sec
 - d_sub 300 : OOB 0.3507 : L 28 : T 1.3 sec
 - d_sub 300 : OOB 0.3519 : L 29 : T 1.3 sec
 - d_sub 300 : OOB 0.3504 : L 30 : T 1.3 sec
# -------------------------
optimal d_sub 300 : OOB 0.3504 : L 30 : T 1.3 sec
# -------------------------
# Ensemble classification
#  - Training samples: 10000 (5000/5000)
#  - Feature-space dimensionality: 24157
#  - L : 30
#  - d_sub : 300
#  - Seed 1 (subspaces) : 812454214
#  - Seed 2 (bootstrap) : 319999911
# -------------------------

 - d_sub 300 : OOB 0.4513 : L 1 : T 0.0 sec
 - d_sub 300 : OOB 0.4251 : L 2 : T 0.1 sec
 - d_sub 300 : OOB 0.4049 : L 3 : T 0.1 sec
 - d_sub 300 : OOB 0.3943 : L 4 : T 0.2 sec
 - d_sub 300 : OOB 0.3816 : L 5 : T 0.2 sec
 - d_sub 300 : OOB 0.3811 : L 6 : T 0.3 sec
 - d_sub 300 : OOB 0.3736 : L 7 : T 0.3 sec
 - d_sub 300 : OOB 0.3690 : L 8 : T 0.4 sec
 - d_sub 300 : OOB 0.3672 : L 9 : T 0.4 sec
 - d_sub 300 : OOB 0.3674 : L 10 : T 0.5 sec
 - d_sub 300 : OOB 0.3613 : L 11 : T 0.5 sec
 - d_sub 300 : OOB 0.3632 : L 12 : T 0.5 sec
 - d_sub 300 : OOB 0.3626 : L 13 : T 0.6 sec
 - d_sub 300 : OOB 0.3559 : L 14 : T 0.6 sec
 - d_sub 300 : OOB 0.3590 : L 15 : T 0.7 sec
 - d_sub 300 : OOB 0.3548 : L 16 : T 0.7 sec
 - d_sub 300 : OOB 0.3571 : L 17 : T 0.8 sec
 - d_sub 300 : OOB 0.3552 : L 18 : T 0.8 sec
 - d_sub 300 : OOB 0.3536 : L 19 : T 0.9 sec
 - d_sub 300 : OOB 0.3519 : L 20 : T 0.9 sec
 - d_sub 300 : OOB 0.3524 : L 21 : T 0.9 sec
 - d_sub 300 : OOB 0.3495 : L 22 : T 1.0 sec
 - d_sub 300 : OOB 0.3495 : L 23 : T 1.0 sec
 - d_sub 300 : OOB 0.3496 : L 24 : T 1.1 sec
 - d_sub 300 : OOB 0.3484 : L 25 : T 1.1 sec
 - d_sub 300 : OOB 0.3497 : L 26 : T 1.2 sec
 - d_sub 300 : OOB 0.3489 : L 27 : T 1.2 sec
 - d_sub 300 : OOB 0.3502 : L 28 : T 1.3 sec
 - d_sub 300 : OOB 0.3492 : L 29 : T 1.3 sec
 - d_sub 300 : OOB 0.3486 : L 30 : T 1.4 sec
# -------------------------
optimal d_sub 300 : OOB 0.3486 : L 30 : T 1.4 sec
# -------------------------
# Ensemble classification
#  - Training samples: 10000 (5000/5000)
#  - Feature-space dimensionality: 24157
#  - L : 30
#  - d_sub : 300
#  - Seed 1 (subspaces) : 175688341
#  - Seed 2 (bootstrap) : 77758306
# -------------------------

 - d_sub 300 : OOB 0.4506 : L 1 : T 0.0 sec
 - d_sub 300 : OOB 0.4227 : L 2 : T 0.1 sec
 - d_sub 300 : OOB 0.4064 : L 3 : T 0.1 sec
 - d_sub 300 : OOB 0.3976 : L 4 : T 0.2 sec
 - d_sub 300 : OOB 0.3833 : L 5 : T 0.2 sec
 - d_sub 300 : OOB 0.3815 : L 6 : T 0.3 sec
 - d_sub 300 : OOB 0.3764 : L 7 : T 0.3 sec
 - d_sub 300 : OOB 0.3680 : L 8 : T 0.4 sec
 - d_sub 300 : OOB 0.3683 : L 9 : T 0.4 sec
 - d_sub 300 : OOB 0.3650 : L 10 : T 0.5 sec
 - d_sub 300 : OOB 0.3638 : L 11 : T 0.5 sec
 - d_sub 300 : OOB 0.3624 : L 12 : T 0.5 sec
 - d_sub 300 : OOB 0.3600 : L 13 : T 0.6 sec
 - d_sub 300 : OOB 0.3617 : L 14 : T 0.6 sec
 - d_sub 300 : OOB 0.3575 : L 15 : T 0.7 sec
 - d_sub 300 : OOB 0.3582 : L 16 : T 0.7 sec
 - d_sub 300 : OOB 0.3553 : L 17 : T 0.8 sec
 - d_sub 300 : OOB 0.3556 : L 18 : T 0.8 sec
 - d_sub 300 : OOB 0.3547 : L 19 : T 0.9 sec
 - d_sub 300 : OOB 0.3537 : L 20 : T 0.9 sec
 - d_sub 300 : OOB 0.3526 : L 21 : T 1.0 sec
 - d_sub 300 : OOB 0.3540 : L 22 : T 1.0 sec
 - d_sub 300 : OOB 0.3509 : L 23 : T 1.0 sec
 - d_sub 300 : OOB 0.3524 : L 24 : T 1.1 sec
 - d_sub 300 : OOB 0.3505 : L 25 : T 1.1 sec
 - d_sub 300 : OOB 0.3495 : L 26 : T 1.2 sec
 - d_sub 300 : OOB 0.3485 : L 27 : T 1.2 sec
 - d_sub 300 : OOB 0.3501 : L 28 : T 1.3 sec
 - d_sub 300 : OOB 0.3517 : L 29 : T 1.3 sec
 - d_sub 300 : OOB 0.3483 : L 30 : T 1.4 sec
# -------------------------
optimal d_sub 300 : OOB 0.3483 : L 30 : T 1.4 sec
# -------------------------
# Ensemble classification
#  - Training samples: 10000 (5000/5000)
#  - Feature-space dimensionality: 24157
#  - L : 30
#  - d_sub : 300
#  - Seed 1 (subspaces) : 40362408
#  - Seed 2 (bootstrap) : 333706416
# -------------------------

 - d_sub 300 : OOB 0.4525 : L 1 : T 0.0 sec
 - d_sub 300 : OOB 0.4205 : L 2 : T 0.1 sec
 - d_sub 300 : OOB 0.4075 : L 3 : T 0.1 sec
 - d_sub 300 : OOB 0.3967 : L 4 : T 0.2 sec
 - d_sub 300 : OOB 0.3875 : L 5 : T 0.2 sec
 - d_sub 300 : OOB 0.3870 : L 6 : T 0.3 sec
 - d_sub 300 : OOB 0.3759 : L 7 : T 0.3 sec
 - d_sub 300 : OOB 0.3723 : L 8 : T 0.4 sec
 - d_sub 300 : OOB 0.3723 : L 9 : T 0.4 sec
 - d_sub 300 : OOB 0.3707 : L 10 : T 0.4 sec
 - d_sub 300 : OOB 0.3644 : L 11 : T 0.5 sec
 - d_sub 300 : OOB 0.3657 : L 12 : T 0.5 sec
 - d_sub 300 : OOB 0.3664 : L 13 : T 0.6 sec
 - d_sub 300 : OOB 0.3599 : L 14 : T 0.6 sec
 - d_sub 300 : OOB 0.3654 : L 15 : T 0.7 sec
 - d_sub 300 : OOB 0.3615 : L 16 : T 0.7 sec
 - d_sub 300 : OOB 0.3630 : L 17 : T 0.8 sec
 - d_sub 300 : OOB 0.3624 : L 18 : T 0.8 sec
 - d_sub 300 : OOB 0.3598 : L 19 : T 0.9 sec
 - d_sub 300 : OOB 0.3553 : L 20 : T 0.9 sec
 - d_sub 300 : OOB 0.3554 : L 21 : T 0.9 sec
 - d_sub 300 : OOB 0.3547 : L 22 : T 1.0 sec
 - d_sub 300 : OOB 0.3546 : L 23 : T 1.0 sec
 - d_sub 300 : OOB 0.3541 : L 24 : T 1.1 sec
 - d_sub 300 : OOB 0.3554 : L 25 : T 1.1 sec
 - d_sub 300 : OOB 0.3546 : L 26 : T 1.2 sec
 - d_sub 300 : OOB 0.3555 : L 27 : T 1.2 sec
 - d_sub 300 : OOB 0.3552 : L 28 : T 1.3 sec
 - d_sub 300 : OOB 0.3533 : L 29 : T 1.3 sec
 - d_sub 300 : OOB 0.3533 : L 30 : T 1.4 sec
# -------------------------
optimal d_sub 300 : OOB 0.3533 : L 30 : T 1.4 sec
# -------------------------
# Ensemble classification
#  - Training samples: 10000 (5000/5000)
#  - Feature-space dimensionality: 24157
#  - L : 30
#  - d_sub : 300
#  - Seed 1 (subspaces) : 402621704
#  - Seed 2 (bootstrap) : 293188889
# -------------------------

 - d_sub 300 : OOB 0.4549 : L 1 : T 0.0 sec
 - d_sub 300 : OOB 0.4243 : L 2 : T 0.1 sec
 - d_sub 300 : OOB 0.4091 : L 3 : T 0.1 sec
 - d_sub 300 : OOB 0.4011 : L 4 : T 0.2 sec
 - d_sub 300 : OOB 0.3882 : L 5 : T 0.2 sec
 - d_sub 300 : OOB 0.3834 : L 6 : T 0.3 sec
 - d_sub 300 : OOB 0.3776 : L 7 : T 0.3 sec
 - d_sub 300 : OOB 0.3712 : L 8 : T 0.4 sec
 - d_sub 300 : OOB 0.3699 : L 9 : T 0.4 sec
 - d_sub 300 : OOB 0.3670 : L 10 : T 0.5 sec
 - d_sub 300 : OOB 0.3615 : L 11 : T 0.5 sec
 - d_sub 300 : OOB 0.3635 : L 12 : T 0.5 sec
 - d_sub 300 : OOB 0.3631 : L 13 : T 0.6 sec
 - d_sub 300 : OOB 0.3550 : L 14 : T 0.6 sec
 - d_sub 300 : OOB 0.3571 : L 15 : T 0.7 sec
 - d_sub 300 : OOB 0.3536 : L 16 : T 0.7 sec
 - d_sub 300 : OOB 0.3539 : L 17 : T 0.8 sec
 - d_sub 300 : OOB 0.3559 : L 18 : T 0.8 sec
 - d_sub 300 : OOB 0.3548 : L 19 : T 0.9 sec
 - d_sub 300 : OOB 0.3534 : L 20 : T 0.9 sec
 - d_sub 300 : OOB 0.3515 : L 21 : T 0.9 sec
 - d_sub 300 : OOB 0.3498 : L 22 : T 1.0 sec
 - d_sub 300 : OOB 0.3495 : L 23 : T 1.0 sec
 - d_sub 300 : OOB 0.3512 : L 24 : T 1.1 sec
 - d_sub 300 : OOB 0.3516 : L 25 : T 1.1 sec
 - d_sub 300 : OOB 0.3508 : L 26 : T 1.2 sec
 - d_sub 300 : OOB 0.3502 : L 27 : T 1.2 sec
 - d_sub 300 : OOB 0.3511 : L 28 : T 1.3 sec
 - d_sub 300 : OOB 0.3504 : L 29 : T 1.3 sec
 - d_sub 300 : OOB 0.3503 : L 30 : T 1.3 sec
# -------------------------
optimal d_sub 300 : OOB 0.3503 : L 30 : T 1.3 sec
# -------------------------
# Ensemble classification
#  - Training samples: 10000 (5000/5000)
#  - Feature-space dimensionality: 24157
#  - L : 30
#  - d_sub : 300
#  - Seed 1 (subspaces) : 852242238
#  - Seed 2 (bootstrap) : 229689155
# -------------------------

 - d_sub 300 : OOB 0.4523 : L 1 : T 0.0 sec
 - d_sub 300 : OOB 0.4217 : L 2 : T 0.1 sec
 - d_sub 300 : OOB 0.4055 : L 3 : T 0.1 sec
 - d_sub 300 : OOB 0.3969 : L 4 : T 0.2 sec
 - d_sub 300 : OOB 0.3863 : L 5 : T 0.2 sec
 - d_sub 300 : OOB 0.3807 : L 6 : T 0.3 sec
 - d_sub 300 : OOB 0.3732 : L 7 : T 0.3 sec
 - d_sub 300 : OOB 0.3688 : L 8 : T 0.4 sec
 - d_sub 300 : OOB 0.3711 : L 9 : T 0.4 sec
 - d_sub 300 : OOB 0.3655 : L 10 : T 0.5 sec
 - d_sub 300 : OOB 0.3621 : L 11 : T 0.5 sec
 - d_sub 300 : OOB 0.3605 : L 12 : T 0.5 sec
 - d_sub 300 : OOB 0.3571 : L 13 : T 0.6 sec
 - d_sub 300 : OOB 0.3563 : L 14 : T 0.6 sec
 - d_sub 300 : OOB 0.3581 : L 15 : T 0.7 sec
 - d_sub 300 : OOB 0.3535 : L 16 : T 0.7 sec
 - d_sub 300 : OOB 0.3544 : L 17 : T 0.8 sec
 - d_sub 300 : OOB 0.3520 : L 18 : T 0.8 sec
 - d_sub 300 : OOB 0.3512 : L 19 : T 0.9 sec
 - d_sub 300 : OOB 0.3523 : L 20 : T 0.9 sec
 - d_sub 300 : OOB 0.3511 : L 21 : T 0.9 sec
 - d_sub 300 : OOB 0.3500 : L 22 : T 1.0 sec
 - d_sub 300 : OOB 0.3498 : L 23 : T 1.0 sec
 - d_sub 300 : OOB 0.3490 : L 24 : T 1.1 sec
 - d_sub 300 : OOB 0.3507 : L 25 : T 1.1 sec
 - d_sub 300 : OOB 0.3494 : L 26 : T 1.2 sec
 - d_sub 300 : OOB 0.3509 : L 27 : T 1.2 sec
 - d_sub 300 : OOB 0.3501 : L 28 : T 1.3 sec
 - d_sub 300 : OOB 0.3521 : L 29 : T 1.3 sec
 - d_sub 300 : OOB 0.3476 : L 30 : T 1.3 sec
# -------------------------
optimal d_sub 300 : OOB 0.3476 : L 30 : T 1.4 sec
# -------------------------
# Ensemble classification
#  - Training samples: 10000 (5000/5000)
#  - Feature-space dimensionality: 24157
#  - L : 30
#  - d_sub : 300
#  - Seed 1 (subspaces) : 971439397
#  - Seed 2 (bootstrap) : 377373609
# -------------------------

 - d_sub 300 : OOB 0.4507 : L 1 : T 0.0 sec
 - d_sub 300 : OOB 0.4193 : L 2 : T 0.1 sec
 - d_sub 300 : OOB 0.4084 : L 3 : T 0.1 sec
 - d_sub 300 : OOB 0.3997 : L 4 : T 0.2 sec
 - d_sub 300 : OOB 0.3869 : L 5 : T 0.2 sec
 - d_sub 300 : OOB 0.3856 : L 6 : T 0.3 sec
 - d_sub 300 : OOB 0.3773 : L 7 : T 0.3 sec
 - d_sub 300 : OOB 0.3748 : L 8 : T 0.4 sec
 - d_sub 300 : OOB 0.3703 : L 9 : T 0.4 sec
 - d_sub 300 : OOB 0.3716 : L 10 : T 0.4 sec
 - d_sub 300 : OOB 0.3642 : L 11 : T 0.5 sec
 - d_sub 300 : OOB 0.3647 : L 12 : T 0.5 sec
 - d_sub 300 : OOB 0.3656 : L 13 : T 0.6 sec
 - d_sub 300 : OOB 0.3596 : L 14 : T 0.6 sec
 - d_sub 300 : OOB 0.3632 : L 15 : T 0.7 sec
 - d_sub 300 : OOB 0.3574 : L 16 : T 0.7 sec
 - d_sub 300 : OOB 0.3568 : L 17 : T 0.8 sec
 - d_sub 300 : OOB 0.3547 : L 18 : T 0.8 sec
 - d_sub 300 : OOB 0.3559 : L 19 : T 0.9 sec
 - d_sub 300 : OOB 0.3550 : L 20 : T 0.9 sec
 - d_sub 300 : OOB 0.3565 : L 21 : T 0.9 sec
 - d_sub 300 : OOB 0.3536 : L 22 : T 1.0 sec
 - d_sub 300 : OOB 0.3528 : L 23 : T 1.0 sec
 - d_sub 300 : OOB 0.3522 : L 24 : T 1.1 sec
 - d_sub 300 : OOB 0.3482 : L 25 : T 1.1 sec
 - d_sub 300 : OOB 0.3508 : L 26 : T 1.2 sec
 - d_sub 300 : OOB 0.3493 : L 27 : T 1.2 sec
 - d_sub 300 : OOB 0.3490 : L 28 : T 1.3 sec
 - d_sub 300 : OOB 0.3488 : L 29 : T 1.3 sec
 - d_sub 300 : OOB 0.3508 : L 30 : T 1.3 sec
# -------------------------
optimal d_sub 300 : OOB 0.3508 : L 30 : T 1.4 sec
# -------------------------
# Ensemble classification
#  - Training samples: 10000 (5000/5000)
#  - Feature-space dimensionality: 24157
#  - L : 30
#  - d_sub : 300
#  - Seed 1 (subspaces) : 28698448
#  - Seed 2 (bootstrap) : 687143746
# -------------------------

 - d_sub 300 : OOB 0.4478 : L 1 : T 0.0 sec
 - d_sub 300 : OOB 0.4206 : L 2 : T 0.1 sec
 - d_sub 300 : OOB 0.4038 : L 3 : T 0.1 sec
 - d_sub 300 : OOB 0.3950 : L 4 : T 0.2 sec
 - d_sub 300 : OOB 0.3813 : L 5 : T 0.2 sec
 - d_sub 300 : OOB 0.3786 : L 6 : T 0.3 sec
 - d_sub 300 : OOB 0.3687 : L 7 : T 0.3 sec
 - d_sub 300 : OOB 0.3672 : L 8 : T 0.4 sec
 - d_sub 300 : OOB 0.3656 : L 9 : T 0.4 sec
 - d_sub 300 : OOB 0.3633 : L 10 : T 0.5 sec
 - d_sub 300 : OOB 0.3605 : L 11 : T 0.5 sec
 - d_sub 300 : OOB 0.3600 : L 12 : T 0.6 sec
 - d_sub 300 : OOB 0.3562 : L 13 : T 0.6 sec
 - d_sub 300 : OOB 0.3545 : L 14 : T 0.6 sec
 - d_sub 300 : OOB 0.3555 : L 15 : T 0.7 sec
 - d_sub 300 : OOB 0.3523 : L 16 : T 0.7 sec
 - d_sub 300 : OOB 0.3515 : L 17 : T 0.8 sec
 - d_sub 300 : OOB 0.3522 : L 18 : T 0.8 sec
 - d_sub 300 : OOB 0.3518 : L 19 : T 0.9 sec
 - d_sub 300 : OOB 0.3540 : L 20 : T 0.9 sec
 - d_sub 300 : OOB 0.3514 : L 21 : T 1.0 sec
 - d_sub 300 : OOB 0.3515 : L 22 : T 1.0 sec
 - d_sub 300 : OOB 0.3497 : L 23 : T 1.0 sec
 - d_sub 300 : OOB 0.3504 : L 24 : T 1.1 sec
 - d_sub 300 : OOB 0.3516 : L 25 : T 1.1 sec
 - d_sub 300 : OOB 0.3512 : L 26 : T 1.2 sec
 - d_sub 300 : OOB 0.3522 : L 27 : T 1.2 sec
 - d_sub 300 : OOB 0.3510 : L 28 : T 1.3 sec
 - d_sub 300 : OOB 0.3513 : L 29 : T 1.3 sec
 - d_sub 300 : OOB 0.3493 : L 30 : T 1.4 sec
# -------------------------
optimal d_sub 300 : OOB 0.3493 : L 30 : T 1.4 sec
# -------------------------
# Ensemble classification
#  - Training samples: 10000 (5000/5000)
#  - Feature-space dimensionality: 24157
#  - L : 30
#  - d_sub : 300
#  - Seed 1 (subspaces) : 806056506
#  - Seed 2 (bootstrap) : 714388263
# -------------------------

 - d_sub 300 : OOB 0.4543 : L 1 : T 0.0 sec
 - d_sub 300 : OOB 0.4223 : L 2 : T 0.1 sec
 - d_sub 300 : OOB 0.4085 : L 3 : T 0.1 sec
 - d_sub 300 : OOB 0.3980 : L 4 : T 0.2 sec
 - d_sub 300 : OOB 0.3875 : L 5 : T 0.2 sec
 - d_sub 300 : OOB 0.3834 : L 6 : T 0.3 sec
 - d_sub 300 : OOB 0.3774 : L 7 : T 0.3 sec
 - d_sub 300 : OOB 0.3725 : L 8 : T 0.4 sec
 - d_sub 300 : OOB 0.3702 : L 9 : T 0.4 sec
 - d_sub 300 : OOB 0.3677 : L 10 : T 0.4 sec
 - d_sub 300 : OOB 0.3646 : L 11 : T 0.5 sec
 - d_sub 300 : OOB 0.3625 : L 12 : T 0.5 sec
 - d_sub 300 : OOB 0.3602 : L 13 : T 0.6 sec
 - d_sub 300 : OOB 0.3610 : L 14 : T 0.6 sec
 - d_sub 300 : OOB 0.3573 : L 15 : T 0.7 sec
 - d_sub 300 : OOB 0.3565 : L 16 : T 0.7 sec
 - d_sub 300 : OOB 0.3549 : L 17 : T 0.8 sec
 - d_sub 300 : OOB 0.3559 : L 18 : T 0.8 sec
 - d_sub 300 : OOB 0.3564 : L 19 : T 0.9 sec
 - d_sub 300 : OOB 0.3576 : L 20 : T 0.9 sec
 - d_sub 300 : OOB 0.3551 : L 21 : T 0.9 sec
 - d_sub 300 : OOB 0.3550 : L 22 : T 1.0 sec
 - d_sub 300 : OOB 0.3540 : L 23 : T 1.0 sec
 - d_sub 300 : OOB 0.3516 : L 24 : T 1.1 sec
 - d_sub 300 : OOB 0.3533 : L 25 : T 1.1 sec
 - d_sub 300 : OOB 0.3534 : L 26 : T 1.2 sec
 - d_sub 300 : OOB 0.3526 : L 27 : T 1.2 sec
 - d_sub 300 : OOB 0.3521 : L 28 : T 1.3 sec
 - d_sub 300 : OOB 0.3528 : L 29 : T 1.3 sec
 - d_sub 300 : OOB 0.3509 : L 30 : T 1.4 sec
# -------------------------
optimal d_sub 300 : OOB 0.3509 : L 30 : T 1.4 sec
# -------------------------
# Ensemble classification
#  - Training samples: 10000 (5000/5000)
#  - Feature-space dimensionality: 24157
#  - L : 30
#  - d_sub : 300
#  - Seed 1 (subspaces) : 459279476
#  - Seed 2 (bootstrap) : 252597349
# -------------------------

 - d_sub 300 : OOB 0.4479 : L 1 : T 0.0 sec
 - d_sub 300 : OOB 0.4185 : L 2 : T 0.1 sec
 - d_sub 300 : OOB 0.4049 : L 3 : T 0.1 sec
 - d_sub 300 : OOB 0.3919 : L 4 : T 0.2 sec
 - d_sub 300 : OOB 0.3834 : L 5 : T 0.2 sec
 - d_sub 300 : OOB 0.3843 : L 6 : T 0.3 sec
 - d_sub 300 : OOB 0.3749 : L 7 : T 0.3 sec
 - d_sub 300 : OOB 0.3728 : L 8 : T 0.3 sec
 - d_sub 300 : OOB 0.3686 : L 9 : T 0.4 sec
 - d_sub 300 : OOB 0.3638 : L 10 : T 0.4 sec
 - d_sub 300 : OOB 0.3635 : L 11 : T 0.5 sec
 - d_sub 300 : OOB 0.3611 : L 12 : T 0.5 sec
 - d_sub 300 : OOB 0.3603 : L 13 : T 0.6 sec
 - d_sub 300 : OOB 0.3623 : L 14 : T 0.6 sec
 - d_sub 300 : OOB 0.3572 : L 15 : T 0.7 sec
 - d_sub 300 : OOB 0.3597 : L 16 : T 0.7 sec
 - d_sub 300 : OOB 0.3553 : L 17 : T 0.8 sec
 - d_sub 300 : OOB 0.3543 : L 18 : T 0.8 sec
 - d_sub 300 : OOB 0.3567 : L 19 : T 0.9 sec
 - d_sub 300 : OOB 0.3555 : L 20 : T 0.9 sec
 - d_sub 300 : OOB 0.3548 : L 21 : T 0.9 sec
 - d_sub 300 : OOB 0.3536 : L 22 : T 1.0 sec
 - d_sub 300 : OOB 0.3507 : L 23 : T 1.0 sec
 - d_sub 300 : OOB 0.3512 : L 24 : T 1.1 sec
 - d_sub 300 : OOB 0.3490 : L 25 : T 1.1 sec
 - d_sub 300 : OOB 0.3509 : L 26 : T 1.2 sec
 - d_sub 300 : OOB 0.3488 : L 27 : T 1.2 sec
 - d_sub 300 : OOB 0.3501 : L 28 : T 1.3 sec
 - d_sub 300 : OOB 0.3483 : L 29 : T 1.3 sec
 - d_sub 300 : OOB 0.3477 : L 30 : T 1.4 sec
# -------------------------
optimal d_sub 300 : OOB 0.3477 : L 30 : T 1.4 sec
# -------------------------
# Ensemble classification
#  - Training samples: 10000 (5000/5000)
#  - Feature-space dimensionality: 24157
#  - L : 30
#  - d_sub : 300
#  - Seed 1 (subspaces) : 973693786
#  - Seed 2 (bootstrap) : 979972828
# -------------------------

 - d_sub 300 : OOB 0.4506 : L 1 : T 0.0 sec
 - d_sub 300 : OOB 0.4247 : L 2 : T 0.1 sec
 - d_sub 300 : OOB 0.4081 : L 3 : T 0.1 sec
 - d_sub 300 : OOB 0.3995 : L 4 : T 0.2 sec
 - d_sub 300 : OOB 0.3890 : L 5 : T 0.2 sec
 - d_sub 300 : OOB 0.3851 : L 6 : T 0.3 sec
 - d_sub 300 : OOB 0.3783 : L 7 : T 0.3 sec
 - d_sub 300 : OOB 0.3702 : L 8 : T 0.4 sec
 - d_sub 300 : OOB 0.3714 : L 9 : T 0.4 sec
 - d_sub 300 : OOB 0.3677 : L 10 : T 0.6 sec
 - d_sub 300 : OOB 0.3651 : L 11 : T 0.6 sec
 - d_sub 300 : OOB 0.3630 : L 12 : T 0.7 sec
 - d_sub 300 : OOB 0.3596 : L 13 : T 0.7 sec
 - d_sub 300 : OOB 0.3583 : L 14 : T 0.8 sec
 - d_sub 300 : OOB 0.3550 : L 15 : T 0.8 sec
 - d_sub 300 : OOB 0.3569 : L 16 : T 0.9 sec
 - d_sub 300 : OOB 0.3547 : L 17 : T 0.9 sec
 - d_sub 300 : OOB 0.3553 : L 18 : T 1.0 sec
 - d_sub 300 : OOB 0.3534 : L 19 : T 1.0 sec
 - d_sub 300 : OOB 0.3552 : L 20 : T 1.1 sec
 - d_sub 300 : OOB 0.3534 : L 21 : T 1.1 sec
 - d_sub 300 : OOB 0.3531 : L 22 : T 1.2 sec
 - d_sub 300 : OOB 0.3518 : L 23 : T 1.2 sec
 - d_sub 300 : OOB 0.3503 : L 24 : T 1.2 sec
 - d_sub 300 : OOB 0.3474 : L 25 : T 1.3 sec
 - d_sub 300 : OOB 0.3478 : L 26 : T 1.3 sec
 - d_sub 300 : OOB 0.3476 : L 27 : T 1.4 sec
 - d_sub 300 : OOB 0.3494 : L 28 : T 1.4 sec
 - d_sub 300 : OOB 0.3468 : L 29 : T 1.5 sec
 - d_sub 300 : OOB 0.3486 : L 30 : T 1.5 sec
# -------------------------
optimal d_sub 300 : OOB 0.3486 : L 30 : T 1.5 sec
# -------------------------
Average OOB error = 0.34954 (+/- 0.00178)
# -------------------------
# Ensemble classification
#  - Training samples: 10000 (5000/5000)
#  - Feature-space dimensionality: 24157
#  - L : 30
#  - d_sub : 300
#  - Seed 1 (subspaces) : 5
#  - Seed 2 (bootstrap) : 73
# -------------------------

 - d_sub 300 : OOB 0.4509 : L 1 : T 0.0 sec
 - d_sub 300 : OOB 0.4235 : L 2 : T 0.1 sec
 - d_sub 300 : OOB 0.4091 : L 3 : T 0.1 sec
 - d_sub 300 : OOB 0.3960 : L 4 : T 0.2 sec
 - d_sub 300 : OOB 0.3832 : L 5 : T 0.2 sec
 - d_sub 300 : OOB 0.3816 : L 6 : T 0.3 sec
 - d_sub 300 : OOB 0.3695 : L 7 : T 0.3 sec
 - d_sub 300 : OOB 0.3637 : L 8 : T 0.4 sec
 - d_sub 300 : OOB 0.3633 : L 9 : T 0.4 sec
 - d_sub 300 : OOB 0.3640 : L 10 : T 0.5 sec
 - d_sub 300 : OOB 0.3577 : L 11 : T 0.5 sec
 - d_sub 300 : OOB 0.3579 : L 12 : T 0.5 sec
 - d_sub 300 : OOB 0.3562 : L 13 : T 0.6 sec
 - d_sub 300 : OOB 0.3523 : L 14 : T 0.6 sec
 - d_sub 300 : OOB 0.3555 : L 15 : T 0.7 sec
 - d_sub 300 : OOB 0.3511 : L 16 : T 0.7 sec
 - d_sub 300 : OOB 0.3552 : L 17 : T 0.8 sec
 - d_sub 300 : OOB 0.3536 : L 18 : T 0.8 sec
 - d_sub 300 : OOB 0.3501 : L 19 : T 0.9 sec
 - d_sub 300 : OOB 0.3505 : L 20 : T 0.9 sec
 - d_sub 300 : OOB 0.3495 : L 21 : T 0.9 sec
 - d_sub 300 : OOB 0.3508 : L 22 : T 1.0 sec
 - d_sub 300 : OOB 0.3512 : L 23 : T 1.0 sec
 - d_sub 300 : OOB 0.3489 : L 24 : T 1.1 sec
 - d_sub 300 : OOB 0.3508 : L 25 : T 1.1 sec
 - d_sub 300 : OOB 0.3508 : L 26 : T 1.2 sec
 - d_sub 300 : OOB 0.3491 : L 27 : T 1.2 sec
 - d_sub 300 : OOB 0.3479 : L 28 : T 1.3 sec
 - d_sub 300 : OOB 0.3480 : L 29 : T 1.3 sec
 - d_sub 300 : OOB 0.3517 : L 30 : T 1.3 sec
# -------------------------
optimal d_sub 300 : OOB 0.3517 : L 30 : T 1.3 sec
OOB error = 0.3495
optimal d_sub 300 : OOB 0.3528 : L 30 : T 1.4 sec
optimal d_sub 300 : OOB 0.3432 : L 72 : T 3.1 sec
Testing error 1: 0.3387
optimal d_sub 300 : OOB 0.3413 : L 75 : T 3.1 sec
Testing error 2: 0.3388
optimal d_sub 300 : OOB 0.3427 : L 71 : T 3.0 sec
Testing error 3: 0.3396
optimal d_sub 300 : OOB 0.3449 : L 96 : T 4.1 sec
Testing error 4: 0.3350
optimal d_sub 300 : OOB 0.3385 : L 100 : T 4.3 sec
Testing error 5: 0.3364
optimal d_sub 300 : OOB 0.3386 : L 81 : T 3.4 sec
Testing error 6: 0.3404
optimal d_sub 300 : OOB 0.3370 : L 96 : T 3.9 sec
Testing error 7: 0.3366
optimal d_sub 300 : OOB 0.3417 : L 81 : T 3.5 sec
Testing error 8: 0.3408
optimal d_sub 300 : OOB 0.3484 : L 73 : T 3.0 sec
Testing error 9: 0.3368
optimal d_sub 300 : OOB 0.3429 : L 117 : T 4.8 sec
Testing error 10: 0.3335
---
Average testing error over 10 splits: 0.3377 (+/- 0.0024)
