# -------------------------
# Ensemble classification
#  - Training samples: 10000 (5000/5000)
#  - Feature-space dimensionality: 22563
#  - L : automatic (min 25, max 500, length 50, eps 0.00500)
#  - d_sub : automatic (Eoob tolerance 0.0200, step 200)
#  - Seed 1 (subspaces) : 936475506
#  - Seed 2 (bootstrap) : 1901603
# -------------------------

 - d_sub 200 : OOB 0.4894 : L 1 : T 0.0 sec
 - d_sub 200 : OOB 0.4806 : L 2 : T 0.1 sec
 - d_sub 200 : OOB 0.4940 : L 3 : T 0.1 sec
 - d_sub 200 : OOB 0.4895 : L 4 : T 0.1 sec
 - d_sub 200 : OOB 0.4864 : L 5 : T 0.2 sec
 - d_sub 200 : OOB 0.4811 : L 6 : T 0.2 sec
 - d_sub 200 : OOB 0.4770 : L 7 : T 0.3 sec
 - d_sub 200 : OOB 0.4792 : L 8 : T 0.3 sec
 - d_sub 200 : OOB 0.4700 : L 9 : T 0.3 sec
 - d_sub 200 : OOB 0.4763 : L 10 : T 0.4 sec
 - d_sub 200 : OOB 0.4770 : L 11 : T 0.4 sec
 - d_sub 200 : OOB 0.4751 : L 12 : T 0.4 sec
 - d_sub 200 : OOB 0.4724 : L 13 : T 0.5 sec
 - d_sub 200 : OOB 0.4780 : L 14 : T 0.5 sec
 - d_sub 200 : OOB 0.4766 : L 15 : T 0.6 sec
 - d_sub 200 : OOB 0.4773 : L 16 : T 0.6 sec
 - d_sub 200 : OOB 0.4728 : L 17 : T 0.7 sec
 - d_sub 200 : OOB 0.4723 : L 18 : T 0.7 sec
 - d_sub 200 : OOB 0.4750 : L 19 : T 0.8 sec
 - d_sub 200 : OOB 0.4747 : L 20 : T 0.8 sec
 - d_sub 200 : OOB 0.4724 : L 21 : T 0.8 sec
 - d_sub 200 : OOB 0.4710 : L 22 : T 0.9 sec
 - d_sub 200 : OOB 0.4782 : L 23 : T 0.9 sec
 - d_sub 200 : OOB 0.4767 : L 24 : T 1.0 sec
 - d_sub 200 : OOB 0.4748 : L 25 : T 1.0 sec
 - d_sub 200 : OOB 0.4739 : L 26 : T 1.1 sec
 - d_sub 200 : OOB 0.4745 : L 27 : T 1.1 sec
 - d_sub 200 : OOB 0.4729 : L 28 : T 1.1 sec
 - d_sub 200 : OOB 0.4687 : L 29 : T 1.2 sec
 - d_sub 200 : OOB 0.4687 : L 30 : T 1.2 sec
 - d_sub 200 : OOB 0.4729 : L 31 : T 1.2 sec
 - d_sub 200 : OOB 0.4721 : L 32 : T 1.3 sec
 - d_sub 200 : OOB 0.4712 : L 33 : T 1.3 sec
 - d_sub 200 : OOB 0.4715 : L 34 : T 1.4 sec
 - d_sub 200 : OOB 0.4712 : L 35 : T 1.4 sec
 - d_sub 200 : OOB 0.4725 : L 36 : T 1.4 sec
 - d_sub 200 : OOB 0.4694 : L 37 : T 1.5 sec
 - d_sub 200 : OOB 0.4672 : L 38 : T 1.5 sec
 - d_sub 200 : OOB 0.4672 : L 39 : T 1.5 sec
 - d_sub 200 : OOB 0.4691 : L 40 : T 1.6 sec
 - d_sub 200 : OOB 0.4676 : L 41 : T 1.6 sec
 - d_sub 200 : OOB 0.4669 : L 42 : T 1.7 sec
 - d_sub 200 : OOB 0.4689 : L 43 : T 1.7 sec
 - d_sub 200 : OOB 0.4663 : L 44 : T 1.7 sec
 - d_sub 200 : OOB 0.4650 : L 45 : T 1.8 sec
 - d_sub 200 : OOB 0.4693 : L 46 : T 1.8 sec
 - d_sub 200 : OOB 0.4695 : L 47 : T 1.9 sec
 - d_sub 200 : OOB 0.4668 : L 48 : T 1.9 sec
 - d_sub 200 : OOB 0.4651 : L 49 : T 1.9 sec
 - d_sub 200 : OOB 0.4633 : L 50 : T 2.0 sec
 - d_sub 200 : OOB 0.4642 : L 51 : T 2.0 sec
 - d_sub 200 : OOB 0.4655 : L 52 : T 2.1 sec
 - d_sub 200 : OOB 0.4657 : L 53 : T 2.1 sec
 - d_sub 200 : OOB 0.4640 : L 54 : T 2.1 sec
 - d_sub 200 : OOB 0.4653 : L 55 : T 2.2 sec
 - d_sub 200 : OOB 0.4634 : L 56 : T 2.2 sec
 - d_sub 200 : OOB 0.4646 : L 57 : T 2.3 sec
 - d_sub 200 : OOB 0.4656 : L 58 : T 2.3 sec
 - d_sub 200 : OOB 0.4648 : L 59 : T 2.3 sec
 - d_sub 200 : OOB 0.4668 : L 60 : T 2.4 sec
 - d_sub 200 : OOB 0.4664 : L 61 : T 2.4 sec
 - d_sub 200 : OOB 0.4683 : L 62 : T 2.4 sec
 - d_sub 200 : OOB 0.4619 : L 63 : T 2.5 sec
 - d_sub 200 : OOB 0.4652 : L 64 : T 2.5 sec
 - d_sub 200 : OOB 0.4663 : L 65 : T 2.6 sec
 - d_sub 200 : OOB 0.4655 : L 66 : T 2.6 sec
 - d_sub 200 : OOB 0.4642 : L 67 : T 2.7 sec
 - d_sub 200 : OOB 0.4652 : L 68 : T 2.7 sec
 - d_sub 200 : OOB 0.4665 : L 69 : T 2.7 sec
 - d_sub 200 : OOB 0.4646 : L 70 : T 2.8 sec
 - d_sub 200 : OOB 0.4669 : L 71 : T 2.8 sec
 - d_sub 200 : OOB 0.4666 : L 72 : T 2.8 sec
 - d_sub 200 : OOB 0.4643 : L 73 : T 2.9 sec
 - d_sub 200 : OOB 0.4650 : L 74 : T 2.9 sec
 - d_sub 200 : OOB 0.4639 : L 75 : T 3.0 sec
 - d_sub 200 : OOB 0.4657 : L 76 : T 3.0 sec
 - d_sub 200 : OOB 0.4656 : L 77 : T 3.0 sec
 - d_sub 200 : OOB 0.4682 : L 78 : T 3.1 sec
 - d_sub 200 : OOB 0.4686 : L 79 : T 3.1 sec
 - d_sub 200 : OOB 0.4676 : L 80 : T 3.2 sec
 - d_sub 200 : OOB 0.4664 : L 81 : T 3.2 sec
 - d_sub 200 : OOB 0.4674 : L 82 : T 3.2 sec
 - d_sub 200 : OOB 0.4689 : L 83 : T 3.3 sec
 - d_sub 200 : OOB 0.4663 : L 84 : T 3.3 sec

 - d_sub 400 : OOB 0.5020 : L 1 : T 0.7 sec
 - d_sub 400 : OOB 0.4984 : L 2 : T 0.8 sec
 - d_sub 400 : OOB 0.4924 : L 3 : T 0.9 sec
 - d_sub 400 : OOB 0.4758 : L 4 : T 0.9 sec
 - d_sub 400 : OOB 0.4794 : L 5 : T 1.0 sec
 - d_sub 400 : OOB 0.4741 : L 6 : T 1.0 sec
 - d_sub 400 : OOB 0.4730 : L 7 : T 1.1 sec
 - d_sub 400 : OOB 0.4715 : L 8 : T 1.2 sec
 - d_sub 400 : OOB 0.4788 : L 9 : T 1.2 sec
 - d_sub 400 : OOB 0.4639 : L 10 : T 1.3 sec
 - d_sub 400 : OOB 0.4674 : L 11 : T 1.4 sec
 - d_sub 400 : OOB 0.4682 : L 12 : T 1.5 sec
 - d_sub 400 : OOB 0.4685 : L 13 : T 1.5 sec
 - d_sub 400 : OOB 0.4673 : L 14 : T 1.6 sec
 - d_sub 400 : OOB 0.4696 : L 15 : T 1.7 sec
 - d_sub 400 : OOB 0.4680 : L 16 : T 1.8 sec
 - d_sub 400 : OOB 0.4646 : L 17 : T 2.5 sec
 - d_sub 400 : OOB 0.4634 : L 18 : T 2.6 sec
 - d_sub 400 : OOB 0.4643 : L 19 : T 2.7 sec
 - d_sub 400 : OOB 0.4679 : L 20 : T 2.8 sec
 - d_sub 400 : OOB 0.4685 : L 21 : T 2.8 sec
 - d_sub 400 : OOB 0.4687 : L 22 : T 2.9 sec
 - d_sub 400 : OOB 0.4663 : L 23 : T 3.0 sec
 - d_sub 400 : OOB 0.4636 : L 24 : T 3.0 sec
 - d_sub 400 : OOB 0.4638 : L 25 : T 3.1 sec
 - d_sub 400 : OOB 0.4601 : L 26 : T 4.0 sec
 - d_sub 400 : OOB 0.4640 : L 27 : T 4.8 sec
 - d_sub 400 : OOB 0.4626 : L 28 : T 4.9 sec
 - d_sub 400 : OOB 0.4643 : L 29 : T 5.0 sec
 - d_sub 400 : OOB 0.4686 : L 30 : T 5.0 sec
 - d_sub 400 : OOB 0.4640 : L 31 : T 5.1 sec
 - d_sub 400 : OOB 0.4637 : L 32 : T 5.2 sec
 - d_sub 400 : OOB 0.4652 : L 33 : T 5.3 sec
 - d_sub 400 : OOB 0.4611 : L 34 : T 5.3 sec
 - d_sub 400 : OOB 0.4625 : L 35 : T 5.4 sec
 - d_sub 400 : OOB 0.4585 : L 36 : T 5.5 sec
 - d_sub 400 : OOB 0.4595 : L 37 : T 5.5 sec
 - d_sub 400 : OOB 0.4632 : L 38 : T 5.6 sec
 - d_sub 400 : OOB 0.4615 : L 39 : T 5.7 sec
 - d_sub 400 : OOB 0.4572 : L 40 : T 5.7 sec
 - d_sub 400 : OOB 0.4591 : L 41 : T 5.8 sec
 - d_sub 400 : OOB 0.4594 : L 42 : T 5.9 sec
 - d_sub 400 : OOB 0.4585 : L 43 : T 6.5 sec
 - d_sub 400 : OOB 0.4581 : L 44 : T 6.6 sec
 - d_sub 400 : OOB 0.4588 : L 45 : T 6.6 sec
 - d_sub 400 : OOB 0.4587 : L 46 : T 6.7 sec
 - d_sub 400 : OOB 0.4589 : L 47 : T 6.8 sec
 - d_sub 400 : OOB 0.4571 : L 48 : T 6.8 sec
 - d_sub 400 : OOB 0.4570 : L 49 : T 6.9 sec
 - d_sub 400 : OOB 0.4602 : L 50 : T 7.6 sec
 - d_sub 400 : OOB 0.4594 : L 51 : T 7.7 sec
 - d_sub 400 : OOB 0.4579 : L 52 : T 7.8 sec
 - d_sub 400 : OOB 0.4585 : L 53 : T 7.9 sec
 - d_sub 400 : OOB 0.4591 : L 54 : T 8.0 sec
 - d_sub 400 : OOB 0.4580 : L 55 : T 8.6 sec
 - d_sub 400 : OOB 0.4572 : L 56 : T 9.0 sec
 - d_sub 400 : OOB 0.4557 : L 57 : T 9.8 sec
 - d_sub 400 : OOB 0.4565 : L 58 : T 9.9 sec
 - d_sub 400 : OOB 0.4535 : L 59 : T 10.0 sec
 - d_sub 400 : OOB 0.4568 : L 60 : T 10.1 sec
 - d_sub 400 : OOB 0.4570 : L 61 : T 10.1 sec
 - d_sub 400 : OOB 0.4583 : L 62 : T 10.2 sec
 - d_sub 400 : OOB 0.4559 : L 63 : T 10.3 sec
 - d_sub 400 : OOB 0.4583 : L 64 : T 10.4 sec
 - d_sub 400 : OOB 0.4557 : L 65 : T 11.8 sec
 - d_sub 400 : OOB 0.4566 : L 66 : T 12.8 sec
 - d_sub 400 : OOB 0.4571 : L 67 : T 12.9 sec
 - d_sub 400 : OOB 0.4584 : L 68 : T 13.8 sec
 - d_sub 400 : OOB 0.4581 : L 69 : T 14.5 sec
 - d_sub 400 : OOB 0.4589 : L 70 : T 15.3 sec
 - d_sub 400 : OOB 0.4601 : L 71 : T 15.8 sec
 - d_sub 400 : OOB 0.4592 : L 72 : T 15.9 sec
 - d_sub 400 : OOB 0.4564 : L 73 : T 16.0 sec
 - d_sub 400 : OOB 0.4559 : L 74 : T 16.1 sec
 - d_sub 400 : OOB 0.4563 : L 75 : T 17.0 sec
 - d_sub 400 : OOB 0.4567 : L 76 : T 17.4 sec
 - d_sub 400 : OOB 0.4581 : L 77 : T 18.3 sec
 - d_sub 400 : OOB 0.4536 : L 78 : T 18.4 sec
 - d_sub 400 : OOB 0.4550 : L 79 : T 18.4 sec
 - d_sub 400 : OOB 0.4551 : L 80 : T 18.5 sec
 - d_sub 400 : OOB 0.4567 : L 81 : T 18.6 sec
 - d_sub 400 : OOB 0.4577 : L 82 : T 18.7 sec
 - d_sub 400 : OOB 0.4555 : L 83 : T 18.8 sec
 - d_sub 400 : OOB 0.4551 : L 84 : T 18.9 sec
 - d_sub 400 : OOB 0.4540 : L 85 : T 19.0 sec

 - d_sub 600 : OOB 0.5020 : L 1 : T 0.1 sec
 - d_sub 600 : OOB 0.4984 : L 2 : T 0.3 sec
 - d_sub 600 : OOB 0.4921 : L 3 : T 0.4 sec
 - d_sub 600 : OOB 0.4746 : L 4 : T 0.5 sec
 - d_sub 600 : OOB 0.4788 : L 5 : T 0.7 sec
 - d_sub 600 : OOB 0.4732 : L 6 : T 1.8 sec
 - d_sub 600 : OOB 0.4695 : L 7 : T 1.9 sec
 - d_sub 600 : OOB 0.4712 : L 8 : T 2.1 sec
 - d_sub 600 : OOB 0.4773 : L 9 : T 2.2 sec
 - d_sub 600 : OOB 0.4702 : L 10 : T 2.4 sec
 - d_sub 600 : OOB 0.4675 : L 11 : T 2.5 sec
 - d_sub 600 : OOB 0.4730 : L 12 : T 2.6 sec
 - d_sub 600 : OOB 0.4690 : L 13 : T 3.0 sec
 - d_sub 600 : OOB 0.4671 : L 14 : T 4.3 sec
 - d_sub 600 : OOB 0.4640 : L 15 : T 4.4 sec
 - d_sub 600 : OOB 0.4605 : L 16 : T 4.5 sec
 - d_sub 600 : OOB 0.4629 : L 17 : T 4.7 sec
 - d_sub 600 : OOB 0.4661 : L 18 : T 4.8 sec
 - d_sub 600 : OOB 0.4605 : L 19 : T 4.9 sec
 - d_sub 600 : OOB 0.4645 : L 20 : T 5.0 sec
 - d_sub 600 : OOB 0.4616 : L 21 : T 5.9 sec
 - d_sub 600 : OOB 0.4585 : L 22 : T 6.8 sec
 - d_sub 600 : OOB 0.4600 : L 23 : T 8.5 sec
 - d_sub 600 : OOB 0.4601 : L 24 : T 10.6 sec
 - d_sub 600 : OOB 0.4592 : L 25 : T 11.5 sec
 - d_sub 600 : OOB 0.4561 : L 26 : T 11.6 sec
 - d_sub 600 : OOB 0.4555 : L 27 : T 12.5 sec
 - d_sub 600 : OOB 0.4580 : L 28 : T 13.6 sec
 - d_sub 600 : OOB 0.4573 : L 29 : T 13.7 sec
 - d_sub 600 : OOB 0.4548 : L 30 : T 13.8 sec
 - d_sub 600 : OOB 0.4580 : L 31 : T 14.0 sec
 - d_sub 600 : OOB 0.4556 : L 32 : T 14.1 sec
 - d_sub 600 : OOB 0.4574 : L 33 : T 14.2 sec
 - d_sub 600 : OOB 0.4558 : L 34 : T 14.3 sec
 - d_sub 600 : OOB 0.4588 : L 35 : T 14.4 sec
 - d_sub 600 : OOB 0.4575 : L 36 : T 14.6 sec
 - d_sub 600 : OOB 0.4600 : L 37 : T 15.6 sec
 - d_sub 600 : OOB 0.4581 : L 38 : T 15.7 sec
 - d_sub 600 : OOB 0.4579 : L 39 : T 15.9 sec
 - d_sub 600 : OOB 0.4573 : L 40 : T 16.0 sec
 - d_sub 600 : OOB 0.4570 : L 41 : T 16.1 sec
 - d_sub 600 : OOB 0.4524 : L 42 : T 17.1 sec
 - d_sub 600 : OOB 0.4568 : L 43 : T 18.3 sec
 - d_sub 600 : OOB 0.4548 : L 44 : T 18.4 sec
 - d_sub 600 : OOB 0.4578 : L 45 : T 19.2 sec
 - d_sub 600 : OOB 0.4570 : L 46 : T 20.7 sec
 - d_sub 600 : OOB 0.4559 : L 47 : T 21.7 sec
 - d_sub 600 : OOB 0.4551 : L 48 : T 21.8 sec
 - d_sub 600 : OOB 0.4546 : L 49 : T 21.9 sec
 - d_sub 600 : OOB 0.4556 : L 50 : T 22.0 sec
 - d_sub 600 : OOB 0.4522 : L 51 : T 22.1 sec
 - d_sub 600 : OOB 0.4544 : L 52 : T 22.2 sec
 - d_sub 600 : OOB 0.4559 : L 53 : T 22.4 sec
 - d_sub 600 : OOB 0.4544 : L 54 : T 22.5 sec
 - d_sub 600 : OOB 0.4546 : L 55 : T 23.6 sec
 - d_sub 600 : OOB 0.4542 : L 56 : T 24.6 sec
 - d_sub 600 : OOB 0.4529 : L 57 : T 24.7 sec
 - d_sub 600 : OOB 0.4562 : L 58 : T 24.8 sec
 - d_sub 600 : OOB 0.4535 : L 59 : T 24.9 sec
 - d_sub 600 : OOB 0.4524 : L 60 : T 25.0 sec
 - d_sub 600 : OOB 0.4519 : L 61 : T 25.2 sec
 - d_sub 600 : OOB 0.4527 : L 62 : T 26.2 sec
 - d_sub 600 : OOB 0.4520 : L 63 : T 26.4 sec
 - d_sub 600 : OOB 0.4498 : L 64 : T 26.5 sec
 - d_sub 600 : OOB 0.4524 : L 65 : T 26.8 sec
 - d_sub 600 : OOB 0.4499 : L 66 : T 27.0 sec
 - d_sub 600 : OOB 0.4508 : L 67 : T 27.1 sec
 - d_sub 600 : OOB 0.4507 : L 68 : T 27.2 sec
 - d_sub 600 : OOB 0.4513 : L 69 : T 27.3 sec
 - d_sub 600 : OOB 0.4513 : L 70 : T 27.5 sec
 - d_sub 600 : OOB 0.4532 : L 71 : T 27.6 sec
 - d_sub 600 : OOB 0.4521 : L 72 : T 27.8 sec
 - d_sub 600 : OOB 0.4527 : L 73 : T 27.9 sec
 - d_sub 600 : OOB 0.4544 : L 74 : T 28.0 sec
 - d_sub 600 : OOB 0.4540 : L 75 : T 28.3 sec
 - d_sub 600 : OOB 0.4542 : L 76 : T 28.5 sec
 - d_sub 600 : OOB 0.4534 : L 77 : T 28.6 sec
 - d_sub 600 : OOB 0.4538 : L 78 : T 28.8 sec
 - d_sub 600 : OOB 0.4527 : L 79 : T 28.9 sec
 - d_sub 600 : OOB 0.4514 : L 80 : T 29.0 sec
 - d_sub 600 : OOB 0.4509 : L 81 : T 29.3 sec
 - d_sub 600 : OOB 0.4515 : L 82 : T 29.4 sec
 - d_sub 600 : OOB 0.4501 : L 83 : T 29.5 sec
 - d_sub 600 : OOB 0.4522 : L 84 : T 29.9 sec
 - d_sub 600 : OOB 0.4509 : L 85 : T 30.8 sec
 - d_sub 600 : OOB 0.4502 : L 86 : T 31.1 sec
 - d_sub 600 : OOB 0.4503 : L 87 : T 32.3 sec
 - d_sub 600 : OOB 0.4491 : L 88 : T 32.4 sec
 - d_sub 600 : OOB 0.4499 : L 89 : T 32.5 sec
 - d_sub 600 : OOB 0.4510 : L 90 : T 32.7 sec
 - d_sub 600 : OOB 0.4505 : L 91 : T 32.8 sec
 - d_sub 600 : OOB 0.4506 : L 92 : T 33.0 sec
 - d_sub 600 : OOB 0.4509 : L 93 : T 33.1 sec
 - d_sub 600 : OOB 0.4516 : L 94 : T 33.2 sec
 - d_sub 600 : OOB 0.4497 : L 95 : T 34.0 sec
 - d_sub 600 : OOB 0.4503 : L 96 : T 34.1 sec

 - d_sub 800 : OOB 0.5020 : L 1 : T 1.0 sec
 - d_sub 800 : OOB 0.4876 : L 2 : T 2.4 sec
 - d_sub 800 : OOB 0.4901 : L 3 : T 3.9 sec
 - d_sub 800 : OOB 0.4880 : L 4 : T 4.8 sec
 - d_sub 800 : OOB 0.4884 : L 5 : T 5.6 sec
 - d_sub 800 : OOB 0.4768 : L 6 : T 5.8 sec
 - d_sub 800 : OOB 0.4864 : L 7 : T 5.9 sec
 - d_sub 800 : OOB 0.4868 : L 8 : T 6.1 sec
 - d_sub 800 : OOB 0.4901 : L 9 : T 6.3 sec
 - d_sub 800 : OOB 0.4754 : L 10 : T 6.5 sec
 - d_sub 800 : OOB 0.4772 : L 11 : T 6.6 sec
 - d_sub 800 : OOB 0.4742 : L 12 : T 6.8 sec
 - d_sub 800 : OOB 0.4732 : L 13 : T 8.0 sec
 - d_sub 800 : OOB 0.4721 : L 14 : T 9.7 sec
 - d_sub 800 : OOB 0.4736 : L 15 : T 11.7 sec
 - d_sub 800 : OOB 0.4774 : L 16 : T 11.9 sec
 - d_sub 800 : OOB 0.4680 : L 17 : T 12.0 sec
 - d_sub 800 : OOB 0.4687 : L 18 : T 13.2 sec
 - d_sub 800 : OOB 0.4649 : L 19 : T 13.4 sec
 - d_sub 800 : OOB 0.4629 : L 20 : T 14.1 sec
 - d_sub 800 : OOB 0.4596 : L 21 : T 15.6 sec
 - d_sub 800 : OOB 0.4650 : L 22 : T 17.1 sec
 - d_sub 800 : OOB 0.4625 : L 23 : T 17.4 sec
 - d_sub 800 : OOB 0.4593 : L 24 : T 17.6 sec
 - d_sub 800 : OOB 0.4567 : L 25 : T 18.6 sec
 - d_sub 800 : OOB 0.4583 : L 26 : T 19.4 sec
 - d_sub 800 : OOB 0.4614 : L 27 : T 20.1 sec
 - d_sub 800 : OOB 0.4608 : L 28 : T 21.2 sec
 - d_sub 800 : OOB 0.4565 : L 29 : T 21.3 sec
 - d_sub 800 : OOB 0.4593 : L 30 : T 21.5 sec
 - d_sub 800 : OOB 0.4543 : L 31 : T 21.9 sec
 - d_sub 800 : OOB 0.4554 : L 32 : T 22.0 sec
 - d_sub 800 : OOB 0.4530 : L 33 : T 22.2 sec
 - d_sub 800 : OOB 0.4546 : L 34 : T 22.4 sec
 - d_sub 800 : OOB 0.4564 : L 35 : T 22.5 sec
 - d_sub 800 : OOB 0.4563 : L 36 : T 22.7 sec
 - d_sub 800 : OOB 0.4556 : L 37 : T 22.8 sec
 - d_sub 800 : OOB 0.4543 : L 38 : T 23.0 sec
 - d_sub 800 : OOB 0.4536 : L 39 : T 23.2 sec
 - d_sub 800 : OOB 0.4545 : L 40 : T 23.3 sec
 - d_sub 800 : OOB 0.4516 : L 41 : T 23.5 sec
 - d_sub 800 : OOB 0.4512 : L 42 : T 23.7 sec
 - d_sub 800 : OOB 0.4485 : L 43 : T 23.8 sec
 - d_sub 800 : OOB 0.4507 : L 44 : T 24.0 sec
 - d_sub 800 : OOB 0.4494 : L 45 : T 24.1 sec
 - d_sub 800 : OOB 0.4492 : L 46 : T 24.3 sec
 - d_sub 800 : OOB 0.4523 : L 47 : T 24.5 sec
 - d_sub 800 : OOB 0.4500 : L 48 : T 24.7 sec
 - d_sub 800 : OOB 0.4479 : L 49 : T 24.9 sec
 - d_sub 800 : OOB 0.4500 : L 50 : T 25.1 sec
 - d_sub 800 : OOB 0.4509 : L 51 : T 25.2 sec
 - d_sub 800 : OOB 0.4502 : L 52 : T 25.4 sec
 - d_sub 800 : OOB 0.4522 : L 53 : T 25.6 sec
 - d_sub 800 : OOB 0.4489 : L 54 : T 27.0 sec
 - d_sub 800 : OOB 0.4507 : L 55 : T 27.2 sec
 - d_sub 800 : OOB 0.4498 : L 56 : T 27.3 sec
 - d_sub 800 : OOB 0.4485 : L 57 : T 27.5 sec
 - d_sub 800 : OOB 0.4491 : L 58 : T 27.7 sec
 - d_sub 800 : OOB 0.4488 : L 59 : T 27.9 sec
 - d_sub 800 : OOB 0.4502 : L 60 : T 28.0 sec
 - d_sub 800 : OOB 0.4471 : L 61 : T 28.3 sec
 - d_sub 800 : OOB 0.4491 : L 62 : T 28.5 sec
 - d_sub 800 : OOB 0.4485 : L 63 : T 28.7 sec
 - d_sub 800 : OOB 0.4514 : L 64 : T 28.9 sec
 - d_sub 800 : OOB 0.4511 : L 65 : T 29.0 sec
 - d_sub 800 : OOB 0.4517 : L 66 : T 29.2 sec
 - d_sub 800 : OOB 0.4510 : L 67 : T 29.4 sec
 - d_sub 800 : OOB 0.4494 : L 68 : T 29.6 sec
 - d_sub 800 : OOB 0.4522 : L 69 : T 29.7 sec
 - d_sub 800 : OOB 0.4510 : L 70 : T 29.9 sec
 - d_sub 800 : OOB 0.4510 : L 71 : T 30.2 sec
 - d_sub 800 : OOB 0.4517 : L 72 : T 30.4 sec
 - d_sub 800 : OOB 0.4485 : L 73 : T 30.5 sec
 - d_sub 800 : OOB 0.4520 : L 74 : T 30.7 sec
 - d_sub 800 : OOB 0.4528 : L 75 : T 30.9 sec
 - d_sub 800 : OOB 0.4477 : L 76 : T 31.1 sec
 - d_sub 800 : OOB 0.4524 : L 77 : T 31.4 sec
 - d_sub 800 : OOB 0.4503 : L 78 : T 31.7 sec
 - d_sub 800 : OOB 0.4541 : L 79 : T 31.9 sec
 - d_sub 800 : OOB 0.4496 : L 80 : T 32.0 sec
 - d_sub 800 : OOB 0.4507 : L 81 : T 32.4 sec
 - d_sub 800 : OOB 0.4503 : L 82 : T 32.6 sec
 - d_sub 800 : OOB 0.4499 : L 83 : T 32.8 sec
 - d_sub 800 : OOB 0.4506 : L 84 : T 32.9 sec
 - d_sub 800 : OOB 0.4466 : L 85 : T 33.1 sec
 - d_sub 800 : OOB 0.4504 : L 86 : T 33.3 sec
 - d_sub 800 : OOB 0.4469 : L 87 : T 33.5 sec

 - d_sub 1000 : OOB 0.4837 : L 1 : T 0.2 sec
 - d_sub 1000 : OOB 0.4752 : L 2 : T 0.8 sec
 - d_sub 1000 : OOB 0.4909 : L 3 : T 1.0 sec
 - d_sub 1000 : OOB 0.4804 : L 4 : T 1.3 sec
 - d_sub 1000 : OOB 0.4748 : L 5 : T 1.6 sec
 - d_sub 1000 : OOB 0.4708 : L 6 : T 1.8 sec
 - d_sub 1000 : OOB 0.4669 : L 7 : T 2.1 sec
 - d_sub 1000 : OOB 0.4645 : L 8 : T 2.4 sec
 - d_sub 1000 : OOB 0.4658 : L 9 : T 2.6 sec
 - d_sub 1000 : OOB 0.4614 : L 10 : T 2.8 sec
 - d_sub 1000 : OOB 0.4592 : L 11 : T 3.1 sec
 - d_sub 1000 : OOB 0.4615 : L 12 : T 3.3 sec
 - d_sub 1000 : OOB 0.4586 : L 13 : T 3.6 sec
 - d_sub 1000 : OOB 0.4626 : L 14 : T 3.8 sec
 - d_sub 1000 : OOB 0.4568 : L 15 : T 4.0 sec
 - d_sub 1000 : OOB 0.4614 : L 16 : T 4.2 sec
 - d_sub 1000 : OOB 0.4526 : L 17 : T 4.5 sec
 - d_sub 1000 : OOB 0.4543 : L 18 : T 4.7 sec
 - d_sub 1000 : OOB 0.4582 : L 19 : T 5.0 sec
 - d_sub 1000 : OOB 0.4538 : L 20 : T 5.2 sec
 - d_sub 1000 : OOB 0.4550 : L 21 : T 5.5 sec
 - d_sub 1000 : OOB 0.4604 : L 22 : T 5.7 sec
 - d_sub 1000 : OOB 0.4549 : L 23 : T 6.0 sec
 - d_sub 1000 : OOB 0.4562 : L 24 : T 6.3 sec
 - d_sub 1000 : OOB 0.4529 : L 25 : T 6.6 sec
 - d_sub 1000 : OOB 0.4537 : L 26 : T 6.9 sec
 - d_sub 1000 : OOB 0.4517 : L 27 : T 7.2 sec
 - d_sub 1000 : OOB 0.4522 : L 28 : T 7.4 sec
 - d_sub 1000 : OOB 0.4512 : L 29 : T 7.7 sec
 - d_sub 1000 : OOB 0.4525 : L 30 : T 8.0 sec
 - d_sub 1000 : OOB 0.4495 : L 31 : T 8.3 sec
 - d_sub 1000 : OOB 0.4533 : L 32 : T 8.6 sec
 - d_sub 1000 : OOB 0.4460 : L 33 : T 8.8 sec
 - d_sub 1000 : OOB 0.4484 : L 34 : T 9.1 sec
 - d_sub 1000 : OOB 0.4499 : L 35 : T 9.4 sec
 - d_sub 1000 : OOB 0.4470 : L 36 : T 9.6 sec
 - d_sub 1000 : OOB 0.4469 : L 37 : T 9.9 sec
 - d_sub 1000 : OOB 0.4475 : L 38 : T 10.2 sec
 - d_sub 1000 : OOB 0.4492 : L 39 : T 10.4 sec
 - d_sub 1000 : OOB 0.4439 : L 40 : T 10.6 sec
 - d_sub 1000 : OOB 0.4478 : L 41 : T 10.9 sec
 - d_sub 1000 : OOB 0.4505 : L 42 : T 11.2 sec
 - d_sub 1000 : OOB 0.4510 : L 43 : T 11.4 sec
 - d_sub 1000 : OOB 0.4504 : L 44 : T 11.7 sec
 - d_sub 1000 : OOB 0.4513 : L 45 : T 12.0 sec
 - d_sub 1000 : OOB 0.4474 : L 46 : T 12.2 sec
 - d_sub 1000 : OOB 0.4475 : L 47 : T 12.5 sec
 - d_sub 1000 : OOB 0.4461 : L 48 : T 12.7 sec
 - d_sub 1000 : OOB 0.4448 : L 49 : T 13.0 sec
 - d_sub 1000 : OOB 0.4488 : L 50 : T 13.3 sec
 - d_sub 1000 : OOB 0.4461 : L 51 : T 13.5 sec
 - d_sub 1000 : OOB 0.4441 : L 52 : T 13.8 sec
 - d_sub 1000 : OOB 0.4458 : L 53 : T 14.0 sec
 - d_sub 1000 : OOB 0.4449 : L 54 : T 14.3 sec
 - d_sub 1000 : OOB 0.4460 : L 55 : T 14.5 sec
 - d_sub 1000 : OOB 0.4460 : L 56 : T 14.7 sec
 - d_sub 1000 : OOB 0.4470 : L 57 : T 15.0 sec
 - d_sub 1000 : OOB 0.4456 : L 58 : T 15.3 sec
 - d_sub 1000 : OOB 0.4465 : L 59 : T 15.5 sec
 - d_sub 1000 : OOB 0.4474 : L 60 : T 15.8 sec
 - d_sub 1000 : OOB 0.4476 : L 61 : T 16.1 sec
 - d_sub 1000 : OOB 0.4484 : L 62 : T 16.3 sec
 - d_sub 1000 : OOB 0.4461 : L 63 : T 16.6 sec
 - d_sub 1000 : OOB 0.4467 : L 64 : T 16.8 sec
 - d_sub 1000 : OOB 0.4471 : L 65 : T 17.0 sec
 - d_sub 1000 : OOB 0.4473 : L 66 : T 17.3 sec
 - d_sub 1000 : OOB 0.4461 : L 67 : T 17.5 sec
 - d_sub 1000 : OOB 0.4441 : L 68 : T 17.7 sec
 - d_sub 1000 : OOB 0.4470 : L 69 : T 18.0 sec
 - d_sub 1000 : OOB 0.4473 : L 70 : T 18.3 sec
 - d_sub 1000 : OOB 0.4443 : L 71 : T 18.5 sec
 - d_sub 1000 : OOB 0.4450 : L 72 : T 18.7 sec
 - d_sub 1000 : OOB 0.4455 : L 73 : T 19.0 sec
 - d_sub 1000 : OOB 0.4450 : L 74 : T 19.2 sec
 - d_sub 1000 : OOB 0.4451 : L 75 : T 19.4 sec
 - d_sub 1000 : OOB 0.4447 : L 76 : T 19.6 sec
 - d_sub 1000 : OOB 0.4464 : L 77 : T 19.8 sec
 - d_sub 1000 : OOB 0.4492 : L 78 : T 20.0 sec
 - d_sub 1000 : OOB 0.4480 : L 79 : T 20.2 sec
 - d_sub 1000 : OOB 0.4437 : L 80 : T 20.5 sec
 - d_sub 1000 : OOB 0.4469 : L 81 : T 20.7 sec
 - d_sub 1000 : OOB 0.4471 : L 82 : T 20.9 sec
 - d_sub 1000 : OOB 0.4463 : L 83 : T 21.1 sec
 - d_sub 1000 : OOB 0.4472 : L 84 : T 21.3 sec
 - d_sub 1000 : OOB 0.4455 : L 85 : T 21.6 sec
 - d_sub 1000 : OOB 0.4463 : L 86 : T 21.8 sec
 - d_sub 1000 : OOB 0.4444 : L 87 : T 22.1 sec
 - d_sub 1000 : OOB 0.4427 : L 88 : T 22.3 sec
 - d_sub 1000 : OOB 0.4462 : L 89 : T 22.5 sec
 - d_sub 1000 : OOB 0.4435 : L 90 : T 22.8 sec
 - d_sub 1000 : OOB 0.4436 : L 91 : T 23.0 sec
 - d_sub 1000 : OOB 0.4454 : L 92 : T 23.2 sec
 - d_sub 1000 : OOB 0.4450 : L 93 : T 23.5 sec

 - d_sub 1200 : OOB 0.5020 : L 1 : T 0.3 sec
 - d_sub 1200 : OOB 0.4984 : L 2 : T 0.6 sec
 - d_sub 1200 : OOB 0.5051 : L 3 : T 0.9 sec
 - d_sub 1200 : OOB 0.4897 : L 4 : T 1.3 sec
 - d_sub 1200 : OOB 0.4788 : L 5 : T 1.6 sec
 - d_sub 1200 : OOB 0.4768 : L 6 : T 1.9 sec
 - d_sub 1200 : OOB 0.4694 : L 7 : T 2.2 sec
 - d_sub 1200 : OOB 0.4728 : L 8 : T 2.5 sec
 - d_sub 1200 : OOB 0.4668 : L 9 : T 2.9 sec
 - d_sub 1200 : OOB 0.4648 : L 10 : T 3.2 sec
 - d_sub 1200 : OOB 0.4584 : L 11 : T 3.5 sec
 - d_sub 1200 : OOB 0.4594 : L 12 : T 3.8 sec
 - d_sub 1200 : OOB 0.4582 : L 13 : T 4.1 sec
 - d_sub 1200 : OOB 0.4564 : L 14 : T 4.4 sec
 - d_sub 1200 : OOB 0.4604 : L 15 : T 4.7 sec
 - d_sub 1200 : OOB 0.4608 : L 16 : T 5.0 sec
 - d_sub 1200 : OOB 0.4581 : L 17 : T 5.3 sec
 - d_sub 1200 : OOB 0.4556 : L 18 : T 5.6 sec
 - d_sub 1200 : OOB 0.4563 : L 19 : T 5.8 sec
 - d_sub 1200 : OOB 0.4528 : L 20 : T 6.1 sec
 - d_sub 1200 : OOB 0.4527 : L 21 : T 6.4 sec
 - d_sub 1200 : OOB 0.4553 : L 22 : T 6.7 sec
 - d_sub 1200 : OOB 0.4529 : L 23 : T 7.0 sec
 - d_sub 1200 : OOB 0.4541 : L 24 : T 7.3 sec
 - d_sub 1200 : OOB 0.4569 : L 25 : T 7.6 sec
 - d_sub 1200 : OOB 0.4542 : L 26 : T 7.8 sec
 - d_sub 1200 : OOB 0.4513 : L 27 : T 8.1 sec
 - d_sub 1200 : OOB 0.4554 : L 28 : T 8.4 sec
 - d_sub 1200 : OOB 0.4531 : L 29 : T 8.7 sec
 - d_sub 1200 : OOB 0.4512 : L 30 : T 9.0 sec
 - d_sub 1200 : OOB 0.4528 : L 31 : T 9.3 sec
 - d_sub 1200 : OOB 0.4518 : L 32 : T 9.5 sec
 - d_sub 1200 : OOB 0.4495 : L 33 : T 9.8 sec
 - d_sub 1200 : OOB 0.4492 : L 34 : T 10.1 sec
 - d_sub 1200 : OOB 0.4504 : L 35 : T 10.4 sec
 - d_sub 1200 : OOB 0.4524 : L 36 : T 10.6 sec
 - d_sub 1200 : OOB 0.4520 : L 37 : T 10.9 sec
 - d_sub 1200 : OOB 0.4519 : L 38 : T 11.2 sec
 - d_sub 1200 : OOB 0.4505 : L 39 : T 11.5 sec
 - d_sub 1200 : OOB 0.4529 : L 40 : T 11.7 sec
 - d_sub 1200 : OOB 0.4530 : L 41 : T 12.0 sec
 - d_sub 1200 : OOB 0.4508 : L 42 : T 12.3 sec
 - d_sub 1200 : OOB 0.4507 : L 43 : T 12.6 sec
 - d_sub 1200 : OOB 0.4537 : L 44 : T 12.9 sec
 - d_sub 1200 : OOB 0.4521 : L 45 : T 13.2 sec
 - d_sub 1200 : OOB 0.4505 : L 46 : T 13.5 sec
 - d_sub 1200 : OOB 0.4507 : L 47 : T 13.7 sec
 - d_sub 1200 : OOB 0.4531 : L 48 : T 14.0 sec
 - d_sub 1200 : OOB 0.4504 : L 49 : T 14.3 sec
 - d_sub 1200 : OOB 0.4476 : L 50 : T 14.6 sec
 - d_sub 1200 : OOB 0.4498 : L 51 : T 14.9 sec
 - d_sub 1200 : OOB 0.4498 : L 52 : T 15.1 sec
 - d_sub 1200 : OOB 0.4478 : L 53 : T 15.4 sec
 - d_sub 1200 : OOB 0.4480 : L 54 : T 15.7 sec
 - d_sub 1200 : OOB 0.4469 : L 55 : T 16.0 sec
 - d_sub 1200 : OOB 0.4485 : L 56 : T 16.2 sec
 - d_sub 1200 : OOB 0.4477 : L 57 : T 16.5 sec
 - d_sub 1200 : OOB 0.4465 : L 58 : T 16.8 sec
 - d_sub 1200 : OOB 0.4483 : L 59 : T 17.1 sec
 - d_sub 1200 : OOB 0.4475 : L 60 : T 17.4 sec
 - d_sub 1200 : OOB 0.4468 : L 61 : T 17.6 sec
 - d_sub 1200 : OOB 0.4467 : L 62 : T 17.9 sec
 - d_sub 1200 : OOB 0.4450 : L 63 : T 18.2 sec
 - d_sub 1200 : OOB 0.4469 : L 64 : T 18.5 sec
 - d_sub 1200 : OOB 0.4463 : L 65 : T 18.8 sec
 - d_sub 1200 : OOB 0.4460 : L 66 : T 19.1 sec
 - d_sub 1200 : OOB 0.4460 : L 67 : T 19.4 sec
 - d_sub 1200 : OOB 0.4452 : L 68 : T 19.7 sec
 - d_sub 1200 : OOB 0.4465 : L 69 : T 19.9 sec
 - d_sub 1200 : OOB 0.4432 : L 70 : T 20.2 sec
 - d_sub 1200 : OOB 0.4452 : L 71 : T 20.5 sec
 - d_sub 1200 : OOB 0.4446 : L 72 : T 20.8 sec
 - d_sub 1200 : OOB 0.4434 : L 73 : T 21.0 sec
 - d_sub 1200 : OOB 0.4441 : L 74 : T 21.4 sec
 - d_sub 1200 : OOB 0.4470 : L 75 : T 21.7 sec
 - d_sub 1200 : OOB 0.4433 : L 76 : T 22.0 sec
 - d_sub 1200 : OOB 0.4455 : L 77 : T 22.3 sec
 - d_sub 1200 : OOB 0.4428 : L 78 : T 22.5 sec
 - d_sub 1200 : OOB 0.4419 : L 79 : T 22.8 sec
 - d_sub 1200 : OOB 0.4476 : L 80 : T 23.8 sec
 - d_sub 1200 : OOB 0.4440 : L 81 : T 26.3 sec
 - d_sub 1200 : OOB 0.4451 : L 82 : T 29.1 sec
 - d_sub 1200 : OOB 0.4473 : L 83 : T 29.3 sec
 - d_sub 1200 : OOB 0.4461 : L 84 : T 30.4 sec
 - d_sub 1200 : OOB 0.4447 : L 85 : T 32.5 sec
 - d_sub 1200 : OOB 0.4445 : L 86 : T 34.9 sec
 - d_sub 1200 : OOB 0.4455 : L 87 : T 37.2 sec
 - d_sub 1200 : OOB 0.4468 : L 88 : T 39.2 sec
 - d_sub 1200 : OOB 0.4445 : L 89 : T 41.6 sec
 - d_sub 1200 : OOB 0.4462 : L 90 : T 43.3 sec
 - d_sub 1200 : OOB 0.4471 : L 91 : T 44.6 sec
 - d_sub 1200 : OOB 0.4470 : L 92 : T 46.4 sec
 - d_sub 1200 : OOB 0.4446 : L 93 : T 46.7 sec
 - d_sub 1200 : OOB 0.4465 : L 94 : T 47.0 sec
 - d_sub 1200 : OOB 0.4454 : L 95 : T 47.3 sec
 - d_sub 1200 : OOB 0.4464 : L 96 : T 47.6 sec
 - d_sub 1200 : OOB 0.4465 : L 97 : T 47.9 sec
 - d_sub 1200 : OOB 0.4471 : L 98 : T 48.1 sec
# -------------------------
optimal d_sub 1000 : OOB 0.4450 : L 93 : T 161.5 sec
Testing error: 0.4422
# -------------------------
# Ensemble classification
#  - Training samples: 10000 (5000/5000)
#  - Feature-space dimensionality: 22563
#  - L : automatic (min 25, max 500, length 50, eps 0.00500)
#  - d_sub : 300
#  - Seed 1 (subspaces) : 383482964
#  - Seed 2 (bootstrap) : 229863790
# -------------------------

 - d_sub 300 : OOB 0.5020 : L 1 : T 0.1 sec
 - d_sub 300 : OOB 0.4984 : L 2 : T 0.1 sec
 - d_sub 300 : OOB 0.5051 : L 3 : T 0.2 sec
 - d_sub 300 : OOB 0.4951 : L 4 : T 0.2 sec
 - d_sub 300 : OOB 0.4840 : L 5 : T 0.3 sec
 - d_sub 300 : OOB 0.4864 : L 6 : T 0.3 sec
 - d_sub 300 : OOB 0.4834 : L 7 : T 0.4 sec
 - d_sub 300 : OOB 0.4752 : L 8 : T 0.4 sec
 - d_sub 300 : OOB 0.4734 : L 9 : T 0.5 sec
 - d_sub 300 : OOB 0.4745 : L 10 : T 0.5 sec
 - d_sub 300 : OOB 0.4735 : L 11 : T 0.6 sec
 - d_sub 300 : OOB 0.4738 : L 12 : T 0.6 sec
 - d_sub 300 : OOB 0.4754 : L 13 : T 0.7 sec
 - d_sub 300 : OOB 0.4710 : L 14 : T 0.7 sec
 - d_sub 300 : OOB 0.4685 : L 15 : T 0.8 sec
 - d_sub 300 : OOB 0.4655 : L 16 : T 0.8 sec
 - d_sub 300 : OOB 0.4687 : L 17 : T 0.9 sec
 - d_sub 300 : OOB 0.4665 : L 18 : T 0.9 sec
 - d_sub 300 : OOB 0.4712 : L 19 : T 1.0 sec
 - d_sub 300 : OOB 0.4690 : L 20 : T 1.0 sec
 - d_sub 300 : OOB 0.4697 : L 21 : T 1.1 sec
 - d_sub 300 : OOB 0.4676 : L 22 : T 1.1 sec
 - d_sub 300 : OOB 0.4657 : L 23 : T 1.2 sec
 - d_sub 300 : OOB 0.4681 : L 24 : T 1.2 sec
 - d_sub 300 : OOB 0.4628 : L 25 : T 1.3 sec
 - d_sub 300 : OOB 0.4653 : L 26 : T 1.3 sec
 - d_sub 300 : OOB 0.4632 : L 27 : T 1.4 sec
 - d_sub 300 : OOB 0.4618 : L 28 : T 1.4 sec
 - d_sub 300 : OOB 0.4680 : L 29 : T 1.5 sec
 - d_sub 300 : OOB 0.4634 : L 30 : T 1.5 sec
 - d_sub 300 : OOB 0.4665 : L 31 : T 1.6 sec
 - d_sub 300 : OOB 0.4681 : L 32 : T 1.7 sec
 - d_sub 300 : OOB 0.4649 : L 33 : T 1.7 sec
 - d_sub 300 : OOB 0.4630 : L 34 : T 1.8 sec
 - d_sub 300 : OOB 0.4636 : L 35 : T 1.8 sec
 - d_sub 300 : OOB 0.4659 : L 36 : T 1.9 sec
 - d_sub 300 : OOB 0.4636 : L 37 : T 1.9 sec
 - d_sub 300 : OOB 0.4664 : L 38 : T 2.0 sec
 - d_sub 300 : OOB 0.4633 : L 39 : T 2.0 sec
 - d_sub 300 : OOB 0.4641 : L 40 : T 2.1 sec
 - d_sub 300 : OOB 0.4645 : L 41 : T 2.1 sec
 - d_sub 300 : OOB 0.4653 : L 42 : T 2.2 sec
 - d_sub 300 : OOB 0.4626 : L 43 : T 2.2 sec
 - d_sub 300 : OOB 0.4616 : L 44 : T 2.3 sec
 - d_sub 300 : OOB 0.4650 : L 45 : T 2.3 sec
 - d_sub 300 : OOB 0.4646 : L 46 : T 2.4 sec
 - d_sub 300 : OOB 0.4639 : L 47 : T 2.4 sec
 - d_sub 300 : OOB 0.4643 : L 48 : T 2.5 sec
 - d_sub 300 : OOB 0.4659 : L 49 : T 2.5 sec
 - d_sub 300 : OOB 0.4665 : L 50 : T 2.6 sec
 - d_sub 300 : OOB 0.4623 : L 51 : T 2.6 sec
 - d_sub 300 : OOB 0.4649 : L 52 : T 2.7 sec
 - d_sub 300 : OOB 0.4634 : L 53 : T 2.7 sec
 - d_sub 300 : OOB 0.4641 : L 54 : T 2.8 sec
 - d_sub 300 : OOB 0.4621 : L 55 : T 2.8 sec
 - d_sub 300 : OOB 0.4631 : L 56 : T 2.9 sec
 - d_sub 300 : OOB 0.4640 : L 57 : T 2.9 sec
 - d_sub 300 : OOB 0.4652 : L 58 : T 3.0 sec
 - d_sub 300 : OOB 0.4642 : L 59 : T 3.0 sec
 - d_sub 300 : OOB 0.4661 : L 60 : T 3.1 sec
 - d_sub 300 : OOB 0.4627 : L 61 : T 3.1 sec
 - d_sub 300 : OOB 0.4626 : L 62 : T 3.2 sec
 - d_sub 300 : OOB 0.4631 : L 63 : T 3.2 sec
 - d_sub 300 : OOB 0.4622 : L 64 : T 3.3 sec
 - d_sub 300 : OOB 0.4636 : L 65 : T 3.4 sec
 - d_sub 300 : OOB 0.4628 : L 66 : T 3.4 sec
 - d_sub 300 : OOB 0.4638 : L 67 : T 3.4 sec
 - d_sub 300 : OOB 0.4636 : L 68 : T 3.5 sec
 - d_sub 300 : OOB 0.4650 : L 69 : T 3.5 sec
 - d_sub 300 : OOB 0.4652 : L 70 : T 3.6 sec
# -------------------------
optimal d_sub 300 : OOB 0.4652 : L 70 : T 3.6 sec
# -------------------------
# Ensemble classification
#  - Training samples: 10000 (5000/5000)
#  - Feature-space dimensionality: 22563
#  - L : 30
#  - d_sub : 300
#  - Seed 1 (subspaces) : 135039539
#  - Seed 2 (bootstrap) : 594064838
# -------------------------

 - d_sub 300 : OOB 0.5020 : L 1 : T 0.1 sec
 - d_sub 300 : OOB 0.4984 : L 2 : T 0.1 sec
 - d_sub 300 : OOB 0.4934 : L 3 : T 0.2 sec
 - d_sub 300 : OOB 0.4850 : L 4 : T 0.2 sec
 - d_sub 300 : OOB 0.4921 : L 5 : T 0.3 sec
 - d_sub 300 : OOB 0.4875 : L 6 : T 0.3 sec
 - d_sub 300 : OOB 0.4921 : L 7 : T 0.4 sec
 - d_sub 300 : OOB 0.4884 : L 8 : T 0.4 sec
 - d_sub 300 : OOB 0.4865 : L 9 : T 0.5 sec
 - d_sub 300 : OOB 0.4818 : L 10 : T 0.5 sec
 - d_sub 300 : OOB 0.4840 : L 11 : T 0.6 sec
 - d_sub 300 : OOB 0.4799 : L 12 : T 0.6 sec
 - d_sub 300 : OOB 0.4761 : L 13 : T 0.7 sec
 - d_sub 300 : OOB 0.4833 : L 14 : T 0.7 sec
 - d_sub 300 : OOB 0.4830 : L 15 : T 0.7 sec
 - d_sub 300 : OOB 0.4847 : L 16 : T 0.8 sec
 - d_sub 300 : OOB 0.4761 : L 17 : T 0.8 sec
 - d_sub 300 : OOB 0.4765 : L 18 : T 0.9 sec
 - d_sub 300 : OOB 0.4720 : L 19 : T 0.9 sec
 - d_sub 300 : OOB 0.4743 : L 20 : T 1.0 sec
 - d_sub 300 : OOB 0.4732 : L 21 : T 1.0 sec
 - d_sub 300 : OOB 0.4737 : L 22 : T 1.1 sec
 - d_sub 300 : OOB 0.4729 : L 23 : T 1.1 sec
 - d_sub 300 : OOB 0.4790 : L 24 : T 1.2 sec
 - d_sub 300 : OOB 0.4711 : L 25 : T 1.2 sec
 - d_sub 300 : OOB 0.4714 : L 26 : T 1.3 sec
 - d_sub 300 : OOB 0.4749 : L 27 : T 1.3 sec
 - d_sub 300 : OOB 0.4719 : L 28 : T 1.4 sec
 - d_sub 300 : OOB 0.4725 : L 29 : T 1.4 sec
 - d_sub 300 : OOB 0.4683 : L 30 : T 1.5 sec
# -------------------------
optimal d_sub 300 : OOB 0.4683 : L 30 : T 1.5 sec
# -------------------------
# Ensemble classification
#  - Training samples: 10000 (5000/5000)
#  - Feature-space dimensionality: 22563
#  - L : 30
#  - d_sub : 300
#  - Seed 1 (subspaces) : 367300157
#  - Seed 2 (bootstrap) : 164671110
# -------------------------

 - d_sub 300 : OOB 0.5020 : L 1 : T 0.0 sec
 - d_sub 300 : OOB 0.4984 : L 2 : T 0.1 sec
 - d_sub 300 : OOB 0.5051 : L 3 : T 0.2 sec
 - d_sub 300 : OOB 0.4951 : L 4 : T 0.2 sec
 - d_sub 300 : OOB 0.4874 : L 5 : T 0.3 sec
 - d_sub 300 : OOB 0.4953 : L 6 : T 0.3 sec
 - d_sub 300 : OOB 0.4957 : L 7 : T 0.4 sec
 - d_sub 300 : OOB 0.4895 : L 8 : T 0.4 sec
 - d_sub 300 : OOB 0.4909 : L 9 : T 0.5 sec
 - d_sub 300 : OOB 0.4912 : L 10 : T 0.5 sec
 - d_sub 300 : OOB 0.4874 : L 11 : T 0.6 sec
 - d_sub 300 : OOB 0.4853 : L 12 : T 0.6 sec
 - d_sub 300 : OOB 0.4835 : L 13 : T 0.7 sec
 - d_sub 300 : OOB 0.4773 : L 14 : T 0.7 sec
 - d_sub 300 : OOB 0.4843 : L 15 : T 0.8 sec
 - d_sub 300 : OOB 0.4780 : L 16 : T 0.8 sec
 - d_sub 300 : OOB 0.4795 : L 17 : T 0.9 sec
 - d_sub 300 : OOB 0.4752 : L 18 : T 0.9 sec
 - d_sub 300 : OOB 0.4763 : L 19 : T 1.0 sec
 - d_sub 300 : OOB 0.4743 : L 20 : T 1.0 sec
 - d_sub 300 : OOB 0.4773 : L 21 : T 1.1 sec
 - d_sub 300 : OOB 0.4691 : L 22 : T 1.1 sec
 - d_sub 300 : OOB 0.4715 : L 23 : T 1.2 sec
 - d_sub 300 : OOB 0.4712 : L 24 : T 1.2 sec
 - d_sub 300 : OOB 0.4719 : L 25 : T 1.3 sec
 - d_sub 300 : OOB 0.4709 : L 26 : T 1.3 sec
 - d_sub 300 : OOB 0.4697 : L 27 : T 1.4 sec
 - d_sub 300 : OOB 0.4704 : L 28 : T 1.4 sec
 - d_sub 300 : OOB 0.4709 : L 29 : T 1.5 sec
 - d_sub 300 : OOB 0.4698 : L 30 : T 1.5 sec
# -------------------------
optimal d_sub 300 : OOB 0.4698 : L 30 : T 1.5 sec
# -------------------------
# Ensemble classification
#  - Training samples: 10000 (5000/5000)
#  - Feature-space dimensionality: 22563
#  - L : 30
#  - d_sub : 300
#  - Seed 1 (subspaces) : 495588957
#  - Seed 2 (bootstrap) : 994270724
# -------------------------

 - d_sub 300 : OOB 0.4921 : L 1 : T 0.1 sec
 - d_sub 300 : OOB 0.4831 : L 2 : T 0.1 sec
 - d_sub 300 : OOB 0.4871 : L 3 : T 0.2 sec
 - d_sub 300 : OOB 0.4821 : L 4 : T 0.2 sec
 - d_sub 300 : OOB 0.4809 : L 5 : T 0.3 sec
 - d_sub 300 : OOB 0.4756 : L 6 : T 0.3 sec
 - d_sub 300 : OOB 0.4716 : L 7 : T 0.4 sec
 - d_sub 300 : OOB 0.4757 : L 8 : T 0.4 sec
 - d_sub 300 : OOB 0.4770 : L 9 : T 0.5 sec
 - d_sub 300 : OOB 0.4666 : L 10 : T 0.5 sec
 - d_sub 300 : OOB 0.4720 : L 11 : T 0.6 sec
 - d_sub 300 : OOB 0.4761 : L 12 : T 0.6 sec
 - d_sub 300 : OOB 0.4686 : L 13 : T 0.7 sec
 - d_sub 300 : OOB 0.4703 : L 14 : T 0.7 sec
 - d_sub 300 : OOB 0.4736 : L 15 : T 0.8 sec
 - d_sub 300 : OOB 0.4721 : L 16 : T 0.8 sec
 - d_sub 300 : OOB 0.4720 : L 17 : T 0.9 sec
 - d_sub 300 : OOB 0.4688 : L 18 : T 0.9 sec
 - d_sub 300 : OOB 0.4743 : L 19 : T 1.0 sec
 - d_sub 300 : OOB 0.4706 : L 20 : T 1.1 sec
 - d_sub 300 : OOB 0.4679 : L 21 : T 1.1 sec
 - d_sub 300 : OOB 0.4704 : L 22 : T 1.2 sec
 - d_sub 300 : OOB 0.4740 : L 23 : T 1.2 sec
 - d_sub 300 : OOB 0.4702 : L 24 : T 1.3 sec
 - d_sub 300 : OOB 0.4707 : L 25 : T 1.3 sec
 - d_sub 300 : OOB 0.4731 : L 26 : T 1.4 sec
 - d_sub 300 : OOB 0.4715 : L 27 : T 1.4 sec
 - d_sub 300 : OOB 0.4696 : L 28 : T 1.5 sec
 - d_sub 300 : OOB 0.4677 : L 29 : T 1.6 sec
 - d_sub 300 : OOB 0.4702 : L 30 : T 1.6 sec
# -------------------------
optimal d_sub 300 : OOB 0.4702 : L 30 : T 1.6 sec
# -------------------------
# Ensemble classification
#  - Training samples: 10000 (5000/5000)
#  - Feature-space dimensionality: 22563
#  - L : 30
#  - d_sub : 300
#  - Seed 1 (subspaces) : 682251637
#  - Seed 2 (bootstrap) : 293608861
# -------------------------

 - d_sub 300 : OOB 0.5020 : L 1 : T 0.1 sec
 - d_sub 300 : OOB 0.4984 : L 2 : T 0.1 sec
 - d_sub 300 : OOB 0.4931 : L 3 : T 0.2 sec
 - d_sub 300 : OOB 0.4812 : L 4 : T 0.2 sec
 - d_sub 300 : OOB 0.4856 : L 5 : T 0.3 sec
 - d_sub 300 : OOB 0.4815 : L 6 : T 0.3 sec
 - d_sub 300 : OOB 0.4806 : L 7 : T 0.4 sec
 - d_sub 300 : OOB 0.4831 : L 8 : T 0.4 sec
 - d_sub 300 : OOB 0.4838 : L 9 : T 0.5 sec
 - d_sub 300 : OOB 0.4667 : L 10 : T 0.6 sec
 - d_sub 300 : OOB 0.4699 : L 11 : T 0.6 sec
 - d_sub 300 : OOB 0.4693 : L 12 : T 0.7 sec
 - d_sub 300 : OOB 0.4682 : L 13 : T 0.7 sec
 - d_sub 300 : OOB 0.4663 : L 14 : T 0.8 sec
 - d_sub 300 : OOB 0.4657 : L 15 : T 0.8 sec
 - d_sub 300 : OOB 0.4655 : L 16 : T 0.9 sec
 - d_sub 300 : OOB 0.4688 : L 17 : T 0.9 sec
 - d_sub 300 : OOB 0.4657 : L 18 : T 1.0 sec
 - d_sub 300 : OOB 0.4647 : L 19 : T 1.0 sec
 - d_sub 300 : OOB 0.4705 : L 20 : T 1.1 sec
 - d_sub 300 : OOB 0.4664 : L 21 : T 1.1 sec
 - d_sub 300 : OOB 0.4688 : L 22 : T 1.2 sec
 - d_sub 300 : OOB 0.4702 : L 23 : T 1.2 sec
 - d_sub 300 : OOB 0.4687 : L 24 : T 1.3 sec
 - d_sub 300 : OOB 0.4661 : L 25 : T 1.3 sec
 - d_sub 300 : OOB 0.4650 : L 26 : T 1.4 sec
 - d_sub 300 : OOB 0.4675 : L 27 : T 1.4 sec
 - d_sub 300 : OOB 0.4641 : L 28 : T 1.5 sec
 - d_sub 300 : OOB 0.4627 : L 29 : T 1.5 sec
 - d_sub 300 : OOB 0.4634 : L 30 : T 1.6 sec
# -------------------------
optimal d_sub 300 : OOB 0.4634 : L 30 : T 1.6 sec
# -------------------------
# Ensemble classification
#  - Training samples: 10000 (5000/5000)
#  - Feature-space dimensionality: 22563
#  - L : 30
#  - d_sub : 300
#  - Seed 1 (subspaces) : 750476900
#  - Seed 2 (bootstrap) : 54246496
# -------------------------

 - d_sub 300 : OOB 0.5020 : L 1 : T 0.0 sec
 - d_sub 300 : OOB 0.4984 : L 2 : T 0.1 sec
 - d_sub 300 : OOB 0.5051 : L 3 : T 0.1 sec
 - d_sub 300 : OOB 0.5068 : L 4 : T 0.2 sec
 - d_sub 300 : OOB 0.4863 : L 5 : T 0.3 sec
 - d_sub 300 : OOB 0.4933 : L 6 : T 0.3 sec
 - d_sub 300 : OOB 0.4897 : L 7 : T 0.4 sec
 - d_sub 300 : OOB 0.4935 : L 8 : T 0.4 sec
 - d_sub 300 : OOB 0.4887 : L 9 : T 0.5 sec
 - d_sub 300 : OOB 0.4834 : L 10 : T 0.5 sec
 - d_sub 300 : OOB 0.4815 : L 11 : T 0.6 sec
 - d_sub 300 : OOB 0.4843 : L 12 : T 0.6 sec
 - d_sub 300 : OOB 0.4806 : L 13 : T 0.7 sec
 - d_sub 300 : OOB 0.4738 : L 14 : T 0.7 sec
 - d_sub 300 : OOB 0.4817 : L 15 : T 0.8 sec
 - d_sub 300 : OOB 0.4817 : L 16 : T 0.8 sec
 - d_sub 300 : OOB 0.4761 : L 17 : T 0.9 sec
 - d_sub 300 : OOB 0.4824 : L 18 : T 0.9 sec
 - d_sub 300 : OOB 0.4779 : L 19 : T 1.0 sec
 - d_sub 300 : OOB 0.4790 : L 20 : T 1.0 sec
 - d_sub 300 : OOB 0.4795 : L 21 : T 1.1 sec
 - d_sub 300 : OOB 0.4748 : L 22 : T 1.1 sec
 - d_sub 300 : OOB 0.4723 : L 23 : T 1.2 sec
 - d_sub 300 : OOB 0.4733 : L 24 : T 1.2 sec
 - d_sub 300 : OOB 0.4727 : L 25 : T 1.3 sec
 - d_sub 300 : OOB 0.4704 : L 26 : T 1.3 sec
 - d_sub 300 : OOB 0.4693 : L 27 : T 1.4 sec
 - d_sub 300 : OOB 0.4710 : L 28 : T 1.4 sec
 - d_sub 300 : OOB 0.4703 : L 29 : T 1.5 sec
 - d_sub 300 : OOB 0.4728 : L 30 : T 1.6 sec
# -------------------------
optimal d_sub 300 : OOB 0.4728 : L 30 : T 1.6 sec
# -------------------------
# Ensemble classification
#  - Training samples: 10000 (5000/5000)
#  - Feature-space dimensionality: 22563
#  - L : 30
#  - d_sub : 300
#  - Seed 1 (subspaces) : 465694774
#  - Seed 2 (bootstrap) : 866454685
# -------------------------

 - d_sub 300 : OOB 0.5020 : L 1 : T 0.1 sec
 - d_sub 300 : OOB 0.4984 : L 2 : T 0.1 sec
 - d_sub 300 : OOB 0.5051 : L 3 : T 0.1 sec
 - d_sub 300 : OOB 0.5068 : L 4 : T 0.2 sec
 - d_sub 300 : OOB 0.4859 : L 5 : T 0.3 sec
 - d_sub 300 : OOB 0.4907 : L 6 : T 0.3 sec
 - d_sub 300 : OOB 0.4805 : L 7 : T 0.4 sec
 - d_sub 300 : OOB 0.4783 : L 8 : T 0.4 sec
 - d_sub 300 : OOB 0.4754 : L 9 : T 0.5 sec
 - d_sub 300 : OOB 0.4818 : L 10 : T 0.5 sec
 - d_sub 300 : OOB 0.4778 : L 11 : T 0.6 sec
 - d_sub 300 : OOB 0.4779 : L 12 : T 0.6 sec
 - d_sub 300 : OOB 0.4830 : L 13 : T 0.7 sec
 - d_sub 300 : OOB 0.4788 : L 14 : T 0.7 sec
 - d_sub 300 : OOB 0.4751 : L 15 : T 0.8 sec
 - d_sub 300 : OOB 0.4723 : L 16 : T 0.8 sec
 - d_sub 300 : OOB 0.4741 : L 17 : T 0.9 sec
 - d_sub 300 : OOB 0.4730 : L 18 : T 0.9 sec
 - d_sub 300 : OOB 0.4695 : L 19 : T 1.0 sec
 - d_sub 300 : OOB 0.4705 : L 20 : T 1.1 sec
 - d_sub 300 : OOB 0.4688 : L 21 : T 1.1 sec
 - d_sub 300 : OOB 0.4757 : L 22 : T 1.2 sec
 - d_sub 300 : OOB 0.4702 : L 23 : T 1.2 sec
 - d_sub 300 : OOB 0.4690 : L 24 : T 1.3 sec
 - d_sub 300 : OOB 0.4632 : L 25 : T 1.3 sec
 - d_sub 300 : OOB 0.4625 : L 26 : T 1.4 sec
 - d_sub 300 : OOB 0.4662 : L 27 : T 1.4 sec
 - d_sub 300 : OOB 0.4664 : L 28 : T 1.5 sec
 - d_sub 300 : OOB 0.4634 : L 29 : T 1.5 sec
 - d_sub 300 : OOB 0.4634 : L 30 : T 1.6 sec
# -------------------------
optimal d_sub 300 : OOB 0.4634 : L 30 : T 1.6 sec
# -------------------------
# Ensemble classification
#  - Training samples: 10000 (5000/5000)
#  - Feature-space dimensionality: 22563
#  - L : 30
#  - d_sub : 300
#  - Seed 1 (subspaces) : 457881411
#  - Seed 2 (bootstrap) : 553808158
# -------------------------

 - d_sub 300 : OOB 0.5020 : L 1 : T 0.1 sec
 - d_sub 300 : OOB 0.4984 : L 2 : T 0.1 sec
 - d_sub 300 : OOB 0.5051 : L 3 : T 0.2 sec
 - d_sub 300 : OOB 0.5068 : L 4 : T 0.2 sec
 - d_sub 300 : OOB 0.5025 : L 5 : T 0.3 sec
 - d_sub 300 : OOB 0.5051 : L 6 : T 0.3 sec
 - d_sub 300 : OOB 0.5034 : L 7 : T 0.4 sec
 - d_sub 300 : OOB 0.4904 : L 8 : T 0.4 sec
 - d_sub 300 : OOB 0.4853 : L 9 : T 0.5 sec
 - d_sub 300 : OOB 0.4847 : L 10 : T 0.6 sec
 - d_sub 300 : OOB 0.4760 : L 11 : T 0.6 sec
 - d_sub 300 : OOB 0.4844 : L 12 : T 0.7 sec
 - d_sub 300 : OOB 0.4795 : L 13 : T 0.7 sec
 - d_sub 300 : OOB 0.4811 : L 14 : T 0.8 sec
 - d_sub 300 : OOB 0.4786 : L 15 : T 0.8 sec
 - d_sub 300 : OOB 0.4757 : L 16 : T 0.9 sec
 - d_sub 300 : OOB 0.4724 : L 17 : T 0.9 sec
 - d_sub 300 : OOB 0.4793 : L 18 : T 1.0 sec
 - d_sub 300 : OOB 0.4711 : L 19 : T 1.0 sec
 - d_sub 300 : OOB 0.4723 : L 20 : T 1.1 sec
 - d_sub 300 : OOB 0.4729 : L 21 : T 1.2 sec
 - d_sub 300 : OOB 0.4760 : L 22 : T 1.2 sec
 - d_sub 300 : OOB 0.4741 : L 23 : T 1.3 sec
 - d_sub 300 : OOB 0.4728 : L 24 : T 1.3 sec
 - d_sub 300 : OOB 0.4736 : L 25 : T 1.4 sec
 - d_sub 300 : OOB 0.4725 : L 26 : T 1.5 sec
 - d_sub 300 : OOB 0.4739 : L 27 : T 1.5 sec
 - d_sub 300 : OOB 0.4698 : L 28 : T 1.6 sec
 - d_sub 300 : OOB 0.4695 : L 29 : T 1.6 sec
 - d_sub 300 : OOB 0.4656 : L 30 : T 1.7 sec
# -------------------------
optimal d_sub 300 : OOB 0.4656 : L 30 : T 1.7 sec
# -------------------------
# Ensemble classification
#  - Training samples: 10000 (5000/5000)
#  - Feature-space dimensionality: 22563
#  - L : 30
#  - d_sub : 300
#  - Seed 1 (subspaces) : 182273555
#  - Seed 2 (bootstrap) : 771310304
# -------------------------

 - d_sub 300 : OOB 0.4879 : L 1 : T 0.1 sec
 - d_sub 300 : OOB 0.4789 : L 2 : T 0.1 sec
 - d_sub 300 : OOB 0.4938 : L 3 : T 0.2 sec
 - d_sub 300 : OOB 0.4890 : L 4 : T 0.2 sec
 - d_sub 300 : OOB 0.4864 : L 5 : T 0.3 sec
 - d_sub 300 : OOB 0.4796 : L 6 : T 0.3 sec
 - d_sub 300 : OOB 0.4757 : L 7 : T 0.4 sec
 - d_sub 300 : OOB 0.4772 : L 8 : T 0.4 sec
 - d_sub 300 : OOB 0.4793 : L 9 : T 0.5 sec
 - d_sub 300 : OOB 0.4758 : L 10 : T 0.6 sec
 - d_sub 300 : OOB 0.4716 : L 11 : T 0.6 sec
 - d_sub 300 : OOB 0.4751 : L 12 : T 0.7 sec
 - d_sub 300 : OOB 0.4705 : L 13 : T 0.7 sec
 - d_sub 300 : OOB 0.4722 : L 14 : T 0.8 sec
 - d_sub 300 : OOB 0.4752 : L 15 : T 0.8 sec
 - d_sub 300 : OOB 0.4695 : L 16 : T 0.9 sec
 - d_sub 300 : OOB 0.4707 : L 17 : T 0.9 sec
 - d_sub 300 : OOB 0.4755 : L 18 : T 1.0 sec
 - d_sub 300 : OOB 0.4698 : L 19 : T 1.1 sec
 - d_sub 300 : OOB 0.4733 : L 20 : T 1.1 sec
 - d_sub 300 : OOB 0.4698 : L 21 : T 1.2 sec
 - d_sub 300 : OOB 0.4695 : L 22 : T 1.2 sec
 - d_sub 300 : OOB 0.4724 : L 23 : T 1.3 sec
 - d_sub 300 : OOB 0.4698 : L 24 : T 1.3 sec
 - d_sub 300 : OOB 0.4660 : L 25 : T 1.4 sec
 - d_sub 300 : OOB 0.4673 : L 26 : T 1.4 sec
 - d_sub 300 : OOB 0.4612 : L 27 : T 1.5 sec
 - d_sub 300 : OOB 0.4622 : L 28 : T 1.5 sec
 - d_sub 300 : OOB 0.4688 : L 29 : T 1.6 sec
 - d_sub 300 : OOB 0.4678 : L 30 : T 1.7 sec
# -------------------------
optimal d_sub 300 : OOB 0.4678 : L 30 : T 1.7 sec
# -------------------------
# Ensemble classification
#  - Training samples: 10000 (5000/5000)
#  - Feature-space dimensionality: 22563
#  - L : 30
#  - d_sub : 300
#  - Seed 1 (subspaces) : 124768413
#  - Seed 2 (bootstrap) : 517666377
# -------------------------

 - d_sub 300 : OOB 0.5020 : L 1 : T 0.1 sec
 - d_sub 300 : OOB 0.4909 : L 2 : T 0.1 sec
 - d_sub 300 : OOB 0.4848 : L 3 : T 0.2 sec
 - d_sub 300 : OOB 0.4891 : L 4 : T 0.2 sec
 - d_sub 300 : OOB 0.4768 : L 5 : T 0.3 sec
 - d_sub 300 : OOB 0.4825 : L 6 : T 0.3 sec
 - d_sub 300 : OOB 0.4801 : L 7 : T 0.4 sec
 - d_sub 300 : OOB 0.4839 : L 8 : T 0.5 sec
 - d_sub 300 : OOB 0.4796 : L 9 : T 0.5 sec
 - d_sub 300 : OOB 0.4747 : L 10 : T 0.6 sec
 - d_sub 300 : OOB 0.4779 : L 11 : T 0.6 sec
 - d_sub 300 : OOB 0.4718 : L 12 : T 0.7 sec
 - d_sub 300 : OOB 0.4733 : L 13 : T 0.7 sec
 - d_sub 300 : OOB 0.4741 : L 14 : T 0.8 sec
 - d_sub 300 : OOB 0.4751 : L 15 : T 0.9 sec
 - d_sub 300 : OOB 0.4793 : L 16 : T 0.9 sec
 - d_sub 300 : OOB 0.4746 : L 17 : T 1.0 sec
 - d_sub 300 : OOB 0.4716 : L 18 : T 1.1 sec
 - d_sub 300 : OOB 0.4712 : L 19 : T 1.2 sec
 - d_sub 300 : OOB 0.4696 : L 20 : T 1.2 sec
 - d_sub 300 : OOB 0.4739 : L 21 : T 1.3 sec
 - d_sub 300 : OOB 0.4709 : L 22 : T 1.4 sec
 - d_sub 300 : OOB 0.4700 : L 23 : T 1.5 sec
 - d_sub 300 : OOB 0.4760 : L 24 : T 1.5 sec
 - d_sub 300 : OOB 0.4702 : L 25 : T 1.6 sec
 - d_sub 300 : OOB 0.4740 : L 26 : T 1.6 sec
 - d_sub 300 : OOB 0.4732 : L 27 : T 1.7 sec
 - d_sub 300 : OOB 0.4676 : L 28 : T 1.8 sec
 - d_sub 300 : OOB 0.4700 : L 29 : T 1.8 sec
 - d_sub 300 : OOB 0.4707 : L 30 : T 1.9 sec
# -------------------------
optimal d_sub 300 : OOB 0.4707 : L 30 : T 1.9 sec
# -------------------------
# Ensemble classification
#  - Training samples: 10000 (5000/5000)
#  - Feature-space dimensionality: 22563
#  - L : 30
#  - d_sub : 300
#  - Seed 1 (subspaces) : 349351264
#  - Seed 2 (bootstrap) : 240134276
# -------------------------

 - d_sub 300 : OOB 0.5020 : L 1 : T 0.1 sec
 - d_sub 300 : OOB 0.4897 : L 2 : T 0.1 sec
 - d_sub 300 : OOB 0.4807 : L 3 : T 0.2 sec
 - d_sub 300 : OOB 0.4849 : L 4 : T 0.3 sec
 - d_sub 300 : OOB 0.4799 : L 5 : T 0.3 sec
 - d_sub 300 : OOB 0.4866 : L 6 : T 0.4 sec
 - d_sub 300 : OOB 0.4828 : L 7 : T 0.4 sec
 - d_sub 300 : OOB 0.4813 : L 8 : T 0.5 sec
 - d_sub 300 : OOB 0.4828 : L 9 : T 0.6 sec
 - d_sub 300 : OOB 0.4759 : L 10 : T 0.6 sec
 - d_sub 300 : OOB 0.4778 : L 11 : T 0.7 sec
 - d_sub 300 : OOB 0.4840 : L 12 : T 0.8 sec
 - d_sub 300 : OOB 0.4782 : L 13 : T 0.8 sec
 - d_sub 300 : OOB 0.4785 : L 14 : T 0.9 sec
 - d_sub 300 : OOB 0.4781 : L 15 : T 1.0 sec
 - d_sub 300 : OOB 0.4758 : L 16 : T 1.0 sec
 - d_sub 300 : OOB 0.4773 : L 17 : T 1.1 sec
 - d_sub 300 : OOB 0.4751 : L 18 : T 1.2 sec
 - d_sub 300 : OOB 0.4733 : L 19 : T 1.2 sec
 - d_sub 300 : OOB 0.4722 : L 20 : T 1.3 sec
 - d_sub 300 : OOB 0.4754 : L 21 : T 1.4 sec
 - d_sub 300 : OOB 0.4690 : L 22 : T 1.4 sec
 - d_sub 300 : OOB 0.4715 : L 23 : T 1.5 sec
 - d_sub 300 : OOB 0.4679 : L 24 : T 1.6 sec
 - d_sub 300 : OOB 0.4722 : L 25 : T 1.6 sec
 - d_sub 300 : OOB 0.4703 : L 26 : T 1.7 sec
 - d_sub 300 : OOB 0.4692 : L 27 : T 1.7 sec
 - d_sub 300 : OOB 0.4698 : L 28 : T 1.8 sec
 - d_sub 300 : OOB 0.4716 : L 29 : T 1.9 sec
 - d_sub 300 : OOB 0.4730 : L 30 : T 1.9 sec
# -------------------------
optimal d_sub 300 : OOB 0.4730 : L 30 : T 1.9 sec
# -------------------------
# Ensemble classification
#  - Training samples: 10000 (5000/5000)
#  - Feature-space dimensionality: 22563
#  - L : 30
#  - d_sub : 300
#  - Seed 1 (subspaces) : 500490145
#  - Seed 2 (bootstrap) : 230607943
# -------------------------

 - d_sub 300 : OOB 0.5020 : L 1 : T 0.1 sec
 - d_sub 300 : OOB 0.4984 : L 2 : T 0.1 sec
 - d_sub 300 : OOB 0.4940 : L 3 : T 0.2 sec
 - d_sub 300 : OOB 0.4853 : L 4 : T 0.3 sec
 - d_sub 300 : OOB 0.4917 : L 5 : T 0.3 sec
 - d_sub 300 : OOB 0.4836 : L 6 : T 0.4 sec
 - d_sub 300 : OOB 0.4848 : L 7 : T 0.5 sec
 - d_sub 300 : OOB 0.4736 : L 8 : T 0.5 sec
 - d_sub 300 : OOB 0.4756 : L 9 : T 0.6 sec
 - d_sub 300 : OOB 0.4793 : L 10 : T 0.7 sec
 - d_sub 300 : OOB 0.4745 : L 11 : T 0.7 sec
 - d_sub 300 : OOB 0.4715 : L 12 : T 0.8 sec
 - d_sub 300 : OOB 0.4752 : L 13 : T 0.8 sec
 - d_sub 300 : OOB 0.4795 : L 14 : T 0.9 sec
 - d_sub 300 : OOB 0.4787 : L 15 : T 1.0 sec
 - d_sub 300 : OOB 0.4714 : L 16 : T 1.0 sec
 - d_sub 300 : OOB 0.4718 : L 17 : T 1.1 sec
 - d_sub 300 : OOB 0.4710 : L 18 : T 1.2 sec
 - d_sub 300 : OOB 0.4691 : L 19 : T 1.2 sec
 - d_sub 300 : OOB 0.4671 : L 20 : T 1.3 sec
 - d_sub 300 : OOB 0.4674 : L 21 : T 1.4 sec
 - d_sub 300 : OOB 0.4661 : L 22 : T 1.4 sec
 - d_sub 300 : OOB 0.4659 : L 23 : T 1.5 sec
 - d_sub 300 : OOB 0.4701 : L 24 : T 1.6 sec
 - d_sub 300 : OOB 0.4660 : L 25 : T 1.6 sec
 - d_sub 300 : OOB 0.4658 : L 26 : T 1.7 sec
 - d_sub 300 : OOB 0.4662 : L 27 : T 1.7 sec
 - d_sub 300 : OOB 0.4663 : L 28 : T 1.8 sec
 - d_sub 300 : OOB 0.4701 : L 29 : T 1.9 sec
 - d_sub 300 : OOB 0.4663 : L 30 : T 1.9 sec
# -------------------------
optimal d_sub 300 : OOB 0.4663 : L 30 : T 1.9 sec
# -------------------------
Average OOB error = 0.46830 (+/- 0.00355)
# -------------------------
# Ensemble classification
#  - Training samples: 10000 (5000/5000)
#  - Feature-space dimensionality: 22563
#  - L : 30
#  - d_sub : 300
#  - Seed 1 (subspaces) : 5
#  - Seed 2 (bootstrap) : 73
# -------------------------

 - d_sub 300 : OOB 0.4873 : L 1 : T 0.1 sec
 - d_sub 300 : OOB 0.4779 : L 2 : T 0.1 sec
 - d_sub 300 : OOB 0.4931 : L 3 : T 0.2 sec
 - d_sub 300 : OOB 0.4932 : L 4 : T 0.2 sec
 - d_sub 300 : OOB 0.4851 : L 5 : T 0.3 sec
 - d_sub 300 : OOB 0.4949 : L 6 : T 0.3 sec
 - d_sub 300 : OOB 0.4850 : L 7 : T 0.4 sec
 - d_sub 300 : OOB 0.4887 : L 8 : T 0.5 sec
 - d_sub 300 : OOB 0.4889 : L 9 : T 0.5 sec
 - d_sub 300 : OOB 0.4866 : L 10 : T 0.6 sec
 - d_sub 300 : OOB 0.4801 : L 11 : T 0.7 sec
 - d_sub 300 : OOB 0.4770 : L 12 : T 0.7 sec
 - d_sub 300 : OOB 0.4800 : L 13 : T 0.8 sec
 - d_sub 300 : OOB 0.4771 : L 14 : T 0.8 sec
 - d_sub 300 : OOB 0.4793 : L 15 : T 0.9 sec
 - d_sub 300 : OOB 0.4764 : L 16 : T 0.9 sec
 - d_sub 300 : OOB 0.4707 : L 17 : T 1.0 sec
 - d_sub 300 : OOB 0.4664 : L 18 : T 1.0 sec
 - d_sub 300 : OOB 0.4687 : L 19 : T 1.1 sec
 - d_sub 300 : OOB 0.4690 : L 20 : T 1.1 sec
 - d_sub 300 : OOB 0.4677 : L 21 : T 1.2 sec
 - d_sub 300 : OOB 0.4698 : L 22 : T 1.3 sec
 - d_sub 300 : OOB 0.4703 : L 23 : T 1.3 sec
 - d_sub 300 : OOB 0.4696 : L 24 : T 1.4 sec
 - d_sub 300 : OOB 0.4730 : L 25 : T 1.4 sec
 - d_sub 300 : OOB 0.4663 : L 26 : T 1.5 sec
 - d_sub 300 : OOB 0.4671 : L 27 : T 1.5 sec
 - d_sub 300 : OOB 0.4695 : L 28 : T 1.6 sec
 - d_sub 300 : OOB 0.4646 : L 29 : T 1.6 sec
 - d_sub 300 : OOB 0.4680 : L 30 : T 1.6 sec
# -------------------------
optimal d_sub 300 : OOB 0.4680 : L 30 : T 1.6 sec
OOB error = 0.4630
optimal d_sub 300 : OOB 0.4730 : L 30 : T 1.9 sec
optimal d_sub 300 : OOB 0.4684 : L 82 : T 4.6 sec
Testing error 1: 0.4596
optimal d_sub 300 : OOB 0.4577 : L 89 : T 5.6 sec
Testing error 2: 0.4562
optimal d_sub 300 : OOB 0.4627 : L 114 : T 7.1 sec
Testing error 3: 0.4577
optimal d_sub 300 : OOB 0.4610 : L 119 : T 7.2 sec
Testing error 4: 0.4616
optimal d_sub 300 : OOB 0.4641 : L 96 : T 5.4 sec
Testing error 5: 0.4592
optimal d_sub 300 : OOB 0.4567 : L 70 : T 4.5 sec
Testing error 6: 0.4525
optimal d_sub 300 : OOB 0.4643 : L 78 : T 5.0 sec
Testing error 7: 0.4583
optimal d_sub 300 : OOB 0.4559 : L 94 : T 5.6 sec
Testing error 8: 0.4582
optimal d_sub 300 : OOB 0.4665 : L 107 : T 6.4 sec
Testing error 9: 0.4627
optimal d_sub 300 : OOB 0.4719 : L 115 : T 7.5 sec
Testing error 10: 0.4585
---
Average testing error over 10 splits: 0.4585 (+/- 0.0028)
