# -------------------------
# Ensemble classification
#  - Training samples: 10000 (5000/5000)
#  - Feature-space dimensionality: 18157
#  - L : automatic (min 25, max 500, length 50, eps 0.00500)
#  - d_sub : automatic (Eoob tolerance 0.0200, step 200)
#  - Seed 1 (subspaces) : 388576848
#  - Seed 2 (bootstrap) : 868884516
# -------------------------

 - d_sub 200 : OOB 0.4591 : L 1 : T 0.1 sec
 - d_sub 200 : OOB 0.4344 : L 2 : T 0.1 sec
 - d_sub 200 : OOB 0.4189 : L 3 : T 0.2 sec
 - d_sub 200 : OOB 0.4113 : L 4 : T 0.2 sec
 - d_sub 200 : OOB 0.4007 : L 5 : T 0.2 sec
 - d_sub 200 : OOB 0.3992 : L 6 : T 0.3 sec
 - d_sub 200 : OOB 0.3918 : L 7 : T 0.3 sec
 - d_sub 200 : OOB 0.3869 : L 8 : T 0.3 sec
 - d_sub 200 : OOB 0.3863 : L 9 : T 0.3 sec
 - d_sub 200 : OOB 0.3823 : L 10 : T 0.4 sec
 - d_sub 200 : OOB 0.3807 : L 11 : T 0.4 sec
 - d_sub 200 : OOB 0.3823 : L 12 : T 0.4 sec
 - d_sub 200 : OOB 0.3797 : L 13 : T 0.4 sec
 - d_sub 200 : OOB 0.3784 : L 14 : T 0.5 sec
 - d_sub 200 : OOB 0.3809 : L 15 : T 0.5 sec
 - d_sub 200 : OOB 0.3775 : L 16 : T 0.5 sec
 - d_sub 200 : OOB 0.3770 : L 17 : T 0.5 sec
 - d_sub 200 : OOB 0.3768 : L 18 : T 0.6 sec
 - d_sub 200 : OOB 0.3762 : L 19 : T 0.6 sec
 - d_sub 200 : OOB 0.3775 : L 20 : T 0.6 sec
 - d_sub 200 : OOB 0.3766 : L 21 : T 0.7 sec
 - d_sub 200 : OOB 0.3766 : L 22 : T 0.7 sec
 - d_sub 200 : OOB 0.3792 : L 23 : T 0.7 sec
 - d_sub 200 : OOB 0.3795 : L 24 : T 0.7 sec
 - d_sub 200 : OOB 0.3786 : L 25 : T 0.8 sec
 - d_sub 200 : OOB 0.3761 : L 26 : T 0.8 sec
 - d_sub 200 : OOB 0.3758 : L 27 : T 0.8 sec
 - d_sub 200 : OOB 0.3738 : L 28 : T 0.8 sec
 - d_sub 200 : OOB 0.3748 : L 29 : T 0.9 sec
 - d_sub 200 : OOB 0.3754 : L 30 : T 0.9 sec
 - d_sub 200 : OOB 0.3762 : L 31 : T 0.9 sec
 - d_sub 200 : OOB 0.3732 : L 32 : T 0.9 sec
 - d_sub 200 : OOB 0.3746 : L 33 : T 1.0 sec
 - d_sub 200 : OOB 0.3758 : L 34 : T 1.0 sec
 - d_sub 200 : OOB 0.3771 : L 35 : T 1.0 sec
 - d_sub 200 : OOB 0.3767 : L 36 : T 1.0 sec
 - d_sub 200 : OOB 0.3738 : L 37 : T 1.1 sec
 - d_sub 200 : OOB 0.3738 : L 38 : T 1.1 sec
 - d_sub 200 : OOB 0.3750 : L 39 : T 1.1 sec
 - d_sub 200 : OOB 0.3763 : L 40 : T 1.1 sec
 - d_sub 200 : OOB 0.3766 : L 41 : T 1.2 sec
 - d_sub 200 : OOB 0.3754 : L 42 : T 1.2 sec
 - d_sub 200 : OOB 0.3750 : L 43 : T 1.2 sec
 - d_sub 200 : OOB 0.3756 : L 44 : T 1.2 sec
 - d_sub 200 : OOB 0.3759 : L 45 : T 1.3 sec
 - d_sub 200 : OOB 0.3738 : L 46 : T 1.3 sec
 - d_sub 200 : OOB 0.3749 : L 47 : T 1.3 sec
 - d_sub 200 : OOB 0.3747 : L 48 : T 1.3 sec
 - d_sub 200 : OOB 0.3749 : L 49 : T 1.4 sec
 - d_sub 200 : OOB 0.3729 : L 50 : T 1.4 sec
 - d_sub 200 : OOB 0.3737 : L 51 : T 1.4 sec
 - d_sub 200 : OOB 0.3723 : L 52 : T 1.4 sec
 - d_sub 200 : OOB 0.3741 : L 53 : T 1.5 sec
 - d_sub 200 : OOB 0.3722 : L 54 : T 1.5 sec
 - d_sub 200 : OOB 0.3728 : L 55 : T 1.5 sec
 - d_sub 200 : OOB 0.3710 : L 56 : T 1.5 sec
 - d_sub 200 : OOB 0.3696 : L 57 : T 1.6 sec
 - d_sub 200 : OOB 0.3700 : L 58 : T 1.6 sec
 - d_sub 200 : OOB 0.3719 : L 59 : T 1.6 sec
 - d_sub 200 : OOB 0.3741 : L 60 : T 1.6 sec
 - d_sub 200 : OOB 0.3727 : L 61 : T 1.7 sec
 - d_sub 200 : OOB 0.3708 : L 62 : T 1.7 sec
 - d_sub 200 : OOB 0.3723 : L 63 : T 1.7 sec
 - d_sub 200 : OOB 0.3725 : L 64 : T 1.7 sec
 - d_sub 200 : OOB 0.3737 : L 65 : T 1.8 sec
 - d_sub 200 : OOB 0.3714 : L 66 : T 1.8 sec
 - d_sub 200 : OOB 0.3727 : L 67 : T 1.8 sec
 - d_sub 200 : OOB 0.3745 : L 68 : T 1.8 sec
 - d_sub 200 : OOB 0.3726 : L 69 : T 1.8 sec
 - d_sub 200 : OOB 0.3724 : L 70 : T 1.9 sec
 - d_sub 200 : OOB 0.3739 : L 71 : T 1.9 sec
 - d_sub 200 : OOB 0.3721 : L 72 : T 1.9 sec
 - d_sub 200 : OOB 0.3720 : L 73 : T 1.9 sec
 - d_sub 200 : OOB 0.3721 : L 74 : T 2.0 sec

 - d_sub 400 : OOB 0.4539 : L 1 : T 1.8 sec
 - d_sub 400 : OOB 0.4239 : L 2 : T 1.8 sec
 - d_sub 400 : OOB 0.4074 : L 3 : T 1.9 sec
 - d_sub 400 : OOB 0.3929 : L 4 : T 1.9 sec
 - d_sub 400 : OOB 0.3826 : L 5 : T 2.8 sec
 - d_sub 400 : OOB 0.3822 : L 6 : T 4.0 sec
 - d_sub 400 : OOB 0.3713 : L 7 : T 4.0 sec
 - d_sub 400 : OOB 0.3732 : L 8 : T 4.1 sec
 - d_sub 400 : OOB 0.3692 : L 9 : T 4.1 sec
 - d_sub 400 : OOB 0.3664 : L 10 : T 4.2 sec
 - d_sub 400 : OOB 0.3642 : L 11 : T 4.2 sec
 - d_sub 400 : OOB 0.3598 : L 12 : T 4.3 sec
 - d_sub 400 : OOB 0.3629 : L 13 : T 4.3 sec
 - d_sub 400 : OOB 0.3645 : L 14 : T 6.1 sec
 - d_sub 400 : OOB 0.3614 : L 15 : T 6.1 sec
 - d_sub 400 : OOB 0.3634 : L 16 : T 6.2 sec
 - d_sub 400 : OOB 0.3622 : L 17 : T 6.2 sec
 - d_sub 400 : OOB 0.3601 : L 18 : T 6.3 sec
 - d_sub 400 : OOB 0.3591 : L 19 : T 7.1 sec
 - d_sub 400 : OOB 0.3593 : L 20 : T 8.3 sec
 - d_sub 400 : OOB 0.3608 : L 21 : T 8.4 sec
 - d_sub 400 : OOB 0.3598 : L 22 : T 8.4 sec
 - d_sub 400 : OOB 0.3585 : L 23 : T 8.5 sec
 - d_sub 400 : OOB 0.3576 : L 24 : T 8.5 sec
 - d_sub 400 : OOB 0.3564 : L 25 : T 8.6 sec
 - d_sub 400 : OOB 0.3589 : L 26 : T 9.8 sec
 - d_sub 400 : OOB 0.3581 : L 27 : T 9.8 sec
 - d_sub 400 : OOB 0.3581 : L 28 : T 9.9 sec
 - d_sub 400 : OOB 0.3576 : L 29 : T 9.9 sec
 - d_sub 400 : OOB 0.3574 : L 30 : T 10.0 sec
 - d_sub 400 : OOB 0.3576 : L 31 : T 10.1 sec
 - d_sub 400 : OOB 0.3554 : L 32 : T 11.2 sec
 - d_sub 400 : OOB 0.3528 : L 33 : T 11.3 sec
 - d_sub 400 : OOB 0.3538 : L 34 : T 12.3 sec
 - d_sub 400 : OOB 0.3555 : L 35 : T 12.3 sec
 - d_sub 400 : OOB 0.3543 : L 36 : T 12.4 sec
 - d_sub 400 : OOB 0.3545 : L 37 : T 13.7 sec
 - d_sub 400 : OOB 0.3565 : L 38 : T 13.8 sec
 - d_sub 400 : OOB 0.3553 : L 39 : T 13.8 sec
 - d_sub 400 : OOB 0.3567 : L 40 : T 13.9 sec
 - d_sub 400 : OOB 0.3566 : L 41 : T 13.9 sec
 - d_sub 400 : OOB 0.3551 : L 42 : T 14.0 sec
 - d_sub 400 : OOB 0.3520 : L 43 : T 14.0 sec
 - d_sub 400 : OOB 0.3524 : L 44 : T 15.0 sec
 - d_sub 400 : OOB 0.3547 : L 45 : T 15.9 sec
 - d_sub 400 : OOB 0.3534 : L 46 : T 16.0 sec
 - d_sub 400 : OOB 0.3530 : L 47 : T 16.0 sec
 - d_sub 400 : OOB 0.3538 : L 48 : T 17.3 sec
 - d_sub 400 : OOB 0.3522 : L 49 : T 17.3 sec
 - d_sub 400 : OOB 0.3522 : L 50 : T 17.4 sec
 - d_sub 400 : OOB 0.3516 : L 51 : T 17.4 sec
 - d_sub 400 : OOB 0.3524 : L 52 : T 17.5 sec
 - d_sub 400 : OOB 0.3521 : L 53 : T 17.5 sec
 - d_sub 400 : OOB 0.3511 : L 54 : T 18.4 sec
 - d_sub 400 : OOB 0.3521 : L 55 : T 19.6 sec
 - d_sub 400 : OOB 0.3520 : L 56 : T 19.7 sec
 - d_sub 400 : OOB 0.3519 : L 57 : T 19.7 sec
 - d_sub 400 : OOB 0.3505 : L 58 : T 19.8 sec
 - d_sub 400 : OOB 0.3503 : L 59 : T 19.8 sec
 - d_sub 400 : OOB 0.3510 : L 60 : T 19.9 sec
 - d_sub 400 : OOB 0.3520 : L 61 : T 20.8 sec
 - d_sub 400 : OOB 0.3506 : L 62 : T 22.1 sec
 - d_sub 400 : OOB 0.3516 : L 63 : T 22.1 sec
 - d_sub 400 : OOB 0.3500 : L 64 : T 22.2 sec
 - d_sub 400 : OOB 0.3517 : L 65 : T 22.2 sec
 - d_sub 400 : OOB 0.3517 : L 66 : T 22.3 sec
 - d_sub 400 : OOB 0.3493 : L 67 : T 22.3 sec
 - d_sub 400 : OOB 0.3504 : L 68 : T 23.3 sec
 - d_sub 400 : OOB 0.3489 : L 69 : T 24.5 sec
 - d_sub 400 : OOB 0.3508 : L 70 : T 24.6 sec
 - d_sub 400 : OOB 0.3506 : L 71 : T 24.6 sec
 - d_sub 400 : OOB 0.3494 : L 72 : T 24.7 sec
 - d_sub 400 : OOB 0.3492 : L 73 : T 24.7 sec
 - d_sub 400 : OOB 0.3490 : L 74 : T 24.8 sec
 - d_sub 400 : OOB 0.3489 : L 75 : T 25.6 sec
 - d_sub 400 : OOB 0.3481 : L 76 : T 26.8 sec
 - d_sub 400 : OOB 0.3492 : L 77 : T 26.8 sec
 - d_sub 400 : OOB 0.3495 : L 78 : T 26.9 sec
 - d_sub 400 : OOB 0.3489 : L 79 : T 26.9 sec
 - d_sub 400 : OOB 0.3509 : L 80 : T 27.0 sec
 - d_sub 400 : OOB 0.3502 : L 81 : T 27.0 sec
 - d_sub 400 : OOB 0.3500 : L 82 : T 27.1 sec
 - d_sub 400 : OOB 0.3495 : L 83 : T 28.5 sec
 - d_sub 400 : OOB 0.3476 : L 84 : T 29.5 sec
 - d_sub 400 : OOB 0.3476 : L 85 : T 29.5 sec
 - d_sub 400 : OOB 0.3492 : L 86 : T 29.6 sec
 - d_sub 400 : OOB 0.3498 : L 87 : T 29.6 sec
 - d_sub 400 : OOB 0.3490 : L 88 : T 29.7 sec
 - d_sub 400 : OOB 0.3493 : L 89 : T 29.7 sec
 - d_sub 400 : OOB 0.3486 : L 90 : T 29.8 sec
 - d_sub 400 : OOB 0.3474 : L 91 : T 30.7 sec

 - d_sub 600 : OOB 0.4485 : L 1 : T 1.3 sec
 - d_sub 600 : OOB 0.4183 : L 2 : T 1.4 sec
 - d_sub 600 : OOB 0.4015 : L 3 : T 1.5 sec
 - d_sub 600 : OOB 0.3938 : L 4 : T 1.6 sec
 - d_sub 600 : OOB 0.3826 : L 5 : T 3.3 sec
 - d_sub 600 : OOB 0.3822 : L 6 : T 5.4 sec
 - d_sub 600 : OOB 0.3701 : L 7 : T 6.5 sec
 - d_sub 600 : OOB 0.3659 : L 8 : T 6.6 sec
 - d_sub 600 : OOB 0.3618 : L 9 : T 6.7 sec
 - d_sub 600 : OOB 0.3605 : L 10 : T 7.8 sec
 - d_sub 600 : OOB 0.3558 : L 11 : T 9.4 sec
 - d_sub 600 : OOB 0.3561 : L 12 : T 10.6 sec
 - d_sub 600 : OOB 0.3586 : L 13 : T 10.7 sec
 - d_sub 600 : OOB 0.3543 : L 14 : T 10.8 sec
 - d_sub 600 : OOB 0.3538 : L 15 : T 10.9 sec
 - d_sub 600 : OOB 0.3504 : L 16 : T 12.1 sec
 - d_sub 600 : OOB 0.3503 : L 17 : T 12.1 sec
 - d_sub 600 : OOB 0.3507 : L 18 : T 12.2 sec
 - d_sub 600 : OOB 0.3489 : L 19 : T 13.9 sec
 - d_sub 600 : OOB 0.3472 : L 20 : T 14.7 sec
 - d_sub 600 : OOB 0.3465 : L 21 : T 16.0 sec
 - d_sub 600 : OOB 0.3475 : L 22 : T 16.1 sec
 - d_sub 600 : OOB 0.3468 : L 23 : T 16.1 sec
 - d_sub 600 : OOB 0.3492 : L 24 : T 16.2 sec
 - d_sub 600 : OOB 0.3480 : L 25 : T 17.1 sec
 - d_sub 600 : OOB 0.3473 : L 26 : T 18.4 sec
 - d_sub 600 : OOB 0.3463 : L 27 : T 18.5 sec
 - d_sub 600 : OOB 0.3454 : L 28 : T 18.6 sec
 - d_sub 600 : OOB 0.3461 : L 29 : T 18.6 sec
 - d_sub 600 : OOB 0.3454 : L 30 : T 18.7 sec
 - d_sub 600 : OOB 0.3442 : L 31 : T 21.6 sec
 - d_sub 600 : OOB 0.3448 : L 32 : T 23.2 sec
 - d_sub 600 : OOB 0.3432 : L 33 : T 25.0 sec
 - d_sub 600 : OOB 0.3411 : L 34 : T 26.2 sec
 - d_sub 600 : OOB 0.3423 : L 35 : T 26.3 sec
 - d_sub 600 : OOB 0.3428 : L 36 : T 26.4 sec
 - d_sub 600 : OOB 0.3417 : L 37 : T 26.5 sec
 - d_sub 600 : OOB 0.3414 : L 38 : T 27.4 sec
 - d_sub 600 : OOB 0.3409 : L 39 : T 28.6 sec
 - d_sub 600 : OOB 0.3394 : L 40 : T 28.7 sec
 - d_sub 600 : OOB 0.3388 : L 41 : T 28.8 sec
 - d_sub 600 : OOB 0.3402 : L 42 : T 28.9 sec
 - d_sub 600 : OOB 0.3388 : L 43 : T 30.9 sec
 - d_sub 600 : OOB 0.3370 : L 44 : T 31.0 sec
 - d_sub 600 : OOB 0.3388 : L 45 : T 31.1 sec
 - d_sub 600 : OOB 0.3376 : L 46 : T 31.2 sec
 - d_sub 600 : OOB 0.3392 : L 47 : T 31.3 sec
 - d_sub 600 : OOB 0.3373 : L 48 : T 32.6 sec
 - d_sub 600 : OOB 0.3371 : L 49 : T 32.7 sec
 - d_sub 600 : OOB 0.3385 : L 50 : T 32.8 sec
 - d_sub 600 : OOB 0.3404 : L 51 : T 34.5 sec
 - d_sub 600 : OOB 0.3406 : L 52 : T 35.7 sec
 - d_sub 600 : OOB 0.3411 : L 53 : T 35.8 sec
 - d_sub 600 : OOB 0.3396 : L 54 : T 35.9 sec
 - d_sub 600 : OOB 0.3393 : L 55 : T 36.0 sec
 - d_sub 600 : OOB 0.3394 : L 56 : T 37.5 sec
 - d_sub 600 : OOB 0.3392 : L 57 : T 38.7 sec
 - d_sub 600 : OOB 0.3388 : L 58 : T 38.8 sec
 - d_sub 600 : OOB 0.3381 : L 59 : T 38.9 sec
 - d_sub 600 : OOB 0.3372 : L 60 : T 39.0 sec
 - d_sub 600 : OOB 0.3378 : L 61 : T 39.1 sec
 - d_sub 600 : OOB 0.3384 : L 62 : T 42.0 sec
 - d_sub 600 : OOB 0.3361 : L 63 : T 43.0 sec
 - d_sub 600 : OOB 0.3390 : L 64 : T 43.1 sec
 - d_sub 600 : OOB 0.3398 : L 65 : T 44.3 sec
 - d_sub 600 : OOB 0.3374 : L 66 : T 44.4 sec
 - d_sub 600 : OOB 0.3373 : L 67 : T 44.5 sec
 - d_sub 600 : OOB 0.3362 : L 68 : T 44.6 sec
 - d_sub 600 : OOB 0.3368 : L 69 : T 44.7 sec
 - d_sub 600 : OOB 0.3392 : L 70 : T 46.0 sec
 - d_sub 600 : OOB 0.3376 : L 71 : T 46.0 sec
 - d_sub 600 : OOB 0.3373 : L 72 : T 46.1 sec
 - d_sub 600 : OOB 0.3370 : L 73 : T 46.2 sec
 - d_sub 600 : OOB 0.3372 : L 74 : T 46.3 sec
 - d_sub 600 : OOB 0.3371 : L 75 : T 47.4 sec
 - d_sub 600 : OOB 0.3365 : L 76 : T 48.6 sec
 - d_sub 600 : OOB 0.3367 : L 77 : T 48.7 sec
 - d_sub 600 : OOB 0.3369 : L 78 : T 48.8 sec
 - d_sub 600 : OOB 0.3357 : L 79 : T 50.0 sec
 - d_sub 600 : OOB 0.3351 : L 80 : T 50.1 sec
 - d_sub 600 : OOB 0.3361 : L 81 : T 50.1 sec
 - d_sub 600 : OOB 0.3360 : L 82 : T 51.4 sec
 - d_sub 600 : OOB 0.3348 : L 83 : T 52.5 sec
 - d_sub 600 : OOB 0.3356 : L 84 : T 52.6 sec
 - d_sub 600 : OOB 0.3346 : L 85 : T 54.5 sec
 - d_sub 600 : OOB 0.3346 : L 86 : T 56.6 sec
 - d_sub 600 : OOB 0.3349 : L 87 : T 58.6 sec
 - d_sub 600 : OOB 0.3345 : L 88 : T 60.8 sec
 - d_sub 600 : OOB 0.3347 : L 89 : T 62.8 sec
 - d_sub 600 : OOB 0.3346 : L 90 : T 64.4 sec
 - d_sub 600 : OOB 0.3342 : L 91 : T 64.5 sec
 - d_sub 600 : OOB 0.3349 : L 92 : T 64.6 sec
 - d_sub 600 : OOB 0.3332 : L 93 : T 64.7 sec
 - d_sub 600 : OOB 0.3352 : L 94 : T 64.8 sec
 - d_sub 600 : OOB 0.3343 : L 95 : T 66.9 sec
 - d_sub 600 : OOB 0.3347 : L 96 : T 67.0 sec
 - d_sub 600 : OOB 0.3346 : L 97 : T 68.7 sec
 - d_sub 600 : OOB 0.3339 : L 98 : T 70.0 sec
 - d_sub 600 : OOB 0.3344 : L 99 : T 70.1 sec
 - d_sub 600 : OOB 0.3348 : L 100 : T 70.2 sec
 - d_sub 600 : OOB 0.3330 : L 101 : T 70.3 sec
 - d_sub 600 : OOB 0.3339 : L 102 : T 72.1 sec
 - d_sub 600 : OOB 0.3350 : L 103 : T 72.2 sec
 - d_sub 600 : OOB 0.3347 : L 104 : T 72.8 sec

 - d_sub 800 : OOB 0.4485 : L 1 : T 0.1 sec
 - d_sub 800 : OOB 0.4131 : L 2 : T 1.4 sec
 - d_sub 800 : OOB 0.3997 : L 3 : T 2.6 sec
 - d_sub 800 : OOB 0.3817 : L 4 : T 2.8 sec
 - d_sub 800 : OOB 0.3699 : L 5 : T 2.9 sec
 - d_sub 800 : OOB 0.3728 : L 6 : T 5.0 sec
 - d_sub 800 : OOB 0.3625 : L 7 : T 6.2 sec
 - d_sub 800 : OOB 0.3599 : L 8 : T 7.7 sec
 - d_sub 800 : OOB 0.3568 : L 9 : T 7.9 sec
 - d_sub 800 : OOB 0.3506 : L 10 : T 8.0 sec
 - d_sub 800 : OOB 0.3488 : L 11 : T 8.2 sec
 - d_sub 800 : OOB 0.3437 : L 12 : T 11.2 sec
 - d_sub 800 : OOB 0.3444 : L 13 : T 11.3 sec
 - d_sub 800 : OOB 0.3435 : L 14 : T 11.4 sec
 - d_sub 800 : OOB 0.3424 : L 15 : T 12.3 sec
 - d_sub 800 : OOB 0.3473 : L 16 : T 14.3 sec
 - d_sub 800 : OOB 0.3446 : L 17 : T 16.3 sec
 - d_sub 800 : OOB 0.3442 : L 18 : T 17.4 sec
 - d_sub 800 : OOB 0.3427 : L 19 : T 18.4 sec
 - d_sub 800 : OOB 0.3427 : L 20 : T 18.5 sec
 - d_sub 800 : OOB 0.3420 : L 21 : T 18.7 sec
 - d_sub 800 : OOB 0.3400 : L 22 : T 20.0 sec
 - d_sub 800 : OOB 0.3411 : L 23 : T 20.1 sec
 - d_sub 800 : OOB 0.3384 : L 24 : T 20.3 sec
 - d_sub 800 : OOB 0.3378 : L 25 : T 20.4 sec
 - d_sub 800 : OOB 0.3381 : L 26 : T 20.5 sec
 - d_sub 800 : OOB 0.3381 : L 27 : T 23.6 sec
 - d_sub 800 : OOB 0.3384 : L 28 : T 23.7 sec
 - d_sub 800 : OOB 0.3362 : L 29 : T 23.9 sec
 - d_sub 800 : OOB 0.3359 : L 30 : T 24.7 sec
 - d_sub 800 : OOB 0.3352 : L 31 : T 26.0 sec
 - d_sub 800 : OOB 0.3351 : L 32 : T 26.1 sec
 - d_sub 800 : OOB 0.3367 : L 33 : T 26.2 sec
 - d_sub 800 : OOB 0.3347 : L 34 : T 27.3 sec
 - d_sub 800 : OOB 0.3334 : L 35 : T 28.7 sec
 - d_sub 800 : OOB 0.3345 : L 36 : T 28.8 sec
 - d_sub 800 : OOB 0.3343 : L 37 : T 28.9 sec
 - d_sub 800 : OOB 0.3319 : L 38 : T 30.2 sec
 - d_sub 800 : OOB 0.3330 : L 39 : T 30.3 sec
 - d_sub 800 : OOB 0.3334 : L 40 : T 31.3 sec
 - d_sub 800 : OOB 0.3349 : L 41 : T 32.7 sec
 - d_sub 800 : OOB 0.3346 : L 42 : T 32.8 sec
 - d_sub 800 : OOB 0.3336 : L 43 : T 33.0 sec
 - d_sub 800 : OOB 0.3324 : L 44 : T 34.2 sec
 - d_sub 800 : OOB 0.3327 : L 45 : T 35.5 sec
 - d_sub 800 : OOB 0.3324 : L 46 : T 36.3 sec
 - d_sub 800 : OOB 0.3332 : L 47 : T 37.4 sec
 - d_sub 800 : OOB 0.3337 : L 48 : T 38.7 sec
 - d_sub 800 : OOB 0.3328 : L 49 : T 38.8 sec
 - d_sub 800 : OOB 0.3332 : L 50 : T 39.0 sec
 - d_sub 800 : OOB 0.3347 : L 51 : T 41.0 sec
 - d_sub 800 : OOB 0.3335 : L 52 : T 41.2 sec
 - d_sub 800 : OOB 0.3330 : L 53 : T 41.3 sec
 - d_sub 800 : OOB 0.3344 : L 54 : T 41.4 sec
 - d_sub 800 : OOB 0.3322 : L 55 : T 44.5 sec
 - d_sub 800 : OOB 0.3329 : L 56 : T 45.7 sec
 - d_sub 800 : OOB 0.3308 : L 57 : T 45.8 sec
 - d_sub 800 : OOB 0.3326 : L 58 : T 45.9 sec
 - d_sub 800 : OOB 0.3325 : L 59 : T 47.5 sec
 - d_sub 800 : OOB 0.3323 : L 60 : T 47.6 sec
 - d_sub 800 : OOB 0.3349 : L 61 : T 48.8 sec
 - d_sub 800 : OOB 0.3322 : L 62 : T 49.7 sec
 - d_sub 800 : OOB 0.3328 : L 63 : T 51.1 sec
 - d_sub 800 : OOB 0.3338 : L 64 : T 51.2 sec
 - d_sub 800 : OOB 0.3346 : L 65 : T 51.3 sec
 - d_sub 800 : OOB 0.3325 : L 66 : T 52.3 sec{Operation terminated by user during ensemble_training>FLD_training (line 535)


In ensemble_training (line 143)
        base_learner{i} = FLD_training(Xc,Xs,base_learner{i},OOB,settings);


In classify_BOSSbase (line 32)
test_results_cover = ensemble_testing(TST_cover,trained_ensemble);


In auto (line 15)


} 
auto
# -------------------------
# Ensemble classification
#  - Training samples: 10000 (5000/5000)
#  - Feature-space dimensionality: 18157
#  - L : automatic (min 25, max 500, length 50, eps 0.00500)
#  - d_sub : automatic (Eoob tolerance 0.0200, step 200)
#  - Seed 1 (subspaces) : 197588530
#  - Seed 2 (bootstrap) : 232161119
# -------------------------

 - d_sub 200 : OOB 0.4632 : L 1 : T 0.1 sec
 - d_sub 200 : OOB 0.4379 : L 2 : T 0.2 sec
 - d_sub 200 : OOB 0.4251 : L 3 : T 0.2 sec
 - d_sub 200 : OOB 0.4151 : L 4 : T 0.2 sec
 - d_sub 200 : OOB 0.4051 : L 5 : T 0.3 sec
 - d_sub 200 : OOB 0.4058 : L 6 : T 0.3 sec
 - d_sub 200 : OOB 0.3970 : L 7 : T 0.3 sec
 - d_sub 200 : OOB 0.3935 : L 8 : T 0.4 sec
 - d_sub 200 : OOB 0.3918 : L 9 : T 0.4 sec
 - d_sub 200 : OOB 0.3924 : L 10 : T 0.4 sec
 - d_sub 200 : OOB 0.3869 : L 11 : T 0.5 sec
 - d_sub 200 : OOB 0.3836 : L 12 : T 0.5 sec
 - d_sub 200 : OOB 0.3849 : L 13 : T 0.5 sec
 - d_sub 200 : OOB 0.3817 : L 14 : T 0.5 sec
 - d_sub 200 : OOB 0.3870 : L 15 : T 0.6 sec
 - d_sub 200 : OOB 0.3800 : L 16 : T 0.6 sec
 - d_sub 200 : OOB 0.3812 : L 17 : T 0.6 sec
 - d_sub 200 : OOB 0.3761 : L 18 : T 0.7 sec
 - d_sub 200 : OOB 0.3760 : L 19 : T 0.7 sec
 - d_sub 200 : OOB 0.3758 : L 20 : T 0.7 sec
 - d_sub 200 : OOB 0.3787 : L 21 : T 0.8 sec
 - d_sub 200 : OOB 0.3761 : L 22 : T 0.8 sec
 - d_sub 200 : OOB 0.3760 : L 23 : T 0.8 sec
 - d_sub 200 : OOB 0.3751 : L 24 : T 0.8 sec
 - d_sub 200 : OOB 0.3728 : L 25 : T 0.9 sec
 - d_sub 200 : OOB 0.3753 : L 26 : T 0.9 sec
 - d_sub 200 : OOB 0.3771 : L 27 : T 0.9 sec
 - d_sub 200 : OOB 0.3743 : L 28 : T 1.0 sec
 - d_sub 200 : OOB 0.3757 : L 29 : T 1.0 sec
 - d_sub 200 : OOB 0.3770 : L 30 : T 1.0 sec
 - d_sub 200 : OOB 0.3727 : L 31 : T 1.1 sec
 - d_sub 200 : OOB 0.3771 : L 32 : T 1.1 sec
 - d_sub 200 : OOB 0.3775 : L 33 : T 1.1 sec
 - d_sub 200 : OOB 0.3754 : L 34 : T 1.1 sec
 - d_sub 200 : OOB 0.3750 : L 35 : T 1.2 sec
 - d_sub 200 : OOB 0.3737 : L 36 : T 1.2 sec
 - d_sub 200 : OOB 0.3763 : L 37 : T 1.2 sec
 - d_sub 200 : OOB 0.3759 : L 38 : T 1.3 sec
 - d_sub 200 : OOB 0.3747 : L 39 : T 1.3 sec
 - d_sub 200 : OOB 0.3746 : L 40 : T 1.3 sec
 - d_sub 200 : OOB 0.3748 : L 41 : T 1.4 sec
 - d_sub 200 : OOB 0.3739 : L 42 : T 1.4 sec
 - d_sub 200 : OOB 0.3728 : L 43 : T 1.4 sec
 - d_sub 200 : OOB 0.3746 : L 44 : T 1.5 sec
 - d_sub 200 : OOB 0.3731 : L 45 : T 1.5 sec
 - d_sub 200 : OOB 0.3752 : L 46 : T 1.5 sec
 - d_sub 200 : OOB 0.3750 : L 47 : T 1.5 sec
 - d_sub 200 : OOB 0.3727 : L 48 : T 1.6 sec
 - d_sub 200 : OOB 0.3740 : L 49 : T 1.6 sec
 - d_sub 200 : OOB 0.3738 : L 50 : T 1.6 sec
 - d_sub 200 : OOB 0.3729 : L 51 : T 1.7 sec
 - d_sub 200 : OOB 0.3725 : L 52 : T 1.7 sec
 - d_sub 200 : OOB 0.3712 : L 53 : T 1.7 sec
 - d_sub 200 : OOB 0.3719 : L 54 : T 1.8 sec
 - d_sub 200 : OOB 0.3715 : L 55 : T 1.8 sec
 - d_sub 200 : OOB 0.3723 : L 56 : T 1.8 sec
 - d_sub 200 : OOB 0.3711 : L 57 : T 1.8 sec
 - d_sub 200 : OOB 0.3724 : L 58 : T 1.9 sec
 - d_sub 200 : OOB 0.3712 : L 59 : T 1.9 sec
 - d_sub 200 : OOB 0.3741 : L 60 : T 1.9 sec
 - d_sub 200 : OOB 0.3723 : L 61 : T 2.0 sec
 - d_sub 200 : OOB 0.3719 : L 62 : T 2.0 sec
 - d_sub 200 : OOB 0.3726 : L 63 : T 2.0 sec
 - d_sub 200 : OOB 0.3714 : L 64 : T 2.0 sec
 - d_sub 200 : OOB 0.3712 : L 65 : T 2.1 sec
 - d_sub 200 : OOB 0.3726 : L 66 : T 2.1 sec
 - d_sub 200 : OOB 0.3720 : L 67 : T 2.1 sec

 - d_sub 400 : OOB 0.4528 : L 1 : T 0.1 sec
 - d_sub 400 : OOB 0.4256 : L 2 : T 0.1 sec
 - d_sub 400 : OOB 0.4092 : L 3 : T 0.2 sec
 - d_sub 400 : OOB 0.3988 : L 4 : T 0.3 sec
 - d_sub 400 : OOB 0.3891 : L 5 : T 0.3 sec
 - d_sub 400 : OOB 0.3842 : L 6 : T 1.2 sec
 - d_sub 400 : OOB 0.3766 : L 7 : T 2.5 sec
 - d_sub 400 : OOB 0.3713 : L 8 : T 2.5 sec
 - d_sub 400 : OOB 0.3702 : L 9 : T 2.6 sec
 - d_sub 400 : OOB 0.3670 : L 10 : T 2.6 sec
 - d_sub 400 : OOB 0.3677 : L 11 : T 2.7 sec
 - d_sub 400 : OOB 0.3631 : L 12 : T 2.7 sec
 - d_sub 400 : OOB 0.3619 : L 13 : T 2.8 sec
 - d_sub 400 : OOB 0.3597 : L 14 : T 4.1 sec
 - d_sub 400 : OOB 0.3582 : L 15 : T 4.1 sec
 - d_sub 400 : OOB 0.3614 : L 16 : T 4.2 sec
 - d_sub 400 : OOB 0.3553 : L 17 : T 4.2 sec
 - d_sub 400 : OOB 0.3554 : L 18 : T 4.3 sec
 - d_sub 400 : OOB 0.3566 : L 19 : T 5.4 sec
 - d_sub 400 : OOB 0.3552 : L 20 : T 6.2 sec
 - d_sub 400 : OOB 0.3550 : L 21 : T 6.3 sec
 - d_sub 400 : OOB 0.3575 : L 22 : T 6.3 sec
 - d_sub 400 : OOB 0.3543 : L 23 : T 6.4 sec
 - d_sub 400 : OOB 0.3564 : L 24 : T 6.4 sec
 - d_sub 400 : OOB 0.3568 : L 25 : T 6.5 sec
 - d_sub 400 : OOB 0.3561 : L 26 : T 6.5 sec
 - d_sub 400 : OOB 0.3542 : L 27 : T 6.6 sec
 - d_sub 400 : OOB 0.3545 : L 28 : T 6.7 sec
 - d_sub 400 : OOB 0.3545 : L 29 : T 9.0 sec
 - d_sub 400 : OOB 0.3549 : L 30 : T 9.0 sec
 - d_sub 400 : OOB 0.3540 : L 31 : T 9.1 sec
 - d_sub 400 : OOB 0.3554 : L 32 : T 9.1 sec
 - d_sub 400 : OOB 0.3534 : L 33 : T 9.2 sec
 - d_sub 400 : OOB 0.3571 : L 34 : T 9.3 sec
 - d_sub 400 : OOB 0.3554 : L 35 : T 10.6 sec
 - d_sub 400 : OOB 0.3530 : L 36 : T 11.3 sec
 - d_sub 400 : OOB 0.3539 : L 37 : T 11.4 sec
 - d_sub 400 : OOB 0.3521 : L 38 : T 11.4 sec
 - d_sub 400 : OOB 0.3538 : L 39 : T 11.5 sec
 - d_sub 400 : OOB 0.3523 : L 40 : T 11.5 sec
 - d_sub 400 : OOB 0.3525 : L 41 : T 11.6 sec
 - d_sub 400 : OOB 0.3537 : L 42 : T 11.6 sec
 - d_sub 400 : OOB 0.3530 : L 43 : T 11.7 sec
 - d_sub 400 : OOB 0.3529 : L 44 : T 11.8 sec
 - d_sub 400 : OOB 0.3519 : L 45 : T 11.8 sec
 - d_sub 400 : OOB 0.3530 : L 46 : T 12.7 sec
 - d_sub 400 : OOB 0.3520 : L 47 : T 14.0 sec
 - d_sub 400 : OOB 0.3520 : L 48 : T 14.1 sec
 - d_sub 400 : OOB 0.3524 : L 49 : T 14.1 sec
 - d_sub 400 : OOB 0.3540 : L 50 : T 14.2 sec
 - d_sub 400 : OOB 0.3546 : L 51 : T 14.2 sec
 - d_sub 400 : OOB 0.3528 : L 52 : T 14.3 sec
 - d_sub 400 : OOB 0.3519 : L 53 : T 15.5 sec
 - d_sub 400 : OOB 0.3523 : L 54 : T 15.6 sec
 - d_sub 400 : OOB 0.3503 : L 55 : T 15.6 sec
 - d_sub 400 : OOB 0.3518 : L 56 : T 16.8 sec
 - d_sub 400 : OOB 0.3512 : L 57 : T 16.9 sec
 - d_sub 400 : OOB 0.3527 : L 58 : T 16.9 sec
 - d_sub 400 : OOB 0.3520 : L 59 : T 17.9 sec
 - d_sub 400 : OOB 0.3522 : L 60 : T 17.9 sec
 - d_sub 400 : OOB 0.3517 : L 61 : T 18.0 sec
 - d_sub 400 : OOB 0.3505 : L 62 : T 18.0 sec
 - d_sub 400 : OOB 0.3529 : L 63 : T 18.1 sec
 - d_sub 400 : OOB 0.3499 : L 64 : T 18.1 sec
 - d_sub 400 : OOB 0.3518 : L 65 : T 18.2 sec
 - d_sub 400 : OOB 0.3511 : L 66 : T 18.3 sec

 - d_sub 600 : OOB 0.4502 : L 1 : T 1.2 sec
 - d_sub 600 : OOB 0.4185 : L 2 : T 1.3 sec
 - d_sub 600 : OOB 0.4044 : L 3 : T 3.2 sec
 - d_sub 600 : OOB 0.3946 : L 4 : T 3.3 sec
 - d_sub 600 : OOB 0.3806 : L 5 : T 3.4 sec
 - d_sub 600 : OOB 0.3768 : L 6 : T 3.5 sec
 - d_sub 600 : OOB 0.3666 : L 7 : T 3.6 sec
 - d_sub 600 : OOB 0.3623 : L 8 : T 5.0 sec
 - d_sub 600 : OOB 0.3617 : L 9 : T 5.1 sec
 - d_sub 600 : OOB 0.3615 : L 10 : T 5.2 sec
 - d_sub 600 : OOB 0.3581 : L 11 : T 5.2 sec
 - d_sub 600 : OOB 0.3566 : L 12 : T 7.2 sec
 - d_sub 600 : OOB 0.3563 : L 13 : T 8.5 sec
 - d_sub 600 : OOB 0.3530 : L 14 : T 8.6 sec
 - d_sub 600 : OOB 0.3546 : L 15 : T 8.7 sec
 - d_sub 600 : OOB 0.3498 : L 16 : T 8.7 sec
 - d_sub 600 : OOB 0.3503 : L 17 : T 10.0 sec
 - d_sub 600 : OOB 0.3524 : L 18 : T 10.0 sec
 - d_sub 600 : OOB 0.3516 : L 19 : T 10.1 sec
 - d_sub 600 : OOB 0.3508 : L 20 : T 10.2 sec
 - d_sub 600 : OOB 0.3498 : L 21 : T 12.2 sec
 - d_sub 600 : OOB 0.3512 : L 22 : T 12.2 sec
 - d_sub 600 : OOB 0.3496 : L 23 : T 13.5 sec
 - d_sub 600 : OOB 0.3480 : L 24 : T 13.6 sec
 - d_sub 600 : OOB 0.3493 : L 25 : T 13.7 sec
 - d_sub 600 : OOB 0.3469 : L 26 : T 14.5 sec
 - d_sub 600 : OOB 0.3471 : L 27 : T 14.6 sec
 - d_sub 600 : OOB 0.3455 : L 28 : T 16.6 sec
 - d_sub 600 : OOB 0.3455 : L 29 : T 17.9 sec
 - d_sub 600 : OOB 0.3441 : L 30 : T 18.0 sec
 - d_sub 600 : OOB 0.3435 : L 31 : T 18.0 sec
 - d_sub 600 : OOB 0.3421 : L 32 : T 20.2 sec
 - d_sub 600 : OOB 0.3445 : L 33 : T 20.3 sec
 - d_sub 600 : OOB 0.3427 : L 34 : T 21.1 sec
 - d_sub 600 : OOB 0.3436 : L 35 : T 22.1 sec
 - d_sub 600 : OOB 0.3431 : L 36 : T 23.3 sec
 - d_sub 600 : OOB 0.3413 : L 37 : T 23.4 sec
 - d_sub 600 : OOB 0.3427 : L 38 : T 23.5 sec
 - d_sub 600 : OOB 0.3393 : L 39 : T 24.7 sec
 - d_sub 600 : OOB 0.3418 : L 40 : T 25.7 sec
 - d_sub 600 : OOB 0.3418 : L 41 : T 25.7 sec
 - d_sub 600 : OOB 0.3409 : L 42 : T 26.6 sec
 - d_sub 600 : OOB 0.3415 : L 43 : T 26.7 sec
 - d_sub 600 : OOB 0.3423 : L 44 : T 26.8 sec
 - d_sub 600 : OOB 0.3408 : L 45 : T 26.9 sec
 - d_sub 600 : OOB 0.3413 : L 46 : T 29.0 sec
 - d_sub 600 : OOB 0.3400 : L 47 : T 30.3 sec
 - d_sub 600 : OOB 0.3412 : L 48 : T 30.4 sec
 - d_sub 600 : OOB 0.3398 : L 49 : T 30.5 sec
 - d_sub 600 : OOB 0.3412 : L 50 : T 31.4 sec
 - d_sub 600 : OOB 0.3416 : L 51 : T 32.5 sec
 - d_sub 600 : OOB 0.3400 : L 52 : T 32.6 sec
 - d_sub 600 : OOB 0.3415 : L 53 : T 34.4 sec
 - d_sub 600 : OOB 0.3411 : L 54 : T 35.7 sec
 - d_sub 600 : OOB 0.3427 : L 55 : T 35.8 sec
 - d_sub 600 : OOB 0.3422 : L 56 : T 35.9 sec
 - d_sub 600 : OOB 0.3433 : L 57 : T 36.9 sec
 - d_sub 600 : OOB 0.3405 : L 58 : T 37.8 sec
 - d_sub 600 : OOB 0.3417 : L 59 : T 39.9 sec
 - d_sub 600 : OOB 0.3420 : L 60 : T 41.1 sec
 - d_sub 600 : OOB 0.3431 : L 61 : T 41.2 sec
 - d_sub 600 : OOB 0.3432 : L 62 : T 41.3 sec
 - d_sub 600 : OOB 0.3423 : L 63 : T 41.4 sec
 - d_sub 600 : OOB 0.3406 : L 64 : T 41.5 sec
 - d_sub 600 : OOB 0.3442 : L 65 : T 43.2 sec
 - d_sub 600 : OOB 0.3425 : L 66 : T 45.5 sec
 - d_sub 600 : OOB 0.3415 : L 67 : T 47.7 sec
 - d_sub 600 : OOB 0.3411 : L 68 : T 50.2 sec
 - d_sub 600 : OOB 0.3418 : L 69 : T 51.3 sec
 - d_sub 600 : OOB 0.3408 : L 70 : T 51.3 sec
 - d_sub 600 : OOB 0.3413 : L 71 : T 51.4 sec
 - d_sub 600 : OOB 0.3424 : L 72 : T 51.5 sec
 - d_sub 600 : OOB 0.3404 : L 73 : T 52.8 sec
 - d_sub 600 : OOB 0.3399 : L 74 : T 52.9 sec
 - d_sub 600 : OOB 0.3399 : L 75 : T 54.7 sec
 - d_sub 600 : OOB 0.3419 : L 76 : T 56.1 sec

 - d_sub 800 : OOB 0.4502 : L 1 : T 0.2 sec
 - d_sub 800 : OOB 0.4169 : L 2 : T 0.3 sec
 - d_sub 800 : OOB 0.3997 : L 3 : T 0.5 sec
 - d_sub 800 : OOB 0.3898 : L 4 : T 4.1 sec
 - d_sub 800 : OOB 0.3766 : L 5 : T 4.2 sec
 - d_sub 800 : OOB 0.3747 : L 6 : T 4.3 sec
 - d_sub 800 : OOB 0.3631 : L 7 : T 5.8 sec
 - d_sub 800 : OOB 0.3581 : L 8 : T 6.9 sec
 - d_sub 800 : OOB 0.3574 : L 9 : T 7.0 sec
 - d_sub 800 : OOB 0.3580 : L 10 : T 7.2 sec
 - d_sub 800 : OOB 0.3540 : L 11 : T 8.5 sec
 - d_sub 800 : OOB 0.3526 : L 12 : T 10.5 sec
 - d_sub 800 : OOB 0.3523 : L 13 : T 10.6 sec
 - d_sub 800 : OOB 0.3489 : L 14 : T 10.8 sec
 - d_sub 800 : OOB 0.3502 : L 15 : T 10.9 sec
 - d_sub 800 : OOB 0.3499 : L 16 : T 13.0 sec
 - d_sub 800 : OOB 0.3438 : L 17 : T 15.1 sec
 - d_sub 800 : OOB 0.3443 : L 18 : T 15.2 sec
 - d_sub 800 : OOB 0.3429 : L 19 : T 15.4 sec
 - d_sub 800 : OOB 0.3423 : L 20 : T 15.5 sec
 - d_sub 800 : OOB 0.3439 : L 21 : T 16.4 sec
 - d_sub 800 : OOB 0.3457 : L 22 : T 16.6 sec
 - d_sub 800 : OOB 0.3440 : L 23 : T 16.7 sec
 - d_sub 800 : OOB 0.3459 : L 24 : T 16.8 sec
 - d_sub 800 : OOB 0.3444 : L 25 : T 17.7 sec
 - d_sub 800 : OOB 0.3419 : L 26 : T 19.9 sec
 - d_sub 800 : OOB 0.3406 : L 27 : T 20.0 sec
 - d_sub 800 : OOB 0.3391 : L 28 : T 20.1 sec
 - d_sub 800 : OOB 0.3410 : L 29 : T 22.2 sec
 - d_sub 800 : OOB 0.3397 : L 30 : T 22.3 sec
 - d_sub 800 : OOB 0.3382 : L 31 : T 22.4 sec
 - d_sub 800 : OOB 0.3403 : L 32 : T 24.1 sec
 - d_sub 800 : OOB 0.3398 : L 33 : T 24.3 sec
 - d_sub 800 : OOB 0.3366 : L 34 : T 24.4 sec
 - d_sub 800 : OOB 0.3374 : L 35 : T 24.5 sec
 - d_sub 800 : OOB 0.3388 : L 36 : T 24.6 sec
 - d_sub 800 : OOB 0.3383 : L 37 : T 27.4 sec
 - d_sub 800 : OOB 0.3407 : L 38 : T 27.5 sec
 - d_sub 800 : OOB 0.3371 : L 39 : T 27.7 sec
 - d_sub 800 : OOB 0.3386 : L 40 : T 27.8 sec
 - d_sub 800 : OOB 0.3395 : L 41 : T 29.7 sec
 - d_sub 800 : OOB 0.3388 : L 42 : T 30.9 sec
 - d_sub 800 : OOB 0.3395 : L 43 : T 31.1 sec
 - d_sub 800 : OOB 0.3382 : L 44 : T 31.2 sec
 - d_sub 800 : OOB 0.3399 : L 45 : T 32.3 sec
 - d_sub 800 : OOB 0.3381 : L 46 : T 33.4 sec
 - d_sub 800 : OOB 0.3401 : L 47 : T 33.5 sec
 - d_sub 800 : OOB 0.3408 : L 48 : T 35.4 sec
 - d_sub 800 : OOB 0.3384 : L 49 : T 35.6 sec
 - d_sub 800 : OOB 0.3387 : L 50 : T 37.3 sec
 - d_sub 800 : OOB 0.3400 : L 51 : T 37.4 sec
 - d_sub 800 : OOB 0.3392 : L 52 : T 38.8 sec
 - d_sub 800 : OOB 0.3375 : L 53 : T 38.9 sec
 - d_sub 800 : OOB 0.3397 : L 54 : T 39.9 sec
 - d_sub 800 : OOB 0.3370 : L 55 : T 40.0 sec
 - d_sub 800 : OOB 0.3376 : L 56 : T 41.3 sec
 - d_sub 800 : OOB 0.3379 : L 57 : T 43.2 sec
 - d_sub 800 : OOB 0.3365 : L 58 : T 44.4 sec
 - d_sub 800 : OOB 0.3374 : L 59 : T 44.6 sec
 - d_sub 800 : OOB 0.3354 : L 60 : T 44.7 sec
 - d_sub 800 : OOB 0.3377 : L 61 : T 45.9 sec
 - d_sub 800 : OOB 0.3388 : L 62 : T 46.0 sec
 - d_sub 800 : OOB 0.3364 : L 63 : T 46.2 sec
 - d_sub 800 : OOB 0.3364 : L 64 : T 47.1 sec
 - d_sub 800 : OOB 0.3380 : L 65 : T 48.9 sec
 - d_sub 800 : OOB 0.3372 : L 66 : T 49.0 sec
 - d_sub 800 : OOB 0.3374 : L 67 : T 49.2 sec
 - d_sub 800 : OOB 0.3364 : L 68 : T 50.8 sec
 - d_sub 800 : OOB 0.3369 : L 69 : T 50.9 sec
 - d_sub 800 : OOB 0.3363 : L 70 : T 52.3 sec
 - d_sub 800 : OOB 0.3357 : L 71 : T 53.6 sec
 - d_sub 800 : OOB 0.3361 : L 72 : T 53.7 sec
 - d_sub 800 : OOB 0.3356 : L 73 : T 53.9 sec
 - d_sub 800 : OOB 0.3352 : L 74 : T 55.7 sec
 - d_sub 800 : OOB 0.3367 : L 75 : T 56.8 sec

 - d_sub 1000 : OOB 0.4497 : L 1 : T 0.2 sec
 - d_sub 1000 : OOB 0.4176 : L 2 : T 1.3 sec
 - d_sub 1000 : OOB 0.4018 : L 3 : T 3.2 sec
 - d_sub 1000 : OOB 0.3912 : L 4 : T 3.4 sec
 - d_sub 1000 : OOB 0.3759 : L 5 : T 4.4 sec
 - d_sub 1000 : OOB 0.3702 : L 6 : T 6.6 sec
 - d_sub 1000 : OOB 0.3615 : L 7 : T 6.8 sec
 - d_sub 1000 : OOB 0.3572 : L 8 : T 7.9 sec
 - d_sub 1000 : OOB 0.3538 : L 9 : T 10.0 sec
 - d_sub 1000 : OOB 0.3558 : L 10 : T 10.2 sec
 - d_sub 1000 : OOB 0.3510 : L 11 : T 11.5 sec
 - d_sub 1000 : OOB 0.3509 : L 12 : T 13.6 sec
 - d_sub 1000 : OOB 0.3499 : L 13 : T 13.7 sec
 - d_sub 1000 : OOB 0.3463 : L 14 : T 14.7 sec
 - d_sub 1000 : OOB 0.3485 : L 15 : T 16.6 sec
 - d_sub 1000 : OOB 0.3439 : L 16 : T 16.8 sec
 - d_sub 1000 : OOB 0.3426 : L 17 : T 19.7 sec
 - d_sub 1000 : OOB 0.3384 : L 18 : T 19.9 sec
 - d_sub 1000 : OOB 0.3398 : L 19 : T 20.8 sec
 - d_sub 1000 : OOB 0.3377 : L 20 : T 22.7 sec
 - d_sub 1000 : OOB 0.3382 : L 21 : T 22.9 sec
 - d_sub 1000 : OOB 0.3370 : L 22 : T 25.7 sec
 - d_sub 1000 : OOB 0.3374 : L 23 : T 25.9 sec
 - d_sub 1000 : OOB 0.3359 : L 24 : T 27.8 sec
 - d_sub 1000 : OOB 0.3343 : L 25 : T 28.0 sec
 - d_sub 1000 : OOB 0.3356 : L 26 : T 29.4 sec
 - d_sub 1000 : OOB 0.3342 : L 27 : T 29.6 sec
 - d_sub 1000 : OOB 0.3341 : L 28 : T 30.8 sec
 - d_sub 1000 : OOB 0.3326 : L 29 : T 30.9 sec
 - d_sub 1000 : OOB 0.3333 : L 30 : T 34.4 sec
 - d_sub 1000 : OOB 0.3352 : L 31 : T 34.6 sec
 - d_sub 1000 : OOB 0.3325 : L 32 : T 37.3 sec
 - d_sub 1000 : OOB 0.3317 : L 33 : T 37.5 sec
 - d_sub 1000 : OOB 0.3333 : L 34 : T 38.8 sec
 - d_sub 1000 : OOB 0.3334 : L 35 : T 39.0 sec
 - d_sub 1000 : OOB 0.3330 : L 36 : T 41.7 sec
 - d_sub 1000 : OOB 0.3332 : L 37 : T 41.9 sec
 - d_sub 1000 : OOB 0.3306 : L 38 : T 43.3 sec
 - d_sub 1000 : OOB 0.3308 : L 39 : T 43.5 sec
 - d_sub 1000 : OOB 0.3326 : L 40 : T 45.8 sec
 - d_sub 1000 : OOB 0.3317 : L 41 : T 46.0 sec
 - d_sub 1000 : OOB 0.3307 : L 42 : T 47.3 sec
 - d_sub 1000 : OOB 0.3328 : L 43 : T 47.5 sec
 - d_sub 1000 : OOB 0.3318 : L 44 : T 49.6 sec
 - d_sub 1000 : OOB 0.3310 : L 45 : T 50.9 sec
 - d_sub 1000 : OOB 0.3328 : L 46 : T 51.1 sec
 - d_sub 1000 : OOB 0.3327 : L 47 : T 52.5 sec
 - d_sub 1000 : OOB 0.3338 : L 48 : T 52.7 sec
 - d_sub 1000 : OOB 0.3321 : L 49 : T 55.8 sec
 - d_sub 1000 : OOB 0.3316 : L 50 : T 56.0 sec
 - d_sub 1000 : OOB 0.3325 : L 51 : T 56.9 sec
 - d_sub 1000 : OOB 0.3322 : L 52 : T 59.1 sec
 - d_sub 1000 : OOB 0.3308 : L 53 : T 59.3 sec
 - d_sub 1000 : OOB 0.3313 : L 54 : T 62.2 sec
 - d_sub 1000 : OOB 0.3312 : L 55 : T 62.4 sec
 - d_sub 1000 : OOB 0.3307 : L 56 : T 63.8 sec
 - d_sub 1000 : OOB 0.3315 : L 57 : T 64.0 sec
 - d_sub 1000 : OOB 0.3330 : L 58 : T 65.4 sec
 - d_sub 1000 : OOB 0.3310 : L 59 : T 65.6 sec
 - d_sub 1000 : OOB 0.3317 : L 60 : T 68.7 sec
 - d_sub 1000 : OOB 0.3307 : L 61 : T 68.9 sec
 - d_sub 1000 : OOB 0.3301 : L 62 : T 70.2 sec
 - d_sub 1000 : OOB 0.3313 : L 63 : T 70.4 sec
 - d_sub 1000 : OOB 0.3299 : L 64 : T 71.8 sec
 - d_sub 1000 : OOB 0.3315 : L 65 : T 74.0 sec
 - d_sub 1000 : OOB 0.3307 : L 66 : T 74.2 sec
 - d_sub 1000 : OOB 0.3312 : L 67 : T 74.4 sec
 - d_sub 1000 : OOB 0.3301 : L 68 : T 77.0 sec
 - d_sub 1000 : OOB 0.3294 : L 69 : T 77.2 sec
 - d_sub 1000 : OOB 0.3294 : L 70 : T 77.4 sec
 - d_sub 1000 : OOB 0.3278 : L 71 : T 80.7 sec
 - d_sub 1000 : OOB 0.3290 : L 72 : T 80.9 sec
 - d_sub 1000 : OOB 0.3297 : L 73 : T 81.1 sec
 - d_sub 1000 : OOB 0.3271 : L 74 : T 81.3 sec
 - d_sub 1000 : OOB 0.3267 : L 75 : T 83.9 sec
 - d_sub 1000 : OOB 0.3299 : L 76 : T 84.1 sec
 - d_sub 1000 : OOB 0.3294 : L 77 : T 85.4 sec
 - d_sub 1000 : OOB 0.3291 : L 78 : T 87.5 sec
 - d_sub 1000 : OOB 0.3287 : L 79 : T 87.7 sec
 - d_sub 1000 : OOB 0.3281 : L 80 : T 87.9 sec
 - d_sub 1000 : OOB 0.3299 : L 81 : T 90.6 sec

 - d_sub 1200 : OOB 0.4477 : L 1 : T 0.2 sec
 - d_sub 1200 : OOB 0.4149 : L 2 : T 6.5 sec
 - d_sub 1200 : OOB 0.3993 : L 3 : T 8.7 sec
 - d_sub 1200 : OOB 0.3878 : L 4 : T 11.7 sec
 - d_sub 1200 : OOB 0.3751 : L 5 : T 11.9 sec
 - d_sub 1200 : OOB 0.3705 : L 6 : T 12.9 sec
 - d_sub 1200 : OOB 0.3638 : L 7 : T 15.1 sec
 - d_sub 1200 : OOB 0.3587 : L 8 : T 17.4 sec
 - d_sub 1200 : OOB 0.3579 : L 9 : T 17.6 sec
 - d_sub 1200 : OOB 0.3555 : L 10 : T 19.0 sec
 - d_sub 1200 : OOB 0.3494 : L 11 : T 19.2 sec
 - d_sub 1200 : OOB 0.3502 : L 12 : T 19.4 sec
 - d_sub 1200 : OOB 0.3487 : L 13 : T 22.8 sec
 - d_sub 1200 : OOB 0.3430 : L 14 : T 25.9 sec
 - d_sub 1200 : OOB 0.3461 : L 15 : T 26.1 sec
 - d_sub 1200 : OOB 0.3399 : L 16 : T 26.3 sec
 - d_sub 1200 : OOB 0.3403 : L 17 : T 28.5 sec
 - d_sub 1200 : OOB 0.3354 : L 18 : T 29.8 sec
 - d_sub 1200 : OOB 0.3365 : L 19 : T 30.0 sec
 - d_sub 1200 : OOB 0.3342 : L 20 : T 33.4 sec
 - d_sub 1200 : OOB 0.3343 : L 21 : T 33.7 sec
 - d_sub 1200 : OOB 0.3316 : L 22 : T 34.9 sec
 - d_sub 1200 : OOB 0.3301 : L 23 : T 36.7 sec
 - d_sub 1200 : OOB 0.3305 : L 24 : T 37.0 sec
 - d_sub 1200 : OOB 0.3282 : L 25 : T 37.2 sec
 - d_sub 1200 : OOB 0.3301 : L 26 : T 40.5 sec
 - d_sub 1200 : OOB 0.3289 : L 27 : T 40.7 sec
 - d_sub 1200 : OOB 0.3287 : L 28 : T 40.9 sec
 - d_sub 1200 : OOB 0.3307 : L 29 : T 42.5 sec
 - d_sub 1200 : OOB 0.3272 : L 30 : T 46.2 sec
 - d_sub 1200 : OOB 0.3323 : L 31 : T 46.4 sec
 - d_sub 1200 : OOB 0.3314 : L 32 : T 47.6 sec
 - d_sub 1200 : OOB 0.3297 : L 33 : T 50.6 sec
 - d_sub 1200 : OOB 0.3277 : L 34 : T 50.8 sec
 - d_sub 1200 : OOB 0.3288 : L 35 : T 52.1 sec
 - d_sub 1200 : OOB 0.3265 : L 36 : T 52.4 sec
 - d_sub 1200 : OOB 0.3277 : L 37 : T 53.7 sec
 - d_sub 1200 : OOB 0.3287 : L 38 : T 53.9 sec
 - d_sub 1200 : OOB 0.3294 : L 39 : T 55.9 sec
 - d_sub 1200 : OOB 0.3292 : L 40 : T 56.1 sec
 - d_sub 1200 : OOB 0.3252 : L 41 : T 58.4 sec
 - d_sub 1200 : OOB 0.3272 : L 42 : T 59.8 sec
 - d_sub 1200 : OOB 0.3263 : L 43 : T 61.0 sec
 - d_sub 1200 : OOB 0.3285 : L 44 : T 61.2 sec
 - d_sub 1200 : OOB 0.3272 : L 45 : T 62.5 sec
 - d_sub 1200 : OOB 0.3270 : L 46 : T 65.6 sec
 - d_sub 1200 : OOB 0.3258 : L 47 : T 65.8 sec
 - d_sub 1200 : OOB 0.3268 : L 48 : T 67.2 sec
 - d_sub 1200 : OOB 0.3275 : L 49 : T 68.5 sec
 - d_sub 1200 : OOB 0.3260 : L 50 : T 68.7 sec
 - d_sub 1200 : OOB 0.3257 : L 51 : T 70.0 sec
 - d_sub 1200 : OOB 0.3246 : L 52 : T 72.9 sec
 - d_sub 1200 : OOB 0.3241 : L 53 : T 73.2 sec
 - d_sub 1200 : OOB 0.3251 : L 54 : T 74.6 sec
 - d_sub 1200 : OOB 0.3260 : L 55 : T 74.8 sec
 - d_sub 1200 : OOB 0.3259 : L 56 : T 78.3 sec
 - d_sub 1200 : OOB 0.3245 : L 57 : T 78.5 sec
 - d_sub 1200 : OOB 0.3238 : L 58 : T 79.6 sec
 - d_sub 1200 : OOB 0.3225 : L 59 : T 81.5 sec
 - d_sub 1200 : OOB 0.3241 : L 60 : T 83.8 sec
 - d_sub 1200 : OOB 0.3234 : L 61 : T 87.0 sec
 - d_sub 1200 : OOB 0.3219 : L 62 : T 87.3 sec
 - d_sub 1200 : OOB 0.3203 : L 63 : T 88.4 sec
 - d_sub 1200 : OOB 0.3218 : L 64 : T 90.2 sec
 - d_sub 1200 : OOB 0.3200 : L 65 : T 92.1 sec
 - d_sub 1200 : OOB 0.3226 : L 66 : T 94.3 sec
 - d_sub 1200 : OOB 0.3223 : L 67 : T 96.6 sec
 - d_sub 1200 : OOB 0.3230 : L 68 : T 98.6 sec
 - d_sub 1200 : OOB 0.3222 : L 69 : T 100.6 sec
 - d_sub 1200 : OOB 0.3216 : L 70 : T 102.8 sec
 - d_sub 1200 : OOB 0.3223 : L 71 : T 104.8 sec
 - d_sub 1200 : OOB 0.3221 : L 72 : T 105.0 sec
 - d_sub 1200 : OOB 0.3224 : L 73 : T 107.2 sec
 - d_sub 1200 : OOB 0.3212 : L 74 : T 108.6 sec
 - d_sub 1200 : OOB 0.3214 : L 75 : T 108.9 sec
 - d_sub 1200 : OOB 0.3191 : L 76 : T 110.4 sec
 - d_sub 1200 : OOB 0.3203 : L 77 : T 111.6 sec
 - d_sub 1200 : OOB 0.3212 : L 78 : T 112.8 sec
 - d_sub 1200 : OOB 0.3197 : L 79 : T 114.0 sec
 - d_sub 1200 : OOB 0.3226 : L 80 : T 114.2 sec
 - d_sub 1200 : OOB 0.3212 : L 81 : T 115.5 sec
 - d_sub 1200 : OOB 0.3212 : L 82 : T 115.7 sec
 - d_sub 1200 : OOB 0.3206 : L 83 : T 118.5 sec
 - d_sub 1200 : OOB 0.3214 : L 84 : T 120.4 sec
 - d_sub 1200 : OOB 0.3202 : L 85 : T 122.5 sec
 - d_sub 1200 : OOB 0.3201 : L 86 : T 124.4 sec
 - d_sub 1200 : OOB 0.3204 : L 87 : T 125.8 sec
 - d_sub 1200 : OOB 0.3212 : L 88 : T 126.0 sec
 - d_sub 1200 : OOB 0.3205 : L 89 : T 127.2 sec
 - d_sub 1200 : OOB 0.3217 : L 90 : T 129.2 sec
 - d_sub 1200 : OOB 0.3230 : L 91 : T 131.4 sec
 - d_sub 1200 : OOB 0.3225 : L 92 : T 133.1 sec
 - d_sub 1200 : OOB 0.3222 : L 93 : T 135.0 sec
 - d_sub 1200 : OOB 0.3226 : L 94 : T 137.0 sec
 - d_sub 1200 : OOB 0.3240 : L 95 : T 138.9 sec
 - d_sub 1200 : OOB 0.3235 : L 96 : T 139.1 sec
 - d_sub 1200 : OOB 0.3233 : L 97 : T 140.1 sec
 - d_sub 1200 : OOB 0.3224 : L 98 : T 142.1 sec
 - d_sub 1200 : OOB 0.3237 : L 99 : T 145.4 sec

 - d_sub 1400 : OOB 0.4467 : L 1 : T 0.3 sec
 - d_sub 1400 : OOB 0.4140 : L 2 : T 1.9 sec
 - d_sub 1400 : OOB 0.3986 : L 3 : T 5.5 sec
 - d_sub 1400 : OOB 0.3870 : L 4 : T 6.9 sec
 - d_sub 1400 : OOB 0.3728 : L 5 : T 7.2 sec
 - d_sub 1400 : OOB 0.3696 : L 6 : T 10.8 sec
 - d_sub 1400 : OOB 0.3585 : L 7 : T 11.1 sec
 - d_sub 1400 : OOB 0.3541 : L 8 : T 12.7 sec
 - d_sub 1400 : OOB 0.3528 : L 9 : T 14.7 sec
 - d_sub 1400 : OOB 0.3521 : L 10 : T 15.0 sec
 - d_sub 1400 : OOB 0.3446 : L 11 : T 20.0 sec
 - d_sub 1400 : OOB 0.3453 : L 12 : T 20.3 sec
 - d_sub 1400 : OOB 0.3459 : L 13 : T 23.2 sec
 - d_sub 1400 : OOB 0.3393 : L 14 : T 26.5 sec
 - d_sub 1400 : OOB 0.3413 : L 15 : T 28.8 sec
 - d_sub 1400 : OOB 0.3372 : L 16 : T 31.7 sec
 - d_sub 1400 : OOB 0.3398 : L 17 : T 32.0 sec
 - d_sub 1400 : OOB 0.3377 : L 18 : T 32.2 sec
 - d_sub 1400 : OOB 0.3374 : L 19 : T 36.7 sec
 - d_sub 1400 : OOB 0.3371 : L 20 : T 37.0 sec
 - d_sub 1400 : OOB 0.3369 : L 21 : T 38.0 sec
 - d_sub 1400 : OOB 0.3353 : L 22 : T 41.9 sec
 - d_sub 1400 : OOB 0.3351 : L 23 : T 42.2 sec
 - d_sub 1400 : OOB 0.3355 : L 24 : T 43.4 sec
 - d_sub 1400 : OOB 0.3355 : L 25 : T 47.4 sec
 - d_sub 1400 : OOB 0.3331 : L 26 : T 47.7 sec
 - d_sub 1400 : OOB 0.3321 : L 27 : T 50.9 sec
 - d_sub 1400 : OOB 0.3322 : L 28 : T 51.2 sec
 - d_sub 1400 : OOB 0.3327 : L 29 : T 52.5 sec
 - d_sub 1400 : OOB 0.3291 : L 30 : T 55.3 sec
 - d_sub 1400 : OOB 0.3314 : L 31 : T 55.6 sec
 - d_sub 1400 : OOB 0.3312 : L 32 : T 58.6 sec
 - d_sub 1400 : OOB 0.3323 : L 33 : T 58.8 sec
 - d_sub 1400 : OOB 0.3317 : L 34 : T 60.3 sec
 - d_sub 1400 : OOB 0.3311 : L 35 : T 62.5 sec
 - d_sub 1400 : OOB 0.3280 : L 36 : T 62.8 sec
 - d_sub 1400 : OOB 0.3294 : L 37 : T 65.3 sec
 - d_sub 1400 : OOB 0.3305 : L 38 : T 66.6 sec
 - d_sub 1400 : OOB 0.3298 : L 39 : T 66.8 sec
 - d_sub 1400 : OOB 0.3302 : L 40 : T 68.1 sec
 - d_sub 1400 : OOB 0.3283 : L 41 : T 68.4 sec
 - d_sub 1400 : OOB 0.3291 : L 42 : T 69.9 sec
 - d_sub 1400 : OOB 0.3262 : L 43 : T 72.0 sec
 - d_sub 1400 : OOB 0.3296 : L 44 : T 72.2 sec
 - d_sub 1400 : OOB 0.3276 : L 45 : T 73.7 sec
 - d_sub 1400 : OOB 0.3279 : L 46 : T 76.3 sec
 - d_sub 1400 : OOB 0.3285 : L 47 : T 76.5 sec
 - d_sub 1400 : OOB 0.3296 : L 48 : T 78.0 sec
 - d_sub 1400 : OOB 0.3279 : L 49 : T 80.5 sec
 - d_sub 1400 : OOB 0.3283 : L 50 : T 82.5 sec
 - d_sub 1400 : OOB 0.3269 : L 51 : T 82.8 sec
 - d_sub 1400 : OOB 0.3282 : L 52 : T 86.9 sec
 - d_sub 1400 : OOB 0.3278 : L 53 : T 87.2 sec
 - d_sub 1400 : OOB 0.3277 : L 54 : T 88.7 sec
 - d_sub 1400 : OOB 0.3254 : L 55 : T 91.1 sec
 - d_sub 1400 : OOB 0.3250 : L 56 : T 91.4 sec
 - d_sub 1400 : OOB 0.3256 : L 57 : T 93.7 sec
 - d_sub 1400 : OOB 0.3267 : L 58 : T 94.0 sec
 - d_sub 1400 : OOB 0.3273 : L 59 : T 95.5 sec
 - d_sub 1400 : OOB 0.3270 : L 60 : T 96.8 sec
 - d_sub 1400 : OOB 0.3260 : L 61 : T 97.0 sec
 - d_sub 1400 : OOB 0.3264 : L 62 : T 98.5 sec
 - d_sub 1400 : OOB 0.3248 : L 63 : T 101.1 sec
 - d_sub 1400 : OOB 0.3256 : L 64 : T 101.4 sec
 - d_sub 1400 : OOB 0.3235 : L 65 : T 102.9 sec
 - d_sub 1400 : OOB 0.3261 : L 66 : T 104.0 sec
 - d_sub 1400 : OOB 0.3265 : L 67 : T 104.3 sec
 - d_sub 1400 : OOB 0.3248 : L 68 : T 105.9 sec
 - d_sub 1400 : OOB 0.3259 : L 69 : T 108.2 sec
 - d_sub 1400 : OOB 0.3253 : L 70 : T 108.5 sec
 - d_sub 1400 : OOB 0.3230 : L 71 : T 111.6 sec
 - d_sub 1400 : OOB 0.3219 : L 72 : T 113.0 sec
 - d_sub 1400 : OOB 0.3226 : L 73 : T 114.1 sec
 - d_sub 1400 : OOB 0.3225 : L 74 : T 118.2 sec
 - d_sub 1400 : OOB 0.3217 : L 75 : T 118.5 sec
 - d_sub 1400 : OOB 0.3231 : L 76 : T 121.5 sec
 - d_sub 1400 : OOB 0.3233 : L 77 : T 121.8 sec
 - d_sub 1400 : OOB 0.3221 : L 78 : T 123.9 sec
 - d_sub 1400 : OOB 0.3236 : L 79 : T 125.2 sec
 - d_sub 1400 : OOB 0.3240 : L 80 : T 125.5 sec
 - d_sub 1400 : OOB 0.3241 : L 81 : T 127.9 sec
 - d_sub 1400 : OOB 0.3221 : L 82 : T 129.0 sec
 - d_sub 1400 : OOB 0.3222 : L 83 : T 131.1 sec
 - d_sub 1400 : OOB 0.3214 : L 84 : T 131.4 sec
 - d_sub 1400 : OOB 0.3211 : L 85 : T 132.8 sec
 - d_sub 1400 : OOB 0.3221 : L 86 : T 133.9 sec
 - d_sub 1400 : OOB 0.3220 : L 87 : T 135.2 sec
 - d_sub 1400 : OOB 0.3216 : L 88 : T 135.4 sec
 - d_sub 1400 : OOB 0.3220 : L 89 : T 138.4 sec
 - d_sub 1400 : OOB 0.3211 : L 90 : T 138.7 sec
 - d_sub 1400 : OOB 0.3209 : L 91 : T 140.0 sec
 - d_sub 1400 : OOB 0.3211 : L 92 : T 141.0 sec
 - d_sub 1400 : OOB 0.3212 : L 93 : T 141.3 sec
 - d_sub 1400 : OOB 0.3219 : L 94 : T 142.5 sec
 - d_sub 1400 : OOB 0.3227 : L 95 : T 146.3 sec
 - d_sub 1400 : OOB 0.3206 : L 96 : T 146.5 sec
 - d_sub 1400 : OOB 0.3212 : L 97 : T 148.0 sec
 - d_sub 1400 : OOB 0.3208 : L 98 : T 149.4 sec
 - d_sub 1400 : OOB 0.3213 : L 99 : T 149.7 sec
 - d_sub 1400 : OOB 0.3210 : L 100 : T 152.6 sec
 - d_sub 1400 : OOB 0.3195 : L 101 : T 152.8 sec
 - d_sub 1400 : OOB 0.3195 : L 102 : T 156.2 sec
 - d_sub 1400 : OOB 0.3198 : L 103 : T 156.5 sec
 - d_sub 1400 : OOB 0.3191 : L 104 : T 160.1 sec
 - d_sub 1400 : OOB 0.3192 : L 105 : T 160.4 sec
 - d_sub 1400 : OOB 0.3207 : L 106 : T 163.4 sec
 - d_sub 1400 : OOB 0.3216 : L 107 : T 163.7 sec
 - d_sub 1400 : OOB 0.3210 : L 108 : T 166.0 sec
 - d_sub 1400 : OOB 0.3207 : L 109 : T 167.3 sec
 - d_sub 1400 : OOB 0.3209 : L 110 : T 168.6 sec
 - d_sub 1400 : OOB 0.3207 : L 111 : T 170.0 sec
 - d_sub 1400 : OOB 0.3208 : L 112 : T 171.2 sec
 - d_sub 1400 : OOB 0.3214 : L 113 : T 173.9 sec
 - d_sub 1400 : OOB 0.3202 : L 114 : T 175.3 sec
 - d_sub 1400 : OOB 0.3198 : L 115 : T 175.6 sec
 - d_sub 1400 : OOB 0.3192 : L 116 : T 178.2 sec
 - d_sub 1400 : OOB 0.3193 : L 117 : T 182.1 sec

 - d_sub 1600 : OOB 0.4506 : L 1 : T 0.4 sec
 - d_sub 1600 : OOB 0.4165 : L 2 : T 2.9 sec
 - d_sub 1600 : OOB 0.4008 : L 3 : T 4.3 sec
 - d_sub 1600 : OOB 0.3897 : L 4 : T 6.7 sec
 - d_sub 1600 : OOB 0.3744 : L 5 : T 8.4 sec
 - d_sub 1600 : OOB 0.3681 : L 6 : T 9.6 sec
 - d_sub 1600 : OOB 0.3617 : L 7 : T 12.9 sec
 - d_sub 1600 : OOB 0.3552 : L 8 : T 16.5 sec
 - d_sub 1600 : OOB 0.3539 : L 9 : T 19.2 sec
 - d_sub 1600 : OOB 0.3474 : L 10 : T 20.7 sec
 - d_sub 1600 : OOB 0.3466 : L 11 : T 23.6 sec
 - d_sub 1600 : OOB 0.3447 : L 12 : T 28.2 sec
 - d_sub 1600 : OOB 0.3406 : L 13 : T 31.6 sec
 - d_sub 1600 : OOB 0.3405 : L 14 : T 37.0 sec
 - d_sub 1600 : OOB 0.3342 : L 15 : T 38.5 sec
 - d_sub 1600 : OOB 0.3361 : L 16 : T 40.9 sec
 - d_sub 1600 : OOB 0.3341 : L 17 : T 42.0 sec
 - d_sub 1600 : OOB 0.3336 : L 18 : T 45.0 sec
 - d_sub 1600 : OOB 0.3319 : L 19 : T 46.2 sec
 - d_sub 1600 : OOB 0.3302 : L 20 : T 52.4 sec
 - d_sub 1600 : OOB 0.3306 : L 21 : T 54.9 sec
 - d_sub 1600 : OOB 0.3317 : L 22 : T 59.0 sec
 - d_sub 1600 : OOB 0.3290 : L 23 : T 62.8 sec
 - d_sub 1600 : OOB 0.3295 : L 24 : T 65.1 sec
 - d_sub 1600 : OOB 0.3286 : L 25 : T 66.6 sec
 - d_sub 1600 : OOB 0.3277 : L 26 : T 70.1 sec
 - d_sub 1600 : OOB 0.3270 : L 27 : T 73.4 sec
 - d_sub 1600 : OOB 0.3225 : L 28 : T 77.2 sec
 - d_sub 1600 : OOB 0.3233 : L 29 : T 79.5 sec
 - d_sub 1600 : OOB 0.3238 : L 30 : T 81.8 sec
 - d_sub 1600 : OOB 0.3234 : L 31 : T 85.9 sec
 - d_sub 1600 : OOB 0.3235 : L 32 : T 89.9 sec
 - d_sub 1600 : OOB 0.3203 : L 33 : T 92.2 sec
 - d_sub 1600 : OOB 0.3238 : L 34 : T 93.4 sec
 - d_sub 1600 : OOB 0.3231 : L 35 : T 95.5 sec
 - d_sub 1600 : OOB 0.3218 : L 36 : T 99.1 sec
 - d_sub 1600 : OOB 0.3219 : L 37 : T 100.5 sec
 - d_sub 1600 : OOB 0.3233 : L 38 : T 101.7 sec
 - d_sub 1600 : OOB 0.3210 : L 39 : T 103.5 sec
 - d_sub 1600 : OOB 0.3260 : L 40 : T 105.8 sec
 - d_sub 1600 : OOB 0.3229 : L 41 : T 108.3 sec
 - d_sub 1600 : OOB 0.3240 : L 42 : T 114.1 sec
 - d_sub 1600 : OOB 0.3230 : L 43 : T 121.5 sec
 - d_sub 1600 : OOB 0.3223 : L 44 : T 123.9 sec
 - d_sub 1600 : OOB 0.3225 : L 45 : T 126.7 sec
 - d_sub 1600 : OOB 0.3220 : L 46 : T 127.9 sec
 - d_sub 1600 : OOB 0.3212 : L 47 : T 131.2 sec
 - d_sub 1600 : OOB 0.3206 : L 48 : T 134.2 sec
 - d_sub 1600 : OOB 0.3191 : L 49 : T 135.2 sec
 - d_sub 1600 : OOB 0.3192 : L 50 : T 139.6 sec
 - d_sub 1600 : OOB 0.3188 : L 51 : T 144.1 sec
 - d_sub 1600 : OOB 0.3190 : L 52 : T 148.0 sec
 - d_sub 1600 : OOB 0.3182 : L 53 : T 152.0 sec
 - d_sub 1600 : OOB 0.3203 : L 54 : T 157.2 sec
 - d_sub 1600 : OOB 0.3203 : L 55 : T 158.9 sec
 - d_sub 1600 : OOB 0.3182 : L 56 : T 161.2 sec
 - d_sub 1600 : OOB 0.3204 : L 57 : T 165.3 sec
 - d_sub 1600 : OOB 0.3205 : L 58 : T 168.7 sec
 - d_sub 1600 : OOB 0.3176 : L 59 : T 172.2 sec
 - d_sub 1600 : OOB 0.3186 : L 60 : T 175.7 sec
 - d_sub 1600 : OOB 0.3192 : L 61 : T 179.8 sec
 - d_sub 1600 : OOB 0.3189 : L 62 : T 180.2 sec
 - d_sub 1600 : OOB 0.3178 : L 63 : T 185.3 sec
 - d_sub 1600 : OOB 0.3184 : L 64 : T 189.2 sec
 - d_sub 1600 : OOB 0.3183 : L 65 : T 189.6 sec
 - d_sub 1600 : OOB 0.3191 : L 66 : T 192.5 sec
 - d_sub 1600 : OOB 0.3185 : L 67 : T 192.8 sec
 - d_sub 1600 : OOB 0.3195 : L 68 : T 198.2 sec
 - d_sub 1600 : OOB 0.3184 : L 69 : T 201.8 sec
 - d_sub 1600 : OOB 0.3202 : L 70 : T 202.9 sec
 - d_sub 1600 : OOB 0.3178 : L 71 : T 204.2 sec
 - d_sub 1600 : OOB 0.3175 : L 72 : T 208.2 sec
 - d_sub 1600 : OOB 0.3168 : L 73 : T 211.9 sec
 - d_sub 1600 : OOB 0.3160 : L 74 : T 212.2 sec
 - d_sub 1600 : OOB 0.3156 : L 75 : T 216.8 sec
 - d_sub 1600 : OOB 0.3152 : L 76 : T 222.7 sec
 - d_sub 1600 : OOB 0.3173 : L 77 : T 223.1 sec
 - d_sub 1600 : OOB 0.3169 : L 78 : T 227.6 sec
 - d_sub 1600 : OOB 0.3171 : L 79 : T 228.0 sec
 - d_sub 1600 : OOB 0.3174 : L 80 : T 230.8 sec
 - d_sub 1600 : OOB 0.3166 : L 81 : T 232.4 sec
 - d_sub 1600 : OOB 0.3184 : L 82 : T 232.7 sec
 - d_sub 1600 : OOB 0.3182 : L 83 : T 236.4 sec
 - d_sub 1600 : OOB 0.3177 : L 84 : T 239.8 sec
 - d_sub 1600 : OOB 0.3159 : L 85 : T 241.0 sec
 - d_sub 1600 : OOB 0.3166 : L 86 : T 245.0 sec
 - d_sub 1600 : OOB 0.3163 : L 87 : T 249.1 sec
 - d_sub 1600 : OOB 0.3162 : L 88 : T 253.9 sec
 - d_sub 1600 : OOB 0.3166 : L 89 : T 258.1 sec
 - d_sub 1600 : OOB 0.3161 : L 90 : T 261.6 sec
 - d_sub 1600 : OOB 0.3158 : L 91 : T 265.4 sec
 - d_sub 1600 : OOB 0.3167 : L 92 : T 268.7 sec
 - d_sub 1600 : OOB 0.3159 : L 93 : T 273.1 sec
 - d_sub 1600 : OOB 0.3166 : L 94 : T 277.4 sec

 - d_sub 1800 : OOB 0.4549 : L 1 : T 2.3 sec
 - d_sub 1800 : OOB 0.4198 : L 2 : T 4.6 sec
 - d_sub 1800 : OOB 0.4022 : L 3 : T 7.6 sec
 - d_sub 1800 : OOB 0.3923 : L 4 : T 12.3 sec
 - d_sub 1800 : OOB 0.3782 : L 5 : T 13.6 sec
 - d_sub 1800 : OOB 0.3677 : L 6 : T 16.0 sec
 - d_sub 1800 : OOB 0.3682 : L 7 : T 20.7 sec
 - d_sub 1800 : OOB 0.3593 : L 8 : T 22.1 sec
 - d_sub 1800 : OOB 0.3573 : L 9 : T 24.8 sec
 - d_sub 1800 : OOB 0.3503 : L 10 : T 27.2 sec
 - d_sub 1800 : OOB 0.3484 : L 11 : T 28.6 sec
 - d_sub 1800 : OOB 0.3466 : L 12 : T 29.2 sec
 - d_sub 1800 : OOB 0.3439 : L 13 : T 32.7 sec
 - d_sub 1800 : OOB 0.3431 : L 14 : T 34.8 sec
 - d_sub 1800 : OOB 0.3407 : L 15 : T 39.8 sec
 - d_sub 1800 : OOB 0.3437 : L 16 : T 40.9 sec
 - d_sub 1800 : OOB 0.3394 : L 17 : T 44.1 sec
 - d_sub 1800 : OOB 0.3355 : L 18 : T 46.5 sec
 - d_sub 1800 : OOB 0.3336 : L 19 : T 49.5 sec
 - d_sub 1800 : OOB 0.3350 : L 20 : T 51.0 sec
 - d_sub 1800 : OOB 0.3319 : L 21 : T 53.6 sec
 - d_sub 1800 : OOB 0.3318 : L 22 : T 58.9 sec
 - d_sub 1800 : OOB 0.3295 : L 23 : T 60.3 sec
 - d_sub 1800 : OOB 0.3307 : L 24 : T 61.8 sec
 - d_sub 1800 : OOB 0.3276 : L 25 : T 64.2 sec
 - d_sub 1800 : OOB 0.3288 : L 26 : T 65.4 sec
 - d_sub 1800 : OOB 0.3302 : L 27 : T 72.4 sec
 - d_sub 1800 : OOB 0.3281 : L 28 : T 72.8 sec
 - d_sub 1800 : OOB 0.3275 : L 29 : T 78.4 sec
 - d_sub 1800 : OOB 0.3271 : L 30 : T 79.9 sec
 - d_sub 1800 : OOB 0.3276 : L 31 : T 82.2 sec
 - d_sub 1800 : OOB 0.3269 : L 32 : T 87.6 sec
 - d_sub 1800 : OOB 0.3256 : L 33 : T 89.3 sec
 - d_sub 1800 : OOB 0.3264 : L 34 : T 91.6 sec
 - d_sub 1800 : OOB 0.3276 : L 35 : T 96.3 sec
 - d_sub 1800 : OOB 0.3264 : L 36 : T 99.6 sec
 - d_sub 1800 : OOB 0.3264 : L 37 : T 102.6 sec
 - d_sub 1800 : OOB 0.3268 : L 38 : T 103.0 sec
 - d_sub 1800 : OOB 0.3251 : L 39 : T 108.1 sec
 - d_sub 1800 : OOB 0.3255 : L 40 : T 109.5 sec
 - d_sub 1800 : OOB 0.3237 : L 41 : T 110.9 sec
 - d_sub 1800 : OOB 0.3250 : L 42 : T 112.7 sec
 - d_sub 1800 : OOB 0.3238 : L 43 : T 114.0 sec
 - d_sub 1800 : OOB 0.3226 : L 44 : T 117.9 sec
 - d_sub 1800 : OOB 0.3242 : L 45 : T 120.4 sec
 - d_sub 1800 : OOB 0.3225 : L 46 : T 122.7 sec
 - d_sub 1800 : OOB 0.3224 : L 47 : T 126.4 sec
 - d_sub 1800 : OOB 0.3243 : L 48 : T 126.8 sec
 - d_sub 1800 : OOB 0.3223 : L 49 : T 130.5 sec
 - d_sub 1800 : OOB 0.3232 : L 50 : T 136.4 sec
 - d_sub 1800 : OOB 0.3234 : L 51 : T 140.1 sec
 - d_sub 1800 : OOB 0.3225 : L 52 : T 141.8 sec
 - d_sub 1800 : OOB 0.3210 : L 53 : T 144.2 sec
 - d_sub 1800 : OOB 0.3200 : L 54 : T 146.3 sec
 - d_sub 1800 : OOB 0.3205 : L 55 : T 147.5 sec
 - d_sub 1800 : OOB 0.3210 : L 56 : T 151.4 sec
 - d_sub 1800 : OOB 0.3188 : L 57 : T 153.6 sec
 - d_sub 1800 : OOB 0.3201 : L 58 : T 154.1 sec
 - d_sub 1800 : OOB 0.3203 : L 59 : T 157.8 sec
 - d_sub 1800 : OOB 0.3198 : L 60 : T 162.6 sec
 - d_sub 1800 : OOB 0.3211 : L 61 : T 165.5 sec
 - d_sub 1800 : OOB 0.3204 : L 62 : T 168.0 sec
 - d_sub 1800 : OOB 0.3209 : L 63 : T 169.5 sec
 - d_sub 1800 : OOB 0.3221 : L 64 : T 174.7 sec
 - d_sub 1800 : OOB 0.3217 : L 65 : T 177.8 sec
 - d_sub 1800 : OOB 0.3205 : L 66 : T 181.0 sec
 - d_sub 1800 : OOB 0.3215 : L 67 : T 185.4 sec
 - d_sub 1800 : OOB 0.3207 : L 68 : T 187.1 sec
 - d_sub 1800 : OOB 0.3189 : L 69 : T 188.3 sec
 - d_sub 1800 : OOB 0.3211 : L 70 : T 189.9 sec
 - d_sub 1800 : OOB 0.3202 : L 71 : T 195.0 sec
 - d_sub 1800 : OOB 0.3189 : L 72 : T 199.8 sec
 - d_sub 1800 : OOB 0.3186 : L 73 : T 200.2 sec
 - d_sub 1800 : OOB 0.3193 : L 74 : T 203.7 sec
 - d_sub 1800 : OOB 0.3185 : L 75 : T 206.0 sec
 - d_sub 1800 : OOB 0.3207 : L 76 : T 210.8 sec
 - d_sub 1800 : OOB 0.3182 : L 77 : T 212.3 sec
 - d_sub 1800 : OOB 0.3183 : L 78 : T 214.5 sec
 - d_sub 1800 : OOB 0.3192 : L 79 : T 218.5 sec
 - d_sub 1800 : OOB 0.3180 : L 80 : T 221.9 sec
 - d_sub 1800 : OOB 0.3183 : L 81 : T 223.4 sec
 - d_sub 1800 : OOB 0.3192 : L 82 : T 225.9 sec
 - d_sub 1800 : OOB 0.3190 : L 83 : T 229.4 sec
 - d_sub 1800 : OOB 0.3179 : L 84 : T 229.8 sec
 - d_sub 1800 : OOB 0.3182 : L 85 : T 230.9 sec
 - d_sub 1800 : OOB 0.3179 : L 86 : T 234.8 sec
 - d_sub 1800 : OOB 0.3177 : L 87 : T 236.4 sec
 - d_sub 1800 : OOB 0.3163 : L 88 : T 240.1 sec
 - d_sub 1800 : OOB 0.3177 : L 89 : T 242.4 sec
 - d_sub 1800 : OOB 0.3165 : L 90 : T 243.6 sec
 - d_sub 1800 : OOB 0.3170 : L 91 : T 246.6 sec
 - d_sub 1800 : OOB 0.3167 : L 92 : T 249.9 sec
 - d_sub 1800 : OOB 0.3172 : L 93 : T 251.5 sec
 - d_sub 1800 : OOB 0.3181 : L 94 : T 253.7 sec
 - d_sub 1800 : OOB 0.3176 : L 95 : T 257.0 sec
 - d_sub 1800 : OOB 0.3165 : L 96 : T 259.4 sec
 - d_sub 1800 : OOB 0.3170 : L 97 : T 260.9 sec
 - d_sub 1800 : OOB 0.3164 : L 98 : T 263.3 sec
 - d_sub 1800 : OOB 0.3164 : L 99 : T 264.4 sec
 - d_sub 1800 : OOB 0.3169 : L 100 : T 267.6 sec

 - d_sub 2000 : OOB 0.4521 : L 1 : T 1.5 sec
 - d_sub 2000 : OOB 0.4197 : L 2 : T 4.3 sec
 - d_sub 2000 : OOB 0.4040 : L 3 : T 9.4 sec
 - d_sub 2000 : OOB 0.3939 : L 4 : T 12.4 sec
 - d_sub 2000 : OOB 0.3776 : L 5 : T 13.9 sec
 - d_sub 2000 : OOB 0.3709 : L 6 : T 19.2 sec
 - d_sub 2000 : OOB 0.3685 : L 7 : T 20.8 sec
 - d_sub 2000 : OOB 0.3611 : L 8 : T 23.0 sec
 - d_sub 2000 : OOB 0.3591 : L 9 : T 25.1 sec
 - d_sub 2000 : OOB 0.3528 : L 10 : T 30.0 sec
 - d_sub 2000 : OOB 0.3521 : L 11 : T 33.4 sec
 - d_sub 2000 : OOB 0.3490 : L 12 : T 38.1 sec
 - d_sub 2000 : OOB 0.3424 : L 13 : T 40.7 sec
 - d_sub 2000 : OOB 0.3426 : L 14 : T 44.5 sec
 - d_sub 2000 : OOB 0.3429 : L 15 : T 48.0 sec
 - d_sub 2000 : OOB 0.3402 : L 16 : T 49.3 sec
 - d_sub 2000 : OOB 0.3377 : L 17 : T 51.9 sec
 - d_sub 2000 : OOB 0.3364 : L 18 : T 55.2 sec
 - d_sub 2000 : OOB 0.3357 : L 19 : T 57.8 sec
 - d_sub 2000 : OOB 0.3346 : L 20 : T 59.4 sec
 - d_sub 2000 : OOB 0.3371 : L 21 : T 62.0 sec
 - d_sub 2000 : OOB 0.3330 : L 22 : T 67.4 sec
 - d_sub 2000 : OOB 0.3288 : L 23 : T 68.9 sec
 - d_sub 2000 : OOB 0.3299 : L 24 : T 71.6 sec
 - d_sub 2000 : OOB 0.3303 : L 25 : T 76.6 sec
 - d_sub 2000 : OOB 0.3313 : L 26 : T 79.1 sec
 - d_sub 2000 : OOB 0.3284 : L 27 : T 82.4 sec
 - d_sub 2000 : OOB 0.3260 : L 28 : T 86.2 sec
 - d_sub 2000 : OOB 0.3258 : L 29 : T 87.8 sec
 - d_sub 2000 : OOB 0.3256 : L 30 : T 89.9 sec
 - d_sub 2000 : OOB 0.3273 : L 31 : T 92.5 sec
 - d_sub 2000 : OOB 0.3275 : L 32 : T 99.0 sec
 - d_sub 2000 : OOB 0.3276 : L 33 : T 100.7 sec
 - d_sub 2000 : OOB 0.3269 : L 34 : T 103.5 sec
 - d_sub 2000 : OOB 0.3254 : L 35 : T 105.0 sec
 - d_sub 2000 : OOB 0.3236 : L 36 : T 110.2 sec
 - d_sub 2000 : OOB 0.3244 : L 37 : T 115.2 sec
 - d_sub 2000 : OOB 0.3265 : L 38 : T 118.4 sec
 - d_sub 2000 : OOB 0.3257 : L 39 : T 121.4 sec
 - d_sub 2000 : OOB 0.3253 : L 40 : T 126.3 sec
 - d_sub 2000 : OOB 0.3238 : L 41 : T 129.6 sec
 - d_sub 2000 : OOB 0.3232 : L 42 : T 132.7 sec
 - d_sub 2000 : OOB 0.3237 : L 43 : T 133.9 sec
 - d_sub 2000 : OOB 0.3273 : L 44 : T 136.0 sec
 - d_sub 2000 : OOB 0.3260 : L 45 : T 139.6 sec
 - d_sub 2000 : OOB 0.3239 : L 46 : T 144.0 sec
 - d_sub 2000 : OOB 0.3238 : L 47 : T 150.3 sec
 - d_sub 2000 : OOB 0.3219 : L 48 : T 151.8 sec
 - d_sub 2000 : OOB 0.3223 : L 49 : T 154.5 sec
 - d_sub 2000 : OOB 0.3212 : L 50 : T 159.7 sec
 - d_sub 2000 : OOB 0.3206 : L 51 : T 162.2 sec
 - d_sub 2000 : OOB 0.3217 : L 52 : T 165.9 sec
 - d_sub 2000 : OOB 0.3225 : L 53 : T 169.2 sec
 - d_sub 2000 : OOB 0.3214 : L 54 : T 170.7 sec
 - d_sub 2000 : OOB 0.3201 : L 55 : T 173.2 sec
 - d_sub 2000 : OOB 0.3190 : L 56 : T 176.9 sec
 - d_sub 2000 : OOB 0.3184 : L 57 : T 178.6 sec
 - d_sub 2000 : OOB 0.3181 : L 58 : T 182.9 sec
 - d_sub 2000 : OOB 0.3172 : L 59 : T 184.3 sec
 - d_sub 2000 : OOB 0.3185 : L 60 : T 188.6 sec
 - d_sub 2000 : OOB 0.3188 : L 61 : T 191.2 sec
 - d_sub 2000 : OOB 0.3203 : L 62 : T 193.4 sec
 - d_sub 2000 : OOB 0.3188 : L 63 : T 194.9 sec
 - d_sub 2000 : OOB 0.3156 : L 64 : T 197.4 sec
 - d_sub 2000 : OOB 0.3178 : L 65 : T 202.0 sec
 - d_sub 2000 : OOB 0.3196 : L 66 : T 203.5 sec
 - d_sub 2000 : OOB 0.3195 : L 67 : T 204.9 sec
 - d_sub 2000 : OOB 0.3199 : L 68 : T 208.8 sec
 - d_sub 2000 : OOB 0.3198 : L 69 : T 211.2 sec
 - d_sub 2000 : OOB 0.3229 : L 70 : T 215.2 sec
 - d_sub 2000 : OOB 0.3202 : L 71 : T 218.2 sec
 - d_sub 2000 : OOB 0.3195 : L 72 : T 221.0 sec
 - d_sub 2000 : OOB 0.3177 : L 73 : T 221.4 sec
 - d_sub 2000 : OOB 0.3183 : L 74 : T 224.3 sec
 - d_sub 2000 : OOB 0.3184 : L 75 : T 225.8 sec
 - d_sub 2000 : OOB 0.3198 : L 76 : T 229.0 sec
 - d_sub 2000 : OOB 0.3186 : L 77 : T 230.5 sec
 - d_sub 2000 : OOB 0.3183 : L 78 : T 232.3 sec
 - d_sub 2000 : OOB 0.3186 : L 79 : T 233.7 sec
 - d_sub 2000 : OOB 0.3178 : L 80 : T 240.0 sec
 - d_sub 2000 : OOB 0.3181 : L 81 : T 240.4 sec
 - d_sub 2000 : OOB 0.3180 : L 82 : T 247.2 sec
 - d_sub 2000 : OOB 0.3174 : L 83 : T 249.7 sec
 - d_sub 2000 : OOB 0.3171 : L 84 : T 255.4 sec
 - d_sub 2000 : OOB 0.3181 : L 85 : T 256.9 sec
 - d_sub 2000 : OOB 0.3172 : L 86 : T 259.4 sec
 - d_sub 2000 : OOB 0.3173 : L 87 : T 263.9 sec
 - d_sub 2000 : OOB 0.3180 : L 88 : T 266.9 sec
 - d_sub 2000 : OOB 0.3175 : L 89 : T 270.3 sec
 - d_sub 2000 : OOB 0.3181 : L 90 : T 271.6 sec
 - d_sub 2000 : OOB 0.3171 : L 91 : T 274.3 sec
 - d_sub 2000 : OOB 0.3173 : L 92 : T 278.2 sec
 - d_sub 2000 : OOB 0.3178 : L 93 : T 284.8 sec
 - d_sub 2000 : OOB 0.3162 : L 94 : T 288.1 sec
 - d_sub 2000 : OOB 0.3164 : L 95 : T 289.7 sec
 - d_sub 2000 : OOB 0.3176 : L 96 : T 291.8 sec
# -------------------------
optimal d_sub 1600 : OOB 0.3166 : L 94 : T 1388.3 sec
Testing error: 0.3137
# -------------------------
# Ensemble classification
#  - Training samples: 10000 (5000/5000)
#  - Feature-space dimensionality: 18157
#  - L : automatic (min 25, max 500, length 50, eps 0.00500)
#  - d_sub : 300
#  - Seed 1 (subspaces) : 600399240
#  - Seed 2 (bootstrap) : 656709594
# -------------------------

 - d_sub 300 : OOB 0.4576 : L 1 : T 0.0 sec
 - d_sub 300 : OOB 0.4308 : L 2 : T 0.1 sec
 - d_sub 300 : OOB 0.4205 : L 3 : T 0.1 sec
 - d_sub 300 : OOB 0.4116 : L 4 : T 0.2 sec
 - d_sub 300 : OOB 0.4017 : L 5 : T 0.2 sec
 - d_sub 300 : OOB 0.3946 : L 6 : T 0.3 sec
 - d_sub 300 : OOB 0.3872 : L 7 : T 0.3 sec
 - d_sub 300 : OOB 0.3826 : L 8 : T 0.4 sec
 - d_sub 300 : OOB 0.3824 : L 9 : T 0.4 sec
 - d_sub 300 : OOB 0.3805 : L 10 : T 0.4 sec
 - d_sub 300 : OOB 0.3738 : L 11 : T 0.5 sec
 - d_sub 300 : OOB 0.3736 : L 12 : T 0.5 sec
 - d_sub 300 : OOB 0.3743 : L 13 : T 0.6 sec
 - d_sub 300 : OOB 0.3687 : L 14 : T 0.6 sec
 - d_sub 300 : OOB 0.3711 : L 15 : T 0.7 sec
 - d_sub 300 : OOB 0.3693 : L 16 : T 0.7 sec
 - d_sub 300 : OOB 0.3712 : L 17 : T 0.8 sec
 - d_sub 300 : OOB 0.3714 : L 18 : T 0.8 sec
 - d_sub 300 : OOB 0.3717 : L 19 : T 0.8 sec
 - d_sub 300 : OOB 0.3699 : L 20 : T 0.9 sec
 - d_sub 300 : OOB 0.3682 : L 21 : T 0.9 sec
 - d_sub 300 : OOB 0.3687 : L 22 : T 1.0 sec
 - d_sub 300 : OOB 0.3697 : L 23 : T 1.0 sec
 - d_sub 300 : OOB 0.3676 : L 24 : T 1.1 sec
 - d_sub 300 : OOB 0.3702 : L 25 : T 1.1 sec
 - d_sub 300 : OOB 0.3685 : L 26 : T 1.2 sec
 - d_sub 300 : OOB 0.3704 : L 27 : T 1.2 sec
 - d_sub 300 : OOB 0.3668 : L 28 : T 1.2 sec
 - d_sub 300 : OOB 0.3673 : L 29 : T 1.3 sec
 - d_sub 300 : OOB 0.3670 : L 30 : T 1.3 sec
 - d_sub 300 : OOB 0.3670 : L 31 : T 1.4 sec
 - d_sub 300 : OOB 0.3648 : L 32 : T 1.4 sec
 - d_sub 300 : OOB 0.3672 : L 33 : T 1.5 sec
 - d_sub 300 : OOB 0.3652 : L 34 : T 1.5 sec
 - d_sub 300 : OOB 0.3670 : L 35 : T 1.5 sec
 - d_sub 300 : OOB 0.3673 : L 36 : T 1.6 sec
 - d_sub 300 : OOB 0.3684 : L 37 : T 1.6 sec
 - d_sub 300 : OOB 0.3697 : L 38 : T 1.7 sec
 - d_sub 300 : OOB 0.3664 : L 39 : T 1.7 sec
 - d_sub 300 : OOB 0.3666 : L 40 : T 1.8 sec
 - d_sub 300 : OOB 0.3677 : L 41 : T 1.8 sec
 - d_sub 300 : OOB 0.3661 : L 42 : T 1.8 sec
 - d_sub 300 : OOB 0.3658 : L 43 : T 1.9 sec
 - d_sub 300 : OOB 0.3678 : L 44 : T 1.9 sec
 - d_sub 300 : OOB 0.3669 : L 45 : T 2.0 sec
 - d_sub 300 : OOB 0.3675 : L 46 : T 2.0 sec
 - d_sub 300 : OOB 0.3665 : L 47 : T 2.1 sec
 - d_sub 300 : OOB 0.3656 : L 48 : T 2.1 sec
 - d_sub 300 : OOB 0.3662 : L 49 : T 2.2 sec
 - d_sub 300 : OOB 0.3672 : L 50 : T 2.2 sec
 - d_sub 300 : OOB 0.3671 : L 51 : T 2.2 sec
 - d_sub 300 : OOB 0.3668 : L 52 : T 2.3 sec
 - d_sub 300 : OOB 0.3664 : L 53 : T 2.3 sec
 - d_sub 300 : OOB 0.3672 : L 54 : T 2.4 sec
 - d_sub 300 : OOB 0.3664 : L 55 : T 2.4 sec
 - d_sub 300 : OOB 0.3671 : L 56 : T 2.5 sec
 - d_sub 300 : OOB 0.3660 : L 57 : T 2.5 sec
 - d_sub 300 : OOB 0.3651 : L 58 : T 2.5 sec
 - d_sub 300 : OOB 0.3633 : L 59 : T 2.6 sec
 - d_sub 300 : OOB 0.3652 : L 60 : T 2.6 sec
 - d_sub 300 : OOB 0.3661 : L 61 : T 2.7 sec
 - d_sub 300 : OOB 0.3628 : L 62 : T 2.7 sec
 - d_sub 300 : OOB 0.3645 : L 63 : T 2.8 sec
 - d_sub 300 : OOB 0.3621 : L 64 : T 2.8 sec
 - d_sub 300 : OOB 0.3614 : L 65 : T 2.9 sec
 - d_sub 300 : OOB 0.3639 : L 66 : T 2.9 sec
 - d_sub 300 : OOB 0.3625 : L 67 : T 3.0 sec
 - d_sub 300 : OOB 0.3614 : L 68 : T 3.0 sec
 - d_sub 300 : OOB 0.3627 : L 69 : T 3.0 sec
 - d_sub 300 : OOB 0.3607 : L 70 : T 3.1 sec
 - d_sub 300 : OOB 0.3594 : L 71 : T 3.1 sec
 - d_sub 300 : OOB 0.3614 : L 72 : T 3.2 sec
 - d_sub 300 : OOB 0.3617 : L 73 : T 3.2 sec
 - d_sub 300 : OOB 0.3623 : L 74 : T 3.3 sec
 - d_sub 300 : OOB 0.3611 : L 75 : T 3.3 sec
 - d_sub 300 : OOB 0.3632 : L 76 : T 3.4 sec
 - d_sub 300 : OOB 0.3630 : L 77 : T 3.4 sec
 - d_sub 300 : OOB 0.3647 : L 78 : T 3.4 sec
 - d_sub 300 : OOB 0.3637 : L 79 : T 3.5 sec
 - d_sub 300 : OOB 0.3623 : L 80 : T 3.5 sec
 - d_sub 300 : OOB 0.3632 : L 81 : T 3.6 sec
 - d_sub 300 : OOB 0.3640 : L 82 : T 3.6 sec
 - d_sub 300 : OOB 0.3639 : L 83 : T 3.6 sec
 - d_sub 300 : OOB 0.3633 : L 84 : T 3.7 sec
 - d_sub 300 : OOB 0.3622 : L 85 : T 3.7 sec
 - d_sub 300 : OOB 0.3637 : L 86 : T 3.8 sec
 - d_sub 300 : OOB 0.3622 : L 87 : T 3.8 sec
 - d_sub 300 : OOB 0.3630 : L 88 : T 3.9 sec
 - d_sub 300 : OOB 0.3641 : L 89 : T 3.9 sec
 - d_sub 300 : OOB 0.3635 : L 90 : T 4.0 sec
 - d_sub 300 : OOB 0.3617 : L 91 : T 4.0 sec
 - d_sub 300 : OOB 0.3619 : L 92 : T 4.0 sec
 - d_sub 300 : OOB 0.3623 : L 93 : T 4.1 sec
 - d_sub 300 : OOB 0.3637 : L 94 : T 4.1 sec
 - d_sub 300 : OOB 0.3634 : L 95 : T 4.2 sec
 - d_sub 300 : OOB 0.3638 : L 96 : T 4.2 sec
 - d_sub 300 : OOB 0.3634 : L 97 : T 4.3 sec
 - d_sub 300 : OOB 0.3627 : L 98 : T 4.3 sec
 - d_sub 300 : OOB 0.3628 : L 99 : T 4.3 sec
 - d_sub 300 : OOB 0.3617 : L 100 : T 4.4 sec
 - d_sub 300 : OOB 0.3623 : L 101 : T 4.4 sec
 - d_sub 300 : OOB 0.3615 : L 102 : T 4.5 sec
 - d_sub 300 : OOB 0.3618 : L 103 : T 4.5 sec
 - d_sub 300 : OOB 0.3639 : L 104 : T 4.6 sec
# -------------------------
optimal d_sub 300 : OOB 0.3639 : L 104 : T 4.6 sec
# -------------------------
# Ensemble classification
#  - Training samples: 10000 (5000/5000)
#  - Feature-space dimensionality: 18157
#  - L : 30
#  - d_sub : 300
#  - Seed 1 (subspaces) : 217323635
#  - Seed 2 (bootstrap) : 14028359
# -------------------------

 - d_sub 300 : OOB 0.4535 : L 1 : T 0.0 sec
 - d_sub 300 : OOB 0.4244 : L 2 : T 0.1 sec
 - d_sub 300 : OOB 0.4098 : L 3 : T 0.1 sec
 - d_sub 300 : OOB 0.4021 : L 4 : T 0.2 sec
 - d_sub 300 : OOB 0.3893 : L 5 : T 0.2 sec
 - d_sub 300 : OOB 0.3898 : L 6 : T 0.3 sec
 - d_sub 300 : OOB 0.3806 : L 7 : T 0.3 sec
 - d_sub 300 : OOB 0.3754 : L 8 : T 0.3 sec
 - d_sub 300 : OOB 0.3732 : L 9 : T 0.4 sec
 - d_sub 300 : OOB 0.3709 : L 10 : T 0.4 sec
 - d_sub 300 : OOB 0.3710 : L 11 : T 0.5 sec
 - d_sub 300 : OOB 0.3692 : L 12 : T 0.5 sec
 - d_sub 300 : OOB 0.3665 : L 13 : T 0.6 sec
 - d_sub 300 : OOB 0.3657 : L 14 : T 0.6 sec
 - d_sub 300 : OOB 0.3651 : L 15 : T 0.6 sec
 - d_sub 300 : OOB 0.3706 : L 16 : T 0.7 sec
 - d_sub 300 : OOB 0.3651 : L 17 : T 0.7 sec
 - d_sub 300 : OOB 0.3667 : L 18 : T 0.8 sec
 - d_sub 300 : OOB 0.3642 : L 19 : T 0.8 sec
 - d_sub 300 : OOB 0.3645 : L 20 : T 0.9 sec
 - d_sub 300 : OOB 0.3640 : L 21 : T 0.9 sec
 - d_sub 300 : OOB 0.3641 : L 22 : T 0.9 sec
 - d_sub 300 : OOB 0.3634 : L 23 : T 1.0 sec
 - d_sub 300 : OOB 0.3601 : L 24 : T 1.0 sec
 - d_sub 300 : OOB 0.3612 : L 25 : T 1.1 sec
 - d_sub 300 : OOB 0.3616 : L 26 : T 1.1 sec
 - d_sub 300 : OOB 0.3620 : L 27 : T 1.2 sec
 - d_sub 300 : OOB 0.3645 : L 28 : T 1.2 sec
 - d_sub 300 : OOB 0.3636 : L 29 : T 1.2 sec
 - d_sub 300 : OOB 0.3623 : L 30 : T 1.3 sec
# -------------------------
optimal d_sub 300 : OOB 0.3623 : L 30 : T 1.3 sec
# -------------------------
# Ensemble classification
#  - Training samples: 10000 (5000/5000)
#  - Feature-space dimensionality: 18157
#  - L : 30
#  - d_sub : 300
#  - Seed 1 (subspaces) : 620738086
#  - Seed 2 (bootstrap) : 722307881
# -------------------------

 - d_sub 300 : OOB 0.4504 : L 1 : T 0.0 sec
 - d_sub 300 : OOB 0.4218 : L 2 : T 0.1 sec
 - d_sub 300 : OOB 0.4107 : L 3 : T 0.1 sec
 - d_sub 300 : OOB 0.3979 : L 4 : T 0.2 sec
 - d_sub 300 : OOB 0.3893 : L 5 : T 0.2 sec
 - d_sub 300 : OOB 0.3925 : L 6 : T 0.3 sec
 - d_sub 300 : OOB 0.3844 : L 7 : T 0.3 sec
 - d_sub 300 : OOB 0.3837 : L 8 : T 0.3 sec
 - d_sub 300 : OOB 0.3789 : L 9 : T 0.4 sec
 - d_sub 300 : OOB 0.3749 : L 10 : T 0.4 sec
 - d_sub 300 : OOB 0.3733 : L 11 : T 0.5 sec
 - d_sub 300 : OOB 0.3735 : L 12 : T 0.5 sec
 - d_sub 300 : OOB 0.3750 : L 13 : T 0.6 sec
 - d_sub 300 : OOB 0.3736 : L 14 : T 0.6 sec
 - d_sub 300 : OOB 0.3721 : L 15 : T 0.7 sec
 - d_sub 300 : OOB 0.3765 : L 16 : T 0.7 sec
 - d_sub 300 : OOB 0.3729 : L 17 : T 0.7 sec
 - d_sub 300 : OOB 0.3728 : L 18 : T 0.8 sec
 - d_sub 300 : OOB 0.3716 : L 19 : T 0.8 sec
 - d_sub 300 : OOB 0.3705 : L 20 : T 0.9 sec
 - d_sub 300 : OOB 0.3695 : L 21 : T 0.9 sec
 - d_sub 300 : OOB 0.3699 : L 22 : T 1.0 sec
 - d_sub 300 : OOB 0.3690 : L 23 : T 1.0 sec
 - d_sub 300 : OOB 0.3691 : L 24 : T 1.0 sec
 - d_sub 300 : OOB 0.3692 : L 25 : T 1.1 sec
 - d_sub 300 : OOB 0.3671 : L 26 : T 1.1 sec
 - d_sub 300 : OOB 0.3655 : L 27 : T 1.2 sec
 - d_sub 300 : OOB 0.3664 : L 28 : T 1.2 sec
 - d_sub 300 : OOB 0.3669 : L 29 : T 1.2 sec
 - d_sub 300 : OOB 0.3651 : L 30 : T 1.3 sec
# -------------------------
optimal d_sub 300 : OOB 0.3651 : L 30 : T 1.3 sec
# -------------------------
# Ensemble classification
#  - Training samples: 10000 (5000/5000)
#  - Feature-space dimensionality: 18157
#  - L : 30
#  - d_sub : 300
#  - Seed 1 (subspaces) : 463666039
#  - Seed 2 (bootstrap) : 982415621
# -------------------------

 - d_sub 300 : OOB 0.4625 : L 1 : T 0.0 sec
 - d_sub 300 : OOB 0.4287 : L 2 : T 0.1 sec
 - d_sub 300 : OOB 0.4170 : L 3 : T 0.1 sec
 - d_sub 300 : OOB 0.4075 : L 4 : T 0.2 sec
 - d_sub 300 : OOB 0.3957 : L 5 : T 0.2 sec
 - d_sub 300 : OOB 0.3925 : L 6 : T 0.3 sec
 - d_sub 300 : OOB 0.3880 : L 7 : T 0.3 sec
 - d_sub 300 : OOB 0.3831 : L 8 : T 0.3 sec
 - d_sub 300 : OOB 0.3843 : L 9 : T 0.4 sec
 - d_sub 300 : OOB 0.3803 : L 10 : T 0.4 sec
 - d_sub 300 : OOB 0.3757 : L 11 : T 0.5 sec
 - d_sub 300 : OOB 0.3764 : L 12 : T 0.5 sec
 - d_sub 300 : OOB 0.3781 : L 13 : T 0.6 sec
 - d_sub 300 : OOB 0.3721 : L 14 : T 0.6 sec
 - d_sub 300 : OOB 0.3750 : L 15 : T 0.6 sec
 - d_sub 300 : OOB 0.3708 : L 16 : T 0.7 sec
 - d_sub 300 : OOB 0.3713 : L 17 : T 0.7 sec
 - d_sub 300 : OOB 0.3700 : L 18 : T 0.8 sec
 - d_sub 300 : OOB 0.3721 : L 19 : T 0.8 sec
 - d_sub 300 : OOB 0.3722 : L 20 : T 0.9 sec
 - d_sub 300 : OOB 0.3707 : L 21 : T 0.9 sec
 - d_sub 300 : OOB 0.3699 : L 22 : T 0.9 sec
 - d_sub 300 : OOB 0.3666 : L 23 : T 1.0 sec
 - d_sub 300 : OOB 0.3669 : L 24 : T 1.0 sec
 - d_sub 300 : OOB 0.3672 : L 25 : T 1.1 sec
 - d_sub 300 : OOB 0.3675 : L 26 : T 1.1 sec
 - d_sub 300 : OOB 0.3691 : L 27 : T 1.2 sec
 - d_sub 300 : OOB 0.3664 : L 28 : T 1.2 sec
 - d_sub 300 : OOB 0.3678 : L 29 : T 1.2 sec
 - d_sub 300 : OOB 0.3655 : L 30 : T 1.3 sec
# -------------------------
optimal d_sub 300 : OOB 0.3655 : L 30 : T 1.3 sec
# -------------------------
# Ensemble classification
#  - Training samples: 10000 (5000/5000)
#  - Feature-space dimensionality: 18157
#  - L : 30
#  - d_sub : 300
#  - Seed 1 (subspaces) : 272198110
#  - Seed 2 (bootstrap) : 324265766
# -------------------------

 - d_sub 300 : OOB 0.4522 : L 1 : T 0.0 sec
 - d_sub 300 : OOB 0.4243 : L 2 : T 0.1 sec
 - d_sub 300 : OOB 0.4142 : L 3 : T 0.1 sec
 - d_sub 300 : OOB 0.4026 : L 4 : T 0.2 sec
 - d_sub 300 : OOB 0.3937 : L 5 : T 0.2 sec
 - d_sub 300 : OOB 0.3908 : L 6 : T 0.2 sec
 - d_sub 300 : OOB 0.3813 : L 7 : T 0.3 sec
 - d_sub 300 : OOB 0.3769 : L 8 : T 0.3 sec
 - d_sub 300 : OOB 0.3753 : L 9 : T 0.4 sec
 - d_sub 300 : OOB 0.3731 : L 10 : T 0.4 sec
 - d_sub 300 : OOB 0.3721 : L 11 : T 0.5 sec
 - d_sub 300 : OOB 0.3688 : L 12 : T 0.5 sec
 - d_sub 300 : OOB 0.3719 : L 13 : T 0.5 sec
 - d_sub 300 : OOB 0.3705 : L 14 : T 0.6 sec
 - d_sub 300 : OOB 0.3682 : L 15 : T 0.6 sec
 - d_sub 300 : OOB 0.3662 : L 16 : T 0.7 sec
 - d_sub 300 : OOB 0.3679 : L 17 : T 0.7 sec
 - d_sub 300 : OOB 0.3643 : L 18 : T 0.8 sec
 - d_sub 300 : OOB 0.3636 : L 19 : T 0.8 sec
 - d_sub 300 : OOB 0.3635 : L 20 : T 0.9 sec
 - d_sub 300 : OOB 0.3606 : L 21 : T 0.9 sec
 - d_sub 300 : OOB 0.3615 : L 22 : T 0.9 sec
 - d_sub 300 : OOB 0.3621 : L 23 : T 1.0 sec
 - d_sub 300 : OOB 0.3633 : L 24 : T 1.0 sec
 - d_sub 300 : OOB 0.3619 : L 25 : T 1.1 sec
 - d_sub 300 : OOB 0.3602 : L 26 : T 1.1 sec
 - d_sub 300 : OOB 0.3619 : L 27 : T 1.2 sec
 - d_sub 300 : OOB 0.3608 : L 28 : T 1.2 sec
 - d_sub 300 : OOB 0.3611 : L 29 : T 1.2 sec
 - d_sub 300 : OOB 0.3593 : L 30 : T 1.3 sec
# -------------------------
optimal d_sub 300 : OOB 0.3593 : L 30 : T 1.3 sec
# -------------------------
# Ensemble classification
#  - Training samples: 10000 (5000/5000)
#  - Feature-space dimensionality: 18157
#  - L : 30
#  - d_sub : 300
#  - Seed 1 (subspaces) : 882075708
#  - Seed 2 (bootstrap) : 595765255
# -------------------------

 - d_sub 300 : OOB 0.4529 : L 1 : T 0.0 sec
 - d_sub 300 : OOB 0.4277 : L 2 : T 0.1 sec
 - d_sub 300 : OOB 0.4143 : L 3 : T 0.1 sec
 - d_sub 300 : OOB 0.4043 : L 4 : T 0.2 sec
 - d_sub 300 : OOB 0.3932 : L 5 : T 0.2 sec
 - d_sub 300 : OOB 0.3925 : L 6 : T 0.3 sec
 - d_sub 300 : OOB 0.3843 : L 7 : T 0.3 sec
 - d_sub 300 : OOB 0.3797 : L 8 : T 0.4 sec
 - d_sub 300 : OOB 0.3783 : L 9 : T 0.4 sec
 - d_sub 300 : OOB 0.3749 : L 10 : T 0.4 sec
 - d_sub 300 : OOB 0.3737 : L 11 : T 0.5 sec
 - d_sub 300 : OOB 0.3738 : L 12 : T 0.5 sec
 - d_sub 300 : OOB 0.3694 : L 13 : T 0.6 sec
 - d_sub 300 : OOB 0.3661 : L 14 : T 0.6 sec
 - d_sub 300 : OOB 0.3665 : L 15 : T 0.7 sec
 - d_sub 300 : OOB 0.3697 : L 16 : T 0.7 sec
 - d_sub 300 : OOB 0.3660 : L 17 : T 0.7 sec
 - d_sub 300 : OOB 0.3670 : L 18 : T 0.8 sec
 - d_sub 300 : OOB 0.3651 : L 19 : T 0.8 sec
 - d_sub 300 : OOB 0.3664 : L 20 : T 0.9 sec
 - d_sub 300 : OOB 0.3673 : L 21 : T 0.9 sec
 - d_sub 300 : OOB 0.3652 : L 22 : T 1.0 sec
 - d_sub 300 : OOB 0.3646 : L 23 : T 1.0 sec
 - d_sub 300 : OOB 0.3646 : L 24 : T 1.1 sec
 - d_sub 300 : OOB 0.3648 : L 25 : T 1.1 sec
 - d_sub 300 : OOB 0.3655 : L 26 : T 1.1 sec
 - d_sub 300 : OOB 0.3636 : L 27 : T 1.2 sec
 - d_sub 300 : OOB 0.3654 : L 28 : T 1.2 sec
 - d_sub 300 : OOB 0.3632 : L 29 : T 1.3 sec
 - d_sub 300 : OOB 0.3627 : L 30 : T 1.3 sec
# -------------------------
optimal d_sub 300 : OOB 0.3627 : L 30 : T 1.3 sec
# -------------------------
# Ensemble classification
#  - Training samples: 10000 (5000/5000)
#  - Feature-space dimensionality: 18157
#  - L : 30
#  - d_sub : 300
#  - Seed 1 (subspaces) : 314612243
#  - Seed 2 (bootstrap) : 116818891
# -------------------------

 - d_sub 300 : OOB 0.4546 : L 1 : T 0.0 sec
 - d_sub 300 : OOB 0.4269 : L 2 : T 0.1 sec
 - d_sub 300 : OOB 0.4147 : L 3 : T 0.1 sec
 - d_sub 300 : OOB 0.4032 : L 4 : T 0.2 sec
 - d_sub 300 : OOB 0.3937 : L 5 : T 0.2 sec
 - d_sub 300 : OOB 0.3962 : L 6 : T 0.3 sec
 - d_sub 300 : OOB 0.3857 : L 7 : T 0.3 sec
 - d_sub 300 : OOB 0.3826 : L 8 : T 0.3 sec
 - d_sub 300 : OOB 0.3806 : L 9 : T 0.4 sec
 - d_sub 300 : OOB 0.3766 : L 10 : T 0.4 sec
 - d_sub 300 : OOB 0.3747 : L 11 : T 0.5 sec
 - d_sub 300 : OOB 0.3765 : L 12 : T 0.5 sec
 - d_sub 300 : OOB 0.3752 : L 13 : T 0.6 sec
 - d_sub 300 : OOB 0.3740 : L 14 : T 0.6 sec
 - d_sub 300 : OOB 0.3712 : L 15 : T 0.7 sec
 - d_sub 300 : OOB 0.3727 : L 16 : T 0.7 sec
 - d_sub 300 : OOB 0.3686 : L 17 : T 0.7 sec
 - d_sub 300 : OOB 0.3696 : L 18 : T 0.8 sec
 - d_sub 300 : OOB 0.3708 : L 19 : T 0.8 sec
 - d_sub 300 : OOB 0.3690 : L 20 : T 0.9 sec
 - d_sub 300 : OOB 0.3693 : L 21 : T 0.9 sec
 - d_sub 300 : OOB 0.3658 : L 22 : T 1.0 sec
 - d_sub 300 : OOB 0.3654 : L 23 : T 1.0 sec
 - d_sub 300 : OOB 0.3649 : L 24 : T 1.0 sec
 - d_sub 300 : OOB 0.3659 : L 25 : T 1.1 sec
 - d_sub 300 : OOB 0.3650 : L 26 : T 1.1 sec
 - d_sub 300 : OOB 0.3636 : L 27 : T 1.2 sec
 - d_sub 300 : OOB 0.3638 : L 28 : T 1.2 sec
 - d_sub 300 : OOB 0.3648 : L 29 : T 1.3 sec
 - d_sub 300 : OOB 0.3650 : L 30 : T 1.3 sec
# -------------------------
optimal d_sub 300 : OOB 0.3650 : L 30 : T 1.3 sec
# -------------------------
# Ensemble classification
#  - Training samples: 10000 (5000/5000)
#  - Feature-space dimensionality: 18157
#  - L : 30
#  - d_sub : 300
#  - Seed 1 (subspaces) : 822222581
#  - Seed 2 (bootstrap) : 242441445
# -------------------------

 - d_sub 300 : OOB 0.4556 : L 1 : T 0.0 sec
 - d_sub 300 : OOB 0.4249 : L 2 : T 0.1 sec
 - d_sub 300 : OOB 0.4095 : L 3 : T 0.1 sec
 - d_sub 300 : OOB 0.3963 : L 4 : T 0.2 sec
 - d_sub 300 : OOB 0.3863 : L 5 : T 0.2 sec
 - d_sub 300 : OOB 0.3873 : L 6 : T 0.3 sec
 - d_sub 300 : OOB 0.3793 : L 7 : T 0.3 sec
 - d_sub 300 : OOB 0.3765 : L 8 : T 0.3 sec
 - d_sub 300 : OOB 0.3717 : L 9 : T 0.4 sec
 - d_sub 300 : OOB 0.3681 : L 10 : T 0.4 sec
 - d_sub 300 : OOB 0.3641 : L 11 : T 0.5 sec
 - d_sub 300 : OOB 0.3662 : L 12 : T 0.5 sec
 - d_sub 300 : OOB 0.3677 : L 13 : T 0.6 sec
 - d_sub 300 : OOB 0.3694 : L 14 : T 0.6 sec
 - d_sub 300 : OOB 0.3673 : L 15 : T 0.6 sec
 - d_sub 300 : OOB 0.3677 : L 16 : T 0.7 sec
 - d_sub 300 : OOB 0.3673 : L 17 : T 0.7 sec
 - d_sub 300 : OOB 0.3652 : L 18 : T 0.8 sec
 - d_sub 300 : OOB 0.3661 : L 19 : T 0.8 sec
 - d_sub 300 : OOB 0.3633 : L 20 : T 0.9 sec
 - d_sub 300 : OOB 0.3661 : L 21 : T 0.9 sec
 - d_sub 300 : OOB 0.3655 : L 22 : T 1.0 sec
 - d_sub 300 : OOB 0.3660 : L 23 : T 1.0 sec
 - d_sub 300 : OOB 0.3648 : L 24 : T 1.0 sec
 - d_sub 300 : OOB 0.3650 : L 25 : T 1.1 sec
 - d_sub 300 : OOB 0.3632 : L 26 : T 1.1 sec
 - d_sub 300 : OOB 0.3660 : L 27 : T 1.2 sec
 - d_sub 300 : OOB 0.3664 : L 28 : T 1.2 sec
 - d_sub 300 : OOB 0.3682 : L 29 : T 1.3 sec
 - d_sub 300 : OOB 0.3644 : L 30 : T 1.3 sec
# -------------------------
optimal d_sub 300 : OOB 0.3644 : L 30 : T 1.3 sec
# -------------------------
# Ensemble classification
#  - Training samples: 10000 (5000/5000)
#  - Feature-space dimensionality: 18157
#  - L : 30
#  - d_sub : 300
#  - Seed 1 (subspaces) : 817911365
#  - Seed 2 (bootstrap) : 929410420
# -------------------------

 - d_sub 300 : OOB 0.4549 : L 1 : T 0.0 sec
 - d_sub 300 : OOB 0.4303 : L 2 : T 0.1 sec
 - d_sub 300 : OOB 0.4193 : L 3 : T 0.1 sec
 - d_sub 300 : OOB 0.4068 : L 4 : T 0.2 sec
 - d_sub 300 : OOB 0.3961 : L 5 : T 0.2 sec
 - d_sub 300 : OOB 0.3953 : L 6 : T 0.3 sec
 - d_sub 300 : OOB 0.3843 : L 7 : T 0.3 sec
 - d_sub 300 : OOB 0.3826 : L 8 : T 0.4 sec
 - d_sub 300 : OOB 0.3802 : L 9 : T 0.4 sec
 - d_sub 300 : OOB 0.3775 : L 10 : T 0.4 sec
 - d_sub 300 : OOB 0.3740 : L 11 : T 0.5 sec
 - d_sub 300 : OOB 0.3725 : L 12 : T 0.5 sec
 - d_sub 300 : OOB 0.3736 : L 13 : T 0.6 sec
 - d_sub 300 : OOB 0.3688 : L 14 : T 0.6 sec
 - d_sub 300 : OOB 0.3682 : L 15 : T 0.7 sec
 - d_sub 300 : OOB 0.3661 : L 16 : T 0.7 sec
 - d_sub 300 : OOB 0.3683 : L 17 : T 0.7 sec
 - d_sub 300 : OOB 0.3672 : L 18 : T 0.8 sec
 - d_sub 300 : OOB 0.3669 : L 19 : T 0.8 sec
 - d_sub 300 : OOB 0.3657 : L 20 : T 0.9 sec
 - d_sub 300 : OOB 0.3642 : L 21 : T 0.9 sec
 - d_sub 300 : OOB 0.3638 : L 22 : T 0.9 sec
 - d_sub 300 : OOB 0.3642 : L 23 : T 1.0 sec
 - d_sub 300 : OOB 0.3658 : L 24 : T 1.0 sec
 - d_sub 300 : OOB 0.3666 : L 25 : T 1.1 sec
 - d_sub 300 : OOB 0.3667 : L 26 : T 1.1 sec
 - d_sub 300 : OOB 0.3643 : L 27 : T 1.2 sec
 - d_sub 300 : OOB 0.3645 : L 28 : T 1.2 sec
 - d_sub 300 : OOB 0.3639 : L 29 : T 1.3 sec
 - d_sub 300 : OOB 0.3641 : L 30 : T 1.3 sec
# -------------------------
optimal d_sub 300 : OOB 0.3641 : L 30 : T 1.3 sec
# -------------------------
# Ensemble classification
#  - Training samples: 10000 (5000/5000)
#  - Feature-space dimensionality: 18157
#  - L : 30
#  - d_sub : 300
#  - Seed 1 (subspaces) : 898368346
#  - Seed 2 (bootstrap) : 925414872
# -------------------------

 - d_sub 300 : OOB 0.4572 : L 1 : T 0.0 sec
 - d_sub 300 : OOB 0.4280 : L 2 : T 0.1 sec
 - d_sub 300 : OOB 0.4139 : L 3 : T 0.1 sec
 - d_sub 300 : OOB 0.4032 : L 4 : T 0.2 sec
 - d_sub 300 : OOB 0.3911 : L 5 : T 0.2 sec
 - d_sub 300 : OOB 0.3912 : L 6 : T 0.3 sec
 - d_sub 300 : OOB 0.3798 : L 7 : T 0.3 sec
 - d_sub 300 : OOB 0.3785 : L 8 : T 0.3 sec
 - d_sub 300 : OOB 0.3776 : L 9 : T 0.4 sec
 - d_sub 300 : OOB 0.3791 : L 10 : T 0.4 sec
 - d_sub 300 : OOB 0.3751 : L 11 : T 0.5 sec
 - d_sub 300 : OOB 0.3742 : L 12 : T 0.5 sec
 - d_sub 300 : OOB 0.3740 : L 13 : T 0.6 sec
 - d_sub 300 : OOB 0.3697 : L 14 : T 0.6 sec
 - d_sub 300 : OOB 0.3706 : L 15 : T 0.6 sec
 - d_sub 300 : OOB 0.3672 : L 16 : T 0.7 sec
 - d_sub 300 : OOB 0.3670 : L 17 : T 0.7 sec
 - d_sub 300 : OOB 0.3678 : L 18 : T 0.8 sec
 - d_sub 300 : OOB 0.3679 : L 19 : T 0.8 sec
 - d_sub 300 : OOB 0.3663 : L 20 : T 0.8 sec
 - d_sub 300 : OOB 0.3686 : L 21 : T 0.9 sec
 - d_sub 300 : OOB 0.3665 : L 22 : T 0.9 sec
 - d_sub 300 : OOB 0.3648 : L 23 : T 1.0 sec
 - d_sub 300 : OOB 0.3634 : L 24 : T 1.0 sec
 - d_sub 300 : OOB 0.3668 : L 25 : T 1.1 sec
 - d_sub 300 : OOB 0.3643 : L 26 : T 1.1 sec
 - d_sub 300 : OOB 0.3668 : L 27 : T 1.2 sec
 - d_sub 300 : OOB 0.3648 : L 28 : T 1.2 sec
 - d_sub 300 : OOB 0.3641 : L 29 : T 1.2 sec
 - d_sub 300 : OOB 0.3634 : L 30 : T 1.3 sec
# -------------------------
optimal d_sub 300 : OOB 0.3634 : L 30 : T 1.3 sec
# -------------------------
# Ensemble classification
#  - Training samples: 10000 (5000/5000)
#  - Feature-space dimensionality: 18157
#  - L : 30
#  - d_sub : 300
#  - Seed 1 (subspaces) : 647001027
#  - Seed 2 (bootstrap) : 429958644
# -------------------------

 - d_sub 300 : OOB 0.4560 : L 1 : T 0.0 sec
 - d_sub 300 : OOB 0.4288 : L 2 : T 0.1 sec
 - d_sub 300 : OOB 0.4146 : L 3 : T 0.1 sec
 - d_sub 300 : OOB 0.4050 : L 4 : T 0.2 sec
 - d_sub 300 : OOB 0.3922 : L 5 : T 0.2 sec
 - d_sub 300 : OOB 0.3907 : L 6 : T 0.3 sec
 - d_sub 300 : OOB 0.3809 : L 7 : T 0.3 sec
 - d_sub 300 : OOB 0.3768 : L 8 : T 0.4 sec
 - d_sub 300 : OOB 0.3752 : L 9 : T 0.4 sec
 - d_sub 300 : OOB 0.3772 : L 10 : T 0.4 sec
 - d_sub 300 : OOB 0.3740 : L 11 : T 0.5 sec
 - d_sub 300 : OOB 0.3720 : L 12 : T 0.5 sec
 - d_sub 300 : OOB 0.3714 : L 13 : T 0.6 sec
 - d_sub 300 : OOB 0.3692 : L 14 : T 0.6 sec
 - d_sub 300 : OOB 0.3684 : L 15 : T 0.7 sec
 - d_sub 300 : OOB 0.3673 : L 16 : T 0.7 sec
 - d_sub 300 : OOB 0.3668 : L 17 : T 0.7 sec
 - d_sub 300 : OOB 0.3680 : L 18 : T 0.8 sec
 - d_sub 300 : OOB 0.3674 : L 19 : T 0.8 sec
 - d_sub 300 : OOB 0.3666 : L 20 : T 0.9 sec
 - d_sub 300 : OOB 0.3664 : L 21 : T 0.9 sec
 - d_sub 300 : OOB 0.3680 : L 22 : T 1.0 sec
 - d_sub 300 : OOB 0.3687 : L 23 : T 1.0 sec
 - d_sub 300 : OOB 0.3657 : L 24 : T 1.1 sec
 - d_sub 300 : OOB 0.3652 : L 25 : T 1.1 sec
 - d_sub 300 : OOB 0.3663 : L 26 : T 1.1 sec
 - d_sub 300 : OOB 0.3651 : L 27 : T 1.2 sec
 - d_sub 300 : OOB 0.3634 : L 28 : T 1.2 sec
 - d_sub 300 : OOB 0.3643 : L 29 : T 1.3 sec
 - d_sub 300 : OOB 0.3628 : L 30 : T 1.3 sec
# -------------------------
optimal d_sub 300 : OOB 0.3628 : L 30 : T 1.3 sec
# -------------------------
# Ensemble classification
#  - Training samples: 10000 (5000/5000)
#  - Feature-space dimensionality: 18157
#  - L : 30
#  - d_sub : 300
#  - Seed 1 (subspaces) : 462961004
#  - Seed 2 (bootstrap) : 851158772
# -------------------------

 - d_sub 300 : OOB 0.4556 : L 1 : T 0.0 sec
 - d_sub 300 : OOB 0.4298 : L 2 : T 0.1 sec
 - d_sub 300 : OOB 0.4191 : L 3 : T 0.1 sec
 - d_sub 300 : OOB 0.4108 : L 4 : T 0.2 sec
 - d_sub 300 : OOB 0.3977 : L 5 : T 0.2 sec
 - d_sub 300 : OOB 0.3963 : L 6 : T 0.3 sec
 - d_sub 300 : OOB 0.3876 : L 7 : T 0.3 sec
 - d_sub 300 : OOB 0.3839 : L 8 : T 0.3 sec
 - d_sub 300 : OOB 0.3812 : L 9 : T 0.4 sec
 - d_sub 300 : OOB 0.3803 : L 10 : T 0.4 sec
 - d_sub 300 : OOB 0.3781 : L 11 : T 0.5 sec
 - d_sub 300 : OOB 0.3773 : L 12 : T 0.5 sec
 - d_sub 300 : OOB 0.3780 : L 13 : T 0.6 sec
 - d_sub 300 : OOB 0.3733 : L 14 : T 0.6 sec
 - d_sub 300 : OOB 0.3740 : L 15 : T 0.6 sec
 - d_sub 300 : OOB 0.3685 : L 16 : T 0.7 sec
 - d_sub 300 : OOB 0.3686 : L 17 : T 0.7 sec
 - d_sub 300 : OOB 0.3665 : L 18 : T 0.8 sec
 - d_sub 300 : OOB 0.3681 : L 19 : T 0.8 sec
 - d_sub 300 : OOB 0.3675 : L 20 : T 0.9 sec
 - d_sub 300 : OOB 0.3680 : L 21 : T 0.9 sec
 - d_sub 300 : OOB 0.3673 : L 22 : T 0.9 sec
 - d_sub 300 : OOB 0.3662 : L 23 : T 1.0 sec
 - d_sub 300 : OOB 0.3655 : L 24 : T 1.0 sec
 - d_sub 300 : OOB 0.3645 : L 25 : T 1.1 sec
 - d_sub 300 : OOB 0.3636 : L 26 : T 1.1 sec
 - d_sub 300 : OOB 0.3626 : L 27 : T 1.2 sec
 - d_sub 300 : OOB 0.3629 : L 28 : T 1.2 sec
 - d_sub 300 : OOB 0.3648 : L 29 : T 1.3 sec
 - d_sub 300 : OOB 0.3659 : L 30 : T 1.3 sec
# -------------------------
optimal d_sub 300 : OOB 0.3659 : L 30 : T 1.3 sec
# -------------------------
Average OOB error = 0.36382 (+/- 0.00193)
# -------------------------
# Ensemble classification
#  - Training samples: 10000 (5000/5000)
#  - Feature-space dimensionality: 18157
#  - L : 30
#  - d_sub : 300
#  - Seed 1 (subspaces) : 5
#  - Seed 2 (bootstrap) : 73
# -------------------------

 - d_sub 300 : OOB 0.4539 : L 1 : T 0.0 sec
 - d_sub 300 : OOB 0.4294 : L 2 : T 0.1 sec
 - d_sub 300 : OOB 0.4190 : L 3 : T 0.1 sec
 - d_sub 300 : OOB 0.4084 : L 4 : T 0.2 sec
 - d_sub 300 : OOB 0.3980 : L 5 : T 0.2 sec
 - d_sub 300 : OOB 0.3955 : L 6 : T 0.3 sec
 - d_sub 300 : OOB 0.3841 : L 7 : T 0.3 sec
 - d_sub 300 : OOB 0.3809 : L 8 : T 0.3 sec
 - d_sub 300 : OOB 0.3787 : L 9 : T 0.4 sec
 - d_sub 300 : OOB 0.3739 : L 10 : T 0.4 sec
 - d_sub 300 : OOB 0.3749 : L 11 : T 0.5 sec
 - d_sub 300 : OOB 0.3726 : L 12 : T 0.5 sec
 - d_sub 300 : OOB 0.3727 : L 13 : T 0.6 sec
 - d_sub 300 : OOB 0.3720 : L 14 : T 0.6 sec
 - d_sub 300 : OOB 0.3705 : L 15 : T 0.6 sec
 - d_sub 300 : OOB 0.3730 : L 16 : T 0.7 sec
 - d_sub 300 : OOB 0.3690 : L 17 : T 0.7 sec
 - d_sub 300 : OOB 0.3707 : L 18 : T 0.8 sec
 - d_sub 300 : OOB 0.3705 : L 19 : T 0.8 sec
 - d_sub 300 : OOB 0.3711 : L 20 : T 0.9 sec
 - d_sub 300 : OOB 0.3700 : L 21 : T 0.9 sec
 - d_sub 300 : OOB 0.3678 : L 22 : T 0.9 sec
 - d_sub 300 : OOB 0.3665 : L 23 : T 1.0 sec
 - d_sub 300 : OOB 0.3659 : L 24 : T 1.0 sec
 - d_sub 300 : OOB 0.3678 : L 25 : T 1.1 sec
 - d_sub 300 : OOB 0.3661 : L 26 : T 1.1 sec
 - d_sub 300 : OOB 0.3663 : L 27 : T 1.2 sec
 - d_sub 300 : OOB 0.3668 : L 28 : T 1.2 sec
 - d_sub 300 : OOB 0.3645 : L 29 : T 1.3 sec
 - d_sub 300 : OOB 0.3656 : L 30 : T 1.3 sec
# -------------------------
optimal d_sub 300 : OOB 0.3656 : L 30 : T 1.3 sec
OOB error = 0.3656
optimal d_sub 300 : OOB 0.3645 : L 30 : T 1.3 sec
optimal d_sub 300 : OOB 0.3581 : L 68 : T 9.1 sec
Testing error 1: 0.3611
optimal d_sub 300 : OOB 0.3597 : L 84 : T 19.1 sec
Testing error 2: 0.3576
optimal d_sub 300 : OOB 0.3566 : L 69 : T 5.7 sec
Testing error 3: 0.3579
optimal d_sub 300 : OOB 0.3559 : L 111 : T 14.3 sec
Testing error 4: 0.3592
optimal d_sub 300 : OOB 0.3553 : L 90 : T 4.2 sec
Testing error 5: 0.3562
optimal d_sub 300 : OOB 0.3649 : L 64 : T 8.2 sec
Testing error 6: 0.3579
optimal d_sub 300 : OOB 0.3539 : L 100 : T 29.5 sec
Testing error 7: 0.3564
optimal d_sub 300 : OOB 0.3591 : L 78 : T 11.4 sec
Testing error 8: 0.3571
optimal d_sub 300 : OOB 0.3582 : L 87 : T 13.7 sec
Testing error 9: 0.3585
optimal d_sub 300 : OOB 0.3604 : L 90 : T 3.8 sec
Testing error 10: 0.3550
---
Average testing error over 10 splits: 0.3577 (+/- 0.0017)

