# -------------------------
# Ensemble classification
#  - Training samples: 10000 (5000/5000)
#  - Feature-space dimensionality: 18157
#  - L : automatic (min 25, max 500, length 50, eps 0.00500)
#  - d_sub : automatic (Eoob tolerance 0.0200, step 200)
#  - Seed 1 (subspaces) : 451691504
#  - Seed 2 (bootstrap) : 510051222
# -------------------------

 - d_sub 200 : OOB 0.4642 : L 1 : T 0.0 sec
 - d_sub 200 : OOB 0.4421 : L 2 : T 0.1 sec
 - d_sub 200 : OOB 0.4311 : L 3 : T 0.1 sec
 - d_sub 200 : OOB 0.4264 : L 4 : T 0.1 sec
 - d_sub 200 : OOB 0.4116 : L 5 : T 0.2 sec
 - d_sub 200 : OOB 0.4115 : L 6 : T 0.2 sec
 - d_sub 200 : OOB 0.4066 : L 7 : T 0.3 sec
 - d_sub 200 : OOB 0.4050 : L 8 : T 0.3 sec
 - d_sub 200 : OOB 0.4029 : L 9 : T 0.3 sec
 - d_sub 200 : OOB 0.3958 : L 10 : T 0.4 sec
 - d_sub 200 : OOB 0.3942 : L 11 : T 0.4 sec
 - d_sub 200 : OOB 0.3909 : L 12 : T 0.4 sec
 - d_sub 200 : OOB 0.3957 : L 13 : T 0.5 sec
 - d_sub 200 : OOB 0.3888 : L 14 : T 0.5 sec
 - d_sub 200 : OOB 0.3890 : L 15 : T 0.5 sec
 - d_sub 200 : OOB 0.3879 : L 16 : T 0.5 sec
 - d_sub 200 : OOB 0.3861 : L 17 : T 0.6 sec
 - d_sub 200 : OOB 0.3863 : L 18 : T 0.6 sec
 - d_sub 200 : OOB 0.3853 : L 19 : T 0.6 sec
 - d_sub 200 : OOB 0.3845 : L 20 : T 0.7 sec
 - d_sub 200 : OOB 0.3842 : L 21 : T 0.7 sec
 - d_sub 200 : OOB 0.3829 : L 22 : T 0.7 sec
 - d_sub 200 : OOB 0.3836 : L 23 : T 0.8 sec
 - d_sub 200 : OOB 0.3847 : L 24 : T 0.8 sec
 - d_sub 200 : OOB 0.3841 : L 25 : T 0.8 sec
 - d_sub 200 : OOB 0.3833 : L 26 : T 0.9 sec
 - d_sub 200 : OOB 0.3836 : L 27 : T 0.9 sec
 - d_sub 200 : OOB 0.3829 : L 28 : T 0.9 sec
 - d_sub 200 : OOB 0.3803 : L 29 : T 1.0 sec
 - d_sub 200 : OOB 0.3807 : L 30 : T 1.0 sec
 - d_sub 200 : OOB 0.3810 : L 31 : T 1.1 sec
 - d_sub 200 : OOB 0.3810 : L 32 : T 1.1 sec
 - d_sub 200 : OOB 0.3818 : L 33 : T 1.1 sec
 - d_sub 200 : OOB 0.3817 : L 34 : T 1.2 sec
 - d_sub 200 : OOB 0.3800 : L 35 : T 1.2 sec
 - d_sub 200 : OOB 0.3832 : L 36 : T 1.2 sec
 - d_sub 200 : OOB 0.3816 : L 37 : T 1.3 sec
 - d_sub 200 : OOB 0.3816 : L 38 : T 1.3 sec
 - d_sub 200 : OOB 0.3791 : L 39 : T 1.3 sec
 - d_sub 200 : OOB 0.3818 : L 40 : T 1.4 sec
 - d_sub 200 : OOB 0.3837 : L 41 : T 1.4 sec
 - d_sub 200 : OOB 0.3828 : L 42 : T 1.4 sec
 - d_sub 200 : OOB 0.3799 : L 43 : T 1.5 sec
 - d_sub 200 : OOB 0.3816 : L 44 : T 1.5 sec
 - d_sub 200 : OOB 0.3814 : L 45 : T 1.5 sec
 - d_sub 200 : OOB 0.3815 : L 46 : T 1.6 sec
 - d_sub 200 : OOB 0.3815 : L 47 : T 1.6 sec
 - d_sub 200 : OOB 0.3788 : L 48 : T 1.6 sec
 - d_sub 200 : OOB 0.3791 : L 49 : T 1.7 sec
 - d_sub 200 : OOB 0.3787 : L 50 : T 1.7 sec
 - d_sub 200 : OOB 0.3791 : L 51 : T 1.7 sec
 - d_sub 200 : OOB 0.3783 : L 52 : T 1.8 sec
 - d_sub 200 : OOB 0.3805 : L 53 : T 1.8 sec
 - d_sub 200 : OOB 0.3791 : L 54 : T 1.8 sec
 - d_sub 200 : OOB 0.3782 : L 55 : T 1.9 sec
 - d_sub 200 : OOB 0.3776 : L 56 : T 1.9 sec
 - d_sub 200 : OOB 0.3813 : L 57 : T 1.9 sec
 - d_sub 200 : OOB 0.3773 : L 58 : T 2.0 sec
 - d_sub 200 : OOB 0.3764 : L 59 : T 2.0 sec
 - d_sub 200 : OOB 0.3784 : L 60 : T 2.0 sec
 - d_sub 200 : OOB 0.3773 : L 61 : T 2.1 sec
 - d_sub 200 : OOB 0.3781 : L 62 : T 2.1 sec
 - d_sub 200 : OOB 0.3770 : L 63 : T 2.1 sec
 - d_sub 200 : OOB 0.3763 : L 64 : T 2.2 sec
 - d_sub 200 : OOB 0.3763 : L 65 : T 2.2 sec
 - d_sub 200 : OOB 0.3766 : L 66 : T 2.2 sec
 - d_sub 200 : OOB 0.3791 : L 67 : T 2.3 sec
 - d_sub 200 : OOB 0.3773 : L 68 : T 2.3 sec
 - d_sub 200 : OOB 0.3766 : L 69 : T 2.4 sec
 - d_sub 200 : OOB 0.3751 : L 70 : T 2.4 sec
 - d_sub 200 : OOB 0.3762 : L 71 : T 2.4 sec
 - d_sub 200 : OOB 0.3753 : L 72 : T 2.5 sec
 - d_sub 200 : OOB 0.3749 : L 73 : T 2.5 sec
 - d_sub 200 : OOB 0.3753 : L 74 : T 2.5 sec
 - d_sub 200 : OOB 0.3738 : L 75 : T 2.6 sec
 - d_sub 200 : OOB 0.3756 : L 76 : T 2.6 sec
 - d_sub 200 : OOB 0.3741 : L 77 : T 2.6 sec
 - d_sub 200 : OOB 0.3764 : L 78 : T 2.7 sec
 - d_sub 200 : OOB 0.3748 : L 79 : T 2.7 sec
 - d_sub 200 : OOB 0.3732 : L 80 : T 2.7 sec
 - d_sub 200 : OOB 0.3756 : L 81 : T 2.8 sec
 - d_sub 200 : OOB 0.3742 : L 82 : T 2.8 sec
 - d_sub 200 : OOB 0.3729 : L 83 : T 2.8 sec
 - d_sub 200 : OOB 0.3733 : L 84 : T 2.9 sec
 - d_sub 200 : OOB 0.3746 : L 85 : T 2.9 sec
 - d_sub 200 : OOB 0.3748 : L 86 : T 2.9 sec
 - d_sub 200 : OOB 0.3748 : L 87 : T 3.0 sec
 - d_sub 200 : OOB 0.3755 : L 88 : T 3.0 sec
 - d_sub 200 : OOB 0.3745 : L 89 : T 3.0 sec
 - d_sub 200 : OOB 0.3750 : L 90 : T 3.1 sec
 - d_sub 200 : OOB 0.3754 : L 91 : T 3.1 sec
 - d_sub 200 : OOB 0.3771 : L 92 : T 3.1 sec
 - d_sub 200 : OOB 0.3745 : L 93 : T 3.2 sec
 - d_sub 200 : OOB 0.3760 : L 94 : T 3.2 sec
 - d_sub 200 : OOB 0.3751 : L 95 : T 3.3 sec
 - d_sub 200 : OOB 0.3746 : L 96 : T 3.3 sec
 - d_sub 200 : OOB 0.3754 : L 97 : T 3.3 sec
 - d_sub 200 : OOB 0.3747 : L 98 : T 3.4 sec
 - d_sub 200 : OOB 0.3752 : L 99 : T 3.4 sec
 - d_sub 200 : OOB 0.3754 : L 100 : T 3.4 sec
 - d_sub 200 : OOB 0.3737 : L 101 : T 3.5 sec
 - d_sub 200 : OOB 0.3741 : L 102 : T 3.5 sec
 - d_sub 200 : OOB 0.3734 : L 103 : T 3.5 sec

 - d_sub 400 : OOB 0.4598 : L 1 : T 0.1 sec
 - d_sub 400 : OOB 0.4300 : L 2 : T 0.1 sec
 - d_sub 400 : OOB 0.4183 : L 3 : T 0.2 sec
 - d_sub 400 : OOB 0.4080 : L 4 : T 0.3 sec
 - d_sub 400 : OOB 0.3974 : L 5 : T 0.3 sec
 - d_sub 400 : OOB 0.3928 : L 6 : T 0.4 sec
 - d_sub 400 : OOB 0.3852 : L 7 : T 0.5 sec
 - d_sub 400 : OOB 0.3801 : L 8 : T 0.5 sec
 - d_sub 400 : OOB 0.3805 : L 9 : T 0.6 sec
 - d_sub 400 : OOB 0.3747 : L 10 : T 0.6 sec
 - d_sub 400 : OOB 0.3750 : L 11 : T 0.7 sec
 - d_sub 400 : OOB 0.3732 : L 12 : T 0.8 sec
 - d_sub 400 : OOB 0.3713 : L 13 : T 0.8 sec
 - d_sub 400 : OOB 0.3716 : L 14 : T 0.9 sec
 - d_sub 400 : OOB 0.3663 : L 15 : T 0.9 sec
 - d_sub 400 : OOB 0.3673 : L 16 : T 1.0 sec
 - d_sub 400 : OOB 0.3637 : L 17 : T 1.1 sec
 - d_sub 400 : OOB 0.3625 : L 18 : T 1.1 sec
 - d_sub 400 : OOB 0.3650 : L 19 : T 1.2 sec
 - d_sub 400 : OOB 0.3620 : L 20 : T 1.3 sec
 - d_sub 400 : OOB 0.3606 : L 21 : T 1.3 sec
 - d_sub 400 : OOB 0.3619 : L 22 : T 1.4 sec
 - d_sub 400 : OOB 0.3599 : L 23 : T 1.4 sec
 - d_sub 400 : OOB 0.3571 : L 24 : T 1.5 sec
 - d_sub 400 : OOB 0.3596 : L 25 : T 1.6 sec
 - d_sub 400 : OOB 0.3594 : L 26 : T 1.6 sec
 - d_sub 400 : OOB 0.3611 : L 27 : T 1.7 sec
 - d_sub 400 : OOB 0.3599 : L 28 : T 1.8 sec
 - d_sub 400 : OOB 0.3566 : L 29 : T 1.8 sec
 - d_sub 400 : OOB 0.3539 : L 30 : T 1.9 sec
 - d_sub 400 : OOB 0.3534 : L 31 : T 2.0 sec
 - d_sub 400 : OOB 0.3556 : L 32 : T 2.0 sec
 - d_sub 400 : OOB 0.3553 : L 33 : T 2.1 sec
 - d_sub 400 : OOB 0.3558 : L 34 : T 2.2 sec
 - d_sub 400 : OOB 0.3537 : L 35 : T 2.2 sec
 - d_sub 400 : OOB 0.3534 : L 36 : T 2.3 sec
 - d_sub 400 : OOB 0.3540 : L 37 : T 2.4 sec
 - d_sub 400 : OOB 0.3528 : L 38 : T 2.4 sec
 - d_sub 400 : OOB 0.3530 : L 39 : T 2.5 sec
 - d_sub 400 : OOB 0.3544 : L 40 : T 2.6 sec
 - d_sub 400 : OOB 0.3536 : L 41 : T 2.6 sec
 - d_sub 400 : OOB 0.3538 : L 42 : T 2.7 sec
 - d_sub 400 : OOB 0.3557 : L 43 : T 2.8 sec
 - d_sub 400 : OOB 0.3536 : L 44 : T 2.9 sec
 - d_sub 400 : OOB 0.3565 : L 45 : T 2.9 sec
 - d_sub 400 : OOB 0.3543 : L 46 : T 3.0 sec
 - d_sub 400 : OOB 0.3528 : L 47 : T 3.1 sec
 - d_sub 400 : OOB 0.3536 : L 48 : T 3.1 sec
 - d_sub 400 : OOB 0.3523 : L 49 : T 3.2 sec
 - d_sub 400 : OOB 0.3525 : L 50 : T 3.3 sec
 - d_sub 400 : OOB 0.3532 : L 51 : T 3.3 sec
 - d_sub 400 : OOB 0.3536 : L 52 : T 3.4 sec
 - d_sub 400 : OOB 0.3540 : L 53 : T 3.4 sec
 - d_sub 400 : OOB 0.3555 : L 54 : T 3.5 sec
 - d_sub 400 : OOB 0.3557 : L 55 : T 3.6 sec
 - d_sub 400 : OOB 0.3547 : L 56 : T 3.7 sec
 - d_sub 400 : OOB 0.3541 : L 57 : T 3.7 sec
 - d_sub 400 : OOB 0.3541 : L 58 : T 3.8 sec
 - d_sub 400 : OOB 0.3534 : L 59 : T 3.9 sec
 - d_sub 400 : OOB 0.3521 : L 60 : T 3.9 sec
 - d_sub 400 : OOB 0.3535 : L 61 : T 4.0 sec
 - d_sub 400 : OOB 0.3538 : L 62 : T 4.1 sec
 - d_sub 400 : OOB 0.3539 : L 63 : T 4.1 sec
 - d_sub 400 : OOB 0.3523 : L 64 : T 4.2 sec
 - d_sub 400 : OOB 0.3531 : L 65 : T 4.3 sec
 - d_sub 400 : OOB 0.3523 : L 66 : T 4.3 sec
 - d_sub 400 : OOB 0.3526 : L 67 : T 4.4 sec
 - d_sub 400 : OOB 0.3521 : L 68 : T 4.5 sec
 - d_sub 400 : OOB 0.3514 : L 69 : T 4.5 sec
 - d_sub 400 : OOB 0.3508 : L 70 : T 4.6 sec
 - d_sub 400 : OOB 0.3519 : L 71 : T 4.6 sec
 - d_sub 400 : OOB 0.3519 : L 72 : T 4.7 sec
 - d_sub 400 : OOB 0.3534 : L 73 : T 4.8 sec
 - d_sub 400 : OOB 0.3526 : L 74 : T 4.8 sec
 - d_sub 400 : OOB 0.3535 : L 75 : T 4.9 sec
 - d_sub 400 : OOB 0.3525 : L 76 : T 5.0 sec
 - d_sub 400 : OOB 0.3546 : L 77 : T 5.0 sec

 - d_sub 600 : OOB 0.4530 : L 1 : T 0.1 sec
 - d_sub 600 : OOB 0.4229 : L 2 : T 0.2 sec
 - d_sub 600 : OOB 0.4047 : L 3 : T 0.3 sec
 - d_sub 600 : OOB 0.3959 : L 4 : T 0.4 sec
 - d_sub 600 : OOB 0.3828 : L 5 : T 0.5 sec
 - d_sub 600 : OOB 0.3814 : L 6 : T 0.7 sec
 - d_sub 600 : OOB 0.3737 : L 7 : T 0.8 sec
 - d_sub 600 : OOB 0.3691 : L 8 : T 0.9 sec
 - d_sub 600 : OOB 0.3691 : L 9 : T 1.0 sec
 - d_sub 600 : OOB 0.3644 : L 10 : T 1.1 sec
 - d_sub 600 : OOB 0.3595 : L 11 : T 1.2 sec
 - d_sub 600 : OOB 0.3597 : L 12 : T 1.3 sec
 - d_sub 600 : OOB 0.3567 : L 13 : T 1.4 sec
 - d_sub 600 : OOB 0.3569 : L 14 : T 1.5 sec
 - d_sub 600 : OOB 0.3575 : L 15 : T 1.6 sec
 - d_sub 600 : OOB 0.3545 : L 16 : T 1.7 sec
 - d_sub 600 : OOB 0.3553 : L 17 : T 1.9 sec
 - d_sub 600 : OOB 0.3529 : L 18 : T 2.0 sec
 - d_sub 600 : OOB 0.3505 : L 19 : T 2.1 sec
 - d_sub 600 : OOB 0.3513 : L 20 : T 2.2 sec
 - d_sub 600 : OOB 0.3502 : L 21 : T 2.3 sec
 - d_sub 600 : OOB 0.3515 : L 22 : T 2.4 sec
 - d_sub 600 : OOB 0.3537 : L 23 : T 2.5 sec
 - d_sub 600 : OOB 0.3509 : L 24 : T 2.6 sec
 - d_sub 600 : OOB 0.3504 : L 25 : T 2.7 sec
 - d_sub 600 : OOB 0.3495 : L 26 : T 2.8 sec
 - d_sub 600 : OOB 0.3506 : L 27 : T 2.9 sec
 - d_sub 600 : OOB 0.3505 : L 28 : T 3.1 sec
 - d_sub 600 : OOB 0.3466 : L 29 : T 3.2 sec
 - d_sub 600 : OOB 0.3451 : L 30 : T 3.3 sec
 - d_sub 600 : OOB 0.3460 : L 31 : T 3.4 sec
 - d_sub 600 : OOB 0.3462 : L 32 : T 3.5 sec
 - d_sub 600 : OOB 0.3465 : L 33 : T 3.6 sec
 - d_sub 600 : OOB 0.3445 : L 34 : T 3.8 sec
 - d_sub 600 : OOB 0.3437 : L 35 : T 3.9 sec
 - d_sub 600 : OOB 0.3449 : L 36 : T 4.0 sec
 - d_sub 600 : OOB 0.3434 : L 37 : T 4.1 sec
 - d_sub 600 : OOB 0.3440 : L 38 : T 4.2 sec
 - d_sub 600 : OOB 0.3460 : L 39 : T 4.3 sec
 - d_sub 600 : OOB 0.3426 : L 40 : T 4.4 sec
 - d_sub 600 : OOB 0.3445 : L 41 : T 4.6 sec
 - d_sub 600 : OOB 0.3434 : L 42 : T 4.7 sec
 - d_sub 600 : OOB 0.3433 : L 43 : T 4.8 sec
 - d_sub 600 : OOB 0.3429 : L 44 : T 4.9 sec
 - d_sub 600 : OOB 0.3432 : L 45 : T 5.0 sec
 - d_sub 600 : OOB 0.3450 : L 46 : T 5.1 sec
 - d_sub 600 : OOB 0.3426 : L 47 : T 5.2 sec
 - d_sub 600 : OOB 0.3454 : L 48 : T 5.3 sec
 - d_sub 600 : OOB 0.3442 : L 49 : T 5.4 sec
 - d_sub 600 : OOB 0.3444 : L 50 : T 5.5 sec
 - d_sub 600 : OOB 0.3455 : L 51 : T 5.7 sec
 - d_sub 600 : OOB 0.3426 : L 52 : T 5.8 sec
 - d_sub 600 : OOB 0.3420 : L 53 : T 5.9 sec
 - d_sub 600 : OOB 0.3438 : L 54 : T 6.0 sec
 - d_sub 600 : OOB 0.3446 : L 55 : T 6.1 sec
 - d_sub 600 : OOB 0.3424 : L 56 : T 6.2 sec
 - d_sub 600 : OOB 0.3427 : L 57 : T 6.3 sec
 - d_sub 600 : OOB 0.3441 : L 58 : T 6.4 sec
 - d_sub 600 : OOB 0.3464 : L 59 : T 6.5 sec
 - d_sub 600 : OOB 0.3439 : L 60 : T 6.6 sec
 - d_sub 600 : OOB 0.3437 : L 61 : T 6.7 sec
 - d_sub 600 : OOB 0.3424 : L 62 : T 6.9 sec
 - d_sub 600 : OOB 0.3430 : L 63 : T 6.9 sec
 - d_sub 600 : OOB 0.3426 : L 64 : T 7.1 sec
 - d_sub 600 : OOB 0.3443 : L 65 : T 7.2 sec
 - d_sub 600 : OOB 0.3442 : L 66 : T 7.3 sec
 - d_sub 600 : OOB 0.3403 : L 67 : T 7.4 sec
 - d_sub 600 : OOB 0.3412 : L 68 : T 7.5 sec
 - d_sub 600 : OOB 0.3416 : L 69 : T 7.6 sec
 - d_sub 600 : OOB 0.3414 : L 70 : T 7.7 sec
 - d_sub 600 : OOB 0.3407 : L 71 : T 7.8 sec
 - d_sub 600 : OOB 0.3408 : L 72 : T 7.9 sec
 - d_sub 600 : OOB 0.3410 : L 73 : T 8.0 sec
 - d_sub 600 : OOB 0.3405 : L 74 : T 8.1 sec
 - d_sub 600 : OOB 0.3407 : L 75 : T 8.2 sec
 - d_sub 600 : OOB 0.3430 : L 76 : T 8.4 sec
 - d_sub 600 : OOB 0.3394 : L 77 : T 8.5 sec
 - d_sub 600 : OOB 0.3392 : L 78 : T 8.6 sec
 - d_sub 600 : OOB 0.3402 : L 79 : T 8.7 sec
 - d_sub 600 : OOB 0.3390 : L 80 : T 8.8 sec
 - d_sub 600 : OOB 0.3384 : L 81 : T 8.9 sec
 - d_sub 600 : OOB 0.3390 : L 82 : T 9.3 sec
 - d_sub 600 : OOB 0.3393 : L 83 : T 9.4 sec
 - d_sub 600 : OOB 0.3370 : L 84 : T 9.5 sec
 - d_sub 600 : OOB 0.3375 : L 85 : T 9.7 sec
 - d_sub 600 : OOB 0.3382 : L 86 : T 9.8 sec
 - d_sub 600 : OOB 0.3389 : L 87 : T 9.9 sec
 - d_sub 600 : OOB 0.3397 : L 88 : T 10.0 sec
 - d_sub 600 : OOB 0.3393 : L 89 : T 10.1 sec
 - d_sub 600 : OOB 0.3396 : L 90 : T 10.2 sec
 - d_sub 600 : OOB 0.3405 : L 91 : T 10.3 sec
 - d_sub 600 : OOB 0.3394 : L 92 : T 10.4 sec
 - d_sub 600 : OOB 0.3411 : L 93 : T 10.6 sec
 - d_sub 600 : OOB 0.3416 : L 94 : T 10.7 sec
 - d_sub 600 : OOB 0.3398 : L 95 : T 10.8 sec
 - d_sub 600 : OOB 0.3407 : L 96 : T 10.9 sec
 - d_sub 600 : OOB 0.3405 : L 97 : T 11.0 sec
 - d_sub 600 : OOB 0.3418 : L 98 : T 11.1 sec
 - d_sub 600 : OOB 0.3411 : L 99 : T 11.2 sec
 - d_sub 600 : OOB 0.3400 : L 100 : T 11.3 sec
 - d_sub 600 : OOB 0.3409 : L 101 : T 11.4 sec
 - d_sub 600 : OOB 0.3408 : L 102 : T 11.6 sec
 - d_sub 600 : OOB 0.3406 : L 103 : T 11.7 sec
 - d_sub 600 : OOB 0.3402 : L 104 : T 11.8 sec
 - d_sub 600 : OOB 0.3398 : L 105 : T 11.9 sec
 - d_sub 600 : OOB 0.3395 : L 106 : T 12.0 sec
 - d_sub 600 : OOB 0.3397 : L 107 : T 12.1 sec
 - d_sub 600 : OOB 0.3396 : L 108 : T 12.2 sec
 - d_sub 600 : OOB 0.3406 : L 109 : T 12.3 sec
 - d_sub 600 : OOB 0.3404 : L 110 : T 12.4 sec
 - d_sub 600 : OOB 0.3396 : L 111 : T 12.5 sec
 - d_sub 600 : OOB 0.3401 : L 112 : T 12.7 sec

 - d_sub 800 : OOB 0.4489 : L 1 : T 0.2 sec
 - d_sub 800 : OOB 0.4192 : L 2 : T 0.3 sec
 - d_sub 800 : OOB 0.4034 : L 3 : T 0.5 sec
 - d_sub 800 : OOB 0.3889 : L 4 : T 0.6 sec
 - d_sub 800 : OOB 0.3754 : L 5 : T 0.8 sec
 - d_sub 800 : OOB 0.3692 : L 6 : T 1.0 sec
 - d_sub 800 : OOB 0.3647 : L 7 : T 1.1 sec
 - d_sub 800 : OOB 0.3587 : L 8 : T 1.3 sec
 - d_sub 800 : OOB 0.3566 : L 9 : T 1.4 sec
 - d_sub 800 : OOB 0.3533 : L 10 : T 1.6 sec
 - d_sub 800 : OOB 0.3505 : L 11 : T 1.7 sec
 - d_sub 800 : OOB 0.3492 : L 12 : T 1.9 sec
 - d_sub 800 : OOB 0.3469 : L 13 : T 2.1 sec
 - d_sub 800 : OOB 0.3473 : L 14 : T 2.2 sec
 - d_sub 800 : OOB 0.3434 : L 15 : T 2.4 sec
 - d_sub 800 : OOB 0.3438 : L 16 : T 2.5 sec
 - d_sub 800 : OOB 0.3428 : L 17 : T 2.7 sec
 - d_sub 800 : OOB 0.3430 : L 18 : T 2.9 sec
 - d_sub 800 : OOB 0.3409 : L 19 : T 3.0 sec
 - d_sub 800 : OOB 0.3438 : L 20 : T 3.2 sec
 - d_sub 800 : OOB 0.3412 : L 21 : T 3.3 sec
 - d_sub 800 : OOB 0.3423 : L 22 : T 3.5 sec
 - d_sub 800 : OOB 0.3405 : L 23 : T 3.7 sec
 - d_sub 800 : OOB 0.3395 : L 24 : T 3.8 sec
 - d_sub 800 : OOB 0.3394 : L 25 : T 4.0 sec
 - d_sub 800 : OOB 0.3378 : L 26 : T 4.2 sec
 - d_sub 800 : OOB 0.3377 : L 27 : T 4.3 sec
 - d_sub 800 : OOB 0.3375 : L 28 : T 4.5 sec
 - d_sub 800 : OOB 0.3384 : L 29 : T 4.7 sec
 - d_sub 800 : OOB 0.3391 : L 30 : T 4.8 sec
 - d_sub 800 : OOB 0.3366 : L 31 : T 5.0 sec
 - d_sub 800 : OOB 0.3363 : L 32 : T 5.1 sec
 - d_sub 800 : OOB 0.3369 : L 33 : T 5.3 sec
 - d_sub 800 : OOB 0.3361 : L 34 : T 5.4 sec
 - d_sub 800 : OOB 0.3375 : L 35 : T 5.6 sec
 - d_sub 800 : OOB 0.3351 : L 36 : T 5.7 sec
 - d_sub 800 : OOB 0.3355 : L 37 : T 5.9 sec
 - d_sub 800 : OOB 0.3335 : L 38 : T 6.1 sec
 - d_sub 800 : OOB 0.3353 : L 39 : T 6.2 sec
 - d_sub 800 : OOB 0.3340 : L 40 : T 6.4 sec
 - d_sub 800 : OOB 0.3357 : L 41 : T 6.5 sec
 - d_sub 800 : OOB 0.3360 : L 42 : T 6.7 sec
 - d_sub 800 : OOB 0.3342 : L 43 : T 6.8 sec
 - d_sub 800 : OOB 0.3354 : L 44 : T 7.0 sec
 - d_sub 800 : OOB 0.3365 : L 45 : T 7.1 sec
 - d_sub 800 : OOB 0.3342 : L 46 : T 7.3 sec
 - d_sub 800 : OOB 0.3351 : L 47 : T 7.4 sec
 - d_sub 800 : OOB 0.3362 : L 48 : T 7.6 sec
 - d_sub 800 : OOB 0.3317 : L 49 : T 7.7 sec
 - d_sub 800 : OOB 0.3352 : L 50 : T 7.9 sec
 - d_sub 800 : OOB 0.3361 : L 51 : T 8.0 sec
 - d_sub 800 : OOB 0.3378 : L 52 : T 8.2 sec
 - d_sub 800 : OOB 0.3354 : L 53 : T 8.3 sec
 - d_sub 800 : OOB 0.3333 : L 54 : T 8.5 sec
 - d_sub 800 : OOB 0.3335 : L 55 : T 8.6 sec
 - d_sub 800 : OOB 0.3335 : L 56 : T 8.8 sec
 - d_sub 800 : OOB 0.3360 : L 57 : T 8.9 sec
 - d_sub 800 : OOB 0.3345 : L 58 : T 9.1 sec
 - d_sub 800 : OOB 0.3332 : L 59 : T 9.2 sec
 - d_sub 800 : OOB 0.3333 : L 60 : T 9.4 sec
 - d_sub 800 : OOB 0.3328 : L 61 : T 9.5 sec
 - d_sub 800 : OOB 0.3308 : L 62 : T 9.6 sec
 - d_sub 800 : OOB 0.3338 : L 63 : T 9.8 sec
 - d_sub 800 : OOB 0.3328 : L 64 : T 9.9 sec
 - d_sub 800 : OOB 0.3335 : L 65 : T 10.1 sec
 - d_sub 800 : OOB 0.3327 : L 66 : T 10.2 sec
 - d_sub 800 : OOB 0.3326 : L 67 : T 10.4 sec
 - d_sub 800 : OOB 0.3320 : L 68 : T 10.5 sec
 - d_sub 800 : OOB 0.3313 : L 69 : T 10.7 sec
 - d_sub 800 : OOB 0.3346 : L 70 : T 10.9 sec
 - d_sub 800 : OOB 0.3347 : L 71 : T 11.0 sec
 - d_sub 800 : OOB 0.3344 : L 72 : T 11.2 sec
 - d_sub 800 : OOB 0.3347 : L 73 : T 11.3 sec
 - d_sub 800 : OOB 0.3331 : L 74 : T 11.5 sec
 - d_sub 800 : OOB 0.3351 : L 75 : T 11.6 sec
 - d_sub 800 : OOB 0.3345 : L 76 : T 11.8 sec
 - d_sub 800 : OOB 0.3348 : L 77 : T 11.9 sec
 - d_sub 800 : OOB 0.3360 : L 78 : T 12.0 sec
 - d_sub 800 : OOB 0.3353 : L 79 : T 12.2 sec

 - d_sub 1000 : OOB 0.4506 : L 1 : T 1.1 sec
 - d_sub 1000 : OOB 0.4183 : L 2 : T 1.3 sec
 - d_sub 1000 : OOB 0.4024 : L 3 : T 2.4 sec
 - d_sub 1000 : OOB 0.3927 : L 4 : T 2.6 sec
 - d_sub 1000 : OOB 0.3779 : L 5 : T 3.6 sec
 - d_sub 1000 : OOB 0.3756 : L 6 : T 5.5 sec
 - d_sub 1000 : OOB 0.3628 : L 7 : T 7.7 sec
 - d_sub 1000 : OOB 0.3593 : L 8 : T 8.6 sec
 - d_sub 1000 : OOB 0.3564 : L 9 : T 9.9 sec
 - d_sub 1000 : OOB 0.3572 : L 10 : T 10.1 sec
 - d_sub 1000 : OOB 0.3514 : L 11 : T 11.2 sec
 - d_sub 1000 : OOB 0.3515 : L 12 : T 11.4 sec
 - d_sub 1000 : OOB 0.3523 : L 13 : T 11.6 sec
 - d_sub 1000 : OOB 0.3483 : L 14 : T 11.8 sec
 - d_sub 1000 : OOB 0.3499 : L 15 : T 12.0 sec
 - d_sub 1000 : OOB 0.3460 : L 16 : T 12.2 sec
 - d_sub 1000 : OOB 0.3452 : L 17 : T 12.4 sec
 - d_sub 1000 : OOB 0.3445 : L 18 : T 12.6 sec
 - d_sub 1000 : OOB 0.3425 : L 19 : T 12.8 sec
 - d_sub 1000 : OOB 0.3419 : L 20 : T 13.0 sec
 - d_sub 1000 : OOB 0.3407 : L 21 : T 13.2 sec
 - d_sub 1000 : OOB 0.3382 : L 22 : T 13.4 sec
 - d_sub 1000 : OOB 0.3384 : L 23 : T 13.6 sec
 - d_sub 1000 : OOB 0.3403 : L 24 : T 13.8 sec
 - d_sub 1000 : OOB 0.3382 : L 25 : T 14.1 sec
 - d_sub 1000 : OOB 0.3366 : L 26 : T 14.3 sec
 - d_sub 1000 : OOB 0.3366 : L 27 : T 14.5 sec
 - d_sub 1000 : OOB 0.3367 : L 28 : T 14.7 sec
 - d_sub 1000 : OOB 0.3364 : L 29 : T 14.9 sec
 - d_sub 1000 : OOB 0.3390 : L 30 : T 15.1 sec
 - d_sub 1000 : OOB 0.3375 : L 31 : T 15.3 sec
 - d_sub 1000 : OOB 0.3365 : L 32 : T 15.5 sec
 - d_sub 1000 : OOB 0.3365 : L 33 : T 15.7 sec
 - d_sub 1000 : OOB 0.3366 : L 34 : T 15.9 sec
 - d_sub 1000 : OOB 0.3356 : L 35 : T 16.1 sec
 - d_sub 1000 : OOB 0.3376 : L 36 : T 17.2 sec
 - d_sub 1000 : OOB 0.3348 : L 37 : T 18.1 sec
 - d_sub 1000 : OOB 0.3368 : L 38 : T 18.5 sec
 - d_sub 1000 : OOB 0.3378 : L 39 : T 19.6 sec
 - d_sub 1000 : OOB 0.3380 : L 40 : T 20.4 sec
 - d_sub 1000 : OOB 0.3383 : L 41 : T 22.1 sec
 - d_sub 1000 : OOB 0.3365 : L 42 : T 23.4 sec
 - d_sub 1000 : OOB 0.3359 : L 43 : T 24.4 sec
 - d_sub 1000 : OOB 0.3368 : L 44 : T 26.4 sec
 - d_sub 1000 : OOB 0.3357 : L 45 : T 27.4 sec
 - d_sub 1000 : OOB 0.3353 : L 46 : T 29.5 sec
 - d_sub 1000 : OOB 0.3359 : L 47 : T 30.4 sec
 - d_sub 1000 : OOB 0.3335 : L 48 : T 31.5 sec
 - d_sub 1000 : OOB 0.3331 : L 49 : T 31.7 sec
 - d_sub 1000 : OOB 0.3344 : L 50 : T 32.0 sec
 - d_sub 1000 : OOB 0.3333 : L 51 : T 32.2 sec
 - d_sub 1000 : OOB 0.3339 : L 52 : T 32.4 sec
 - d_sub 1000 : OOB 0.3328 : L 53 : T 32.6 sec
 - d_sub 1000 : OOB 0.3319 : L 54 : T 32.8 sec
 - d_sub 1000 : OOB 0.3321 : L 55 : T 33.0 sec
 - d_sub 1000 : OOB 0.3315 : L 56 : T 33.3 sec
 - d_sub 1000 : OOB 0.3321 : L 57 : T 33.5 sec
 - d_sub 1000 : OOB 0.3310 : L 58 : T 34.6 sec
 - d_sub 1000 : OOB 0.3301 : L 59 : T 35.7 sec
 - d_sub 1000 : OOB 0.3284 : L 60 : T 36.5 sec
 - d_sub 1000 : OOB 0.3297 : L 61 : T 36.7 sec
 - d_sub 1000 : OOB 0.3278 : L 62 : T 36.9 sec
 - d_sub 1000 : OOB 0.3272 : L 63 : T 37.1 sec
 - d_sub 1000 : OOB 0.3310 : L 64 : T 38.1 sec
 - d_sub 1000 : OOB 0.3282 : L 65 : T 38.3 sec
 - d_sub 1000 : OOB 0.3295 : L 66 : T 39.4 sec
 - d_sub 1000 : OOB 0.3302 : L 67 : T 39.6 sec
 - d_sub 1000 : OOB 0.3290 : L 68 : T 40.8 sec
 - d_sub 1000 : OOB 0.3271 : L 69 : T 42.7 sec
 - d_sub 1000 : OOB 0.3270 : L 70 : T 45.2 sec
 - d_sub 1000 : OOB 0.3287 : L 71 : T 45.4 sec
 - d_sub 1000 : OOB 0.3255 : L 72 : T 47.3 sec
 - d_sub 1000 : OOB 0.3271 : L 73 : T 47.5 sec
 - d_sub 1000 : OOB 0.3261 : L 74 : T 47.8 sec
 - d_sub 1000 : OOB 0.3263 : L 75 : T 48.0 sec
 - d_sub 1000 : OOB 0.3264 : L 76 : T 48.2 sec
 - d_sub 1000 : OOB 0.3245 : L 77 : T 48.4 sec
 - d_sub 1000 : OOB 0.3263 : L 78 : T 48.6 sec
 - d_sub 1000 : OOB 0.3263 : L 79 : T 48.8 sec
 - d_sub 1000 : OOB 0.3268 : L 80 : T 50.3 sec
 - d_sub 1000 : OOB 0.3257 : L 81 : T 51.9 sec
 - d_sub 1000 : OOB 0.3256 : L 82 : T 52.1 sec
 - d_sub 1000 : OOB 0.3252 : L 83 : T 52.3 sec
 - d_sub 1000 : OOB 0.3262 : L 84 : T 52.5 sec
 - d_sub 1000 : OOB 0.3272 : L 85 : T 54.3 sec
 - d_sub 1000 : OOB 0.3265 : L 86 : T 54.5 sec
 - d_sub 1000 : OOB 0.3261 : L 87 : T 54.7 sec
 - d_sub 1000 : OOB 0.3255 : L 88 : T 54.9 sec
 - d_sub 1000 : OOB 0.3258 : L 89 : T 55.1 sec
 - d_sub 1000 : OOB 0.3263 : L 90 : T 55.3 sec
 - d_sub 1000 : OOB 0.3261 : L 91 : T 55.5 sec
 - d_sub 1000 : OOB 0.3263 : L 92 : T 55.7 sec
 - d_sub 1000 : OOB 0.3236 : L 93 : T 56.8 sec
 - d_sub 1000 : OOB 0.3250 : L 94 : T 58.0 sec
 - d_sub 1000 : OOB 0.3250 : L 95 : T 59.3 sec
 - d_sub 1000 : OOB 0.3252 : L 96 : T 60.9 sec
 - d_sub 1000 : OOB 0.3235 : L 97 : T 63.1 sec
 - d_sub 1000 : OOB 0.3247 : L 98 : T 64.0 sec
 - d_sub 1000 : OOB 0.3235 : L 99 : T 65.1 sec
 - d_sub 1000 : OOB 0.3236 : L 100 : T 66.6 sec
 - d_sub 1000 : OOB 0.3243 : L 101 : T 69.1 sec
 - d_sub 1000 : OOB 0.3240 : L 102 : T 70.7 sec
 - d_sub 1000 : OOB 0.3252 : L 103 : T 71.9 sec
 - d_sub 1000 : OOB 0.3245 : L 104 : T 73.0 sec
 - d_sub 1000 : OOB 0.3224 : L 105 : T 73.2 sec
 - d_sub 1000 : OOB 0.3219 : L 106 : T 73.5 sec
 - d_sub 1000 : OOB 0.3238 : L 107 : T 73.7 sec
 - d_sub 1000 : OOB 0.3239 : L 108 : T 74.0 sec
 - d_sub 1000 : OOB 0.3234 : L 109 : T 74.2 sec
 - d_sub 1000 : OOB 0.3240 : L 110 : T 74.4 sec
 - d_sub 1000 : OOB 0.3241 : L 111 : T 74.7 sec
 - d_sub 1000 : OOB 0.3238 : L 112 : T 74.9 sec
 - d_sub 1000 : OOB 0.3220 : L 113 : T 75.1 sec
 - d_sub 1000 : OOB 0.3222 : L 114 : T 75.3 sec
 - d_sub 1000 : OOB 0.3233 : L 115 : T 75.5 sec
 - d_sub 1000 : OOB 0.3225 : L 116 : T 75.7 sec
 - d_sub 1000 : OOB 0.3236 : L 117 : T 76.0 sec

 - d_sub 1200 : OOB 0.4498 : L 1 : T 1.2 sec
 - d_sub 1200 : OOB 0.4157 : L 2 : T 1.5 sec
 - d_sub 1200 : OOB 0.3986 : L 3 : T 3.3 sec
 - d_sub 1200 : OOB 0.3880 : L 4 : T 5.1 sec
 - d_sub 1200 : OOB 0.3729 : L 5 : T 6.9 sec
 - d_sub 1200 : OOB 0.3660 : L 6 : T 8.6 sec
 - d_sub 1200 : OOB 0.3662 : L 7 : T 10.5 sec
 - d_sub 1200 : OOB 0.3615 : L 8 : T 10.8 sec
 - d_sub 1200 : OOB 0.3563 : L 9 : T 11.8 sec
 - d_sub 1200 : OOB 0.3529 : L 10 : T 13.2 sec
 - d_sub 1200 : OOB 0.3509 : L 11 : T 15.4 sec
 - d_sub 1200 : OOB 0.3516 : L 12 : T 17.4 sec
 - d_sub 1200 : OOB 0.3448 : L 13 : T 18.1 sec
 - d_sub 1200 : OOB 0.3470 : L 14 : T 19.4 sec
 - d_sub 1200 : OOB 0.3416 : L 15 : T 20.4 sec
 - d_sub 1200 : OOB 0.3400 : L 16 : T 20.9 sec
 - d_sub 1200 : OOB 0.3399 : L 17 : T 22.1 sec
 - d_sub 1200 : OOB 0.3432 : L 18 : T 23.9 sec
 - d_sub 1200 : OOB 0.3450 : L 19 : T 24.2 sec
 - d_sub 1200 : OOB 0.3407 : L 20 : T 24.5 sec
 - d_sub 1200 : OOB 0.3413 : L 21 : T 24.7 sec
 - d_sub 1200 : OOB 0.3419 : L 22 : T 26.6 sec
 - d_sub 1200 : OOB 0.3411 : L 23 : T 29.4 sec
 - d_sub 1200 : OOB 0.3397 : L 24 : T 31.1 sec
 - d_sub 1200 : OOB 0.3395 : L 25 : T 32.5 sec
 - d_sub 1200 : OOB 0.3376 : L 26 : T 34.8 sec
 - d_sub 1200 : OOB 0.3369 : L 27 : T 35.0 sec
 - d_sub 1200 : OOB 0.3381 : L 28 : T 37.1 sec
 - d_sub 1200 : OOB 0.3362 : L 29 : T 38.1 sec
 - d_sub 1200 : OOB 0.3364 : L 30 : T 40.1 sec
 - d_sub 1200 : OOB 0.3347 : L 31 : T 42.2 sec
 - d_sub 1200 : OOB 0.3351 : L 32 : T 42.4 sec
 - d_sub 1200 : OOB 0.3337 : L 33 : T 43.3 sec
 - d_sub 1200 : OOB 0.3335 : L 34 : T 43.5 sec
 - d_sub 1200 : OOB 0.3338 : L 35 : T 43.7 sec
 - d_sub 1200 : OOB 0.3344 : L 36 : T 44.0 sec
 - d_sub 1200 : OOB 0.3357 : L 37 : T 44.2 sec
 - d_sub 1200 : OOB 0.3330 : L 38 : T 44.5 sec
 - d_sub 1200 : OOB 0.3343 : L 39 : T 44.7 sec
 - d_sub 1200 : OOB 0.3338 : L 40 : T 44.9 sec
 - d_sub 1200 : OOB 0.3323 : L 41 : T 45.2 sec
 - d_sub 1200 : OOB 0.3314 : L 42 : T 45.4 sec
 - d_sub 1200 : OOB 0.3311 : L 43 : T 45.6 sec
 - d_sub 1200 : OOB 0.3314 : L 44 : T 45.8 sec
 - d_sub 1200 : OOB 0.3325 : L 45 : T 46.1 sec
 - d_sub 1200 : OOB 0.3312 : L 46 : T 46.3 sec
 - d_sub 1200 : OOB 0.3337 : L 47 : T 46.6 sec
 - d_sub 1200 : OOB 0.3326 : L 48 : T 46.8 sec
 - d_sub 1200 : OOB 0.3306 : L 49 : T 47.1 sec
 - d_sub 1200 : OOB 0.3310 : L 50 : T 47.4 sec
 - d_sub 1200 : OOB 0.3308 : L 51 : T 47.7 sec
 - d_sub 1200 : OOB 0.3301 : L 52 : T 48.0 sec
 - d_sub 1200 : OOB 0.3287 : L 53 : T 48.2 sec
 - d_sub 1200 : OOB 0.3292 : L 54 : T 48.5 sec
 - d_sub 1200 : OOB 0.3314 : L 55 : T 48.8 sec
 - d_sub 1200 : OOB 0.3302 : L 56 : T 49.1 sec
 - d_sub 1200 : OOB 0.3294 : L 57 : T 51.0 sec
 - d_sub 1200 : OOB 0.3302 : L 58 : T 54.2 sec
 - d_sub 1200 : OOB 0.3305 : L 59 : T 57.9 sec
 - d_sub 1200 : OOB 0.3315 : L 60 : T 59.0 sec
 - d_sub 1200 : OOB 0.3307 : L 61 : T 60.0 sec
 - d_sub 1200 : OOB 0.3326 : L 62 : T 61.6 sec
 - d_sub 1200 : OOB 0.3317 : L 63 : T 62.8 sec
 - d_sub 1200 : OOB 0.3295 : L 64 : T 63.8 sec
 - d_sub 1200 : OOB 0.3308 : L 65 : T 64.9 sec
 - d_sub 1200 : OOB 0.3306 : L 66 : T 66.9 sec
 - d_sub 1200 : OOB 0.3285 : L 67 : T 67.2 sec
 - d_sub 1200 : OOB 0.3297 : L 68 : T 67.5 sec
 - d_sub 1200 : OOB 0.3286 : L 69 : T 68.6 sec
 - d_sub 1200 : OOB 0.3278 : L 70 : T 70.0 sec
 - d_sub 1200 : OOB 0.3274 : L 71 : T 72.8 sec
 - d_sub 1200 : OOB 0.3264 : L 72 : T 75.1 sec
 - d_sub 1200 : OOB 0.3289 : L 73 : T 76.9 sec
 - d_sub 1200 : OOB 0.3270 : L 74 : T 79.1 sec
 - d_sub 1200 : OOB 0.3282 : L 75 : T 80.8 sec
 - d_sub 1200 : OOB 0.3290 : L 76 : T 82.6 sec
 - d_sub 1200 : OOB 0.3283 : L 77 : T 84.8 sec
 - d_sub 1200 : OOB 0.3279 : L 78 : T 87.0 sec
 - d_sub 1200 : OOB 0.3272 : L 79 : T 88.9 sec
 - d_sub 1200 : OOB 0.3284 : L 80 : T 92.4 sec
 - d_sub 1200 : OOB 0.3290 : L 81 : T 92.7 sec
 - d_sub 1200 : OOB 0.3285 : L 82 : T 93.0 sec
 - d_sub 1200 : OOB 0.3280 : L 83 : T 95.3 sec
 - d_sub 1200 : OOB 0.3262 : L 84 : T 95.5 sec
 - d_sub 1200 : OOB 0.3276 : L 85 : T 98.4 sec
 - d_sub 1200 : OOB 0.3266 : L 86 : T 101.5 sec
 - d_sub 1200 : OOB 0.3279 : L 87 : T 104.4 sec
 - d_sub 1200 : OOB 0.3268 : L 88 : T 104.6 sec
 - d_sub 1200 : OOB 0.3293 : L 89 : T 107.8 sec
 - d_sub 1200 : OOB 0.3288 : L 90 : T 109.7 sec
 - d_sub 1200 : OOB 0.3265 : L 91 : T 110.7 sec
 - d_sub 1200 : OOB 0.3282 : L 92 : T 111.0 sec
 - d_sub 1200 : OOB 0.3278 : L 93 : T 112.5 sec
 - d_sub 1200 : OOB 0.3278 : L 94 : T 113.5 sec
 - d_sub 1200 : OOB 0.3279 : L 95 : T 113.7 sec

 - d_sub 1400 : OOB 0.4498 : L 1 : T 3.1 sec
 - d_sub 1400 : OOB 0.4185 : L 2 : T 3.4 sec
 - d_sub 1400 : OOB 0.4016 : L 3 : T 4.4 sec
 - d_sub 1400 : OOB 0.3920 : L 4 : T 6.2 sec
 - d_sub 1400 : OOB 0.3786 : L 5 : T 8.4 sec
 - d_sub 1400 : OOB 0.3698 : L 6 : T 12.7 sec
 - d_sub 1400 : OOB 0.3687 : L 7 : T 15.3 sec
 - d_sub 1400 : OOB 0.3637 : L 8 : T 17.2 sec
 - d_sub 1400 : OOB 0.3607 : L 9 : T 17.5 sec
 - d_sub 1400 : OOB 0.3562 : L 10 : T 17.9 sec
 - d_sub 1400 : OOB 0.3501 : L 11 : T 20.4 sec
 - d_sub 1400 : OOB 0.3497 : L 12 : T 21.3 sec
 - d_sub 1400 : OOB 0.3412 : L 13 : T 24.8 sec
 - d_sub 1400 : OOB 0.3440 : L 14 : T 27.2 sec
 - d_sub 1400 : OOB 0.3403 : L 15 : T 28.8 sec
 - d_sub 1400 : OOB 0.3398 : L 16 : T 31.6 sec
 - d_sub 1400 : OOB 0.3378 : L 17 : T 32.8 sec
 - d_sub 1400 : OOB 0.3365 : L 18 : T 38.6 sec
 - d_sub 1400 : OOB 0.3370 : L 19 : T 41.2 sec
 - d_sub 1400 : OOB 0.3366 : L 20 : T 42.9 sec
 - d_sub 1400 : OOB 0.3380 : L 21 : T 45.3 sec
 - d_sub 1400 : OOB 0.3341 : L 22 : T 47.9 sec
 - d_sub 1400 : OOB 0.3344 : L 23 : T 49.7 sec
 - d_sub 1400 : OOB 0.3328 : L 24 : T 50.0 sec
 - d_sub 1400 : OOB 0.3322 : L 25 : T 52.8 sec
 - d_sub 1400 : OOB 0.3330 : L 26 : T 54.8 sec
 - d_sub 1400 : OOB 0.3311 : L 27 : T 59.1 sec
 - d_sub 1400 : OOB 0.3294 : L 28 : T 62.6 sec
 - d_sub 1400 : OOB 0.3296 : L 29 : T 64.2 sec
 - d_sub 1400 : OOB 0.3289 : L 30 : T 67.5 sec
 - d_sub 1400 : OOB 0.3306 : L 31 : T 70.9 sec
 - d_sub 1400 : OOB 0.3304 : L 32 : T 75.6 sec
 - d_sub 1400 : OOB 0.3294 : L 33 : T 75.9 sec
 - d_sub 1400 : OOB 0.3288 : L 34 : T 76.2 sec
 - d_sub 1400 : OOB 0.3283 : L 35 : T 79.9 sec
 - d_sub 1400 : OOB 0.3273 : L 36 : T 80.2 sec
 - d_sub 1400 : OOB 0.3247 : L 37 : T 81.1 sec
 - d_sub 1400 : OOB 0.3271 : L 38 : T 83.6 sec
 - d_sub 1400 : OOB 0.3249 : L 39 : T 87.1 sec
 - d_sub 1400 : OOB 0.3270 : L 40 : T 89.0 sec
 - d_sub 1400 : OOB 0.3269 : L 41 : T 92.1 sec
 - d_sub 1400 : OOB 0.3251 : L 42 : T 92.4 sec
 - d_sub 1400 : OOB 0.3252 : L 43 : T 93.5 sec
 - d_sub 1400 : OOB 0.3256 : L 44 : T 93.8 sec
 - d_sub 1400 : OOB 0.3258 : L 45 : T 94.1 sec
 - d_sub 1400 : OOB 0.3276 : L 46 : T 94.5 sec
 - d_sub 1400 : OOB 0.3268 : L 47 : T 96.5 sec
 - d_sub 1400 : OOB 0.3257 : L 48 : T 97.6 sec
 - d_sub 1400 : OOB 0.3243 : L 49 : T 98.0 sec
 - d_sub 1400 : OOB 0.3247 : L 50 : T 99.9 sec
 - d_sub 1400 : OOB 0.3260 : L 51 : T 100.3 sec
 - d_sub 1400 : OOB 0.3270 : L 52 : T 100.7 sec
 - d_sub 1400 : OOB 0.3274 : L 53 : T 102.8 sec
 - d_sub 1400 : OOB 0.3256 : L 54 : T 104.9 sec
 - d_sub 1400 : OOB 0.3272 : L 55 : T 105.3 sec
 - d_sub 1400 : OOB 0.3278 : L 56 : T 110.8 sec
 - d_sub 1400 : OOB 0.3286 : L 57 : T 113.4 sec
 - d_sub 1400 : OOB 0.3301 : L 58 : T 113.7 sec
 - d_sub 1400 : OOB 0.3277 : L 59 : T 114.1 sec
 - d_sub 1400 : OOB 0.3290 : L 60 : T 114.4 sec
 - d_sub 1400 : OOB 0.3293 : L 61 : T 115.8 sec
 - d_sub 1400 : OOB 0.3286 : L 62 : T 116.1 sec
 - d_sub 1400 : OOB 0.3275 : L 63 : T 116.5 sec
 - d_sub 1400 : OOB 0.3258 : L 64 : T 116.8 sec
 - d_sub 1400 : OOB 0.3252 : L 65 : T 118.5 sec
 - d_sub 1400 : OOB 0.3260 : L 66 : T 118.8 sec
 - d_sub 1400 : OOB 0.3250 : L 67 : T 122.0 sec
 - d_sub 1400 : OOB 0.3262 : L 68 : T 123.3 sec
 - d_sub 1400 : OOB 0.3244 : L 69 : T 125.5 sec
 - d_sub 1400 : OOB 0.3257 : L 70 : T 127.7 sec
 - d_sub 1400 : OOB 0.3250 : L 71 : T 128.0 sec
 - d_sub 1400 : OOB 0.3244 : L 72 : T 128.4 sec
 - d_sub 1400 : OOB 0.3237 : L 73 : T 129.7 sec
 - d_sub 1400 : OOB 0.3246 : L 74 : T 130.0 sec
 - d_sub 1400 : OOB 0.3231 : L 75 : T 132.0 sec
 - d_sub 1400 : OOB 0.3247 : L 76 : T 132.3 sec
 - d_sub 1400 : OOB 0.3247 : L 77 : T 133.0 sec
 - d_sub 1400 : OOB 0.3245 : L 78 : T 136.3 sec
 - d_sub 1400 : OOB 0.3238 : L 79 : T 138.6 sec
 - d_sub 1400 : OOB 0.3252 : L 80 : T 139.0 sec
 - d_sub 1400 : OOB 0.3236 : L 81 : T 140.2 sec

 - d_sub 900 : OOB 0.4522 : L 1 : T 0.2 sec
 - d_sub 900 : OOB 0.4189 : L 2 : T 0.5 sec
 - d_sub 900 : OOB 0.4027 : L 3 : T 0.7 sec
 - d_sub 900 : OOB 0.3907 : L 4 : T 0.9 sec
 - d_sub 900 : OOB 0.3781 : L 5 : T 1.1 sec
 - d_sub 900 : OOB 0.3772 : L 6 : T 1.3 sec
 - d_sub 900 : OOB 0.3674 : L 7 : T 1.5 sec
 - d_sub 900 : OOB 0.3606 : L 8 : T 1.7 sec
 - d_sub 900 : OOB 0.3584 : L 9 : T 1.8 sec
 - d_sub 900 : OOB 0.3562 : L 10 : T 2.0 sec
 - d_sub 900 : OOB 0.3496 : L 11 : T 2.2 sec
 - d_sub 900 : OOB 0.3495 : L 12 : T 2.4 sec
 - d_sub 900 : OOB 0.3502 : L 13 : T 2.6 sec
 - d_sub 900 : OOB 0.3443 : L 14 : T 2.8 sec
 - d_sub 900 : OOB 0.3472 : L 15 : T 3.0 sec
 - d_sub 900 : OOB 0.3415 : L 16 : T 3.2 sec
 - d_sub 900 : OOB 0.3447 : L 17 : T 3.4 sec
 - d_sub 900 : OOB 0.3432 : L 18 : T 3.6 sec
 - d_sub 900 : OOB 0.3419 : L 19 : T 4.8 sec
 - d_sub 900 : OOB 0.3403 : L 20 : T 5.8 sec
 - d_sub 900 : OOB 0.3416 : L 21 : T 6.0 sec
 - d_sub 900 : OOB 0.3411 : L 22 : T 6.3 sec
 - d_sub 900 : OOB 0.3400 : L 23 : T 6.5 sec
 - d_sub 900 : OOB 0.3394 : L 24 : T 6.7 sec
 - d_sub 900 : OOB 0.3393 : L 25 : T 7.0 sec
 - d_sub 900 : OOB 0.3381 : L 26 : T 7.8 sec
 - d_sub 900 : OOB 0.3378 : L 27 : T 7.9 sec
 - d_sub 900 : OOB 0.3379 : L 28 : T 8.1 sec
 - d_sub 900 : OOB 0.3391 : L 29 : T 9.3 sec
 - d_sub 900 : OOB 0.3351 : L 30 : T 10.5 sec
 - d_sub 900 : OOB 0.3341 : L 31 : T 11.7 sec
 - d_sub 900 : OOB 0.3352 : L 32 : T 12.0 sec
 - d_sub 900 : OOB 0.3356 : L 33 : T 12.8 sec
 - d_sub 900 : OOB 0.3343 : L 34 : T 13.6 sec
 - d_sub 900 : OOB 0.3356 : L 35 : T 13.8 sec
 - d_sub 900 : OOB 0.3330 : L 36 : T 14.0 sec
 - d_sub 900 : OOB 0.3311 : L 37 : T 14.2 sec
 - d_sub 900 : OOB 0.3330 : L 38 : T 14.3 sec
 - d_sub 900 : OOB 0.3339 : L 39 : T 14.5 sec
 - d_sub 900 : OOB 0.3344 : L 40 : T 14.7 sec
 - d_sub 900 : OOB 0.3341 : L 41 : T 15.1 sec
 - d_sub 900 : OOB 0.3335 : L 42 : T 16.0 sec
 - d_sub 900 : OOB 0.3337 : L 43 : T 16.9 sec
 - d_sub 900 : OOB 0.3319 : L 44 : T 17.7 sec
 - d_sub 900 : OOB 0.3314 : L 45 : T 18.6 sec
 - d_sub 900 : OOB 0.3319 : L 46 : T 18.8 sec
 - d_sub 900 : OOB 0.3319 : L 47 : T 20.1 sec
 - d_sub 900 : OOB 0.3304 : L 48 : T 21.4 sec
 - d_sub 900 : OOB 0.3332 : L 49 : T 22.0 sec
 - d_sub 900 : OOB 0.3312 : L 50 : T 23.3 sec
 - d_sub 900 : OOB 0.3327 : L 51 : T 23.5 sec
 - d_sub 900 : OOB 0.3325 : L 52 : T 24.2 sec
 - d_sub 900 : OOB 0.3323 : L 53 : T 25.5 sec
 - d_sub 900 : OOB 0.3327 : L 54 : T 26.5 sec
 - d_sub 900 : OOB 0.3326 : L 55 : T 27.5 sec
 - d_sub 900 : OOB 0.3347 : L 56 : T 28.2 sec
 - d_sub 900 : OOB 0.3325 : L 57 : T 29.1 sec
 - d_sub 900 : OOB 0.3300 : L 58 : T 29.3 sec
 - d_sub 900 : OOB 0.3296 : L 59 : T 29.5 sec
 - d_sub 900 : OOB 0.3311 : L 60 : T 29.8 sec
 - d_sub 900 : OOB 0.3319 : L 61 : T 30.0 sec
 - d_sub 900 : OOB 0.3323 : L 62 : T 30.2 sec
 - d_sub 900 : OOB 0.3324 : L 63 : T 30.4 sec
 - d_sub 900 : OOB 0.3307 : L 64 : T 30.6 sec
 - d_sub 900 : OOB 0.3322 : L 65 : T 30.8 sec
 - d_sub 900 : OOB 0.3336 : L 66 : T 31.2 sec
 - d_sub 900 : OOB 0.3334 : L 67 : T 31.4 sec
 - d_sub 900 : OOB 0.3310 : L 68 : T 31.6 sec
 - d_sub 900 : OOB 0.3317 : L 69 : T 31.8 sec
 - d_sub 900 : OOB 0.3314 : L 70 : T 31.9 sec
 - d_sub 900 : OOB 0.3323 : L 71 : T 32.1 sec
 - d_sub 900 : OOB 0.3330 : L 72 : T 32.3 sec
 - d_sub 900 : OOB 0.3328 : L 73 : T 32.5 sec
 - d_sub 900 : OOB 0.3320 : L 74 : T 32.7 sec
 - d_sub 900 : OOB 0.3314 : L 75 : T 32.9 sec
 - d_sub 900 : OOB 0.3323 : L 76 : T 33.1 sec
 - d_sub 900 : OOB 0.3322 : L 77 : T 33.3 sec
 - d_sub 900 : OOB 0.3325 : L 78 : T 33.4 sec

 - d_sub 1100 : OOB 0.4491 : L 1 : T 1.6 sec
 - d_sub 1100 : OOB 0.4148 : L 2 : T 1.8 sec
 - d_sub 1100 : OOB 0.3986 : L 3 : T 2.1 sec
 - d_sub 1100 : OOB 0.3891 : L 4 : T 2.3 sec
 - d_sub 1100 : OOB 0.3768 : L 5 : T 2.6 sec
 - d_sub 1100 : OOB 0.3697 : L 6 : T 2.8 sec
 - d_sub 1100 : OOB 0.3677 : L 7 : T 3.0 sec
 - d_sub 1100 : OOB 0.3581 : L 8 : T 3.3 sec
 - d_sub 1100 : OOB 0.3577 : L 9 : T 3.5 sec
 - d_sub 1100 : OOB 0.3565 : L 10 : T 3.8 sec
 - d_sub 1100 : OOB 0.3526 : L 11 : T 4.1 sec
 - d_sub 1100 : OOB 0.3547 : L 12 : T 4.4 sec
 - d_sub 1100 : OOB 0.3466 : L 13 : T 4.6 sec
 - d_sub 1100 : OOB 0.3498 : L 14 : T 4.9 sec
 - d_sub 1100 : OOB 0.3449 : L 15 : T 5.1 sec
 - d_sub 1100 : OOB 0.3467 : L 16 : T 5.3 sec
 - d_sub 1100 : OOB 0.3443 : L 17 : T 5.6 sec
 - d_sub 1100 : OOB 0.3403 : L 18 : T 5.8 sec
 - d_sub 1100 : OOB 0.3421 : L 19 : T 6.1 sec
 - d_sub 1100 : OOB 0.3395 : L 20 : T 6.3 sec
 - d_sub 1100 : OOB 0.3409 : L 21 : T 6.5 sec
 - d_sub 1100 : OOB 0.3385 : L 22 : T 6.7 sec
 - d_sub 1100 : OOB 0.3391 : L 23 : T 7.0 sec
 - d_sub 1100 : OOB 0.3368 : L 24 : T 7.2 sec
 - d_sub 1100 : OOB 0.3375 : L 25 : T 7.5 sec
 - d_sub 1100 : OOB 0.3380 : L 26 : T 7.7 sec
 - d_sub 1100 : OOB 0.3350 : L 27 : T 7.9 sec
 - d_sub 1100 : OOB 0.3352 : L 28 : T 8.2 sec
 - d_sub 1100 : OOB 0.3333 : L 29 : T 8.5 sec
 - d_sub 1100 : OOB 0.3326 : L 30 : T 8.8 sec
 - d_sub 1100 : OOB 0.3362 : L 31 : T 9.0 sec
 - d_sub 1100 : OOB 0.3346 : L 32 : T 9.3 sec
 - d_sub 1100 : OOB 0.3360 : L 33 : T 9.5 sec
 - d_sub 1100 : OOB 0.3347 : L 34 : T 9.8 sec
 - d_sub 1100 : OOB 0.3350 : L 35 : T 10.1 sec
 - d_sub 1100 : OOB 0.3337 : L 36 : T 10.3 sec
 - d_sub 1100 : OOB 0.3319 : L 37 : T 10.6 sec
 - d_sub 1100 : OOB 0.3341 : L 38 : T 10.9 sec
 - d_sub 1100 : OOB 0.3340 : L 39 : T 11.1 sec
 - d_sub 1100 : OOB 0.3336 : L 40 : T 11.4 sec
 - d_sub 1100 : OOB 0.3348 : L 41 : T 11.7 sec
 - d_sub 1100 : OOB 0.3326 : L 42 : T 12.2 sec
 - d_sub 1100 : OOB 0.3334 : L 43 : T 12.5 sec
 - d_sub 1100 : OOB 0.3319 : L 44 : T 12.7 sec
 - d_sub 1100 : OOB 0.3326 : L 45 : T 13.0 sec
 - d_sub 1100 : OOB 0.3329 : L 46 : T 13.3 sec
 - d_sub 1100 : OOB 0.3318 : L 47 : T 13.5 sec
 - d_sub 1100 : OOB 0.3315 : L 48 : T 13.8 sec
 - d_sub 1100 : OOB 0.3333 : L 49 : T 14.0 sec
 - d_sub 1100 : OOB 0.3323 : L 50 : T 14.3 sec
 - d_sub 1100 : OOB 0.3322 : L 51 : T 14.6 sec
 - d_sub 1100 : OOB 0.3301 : L 52 : T 14.8 sec
 - d_sub 1100 : OOB 0.3321 : L 53 : T 15.1 sec
 - d_sub 1100 : OOB 0.3333 : L 54 : T 15.4 sec
 - d_sub 1100 : OOB 0.3334 : L 55 : T 15.6 sec
 - d_sub 1100 : OOB 0.3310 : L 56 : T 15.8 sec
 - d_sub 1100 : OOB 0.3305 : L 57 : T 16.1 sec
 - d_sub 1100 : OOB 0.3314 : L 58 : T 16.3 sec
 - d_sub 1100 : OOB 0.3322 : L 59 : T 16.6 sec
 - d_sub 1100 : OOB 0.3321 : L 60 : T 16.8 sec
 - d_sub 1100 : OOB 0.3338 : L 61 : T 17.0 sec
 - d_sub 1100 : OOB 0.3342 : L 62 : T 17.3 sec
 - d_sub 1100 : OOB 0.3311 : L 63 : T 17.5 sec
 - d_sub 1100 : OOB 0.3324 : L 64 : T 17.8 sec
 - d_sub 1100 : OOB 0.3302 : L 65 : T 18.0 sec
 - d_sub 1100 : OOB 0.3280 : L 66 : T 18.3 sec
 - d_sub 1100 : OOB 0.3296 : L 67 : T 18.5 sec
 - d_sub 1100 : OOB 0.3283 : L 68 : T 18.7 sec
 - d_sub 1100 : OOB 0.3272 : L 69 : T 19.0 sec
 - d_sub 1100 : OOB 0.3291 : L 70 : T 19.2 sec
 - d_sub 1100 : OOB 0.3287 : L 71 : T 19.5 sec
 - d_sub 1100 : OOB 0.3294 : L 72 : T 19.7 sec
 - d_sub 1100 : OOB 0.3301 : L 73 : T 20.0 sec
 - d_sub 1100 : OOB 0.3286 : L 74 : T 20.2 sec
 - d_sub 1100 : OOB 0.3297 : L 75 : T 20.5 sec
 - d_sub 1100 : OOB 0.3281 : L 76 : T 20.8 sec
 - d_sub 1100 : OOB 0.3276 : L 77 : T 21.0 sec
 - d_sub 1100 : OOB 0.3268 : L 78 : T 21.3 sec
 - d_sub 1100 : OOB 0.3286 : L 79 : T 21.5 sec
 - d_sub 1100 : OOB 0.3299 : L 80 : T 21.7 sec
 - d_sub 1100 : OOB 0.3302 : L 81 : T 22.0 sec
 - d_sub 1100 : OOB 0.3304 : L 82 : T 22.2 sec
 - d_sub 1100 : OOB 0.3296 : L 83 : T 22.5 sec
 - d_sub 1100 : OOB 0.3292 : L 84 : T 22.7 sec
 - d_sub 1100 : OOB 0.3294 : L 85 : T 23.0 sec
 - d_sub 1100 : OOB 0.3293 : L 86 : T 23.2 sec
 - d_sub 1100 : OOB 0.3287 : L 87 : T 23.4 sec
 - d_sub 1100 : OOB 0.3288 : L 88 : T 23.7 sec
 - d_sub 1100 : OOB 0.3284 : L 89 : T 23.9 sec
 - d_sub 1100 : OOB 0.3286 : L 90 : T 24.1 sec
# -------------------------
optimal d_sub 1000 : OOB 0.3236 : L 117 : T 420.8 sec
Testing error: 0.3321
# -------------------------
# Ensemble classification
#  - Training samples: 10000 (5000/5000)
#  - Feature-space dimensionality: 18157
#  - L : automatic (min 25, max 500, length 50, eps 0.00500)
#  - d_sub : 300
#  - Seed 1 (subspaces) : 883709198
#  - Seed 2 (bootstrap) : 57261599
# -------------------------

 - d_sub 300 : OOB 0.4603 : L 1 : T 0.1 sec
 - d_sub 300 : OOB 0.4290 : L 2 : T 0.1 sec
 - d_sub 300 : OOB 0.4167 : L 3 : T 0.2 sec
 - d_sub 300 : OOB 0.4121 : L 4 : T 0.2 sec
 - d_sub 300 : OOB 0.3982 : L 5 : T 0.3 sec
 - d_sub 300 : OOB 0.3925 : L 6 : T 0.3 sec
 - d_sub 300 : OOB 0.3946 : L 7 : T 0.4 sec
 - d_sub 300 : OOB 0.3867 : L 8 : T 0.4 sec
 - d_sub 300 : OOB 0.3872 : L 9 : T 0.5 sec
 - d_sub 300 : OOB 0.3846 : L 10 : T 0.5 sec
 - d_sub 300 : OOB 0.3827 : L 11 : T 0.6 sec
 - d_sub 300 : OOB 0.3820 : L 12 : T 0.6 sec
 - d_sub 300 : OOB 0.3767 : L 13 : T 0.6 sec
 - d_sub 300 : OOB 0.3779 : L 14 : T 0.7 sec
 - d_sub 300 : OOB 0.3726 : L 15 : T 0.8 sec
 - d_sub 300 : OOB 0.3745 : L 16 : T 0.8 sec
 - d_sub 300 : OOB 0.3753 : L 17 : T 0.8 sec
 - d_sub 300 : OOB 0.3734 : L 18 : T 0.9 sec
 - d_sub 300 : OOB 0.3741 : L 19 : T 0.9 sec
 - d_sub 300 : OOB 0.3702 : L 20 : T 1.0 sec
 - d_sub 300 : OOB 0.3735 : L 21 : T 1.0 sec
 - d_sub 300 : OOB 0.3715 : L 22 : T 1.1 sec
 - d_sub 300 : OOB 0.3717 : L 23 : T 1.1 sec
 - d_sub 300 : OOB 0.3706 : L 24 : T 1.2 sec
 - d_sub 300 : OOB 0.3715 : L 25 : T 1.2 sec
 - d_sub 300 : OOB 0.3741 : L 26 : T 1.3 sec
 - d_sub 300 : OOB 0.3734 : L 27 : T 1.3 sec
 - d_sub 300 : OOB 0.3697 : L 28 : T 1.4 sec
 - d_sub 300 : OOB 0.3700 : L 29 : T 1.4 sec
 - d_sub 300 : OOB 0.3688 : L 30 : T 1.5 sec
 - d_sub 300 : OOB 0.3681 : L 31 : T 1.5 sec
 - d_sub 300 : OOB 0.3704 : L 32 : T 1.6 sec
 - d_sub 300 : OOB 0.3701 : L 33 : T 1.6 sec
 - d_sub 300 : OOB 0.3695 : L 34 : T 1.7 sec
 - d_sub 300 : OOB 0.3682 : L 35 : T 1.7 sec
 - d_sub 300 : OOB 0.3676 : L 36 : T 1.8 sec
 - d_sub 300 : OOB 0.3683 : L 37 : T 1.8 sec
 - d_sub 300 : OOB 0.3687 : L 38 : T 1.8 sec
 - d_sub 300 : OOB 0.3690 : L 39 : T 1.9 sec
 - d_sub 300 : OOB 0.3665 : L 40 : T 1.9 sec
 - d_sub 300 : OOB 0.3672 : L 41 : T 2.0 sec
 - d_sub 300 : OOB 0.3684 : L 42 : T 2.0 sec
 - d_sub 300 : OOB 0.3676 : L 43 : T 2.1 sec
 - d_sub 300 : OOB 0.3682 : L 44 : T 2.1 sec
 - d_sub 300 : OOB 0.3696 : L 45 : T 2.2 sec
 - d_sub 300 : OOB 0.3689 : L 46 : T 2.2 sec
 - d_sub 300 : OOB 0.3666 : L 47 : T 2.3 sec
 - d_sub 300 : OOB 0.3663 : L 48 : T 2.3 sec
 - d_sub 300 : OOB 0.3663 : L 49 : T 2.5 sec
 - d_sub 300 : OOB 0.3666 : L 50 : T 2.6 sec
 - d_sub 300 : OOB 0.3674 : L 51 : T 2.6 sec
 - d_sub 300 : OOB 0.3665 : L 52 : T 2.7 sec
 - d_sub 300 : OOB 0.3680 : L 53 : T 2.7 sec
 - d_sub 300 : OOB 0.3666 : L 54 : T 2.8 sec
 - d_sub 300 : OOB 0.3666 : L 55 : T 2.8 sec
 - d_sub 300 : OOB 0.3668 : L 56 : T 2.9 sec
 - d_sub 300 : OOB 0.3668 : L 57 : T 2.9 sec
 - d_sub 300 : OOB 0.3677 : L 58 : T 3.0 sec
 - d_sub 300 : OOB 0.3673 : L 59 : T 3.0 sec
 - d_sub 300 : OOB 0.3655 : L 60 : T 3.1 sec
 - d_sub 300 : OOB 0.3659 : L 61 : T 3.1 sec
 - d_sub 300 : OOB 0.3645 : L 62 : T 3.2 sec
 - d_sub 300 : OOB 0.3676 : L 63 : T 3.2 sec
 - d_sub 300 : OOB 0.3679 : L 64 : T 3.3 sec
 - d_sub 300 : OOB 0.3660 : L 65 : T 3.3 sec
 - d_sub 300 : OOB 0.3672 : L 66 : T 3.4 sec
 - d_sub 300 : OOB 0.3654 : L 67 : T 3.4 sec
 - d_sub 300 : OOB 0.3662 : L 68 : T 3.5 sec
 - d_sub 300 : OOB 0.3648 : L 69 : T 3.5 sec
 - d_sub 300 : OOB 0.3653 : L 70 : T 3.6 sec
 - d_sub 300 : OOB 0.3647 : L 71 : T 3.6 sec
 - d_sub 300 : OOB 0.3654 : L 72 : T 3.7 sec
 - d_sub 300 : OOB 0.3659 : L 73 : T 3.7 sec
 - d_sub 300 : OOB 0.3670 : L 74 : T 3.8 sec
 - d_sub 300 : OOB 0.3654 : L 75 : T 3.8 sec
 - d_sub 300 : OOB 0.3635 : L 76 : T 3.9 sec
# -------------------------
optimal d_sub 300 : OOB 0.3635 : L 76 : T 3.9 sec
# -------------------------
# Ensemble classification
#  - Training samples: 10000 (5000/5000)
#  - Feature-space dimensionality: 18157
#  - L : 30
#  - d_sub : 300
#  - Seed 1 (subspaces) : 511496881
#  - Seed 2 (bootstrap) : 584979799
# -------------------------

 - d_sub 300 : OOB 0.4603 : L 1 : T 0.1 sec
 - d_sub 300 : OOB 0.4297 : L 2 : T 0.1 sec
 - d_sub 300 : OOB 0.4168 : L 3 : T 0.2 sec
 - d_sub 300 : OOB 0.4110 : L 4 : T 0.2 sec
 - d_sub 300 : OOB 0.4023 : L 5 : T 0.3 sec
 - d_sub 300 : OOB 0.3966 : L 6 : T 0.3 sec
 - d_sub 300 : OOB 0.3936 : L 7 : T 0.4 sec
 - d_sub 300 : OOB 0.3866 : L 8 : T 0.4 sec
 - d_sub 300 : OOB 0.3856 : L 9 : T 0.5 sec
 - d_sub 300 : OOB 0.3812 : L 10 : T 0.5 sec
 - d_sub 300 : OOB 0.3797 : L 11 : T 0.6 sec
 - d_sub 300 : OOB 0.3817 : L 12 : T 0.6 sec
 - d_sub 300 : OOB 0.3785 : L 13 : T 0.7 sec
 - d_sub 300 : OOB 0.3802 : L 14 : T 0.7 sec
 - d_sub 300 : OOB 0.3760 : L 15 : T 0.8 sec
 - d_sub 300 : OOB 0.3761 : L 16 : T 0.9 sec
 - d_sub 300 : OOB 0.3737 : L 17 : T 0.9 sec
 - d_sub 300 : OOB 0.3752 : L 18 : T 0.9 sec
 - d_sub 300 : OOB 0.3760 : L 19 : T 1.0 sec
 - d_sub 300 : OOB 0.3748 : L 20 : T 1.1 sec
 - d_sub 300 : OOB 0.3729 : L 21 : T 1.1 sec
 - d_sub 300 : OOB 0.3740 : L 22 : T 1.2 sec
 - d_sub 300 : OOB 0.3714 : L 23 : T 1.2 sec
 - d_sub 300 : OOB 0.3694 : L 24 : T 1.3 sec
 - d_sub 300 : OOB 0.3697 : L 25 : T 1.3 sec
 - d_sub 300 : OOB 0.3695 : L 26 : T 1.4 sec
 - d_sub 300 : OOB 0.3694 : L 27 : T 1.4 sec
 - d_sub 300 : OOB 0.3695 : L 28 : T 1.5 sec
 - d_sub 300 : OOB 0.3668 : L 29 : T 1.5 sec
 - d_sub 300 : OOB 0.3670 : L 30 : T 1.6 sec
# -------------------------
optimal d_sub 300 : OOB 0.3670 : L 30 : T 1.6 sec
# -------------------------
# Ensemble classification
#  - Training samples: 10000 (5000/5000)
#  - Feature-space dimensionality: 18157
#  - L : 30
#  - d_sub : 300
#  - Seed 1 (subspaces) : 456118937
#  - Seed 2 (bootstrap) : 732391809
# -------------------------

 - d_sub 300 : OOB 0.4578 : L 1 : T 0.1 sec
 - d_sub 300 : OOB 0.4329 : L 2 : T 0.1 sec
 - d_sub 300 : OOB 0.4183 : L 3 : T 0.2 sec
 - d_sub 300 : OOB 0.4111 : L 4 : T 0.2 sec
 - d_sub 300 : OOB 0.3992 : L 5 : T 0.3 sec
 - d_sub 300 : OOB 0.3954 : L 6 : T 0.3 sec
 - d_sub 300 : OOB 0.3886 : L 7 : T 0.4 sec
 - d_sub 300 : OOB 0.3859 : L 8 : T 0.5 sec
 - d_sub 300 : OOB 0.3867 : L 9 : T 0.5 sec
 - d_sub 300 : OOB 0.3840 : L 10 : T 0.6 sec
 - d_sub 300 : OOB 0.3806 : L 11 : T 0.6 sec
 - d_sub 300 : OOB 0.3802 : L 12 : T 0.6 sec
 - d_sub 300 : OOB 0.3769 : L 13 : T 0.7 sec
 - d_sub 300 : OOB 0.3803 : L 14 : T 0.8 sec
 - d_sub 300 : OOB 0.3743 : L 15 : T 0.8 sec
 - d_sub 300 : OOB 0.3756 : L 16 : T 0.9 sec
 - d_sub 300 : OOB 0.3713 : L 17 : T 0.9 sec
 - d_sub 300 : OOB 0.3729 : L 18 : T 0.9 sec
 - d_sub 300 : OOB 0.3729 : L 19 : T 1.0 sec
 - d_sub 300 : OOB 0.3718 : L 20 : T 1.0 sec
 - d_sub 300 : OOB 0.3702 : L 21 : T 1.1 sec
 - d_sub 300 : OOB 0.3698 : L 22 : T 1.1 sec
 - d_sub 300 : OOB 0.3718 : L 23 : T 1.2 sec
 - d_sub 300 : OOB 0.3716 : L 24 : T 1.3 sec
 - d_sub 300 : OOB 0.3704 : L 25 : T 1.3 sec
 - d_sub 300 : OOB 0.3705 : L 26 : T 1.4 sec
 - d_sub 300 : OOB 0.3705 : L 27 : T 1.4 sec
 - d_sub 300 : OOB 0.3710 : L 28 : T 1.5 sec
 - d_sub 300 : OOB 0.3698 : L 29 : T 1.5 sec
 - d_sub 300 : OOB 0.3676 : L 30 : T 1.6 sec
# -------------------------
optimal d_sub 300 : OOB 0.3676 : L 30 : T 1.6 sec
# -------------------------
# Ensemble classification
#  - Training samples: 10000 (5000/5000)
#  - Feature-space dimensionality: 18157
#  - L : 30
#  - d_sub : 300
#  - Seed 1 (subspaces) : 858542838
#  - Seed 2 (bootstrap) : 161028772
# -------------------------

 - d_sub 300 : OOB 0.4577 : L 1 : T 0.0 sec
 - d_sub 300 : OOB 0.4324 : L 2 : T 0.1 sec
 - d_sub 300 : OOB 0.4241 : L 3 : T 0.2 sec
 - d_sub 300 : OOB 0.4142 : L 4 : T 0.2 sec
 - d_sub 300 : OOB 0.3986 : L 5 : T 0.3 sec
 - d_sub 300 : OOB 0.3953 : L 6 : T 0.3 sec
 - d_sub 300 : OOB 0.3960 : L 7 : T 0.4 sec
 - d_sub 300 : OOB 0.3906 : L 8 : T 0.4 sec
 - d_sub 300 : OOB 0.3861 : L 9 : T 0.5 sec
 - d_sub 300 : OOB 0.3805 : L 10 : T 0.5 sec
 - d_sub 300 : OOB 0.3805 : L 11 : T 0.6 sec
 - d_sub 300 : OOB 0.3784 : L 12 : T 0.6 sec
 - d_sub 300 : OOB 0.3797 : L 13 : T 0.7 sec
 - d_sub 300 : OOB 0.3764 : L 14 : T 0.7 sec
 - d_sub 300 : OOB 0.3772 : L 15 : T 0.8 sec
 - d_sub 300 : OOB 0.3749 : L 16 : T 0.8 sec
 - d_sub 300 : OOB 0.3757 : L 17 : T 0.9 sec
 - d_sub 300 : OOB 0.3757 : L 18 : T 0.9 sec
 - d_sub 300 : OOB 0.3717 : L 19 : T 1.0 sec
 - d_sub 300 : OOB 0.3722 : L 20 : T 1.0 sec
 - d_sub 300 : OOB 0.3717 : L 21 : T 1.1 sec
 - d_sub 300 : OOB 0.3729 : L 22 : T 1.1 sec
 - d_sub 300 : OOB 0.3725 : L 23 : T 1.2 sec
 - d_sub 300 : OOB 0.3709 : L 24 : T 1.2 sec
 - d_sub 300 : OOB 0.3742 : L 25 : T 1.3 sec
 - d_sub 300 : OOB 0.3738 : L 26 : T 1.3 sec
 - d_sub 300 : OOB 0.3688 : L 27 : T 1.4 sec
 - d_sub 300 : OOB 0.3700 : L 28 : T 1.4 sec
 - d_sub 300 : OOB 0.3674 : L 29 : T 1.5 sec
 - d_sub 300 : OOB 0.3646 : L 30 : T 1.5 sec
# -------------------------
optimal d_sub 300 : OOB 0.3646 : L 30 : T 1.5 sec
# -------------------------
# Ensemble classification
#  - Training samples: 10000 (5000/5000)
#  - Feature-space dimensionality: 18157
#  - L : 30
#  - d_sub : 300
#  - Seed 1 (subspaces) : 451539486
#  - Seed 2 (bootstrap) : 92424354
# -------------------------

 - d_sub 300 : OOB 0.4574 : L 1 : T 0.1 sec
 - d_sub 300 : OOB 0.4307 : L 2 : T 0.1 sec
 - d_sub 300 : OOB 0.4201 : L 3 : T 0.1 sec
 - d_sub 300 : OOB 0.4116 : L 4 : T 0.2 sec
 - d_sub 300 : OOB 0.4014 : L 5 : T 0.3 sec
 - d_sub 300 : OOB 0.3954 : L 6 : T 0.3 sec
 - d_sub 300 : OOB 0.3987 : L 7 : T 0.4 sec
 - d_sub 300 : OOB 0.3915 : L 8 : T 0.4 sec
 - d_sub 300 : OOB 0.3888 : L 9 : T 0.4 sec
 - d_sub 300 : OOB 0.3838 : L 10 : T 0.5 sec
 - d_sub 300 : OOB 0.3830 : L 11 : T 0.5 sec
 - d_sub 300 : OOB 0.3782 : L 12 : T 0.6 sec
 - d_sub 300 : OOB 0.3852 : L 13 : T 0.6 sec
 - d_sub 300 : OOB 0.3783 : L 14 : T 0.7 sec
 - d_sub 300 : OOB 0.3792 : L 15 : T 0.7 sec
 - d_sub 300 : OOB 0.3752 : L 16 : T 0.8 sec
 - d_sub 300 : OOB 0.3746 : L 17 : T 0.8 sec
 - d_sub 300 : OOB 0.3749 : L 18 : T 0.9 sec
 - d_sub 300 : OOB 0.3724 : L 19 : T 0.9 sec
 - d_sub 300 : OOB 0.3730 : L 20 : T 1.0 sec
 - d_sub 300 : OOB 0.3734 : L 21 : T 1.0 sec
 - d_sub 300 : OOB 0.3710 : L 22 : T 1.1 sec
 - d_sub 300 : OOB 0.3727 : L 23 : T 1.1 sec
 - d_sub 300 : OOB 0.3740 : L 24 : T 1.2 sec
 - d_sub 300 : OOB 0.3748 : L 25 : T 1.2 sec
 - d_sub 300 : OOB 0.3706 : L 26 : T 1.3 sec
 - d_sub 300 : OOB 0.3715 : L 27 : T 1.3 sec
 - d_sub 300 : OOB 0.3706 : L 28 : T 1.4 sec
 - d_sub 300 : OOB 0.3683 : L 29 : T 1.5 sec
 - d_sub 300 : OOB 0.3687 : L 30 : T 1.5 sec
# -------------------------
optimal d_sub 300 : OOB 0.3687 : L 30 : T 1.5 sec
# -------------------------
# Ensemble classification
#  - Training samples: 10000 (5000/5000)
#  - Feature-space dimensionality: 18157
#  - L : 30
#  - d_sub : 300
#  - Seed 1 (subspaces) : 773581630
#  - Seed 2 (bootstrap) : 74601777
# -------------------------

 - d_sub 300 : OOB 0.4577 : L 1 : T 0.0 sec
 - d_sub 300 : OOB 0.4331 : L 2 : T 0.1 sec
 - d_sub 300 : OOB 0.4231 : L 3 : T 0.1 sec
 - d_sub 300 : OOB 0.4142 : L 4 : T 0.2 sec
 - d_sub 300 : OOB 0.4037 : L 5 : T 0.2 sec
 - d_sub 300 : OOB 0.3945 : L 6 : T 0.3 sec
 - d_sub 300 : OOB 0.3964 : L 7 : T 0.3 sec
 - d_sub 300 : OOB 0.3891 : L 8 : T 0.4 sec
 - d_sub 300 : OOB 0.3896 : L 9 : T 0.4 sec
 - d_sub 300 : OOB 0.3834 : L 10 : T 0.5 sec
 - d_sub 300 : OOB 0.3818 : L 11 : T 0.5 sec
 - d_sub 300 : OOB 0.3796 : L 12 : T 0.6 sec
 - d_sub 300 : OOB 0.3802 : L 13 : T 0.6 sec
 - d_sub 300 : OOB 0.3786 : L 14 : T 0.7 sec
 - d_sub 300 : OOB 0.3803 : L 15 : T 0.7 sec
 - d_sub 300 : OOB 0.3780 : L 16 : T 0.8 sec
 - d_sub 300 : OOB 0.3740 : L 17 : T 0.8 sec
 - d_sub 300 : OOB 0.3744 : L 18 : T 0.9 sec
 - d_sub 300 : OOB 0.3724 : L 19 : T 0.9 sec
 - d_sub 300 : OOB 0.3764 : L 20 : T 1.0 sec
 - d_sub 300 : OOB 0.3719 : L 21 : T 1.0 sec
 - d_sub 300 : OOB 0.3725 : L 22 : T 1.1 sec
 - d_sub 300 : OOB 0.3719 : L 23 : T 1.1 sec
 - d_sub 300 : OOB 0.3734 : L 24 : T 1.2 sec
 - d_sub 300 : OOB 0.3759 : L 25 : T 1.2 sec
 - d_sub 300 : OOB 0.3769 : L 26 : T 1.3 sec
 - d_sub 300 : OOB 0.3737 : L 27 : T 1.3 sec
 - d_sub 300 : OOB 0.3721 : L 28 : T 1.4 sec
 - d_sub 300 : OOB 0.3722 : L 29 : T 1.4 sec
 - d_sub 300 : OOB 0.3703 : L 30 : T 1.5 sec
# -------------------------
optimal d_sub 300 : OOB 0.3703 : L 30 : T 1.5 sec
# -------------------------
# Ensemble classification
#  - Training samples: 10000 (5000/5000)
#  - Feature-space dimensionality: 18157
#  - L : 30
#  - d_sub : 300
#  - Seed 1 (subspaces) : 42848487
#  - Seed 2 (bootstrap) : 495834416
# -------------------------

 - d_sub 300 : OOB 0.4571 : L 1 : T 0.1 sec
 - d_sub 300 : OOB 0.4299 : L 2 : T 0.1 sec
 - d_sub 300 : OOB 0.4199 : L 3 : T 0.2 sec
 - d_sub 300 : OOB 0.4104 : L 4 : T 0.2 sec
 - d_sub 300 : OOB 0.3963 : L 5 : T 0.3 sec
 - d_sub 300 : OOB 0.3875 : L 6 : T 0.3 sec
 - d_sub 300 : OOB 0.3877 : L 7 : T 0.3 sec
 - d_sub 300 : OOB 0.3788 : L 8 : T 0.4 sec
 - d_sub 300 : OOB 0.3811 : L 9 : T 0.5 sec
 - d_sub 300 : OOB 0.3784 : L 10 : T 0.5 sec
 - d_sub 300 : OOB 0.3764 : L 11 : T 0.5 sec
 - d_sub 300 : OOB 0.3738 : L 12 : T 0.6 sec
 - d_sub 300 : OOB 0.3729 : L 13 : T 0.6 sec
 - d_sub 300 : OOB 0.3734 : L 14 : T 0.7 sec
 - d_sub 300 : OOB 0.3711 : L 15 : T 0.8 sec
 - d_sub 300 : OOB 0.3714 : L 16 : T 0.8 sec
 - d_sub 300 : OOB 0.3682 : L 17 : T 0.8 sec
 - d_sub 300 : OOB 0.3655 : L 18 : T 0.9 sec
 - d_sub 300 : OOB 0.3669 : L 19 : T 0.9 sec
 - d_sub 300 : OOB 0.3660 : L 20 : T 1.0 sec
 - d_sub 300 : OOB 0.3664 : L 21 : T 1.1 sec
 - d_sub 300 : OOB 0.3688 : L 22 : T 1.1 sec
 - d_sub 300 : OOB 0.3668 : L 23 : T 1.2 sec
 - d_sub 300 : OOB 0.3674 : L 24 : T 1.2 sec
 - d_sub 300 : OOB 0.3673 : L 25 : T 1.3 sec
 - d_sub 300 : OOB 0.3662 : L 26 : T 1.3 sec
 - d_sub 300 : OOB 0.3685 : L 27 : T 1.4 sec
 - d_sub 300 : OOB 0.3661 : L 28 : T 1.4 sec
 - d_sub 300 : OOB 0.3667 : L 29 : T 1.5 sec
 - d_sub 300 : OOB 0.3673 : L 30 : T 1.5 sec
# -------------------------
optimal d_sub 300 : OOB 0.3673 : L 30 : T 1.5 sec
# -------------------------
# Ensemble classification
#  - Training samples: 10000 (5000/5000)
#  - Feature-space dimensionality: 18157
#  - L : 30
#  - d_sub : 300
#  - Seed 1 (subspaces) : 869687258
#  - Seed 2 (bootstrap) : 785066307
# -------------------------

 - d_sub 300 : OOB 0.4624 : L 1 : T 0.0 sec
 - d_sub 300 : OOB 0.4349 : L 2 : T 0.1 sec
 - d_sub 300 : OOB 0.4219 : L 3 : T 0.1 sec
 - d_sub 300 : OOB 0.4137 : L 4 : T 0.2 sec
 - d_sub 300 : OOB 0.3989 : L 5 : T 0.3 sec
 - d_sub 300 : OOB 0.3966 : L 6 : T 0.3 sec
 - d_sub 300 : OOB 0.3984 : L 7 : T 0.4 sec
 - d_sub 300 : OOB 0.3918 : L 8 : T 0.4 sec
 - d_sub 300 : OOB 0.3897 : L 9 : T 0.5 sec
 - d_sub 300 : OOB 0.3857 : L 10 : T 0.5 sec
 - d_sub 300 : OOB 0.3851 : L 11 : T 0.6 sec
 - d_sub 300 : OOB 0.3827 : L 12 : T 0.6 sec
 - d_sub 300 : OOB 0.3803 : L 13 : T 0.7 sec
 - d_sub 300 : OOB 0.3804 : L 14 : T 0.7 sec
 - d_sub 300 : OOB 0.3802 : L 15 : T 0.8 sec
 - d_sub 300 : OOB 0.3791 : L 16 : T 0.9 sec
 - d_sub 300 : OOB 0.3799 : L 17 : T 0.9 sec
 - d_sub 300 : OOB 0.3805 : L 18 : T 0.9 sec
 - d_sub 300 : OOB 0.3774 : L 19 : T 1.0 sec
 - d_sub 300 : OOB 0.3767 : L 20 : T 1.0 sec
 - d_sub 300 : OOB 0.3765 : L 21 : T 1.1 sec
 - d_sub 300 : OOB 0.3779 : L 22 : T 1.1 sec
 - d_sub 300 : OOB 0.3777 : L 23 : T 1.2 sec
 - d_sub 300 : OOB 0.3755 : L 24 : T 1.2 sec
 - d_sub 300 : OOB 0.3768 : L 25 : T 1.3 sec
 - d_sub 300 : OOB 0.3748 : L 26 : T 1.3 sec
 - d_sub 300 : OOB 0.3734 : L 27 : T 1.4 sec
 - d_sub 300 : OOB 0.3717 : L 28 : T 1.4 sec
 - d_sub 300 : OOB 0.3701 : L 29 : T 1.5 sec
 - d_sub 300 : OOB 0.3699 : L 30 : T 1.5 sec
# -------------------------
optimal d_sub 300 : OOB 0.3699 : L 30 : T 1.5 sec
# -------------------------
# Ensemble classification
#  - Training samples: 10000 (5000/5000)
#  - Feature-space dimensionality: 18157
#  - L : 30
#  - d_sub : 300
#  - Seed 1 (subspaces) : 891902515
#  - Seed 2 (bootstrap) : 772101080
# -------------------------

 - d_sub 300 : OOB 0.4584 : L 1 : T 0.0 sec
 - d_sub 300 : OOB 0.4301 : L 2 : T 0.1 sec
 - d_sub 300 : OOB 0.4191 : L 3 : T 0.2 sec
 - d_sub 300 : OOB 0.4102 : L 4 : T 0.2 sec
 - d_sub 300 : OOB 0.4020 : L 5 : T 0.3 sec
 - d_sub 300 : OOB 0.4006 : L 6 : T 0.3 sec
 - d_sub 300 : OOB 0.3939 : L 7 : T 0.4 sec
 - d_sub 300 : OOB 0.3881 : L 8 : T 0.4 sec
 - d_sub 300 : OOB 0.3911 : L 9 : T 0.5 sec
 - d_sub 300 : OOB 0.3865 : L 10 : T 0.5 sec
 - d_sub 300 : OOB 0.3849 : L 11 : T 0.6 sec
 - d_sub 300 : OOB 0.3836 : L 12 : T 0.6 sec
 - d_sub 300 : OOB 0.3816 : L 13 : T 0.7 sec
 - d_sub 300 : OOB 0.3839 : L 14 : T 0.7 sec
 - d_sub 300 : OOB 0.3771 : L 15 : T 0.8 sec
 - d_sub 300 : OOB 0.3790 : L 16 : T 0.8 sec
 - d_sub 300 : OOB 0.3781 : L 17 : T 0.9 sec
 - d_sub 300 : OOB 0.3765 : L 18 : T 0.9 sec
 - d_sub 300 : OOB 0.3758 : L 19 : T 1.0 sec
 - d_sub 300 : OOB 0.3738 : L 20 : T 1.0 sec
 - d_sub 300 : OOB 0.3758 : L 21 : T 1.1 sec
 - d_sub 300 : OOB 0.3738 : L 22 : T 1.1 sec
 - d_sub 300 : OOB 0.3733 : L 23 : T 1.2 sec
 - d_sub 300 : OOB 0.3748 : L 24 : T 1.3 sec
 - d_sub 300 : OOB 0.3738 : L 25 : T 1.3 sec
 - d_sub 300 : OOB 0.3755 : L 26 : T 1.4 sec
 - d_sub 300 : OOB 0.3763 : L 27 : T 1.4 sec
 - d_sub 300 : OOB 0.3734 : L 28 : T 1.5 sec
 - d_sub 300 : OOB 0.3701 : L 29 : T 1.5 sec
 - d_sub 300 : OOB 0.3702 : L 30 : T 1.5 sec
# -------------------------
optimal d_sub 300 : OOB 0.3702 : L 30 : T 1.6 sec
# -------------------------
# Ensemble classification
#  - Training samples: 10000 (5000/5000)
#  - Feature-space dimensionality: 18157
#  - L : 30
#  - d_sub : 300
#  - Seed 1 (subspaces) : 304300657
#  - Seed 2 (bootstrap) : 861242071
# -------------------------

 - d_sub 300 : OOB 0.4605 : L 1 : T 0.0 sec
 - d_sub 300 : OOB 0.4371 : L 2 : T 0.1 sec
 - d_sub 300 : OOB 0.4251 : L 3 : T 0.1 sec
 - d_sub 300 : OOB 0.4189 : L 4 : T 0.2 sec
 - d_sub 300 : OOB 0.4058 : L 5 : T 0.2 sec
 - d_sub 300 : OOB 0.3960 : L 6 : T 0.3 sec
 - d_sub 300 : OOB 0.3957 : L 7 : T 0.4 sec
 - d_sub 300 : OOB 0.3864 : L 8 : T 0.4 sec
 - d_sub 300 : OOB 0.3842 : L 9 : T 0.5 sec
 - d_sub 300 : OOB 0.3850 : L 10 : T 0.5 sec
 - d_sub 300 : OOB 0.3845 : L 11 : T 0.6 sec
 - d_sub 300 : OOB 0.3850 : L 12 : T 0.6 sec
 - d_sub 300 : OOB 0.3775 : L 13 : T 0.7 sec
 - d_sub 300 : OOB 0.3825 : L 14 : T 0.7 sec
 - d_sub 300 : OOB 0.3754 : L 15 : T 0.8 sec
 - d_sub 300 : OOB 0.3776 : L 16 : T 0.8 sec
 - d_sub 300 : OOB 0.3762 : L 17 : T 0.9 sec
 - d_sub 300 : OOB 0.3730 : L 18 : T 0.9 sec
 - d_sub 300 : OOB 0.3722 : L 19 : T 1.0 sec
 - d_sub 300 : OOB 0.3713 : L 20 : T 1.0 sec
 - d_sub 300 : OOB 0.3706 : L 21 : T 1.1 sec
 - d_sub 300 : OOB 0.3710 : L 22 : T 1.2 sec
 - d_sub 300 : OOB 0.3718 : L 23 : T 1.2 sec
 - d_sub 300 : OOB 0.3712 : L 24 : T 1.3 sec
 - d_sub 300 : OOB 0.3712 : L 25 : T 1.3 sec
 - d_sub 300 : OOB 0.3702 : L 26 : T 1.3 sec
 - d_sub 300 : OOB 0.3714 : L 27 : T 1.4 sec
 - d_sub 300 : OOB 0.3714 : L 28 : T 1.5 sec
 - d_sub 300 : OOB 0.3692 : L 29 : T 1.5 sec
 - d_sub 300 : OOB 0.3699 : L 30 : T 1.6 sec
# -------------------------
optimal d_sub 300 : OOB 0.3699 : L 30 : T 1.6 sec
# -------------------------
# Ensemble classification
#  - Training samples: 10000 (5000/5000)
#  - Feature-space dimensionality: 18157
#  - L : 30
#  - d_sub : 300
#  - Seed 1 (subspaces) : 3189952
#  - Seed 2 (bootstrap) : 774556718
# -------------------------

 - d_sub 300 : OOB 0.4587 : L 1 : T 0.1 sec
 - d_sub 300 : OOB 0.4320 : L 2 : T 0.1 sec
 - d_sub 300 : OOB 0.4207 : L 3 : T 0.2 sec
 - d_sub 300 : OOB 0.4138 : L 4 : T 0.2 sec
 - d_sub 300 : OOB 0.4003 : L 5 : T 0.3 sec
 - d_sub 300 : OOB 0.3991 : L 6 : T 0.3 sec
 - d_sub 300 : OOB 0.3956 : L 7 : T 0.4 sec
 - d_sub 300 : OOB 0.3902 : L 8 : T 0.4 sec
 - d_sub 300 : OOB 0.3883 : L 9 : T 0.5 sec
 - d_sub 300 : OOB 0.3842 : L 10 : T 0.5 sec
 - d_sub 300 : OOB 0.3819 : L 11 : T 0.5 sec
 - d_sub 300 : OOB 0.3800 : L 12 : T 0.6 sec
 - d_sub 300 : OOB 0.3816 : L 13 : T 0.6 sec
 - d_sub 300 : OOB 0.3764 : L 14 : T 0.7 sec
 - d_sub 300 : OOB 0.3780 : L 15 : T 0.8 sec
 - d_sub 300 : OOB 0.3764 : L 16 : T 0.8 sec
 - d_sub 300 : OOB 0.3751 : L 17 : T 0.9 sec
 - d_sub 300 : OOB 0.3743 : L 18 : T 0.9 sec
 - d_sub 300 : OOB 0.3741 : L 19 : T 1.0 sec
 - d_sub 300 : OOB 0.3715 : L 20 : T 1.0 sec
 - d_sub 300 : OOB 0.3711 : L 21 : T 1.1 sec
 - d_sub 300 : OOB 0.3704 : L 22 : T 1.1 sec
 - d_sub 300 : OOB 0.3688 : L 23 : T 1.2 sec
 - d_sub 300 : OOB 0.3670 : L 24 : T 1.2 sec
 - d_sub 300 : OOB 0.3689 : L 25 : T 1.3 sec
 - d_sub 300 : OOB 0.3657 : L 26 : T 1.4 sec
 - d_sub 300 : OOB 0.3663 : L 27 : T 1.4 sec
 - d_sub 300 : OOB 0.3653 : L 28 : T 1.4 sec
 - d_sub 300 : OOB 0.3655 : L 29 : T 1.5 sec
 - d_sub 300 : OOB 0.3679 : L 30 : T 1.5 sec
# -------------------------
optimal d_sub 300 : OOB 0.3679 : L 30 : T 1.5 sec
# -------------------------
# Ensemble classification
#  - Training samples: 10000 (5000/5000)
#  - Feature-space dimensionality: 18157
#  - L : 30
#  - d_sub : 300
#  - Seed 1 (subspaces) : 289271372
#  - Seed 2 (bootstrap) : 355108963
# -------------------------

 - d_sub 300 : OOB 0.4600 : L 1 : T 0.1 sec
 - d_sub 300 : OOB 0.4324 : L 2 : T 0.1 sec
 - d_sub 300 : OOB 0.4205 : L 3 : T 0.1 sec
 - d_sub 300 : OOB 0.4149 : L 4 : T 0.2 sec
 - d_sub 300 : OOB 0.4015 : L 5 : T 0.2 sec
 - d_sub 300 : OOB 0.3941 : L 6 : T 0.3 sec
 - d_sub 300 : OOB 0.3947 : L 7 : T 0.3 sec
 - d_sub 300 : OOB 0.3865 : L 8 : T 0.4 sec
 - d_sub 300 : OOB 0.3835 : L 9 : T 0.4 sec
 - d_sub 300 : OOB 0.3815 : L 10 : T 0.5 sec
 - d_sub 300 : OOB 0.3818 : L 11 : T 0.6 sec
 - d_sub 300 : OOB 0.3823 : L 12 : T 0.6 sec
 - d_sub 300 : OOB 0.3777 : L 13 : T 0.7 sec
 - d_sub 300 : OOB 0.3752 : L 14 : T 0.7 sec
 - d_sub 300 : OOB 0.3765 : L 15 : T 0.8 sec
 - d_sub 300 : OOB 0.3735 : L 16 : T 0.9 sec
 - d_sub 300 : OOB 0.3740 : L 17 : T 0.9 sec
 - d_sub 300 : OOB 0.3750 : L 18 : T 0.9 sec
 - d_sub 300 : OOB 0.3711 : L 19 : T 1.0 sec
 - d_sub 300 : OOB 0.3722 : L 20 : T 1.0 sec
 - d_sub 300 : OOB 0.3713 : L 21 : T 1.1 sec
 - d_sub 300 : OOB 0.3721 : L 22 : T 1.1 sec
 - d_sub 300 : OOB 0.3707 : L 23 : T 1.2 sec
 - d_sub 300 : OOB 0.3708 : L 24 : T 1.2 sec
 - d_sub 300 : OOB 0.3721 : L 25 : T 1.3 sec
 - d_sub 300 : OOB 0.3703 : L 26 : T 1.3 sec
 - d_sub 300 : OOB 0.3691 : L 27 : T 1.4 sec
 - d_sub 300 : OOB 0.3691 : L 28 : T 1.4 sec
 - d_sub 300 : OOB 0.3684 : L 29 : T 1.5 sec
 - d_sub 300 : OOB 0.3675 : L 30 : T 1.5 sec
# -------------------------
optimal d_sub 300 : OOB 0.3675 : L 30 : T 1.5 sec
# -------------------------
Average OOB error = 0.36839 (+/- 0.00179)
# -------------------------
# Ensemble classification
#  - Training samples: 10000 (5000/5000)
#  - Feature-space dimensionality: 18157
#  - L : 30
#  - d_sub : 300
#  - Seed 1 (subspaces) : 5
#  - Seed 2 (bootstrap) : 73
# -------------------------

 - d_sub 300 : OOB 0.4591 : L 1 : T 0.0 sec
 - d_sub 300 : OOB 0.4339 : L 2 : T 0.1 sec
 - d_sub 300 : OOB 0.4233 : L 3 : T 0.1 sec
 - d_sub 300 : OOB 0.4137 : L 4 : T 0.2 sec
 - d_sub 300 : OOB 0.4007 : L 5 : T 0.2 sec
 - d_sub 300 : OOB 0.3970 : L 6 : T 0.3 sec
 - d_sub 300 : OOB 0.3909 : L 7 : T 0.3 sec
 - d_sub 300 : OOB 0.3854 : L 8 : T 0.4 sec
 - d_sub 300 : OOB 0.3822 : L 9 : T 0.4 sec
 - d_sub 300 : OOB 0.3807 : L 10 : T 0.5 sec
 - d_sub 300 : OOB 0.3792 : L 11 : T 0.5 sec
 - d_sub 300 : OOB 0.3790 : L 12 : T 0.6 sec
 - d_sub 300 : OOB 0.3740 : L 13 : T 0.6 sec
 - d_sub 300 : OOB 0.3729 : L 14 : T 0.7 sec
 - d_sub 300 : OOB 0.3732 : L 15 : T 0.7 sec
 - d_sub 300 : OOB 0.3703 : L 16 : T 0.8 sec
 - d_sub 300 : OOB 0.3737 : L 17 : T 0.8 sec
 - d_sub 300 : OOB 0.3740 : L 18 : T 0.9 sec
 - d_sub 300 : OOB 0.3722 : L 19 : T 0.9 sec
 - d_sub 300 : OOB 0.3707 : L 20 : T 1.0 sec
 - d_sub 300 : OOB 0.3716 : L 21 : T 1.0 sec
 - d_sub 300 : OOB 0.3740 : L 22 : T 1.1 sec
 - d_sub 300 : OOB 0.3713 : L 23 : T 1.1 sec
 - d_sub 300 : OOB 0.3704 : L 24 : T 1.2 sec
 - d_sub 300 : OOB 0.3704 : L 25 : T 1.2 sec
 - d_sub 300 : OOB 0.3683 : L 26 : T 1.3 sec
 - d_sub 300 : OOB 0.3697 : L 27 : T 1.3 sec
 - d_sub 300 : OOB 0.3684 : L 28 : T 1.4 sec
 - d_sub 300 : OOB 0.3693 : L 29 : T 1.4 sec
 - d_sub 300 : OOB 0.3717 : L 30 : T 1.5 sec
# -------------------------
optimal d_sub 300 : OOB 0.3717 : L 30 : T 1.5 sec
OOB error = 0.3651
optimal d_sub 300 : OOB 0.3686 : L 30 : T 1.5 sec
optimal d_sub 300 : OOB 0.3624 : L 74 : T 3.5 sec
Testing error 1: 0.3606
optimal d_sub 300 : OOB 0.3641 : L 110 : T 5.2 sec
Testing error 2: 0.3590
optimal d_sub 300 : OOB 0.3653 : L 77 : T 3.6 sec
Testing error 3: 0.3577
optimal d_sub 300 : OOB 0.3626 : L 90 : T 4.4 sec
Testing error 4: 0.3644
optimal d_sub 300 : OOB 0.3613 : L 103 : T 5.2 sec
Testing error 5: 0.3636
optimal d_sub 300 : OOB 0.3620 : L 97 : T 4.6 sec
Testing error 6: 0.3585
optimal d_sub 300 : OOB 0.3573 : L 101 : T 4.5 sec
Testing error 7: 0.3575
optimal d_sub 300 : OOB 0.3642 : L 76 : T 3.8 sec
Testing error 8: 0.3618
optimal d_sub 300 : OOB 0.3621 : L 83 : T 3.7 sec
Testing error 9: 0.3599
optimal d_sub 300 : OOB 0.3660 : L 84 : T 4.0 sec
Testing error 10: 0.3597
---
Average testing error over 10 splits: 0.3603 (+/- 0.0024)
