# -------------------------
# Ensemble classification
#  - Training samples: 10000 (5000/5000)
#  - Feature-space dimensionality: 24157
#  - L : automatic (min 25, max 500, length 50, eps 0.00500)
#  - d_sub : automatic (Eoob tolerance 0.0200, step 200)
#  - Seed 1 (subspaces) : 700042293
#  - Seed 2 (bootstrap) : 517797321
# -------------------------

 - d_sub 200 : OOB 0.4106 : L 1 : T 0.0 sec
 - d_sub 200 : OOB 0.3495 : L 2 : T 0.1 sec
 - d_sub 200 : OOB 0.3175 : L 3 : T 0.1 sec
 - d_sub 200 : OOB 0.2911 : L 4 : T 0.2 sec
 - d_sub 200 : OOB 0.2695 : L 5 : T 0.2 sec
 - d_sub 200 : OOB 0.2546 : L 6 : T 0.2 sec
 - d_sub 200 : OOB 0.2452 : L 7 : T 0.3 sec
 - d_sub 200 : OOB 0.2415 : L 8 : T 0.3 sec
 - d_sub 200 : OOB 0.2334 : L 9 : T 0.4 sec
 - d_sub 200 : OOB 0.2312 : L 10 : T 0.4 sec
 - d_sub 200 : OOB 0.2291 : L 11 : T 0.4 sec
 - d_sub 200 : OOB 0.2229 : L 12 : T 0.5 sec
 - d_sub 200 : OOB 0.2236 : L 13 : T 0.5 sec
 - d_sub 200 : OOB 0.2219 : L 14 : T 0.6 sec
 - d_sub 200 : OOB 0.2191 : L 15 : T 0.6 sec
 - d_sub 200 : OOB 0.2201 : L 16 : T 0.6 sec
 - d_sub 200 : OOB 0.2200 : L 17 : T 0.7 sec
 - d_sub 200 : OOB 0.2206 : L 18 : T 0.7 sec
 - d_sub 200 : OOB 0.2175 : L 19 : T 0.7 sec
 - d_sub 200 : OOB 0.2185 : L 20 : T 0.8 sec
 - d_sub 200 : OOB 0.2183 : L 21 : T 0.8 sec
 - d_sub 200 : OOB 0.2178 : L 22 : T 0.9 sec
 - d_sub 200 : OOB 0.2179 : L 23 : T 0.9 sec
 - d_sub 200 : OOB 0.2146 : L 24 : T 0.9 sec
 - d_sub 200 : OOB 0.2132 : L 25 : T 1.0 sec
 - d_sub 200 : OOB 0.2134 : L 26 : T 1.0 sec
 - d_sub 200 : OOB 0.2132 : L 27 : T 1.1 sec
 - d_sub 200 : OOB 0.2122 : L 28 : T 1.1 sec
 - d_sub 200 : OOB 0.2106 : L 29 : T 1.1 sec
 - d_sub 200 : OOB 0.2111 : L 30 : T 1.2 sec
 - d_sub 200 : OOB 0.2112 : L 31 : T 1.2 sec
 - d_sub 200 : OOB 0.2127 : L 32 : T 1.2 sec
 - d_sub 200 : OOB 0.2134 : L 33 : T 1.3 sec
 - d_sub 200 : OOB 0.2120 : L 34 : T 1.3 sec
 - d_sub 200 : OOB 0.2124 : L 35 : T 1.4 sec
 - d_sub 200 : OOB 0.2121 : L 36 : T 1.4 sec
 - d_sub 200 : OOB 0.2118 : L 37 : T 1.4 sec
 - d_sub 200 : OOB 0.2100 : L 38 : T 1.5 sec
 - d_sub 200 : OOB 0.2105 : L 39 : T 1.5 sec
 - d_sub 200 : OOB 0.2131 : L 40 : T 1.5 sec
 - d_sub 200 : OOB 0.2118 : L 41 : T 1.6 sec
 - d_sub 200 : OOB 0.2116 : L 42 : T 1.6 sec
 - d_sub 200 : OOB 0.2125 : L 43 : T 1.7 sec
 - d_sub 200 : OOB 0.2113 : L 44 : T 1.7 sec
 - d_sub 200 : OOB 0.2094 : L 45 : T 1.7 sec
 - d_sub 200 : OOB 0.2106 : L 46 : T 1.8 sec
 - d_sub 200 : OOB 0.2108 : L 47 : T 1.8 sec
 - d_sub 200 : OOB 0.2110 : L 48 : T 1.8 sec
 - d_sub 200 : OOB 0.2088 : L 49 : T 1.9 sec
 - d_sub 200 : OOB 0.2098 : L 50 : T 1.9 sec
 - d_sub 200 : OOB 0.2101 : L 51 : T 2.0 sec
 - d_sub 200 : OOB 0.2092 : L 52 : T 2.0 sec
 - d_sub 200 : OOB 0.2097 : L 53 : T 2.0 sec
 - d_sub 200 : OOB 0.2098 : L 54 : T 2.1 sec
 - d_sub 200 : OOB 0.2083 : L 55 : T 2.1 sec
 - d_sub 200 : OOB 0.2095 : L 56 : T 2.2 sec
 - d_sub 200 : OOB 0.2094 : L 57 : T 2.2 sec
 - d_sub 200 : OOB 0.2089 : L 58 : T 2.2 sec
 - d_sub 200 : OOB 0.2088 : L 59 : T 2.3 sec
 - d_sub 200 : OOB 0.2088 : L 60 : T 2.3 sec
 - d_sub 200 : OOB 0.2070 : L 61 : T 2.4 sec
 - d_sub 200 : OOB 0.2067 : L 62 : T 2.4 sec
 - d_sub 200 : OOB 0.2079 : L 63 : T 2.4 sec
 - d_sub 200 : OOB 0.2066 : L 64 : T 2.5 sec
 - d_sub 200 : OOB 0.2060 : L 65 : T 2.5 sec
 - d_sub 200 : OOB 0.2063 : L 66 : T 2.6 sec
 - d_sub 200 : OOB 0.2080 : L 67 : T 2.6 sec
 - d_sub 200 : OOB 0.2073 : L 68 : T 2.7 sec
 - d_sub 200 : OOB 0.2083 : L 69 : T 2.7 sec
 - d_sub 200 : OOB 0.2067 : L 70 : T 2.7 sec
 - d_sub 200 : OOB 0.2070 : L 71 : T 2.8 sec
 - d_sub 200 : OOB 0.2071 : L 72 : T 2.8 sec
 - d_sub 200 : OOB 0.2060 : L 73 : T 2.9 sec
 - d_sub 200 : OOB 0.2066 : L 74 : T 2.9 sec
 - d_sub 200 : OOB 0.2079 : L 75 : T 2.9 sec
 - d_sub 200 : OOB 0.2074 : L 76 : T 3.0 sec
 - d_sub 200 : OOB 0.2085 : L 77 : T 3.0 sec
 - d_sub 200 : OOB 0.2088 : L 78 : T 3.1 sec
 - d_sub 200 : OOB 0.2086 : L 79 : T 3.1 sec
 - d_sub 200 : OOB 0.2071 : L 80 : T 3.1 sec
 - d_sub 200 : OOB 0.2072 : L 81 : T 3.2 sec
 - d_sub 200 : OOB 0.2073 : L 82 : T 3.2 sec
 - d_sub 200 : OOB 0.2078 : L 83 : T 3.3 sec
 - d_sub 200 : OOB 0.2073 : L 84 : T 3.3 sec
 - d_sub 200 : OOB 0.2057 : L 85 : T 3.4 sec
 - d_sub 200 : OOB 0.2065 : L 86 : T 3.4 sec
 - d_sub 200 : OOB 0.2069 : L 87 : T 3.4 sec
 - d_sub 200 : OOB 0.2064 : L 88 : T 3.5 sec
 - d_sub 200 : OOB 0.2062 : L 89 : T 3.5 sec
 - d_sub 200 : OOB 0.2054 : L 90 : T 3.6 sec
 - d_sub 200 : OOB 0.2060 : L 91 : T 3.6 sec

 - d_sub 400 : OOB 0.3990 : L 1 : T 0.1 sec
 - d_sub 400 : OOB 0.3302 : L 2 : T 0.2 sec
 - d_sub 400 : OOB 0.2963 : L 3 : T 0.3 sec
 - d_sub 400 : OOB 0.2669 : L 4 : T 0.4 sec
 - d_sub 400 : OOB 0.2437 : L 5 : T 0.4 sec
 - d_sub 400 : OOB 0.2305 : L 6 : T 0.5 sec
 - d_sub 400 : OOB 0.2264 : L 7 : T 0.6 sec
 - d_sub 400 : OOB 0.2163 : L 8 : T 0.7 sec
 - d_sub 400 : OOB 0.2143 : L 9 : T 0.8 sec
 - d_sub 400 : OOB 0.2117 : L 10 : T 0.9 sec
 - d_sub 400 : OOB 0.2062 : L 11 : T 1.0 sec
 - d_sub 400 : OOB 0.2037 : L 12 : T 1.0 sec
 - d_sub 400 : OOB 0.2017 : L 13 : T 1.1 sec
 - d_sub 400 : OOB 0.1988 : L 14 : T 1.2 sec
 - d_sub 400 : OOB 0.1970 : L 15 : T 1.3 sec
 - d_sub 400 : OOB 0.1953 : L 16 : T 1.4 sec
 - d_sub 400 : OOB 0.1932 : L 17 : T 1.5 sec
 - d_sub 400 : OOB 0.1915 : L 18 : T 1.6 sec
 - d_sub 400 : OOB 0.1901 : L 19 : T 1.6 sec
 - d_sub 400 : OOB 0.1879 : L 20 : T 1.7 sec
 - d_sub 400 : OOB 0.1896 : L 21 : T 1.8 sec
 - d_sub 400 : OOB 0.1883 : L 22 : T 1.9 sec
 - d_sub 400 : OOB 0.1891 : L 23 : T 1.9 sec
 - d_sub 400 : OOB 0.1878 : L 24 : T 2.0 sec
 - d_sub 400 : OOB 0.1882 : L 25 : T 2.1 sec
 - d_sub 400 : OOB 0.1853 : L 26 : T 2.1 sec
 - d_sub 400 : OOB 0.1846 : L 27 : T 2.2 sec
 - d_sub 400 : OOB 0.1813 : L 28 : T 2.3 sec
 - d_sub 400 : OOB 0.1835 : L 29 : T 2.3 sec
 - d_sub 400 : OOB 0.1814 : L 30 : T 2.4 sec
 - d_sub 400 : OOB 0.1817 : L 31 : T 2.5 sec
 - d_sub 400 : OOB 0.1819 : L 32 : T 2.5 sec
 - d_sub 400 : OOB 0.1821 : L 33 : T 2.6 sec
 - d_sub 400 : OOB 0.1825 : L 34 : T 2.7 sec
 - d_sub 400 : OOB 0.1816 : L 35 : T 2.8 sec
 - d_sub 400 : OOB 0.1819 : L 36 : T 2.8 sec
 - d_sub 400 : OOB 0.1809 : L 37 : T 2.9 sec
 - d_sub 400 : OOB 0.1795 : L 38 : T 3.0 sec
 - d_sub 400 : OOB 0.1776 : L 39 : T 3.0 sec
 - d_sub 400 : OOB 0.1778 : L 40 : T 3.1 sec
 - d_sub 400 : OOB 0.1780 : L 41 : T 3.2 sec
 - d_sub 400 : OOB 0.1773 : L 42 : T 3.2 sec
 - d_sub 400 : OOB 0.1773 : L 43 : T 3.3 sec
 - d_sub 400 : OOB 0.1785 : L 44 : T 3.4 sec
 - d_sub 400 : OOB 0.1784 : L 45 : T 3.4 sec
 - d_sub 400 : OOB 0.1769 : L 46 : T 3.5 sec
 - d_sub 400 : OOB 0.1772 : L 47 : T 3.6 sec
 - d_sub 400 : OOB 0.1768 : L 48 : T 3.6 sec
 - d_sub 400 : OOB 0.1769 : L 49 : T 3.7 sec
 - d_sub 400 : OOB 0.1778 : L 50 : T 3.8 sec
 - d_sub 400 : OOB 0.1774 : L 51 : T 3.9 sec
 - d_sub 400 : OOB 0.1780 : L 52 : T 3.9 sec
 - d_sub 400 : OOB 0.1782 : L 53 : T 4.0 sec
 - d_sub 400 : OOB 0.1772 : L 54 : T 4.1 sec
 - d_sub 400 : OOB 0.1776 : L 55 : T 4.1 sec
 - d_sub 400 : OOB 0.1781 : L 56 : T 4.2 sec
 - d_sub 400 : OOB 0.1766 : L 57 : T 4.3 sec
 - d_sub 400 : OOB 0.1751 : L 58 : T 4.3 sec
 - d_sub 400 : OOB 0.1773 : L 59 : T 4.4 sec
 - d_sub 400 : OOB 0.1783 : L 60 : T 4.5 sec
 - d_sub 400 : OOB 0.1776 : L 61 : T 4.5 sec
 - d_sub 400 : OOB 0.1768 : L 62 : T 4.6 sec
 - d_sub 400 : OOB 0.1789 : L 63 : T 4.7 sec
 - d_sub 400 : OOB 0.1786 : L 64 : T 4.8 sec
 - d_sub 400 : OOB 0.1763 : L 65 : T 4.8 sec
 - d_sub 400 : OOB 0.1771 : L 66 : T 4.9 sec
 - d_sub 400 : OOB 0.1769 : L 67 : T 5.0 sec
 - d_sub 400 : OOB 0.1766 : L 68 : T 5.0 sec
 - d_sub 400 : OOB 0.1775 : L 69 : T 5.1 sec
 - d_sub 400 : OOB 0.1771 : L 70 : T 5.2 sec
 - d_sub 400 : OOB 0.1759 : L 71 : T 5.2 sec
 - d_sub 400 : OOB 0.1755 : L 72 : T 5.3 sec
 - d_sub 400 : OOB 0.1759 : L 73 : T 5.4 sec
 - d_sub 400 : OOB 0.1764 : L 74 : T 5.4 sec
 - d_sub 400 : OOB 0.1750 : L 75 : T 5.5 sec
 - d_sub 400 : OOB 0.1750 : L 76 : T 5.6 sec
 - d_sub 400 : OOB 0.1748 : L 77 : T 5.7 sec
 - d_sub 400 : OOB 0.1748 : L 78 : T 5.7 sec
 - d_sub 400 : OOB 0.1747 : L 79 : T 5.8 sec
 - d_sub 400 : OOB 0.1741 : L 80 : T 5.9 sec
 - d_sub 400 : OOB 0.1747 : L 81 : T 5.9 sec
 - d_sub 400 : OOB 0.1750 : L 82 : T 6.0 sec
 - d_sub 400 : OOB 0.1756 : L 83 : T 6.1 sec
 - d_sub 400 : OOB 0.1762 : L 84 : T 6.2 sec
 - d_sub 400 : OOB 0.1759 : L 85 : T 6.2 sec

 - d_sub 600 : OOB 0.3941 : L 1 : T 0.1 sec
 - d_sub 600 : OOB 0.3223 : L 2 : T 0.2 sec
 - d_sub 600 : OOB 0.2826 : L 3 : T 0.3 sec
 - d_sub 600 : OOB 0.2524 : L 4 : T 0.4 sec
 - d_sub 600 : OOB 0.2299 : L 5 : T 0.5 sec
 - d_sub 600 : OOB 0.2151 : L 6 : T 0.6 sec
 - d_sub 600 : OOB 0.2096 : L 7 : T 0.7 sec
 - d_sub 600 : OOB 0.2010 : L 8 : T 0.8 sec
 - d_sub 600 : OOB 0.1939 : L 9 : T 0.9 sec
 - d_sub 600 : OOB 0.1918 : L 10 : T 1.1 sec
 - d_sub 600 : OOB 0.1881 : L 11 : T 1.2 sec
 - d_sub 600 : OOB 0.1872 : L 12 : T 1.3 sec
 - d_sub 600 : OOB 0.1858 : L 13 : T 1.4 sec
 - d_sub 600 : OOB 0.1828 : L 14 : T 1.5 sec
 - d_sub 600 : OOB 0.1848 : L 15 : T 1.7 sec
 - d_sub 600 : OOB 0.1823 : L 16 : T 1.8 sec
 - d_sub 600 : OOB 0.1819 : L 17 : T 1.9 sec
 - d_sub 600 : OOB 0.1802 : L 18 : T 2.0 sec
 - d_sub 600 : OOB 0.1784 : L 19 : T 2.1 sec
 - d_sub 600 : OOB 0.1775 : L 20 : T 2.2 sec
 - d_sub 600 : OOB 0.1773 : L 21 : T 2.4 sec
 - d_sub 600 : OOB 0.1764 : L 22 : T 2.5 sec
 - d_sub 600 : OOB 0.1775 : L 23 : T 2.6 sec
 - d_sub 600 : OOB 0.1764 : L 24 : T 2.7 sec
 - d_sub 600 : OOB 0.1748 : L 25 : T 2.9 sec
 - d_sub 600 : OOB 0.1765 : L 26 : T 3.0 sec
 - d_sub 600 : OOB 0.1758 : L 27 : T 3.1 sec
 - d_sub 600 : OOB 0.1760 : L 28 : T 3.2 sec
 - d_sub 600 : OOB 0.1759 : L 29 : T 3.3 sec
 - d_sub 600 : OOB 0.1745 : L 30 : T 3.4 sec
 - d_sub 600 : OOB 0.1748 : L 31 : T 3.5 sec
 - d_sub 600 : OOB 0.1759 : L 32 : T 3.7 sec
 - d_sub 600 : OOB 0.1739 : L 33 : T 3.8 sec
 - d_sub 600 : OOB 0.1731 : L 34 : T 3.9 sec
 - d_sub 600 : OOB 0.1728 : L 35 : T 4.0 sec
 - d_sub 600 : OOB 0.1714 : L 36 : T 4.2 sec
 - d_sub 600 : OOB 0.1717 : L 37 : T 4.3 sec
 - d_sub 600 : OOB 0.1705 : L 38 : T 4.4 sec
 - d_sub 600 : OOB 0.1710 : L 39 : T 4.5 sec
 - d_sub 600 : OOB 0.1697 : L 40 : T 4.6 sec
 - d_sub 600 : OOB 0.1718 : L 41 : T 4.7 sec
 - d_sub 600 : OOB 0.1720 : L 42 : T 4.9 sec
 - d_sub 600 : OOB 0.1710 : L 43 : T 5.0 sec
 - d_sub 600 : OOB 0.1706 : L 44 : T 5.1 sec
 - d_sub 600 : OOB 0.1715 : L 45 : T 5.2 sec
 - d_sub 600 : OOB 0.1703 : L 46 : T 5.3 sec
 - d_sub 600 : OOB 0.1696 : L 47 : T 5.4 sec
 - d_sub 600 : OOB 0.1694 : L 48 : T 5.6 sec
 - d_sub 600 : OOB 0.1707 : L 49 : T 5.7 sec
 - d_sub 600 : OOB 0.1700 : L 50 : T 5.8 sec
 - d_sub 600 : OOB 0.1693 : L 51 : T 5.9 sec
 - d_sub 600 : OOB 0.1682 : L 52 : T 6.0 sec
 - d_sub 600 : OOB 0.1696 : L 53 : T 6.1 sec
 - d_sub 600 : OOB 0.1687 : L 54 : T 6.3 sec
 - d_sub 600 : OOB 0.1693 : L 55 : T 6.4 sec
 - d_sub 600 : OOB 0.1682 : L 56 : T 6.5 sec
 - d_sub 600 : OOB 0.1683 : L 57 : T 6.7 sec
 - d_sub 600 : OOB 0.1684 : L 58 : T 6.8 sec
 - d_sub 600 : OOB 0.1683 : L 59 : T 6.9 sec
 - d_sub 600 : OOB 0.1681 : L 60 : T 7.0 sec
 - d_sub 600 : OOB 0.1690 : L 61 : T 7.1 sec
 - d_sub 600 : OOB 0.1679 : L 62 : T 7.2 sec
 - d_sub 600 : OOB 0.1680 : L 63 : T 7.3 sec
 - d_sub 600 : OOB 0.1696 : L 64 : T 7.5 sec
 - d_sub 600 : OOB 0.1687 : L 65 : T 7.6 sec
 - d_sub 600 : OOB 0.1692 : L 66 : T 7.7 sec
 - d_sub 600 : OOB 0.1698 : L 67 : T 7.8 sec
 - d_sub 600 : OOB 0.1672 : L 68 : T 7.9 sec
 - d_sub 600 : OOB 0.1668 : L 69 : T 8.0 sec
 - d_sub 600 : OOB 0.1669 : L 70 : T 8.2 sec
 - d_sub 600 : OOB 0.1678 : L 71 : T 8.3 sec
 - d_sub 600 : OOB 0.1681 : L 72 : T 8.4 sec
 - d_sub 600 : OOB 0.1673 : L 73 : T 8.6 sec
 - d_sub 600 : OOB 0.1663 : L 74 : T 8.7 sec
 - d_sub 600 : OOB 0.1659 : L 75 : T 8.8 sec
 - d_sub 600 : OOB 0.1660 : L 76 : T 8.9 sec
 - d_sub 600 : OOB 0.1654 : L 77 : T 9.0 sec
 - d_sub 600 : OOB 0.1661 : L 78 : T 9.1 sec
 - d_sub 600 : OOB 0.1664 : L 79 : T 9.2 sec
 - d_sub 600 : OOB 0.1660 : L 80 : T 9.3 sec
 - d_sub 600 : OOB 0.1645 : L 81 : T 9.5 sec
 - d_sub 600 : OOB 0.1653 : L 82 : T 9.6 sec
 - d_sub 600 : OOB 0.1643 : L 83 : T 9.7 sec
 - d_sub 600 : OOB 0.1653 : L 84 : T 9.8 sec
 - d_sub 600 : OOB 0.1659 : L 85 : T 9.9 sec
 - d_sub 600 : OOB 0.1663 : L 86 : T 10.0 sec
 - d_sub 600 : OOB 0.1655 : L 87 : T 10.1 sec
 - d_sub 600 : OOB 0.1656 : L 88 : T 10.2 sec
 - d_sub 600 : OOB 0.1656 : L 89 : T 10.3 sec
 - d_sub 600 : OOB 0.1659 : L 90 : T 10.5 sec
 - d_sub 600 : OOB 0.1664 : L 91 : T 10.6 sec
 - d_sub 600 : OOB 0.1656 : L 92 : T 10.7 sec
 - d_sub 600 : OOB 0.1664 : L 93 : T 10.8 sec
 - d_sub 600 : OOB 0.1660 : L 94 : T 10.9 sec
 - d_sub 600 : OOB 0.1657 : L 95 : T 11.0 sec

 - d_sub 800 : OOB 0.3873 : L 1 : T 0.1 sec
 - d_sub 800 : OOB 0.3159 : L 2 : T 0.3 sec
 - d_sub 800 : OOB 0.2797 : L 3 : T 0.5 sec
 - d_sub 800 : OOB 0.2458 : L 4 : T 0.6 sec
 - d_sub 800 : OOB 0.2227 : L 5 : T 0.8 sec
 - d_sub 800 : OOB 0.2140 : L 6 : T 0.9 sec
 - d_sub 800 : OOB 0.2112 : L 7 : T 1.1 sec
 - d_sub 800 : OOB 0.1966 : L 8 : T 1.3 sec
 - d_sub 800 : OOB 0.1903 : L 9 : T 1.4 sec
 - d_sub 800 : OOB 0.1875 : L 10 : T 1.6 sec
 - d_sub 800 : OOB 0.1856 : L 11 : T 1.7 sec
 - d_sub 800 : OOB 0.1848 : L 12 : T 1.9 sec
 - d_sub 800 : OOB 0.1794 : L 13 : T 2.0 sec
 - d_sub 800 : OOB 0.1792 : L 14 : T 2.2 sec
 - d_sub 800 : OOB 0.1800 : L 15 : T 2.3 sec
 - d_sub 800 : OOB 0.1771 : L 16 : T 2.5 sec
 - d_sub 800 : OOB 0.1779 : L 17 : T 2.6 sec
 - d_sub 800 : OOB 0.1738 : L 18 : T 2.8 sec
 - d_sub 800 : OOB 0.1716 : L 19 : T 2.9 sec
 - d_sub 800 : OOB 0.1709 : L 20 : T 3.1 sec
 - d_sub 800 : OOB 0.1721 : L 21 : T 3.2 sec
 - d_sub 800 : OOB 0.1695 : L 22 : T 3.4 sec
 - d_sub 800 : OOB 0.1711 : L 23 : T 3.5 sec
 - d_sub 800 : OOB 0.1700 : L 24 : T 3.7 sec
 - d_sub 800 : OOB 0.1699 : L 25 : T 3.8 sec
 - d_sub 800 : OOB 0.1699 : L 26 : T 4.0 sec
 - d_sub 800 : OOB 0.1684 : L 27 : T 4.2 sec
 - d_sub 800 : OOB 0.1692 : L 28 : T 4.4 sec
 - d_sub 800 : OOB 0.1686 : L 29 : T 4.5 sec
 - d_sub 800 : OOB 0.1673 : L 30 : T 4.7 sec
 - d_sub 800 : OOB 0.1663 : L 31 : T 4.9 sec
 - d_sub 800 : OOB 0.1662 : L 32 : T 5.1 sec
 - d_sub 800 : OOB 0.1640 : L 33 : T 5.3 sec
 - d_sub 800 : OOB 0.1646 : L 34 : T 5.4 sec
 - d_sub 800 : OOB 0.1635 : L 35 : T 5.6 sec
 - d_sub 800 : OOB 0.1626 : L 36 : T 5.8 sec
 - d_sub 800 : OOB 0.1630 : L 37 : T 6.0 sec
 - d_sub 800 : OOB 0.1617 : L 38 : T 6.2 sec
 - d_sub 800 : OOB 0.1635 : L 39 : T 6.4 sec
 - d_sub 800 : OOB 0.1643 : L 40 : T 6.6 sec
 - d_sub 800 : OOB 0.1609 : L 41 : T 6.7 sec
 - d_sub 800 : OOB 0.1617 : L 42 : T 6.9 sec
 - d_sub 800 : OOB 0.1610 : L 43 : T 7.1 sec
 - d_sub 800 : OOB 0.1611 : L 44 : T 7.3 sec
 - d_sub 800 : OOB 0.1592 : L 45 : T 7.5 sec
 - d_sub 800 : OOB 0.1615 : L 46 : T 7.7 sec
 - d_sub 800 : OOB 0.1627 : L 47 : T 7.9 sec
 - d_sub 800 : OOB 0.1624 : L 48 : T 8.0 sec
 - d_sub 800 : OOB 0.1627 : L 49 : T 8.2 sec
 - d_sub 800 : OOB 0.1610 : L 50 : T 8.4 sec
 - d_sub 800 : OOB 0.1606 : L 51 : T 8.6 sec
 - d_sub 800 : OOB 0.1602 : L 52 : T 8.8 sec
 - d_sub 800 : OOB 0.1586 : L 53 : T 9.0 sec
 - d_sub 800 : OOB 0.1587 : L 54 : T 9.1 sec
 - d_sub 800 : OOB 0.1586 : L 55 : T 9.3 sec
 - d_sub 800 : OOB 0.1586 : L 56 : T 9.5 sec
 - d_sub 800 : OOB 0.1575 : L 57 : T 9.7 sec
 - d_sub 800 : OOB 0.1558 : L 58 : T 9.9 sec
 - d_sub 800 : OOB 0.1582 : L 59 : T 10.1 sec
 - d_sub 800 : OOB 0.1583 : L 60 : T 10.2 sec
 - d_sub 800 : OOB 0.1579 : L 61 : T 10.4 sec
 - d_sub 800 : OOB 0.1557 : L 62 : T 10.6 sec
 - d_sub 800 : OOB 0.1566 : L 63 : T 10.8 sec
 - d_sub 800 : OOB 0.1576 : L 64 : T 11.0 sec
 - d_sub 800 : OOB 0.1581 : L 65 : T 11.2 sec
 - d_sub 800 : OOB 0.1587 : L 66 : T 11.4 sec
 - d_sub 800 : OOB 0.1585 : L 67 : T 11.6 sec
 - d_sub 800 : OOB 0.1581 : L 68 : T 11.7 sec
 - d_sub 800 : OOB 0.1582 : L 69 : T 11.9 sec
 - d_sub 800 : OOB 0.1578 : L 70 : T 12.0 sec
 - d_sub 800 : OOB 0.1578 : L 71 : T 12.2 sec
 - d_sub 800 : OOB 0.1593 : L 72 : T 12.3 sec
 - d_sub 800 : OOB 0.1576 : L 73 : T 12.5 sec
 - d_sub 800 : OOB 0.1580 : L 74 : T 12.7 sec
 - d_sub 800 : OOB 0.1570 : L 75 : T 12.8 sec
 - d_sub 800 : OOB 0.1579 : L 76 : T 13.0 sec
 - d_sub 800 : OOB 0.1578 : L 77 : T 13.1 sec
 - d_sub 800 : OOB 0.1565 : L 78 : T 13.3 sec
 - d_sub 800 : OOB 0.1573 : L 79 : T 13.4 sec
 - d_sub 800 : OOB 0.1569 : L 80 : T 13.6 sec
 - d_sub 800 : OOB 0.1562 : L 81 : T 13.7 sec
 - d_sub 800 : OOB 0.1573 : L 82 : T 13.9 sec
 - d_sub 800 : OOB 0.1569 : L 83 : T 14.1 sec
 - d_sub 800 : OOB 0.1573 : L 84 : T 14.2 sec
 - d_sub 800 : OOB 0.1565 : L 85 : T 14.4 sec
 - d_sub 800 : OOB 0.1563 : L 86 : T 14.5 sec
 - d_sub 800 : OOB 0.1565 : L 87 : T 14.7 sec
 - d_sub 800 : OOB 0.1562 : L 88 : T 14.8 sec
 - d_sub 800 : OOB 0.1557 : L 89 : T 15.0 sec
 - d_sub 800 : OOB 0.1562 : L 90 : T 15.1 sec
 - d_sub 800 : OOB 0.1554 : L 91 : T 15.3 sec
 - d_sub 800 : OOB 0.1555 : L 92 : T 15.5 sec
 - d_sub 800 : OOB 0.1557 : L 93 : T 15.6 sec
 - d_sub 800 : OOB 0.1562 : L 94 : T 15.8 sec
 - d_sub 800 : OOB 0.1557 : L 95 : T 15.9 sec
 - d_sub 800 : OOB 0.1561 : L 96 : T 16.1 sec
 - d_sub 800 : OOB 0.1560 : L 97 : T 16.2 sec
 - d_sub 800 : OOB 0.1557 : L 98 : T 16.4 sec

 - d_sub 1000 : OOB 0.3900 : L 1 : T 0.2 sec
 - d_sub 1000 : OOB 0.3214 : L 2 : T 0.5 sec
 - d_sub 1000 : OOB 0.2804 : L 3 : T 0.7 sec
 - d_sub 1000 : OOB 0.2424 : L 4 : T 0.9 sec
 - d_sub 1000 : OOB 0.2208 : L 5 : T 1.1 sec
 - d_sub 1000 : OOB 0.2116 : L 6 : T 1.3 sec
 - d_sub 1000 : OOB 0.2045 : L 7 : T 1.6 sec
 - d_sub 1000 : OOB 0.1884 : L 8 : T 1.8 sec
 - d_sub 1000 : OOB 0.1811 : L 9 : T 2.1 sec
 - d_sub 1000 : OOB 0.1822 : L 10 : T 2.3 sec
 - d_sub 1000 : OOB 0.1823 : L 11 : T 2.6 sec
 - d_sub 1000 : OOB 0.1808 : L 12 : T 2.9 sec
 - d_sub 1000 : OOB 0.1755 : L 13 : T 3.1 sec
 - d_sub 1000 : OOB 0.1747 : L 14 : T 3.4 sec
 - d_sub 1000 : OOB 0.1710 : L 15 : T 3.7 sec
 - d_sub 1000 : OOB 0.1692 : L 16 : T 3.9 sec
 - d_sub 1000 : OOB 0.1668 : L 17 : T 4.2 sec
 - d_sub 1000 : OOB 0.1686 : L 18 : T 4.5 sec
 - d_sub 1000 : OOB 0.1677 : L 19 : T 4.8 sec
 - d_sub 1000 : OOB 0.1648 : L 20 : T 5.0 sec
 - d_sub 1000 : OOB 0.1644 : L 21 : T 5.3 sec
 - d_sub 1000 : OOB 0.1643 : L 22 : T 5.6 sec
 - d_sub 1000 : OOB 0.1616 : L 23 : T 5.8 sec
 - d_sub 1000 : OOB 0.1623 : L 24 : T 6.1 sec
 - d_sub 1000 : OOB 0.1609 : L 25 : T 6.4 sec
 - d_sub 1000 : OOB 0.1597 : L 26 : T 6.6 sec
 - d_sub 1000 : OOB 0.1606 : L 27 : T 6.9 sec
 - d_sub 1000 : OOB 0.1582 : L 28 : T 7.2 sec
 - d_sub 1000 : OOB 0.1586 : L 29 : T 7.4 sec
 - d_sub 1000 : OOB 0.1572 : L 30 : T 7.7 sec
 - d_sub 1000 : OOB 0.1560 : L 31 : T 8.0 sec
 - d_sub 1000 : OOB 0.1571 : L 32 : T 8.3 sec
 - d_sub 1000 : OOB 0.1552 : L 33 : T 8.5 sec
 - d_sub 1000 : OOB 0.1565 : L 34 : T 8.8 sec
 - d_sub 1000 : OOB 0.1561 : L 35 : T 9.0 sec
 - d_sub 1000 : OOB 0.1562 : L 36 : T 9.2 sec
 - d_sub 1000 : OOB 0.1551 : L 37 : T 9.4 sec
 - d_sub 1000 : OOB 0.1538 : L 38 : T 9.7 sec
 - d_sub 1000 : OOB 0.1543 : L 39 : T 9.9 sec
 - d_sub 1000 : OOB 0.1518 : L 40 : T 10.1 sec
 - d_sub 1000 : OOB 0.1519 : L 41 : T 10.3 sec
 - d_sub 1000 : OOB 0.1511 : L 42 : T 10.5 sec
 - d_sub 1000 : OOB 0.1500 : L 43 : T 10.8 sec
 - d_sub 1000 : OOB 0.1527 : L 44 : T 11.0 sec
 - d_sub 1000 : OOB 0.1522 : L 45 : T 11.2 sec
 - d_sub 1000 : OOB 0.1527 : L 46 : T 11.5 sec
 - d_sub 1000 : OOB 0.1518 : L 47 : T 11.7 sec
 - d_sub 1000 : OOB 0.1514 : L 48 : T 11.9 sec
 - d_sub 1000 : OOB 0.1513 : L 49 : T 12.2 sec
 - d_sub 1000 : OOB 0.1520 : L 50 : T 12.4 sec
 - d_sub 1000 : OOB 0.1515 : L 51 : T 12.6 sec
 - d_sub 1000 : OOB 0.1518 : L 52 : T 12.9 sec
 - d_sub 1000 : OOB 0.1511 : L 53 : T 13.1 sec
 - d_sub 1000 : OOB 0.1525 : L 54 : T 13.3 sec
 - d_sub 1000 : OOB 0.1514 : L 55 : T 13.6 sec
 - d_sub 1000 : OOB 0.1519 : L 56 : T 13.8 sec
 - d_sub 1000 : OOB 0.1507 : L 57 : T 14.0 sec
 - d_sub 1000 : OOB 0.1494 : L 58 : T 14.2 sec
 - d_sub 1000 : OOB 0.1501 : L 59 : T 14.5 sec
 - d_sub 1000 : OOB 0.1505 : L 60 : T 14.8 sec
 - d_sub 1000 : OOB 0.1509 : L 61 : T 15.1 sec
 - d_sub 1000 : OOB 0.1506 : L 62 : T 15.3 sec
 - d_sub 1000 : OOB 0.1504 : L 63 : T 15.6 sec
 - d_sub 1000 : OOB 0.1497 : L 64 : T 15.9 sec
 - d_sub 1000 : OOB 0.1504 : L 65 : T 16.2 sec
 - d_sub 1000 : OOB 0.1500 : L 66 : T 16.5 sec
 - d_sub 1000 : OOB 0.1505 : L 67 : T 16.7 sec
 - d_sub 1000 : OOB 0.1493 : L 68 : T 17.0 sec
 - d_sub 1000 : OOB 0.1491 : L 69 : T 17.3 sec
 - d_sub 1000 : OOB 0.1486 : L 70 : T 17.5 sec
 - d_sub 1000 : OOB 0.1500 : L 71 : T 17.8 sec
 - d_sub 1000 : OOB 0.1490 : L 72 : T 18.0 sec
 - d_sub 1000 : OOB 0.1484 : L 73 : T 18.3 sec
 - d_sub 1000 : OOB 0.1497 : L 74 : T 18.5 sec
 - d_sub 1000 : OOB 0.1491 : L 75 : T 18.8 sec
 - d_sub 1000 : OOB 0.1505 : L 76 : T 19.0 sec
 - d_sub 1000 : OOB 0.1508 : L 77 : T 19.3 sec
 - d_sub 1000 : OOB 0.1500 : L 78 : T 19.6 sec
 - d_sub 1000 : OOB 0.1489 : L 79 : T 19.8 sec
 - d_sub 1000 : OOB 0.1483 : L 80 : T 20.1 sec
 - d_sub 1000 : OOB 0.1481 : L 81 : T 20.3 sec
 - d_sub 1000 : OOB 0.1476 : L 82 : T 20.6 sec
 - d_sub 1000 : OOB 0.1480 : L 83 : T 20.8 sec
 - d_sub 1000 : OOB 0.1483 : L 84 : T 21.1 sec
 - d_sub 1000 : OOB 0.1485 : L 85 : T 21.4 sec
 - d_sub 1000 : OOB 0.1472 : L 86 : T 21.6 sec
 - d_sub 1000 : OOB 0.1477 : L 87 : T 21.9 sec

 - d_sub 1200 : OOB 0.3838 : L 1 : T 0.4 sec
 - d_sub 1200 : OOB 0.3132 : L 2 : T 0.7 sec
 - d_sub 1200 : OOB 0.2736 : L 3 : T 1.0 sec
 - d_sub 1200 : OOB 0.2428 : L 4 : T 1.3 sec
 - d_sub 1200 : OOB 0.2194 : L 5 : T 1.6 sec
 - d_sub 1200 : OOB 0.2089 : L 6 : T 1.9 sec
 - d_sub 1200 : OOB 0.2002 : L 7 : T 2.2 sec
 - d_sub 1200 : OOB 0.1881 : L 8 : T 2.5 sec
 - d_sub 1200 : OOB 0.1829 : L 9 : T 2.8 sec
 - d_sub 1200 : OOB 0.1804 : L 10 : T 3.1 sec
 - d_sub 1200 : OOB 0.1757 : L 11 : T 3.4 sec
 - d_sub 1200 : OOB 0.1729 : L 12 : T 3.7 sec
 - d_sub 1200 : OOB 0.1689 : L 13 : T 4.0 sec
 - d_sub 1200 : OOB 0.1674 : L 14 : T 4.3 sec
 - d_sub 1200 : OOB 0.1630 : L 15 : T 4.6 sec
 - d_sub 1200 : OOB 0.1647 : L 16 : T 4.9 sec
 - d_sub 1200 : OOB 0.1627 : L 17 : T 5.2 sec
 - d_sub 1200 : OOB 0.1629 : L 18 : T 5.5 sec
 - d_sub 1200 : OOB 0.1606 : L 19 : T 5.8 sec
 - d_sub 1200 : OOB 0.1600 : L 20 : T 6.1 sec
 - d_sub 1200 : OOB 0.1606 : L 21 : T 6.4 sec
 - d_sub 1200 : OOB 0.1577 : L 22 : T 6.7 sec
 - d_sub 1200 : OOB 0.1543 : L 23 : T 7.0 sec
 - d_sub 1200 : OOB 0.1562 : L 24 : T 7.4 sec
 - d_sub 1200 : OOB 0.1547 : L 25 : T 7.8 sec
 - d_sub 1200 : OOB 0.1535 : L 26 : T 8.1 sec
 - d_sub 1200 : OOB 0.1536 : L 27 : T 8.5 sec
 - d_sub 1200 : OOB 0.1533 : L 28 : T 8.9 sec
 - d_sub 1200 : OOB 0.1535 : L 29 : T 9.3 sec
 - d_sub 1200 : OOB 0.1525 : L 30 : T 9.6 sec
 - d_sub 1200 : OOB 0.1519 : L 31 : T 10.0 sec
 - d_sub 1200 : OOB 0.1521 : L 32 : T 10.3 sec
 - d_sub 1200 : OOB 0.1505 : L 33 : T 10.7 sec
 - d_sub 1200 : OOB 0.1505 : L 34 : T 11.0 sec
 - d_sub 1200 : OOB 0.1498 : L 35 : T 11.4 sec
 - d_sub 1200 : OOB 0.1513 : L 36 : T 11.7 sec
 - d_sub 1200 : OOB 0.1502 : L 37 : T 12.0 sec
 - d_sub 1200 : OOB 0.1516 : L 38 : T 12.4 sec
 - d_sub 1200 : OOB 0.1519 : L 39 : T 12.7 sec
 - d_sub 1200 : OOB 0.1517 : L 40 : T 13.1 sec
 - d_sub 1200 : OOB 0.1515 : L 41 : T 13.4 sec
 - d_sub 1200 : OOB 0.1496 : L 42 : T 13.8 sec
 - d_sub 1200 : OOB 0.1497 : L 43 : T 14.1 sec
 - d_sub 1200 : OOB 0.1501 : L 44 : T 14.5 sec
 - d_sub 1200 : OOB 0.1492 : L 45 : T 14.8 sec
 - d_sub 1200 : OOB 0.1496 : L 46 : T 15.1 sec
 - d_sub 1200 : OOB 0.1484 : L 47 : T 15.4 sec
 - d_sub 1200 : OOB 0.1489 : L 48 : T 15.7 sec
 - d_sub 1200 : OOB 0.1476 : L 49 : T 16.0 sec
 - d_sub 1200 : OOB 0.1491 : L 50 : T 16.3 sec
 - d_sub 1200 : OOB 0.1467 : L 51 : T 16.6 sec
 - d_sub 1200 : OOB 0.1495 : L 52 : T 16.9 sec
 - d_sub 1200 : OOB 0.1471 : L 53 : T 17.2 sec
 - d_sub 1200 : OOB 0.1476 : L 54 : T 17.5 sec
 - d_sub 1200 : OOB 0.1463 : L 55 : T 17.8 sec
 - d_sub 1200 : OOB 0.1461 : L 56 : T 18.1 sec
 - d_sub 1200 : OOB 0.1462 : L 57 : T 18.4 sec
 - d_sub 1200 : OOB 0.1466 : L 58 : T 18.6 sec
 - d_sub 1200 : OOB 0.1471 : L 59 : T 18.9 sec
 - d_sub 1200 : OOB 0.1468 : L 60 : T 19.2 sec
 - d_sub 1200 : OOB 0.1467 : L 61 : T 19.5 sec
 - d_sub 1200 : OOB 0.1476 : L 62 : T 19.8 sec
 - d_sub 1200 : OOB 0.1470 : L 63 : T 20.1 sec
 - d_sub 1200 : OOB 0.1473 : L 64 : T 20.4 sec
 - d_sub 1200 : OOB 0.1459 : L 65 : T 20.7 sec
 - d_sub 1200 : OOB 0.1469 : L 66 : T 21.0 sec
 - d_sub 1200 : OOB 0.1454 : L 67 : T 21.4 sec
 - d_sub 1200 : OOB 0.1454 : L 68 : T 21.7 sec
 - d_sub 1200 : OOB 0.1467 : L 69 : T 22.0 sec
 - d_sub 1200 : OOB 0.1467 : L 70 : T 22.4 sec
 - d_sub 1200 : OOB 0.1451 : L 71 : T 22.7 sec
 - d_sub 1200 : OOB 0.1467 : L 72 : T 23.1 sec
 - d_sub 1200 : OOB 0.1467 : L 73 : T 23.4 sec
 - d_sub 1200 : OOB 0.1457 : L 74 : T 23.8 sec
 - d_sub 1200 : OOB 0.1468 : L 75 : T 24.2 sec
 - d_sub 1200 : OOB 0.1464 : L 76 : T 24.5 sec
 - d_sub 1200 : OOB 0.1470 : L 77 : T 24.9 sec
 - d_sub 1200 : OOB 0.1458 : L 78 : T 25.2 sec
 - d_sub 1200 : OOB 0.1461 : L 79 : T 25.5 sec
 - d_sub 1200 : OOB 0.1463 : L 80 : T 25.9 sec
 - d_sub 1200 : OOB 0.1450 : L 81 : T 26.2 sec
 - d_sub 1200 : OOB 0.1443 : L 82 : T 26.6 sec
 - d_sub 1200 : OOB 0.1454 : L 83 : T 26.9 sec
 - d_sub 1200 : OOB 0.1467 : L 84 : T 27.2 sec
 - d_sub 1200 : OOB 0.1457 : L 85 : T 27.6 sec
 - d_sub 1200 : OOB 0.1454 : L 86 : T 27.9 sec
 - d_sub 1200 : OOB 0.1439 : L 87 : T 28.2 sec
 - d_sub 1200 : OOB 0.1434 : L 88 : T 28.6 sec
 - d_sub 1200 : OOB 0.1449 : L 89 : T 28.9 sec
 - d_sub 1200 : OOB 0.1453 : L 90 : T 29.2 sec
 - d_sub 1200 : OOB 0.1448 : L 91 : T 29.5 sec
 - d_sub 1200 : OOB 0.1451 : L 92 : T 29.8 sec

 - d_sub 1400 : OOB 0.3859 : L 1 : T 0.4 sec
 - d_sub 1400 : OOB 0.3157 : L 2 : T 0.8 sec
 - d_sub 1400 : OOB 0.2713 : L 3 : T 1.2 sec
 - d_sub 1400 : OOB 0.2419 : L 4 : T 1.5 sec
 - d_sub 1400 : OOB 0.2208 : L 5 : T 1.9 sec
 - d_sub 1400 : OOB 0.2102 : L 6 : T 2.3 sec
 - d_sub 1400 : OOB 0.2057 : L 7 : T 2.7 sec
 - d_sub 1400 : OOB 0.1910 : L 8 : T 3.1 sec
 - d_sub 1400 : OOB 0.1844 : L 9 : T 3.5 sec
 - d_sub 1400 : OOB 0.1817 : L 10 : T 3.9 sec
 - d_sub 1400 : OOB 0.1787 : L 11 : T 4.2 sec
 - d_sub 1400 : OOB 0.1771 : L 12 : T 4.6 sec
 - d_sub 1400 : OOB 0.1747 : L 13 : T 5.1 sec
 - d_sub 1400 : OOB 0.1713 : L 14 : T 5.5 sec
 - d_sub 1400 : OOB 0.1700 : L 15 : T 5.9 sec
 - d_sub 1400 : OOB 0.1665 : L 16 : T 6.4 sec
 - d_sub 1400 : OOB 0.1679 : L 17 : T 6.9 sec
 - d_sub 1400 : OOB 0.1671 : L 18 : T 7.4 sec
 - d_sub 1400 : OOB 0.1652 : L 19 : T 7.8 sec
 - d_sub 1400 : OOB 0.1653 : L 20 : T 8.2 sec
 - d_sub 1400 : OOB 0.1643 : L 21 : T 8.7 sec
 - d_sub 1400 : OOB 0.1617 : L 22 : T 9.1 sec
 - d_sub 1400 : OOB 0.1602 : L 23 : T 9.6 sec
 - d_sub 1400 : OOB 0.1588 : L 24 : T 10.0 sec
 - d_sub 1400 : OOB 0.1594 : L 25 : T 10.4 sec
 - d_sub 1400 : OOB 0.1595 : L 26 : T 10.9 sec
 - d_sub 1400 : OOB 0.1579 : L 27 : T 11.3 sec
 - d_sub 1400 : OOB 0.1590 : L 28 : T 11.7 sec
 - d_sub 1400 : OOB 0.1578 : L 29 : T 12.1 sec
 - d_sub 1400 : OOB 0.1572 : L 30 : T 12.6 sec
 - d_sub 1400 : OOB 0.1565 : L 31 : T 13.0 sec
 - d_sub 1400 : OOB 0.1570 : L 32 : T 13.4 sec
 - d_sub 1400 : OOB 0.1556 : L 33 : T 13.8 sec
 - d_sub 1400 : OOB 0.1556 : L 34 : T 14.2 sec
 - d_sub 1400 : OOB 0.1525 : L 35 : T 14.6 sec
 - d_sub 1400 : OOB 0.1536 : L 36 : T 14.9 sec
 - d_sub 1400 : OOB 0.1529 : L 37 : T 15.3 sec
 - d_sub 1400 : OOB 0.1535 : L 38 : T 15.7 sec
 - d_sub 1400 : OOB 0.1526 : L 39 : T 16.1 sec
 - d_sub 1400 : OOB 0.1502 : L 40 : T 16.5 sec
 - d_sub 1400 : OOB 0.1510 : L 41 : T 16.8 sec
 - d_sub 1400 : OOB 0.1521 : L 42 : T 17.2 sec
 - d_sub 1400 : OOB 0.1512 : L 43 : T 17.6 sec
 - d_sub 1400 : OOB 0.1513 : L 44 : T 18.0 sec
 - d_sub 1400 : OOB 0.1510 : L 45 : T 18.3 sec
 - d_sub 1400 : OOB 0.1507 : L 46 : T 18.7 sec
 - d_sub 1400 : OOB 0.1498 : L 47 : T 19.2 sec
 - d_sub 1400 : OOB 0.1497 : L 48 : T 19.7 sec
 - d_sub 1400 : OOB 0.1495 : L 49 : T 20.1 sec
 - d_sub 1400 : OOB 0.1494 : L 50 : T 20.5 sec
 - d_sub 1400 : OOB 0.1483 : L 51 : T 21.0 sec
 - d_sub 1400 : OOB 0.1498 : L 52 : T 21.5 sec
 - d_sub 1400 : OOB 0.1481 : L 53 : T 22.0 sec
 - d_sub 1400 : OOB 0.1472 : L 54 : T 22.4 sec
 - d_sub 1400 : OOB 0.1470 : L 55 : T 22.8 sec
 - d_sub 1400 : OOB 0.1478 : L 56 : T 23.2 sec
 - d_sub 1400 : OOB 0.1473 : L 57 : T 23.7 sec
 - d_sub 1400 : OOB 0.1473 : L 58 : T 24.2 sec
 - d_sub 1400 : OOB 0.1477 : L 59 : T 24.6 sec
 - d_sub 1400 : OOB 0.1473 : L 60 : T 25.1 sec
 - d_sub 1400 : OOB 0.1474 : L 61 : T 25.5 sec
 - d_sub 1400 : OOB 0.1473 : L 62 : T 25.9 sec
 - d_sub 1400 : OOB 0.1473 : L 63 : T 26.3 sec
 - d_sub 1400 : OOB 0.1470 : L 64 : T 26.8 sec
 - d_sub 1400 : OOB 0.1473 : L 65 : T 27.2 sec
 - d_sub 1400 : OOB 0.1471 : L 66 : T 27.5 sec
 - d_sub 1400 : OOB 0.1479 : L 67 : T 27.9 sec
 - d_sub 1400 : OOB 0.1479 : L 68 : T 28.3 sec
 - d_sub 1400 : OOB 0.1467 : L 69 : T 28.7 sec
 - d_sub 1400 : OOB 0.1466 : L 70 : T 29.1 sec
 - d_sub 1400 : OOB 0.1467 : L 71 : T 29.5 sec
 - d_sub 1400 : OOB 0.1453 : L 72 : T 29.9 sec
 - d_sub 1400 : OOB 0.1452 : L 73 : T 30.3 sec
 - d_sub 1400 : OOB 0.1454 : L 74 : T 30.6 sec
 - d_sub 1400 : OOB 0.1459 : L 75 : T 31.0 sec
 - d_sub 1400 : OOB 0.1456 : L 76 : T 31.4 sec
 - d_sub 1400 : OOB 0.1455 : L 77 : T 31.7 sec
 - d_sub 1400 : OOB 0.1455 : L 78 : T 32.1 sec
 - d_sub 1400 : OOB 0.1445 : L 79 : T 32.5 sec
 - d_sub 1400 : OOB 0.1459 : L 80 : T 33.0 sec
 - d_sub 1400 : OOB 0.1455 : L 81 : T 33.4 sec
 - d_sub 1400 : OOB 0.1457 : L 82 : T 33.9 sec
 - d_sub 1400 : OOB 0.1448 : L 83 : T 34.4 sec
 - d_sub 1400 : OOB 0.1447 : L 84 : T 34.8 sec
 - d_sub 1400 : OOB 0.1438 : L 85 : T 35.2 sec
 - d_sub 1400 : OOB 0.1432 : L 86 : T 35.7 sec
 - d_sub 1400 : OOB 0.1443 : L 87 : T 36.2 sec
 - d_sub 1400 : OOB 0.1434 : L 88 : T 36.7 sec
 - d_sub 1400 : OOB 0.1449 : L 89 : T 37.2 sec
 - d_sub 1400 : OOB 0.1441 : L 90 : T 37.7 sec
 - d_sub 1400 : OOB 0.1447 : L 91 : T 38.1 sec
 - d_sub 1400 : OOB 0.1437 : L 92 : T 38.6 sec
 - d_sub 1400 : OOB 0.1444 : L 93 : T 39.1 sec
 - d_sub 1400 : OOB 0.1451 : L 94 : T 39.6 sec
 - d_sub 1400 : OOB 0.1443 : L 95 : T 40.1 sec
 - d_sub 1400 : OOB 0.1450 : L 96 : T 40.5 sec
 - d_sub 1400 : OOB 0.1443 : L 97 : T 40.9 sec
 - d_sub 1400 : OOB 0.1445 : L 98 : T 41.3 sec
 - d_sub 1400 : OOB 0.1445 : L 99 : T 41.7 sec

 - d_sub 1600 : OOB 0.3880 : L 1 : T 0.5 sec
 - d_sub 1600 : OOB 0.3184 : L 2 : T 1.0 sec
 - d_sub 1600 : OOB 0.2772 : L 3 : T 1.5 sec
 - d_sub 1600 : OOB 0.2429 : L 4 : T 2.0 sec
 - d_sub 1600 : OOB 0.2238 : L 5 : T 2.4 sec
 - d_sub 1600 : OOB 0.2120 : L 6 : T 2.9 sec
 - d_sub 1600 : OOB 0.2064 : L 7 : T 3.4 sec
 - d_sub 1600 : OOB 0.1963 : L 8 : T 3.9 sec
 - d_sub 1600 : OOB 0.1866 : L 9 : T 4.4 sec
 - d_sub 1600 : OOB 0.1858 : L 10 : T 4.9 sec
 - d_sub 1600 : OOB 0.1837 : L 11 : T 5.5 sec
 - d_sub 1600 : OOB 0.1808 : L 12 : T 6.1 sec
 - d_sub 1600 : OOB 0.1777 : L 13 : T 6.7 sec
 - d_sub 1600 : OOB 0.1740 : L 14 : T 7.2 sec
 - d_sub 1600 : OOB 0.1760 : L 15 : T 7.9 sec
 - d_sub 1600 : OOB 0.1723 : L 16 : T 8.4 sec
 - d_sub 1600 : OOB 0.1702 : L 17 : T 8.9 sec
 - d_sub 1600 : OOB 0.1699 : L 18 : T 9.5 sec
 - d_sub 1600 : OOB 0.1680 : L 19 : T 10.0 sec
 - d_sub 1600 : OOB 0.1637 : L 20 : T 10.6 sec
 - d_sub 1600 : OOB 0.1621 : L 21 : T 11.1 sec
 - d_sub 1600 : OOB 0.1636 : L 22 : T 11.7 sec
 - d_sub 1600 : OOB 0.1617 : L 23 : T 12.2 sec
 - d_sub 1600 : OOB 0.1620 : L 24 : T 12.7 sec
 - d_sub 1600 : OOB 0.1602 : L 25 : T 13.1 sec
 - d_sub 1600 : OOB 0.1587 : L 26 : T 13.5 sec
 - d_sub 1600 : OOB 0.1609 : L 27 : T 14.0 sec
 - d_sub 1600 : OOB 0.1613 : L 28 : T 14.4 sec
 - d_sub 1600 : OOB 0.1600 : L 29 : T 14.8 sec
 - d_sub 1600 : OOB 0.1603 : L 30 : T 15.2 sec
 - d_sub 1600 : OOB 0.1572 : L 31 : T 15.7 sec
 - d_sub 1600 : OOB 0.1568 : L 32 : T 16.1 sec
 - d_sub 1600 : OOB 0.1571 : L 33 : T 16.5 sec
 - d_sub 1600 : OOB 0.1559 : L 34 : T 16.9 sec
 - d_sub 1600 : OOB 0.1529 : L 35 : T 17.4 sec
 - d_sub 1600 : OOB 0.1555 : L 36 : T 17.8 sec
 - d_sub 1600 : OOB 0.1550 : L 37 : T 18.2 sec
 - d_sub 1600 : OOB 0.1552 : L 38 : T 18.7 sec
 - d_sub 1600 : OOB 0.1530 : L 39 : T 19.2 sec
 - d_sub 1600 : OOB 0.1527 : L 40 : T 19.7 sec
 - d_sub 1600 : OOB 0.1520 : L 41 : T 20.2 sec
 - d_sub 1600 : OOB 0.1513 : L 42 : T 20.7 sec
 - d_sub 1600 : OOB 0.1524 : L 43 : T 21.4 sec
 - d_sub 1600 : OOB 0.1498 : L 44 : T 22.0 sec
 - d_sub 1600 : OOB 0.1503 : L 45 : T 22.6 sec
 - d_sub 1600 : OOB 0.1497 : L 46 : T 23.2 sec
 - d_sub 1600 : OOB 0.1505 : L 47 : T 23.8 sec
 - d_sub 1600 : OOB 0.1479 : L 48 : T 24.5 sec
 - d_sub 1600 : OOB 0.1480 : L 49 : T 25.1 sec
 - d_sub 1600 : OOB 0.1475 : L 50 : T 25.7 sec
 - d_sub 1600 : OOB 0.1479 : L 51 : T 26.3 sec
 - d_sub 1600 : OOB 0.1471 : L 52 : T 26.8 sec
 - d_sub 1600 : OOB 0.1451 : L 53 : T 27.2 sec
 - d_sub 1600 : OOB 0.1480 : L 54 : T 27.7 sec
 - d_sub 1600 : OOB 0.1478 : L 55 : T 28.1 sec
 - d_sub 1600 : OOB 0.1477 : L 56 : T 28.5 sec
 - d_sub 1600 : OOB 0.1481 : L 57 : T 29.0 sec
 - d_sub 1600 : OOB 0.1481 : L 58 : T 29.4 sec
 - d_sub 1600 : OOB 0.1468 : L 59 : T 29.8 sec
 - d_sub 1600 : OOB 0.1465 : L 60 : T 30.2 sec
 - d_sub 1600 : OOB 0.1483 : L 61 : T 30.7 sec
 - d_sub 1600 : OOB 0.1473 : L 62 : T 31.1 sec
 - d_sub 1600 : OOB 0.1480 : L 63 : T 31.5 sec
 - d_sub 1600 : OOB 0.1472 : L 64 : T 32.0 sec
 - d_sub 1600 : OOB 0.1475 : L 65 : T 32.5 sec
 - d_sub 1600 : OOB 0.1473 : L 66 : T 33.0 sec
 - d_sub 1600 : OOB 0.1454 : L 67 : T 33.5 sec
 - d_sub 1600 : OOB 0.1465 : L 68 : T 34.1 sec
 - d_sub 1600 : OOB 0.1459 : L 69 : T 34.6 sec
 - d_sub 1600 : OOB 0.1464 : L 70 : T 35.1 sec
 - d_sub 1600 : OOB 0.1463 : L 71 : T 35.6 sec
 - d_sub 1600 : OOB 0.1472 : L 72 : T 36.1 sec
 - d_sub 1600 : OOB 0.1467 : L 73 : T 36.6 sec
 - d_sub 1600 : OOB 0.1464 : L 74 : T 37.2 sec
 - d_sub 1600 : OOB 0.1468 : L 75 : T 37.7 sec
 - d_sub 1600 : OOB 0.1467 : L 76 : T 38.2 sec
 - d_sub 1600 : OOB 0.1467 : L 77 : T 38.7 sec
 - d_sub 1600 : OOB 0.1460 : L 78 : T 39.1 sec
 - d_sub 1600 : OOB 0.1461 : L 79 : T 39.7 sec
 - d_sub 1600 : OOB 0.1469 : L 80 : T 40.2 sec
 - d_sub 1600 : OOB 0.1466 : L 81 : T 40.7 sec
 - d_sub 1600 : OOB 0.1462 : L 82 : T 41.1 sec
 - d_sub 1600 : OOB 0.1473 : L 83 : T 41.6 sec
 - d_sub 1600 : OOB 0.1473 : L 84 : T 42.1 sec
 - d_sub 1600 : OOB 0.1470 : L 85 : T 42.5 sec
 - d_sub 1600 : OOB 0.1466 : L 86 : T 43.0 sec
 - d_sub 1600 : OOB 0.1462 : L 87 : T 43.5 sec
 - d_sub 1600 : OOB 0.1472 : L 88 : T 43.9 sec
 - d_sub 1600 : OOB 0.1469 : L 89 : T 44.4 sec
 - d_sub 1600 : OOB 0.1479 : L 90 : T 44.9 sec
 - d_sub 1600 : OOB 0.1473 : L 91 : T 45.4 sec
# -------------------------
optimal d_sub 1400 : OOB 0.1445 : L 99 : T 176.0 sec
Testing error: 0.1392
# -------------------------
# Ensemble classification
#  - Training samples: 10000 (5000/5000)
#  - Feature-space dimensionality: 24157
#  - L : automatic (min 25, max 500, length 50, eps 0.00500)
#  - d_sub : 300
#  - Seed 1 (subspaces) : 743836921
#  - Seed 2 (bootstrap) : 234430080
# -------------------------

 - d_sub 300 : OOB 0.4073 : L 1 : T 0.1 sec
 - d_sub 300 : OOB 0.3422 : L 2 : T 0.1 sec
 - d_sub 300 : OOB 0.3050 : L 3 : T 0.2 sec
 - d_sub 300 : OOB 0.2709 : L 4 : T 0.2 sec
 - d_sub 300 : OOB 0.2520 : L 5 : T 0.3 sec
 - d_sub 300 : OOB 0.2422 : L 6 : T 0.4 sec
 - d_sub 300 : OOB 0.2386 : L 7 : T 0.4 sec
 - d_sub 300 : OOB 0.2325 : L 8 : T 0.5 sec
 - d_sub 300 : OOB 0.2299 : L 9 : T 0.6 sec
 - d_sub 300 : OOB 0.2204 : L 10 : T 0.6 sec
 - d_sub 300 : OOB 0.2174 : L 11 : T 0.7 sec
 - d_sub 300 : OOB 0.2136 : L 12 : T 0.7 sec
 - d_sub 300 : OOB 0.2067 : L 13 : T 0.8 sec
 - d_sub 300 : OOB 0.2040 : L 14 : T 0.8 sec
 - d_sub 300 : OOB 0.2061 : L 15 : T 0.9 sec
 - d_sub 300 : OOB 0.2045 : L 16 : T 0.9 sec
 - d_sub 300 : OOB 0.2024 : L 17 : T 1.0 sec
 - d_sub 300 : OOB 0.2015 : L 18 : T 1.1 sec
 - d_sub 300 : OOB 0.1990 : L 19 : T 1.1 sec
 - d_sub 300 : OOB 0.2003 : L 20 : T 1.2 sec
 - d_sub 300 : OOB 0.1969 : L 21 : T 1.2 sec
 - d_sub 300 : OOB 0.1981 : L 22 : T 1.3 sec
 - d_sub 300 : OOB 0.1948 : L 23 : T 1.3 sec
 - d_sub 300 : OOB 0.1956 : L 24 : T 1.4 sec
 - d_sub 300 : OOB 0.1951 : L 25 : T 1.5 sec
 - d_sub 300 : OOB 0.1938 : L 26 : T 1.5 sec
 - d_sub 300 : OOB 0.1939 : L 27 : T 1.6 sec
 - d_sub 300 : OOB 0.1938 : L 28 : T 1.7 sec
 - d_sub 300 : OOB 0.1940 : L 29 : T 1.7 sec
 - d_sub 300 : OOB 0.1947 : L 30 : T 1.8 sec
 - d_sub 300 : OOB 0.1945 : L 31 : T 1.9 sec
 - d_sub 300 : OOB 0.1946 : L 32 : T 1.9 sec
 - d_sub 300 : OOB 0.1956 : L 33 : T 2.0 sec
 - d_sub 300 : OOB 0.1936 : L 34 : T 2.0 sec
 - d_sub 300 : OOB 0.1935 : L 35 : T 2.1 sec
 - d_sub 300 : OOB 0.1946 : L 36 : T 2.2 sec
 - d_sub 300 : OOB 0.1937 : L 37 : T 2.2 sec
 - d_sub 300 : OOB 0.1944 : L 38 : T 2.3 sec
 - d_sub 300 : OOB 0.1927 : L 39 : T 2.3 sec
 - d_sub 300 : OOB 0.1923 : L 40 : T 2.4 sec
 - d_sub 300 : OOB 0.1915 : L 41 : T 2.5 sec
 - d_sub 300 : OOB 0.1908 : L 42 : T 2.5 sec
 - d_sub 300 : OOB 0.1923 : L 43 : T 2.6 sec
 - d_sub 300 : OOB 0.1904 : L 44 : T 2.7 sec
 - d_sub 300 : OOB 0.1900 : L 45 : T 2.7 sec
 - d_sub 300 : OOB 0.1908 : L 46 : T 2.8 sec
 - d_sub 300 : OOB 0.1900 : L 47 : T 2.8 sec
 - d_sub 300 : OOB 0.1901 : L 48 : T 2.9 sec
 - d_sub 300 : OOB 0.1893 : L 49 : T 3.0 sec
 - d_sub 300 : OOB 0.1867 : L 50 : T 3.0 sec
 - d_sub 300 : OOB 0.1869 : L 51 : T 3.1 sec
 - d_sub 300 : OOB 0.1858 : L 52 : T 3.1 sec
 - d_sub 300 : OOB 0.1862 : L 53 : T 3.2 sec
 - d_sub 300 : OOB 0.1870 : L 54 : T 3.3 sec
 - d_sub 300 : OOB 0.1873 : L 55 : T 3.3 sec
 - d_sub 300 : OOB 0.1877 : L 56 : T 3.4 sec
 - d_sub 300 : OOB 0.1860 : L 57 : T 3.4 sec
 - d_sub 300 : OOB 0.1882 : L 58 : T 3.5 sec
 - d_sub 300 : OOB 0.1879 : L 59 : T 3.6 sec
 - d_sub 300 : OOB 0.1860 : L 60 : T 3.6 sec
 - d_sub 300 : OOB 0.1863 : L 61 : T 3.7 sec
 - d_sub 300 : OOB 0.1843 : L 62 : T 3.7 sec
 - d_sub 300 : OOB 0.1849 : L 63 : T 3.8 sec
 - d_sub 300 : OOB 0.1847 : L 64 : T 3.9 sec
 - d_sub 300 : OOB 0.1847 : L 65 : T 3.9 sec
 - d_sub 300 : OOB 0.1844 : L 66 : T 4.0 sec
 - d_sub 300 : OOB 0.1842 : L 67 : T 4.1 sec
 - d_sub 300 : OOB 0.1850 : L 68 : T 4.1 sec
 - d_sub 300 : OOB 0.1854 : L 69 : T 4.2 sec
 - d_sub 300 : OOB 0.1857 : L 70 : T 4.2 sec
 - d_sub 300 : OOB 0.1853 : L 71 : T 4.3 sec
 - d_sub 300 : OOB 0.1848 : L 72 : T 4.4 sec
 - d_sub 300 : OOB 0.1855 : L 73 : T 4.4 sec
 - d_sub 300 : OOB 0.1852 : L 74 : T 4.5 sec
 - d_sub 300 : OOB 0.1859 : L 75 : T 4.5 sec
 - d_sub 300 : OOB 0.1861 : L 76 : T 4.6 sec
 - d_sub 300 : OOB 0.1859 : L 77 : T 4.7 sec
 - d_sub 300 : OOB 0.1858 : L 78 : T 4.7 sec
 - d_sub 300 : OOB 0.1844 : L 79 : T 4.8 sec
 - d_sub 300 : OOB 0.1857 : L 80 : T 4.9 sec
 - d_sub 300 : OOB 0.1840 : L 81 : T 4.9 sec
 - d_sub 300 : OOB 0.1846 : L 82 : T 5.0 sec
 - d_sub 300 : OOB 0.1852 : L 83 : T 5.1 sec
 - d_sub 300 : OOB 0.1856 : L 84 : T 5.1 sec
 - d_sub 300 : OOB 0.1851 : L 85 : T 5.2 sec
 - d_sub 300 : OOB 0.1849 : L 86 : T 5.2 sec
 - d_sub 300 : OOB 0.1850 : L 87 : T 5.3 sec
 - d_sub 300 : OOB 0.1852 : L 88 : T 5.3 sec
 - d_sub 300 : OOB 0.1851 : L 89 : T 5.4 sec
 - d_sub 300 : OOB 0.1852 : L 90 : T 5.4 sec
 - d_sub 300 : OOB 0.1852 : L 91 : T 5.5 sec
 - d_sub 300 : OOB 0.1858 : L 92 : T 5.5 sec
 - d_sub 300 : OOB 0.1841 : L 93 : T 5.6 sec
 - d_sub 300 : OOB 0.1845 : L 94 : T 5.6 sec
 - d_sub 300 : OOB 0.1863 : L 95 : T 5.7 sec
# -------------------------
optimal d_sub 300 : OOB 0.1863 : L 95 : T 5.7 sec
# -------------------------
# Ensemble classification
#  - Training samples: 10000 (5000/5000)
#  - Feature-space dimensionality: 24157
#  - L : 30
#  - d_sub : 300
#  - Seed 1 (subspaces) : 597048943
#  - Seed 2 (bootstrap) : 721338529
# -------------------------

 - d_sub 300 : OOB 0.4028 : L 1 : T 0.0 sec
 - d_sub 300 : OOB 0.3382 : L 2 : T 0.1 sec
 - d_sub 300 : OOB 0.3066 : L 3 : T 0.1 sec
 - d_sub 300 : OOB 0.2748 : L 4 : T 0.2 sec
 - d_sub 300 : OOB 0.2538 : L 5 : T 0.2 sec
 - d_sub 300 : OOB 0.2421 : L 6 : T 0.3 sec
 - d_sub 300 : OOB 0.2335 : L 7 : T 0.3 sec
 - d_sub 300 : OOB 0.2287 : L 8 : T 0.4 sec
 - d_sub 300 : OOB 0.2255 : L 9 : T 0.4 sec
 - d_sub 300 : OOB 0.2184 : L 10 : T 0.5 sec
 - d_sub 300 : OOB 0.2165 : L 11 : T 0.5 sec
 - d_sub 300 : OOB 0.2115 : L 12 : T 0.6 sec
 - d_sub 300 : OOB 0.2095 : L 13 : T 0.6 sec
 - d_sub 300 : OOB 0.2085 : L 14 : T 0.7 sec
 - d_sub 300 : OOB 0.2063 : L 15 : T 0.7 sec
 - d_sub 300 : OOB 0.2036 : L 16 : T 0.8 sec
 - d_sub 300 : OOB 0.2032 : L 17 : T 0.8 sec
 - d_sub 300 : OOB 0.2039 : L 18 : T 0.9 sec
 - d_sub 300 : OOB 0.2028 : L 19 : T 0.9 sec
 - d_sub 300 : OOB 0.2037 : L 20 : T 1.0 sec
 - d_sub 300 : OOB 0.2008 : L 21 : T 1.0 sec
 - d_sub 300 : OOB 0.2010 : L 22 : T 1.1 sec
 - d_sub 300 : OOB 0.1977 : L 23 : T 1.1 sec
 - d_sub 300 : OOB 0.2007 : L 24 : T 1.2 sec
 - d_sub 300 : OOB 0.1981 : L 25 : T 1.3 sec
 - d_sub 300 : OOB 0.1987 : L 26 : T 1.3 sec
 - d_sub 300 : OOB 0.1975 : L 27 : T 1.4 sec
 - d_sub 300 : OOB 0.1966 : L 28 : T 1.4 sec
 - d_sub 300 : OOB 0.1939 : L 29 : T 1.5 sec
 - d_sub 300 : OOB 0.1951 : L 30 : T 1.5 sec
# -------------------------
optimal d_sub 300 : OOB 0.1951 : L 30 : T 1.5 sec
# -------------------------
# Ensemble classification
#  - Training samples: 10000 (5000/5000)
#  - Feature-space dimensionality: 24157
#  - L : 30
#  - d_sub : 300
#  - Seed 1 (subspaces) : 171399080
#  - Seed 2 (bootstrap) : 687989434
# -------------------------

 - d_sub 300 : OOB 0.3935 : L 1 : T 0.1 sec
 - d_sub 300 : OOB 0.3288 : L 2 : T 0.1 sec
 - d_sub 300 : OOB 0.2934 : L 3 : T 0.2 sec
 - d_sub 300 : OOB 0.2672 : L 4 : T 0.2 sec
 - d_sub 300 : OOB 0.2466 : L 5 : T 0.3 sec
 - d_sub 300 : OOB 0.2350 : L 6 : T 0.3 sec
 - d_sub 300 : OOB 0.2293 : L 7 : T 0.4 sec
 - d_sub 300 : OOB 0.2221 : L 8 : T 0.4 sec
 - d_sub 300 : OOB 0.2198 : L 9 : T 0.5 sec
 - d_sub 300 : OOB 0.2149 : L 10 : T 0.5 sec
 - d_sub 300 : OOB 0.2106 : L 11 : T 0.6 sec
 - d_sub 300 : OOB 0.2079 : L 12 : T 0.6 sec
 - d_sub 300 : OOB 0.2052 : L 13 : T 0.7 sec
 - d_sub 300 : OOB 0.2044 : L 14 : T 0.7 sec
 - d_sub 300 : OOB 0.1980 : L 15 : T 0.8 sec
 - d_sub 300 : OOB 0.1978 : L 16 : T 0.8 sec
 - d_sub 300 : OOB 0.1971 : L 17 : T 0.9 sec
 - d_sub 300 : OOB 0.1968 : L 18 : T 0.9 sec
 - d_sub 300 : OOB 0.1957 : L 19 : T 1.0 sec
 - d_sub 300 : OOB 0.1953 : L 20 : T 1.0 sec
 - d_sub 300 : OOB 0.1946 : L 21 : T 1.1 sec
 - d_sub 300 : OOB 0.1926 : L 22 : T 1.1 sec
 - d_sub 300 : OOB 0.1919 : L 23 : T 1.2 sec
 - d_sub 300 : OOB 0.1917 : L 24 : T 1.2 sec
 - d_sub 300 : OOB 0.1920 : L 25 : T 1.3 sec
 - d_sub 300 : OOB 0.1911 : L 26 : T 1.3 sec
 - d_sub 300 : OOB 0.1885 : L 27 : T 1.4 sec
 - d_sub 300 : OOB 0.1888 : L 28 : T 1.4 sec
 - d_sub 300 : OOB 0.1899 : L 29 : T 1.5 sec
 - d_sub 300 : OOB 0.1908 : L 30 : T 1.5 sec
# -------------------------
optimal d_sub 300 : OOB 0.1908 : L 30 : T 1.5 sec
# -------------------------
# Ensemble classification
#  - Training samples: 10000 (5000/5000)
#  - Feature-space dimensionality: 24157
#  - L : 30
#  - d_sub : 300
#  - Seed 1 (subspaces) : 441635652
#  - Seed 2 (bootstrap) : 524087568
# -------------------------

 - d_sub 300 : OOB 0.3980 : L 1 : T 0.1 sec
 - d_sub 300 : OOB 0.3268 : L 2 : T 0.1 sec
 - d_sub 300 : OOB 0.2998 : L 3 : T 0.2 sec
 - d_sub 300 : OOB 0.2716 : L 4 : T 0.2 sec
 - d_sub 300 : OOB 0.2497 : L 5 : T 0.3 sec
 - d_sub 300 : OOB 0.2402 : L 6 : T 0.3 sec
 - d_sub 300 : OOB 0.2349 : L 7 : T 0.4 sec
 - d_sub 300 : OOB 0.2304 : L 8 : T 0.4 sec
 - d_sub 300 : OOB 0.2276 : L 9 : T 0.5 sec
 - d_sub 300 : OOB 0.2205 : L 10 : T 0.5 sec
 - d_sub 300 : OOB 0.2172 : L 11 : T 0.6 sec
 - d_sub 300 : OOB 0.2120 : L 12 : T 0.6 sec
 - d_sub 300 : OOB 0.2075 : L 13 : T 0.7 sec
 - d_sub 300 : OOB 0.2070 : L 14 : T 0.7 sec
 - d_sub 300 : OOB 0.2048 : L 15 : T 0.8 sec
 - d_sub 300 : OOB 0.2027 : L 16 : T 0.8 sec
 - d_sub 300 : OOB 0.2010 : L 17 : T 0.9 sec
 - d_sub 300 : OOB 0.2015 : L 18 : T 0.9 sec
 - d_sub 300 : OOB 0.1999 : L 19 : T 1.0 sec
 - d_sub 300 : OOB 0.2002 : L 20 : T 1.0 sec
 - d_sub 300 : OOB 0.1981 : L 21 : T 1.1 sec
 - d_sub 300 : OOB 0.1977 : L 22 : T 1.1 sec
 - d_sub 300 : OOB 0.1971 : L 23 : T 1.2 sec
 - d_sub 300 : OOB 0.1974 : L 24 : T 1.2 sec
 - d_sub 300 : OOB 0.1980 : L 25 : T 1.3 sec
 - d_sub 300 : OOB 0.1966 : L 26 : T 1.3 sec
 - d_sub 300 : OOB 0.1934 : L 27 : T 1.3 sec
 - d_sub 300 : OOB 0.1937 : L 28 : T 1.4 sec
 - d_sub 300 : OOB 0.1933 : L 29 : T 1.4 sec
 - d_sub 300 : OOB 0.1938 : L 30 : T 1.5 sec
# -------------------------
optimal d_sub 300 : OOB 0.1938 : L 30 : T 1.5 sec
# -------------------------
# Ensemble classification
#  - Training samples: 10000 (5000/5000)
#  - Feature-space dimensionality: 24157
#  - L : 30
#  - d_sub : 300
#  - Seed 1 (subspaces) : 663738917
#  - Seed 2 (bootstrap) : 553329186
# -------------------------

 - d_sub 300 : OOB 0.3988 : L 1 : T 0.1 sec
 - d_sub 300 : OOB 0.3425 : L 2 : T 0.1 sec
 - d_sub 300 : OOB 0.3091 : L 3 : T 0.2 sec
 - d_sub 300 : OOB 0.2798 : L 4 : T 0.2 sec
 - d_sub 300 : OOB 0.2616 : L 5 : T 0.3 sec
 - d_sub 300 : OOB 0.2507 : L 6 : T 0.3 sec
 - d_sub 300 : OOB 0.2411 : L 7 : T 0.4 sec
 - d_sub 300 : OOB 0.2354 : L 8 : T 0.4 sec
 - d_sub 300 : OOB 0.2299 : L 9 : T 0.5 sec
 - d_sub 300 : OOB 0.2236 : L 10 : T 0.5 sec
 - d_sub 300 : OOB 0.2211 : L 11 : T 0.6 sec
 - d_sub 300 : OOB 0.2134 : L 12 : T 0.6 sec
 - d_sub 300 : OOB 0.2090 : L 13 : T 0.7 sec
 - d_sub 300 : OOB 0.2091 : L 14 : T 0.7 sec
 - d_sub 300 : OOB 0.2056 : L 15 : T 0.8 sec
 - d_sub 300 : OOB 0.1983 : L 16 : T 0.8 sec
 - d_sub 300 : OOB 0.1998 : L 17 : T 0.9 sec
 - d_sub 300 : OOB 0.2027 : L 18 : T 0.9 sec
 - d_sub 300 : OOB 0.2032 : L 19 : T 1.0 sec
 - d_sub 300 : OOB 0.2042 : L 20 : T 1.1 sec
 - d_sub 300 : OOB 0.1997 : L 21 : T 1.1 sec
 - d_sub 300 : OOB 0.1976 : L 22 : T 1.2 sec
 - d_sub 300 : OOB 0.1967 : L 23 : T 1.2 sec
 - d_sub 300 : OOB 0.1969 : L 24 : T 1.3 sec
 - d_sub 300 : OOB 0.1974 : L 25 : T 1.3 sec
 - d_sub 300 : OOB 0.1972 : L 26 : T 1.4 sec
 - d_sub 300 : OOB 0.1945 : L 27 : T 1.4 sec
 - d_sub 300 : OOB 0.1956 : L 28 : T 1.5 sec
 - d_sub 300 : OOB 0.1969 : L 29 : T 1.5 sec
 - d_sub 300 : OOB 0.1949 : L 30 : T 1.6 sec
# -------------------------
optimal d_sub 300 : OOB 0.1949 : L 30 : T 1.6 sec
# -------------------------
# Ensemble classification
#  - Training samples: 10000 (5000/5000)
#  - Feature-space dimensionality: 24157
#  - L : 30
#  - d_sub : 300
#  - Seed 1 (subspaces) : 333941726
#  - Seed 2 (bootstrap) : 867877723
# -------------------------

 - d_sub 300 : OOB 0.3979 : L 1 : T 0.1 sec
 - d_sub 300 : OOB 0.3320 : L 2 : T 0.1 sec
 - d_sub 300 : OOB 0.2956 : L 3 : T 0.2 sec
 - d_sub 300 : OOB 0.2700 : L 4 : T 0.2 sec
 - d_sub 300 : OOB 0.2488 : L 5 : T 0.3 sec
 - d_sub 300 : OOB 0.2362 : L 6 : T 0.3 sec
 - d_sub 300 : OOB 0.2359 : L 7 : T 0.4 sec
 - d_sub 300 : OOB 0.2235 : L 8 : T 0.5 sec
 - d_sub 300 : OOB 0.2170 : L 9 : T 0.5 sec
 - d_sub 300 : OOB 0.2148 : L 10 : T 0.6 sec
 - d_sub 300 : OOB 0.2118 : L 11 : T 0.6 sec
 - d_sub 300 : OOB 0.2105 : L 12 : T 0.7 sec
 - d_sub 300 : OOB 0.2112 : L 13 : T 0.7 sec
 - d_sub 300 : OOB 0.2052 : L 14 : T 0.8 sec
 - d_sub 300 : OOB 0.2060 : L 15 : T 0.9 sec
 - d_sub 300 : OOB 0.2041 : L 16 : T 0.9 sec
 - d_sub 300 : OOB 0.1993 : L 17 : T 1.0 sec
 - d_sub 300 : OOB 0.1985 : L 18 : T 1.0 sec
 - d_sub 300 : OOB 0.1985 : L 19 : T 1.1 sec
 - d_sub 300 : OOB 0.1978 : L 20 : T 1.1 sec
 - d_sub 300 : OOB 0.1948 : L 21 : T 1.2 sec
 - d_sub 300 : OOB 0.1950 : L 22 : T 1.3 sec
 - d_sub 300 : OOB 0.1940 : L 23 : T 1.3 sec
 - d_sub 300 : OOB 0.1939 : L 24 : T 1.4 sec
 - d_sub 300 : OOB 0.1932 : L 25 : T 1.4 sec
 - d_sub 300 : OOB 0.1952 : L 26 : T 1.5 sec
 - d_sub 300 : OOB 0.1945 : L 27 : T 1.5 sec
 - d_sub 300 : OOB 0.1931 : L 28 : T 1.6 sec
 - d_sub 300 : OOB 0.1905 : L 29 : T 1.7 sec
 - d_sub 300 : OOB 0.1911 : L 30 : T 1.7 sec
# -------------------------
optimal d_sub 300 : OOB 0.1911 : L 30 : T 1.7 sec
# -------------------------
# Ensemble classification
#  - Training samples: 10000 (5000/5000)
#  - Feature-space dimensionality: 24157
#  - L : 30
#  - d_sub : 300
#  - Seed 1 (subspaces) : 140218190
#  - Seed 2 (bootstrap) : 478593548
# -------------------------

 - d_sub 300 : OOB 0.4009 : L 1 : T 0.1 sec
 - d_sub 300 : OOB 0.3392 : L 2 : T 0.1 sec
 - d_sub 300 : OOB 0.3056 : L 3 : T 0.2 sec
 - d_sub 300 : OOB 0.2703 : L 4 : T 0.2 sec
 - d_sub 300 : OOB 0.2500 : L 5 : T 0.3 sec
 - d_sub 300 : OOB 0.2392 : L 6 : T 0.4 sec
 - d_sub 300 : OOB 0.2309 : L 7 : T 0.4 sec
 - d_sub 300 : OOB 0.2228 : L 8 : T 0.5 sec
 - d_sub 300 : OOB 0.2198 : L 9 : T 0.5 sec
 - d_sub 300 : OOB 0.2136 : L 10 : T 0.6 sec
 - d_sub 300 : OOB 0.2100 : L 11 : T 0.7 sec
 - d_sub 300 : OOB 0.2102 : L 12 : T 0.7 sec
 - d_sub 300 : OOB 0.2065 : L 13 : T 0.8 sec
 - d_sub 300 : OOB 0.2054 : L 14 : T 0.9 sec
 - d_sub 300 : OOB 0.2021 : L 15 : T 0.9 sec
 - d_sub 300 : OOB 0.2016 : L 16 : T 1.0 sec
 - d_sub 300 : OOB 0.1998 : L 17 : T 1.0 sec
 - d_sub 300 : OOB 0.1999 : L 18 : T 1.1 sec
 - d_sub 300 : OOB 0.1993 : L 19 : T 1.2 sec
 - d_sub 300 : OOB 0.1972 : L 20 : T 1.2 sec
 - d_sub 300 : OOB 0.1994 : L 21 : T 1.3 sec
 - d_sub 300 : OOB 0.1965 : L 22 : T 1.3 sec
 - d_sub 300 : OOB 0.1980 : L 23 : T 1.4 sec
 - d_sub 300 : OOB 0.1975 : L 24 : T 1.5 sec
 - d_sub 300 : OOB 0.1989 : L 25 : T 1.5 sec
 - d_sub 300 : OOB 0.1966 : L 26 : T 1.6 sec
 - d_sub 300 : OOB 0.1974 : L 27 : T 1.6 sec
 - d_sub 300 : OOB 0.1947 : L 28 : T 1.7 sec
 - d_sub 300 : OOB 0.1949 : L 29 : T 1.7 sec
 - d_sub 300 : OOB 0.1950 : L 30 : T 1.8 sec
# -------------------------
optimal d_sub 300 : OOB 0.1950 : L 30 : T 1.8 sec
# -------------------------
# Ensemble classification
#  - Training samples: 10000 (5000/5000)
#  - Feature-space dimensionality: 24157
#  - L : 30
#  - d_sub : 300
#  - Seed 1 (subspaces) : 455247527
#  - Seed 2 (bootstrap) : 69865403
# -------------------------

 - d_sub 300 : OOB 0.4021 : L 1 : T 0.1 sec
 - d_sub 300 : OOB 0.3410 : L 2 : T 0.1 sec
 - d_sub 300 : OOB 0.3058 : L 3 : T 0.2 sec
 - d_sub 300 : OOB 0.2744 : L 4 : T 0.2 sec
 - d_sub 300 : OOB 0.2510 : L 5 : T 0.3 sec
 - d_sub 300 : OOB 0.2374 : L 6 : T 0.3 sec
 - d_sub 300 : OOB 0.2311 : L 7 : T 0.4 sec
 - d_sub 300 : OOB 0.2205 : L 8 : T 0.5 sec
 - d_sub 300 : OOB 0.2201 : L 9 : T 0.5 sec
 - d_sub 300 : OOB 0.2159 : L 10 : T 0.6 sec
 - d_sub 300 : OOB 0.2118 : L 11 : T 0.6 sec
 - d_sub 300 : OOB 0.2100 : L 12 : T 0.7 sec
 - d_sub 300 : OOB 0.2085 : L 13 : T 0.8 sec
 - d_sub 300 : OOB 0.2088 : L 14 : T 0.8 sec
 - d_sub 300 : OOB 0.2059 : L 15 : T 0.9 sec
 - d_sub 300 : OOB 0.2071 : L 16 : T 0.9 sec
 - d_sub 300 : OOB 0.2022 : L 17 : T 1.0 sec
 - d_sub 300 : OOB 0.2006 : L 18 : T 1.0 sec
 - d_sub 300 : OOB 0.2003 : L 19 : T 1.1 sec
 - d_sub 300 : OOB 0.1984 : L 20 : T 1.1 sec
 - d_sub 300 : OOB 0.1985 : L 21 : T 1.2 sec
 - d_sub 300 : OOB 0.1956 : L 22 : T 1.3 sec
 - d_sub 300 : OOB 0.1956 : L 23 : T 1.3 sec
 - d_sub 300 : OOB 0.1961 : L 24 : T 1.4 sec
 - d_sub 300 : OOB 0.1942 : L 25 : T 1.4 sec
 - d_sub 300 : OOB 0.1954 : L 26 : T 1.5 sec
 - d_sub 300 : OOB 0.1944 : L 27 : T 1.5 sec
 - d_sub 300 : OOB 0.1950 : L 28 : T 1.6 sec
 - d_sub 300 : OOB 0.1934 : L 29 : T 1.7 sec
 - d_sub 300 : OOB 0.1915 : L 30 : T 1.7 sec
# -------------------------
optimal d_sub 300 : OOB 0.1915 : L 30 : T 1.7 sec
# -------------------------
# Ensemble classification
#  - Training samples: 10000 (5000/5000)
#  - Feature-space dimensionality: 24157
#  - L : 30
#  - d_sub : 300
#  - Seed 1 (subspaces) : 813818388
#  - Seed 2 (bootstrap) : 931447468
# -------------------------

 - d_sub 300 : OOB 0.4025 : L 1 : T 0.1 sec
 - d_sub 300 : OOB 0.3359 : L 2 : T 0.1 sec
 - d_sub 300 : OOB 0.2980 : L 3 : T 0.2 sec
 - d_sub 300 : OOB 0.2675 : L 4 : T 0.2 sec
 - d_sub 300 : OOB 0.2469 : L 5 : T 0.3 sec
 - d_sub 300 : OOB 0.2345 : L 6 : T 0.4 sec
 - d_sub 300 : OOB 0.2269 : L 7 : T 0.4 sec
 - d_sub 300 : OOB 0.2190 : L 8 : T 0.5 sec
 - d_sub 300 : OOB 0.2139 : L 9 : T 0.5 sec
 - d_sub 300 : OOB 0.2088 : L 10 : T 0.6 sec
 - d_sub 300 : OOB 0.2074 : L 11 : T 0.7 sec
 - d_sub 300 : OOB 0.2057 : L 12 : T 0.7 sec
 - d_sub 300 : OOB 0.2030 : L 13 : T 0.8 sec
 - d_sub 300 : OOB 0.2012 : L 14 : T 0.8 sec
 - d_sub 300 : OOB 0.2027 : L 15 : T 0.9 sec
 - d_sub 300 : OOB 0.2012 : L 16 : T 1.0 sec
 - d_sub 300 : OOB 0.2003 : L 17 : T 1.0 sec
 - d_sub 300 : OOB 0.1997 : L 18 : T 1.1 sec
 - d_sub 300 : OOB 0.1973 : L 19 : T 1.1 sec
 - d_sub 300 : OOB 0.1959 : L 20 : T 1.2 sec
 - d_sub 300 : OOB 0.1982 : L 21 : T 1.2 sec
 - d_sub 300 : OOB 0.1959 : L 22 : T 1.3 sec
 - d_sub 300 : OOB 0.1969 : L 23 : T 1.4 sec
 - d_sub 300 : OOB 0.1971 : L 24 : T 1.4 sec
 - d_sub 300 : OOB 0.1945 : L 25 : T 1.5 sec
 - d_sub 300 : OOB 0.1929 : L 26 : T 1.5 sec
 - d_sub 300 : OOB 0.1937 : L 27 : T 1.6 sec
 - d_sub 300 : OOB 0.1937 : L 28 : T 1.6 sec
 - d_sub 300 : OOB 0.1943 : L 29 : T 1.7 sec
 - d_sub 300 : OOB 0.1942 : L 30 : T 1.7 sec
# -------------------------
optimal d_sub 300 : OOB 0.1942 : L 30 : T 1.7 sec
# -------------------------
# Ensemble classification
#  - Training samples: 10000 (5000/5000)
#  - Feature-space dimensionality: 24157
#  - L : 30
#  - d_sub : 300
#  - Seed 1 (subspaces) : 761916098
#  - Seed 2 (bootstrap) : 834242449
# -------------------------

 - d_sub 300 : OOB 0.3982 : L 1 : T 0.1 sec
 - d_sub 300 : OOB 0.3361 : L 2 : T 0.1 sec
 - d_sub 300 : OOB 0.3033 : L 3 : T 0.2 sec
 - d_sub 300 : OOB 0.2741 : L 4 : T 0.2 sec
 - d_sub 300 : OOB 0.2494 : L 5 : T 0.3 sec
 - d_sub 300 : OOB 0.2391 : L 6 : T 0.3 sec
 - d_sub 300 : OOB 0.2338 : L 7 : T 0.4 sec
 - d_sub 300 : OOB 0.2237 : L 8 : T 0.4 sec
 - d_sub 300 : OOB 0.2211 : L 9 : T 0.5 sec
 - d_sub 300 : OOB 0.2169 : L 10 : T 0.5 sec
 - d_sub 300 : OOB 0.2111 : L 11 : T 0.6 sec
 - d_sub 300 : OOB 0.2079 : L 12 : T 0.6 sec
 - d_sub 300 : OOB 0.2088 : L 13 : T 0.7 sec
 - d_sub 300 : OOB 0.2051 : L 14 : T 0.7 sec
 - d_sub 300 : OOB 0.2053 : L 15 : T 0.8 sec
 - d_sub 300 : OOB 0.2014 : L 16 : T 0.8 sec
 - d_sub 300 : OOB 0.1997 : L 17 : T 0.9 sec
 - d_sub 300 : OOB 0.1995 : L 18 : T 0.9 sec
 - d_sub 300 : OOB 0.1974 : L 19 : T 1.0 sec
 - d_sub 300 : OOB 0.1962 : L 20 : T 1.0 sec
 - d_sub 300 : OOB 0.1955 : L 21 : T 1.1 sec
 - d_sub 300 : OOB 0.1932 : L 22 : T 1.1 sec
 - d_sub 300 : OOB 0.1911 : L 23 : T 1.2 sec
 - d_sub 300 : OOB 0.1894 : L 24 : T 1.2 sec
 - d_sub 300 : OOB 0.1930 : L 25 : T 1.3 sec
 - d_sub 300 : OOB 0.1913 : L 26 : T 1.3 sec
 - d_sub 300 : OOB 0.1918 : L 27 : T 1.4 sec
 - d_sub 300 : OOB 0.1914 : L 28 : T 1.4 sec
 - d_sub 300 : OOB 0.1924 : L 29 : T 1.5 sec
 - d_sub 300 : OOB 0.1886 : L 30 : T 1.5 sec
# -------------------------
optimal d_sub 300 : OOB 0.1886 : L 30 : T 1.5 sec
# -------------------------
# Ensemble classification
#  - Training samples: 10000 (5000/5000)
#  - Feature-space dimensionality: 24157
#  - L : 30
#  - d_sub : 300
#  - Seed 1 (subspaces) : 409150949
#  - Seed 2 (bootstrap) : 522385300
# -------------------------

 - d_sub 300 : OOB 0.4040 : L 1 : T 0.0 sec
 - d_sub 300 : OOB 0.3361 : L 2 : T 0.1 sec
 - d_sub 300 : OOB 0.2993 : L 3 : T 0.1 sec
 - d_sub 300 : OOB 0.2691 : L 4 : T 0.2 sec
 - d_sub 300 : OOB 0.2487 : L 5 : T 0.2 sec
 - d_sub 300 : OOB 0.2403 : L 6 : T 0.3 sec
 - d_sub 300 : OOB 0.2325 : L 7 : T 0.3 sec
 - d_sub 300 : OOB 0.2242 : L 8 : T 0.4 sec
 - d_sub 300 : OOB 0.2216 : L 9 : T 0.4 sec
 - d_sub 300 : OOB 0.2142 : L 10 : T 0.5 sec
 - d_sub 300 : OOB 0.2113 : L 11 : T 0.5 sec
 - d_sub 300 : OOB 0.2092 : L 12 : T 0.6 sec
 - d_sub 300 : OOB 0.2049 : L 13 : T 0.7 sec
 - d_sub 300 : OOB 0.2042 : L 14 : T 0.7 sec
 - d_sub 300 : OOB 0.2023 : L 15 : T 0.7 sec
 - d_sub 300 : OOB 0.2011 : L 16 : T 0.8 sec
 - d_sub 300 : OOB 0.1990 : L 17 : T 0.8 sec
 - d_sub 300 : OOB 0.2006 : L 18 : T 0.9 sec
 - d_sub 300 : OOB 0.2000 : L 19 : T 1.0 sec
 - d_sub 300 : OOB 0.1995 : L 20 : T 1.0 sec
 - d_sub 300 : OOB 0.1958 : L 21 : T 1.1 sec
 - d_sub 300 : OOB 0.1955 : L 22 : T 1.1 sec
 - d_sub 300 : OOB 0.1925 : L 23 : T 1.2 sec
 - d_sub 300 : OOB 0.1936 : L 24 : T 1.2 sec
 - d_sub 300 : OOB 0.1933 : L 25 : T 1.3 sec
 - d_sub 300 : OOB 0.1949 : L 26 : T 1.3 sec
 - d_sub 300 : OOB 0.1944 : L 27 : T 1.4 sec
 - d_sub 300 : OOB 0.1942 : L 28 : T 1.4 sec
 - d_sub 300 : OOB 0.1944 : L 29 : T 1.5 sec
 - d_sub 300 : OOB 0.1916 : L 30 : T 1.5 sec
# -------------------------
optimal d_sub 300 : OOB 0.1916 : L 30 : T 1.5 sec
# -------------------------
# Ensemble classification
#  - Training samples: 10000 (5000/5000)
#  - Feature-space dimensionality: 24157
#  - L : 30
#  - d_sub : 300
#  - Seed 1 (subspaces) : 227938200
#  - Seed 2 (bootstrap) : 992950946
# -------------------------

 - d_sub 300 : OOB 0.3901 : L 1 : T 0.0 sec
 - d_sub 300 : OOB 0.3275 : L 2 : T 0.1 sec
 - d_sub 300 : OOB 0.2907 : L 3 : T 0.1 sec
 - d_sub 300 : OOB 0.2660 : L 4 : T 0.2 sec
 - d_sub 300 : OOB 0.2463 : L 5 : T 0.3 sec
 - d_sub 300 : OOB 0.2381 : L 6 : T 0.3 sec
 - d_sub 300 : OOB 0.2320 : L 7 : T 0.4 sec
 - d_sub 300 : OOB 0.2207 : L 8 : T 0.4 sec
 - d_sub 300 : OOB 0.2186 : L 9 : T 0.5 sec
 - d_sub 300 : OOB 0.2156 : L 10 : T 0.5 sec
 - d_sub 300 : OOB 0.2069 : L 11 : T 0.6 sec
 - d_sub 300 : OOB 0.2064 : L 12 : T 0.6 sec
 - d_sub 300 : OOB 0.2055 : L 13 : T 0.7 sec
 - d_sub 300 : OOB 0.2039 : L 14 : T 0.7 sec
 - d_sub 300 : OOB 0.2010 : L 15 : T 0.8 sec
 - d_sub 300 : OOB 0.2002 : L 16 : T 0.8 sec
 - d_sub 300 : OOB 0.1988 : L 17 : T 0.9 sec
 - d_sub 300 : OOB 0.1984 : L 18 : T 0.9 sec
 - d_sub 300 : OOB 0.1987 : L 19 : T 1.0 sec
 - d_sub 300 : OOB 0.1942 : L 20 : T 1.0 sec
 - d_sub 300 : OOB 0.1944 : L 21 : T 1.1 sec
 - d_sub 300 : OOB 0.1950 : L 22 : T 1.1 sec
 - d_sub 300 : OOB 0.1908 : L 23 : T 1.2 sec
 - d_sub 300 : OOB 0.1916 : L 24 : T 1.2 sec
 - d_sub 300 : OOB 0.1915 : L 25 : T 1.3 sec
 - d_sub 300 : OOB 0.1909 : L 26 : T 1.3 sec
 - d_sub 300 : OOB 0.1903 : L 27 : T 1.4 sec
 - d_sub 300 : OOB 0.1890 : L 28 : T 1.4 sec
 - d_sub 300 : OOB 0.1905 : L 29 : T 1.5 sec
 - d_sub 300 : OOB 0.1923 : L 30 : T 1.5 sec
# -------------------------
optimal d_sub 300 : OOB 0.1923 : L 30 : T 1.5 sec
# -------------------------
Average OOB error = 0.19238 (+/- 0.00206)
# -------------------------
# Ensemble classification
#  - Training samples: 10000 (5000/5000)
#  - Feature-space dimensionality: 24157
#  - L : 30
#  - d_sub : 300
#  - Seed 1 (subspaces) : 5
#  - Seed 2 (bootstrap) : 73
# -------------------------

 - d_sub 300 : OOB 0.3952 : L 1 : T 0.1 sec
 - d_sub 300 : OOB 0.3344 : L 2 : T 0.1 sec
 - d_sub 300 : OOB 0.2988 : L 3 : T 0.2 sec
 - d_sub 300 : OOB 0.2714 : L 4 : T 0.2 sec
 - d_sub 300 : OOB 0.2511 : L 5 : T 0.3 sec
 - d_sub 300 : OOB 0.2355 : L 6 : T 0.3 sec
 - d_sub 300 : OOB 0.2333 : L 7 : T 0.4 sec
 - d_sub 300 : OOB 0.2203 : L 8 : T 0.4 sec
 - d_sub 300 : OOB 0.2140 : L 9 : T 0.5 sec
 - d_sub 300 : OOB 0.2087 : L 10 : T 0.5 sec
 - d_sub 300 : OOB 0.2050 : L 11 : T 0.6 sec
 - d_sub 300 : OOB 0.2041 : L 12 : T 0.6 sec
 - d_sub 300 : OOB 0.2028 : L 13 : T 0.7 sec
 - d_sub 300 : OOB 0.1993 : L 14 : T 0.7 sec
 - d_sub 300 : OOB 0.2002 : L 15 : T 0.8 sec
 - d_sub 300 : OOB 0.1963 : L 16 : T 0.8 sec
 - d_sub 300 : OOB 0.1969 : L 17 : T 0.9 sec
 - d_sub 300 : OOB 0.1962 : L 18 : T 0.9 sec
 - d_sub 300 : OOB 0.1945 : L 19 : T 1.0 sec
 - d_sub 300 : OOB 0.1934 : L 20 : T 1.1 sec
 - d_sub 300 : OOB 0.1941 : L 21 : T 1.1 sec
 - d_sub 300 : OOB 0.1943 : L 22 : T 1.2 sec
 - d_sub 300 : OOB 0.1949 : L 23 : T 1.2 sec
 - d_sub 300 : OOB 0.1935 : L 24 : T 1.3 sec
 - d_sub 300 : OOB 0.1955 : L 25 : T 1.4 sec
 - d_sub 300 : OOB 0.1936 : L 26 : T 1.4 sec
 - d_sub 300 : OOB 0.1956 : L 27 : T 1.5 sec
 - d_sub 300 : OOB 0.1933 : L 28 : T 1.5 sec
 - d_sub 300 : OOB 0.1940 : L 29 : T 1.6 sec
 - d_sub 300 : OOB 0.1912 : L 30 : T 1.6 sec
# -------------------------
optimal d_sub 300 : OOB 0.1912 : L 30 : T 1.7 sec
OOB error = 0.1903
optimal d_sub 300 : OOB 0.1940 : L 30 : T 1.8 sec
optimal d_sub 300 : OOB 0.1792 : L 111 : T 6.2 sec
Testing error 1: 0.1875
optimal d_sub 300 : OOB 0.1876 : L 83 : T 5.1 sec
Testing error 2: 0.1840
optimal d_sub 300 : OOB 0.1886 : L 73 : T 3.6 sec
Testing error 3: 0.1770
optimal d_sub 300 : OOB 0.1862 : L 98 : T 5.9 sec
Testing error 4: 0.1804
optimal d_sub 300 : OOB 0.1837 : L 88 : T 4.7 sec
Testing error 5: 0.1800
optimal d_sub 300 : OOB 0.1911 : L 75 : T 4.4 sec
Testing error 6: 0.1843
optimal d_sub 300 : OOB 0.1860 : L 80 : T 4.1 sec
Testing error 7: 0.1836
optimal d_sub 300 : OOB 0.1883 : L 91 : T 5.4 sec
Testing error 8: 0.1750
optimal d_sub 300 : OOB 0.1890 : L 95 : T 5.1 sec
Testing error 9: 0.1785
optimal d_sub 300 : OOB 0.1908 : L 77 : T 4.4 sec
Testing error 10: 0.1759
---
Average testing error over 10 splits: 0.1806 (+/- 0.0041)
