# -------------------------
# Ensemble classification
#  - Training samples: 10000 (5000/5000)
#  - Feature-space dimensionality: 24157
#  - L : automatic (min 25, max 500, length 50, eps 0.00500)
#  - d_sub : automatic (Eoob tolerance 0.0200, step 200)
#  - Seed 1 (subspaces) : 263921545
#  - Seed 2 (bootstrap) : 101596469
# -------------------------

 - d_sub 200 : OOB 0.4589 : L 1 : T 0.8 sec
 - d_sub 200 : OOB 0.4376 : L 2 : T 0.8 sec
 - d_sub 200 : OOB 0.4234 : L 3 : T 0.9 sec
 - d_sub 200 : OOB 0.4178 : L 4 : T 0.9 sec
 - d_sub 200 : OOB 0.4080 : L 5 : T 1.0 sec
 - d_sub 200 : OOB 0.4036 : L 6 : T 1.0 sec
 - d_sub 200 : OOB 0.3980 : L 7 : T 1.0 sec
 - d_sub 200 : OOB 0.3934 : L 8 : T 1.1 sec
 - d_sub 200 : OOB 0.3944 : L 9 : T 1.1 sec
 - d_sub 200 : OOB 0.3906 : L 10 : T 1.2 sec
 - d_sub 200 : OOB 0.3892 : L 11 : T 1.2 sec
 - d_sub 200 : OOB 0.3911 : L 12 : T 1.3 sec
 - d_sub 200 : OOB 0.3906 : L 13 : T 1.3 sec
 - d_sub 200 : OOB 0.3915 : L 14 : T 1.3 sec
 - d_sub 200 : OOB 0.3856 : L 15 : T 1.4 sec
 - d_sub 200 : OOB 0.3852 : L 16 : T 1.4 sec
 - d_sub 200 : OOB 0.3863 : L 17 : T 1.5 sec
 - d_sub 200 : OOB 0.3862 : L 18 : T 1.5 sec
 - d_sub 200 : OOB 0.3861 : L 19 : T 1.5 sec
 - d_sub 200 : OOB 0.3838 : L 20 : T 1.6 sec
 - d_sub 200 : OOB 0.3839 : L 21 : T 1.6 sec
 - d_sub 200 : OOB 0.3835 : L 22 : T 1.7 sec
 - d_sub 200 : OOB 0.3830 : L 23 : T 1.7 sec
 - d_sub 200 : OOB 0.3817 : L 24 : T 1.7 sec
 - d_sub 200 : OOB 0.3811 : L 25 : T 2.0 sec
 - d_sub 200 : OOB 0.3800 : L 26 : T 2.0 sec
 - d_sub 200 : OOB 0.3810 : L 27 : T 2.0 sec
 - d_sub 200 : OOB 0.3805 : L 28 : T 2.1 sec
 - d_sub 200 : OOB 0.3828 : L 29 : T 2.1 sec
 - d_sub 200 : OOB 0.3794 : L 30 : T 2.1 sec
 - d_sub 200 : OOB 0.3780 : L 31 : T 2.2 sec
 - d_sub 200 : OOB 0.3776 : L 32 : T 2.2 sec
 - d_sub 200 : OOB 0.3783 : L 33 : T 2.3 sec
 - d_sub 200 : OOB 0.3749 : L 34 : T 2.3 sec
 - d_sub 200 : OOB 0.3771 : L 35 : T 2.3 sec
 - d_sub 200 : OOB 0.3784 : L 36 : T 2.4 sec
 - d_sub 200 : OOB 0.3769 : L 37 : T 2.4 sec
 - d_sub 200 : OOB 0.3766 : L 38 : T 2.4 sec
 - d_sub 200 : OOB 0.3762 : L 39 : T 2.5 sec
 - d_sub 200 : OOB 0.3767 : L 40 : T 2.5 sec
 - d_sub 200 : OOB 0.3742 : L 41 : T 2.6 sec
 - d_sub 200 : OOB 0.3735 : L 42 : T 2.6 sec
 - d_sub 200 : OOB 0.3730 : L 43 : T 2.6 sec
 - d_sub 200 : OOB 0.3746 : L 44 : T 2.7 sec
 - d_sub 200 : OOB 0.3751 : L 45 : T 2.7 sec
 - d_sub 200 : OOB 0.3749 : L 46 : T 2.7 sec
 - d_sub 200 : OOB 0.3734 : L 47 : T 2.8 sec
 - d_sub 200 : OOB 0.3763 : L 48 : T 2.8 sec
 - d_sub 200 : OOB 0.3734 : L 49 : T 2.9 sec
 - d_sub 200 : OOB 0.3757 : L 50 : T 2.9 sec
 - d_sub 200 : OOB 0.3749 : L 51 : T 2.9 sec
 - d_sub 200 : OOB 0.3755 : L 52 : T 3.0 sec
 - d_sub 200 : OOB 0.3756 : L 53 : T 3.0 sec
 - d_sub 200 : OOB 0.3746 : L 54 : T 3.1 sec
 - d_sub 200 : OOB 0.3740 : L 55 : T 3.1 sec
 - d_sub 200 : OOB 0.3726 : L 56 : T 3.1 sec
 - d_sub 200 : OOB 0.3716 : L 57 : T 3.2 sec
 - d_sub 200 : OOB 0.3733 : L 58 : T 3.2 sec
 - d_sub 200 : OOB 0.3732 : L 59 : T 3.2 sec
 - d_sub 200 : OOB 0.3745 : L 60 : T 3.3 sec
 - d_sub 200 : OOB 0.3760 : L 61 : T 3.3 sec
 - d_sub 200 : OOB 0.3734 : L 62 : T 3.4 sec
 - d_sub 200 : OOB 0.3759 : L 63 : T 3.4 sec
 - d_sub 200 : OOB 0.3770 : L 64 : T 3.4 sec
 - d_sub 200 : OOB 0.3751 : L 65 : T 3.5 sec
 - d_sub 200 : OOB 0.3765 : L 66 : T 3.5 sec
 - d_sub 200 : OOB 0.3766 : L 67 : T 3.5 sec
 - d_sub 200 : OOB 0.3757 : L 68 : T 3.6 sec
 - d_sub 200 : OOB 0.3743 : L 69 : T 3.6 sec
 - d_sub 200 : OOB 0.3750 : L 70 : T 3.7 sec
 - d_sub 200 : OOB 0.3742 : L 71 : T 3.7 sec
 - d_sub 200 : OOB 0.3756 : L 72 : T 3.7 sec
 - d_sub 200 : OOB 0.3769 : L 73 : T 3.8 sec
 - d_sub 200 : OOB 0.3757 : L 74 : T 3.8 sec
 - d_sub 200 : OOB 0.3748 : L 75 : T 3.8 sec
 - d_sub 200 : OOB 0.3771 : L 76 : T 3.9 sec
 - d_sub 200 : OOB 0.3759 : L 77 : T 3.9 sec
 - d_sub 200 : OOB 0.3769 : L 78 : T 3.9 sec
 - d_sub 200 : OOB 0.3766 : L 79 : T 4.0 sec

 - d_sub 400 : OOB 0.4569 : L 1 : T 0.1 sec
 - d_sub 400 : OOB 0.4260 : L 2 : T 1.0 sec
 - d_sub 400 : OOB 0.4117 : L 3 : T 1.0 sec
 - d_sub 400 : OOB 0.4003 : L 4 : T 1.9 sec
 - d_sub 400 : OOB 0.3885 : L 5 : T 2.7 sec
 - d_sub 400 : OOB 0.3887 : L 6 : T 3.6 sec
 - d_sub 400 : OOB 0.3767 : L 7 : T 3.6 sec
 - d_sub 400 : OOB 0.3748 : L 8 : T 3.7 sec
 - d_sub 400 : OOB 0.3732 : L 9 : T 3.8 sec
 - d_sub 400 : OOB 0.3729 : L 10 : T 3.9 sec
 - d_sub 400 : OOB 0.3721 : L 11 : T 4.0 sec
 - d_sub 400 : OOB 0.3717 : L 12 : T 4.0 sec
 - d_sub 400 : OOB 0.3708 : L 13 : T 4.1 sec
 - d_sub 400 : OOB 0.3659 : L 14 : T 4.2 sec
 - d_sub 400 : OOB 0.3689 : L 15 : T 4.9 sec
 - d_sub 400 : OOB 0.3644 : L 16 : T 5.0 sec
 - d_sub 400 : OOB 0.3644 : L 17 : T 5.1 sec
 - d_sub 400 : OOB 0.3659 : L 18 : T 5.2 sec
 - d_sub 400 : OOB 0.3630 : L 19 : T 5.2 sec
 - d_sub 400 : OOB 0.3631 : L 20 : T 5.3 sec
 - d_sub 400 : OOB 0.3609 : L 21 : T 6.3 sec
 - d_sub 400 : OOB 0.3631 : L 22 : T 6.4 sec
 - d_sub 400 : OOB 0.3616 : L 23 : T 6.5 sec
 - d_sub 400 : OOB 0.3606 : L 24 : T 6.5 sec
 - d_sub 400 : OOB 0.3619 : L 25 : T 6.6 sec
 - d_sub 400 : OOB 0.3593 : L 26 : T 7.6 sec
 - d_sub 400 : OOB 0.3591 : L 27 : T 7.7 sec
 - d_sub 400 : OOB 0.3599 : L 28 : T 7.7 sec
 - d_sub 400 : OOB 0.3595 : L 29 : T 7.8 sec
 - d_sub 400 : OOB 0.3577 : L 30 : T 7.9 sec
 - d_sub 400 : OOB 0.3604 : L 31 : T 8.0 sec
 - d_sub 400 : OOB 0.3595 : L 32 : T 8.0 sec
 - d_sub 400 : OOB 0.3586 : L 33 : T 8.1 sec
 - d_sub 400 : OOB 0.3592 : L 34 : T 8.2 sec
 - d_sub 400 : OOB 0.3590 : L 35 : T 8.3 sec
 - d_sub 400 : OOB 0.3578 : L 36 : T 9.1 sec
 - d_sub 400 : OOB 0.3561 : L 37 : T 9.8 sec
 - d_sub 400 : OOB 0.3539 : L 38 : T 9.9 sec
 - d_sub 400 : OOB 0.3555 : L 39 : T 9.9 sec
 - d_sub 400 : OOB 0.3556 : L 40 : T 10.0 sec
 - d_sub 400 : OOB 0.3556 : L 41 : T 10.1 sec
 - d_sub 400 : OOB 0.3558 : L 42 : T 10.2 sec
 - d_sub 400 : OOB 0.3562 : L 43 : T 11.1 sec
 - d_sub 400 : OOB 0.3587 : L 44 : T 11.1 sec
 - d_sub 400 : OOB 0.3563 : L 45 : T 11.2 sec
 - d_sub 400 : OOB 0.3573 : L 46 : T 11.3 sec
 - d_sub 400 : OOB 0.3562 : L 47 : T 11.4 sec
 - d_sub 400 : OOB 0.3573 : L 48 : T 11.4 sec
 - d_sub 400 : OOB 0.3578 : L 49 : T 11.5 sec
 - d_sub 400 : OOB 0.3570 : L 50 : T 11.6 sec
 - d_sub 400 : OOB 0.3558 : L 51 : T 12.4 sec
 - d_sub 400 : OOB 0.3571 : L 52 : T 13.1 sec
 - d_sub 400 : OOB 0.3541 : L 53 : T 13.2 sec
 - d_sub 400 : OOB 0.3542 : L 54 : T 13.2 sec
 - d_sub 400 : OOB 0.3538 : L 55 : T 13.9 sec
 - d_sub 400 : OOB 0.3545 : L 56 : T 14.8 sec
 - d_sub 400 : OOB 0.3572 : L 57 : T 14.9 sec
 - d_sub 400 : OOB 0.3558 : L 58 : T 15.0 sec
 - d_sub 400 : OOB 0.3540 : L 59 : T 15.0 sec
 - d_sub 400 : OOB 0.3537 : L 60 : T 15.1 sec
 - d_sub 400 : OOB 0.3567 : L 61 : T 15.2 sec
 - d_sub 400 : OOB 0.3536 : L 62 : T 15.3 sec
 - d_sub 400 : OOB 0.3530 : L 63 : T 16.3 sec
 - d_sub 400 : OOB 0.3554 : L 64 : T 16.3 sec
 - d_sub 400 : OOB 0.3554 : L 65 : T 16.4 sec
 - d_sub 400 : OOB 0.3564 : L 66 : T 16.5 sec
 - d_sub 400 : OOB 0.3559 : L 67 : T 16.6 sec
 - d_sub 400 : OOB 0.3577 : L 68 : T 16.7 sec
 - d_sub 400 : OOB 0.3572 : L 69 : T 17.5 sec
 - d_sub 400 : OOB 0.3572 : L 70 : T 18.3 sec
 - d_sub 400 : OOB 0.3588 : L 71 : T 19.1 sec
 - d_sub 400 : OOB 0.3572 : L 72 : T 19.2 sec
 - d_sub 400 : OOB 0.3569 : L 73 : T 19.2 sec
 - d_sub 400 : OOB 0.3551 : L 74 : T 20.0 sec
 - d_sub 400 : OOB 0.3562 : L 75 : T 20.1 sec
 - d_sub 400 : OOB 0.3562 : L 76 : T 21.0 sec
 - d_sub 400 : OOB 0.3563 : L 77 : T 21.1 sec
 - d_sub 400 : OOB 0.3564 : L 78 : T 21.2 sec
 - d_sub 400 : OOB 0.3564 : L 79 : T 21.2 sec
 - d_sub 400 : OOB 0.3557 : L 80 : T 21.3 sec
 - d_sub 400 : OOB 0.3564 : L 81 : T 21.4 sec

 - d_sub 600 : OOB 0.4543 : L 1 : T 0.1 sec
 - d_sub 600 : OOB 0.4198 : L 2 : T 0.2 sec
 - d_sub 600 : OOB 0.4035 : L 3 : T 1.3 sec
 - d_sub 600 : OOB 0.3951 : L 4 : T 2.3 sec
 - d_sub 600 : OOB 0.3840 : L 5 : T 2.5 sec
 - d_sub 600 : OOB 0.3779 : L 6 : T 2.6 sec
 - d_sub 600 : OOB 0.3674 : L 7 : T 2.7 sec
 - d_sub 600 : OOB 0.3632 : L 8 : T 2.8 sec
 - d_sub 600 : OOB 0.3635 : L 9 : T 3.5 sec
 - d_sub 600 : OOB 0.3591 : L 10 : T 4.4 sec
 - d_sub 600 : OOB 0.3543 : L 11 : T 4.6 sec
 - d_sub 600 : OOB 0.3550 : L 12 : T 4.7 sec
 - d_sub 600 : OOB 0.3544 : L 13 : T 4.8 sec
 - d_sub 600 : OOB 0.3496 : L 14 : T 5.0 sec
 - d_sub 600 : OOB 0.3554 : L 15 : T 6.5 sec
 - d_sub 600 : OOB 0.3496 : L 16 : T 7.4 sec
 - d_sub 600 : OOB 0.3524 : L 17 : T 7.5 sec
 - d_sub 600 : OOB 0.3515 : L 18 : T 8.4 sec
 - d_sub 600 : OOB 0.3511 : L 19 : T 10.0 sec
 - d_sub 600 : OOB 0.3502 : L 20 : T 10.8 sec
 - d_sub 600 : OOB 0.3507 : L 21 : T 11.7 sec
 - d_sub 600 : OOB 0.3481 : L 22 : T 11.8 sec
 - d_sub 600 : OOB 0.3483 : L 23 : T 11.9 sec
 - d_sub 600 : OOB 0.3481 : L 24 : T 12.0 sec
 - d_sub 600 : OOB 0.3477 : L 25 : T 13.6 sec
 - d_sub 600 : OOB 0.3468 : L 26 : T 15.0 sec
 - d_sub 600 : OOB 0.3475 : L 27 : T 16.9 sec
 - d_sub 600 : OOB 0.3488 : L 28 : T 17.9 sec
 - d_sub 600 : OOB 0.3475 : L 29 : T 18.0 sec
 - d_sub 600 : OOB 0.3490 : L 30 : T 18.1 sec
 - d_sub 600 : OOB 0.3467 : L 31 : T 18.3 sec
 - d_sub 600 : OOB 0.3454 : L 32 : T 18.4 sec
 - d_sub 600 : OOB 0.3463 : L 33 : T 18.5 sec
 - d_sub 600 : OOB 0.3479 : L 34 : T 19.5 sec
 - d_sub 600 : OOB 0.3471 : L 35 : T 19.6 sec
 - d_sub 600 : OOB 0.3475 : L 36 : T 19.7 sec
 - d_sub 600 : OOB 0.3483 : L 37 : T 19.8 sec
 - d_sub 600 : OOB 0.3473 : L 38 : T 20.0 sec
 - d_sub 600 : OOB 0.3467 : L 39 : T 20.1 sec
 - d_sub 600 : OOB 0.3434 : L 40 : T 20.2 sec
 - d_sub 600 : OOB 0.3429 : L 41 : T 20.3 sec
 - d_sub 600 : OOB 0.3437 : L 42 : T 20.4 sec
 - d_sub 600 : OOB 0.3427 : L 43 : T 21.4 sec
 - d_sub 600 : OOB 0.3450 : L 44 : T 21.5 sec
 - d_sub 600 : OOB 0.3449 : L 45 : T 21.6 sec
 - d_sub 600 : OOB 0.3437 : L 46 : T 21.8 sec
 - d_sub 600 : OOB 0.3434 : L 47 : T 21.9 sec
 - d_sub 600 : OOB 0.3430 : L 48 : T 22.0 sec
 - d_sub 600 : OOB 0.3438 : L 49 : T 22.1 sec
 - d_sub 600 : OOB 0.3418 : L 50 : T 22.3 sec
 - d_sub 600 : OOB 0.3427 : L 51 : T 23.1 sec
 - d_sub 600 : OOB 0.3427 : L 52 : T 24.2 sec
 - d_sub 600 : OOB 0.3451 : L 53 : T 25.8 sec
 - d_sub 600 : OOB 0.3453 : L 54 : T 25.9 sec
 - d_sub 600 : OOB 0.3453 : L 55 : T 26.0 sec
 - d_sub 600 : OOB 0.3420 : L 56 : T 26.2 sec
 - d_sub 600 : OOB 0.3446 : L 57 : T 26.3 sec
 - d_sub 600 : OOB 0.3452 : L 58 : T 26.4 sec
 - d_sub 600 : OOB 0.3457 : L 59 : T 26.5 sec
 - d_sub 600 : OOB 0.3434 : L 60 : T 27.6 sec
 - d_sub 600 : OOB 0.3425 : L 61 : T 28.3 sec
 - d_sub 600 : OOB 0.3436 : L 62 : T 28.5 sec
 - d_sub 600 : OOB 0.3418 : L 63 : T 28.6 sec
 - d_sub 600 : OOB 0.3432 : L 64 : T 28.7 sec
 - d_sub 600 : OOB 0.3424 : L 65 : T 30.1 sec
 - d_sub 600 : OOB 0.3435 : L 66 : T 31.1 sec
 - d_sub 600 : OOB 0.3426 : L 67 : T 31.2 sec
 - d_sub 600 : OOB 0.3428 : L 68 : T 31.3 sec
 - d_sub 600 : OOB 0.3426 : L 69 : T 31.4 sec
 - d_sub 600 : OOB 0.3404 : L 70 : T 31.5 sec
 - d_sub 600 : OOB 0.3426 : L 71 : T 32.4 sec
 - d_sub 600 : OOB 0.3424 : L 72 : T 33.3 sec
 - d_sub 600 : OOB 0.3393 : L 73 : T 33.5 sec
 - d_sub 600 : OOB 0.3385 : L 74 : T 33.6 sec
 - d_sub 600 : OOB 0.3410 : L 75 : T 33.7 sec
 - d_sub 600 : OOB 0.3412 : L 76 : T 33.8 sec
 - d_sub 600 : OOB 0.3402 : L 77 : T 34.0 sec
 - d_sub 600 : OOB 0.3391 : L 78 : T 34.7 sec
 - d_sub 600 : OOB 0.3402 : L 79 : T 36.3 sec
 - d_sub 600 : OOB 0.3403 : L 80 : T 37.7 sec
 - d_sub 600 : OOB 0.3400 : L 81 : T 37.8 sec
 - d_sub 600 : OOB 0.3416 : L 82 : T 38.8 sec
 - d_sub 600 : OOB 0.3402 : L 83 : T 39.7 sec
 - d_sub 600 : OOB 0.3402 : L 84 : T 39.8 sec
 - d_sub 600 : OOB 0.3393 : L 85 : T 40.0 sec
 - d_sub 600 : OOB 0.3402 : L 86 : T 40.1 sec
 - d_sub 600 : OOB 0.3399 : L 87 : T 40.2 sec

 - d_sub 800 : OOB 0.4512 : L 1 : T 1.5 sec
 - d_sub 800 : OOB 0.4168 : L 2 : T 3.2 sec
 - d_sub 800 : OOB 0.4039 : L 3 : T 3.4 sec
 - d_sub 800 : OOB 0.3928 : L 4 : T 4.8 sec
 - d_sub 800 : OOB 0.3771 : L 5 : T 5.9 sec
 - d_sub 800 : OOB 0.3754 : L 6 : T 7.0 sec
 - d_sub 800 : OOB 0.3661 : L 7 : T 7.2 sec
 - d_sub 800 : OOB 0.3626 : L 8 : T 7.4 sec
 - d_sub 800 : OOB 0.3598 : L 9 : T 8.3 sec
 - d_sub 800 : OOB 0.3586 : L 10 : T 9.4 sec
 - d_sub 800 : OOB 0.3540 : L 11 : T 9.6 sec
 - d_sub 800 : OOB 0.3546 : L 12 : T 9.8 sec
 - d_sub 800 : OOB 0.3537 : L 13 : T 11.5 sec
 - d_sub 800 : OOB 0.3523 : L 14 : T 11.7 sec
 - d_sub 800 : OOB 0.3524 : L 15 : T 11.9 sec
 - d_sub 800 : OOB 0.3477 : L 16 : T 12.8 sec
 - d_sub 800 : OOB 0.3470 : L 17 : T 13.9 sec
 - d_sub 800 : OOB 0.3479 : L 18 : T 14.0 sec
 - d_sub 800 : OOB 0.3468 : L 19 : T 14.2 sec
 - d_sub 800 : OOB 0.3464 : L 20 : T 15.8 sec
 - d_sub 800 : OOB 0.3445 : L 21 : T 17.4 sec
 - d_sub 800 : OOB 0.3422 : L 22 : T 17.5 sec
 - d_sub 800 : OOB 0.3419 : L 23 : T 17.7 sec
 - d_sub 800 : OOB 0.3420 : L 24 : T 18.8 sec
 - d_sub 800 : OOB 0.3436 : L 25 : T 19.0 sec
 - d_sub 800 : OOB 0.3429 : L 26 : T 19.1 sec
 - d_sub 800 : OOB 0.3445 : L 27 : T 19.3 sec
 - d_sub 800 : OOB 0.3427 : L 28 : T 20.8 sec
 - d_sub 800 : OOB 0.3413 : L 29 : T 21.0 sec
 - d_sub 800 : OOB 0.3423 : L 30 : T 22.7 sec
 - d_sub 800 : OOB 0.3425 : L 31 : T 23.7 sec
 - d_sub 800 : OOB 0.3406 : L 32 : T 23.9 sec
 - d_sub 800 : OOB 0.3420 : L 33 : T 24.1 sec
 - d_sub 800 : OOB 0.3405 : L 34 : T 25.1 sec
 - d_sub 800 : OOB 0.3401 : L 35 : T 26.0 sec
 - d_sub 800 : OOB 0.3404 : L 36 : T 27.0 sec
 - d_sub 800 : OOB 0.3386 : L 37 : T 27.2 sec
 - d_sub 800 : OOB 0.3406 : L 38 : T 29.1 sec
 - d_sub 800 : OOB 0.3375 : L 39 : T 29.2 sec
 - d_sub 800 : OOB 0.3386 : L 40 : T 29.4 sec
 - d_sub 800 : OOB 0.3396 : L 41 : T 30.4 sec
 - d_sub 800 : OOB 0.3395 : L 42 : T 30.6 sec
 - d_sub 800 : OOB 0.3391 : L 43 : T 32.4 sec
 - d_sub 800 : OOB 0.3371 : L 44 : T 32.6 sec
 - d_sub 800 : OOB 0.3391 : L 45 : T 32.8 sec
 - d_sub 800 : OOB 0.3361 : L 46 : T 32.9 sec
 - d_sub 800 : OOB 0.3375 : L 47 : T 34.6 sec
 - d_sub 800 : OOB 0.3368 : L 48 : T 35.7 sec
 - d_sub 800 : OOB 0.3357 : L 49 : T 35.8 sec
 - d_sub 800 : OOB 0.3370 : L 50 : T 36.0 sec
 - d_sub 800 : OOB 0.3349 : L 51 : T 37.0 sec
 - d_sub 800 : OOB 0.3368 : L 52 : T 37.9 sec
 - d_sub 800 : OOB 0.3359 : L 53 : T 38.9 sec
 - d_sub 800 : OOB 0.3369 : L 54 : T 39.1 sec
 - d_sub 800 : OOB 0.3347 : L 55 : T 39.3 sec
 - d_sub 800 : OOB 0.3357 : L 56 : T 41.2 sec
 - d_sub 800 : OOB 0.3363 : L 57 : T 41.4 sec
 - d_sub 800 : OOB 0.3360 : L 58 : T 42.3 sec
 - d_sub 800 : OOB 0.3335 : L 59 : T 42.5 sec
 - d_sub 800 : OOB 0.3370 : L 60 : T 44.0 sec
 - d_sub 800 : OOB 0.3359 : L 61 : T 44.2 sec
 - d_sub 800 : OOB 0.3367 : L 62 : T 45.0 sec
 - d_sub 800 : OOB 0.3350 : L 63 : T 46.1 sec
 - d_sub 800 : OOB 0.3355 : L 64 : T 46.2 sec
 - d_sub 800 : OOB 0.3344 : L 65 : T 46.4 sec
 - d_sub 800 : OOB 0.3340 : L 66 : T 48.3 sec
 - d_sub 800 : OOB 0.3341 : L 67 : T 48.4 sec
 - d_sub 800 : OOB 0.3348 : L 68 : T 50.1 sec
 - d_sub 800 : OOB 0.3343 : L 69 : T 50.2 sec
 - d_sub 800 : OOB 0.3344 : L 70 : T 51.5 sec
 - d_sub 800 : OOB 0.3353 : L 71 : T 53.3 sec
 - d_sub 800 : OOB 0.3349 : L 72 : T 53.4 sec
 - d_sub 800 : OOB 0.3352 : L 73 : T 53.6 sec
 - d_sub 800 : OOB 0.3342 : L 74 : T 53.8 sec
 - d_sub 800 : OOB 0.3349 : L 75 : T 56.6 sec
 - d_sub 800 : OOB 0.3353 : L 76 : T 56.7 sec
 - d_sub 800 : OOB 0.3361 : L 77 : T 58.6 sec
 - d_sub 800 : OOB 0.3359 : L 78 : T 60.3 sec
 - d_sub 800 : OOB 0.3343 : L 79 : T 60.5 sec
 - d_sub 800 : OOB 0.3354 : L 80 : T 60.7 sec
 - d_sub 800 : OOB 0.3353 : L 81 : T 62.6 sec
 - d_sub 800 : OOB 0.3338 : L 82 : T 62.7 sec
 - d_sub 800 : OOB 0.3332 : L 83 : T 62.9 sec
 - d_sub 800 : OOB 0.3348 : L 84 : T 63.1 sec
 - d_sub 800 : OOB 0.3345 : L 85 : T 65.0 sec

 - d_sub 1000 : OOB 0.4496 : L 1 : T 1.0 sec
 - d_sub 1000 : OOB 0.4165 : L 2 : T 4.5 sec
 - d_sub 1000 : OOB 0.3989 : L 3 : T 4.8 sec
 - d_sub 1000 : OOB 0.3908 : L 4 : T 5.0 sec
 - d_sub 1000 : OOB 0.3751 : L 5 : T 6.1 sec
 - d_sub 1000 : OOB 0.3678 : L 6 : T 6.4 sec
 - d_sub 1000 : OOB 0.3610 : L 7 : T 6.6 sec
 - d_sub 1000 : OOB 0.3550 : L 8 : T 10.3 sec
 - d_sub 1000 : OOB 0.3566 : L 9 : T 10.5 sec
 - d_sub 1000 : OOB 0.3535 : L 10 : T 10.7 sec
 - d_sub 1000 : OOB 0.3492 : L 11 : T 13.4 sec
 - d_sub 1000 : OOB 0.3491 : L 12 : T 13.6 sec
 - d_sub 1000 : OOB 0.3464 : L 13 : T 13.9 sec
 - d_sub 1000 : OOB 0.3490 : L 14 : T 14.1 sec
 - d_sub 1000 : OOB 0.3459 : L 15 : T 16.8 sec
 - d_sub 1000 : OOB 0.3479 : L 16 : T 18.1 sec
 - d_sub 1000 : OOB 0.3462 : L 17 : T 18.3 sec
 - d_sub 1000 : OOB 0.3423 : L 18 : T 19.5 sec
 - d_sub 1000 : OOB 0.3432 : L 19 : T 20.8 sec
 - d_sub 1000 : OOB 0.3428 : L 20 : T 22.8 sec
 - d_sub 1000 : OOB 0.3405 : L 21 : T 23.1 sec
 - d_sub 1000 : OOB 0.3408 : L 22 : T 23.4 sec
 - d_sub 1000 : OOB 0.3422 : L 23 : T 25.4 sec
 - d_sub 1000 : OOB 0.3417 : L 24 : T 25.7 sec
 - d_sub 1000 : OOB 0.3378 : L 25 : T 26.8 sec
 - d_sub 1000 : OOB 0.3402 : L 26 : T 27.9 sec
 - d_sub 1000 : OOB 0.3385 : L 27 : T 28.9 sec
 - d_sub 1000 : OOB 0.3385 : L 28 : T 29.1 sec
 - d_sub 1000 : OOB 0.3365 : L 29 : T 29.4 sec
 - d_sub 1000 : OOB 0.3384 : L 30 : T 29.6 sec
 - d_sub 1000 : OOB 0.3365 : L 31 : T 32.9 sec
 - d_sub 1000 : OOB 0.3346 : L 32 : T 33.2 sec
 - d_sub 1000 : OOB 0.3351 : L 33 : T 33.4 sec
 - d_sub 1000 : OOB 0.3353 : L 34 : T 35.8 sec
 - d_sub 1000 : OOB 0.3330 : L 35 : T 39.1 sec
 - d_sub 1000 : OOB 0.3347 : L 36 : T 39.4 sec
 - d_sub 1000 : OOB 0.3337 : L 37 : T 39.6 sec
 - d_sub 1000 : OOB 0.3344 : L 38 : T 41.4 sec
 - d_sub 1000 : OOB 0.3346 : L 39 : T 41.6 sec
 - d_sub 1000 : OOB 0.3337 : L 40 : T 42.9 sec
 - d_sub 1000 : OOB 0.3348 : L 41 : T 44.9 sec
 - d_sub 1000 : OOB 0.3341 : L 42 : T 45.2 sec
 - d_sub 1000 : OOB 0.3346 : L 43 : T 46.5 sec
 - d_sub 1000 : OOB 0.3329 : L 44 : T 47.5 sec
 - d_sub 1000 : OOB 0.3323 : L 45 : T 48.7 sec
 - d_sub 1000 : OOB 0.3339 : L 46 : T 49.0 sec
 - d_sub 1000 : OOB 0.3330 : L 47 : T 50.7 sec
 - d_sub 1000 : OOB 0.3331 : L 48 : T 51.0 sec
 - d_sub 1000 : OOB 0.3322 : L 49 : T 53.4 sec
 - d_sub 1000 : OOB 0.3335 : L 50 : T 54.4 sec
 - d_sub 1000 : OOB 0.3313 : L 51 : T 54.7 sec
 - d_sub 1000 : OOB 0.3332 : L 52 : T 55.6 sec
 - d_sub 1000 : OOB 0.3323 : L 53 : T 58.6 sec
 - d_sub 1000 : OOB 0.3330 : L 54 : T 58.9 sec
 - d_sub 1000 : OOB 0.3310 : L 55 : T 59.1 sec
 - d_sub 1000 : OOB 0.3327 : L 56 : T 60.3 sec
 - d_sub 1000 : OOB 0.3317 : L 57 : T 63.0 sec
 - d_sub 1000 : OOB 0.3334 : L 58 : T 64.1 sec
 - d_sub 1000 : OOB 0.3306 : L 59 : T 67.0 sec
 - d_sub 1000 : OOB 0.3305 : L 60 : T 67.3 sec
 - d_sub 1000 : OOB 0.3303 : L 61 : T 67.5 sec
 - d_sub 1000 : OOB 0.3296 : L 62 : T 68.8 sec
 - d_sub 1000 : OOB 0.3298 : L 63 : T 70.8 sec
 - d_sub 1000 : OOB 0.3308 : L 64 : T 72.0 sec
 - d_sub 1000 : OOB 0.3286 : L 65 : T 74.6 sec
 - d_sub 1000 : OOB 0.3303 : L 66 : T 74.8 sec
 - d_sub 1000 : OOB 0.3280 : L 67 : T 75.1 sec
 - d_sub 1000 : OOB 0.3297 : L 68 : T 77.0 sec
 - d_sub 1000 : OOB 0.3295 : L 69 : T 78.1 sec
 - d_sub 1000 : OOB 0.3301 : L 70 : T 78.4 sec
 - d_sub 1000 : OOB 0.3310 : L 71 : T 81.2 sec
 - d_sub 1000 : OOB 0.3303 : L 72 : T 81.5 sec
 - d_sub 1000 : OOB 0.3294 : L 73 : T 83.4 sec
 - d_sub 1000 : OOB 0.3286 : L 74 : T 84.4 sec
 - d_sub 1000 : OOB 0.3283 : L 75 : T 86.7 sec
 - d_sub 1000 : OOB 0.3280 : L 76 : T 87.9 sec
 - d_sub 1000 : OOB 0.3281 : L 77 : T 88.1 sec
 - d_sub 1000 : OOB 0.3282 : L 78 : T 89.4 sec
 - d_sub 1000 : OOB 0.3290 : L 79 : T 89.6 sec
 - d_sub 1000 : OOB 0.3262 : L 80 : T 91.7 sec
 - d_sub 1000 : OOB 0.3274 : L 81 : T 92.8 sec
 - d_sub 1000 : OOB 0.3274 : L 82 : T 93.1 sec
 - d_sub 1000 : OOB 0.3272 : L 83 : T 94.3 sec
 - d_sub 1000 : OOB 0.3278 : L 84 : T 95.5 sec
 - d_sub 1000 : OOB 0.3282 : L 85 : T 97.4 sec
 - d_sub 1000 : OOB 0.3290 : L 86 : T 97.7 sec
 - d_sub 1000 : OOB 0.3285 : L 87 : T 97.9 sec
 - d_sub 1000 : OOB 0.3289 : L 88 : T 99.7 sec
 - d_sub 1000 : OOB 0.3293 : L 89 : T 99.9 sec
 - d_sub 1000 : OOB 0.3298 : L 90 : T 101.7 sec
 - d_sub 1000 : OOB 0.3298 : L 91 : T 103.5 sec
 - d_sub 1000 : OOB 0.3294 : L 92 : T 103.7 sec
 - d_sub 1000 : OOB 0.3288 : L 93 : T 104.1 sec
 - d_sub 1000 : OOB 0.3287 : L 94 : T 105.9 sec
 - d_sub 1000 : OOB 0.3287 : L 95 : T 106.2 sec
 - d_sub 1000 : OOB 0.3285 : L 96 : T 106.5 sec
 - d_sub 1000 : OOB 0.3294 : L 97 : T 107.6 sec
 - d_sub 1000 : OOB 0.3275 : L 98 : T 109.3 sec
 - d_sub 1000 : OOB 0.3279 : L 99 : T 109.5 sec
 - d_sub 1000 : OOB 0.3291 : L 100 : T 111.5 sec
 - d_sub 1000 : OOB 0.3276 : L 101 : T 111.7 sec
 - d_sub 1000 : OOB 0.3275 : L 102 : T 112.0 sec
 - d_sub 1000 : OOB 0.3286 : L 103 : T 114.3 sec
 - d_sub 1000 : OOB 0.3266 : L 104 : T 114.6 sec

 - d_sub 1200 : OOB 0.4484 : L 1 : T 1.2 sec
 - d_sub 1200 : OOB 0.4174 : L 2 : T 3.2 sec
 - d_sub 1200 : OOB 0.3994 : L 3 : T 3.4 sec
 - d_sub 1200 : OOB 0.3887 : L 4 : T 3.7 sec
 - d_sub 1200 : OOB 0.3767 : L 5 : T 4.0 sec
 - d_sub 1200 : OOB 0.3679 : L 6 : T 5.8 sec
 - d_sub 1200 : OOB 0.3667 : L 7 : T 6.1 sec
 - d_sub 1200 : OOB 0.3571 : L 8 : T 6.4 sec
 - d_sub 1200 : OOB 0.3563 : L 9 : T 9.3 sec
 - d_sub 1200 : OOB 0.3523 : L 10 : T 9.7 sec
 - d_sub 1200 : OOB 0.3510 : L 11 : T 10.0 sec
 - d_sub 1200 : OOB 0.3492 : L 12 : T 10.2 sec
 - d_sub 1200 : OOB 0.3463 : L 13 : T 10.5 sec
 - d_sub 1200 : OOB 0.3474 : L 14 : T 11.7 sec
 - d_sub 1200 : OOB 0.3455 : L 15 : T 12.0 sec
 - d_sub 1200 : OOB 0.3434 : L 16 : T 12.3 sec
 - d_sub 1200 : OOB 0.3450 : L 17 : T 12.6 sec
 - d_sub 1200 : OOB 0.3451 : L 18 : T 13.9 sec
 - d_sub 1200 : OOB 0.3430 : L 19 : T 14.2 sec
 - d_sub 1200 : OOB 0.3426 : L 20 : T 14.5 sec
 - d_sub 1200 : OOB 0.3400 : L 21 : T 15.7 sec
 - d_sub 1200 : OOB 0.3373 : L 22 : T 16.0 sec
 - d_sub 1200 : OOB 0.3392 : L 23 : T 17.3 sec
 - d_sub 1200 : OOB 0.3363 : L 24 : T 17.6 sec
 - d_sub 1200 : OOB 0.3375 : L 25 : T 19.5 sec
 - d_sub 1200 : OOB 0.3351 : L 26 : T 19.8 sec
 - d_sub 1200 : OOB 0.3357 : L 27 : T 20.1 sec
 - d_sub 1200 : OOB 0.3351 : L 28 : T 20.4 sec
 - d_sub 1200 : OOB 0.3339 : L 29 : T 20.7 sec
 - d_sub 1200 : OOB 0.3314 : L 30 : T 22.6 sec
 - d_sub 1200 : OOB 0.3343 : L 31 : T 22.9 sec
 - d_sub 1200 : OOB 0.3335 : L 32 : T 23.2 sec
 - d_sub 1200 : OOB 0.3337 : L 33 : T 23.5 sec
 - d_sub 1200 : OOB 0.3323 : L 34 : T 23.8 sec
 - d_sub 1200 : OOB 0.3322 : L 35 : T 24.8 sec
 - d_sub 1200 : OOB 0.3334 : L 36 : T 26.7 sec
 - d_sub 1200 : OOB 0.3348 : L 37 : T 27.0 sec
 - d_sub 1200 : OOB 0.3334 : L 38 : T 27.3 sec
 - d_sub 1200 : OOB 0.3326 : L 39 : T 27.6 sec
 - d_sub 1200 : OOB 0.3325 : L 40 : T 28.9 sec
 - d_sub 1200 : OOB 0.3341 : L 41 : T 29.2 sec
 - d_sub 1200 : OOB 0.3336 : L 42 : T 29.5 sec
 - d_sub 1200 : OOB 0.3323 : L 43 : T 29.8 sec
 - d_sub 1200 : OOB 0.3347 : L 44 : T 30.8 sec
 - d_sub 1200 : OOB 0.3332 : L 45 : T 31.1 sec
 - d_sub 1200 : OOB 0.3336 : L 46 : T 31.4 sec
 - d_sub 1200 : OOB 0.3340 : L 47 : T 31.7 sec
 - d_sub 1200 : OOB 0.3336 : L 48 : T 32.7 sec
 - d_sub 1200 : OOB 0.3342 : L 49 : T 34.5 sec
 - d_sub 1200 : OOB 0.3328 : L 50 : T 35.5 sec
 - d_sub 1200 : OOB 0.3324 : L 51 : T 37.2 sec
 - d_sub 1200 : OOB 0.3319 : L 52 : T 37.5 sec
 - d_sub 1200 : OOB 0.3334 : L 53 : T 37.8 sec
 - d_sub 1200 : OOB 0.3332 : L 54 : T 38.7 sec
 - d_sub 1200 : OOB 0.3337 : L 55 : T 39.7 sec
 - d_sub 1200 : OOB 0.3303 : L 56 : T 41.3 sec
 - d_sub 1200 : OOB 0.3289 : L 57 : T 41.6 sec
 - d_sub 1200 : OOB 0.3292 : L 58 : T 41.9 sec
 - d_sub 1200 : OOB 0.3287 : L 59 : T 42.2 sec
 - d_sub 1200 : OOB 0.3316 : L 60 : T 43.4 sec
 - d_sub 1200 : OOB 0.3295 : L 61 : T 44.4 sec
 - d_sub 1200 : OOB 0.3289 : L 62 : T 44.7 sec
 - d_sub 1200 : OOB 0.3308 : L 63 : T 45.8 sec
 - d_sub 1200 : OOB 0.3291 : L 64 : T 46.8 sec
 - d_sub 1200 : OOB 0.3307 : L 65 : T 48.0 sec
 - d_sub 1200 : OOB 0.3271 : L 66 : T 48.3 sec
 - d_sub 1200 : OOB 0.3304 : L 67 : T 48.6 sec
 - d_sub 1200 : OOB 0.3300 : L 68 : T 48.9 sec
 - d_sub 1200 : OOB 0.3290 : L 69 : T 50.1 sec
 - d_sub 1200 : OOB 0.3288 : L 70 : T 51.8 sec
 - d_sub 1200 : OOB 0.3285 : L 71 : T 53.5 sec
 - d_sub 1200 : OOB 0.3281 : L 72 : T 54.8 sec
 - d_sub 1200 : OOB 0.3280 : L 73 : T 55.1 sec
 - d_sub 1200 : OOB 0.3295 : L 74 : T 56.1 sec
 - d_sub 1200 : OOB 0.3299 : L 75 : T 56.4 sec
 - d_sub 1200 : OOB 0.3284 : L 76 : T 58.3 sec
 - d_sub 1200 : OOB 0.3271 : L 77 : T 58.6 sec
 - d_sub 1200 : OOB 0.3275 : L 78 : T 58.9 sec
 - d_sub 1200 : OOB 0.3269 : L 79 : T 59.2 sec
 - d_sub 1200 : OOB 0.3260 : L 80 : T 60.5 sec
 - d_sub 1200 : OOB 0.3234 : L 81 : T 61.8 sec
 - d_sub 1200 : OOB 0.3243 : L 82 : T 62.1 sec
 - d_sub 1200 : OOB 0.3227 : L 83 : T 63.0 sec
 - d_sub 1200 : OOB 0.3240 : L 84 : T 63.3 sec
 - d_sub 1200 : OOB 0.3241 : L 85 : T 63.6 sec
 - d_sub 1200 : OOB 0.3240 : L 86 : T 64.7 sec
 - d_sub 1200 : OOB 0.3251 : L 87 : T 66.4 sec
 - d_sub 1200 : OOB 0.3235 : L 88 : T 66.7 sec
 - d_sub 1200 : OOB 0.3250 : L 89 : T 67.0 sec
 - d_sub 1200 : OOB 0.3257 : L 90 : T 68.1 sec
 - d_sub 1200 : OOB 0.3240 : L 91 : T 68.4 sec
 - d_sub 1200 : OOB 0.3234 : L 92 : T 70.0 sec
 - d_sub 1200 : OOB 0.3237 : L 93 : T 71.0 sec
 - d_sub 1200 : OOB 0.3239 : L 94 : T 72.6 sec
 - d_sub 1200 : OOB 0.3249 : L 95 : T 72.9 sec
 - d_sub 1200 : OOB 0.3264 : L 96 : T 73.2 sec
 - d_sub 1200 : OOB 0.3260 : L 97 : T 73.4 sec
 - d_sub 1200 : OOB 0.3274 : L 98 : T 73.7 sec
 - d_sub 1200 : OOB 0.3279 : L 99 : T 76.4 sec
 - d_sub 1200 : OOB 0.3261 : L 100 : T 76.7 sec
 - d_sub 1200 : OOB 0.3267 : L 101 : T 77.0 sec
 - d_sub 1200 : OOB 0.3264 : L 102 : T 77.3 sec
 - d_sub 1200 : OOB 0.3256 : L 103 : T 77.6 sec
 - d_sub 1200 : OOB 0.3258 : L 104 : T 79.5 sec
 - d_sub 1200 : OOB 0.3248 : L 105 : T 79.8 sec
 - d_sub 1200 : OOB 0.3261 : L 106 : T 80.1 sec
 - d_sub 1200 : OOB 0.3256 : L 107 : T 80.4 sec
 - d_sub 1200 : OOB 0.3259 : L 108 : T 80.6 sec
 - d_sub 1200 : OOB 0.3256 : L 109 : T 81.8 sec
 - d_sub 1200 : OOB 0.3252 : L 110 : T 83.5 sec
 - d_sub 1200 : OOB 0.3253 : L 111 : T 84.4 sec
 - d_sub 1200 : OOB 0.3247 : L 112 : T 85.6 sec
 - d_sub 1200 : OOB 0.3251 : L 113 : T 85.9 sec
 - d_sub 1200 : OOB 0.3270 : L 114 : T 86.2 sec
 - d_sub 1200 : OOB 0.3256 : L 115 : T 86.5 sec
 - d_sub 1200 : OOB 0.3253 : L 116 : T 87.7 sec
 - d_sub 1200 : OOB 0.3249 : L 117 : T 88.7 sec
 - d_sub 1200 : OOB 0.3254 : L 118 : T 89.0 sec
 - d_sub 1200 : OOB 0.3257 : L 119 : T 90.0 sec
 - d_sub 1200 : OOB 0.3255 : L 120 : T 91.0 sec
 - d_sub 1200 : OOB 0.3257 : L 121 : T 92.2 sec
 - d_sub 1200 : OOB 0.3255 : L 122 : T 93.7 sec

 - d_sub 1400 : OOB 0.4491 : L 1 : T 1.7 sec
 - d_sub 1400 : OOB 0.4168 : L 2 : T 3.5 sec
 - d_sub 1400 : OOB 0.4110 : L 3 : T 4.9 sec
 - d_sub 1400 : OOB 0.3981 : L 4 : T 5.3 sec
 - d_sub 1400 : OOB 0.3784 : L 5 : T 8.1 sec
 - d_sub 1400 : OOB 0.3692 : L 6 : T 9.5 sec
 - d_sub 1400 : OOB 0.3695 : L 7 : T 10.8 sec
 - d_sub 1400 : OOB 0.3620 : L 8 : T 12.6 sec
 - d_sub 1400 : OOB 0.3570 : L 9 : T 13.9 sec
 - d_sub 1400 : OOB 0.3561 : L 10 : T 15.2 sec
 - d_sub 1400 : OOB 0.3538 : L 11 : T 17.1 sec
 - d_sub 1400 : OOB 0.3533 : L 12 : T 19.8 sec
 - d_sub 1400 : OOB 0.3450 : L 13 : T 22.4 sec
 - d_sub 1400 : OOB 0.3487 : L 14 : T 22.8 sec
 - d_sub 1400 : OOB 0.3430 : L 15 : T 25.8 sec
 - d_sub 1400 : OOB 0.3437 : L 16 : T 29.0 sec
 - d_sub 1400 : OOB 0.3426 : L 17 : T 30.3 sec
 - d_sub 1400 : OOB 0.3396 : L 18 : T 31.5 sec
 - d_sub 1400 : OOB 0.3404 : L 19 : T 34.4 sec
 - d_sub 1400 : OOB 0.3380 : L 20 : T 37.0 sec
 - d_sub 1400 : OOB 0.3369 : L 21 : T 40.7 sec
 - d_sub 1400 : OOB 0.3383 : L 22 : T 42.1 sec
 - d_sub 1400 : OOB 0.3372 : L 23 : T 44.0 sec
 - d_sub 1400 : OOB 0.3350 : L 24 : T 45.4 sec
 - d_sub 1400 : OOB 0.3330 : L 25 : T 46.6 sec
 - d_sub 1400 : OOB 0.3339 : L 26 : T 47.9 sec
 - d_sub 1400 : OOB 0.3341 : L 27 : T 50.7 sec
 - d_sub 1400 : OOB 0.3341 : L 28 : T 52.9 sec
 - d_sub 1400 : OOB 0.3315 : L 29 : T 54.8 sec
 - d_sub 1400 : OOB 0.3313 : L 30 : T 56.3 sec
 - d_sub 1400 : OOB 0.3310 : L 31 : T 59.2 sec
 - d_sub 1400 : OOB 0.3321 : L 32 : T 62.0 sec
 - d_sub 1400 : OOB 0.3306 : L 33 : T 63.1 sec
 - d_sub 1400 : OOB 0.3305 : L 34 : T 65.2 sec
 - d_sub 1400 : OOB 0.3297 : L 35 : T 68.5 sec
 - d_sub 1400 : OOB 0.3292 : L 36 : T 69.9 sec
 - d_sub 1400 : OOB 0.3280 : L 37 : T 71.9 sec
 - d_sub 1400 : OOB 0.3293 : L 38 : T 73.3 sec
 - d_sub 1400 : OOB 0.3281 : L 39 : T 75.5 sec
 - d_sub 1400 : OOB 0.3298 : L 40 : T 76.9 sec
 - d_sub 1400 : OOB 0.3297 : L 41 : T 80.0 sec
 - d_sub 1400 : OOB 0.3284 : L 42 : T 82.9 sec
 - d_sub 1400 : OOB 0.3280 : L 43 : T 84.4 sec
 - d_sub 1400 : OOB 0.3265 : L 44 : T 86.4 sec
 - d_sub 1400 : OOB 0.3287 : L 45 : T 89.2 sec
 - d_sub 1400 : OOB 0.3286 : L 46 : T 90.8 sec
 - d_sub 1400 : OOB 0.3282 : L 47 : T 92.9 sec
 - d_sub 1400 : OOB 0.3280 : L 48 : T 95.5 sec
 - d_sub 1400 : OOB 0.3258 : L 49 : T 97.7 sec
 - d_sub 1400 : OOB 0.3270 : L 50 : T 99.7 sec
 - d_sub 1400 : OOB 0.3256 : L 51 : T 102.7 sec
 - d_sub 1400 : OOB 0.3267 : L 52 : T 105.0 sec
 - d_sub 1400 : OOB 0.3288 : L 53 : T 107.4 sec
 - d_sub 1400 : OOB 0.3270 : L 54 : T 108.8 sec
 - d_sub 1400 : OOB 0.3253 : L 55 : T 111.3 sec
 - d_sub 1400 : OOB 0.3263 : L 56 : T 112.8 sec
 - d_sub 1400 : OOB 0.3283 : L 57 : T 115.8 sec
 - d_sub 1400 : OOB 0.3276 : L 58 : T 117.1 sec
 - d_sub 1400 : OOB 0.3253 : L 59 : T 119.4 sec
 - d_sub 1400 : OOB 0.3258 : L 60 : T 120.9 sec
 - d_sub 1400 : OOB 0.3262 : L 61 : T 123.8 sec
 - d_sub 1400 : OOB 0.3247 : L 62 : T 125.8 sec
 - d_sub 1400 : OOB 0.3241 : L 63 : T 127.1 sec
 - d_sub 1400 : OOB 0.3233 : L 64 : T 129.8 sec
 - d_sub 1400 : OOB 0.3246 : L 65 : T 131.1 sec
 - d_sub 1400 : OOB 0.3258 : L 66 : T 133.5 sec
 - d_sub 1400 : OOB 0.3238 : L 67 : T 135.6 sec
 - d_sub 1400 : OOB 0.3248 : L 68 : T 138.1 sec
 - d_sub 1400 : OOB 0.3234 : L 69 : T 140.2 sec
 - d_sub 1400 : OOB 0.3214 : L 70 : T 142.3 sec
 - d_sub 1400 : OOB 0.3232 : L 71 : T 143.6 sec
 - d_sub 1400 : OOB 0.3217 : L 72 : T 145.8 sec
 - d_sub 1400 : OOB 0.3221 : L 73 : T 148.5 sec
 - d_sub 1400 : OOB 0.3220 : L 74 : T 149.9 sec
 - d_sub 1400 : OOB 0.3245 : L 75 : T 151.1 sec
 - d_sub 1400 : OOB 0.3246 : L 76 : T 152.5 sec
 - d_sub 1400 : OOB 0.3233 : L 77 : T 154.4 sec
 - d_sub 1400 : OOB 0.3239 : L 78 : T 156.8 sec
 - d_sub 1400 : OOB 0.3253 : L 79 : T 158.7 sec
 - d_sub 1400 : OOB 0.3238 : L 80 : T 160.0 sec
 - d_sub 1400 : OOB 0.3229 : L 81 : T 161.9 sec
 - d_sub 1400 : OOB 0.3227 : L 82 : T 163.8 sec
 - d_sub 1400 : OOB 0.3234 : L 83 : T 166.4 sec
 - d_sub 1400 : OOB 0.3230 : L 84 : T 167.2 sec
 - d_sub 1400 : OOB 0.3233 : L 85 : T 169.0 sec
 - d_sub 1400 : OOB 0.3238 : L 86 : T 170.9 sec
 - d_sub 1400 : OOB 0.3241 : L 87 : T 173.8 sec
 - d_sub 1400 : OOB 0.3240 : L 88 : T 176.5 sec
 - d_sub 1400 : OOB 0.3222 : L 89 : T 177.8 sec
 - d_sub 1400 : OOB 0.3228 : L 90 : T 179.6 sec
 - d_sub 1400 : OOB 0.3209 : L 91 : T 181.8 sec
 - d_sub 1400 : OOB 0.3234 : L 92 : T 183.0 sec
 - d_sub 1400 : OOB 0.3212 : L 93 : T 184.4 sec
 - d_sub 1400 : OOB 0.3212 : L 94 : T 186.7 sec
 - d_sub 1400 : OOB 0.3222 : L 95 : T 188.5 sec
 - d_sub 1400 : OOB 0.3220 : L 96 : T 189.8 sec
 - d_sub 1400 : OOB 0.3221 : L 97 : T 191.2 sec
 - d_sub 1400 : OOB 0.3227 : L 98 : T 193.1 sec
 - d_sub 1400 : OOB 0.3227 : L 99 : T 194.3 sec
 - d_sub 1400 : OOB 0.3224 : L 100 : T 196.5 sec
 - d_sub 1400 : OOB 0.3223 : L 101 : T 198.9 sec
 - d_sub 1400 : OOB 0.3231 : L 102 : T 201.8 sec
 - d_sub 1400 : OOB 0.3214 : L 103 : T 203.3 sec
 - d_sub 1400 : OOB 0.3221 : L 104 : T 205.4 sec

 - d_sub 1600 : OOB 0.4578 : L 1 : T 3.0 sec
 - d_sub 1600 : OOB 0.4246 : L 2 : T 6.2 sec
 - d_sub 1600 : OOB 0.4290 : L 3 : T 7.6 sec
 - d_sub 1600 : OOB 0.4103 : L 4 : T 10.3 sec
 - d_sub 1600 : OOB 0.3920 : L 5 : T 12.9 sec
 - d_sub 1600 : OOB 0.3844 : L 6 : T 15.1 sec
 - d_sub 1600 : OOB 0.3788 : L 7 : T 20.6 sec
 - d_sub 1600 : OOB 0.3706 : L 8 : T 24.7 sec
 - d_sub 1600 : OOB 0.3640 : L 9 : T 26.2 sec
 - d_sub 1600 : OOB 0.3586 : L 10 : T 28.7 sec
 - d_sub 1600 : OOB 0.3537 : L 11 : T 31.0 sec
 - d_sub 1600 : OOB 0.3505 : L 12 : T 33.6 sec
 - d_sub 1600 : OOB 0.3465 : L 13 : T 35.0 sec
 - d_sub 1600 : OOB 0.3477 : L 14 : T 38.4 sec
 - d_sub 1600 : OOB 0.3442 : L 15 : T 40.7 sec
 - d_sub 1600 : OOB 0.3407 : L 16 : T 44.5 sec
 - d_sub 1600 : OOB 0.3411 : L 17 : T 46.1 sec
 - d_sub 1600 : OOB 0.3378 : L 18 : T 48.7 sec
 - d_sub 1600 : OOB 0.3374 : L 19 : T 52.1 sec
 - d_sub 1600 : OOB 0.3358 : L 20 : T 54.8 sec
 - d_sub 1600 : OOB 0.3349 : L 21 : T 57.0 sec
 - d_sub 1600 : OOB 0.3357 : L 22 : T 60.7 sec
 - d_sub 1600 : OOB 0.3332 : L 23 : T 64.4 sec
 - d_sub 1600 : OOB 0.3304 : L 24 : T 66.6 sec
 - d_sub 1600 : OOB 0.3296 : L 25 : T 69.0 sec
 - d_sub 1600 : OOB 0.3268 : L 26 : T 74.9 sec
 - d_sub 1600 : OOB 0.3274 : L 27 : T 77.3 sec
 - d_sub 1600 : OOB 0.3306 : L 28 : T 79.7 sec
 - d_sub 1600 : OOB 0.3301 : L 29 : T 82.7 sec
 - d_sub 1600 : OOB 0.3308 : L 30 : T 84.8 sec
 - d_sub 1600 : OOB 0.3290 : L 31 : T 88.0 sec
 - d_sub 1600 : OOB 0.3286 : L 32 : T 89.2 sec
 - d_sub 1600 : OOB 0.3293 : L 33 : T 90.7 sec
 - d_sub 1600 : OOB 0.3275 : L 34 : T 92.9 sec
 - d_sub 1600 : OOB 0.3263 : L 35 : T 95.8 sec
 - d_sub 1600 : OOB 0.3283 : L 36 : T 97.0 sec
 - d_sub 1600 : OOB 0.3274 : L 37 : T 98.9 sec
 - d_sub 1600 : OOB 0.3269 : L 38 : T 102.0 sec
 - d_sub 1600 : OOB 0.3271 : L 39 : T 104.7 sec
 - d_sub 1600 : OOB 0.3250 : L 40 : T 106.2 sec
 - d_sub 1600 : OOB 0.3252 : L 41 : T 108.2 sec
 - d_sub 1600 : OOB 0.3253 : L 42 : T 110.7 sec
 - d_sub 1600 : OOB 0.3232 : L 43 : T 113.4 sec
 - d_sub 1600 : OOB 0.3222 : L 44 : T 114.7 sec
 - d_sub 1600 : OOB 0.3255 : L 45 : T 116.7 sec
 - d_sub 1600 : OOB 0.3256 : L 46 : T 119.6 sec
 - d_sub 1600 : OOB 0.3246 : L 47 : T 121.6 sec
 - d_sub 1600 : OOB 0.3264 : L 48 : T 123.1 sec
 - d_sub 1600 : OOB 0.3252 : L 49 : T 124.2 sec
 - d_sub 1600 : OOB 0.3244 : L 50 : T 127.2 sec
 - d_sub 1600 : OOB 0.3235 : L 51 : T 130.1 sec
 - d_sub 1600 : OOB 0.3233 : L 52 : T 132.6 sec
 - d_sub 1600 : OOB 0.3225 : L 53 : T 134.1 sec
 - d_sub 1600 : OOB 0.3247 : L 54 : T 135.4 sec
 - d_sub 1600 : OOB 0.3263 : L 55 : T 138.5 sec
 - d_sub 1600 : OOB 0.3241 : L 56 : T 141.7 sec
 - d_sub 1600 : OOB 0.3240 : L 57 : T 143.2 sec
 - d_sub 1600 : OOB 0.3228 : L 58 : T 144.5 sec
 - d_sub 1600 : OOB 0.3242 : L 59 : T 145.8 sec
 - d_sub 1600 : OOB 0.3244 : L 60 : T 148.1 sec
 - d_sub 1600 : OOB 0.3244 : L 61 : T 150.5 sec
 - d_sub 1600 : OOB 0.3235 : L 62 : T 151.9 sec
 - d_sub 1600 : OOB 0.3246 : L 63 : T 154.9 sec
 - d_sub 1600 : OOB 0.3223 : L 64 : T 158.0 sec
 - d_sub 1600 : OOB 0.3229 : L 65 : T 159.4 sec
 - d_sub 1600 : OOB 0.3218 : L 66 : T 160.9 sec
 - d_sub 1600 : OOB 0.3225 : L 67 : T 162.2 sec
 - d_sub 1600 : OOB 0.3248 : L 68 : T 164.0 sec
 - d_sub 1600 : OOB 0.3244 : L 69 : T 165.5 sec
 - d_sub 1600 : OOB 0.3218 : L 70 : T 169.6 sec
 - d_sub 1600 : OOB 0.3205 : L 71 : T 171.9 sec
 - d_sub 1600 : OOB 0.3218 : L 72 : T 172.4 sec
 - d_sub 1600 : OOB 0.3212 : L 73 : T 175.5 sec
 - d_sub 1600 : OOB 0.3222 : L 74 : T 177.8 sec
 - d_sub 1600 : OOB 0.3211 : L 75 : T 180.8 sec
 - d_sub 1600 : OOB 0.3219 : L 76 : T 183.7 sec
 - d_sub 1600 : OOB 0.3207 : L 77 : T 185.9 sec
 - d_sub 1600 : OOB 0.3235 : L 78 : T 188.3 sec
 - d_sub 1600 : OOB 0.3211 : L 79 : T 191.2 sec
 - d_sub 1600 : OOB 0.3221 : L 80 : T 192.7 sec
 - d_sub 1600 : OOB 0.3223 : L 81 : T 194.7 sec
 - d_sub 1600 : OOB 0.3227 : L 82 : T 197.4 sec
 - d_sub 1600 : OOB 0.3219 : L 83 : T 200.4 sec
 - d_sub 1600 : OOB 0.3227 : L 84 : T 201.7 sec
 - d_sub 1600 : OOB 0.3214 : L 85 : T 203.2 sec
 - d_sub 1600 : OOB 0.3203 : L 86 : T 204.5 sec

 - d_sub 1800 : OOB 0.4516 : L 1 : T 2.3 sec
 - d_sub 1800 : OOB 0.4230 : L 2 : T 7.0 sec
 - d_sub 1800 : OOB 0.4064 : L 3 : T 10.4 sec
 - d_sub 1800 : OOB 0.3935 : L 4 : T 12.0 sec
 - d_sub 1800 : OOB 0.3758 : L 5 : T 13.4 sec
 - d_sub 1800 : OOB 0.3687 : L 6 : T 16.5 sec
 - d_sub 1800 : OOB 0.3663 : L 7 : T 19.7 sec
 - d_sub 1800 : OOB 0.3595 : L 8 : T 22.9 sec
 - d_sub 1800 : OOB 0.3568 : L 9 : T 24.3 sec
 - d_sub 1800 : OOB 0.3505 : L 10 : T 25.6 sec
 - d_sub 1800 : OOB 0.3483 : L 11 : T 27.9 sec
 - d_sub 1800 : OOB 0.3453 : L 12 : T 31.2 sec
 - d_sub 1800 : OOB 0.3423 : L 13 : T 35.6 sec
 - d_sub 1800 : OOB 0.3401 : L 14 : T 38.0 sec
 - d_sub 1800 : OOB 0.3405 : L 15 : T 43.5 sec
 - d_sub 1800 : OOB 0.3382 : L 16 : T 48.1 sec
 - d_sub 1800 : OOB 0.3391 : L 17 : T 51.7 sec
 - d_sub 1800 : OOB 0.3379 : L 18 : T 55.3 sec
 - d_sub 1800 : OOB 0.3387 : L 19 : T 58.6 sec
 - d_sub 1800 : OOB 0.3380 : L 20 : T 61.0 sec
 - d_sub 1800 : OOB 0.3375 : L 21 : T 63.7 sec
 - d_sub 1800 : OOB 0.3352 : L 22 : T 66.2 sec
 - d_sub 1800 : OOB 0.3317 : L 23 : T 69.8 sec
 - d_sub 1800 : OOB 0.3328 : L 24 : T 74.2 sec
 - d_sub 1800 : OOB 0.3323 : L 25 : T 75.8 sec
 - d_sub 1800 : OOB 0.3334 : L 26 : T 79.3 sec
 - d_sub 1800 : OOB 0.3338 : L 27 : T 83.4 sec
 - d_sub 1800 : OOB 0.3301 : L 28 : T 87.4 sec
 - d_sub 1800 : OOB 0.3309 : L 29 : T 89.0 sec
 - d_sub 1800 : OOB 0.3302 : L 30 : T 94.1 sec
 - d_sub 1800 : OOB 0.3273 : L 31 : T 95.4 sec
 - d_sub 1800 : OOB 0.3291 : L 32 : T 97.0 sec
 - d_sub 1800 : OOB 0.3303 : L 33 : T 100.5 sec
 - d_sub 1800 : OOB 0.3300 : L 34 : T 103.9 sec
 - d_sub 1800 : OOB 0.3282 : L 35 : T 106.2 sec
 - d_sub 1800 : OOB 0.3287 : L 36 : T 108.0 sec
 - d_sub 1800 : OOB 0.3302 : L 37 : T 113.4 sec
 - d_sub 1800 : OOB 0.3288 : L 38 : T 115.1 sec
 - d_sub 1800 : OOB 0.3297 : L 39 : T 116.8 sec
 - d_sub 1800 : OOB 0.3285 : L 40 : T 122.1 sec
 - d_sub 1800 : OOB 0.3283 : L 41 : T 125.1 sec
 - d_sub 1800 : OOB 0.3269 : L 42 : T 128.0 sec
 - d_sub 1800 : OOB 0.3302 : L 43 : T 131.4 sec
 - d_sub 1800 : OOB 0.3293 : L 44 : T 133.8 sec
 - d_sub 1800 : OOB 0.3285 : L 45 : T 135.3 sec
 - d_sub 1800 : OOB 0.3293 : L 46 : T 138.4 sec
 - d_sub 1800 : OOB 0.3272 : L 47 : T 143.1 sec
 - d_sub 1800 : OOB 0.3271 : L 48 : T 149.4 sec
 - d_sub 1800 : OOB 0.3266 : L 49 : T 152.2 sec
 - d_sub 1800 : OOB 0.3263 : L 50 : T 157.8 sec
 - d_sub 1800 : OOB 0.3273 : L 51 : T 166.1 sec
 - d_sub 1800 : OOB 0.3248 : L 52 : T 173.1 sec
 - d_sub 1800 : OOB 0.3226 : L 53 : T 178.0 sec
 - d_sub 1800 : OOB 0.3247 : L 54 : T 182.6 sec
 - d_sub 1800 : OOB 0.3256 : L 55 : T 184.6 sec
 - d_sub 1800 : OOB 0.3260 : L 56 : T 188.4 sec
 - d_sub 1800 : OOB 0.3258 : L 57 : T 195.4 sec
 - d_sub 1800 : OOB 0.3238 : L 58 : T 200.7 sec
 - d_sub 1800 : OOB 0.3254 : L 59 : T 205.9 sec
 - d_sub 1800 : OOB 0.3245 : L 60 : T 211.2 sec
 - d_sub 1800 : OOB 0.3216 : L 61 : T 213.9 sec
 - d_sub 1800 : OOB 0.3211 : L 62 : T 218.4 sec
 - d_sub 1800 : OOB 0.3223 : L 63 : T 222.1 sec
 - d_sub 1800 : OOB 0.3236 : L 64 : T 224.4 sec
 - d_sub 1800 : OOB 0.3229 : L 65 : T 228.9 sec
 - d_sub 1800 : OOB 0.3231 : L 66 : T 230.0 sec
 - d_sub 1800 : OOB 0.3228 : L 67 : T 234.2 sec
 - d_sub 1800 : OOB 0.3218 : L 68 : T 238.5 sec
 - d_sub 1800 : OOB 0.3211 : L 69 : T 242.7 sec
 - d_sub 1800 : OOB 0.3213 : L 70 : T 245.4 sec
 - d_sub 1800 : OOB 0.3196 : L 71 : T 249.7 sec
 - d_sub 1800 : OOB 0.3199 : L 72 : T 252.4 sec
 - d_sub 1800 : OOB 0.3193 : L 73 : T 256.5 sec
 - d_sub 1800 : OOB 0.3198 : L 74 : T 262.8 sec
 - d_sub 1800 : OOB 0.3188 : L 75 : T 266.5 sec
 - d_sub 1800 : OOB 0.3208 : L 76 : T 271.9 sec
 - d_sub 1800 : OOB 0.3214 : L 77 : T 275.3 sec
 - d_sub 1800 : OOB 0.3206 : L 78 : T 279.4 sec
 - d_sub 1800 : OOB 0.3221 : L 79 : T 284.4 sec
 - d_sub 1800 : OOB 0.3217 : L 80 : T 287.3 sec
 - d_sub 1800 : OOB 0.3200 : L 81 : T 291.7 sec
 - d_sub 1800 : OOB 0.3212 : L 82 : T 296.0 sec
 - d_sub 1800 : OOB 0.3206 : L 83 : T 298.7 sec
 - d_sub 1800 : OOB 0.3232 : L 84 : T 304.1 sec
 - d_sub 1800 : OOB 0.3219 : L 85 : T 306.7 sec
 - d_sub 1800 : OOB 0.3200 : L 86 : T 313.6 sec
 - d_sub 1800 : OOB 0.3212 : L 87 : T 318.0 sec
 - d_sub 1800 : OOB 0.3199 : L 88 : T 324.4 sec
 - d_sub 1800 : OOB 0.3222 : L 89 : T 329.1 sec
 - d_sub 1800 : OOB 0.3204 : L 90 : T 330.7 sec
 - d_sub 1800 : OOB 0.3193 : L 91 : T 340.8 sec
 - d_sub 1800 : OOB 0.3205 : L 92 : T 344.5 sec
 - d_sub 1800 : OOB 0.3187 : L 93 : T 350.7 sec
 - d_sub 1800 : OOB 0.3217 : L 94 : T 354.6 sec
 - d_sub 1800 : OOB 0.3210 : L 95 : T 361.5 sec
 - d_sub 1800 : OOB 0.3189 : L 96 : T 363.0 sec
 - d_sub 1800 : OOB 0.3188 : L 97 : T 367.8 sec
 - d_sub 1800 : OOB 0.3185 : L 98 : T 372.2 sec
 - d_sub 1800 : OOB 0.3186 : L 99 : T 372.9 sec
 - d_sub 1800 : OOB 0.3189 : L 100 : T 379.4 sec
 - d_sub 1800 : OOB 0.3188 : L 101 : T 383.0 sec
 - d_sub 1800 : OOB 0.3197 : L 102 : T 384.8 sec
 - d_sub 1800 : OOB 0.3206 : L 103 : T 387.4 sec
 - d_sub 1800 : OOB 0.3199 : L 104 : T 395.3 sec
 - d_sub 1800 : OOB 0.3206 : L 105 : T 398.2 sec
 - d_sub 1800 : OOB 0.3208 : L 106 : T 400.1 sec
 - d_sub 1800 : OOB 0.3189 : L 107 : T 405.6 sec

 - d_sub 2000 : OOB 0.4573 : L 1 : T 2.3 sec
 - d_sub 2000 : OOB 0.4227 : L 2 : T 4.2 sec
 - d_sub 2000 : OOB 0.4061 : L 3 : T 7.1 sec
 - d_sub 2000 : OOB 0.3955 : L 4 : T 11.3 sec
 - d_sub 2000 : OOB 0.3812 : L 5 : T 14.8 sec
 - d_sub 2000 : OOB 0.3757 : L 6 : T 18.4 sec
 - d_sub 2000 : OOB 0.3748 : L 7 : T 24.1 sec
 - d_sub 2000 : OOB 0.3657 : L 8 : T 29.9 sec
 - d_sub 2000 : OOB 0.3618 : L 9 : T 37.0 sec
 - d_sub 2000 : OOB 0.3594 : L 10 : T 40.2 sec
 - d_sub 2000 : OOB 0.3574 : L 11 : T 44.8 sec
 - d_sub 2000 : OOB 0.3538 : L 12 : T 50.3 sec
 - d_sub 2000 : OOB 0.3519 : L 13 : T 52.4 sec
 - d_sub 2000 : OOB 0.3476 : L 14 : T 55.9 sec
 - d_sub 2000 : OOB 0.3479 : L 15 : T 58.8 sec
 - d_sub 2000 : OOB 0.3464 : L 16 : T 65.6 sec
 - d_sub 2000 : OOB 0.3466 : L 17 : T 69.7 sec
 - d_sub 2000 : OOB 0.3476 : L 18 : T 73.7 sec
 - d_sub 2000 : OOB 0.3431 : L 19 : T 77.9 sec
 - d_sub 2000 : OOB 0.3447 : L 20 : T 80.6 sec
 - d_sub 2000 : OOB 0.3403 : L 21 : T 84.1 sec
 - d_sub 2000 : OOB 0.3384 : L 22 : T 87.1 sec
 - d_sub 2000 : OOB 0.3397 : L 23 : T 92.1 sec
 - d_sub 2000 : OOB 0.3375 : L 24 : T 94.8 sec
 - d_sub 2000 : OOB 0.3353 : L 25 : T 97.3 sec
 - d_sub 2000 : OOB 0.3354 : L 26 : T 104.2 sec
 - d_sub 2000 : OOB 0.3350 : L 27 : T 110.6 sec
 - d_sub 2000 : OOB 0.3332 : L 28 : T 117.7 sec
 - d_sub 2000 : OOB 0.3358 : L 29 : T 121.5 sec
 - d_sub 2000 : OOB 0.3340 : L 30 : T 125.4 sec
 - d_sub 2000 : OOB 0.3338 : L 31 : T 130.4 sec
 - d_sub 2000 : OOB 0.3350 : L 32 : T 135.6 sec
 - d_sub 2000 : OOB 0.3340 : L 33 : T 139.1 sec
 - d_sub 2000 : OOB 0.3333 : L 34 : T 141.9 sec
 - d_sub 2000 : OOB 0.3346 : L 35 : T 145.5 sec
 - d_sub 2000 : OOB 0.3346 : L 36 : T 146.8 sec
 - d_sub 2000 : OOB 0.3318 : L 37 : T 152.4 sec
 - d_sub 2000 : OOB 0.3308 : L 38 : T 156.0 sec
 - d_sub 2000 : OOB 0.3332 : L 39 : T 159.8 sec
 - d_sub 2000 : OOB 0.3316 : L 40 : T 164.7 sec
 - d_sub 2000 : OOB 0.3305 : L 41 : T 168.4 sec
 - d_sub 2000 : OOB 0.3266 : L 42 : T 174.9 sec
 - d_sub 2000 : OOB 0.3293 : L 43 : T 177.4 sec
 - d_sub 2000 : OOB 0.3313 : L 44 : T 182.7 sec
 - d_sub 2000 : OOB 0.3305 : L 45 : T 187.8 sec
 - d_sub 2000 : OOB 0.3279 : L 46 : T 192.3 sec
 - d_sub 2000 : OOB 0.3286 : L 47 : T 198.4 sec
 - d_sub 2000 : OOB 0.3294 : L 48 : T 203.3 sec
 - d_sub 2000 : OOB 0.3309 : L 49 : T 208.8 sec
 - d_sub 2000 : OOB 0.3277 : L 50 : T 211.6 sec
 - d_sub 2000 : OOB 0.3282 : L 51 : T 215.6 sec
 - d_sub 2000 : OOB 0.3271 : L 52 : T 223.2 sec
 - d_sub 2000 : OOB 0.3268 : L 53 : T 226.2 sec
 - d_sub 2000 : OOB 0.3281 : L 54 : T 232.1 sec
 - d_sub 2000 : OOB 0.3268 : L 55 : T 239.1 sec
 - d_sub 2000 : OOB 0.3262 : L 56 : T 240.9 sec
 - d_sub 2000 : OOB 0.3245 : L 57 : T 243.6 sec
 - d_sub 2000 : OOB 0.3258 : L 58 : T 245.0 sec
 - d_sub 2000 : OOB 0.3263 : L 59 : T 247.8 sec
 - d_sub 2000 : OOB 0.3245 : L 60 : T 253.1 sec
 - d_sub 2000 : OOB 0.3253 : L 61 : T 258.4 sec
 - d_sub 2000 : OOB 0.3275 : L 62 : T 261.3 sec
 - d_sub 2000 : OOB 0.3239 : L 63 : T 261.9 sec
 - d_sub 2000 : OOB 0.3244 : L 64 : T 266.9 sec
 - d_sub 2000 : OOB 0.3235 : L 65 : T 271.3 sec
 - d_sub 2000 : OOB 0.3232 : L 66 : T 275.0 sec
 - d_sub 2000 : OOB 0.3240 : L 67 : T 278.0 sec
 - d_sub 2000 : OOB 0.3242 : L 68 : T 284.6 sec
 - d_sub 2000 : OOB 0.3221 : L 69 : T 288.5 sec
 - d_sub 2000 : OOB 0.3216 : L 70 : T 290.3 sec
 - d_sub 2000 : OOB 0.3244 : L 71 : T 294.9 sec
 - d_sub 2000 : OOB 0.3237 : L 72 : T 297.1 sec
 - d_sub 2000 : OOB 0.3226 : L 73 : T 300.4 sec
 - d_sub 2000 : OOB 0.3232 : L 74 : T 302.4 sec
 - d_sub 2000 : OOB 0.3209 : L 75 : T 306.3 sec
 - d_sub 2000 : OOB 0.3231 : L 76 : T 312.0 sec
 - d_sub 2000 : OOB 0.3205 : L 77 : T 314.2 sec
 - d_sub 2000 : OOB 0.3223 : L 78 : T 319.9 sec
 - d_sub 2000 : OOB 0.3213 : L 79 : T 323.4 sec
 - d_sub 2000 : OOB 0.3217 : L 80 : T 329.4 sec
 - d_sub 2000 : OOB 0.3225 : L 81 : T 334.7 sec
 - d_sub 2000 : OOB 0.3228 : L 82 : T 339.8 sec
 - d_sub 2000 : OOB 0.3228 : L 83 : T 341.5 sec
 - d_sub 2000 : OOB 0.3220 : L 84 : T 346.2 sec
 - d_sub 2000 : OOB 0.3206 : L 85 : T 350.2 sec
 - d_sub 2000 : OOB 0.3220 : L 86 : T 352.7 sec
 - d_sub 2000 : OOB 0.3201 : L 87 : T 353.9 sec
 - d_sub 2000 : OOB 0.3207 : L 88 : T 358.5 sec
 - d_sub 2000 : OOB 0.3210 : L 89 : T 364.4 sec
 - d_sub 2000 : OOB 0.3212 : L 90 : T 368.3 sec
 - d_sub 2000 : OOB 0.3209 : L 91 : T 375.0 sec
 - d_sub 2000 : OOB 0.3218 : L 92 : T 377.4 sec
 - d_sub 2000 : OOB 0.3197 : L 93 : T 380.7 sec
 - d_sub 2000 : OOB 0.3202 : L 94 : T 382.8 sec
 - d_sub 2000 : OOB 0.3189 : L 95 : T 389.6 sec
 - d_sub 2000 : OOB 0.3199 : L 96 : T 391.7 sec
 - d_sub 2000 : OOB 0.3194 : L 97 : T 397.0 sec
 - d_sub 2000 : OOB 0.3188 : L 98 : T 401.6 sec
 - d_sub 2000 : OOB 0.3181 : L 99 : T 406.7 sec
 - d_sub 2000 : OOB 0.3189 : L 100 : T 410.0 sec
 - d_sub 2000 : OOB 0.3190 : L 101 : T 419.4 sec
 - d_sub 2000 : OOB 0.3178 : L 102 : T 422.8 sec
 - d_sub 2000 : OOB 0.3187 : L 103 : T 428.2 sec
 - d_sub 2000 : OOB 0.3198 : L 104 : T 432.0 sec
 - d_sub 2000 : OOB 0.3178 : L 105 : T 433.5 sec
 - d_sub 2000 : OOB 0.3183 : L 106 : T 437.1 sec
 - d_sub 2000 : OOB 0.3181 : L 107 : T 441.0 sec
 - d_sub 2000 : OOB 0.3170 : L 108 : T 444.4 sec
 - d_sub 2000 : OOB 0.3188 : L 109 : T 450.6 sec
 - d_sub 2000 : OOB 0.3188 : L 110 : T 453.6 sec
 - d_sub 2000 : OOB 0.3185 : L 111 : T 459.2 sec
 - d_sub 2000 : OOB 0.3198 : L 112 : T 465.4 sec
 - d_sub 2000 : OOB 0.3196 : L 113 : T 469.1 sec
 - d_sub 2000 : OOB 0.3191 : L 114 : T 470.7 sec
 - d_sub 2000 : OOB 0.3198 : L 115 : T 475.3 sec
 - d_sub 2000 : OOB 0.3203 : L 116 : T 480.1 sec
 - d_sub 2000 : OOB 0.3210 : L 117 : T 481.5 sec
 - d_sub 2000 : OOB 0.3191 : L 118 : T 488.2 sec
 - d_sub 2000 : OOB 0.3207 : L 119 : T 491.8 sec
 - d_sub 2000 : OOB 0.3199 : L 120 : T 497.6 sec

 - d_sub 2200 : OOB 0.4556 : L 1 : T 4.3 sec
 - d_sub 2200 : OOB 0.4256 : L 2 : T 7.1 sec
 - d_sub 2200 : OOB 0.4113 : L 3 : T 11.5 sec
 - d_sub 2200 : OOB 0.3970 : L 4 : T 19.6 sec
 - d_sub 2200 : OOB 0.3847 : L 5 : T 23.2 sec
 - d_sub 2200 : OOB 0.3937 : L 6 : T 31.5 sec
 - d_sub 2200 : OOB 0.3862 : L 7 : T 36.7 sec
 - d_sub 2200 : OOB 0.3758 : L 8 : T 43.6 sec
 - d_sub 2200 : OOB 0.3679 : L 9 : T 54.8 sec
 - d_sub 2200 : OOB 0.3624 : L 10 : T 57.1 sec
 - d_sub 2200 : OOB 0.3653 : L 11 : T 61.0 sec
 - d_sub 2200 : OOB 0.3662 : L 12 : T 66.2 sec
 - d_sub 2200 : OOB 0.3561 : L 13 : T 70.7 sec
 - d_sub 2200 : OOB 0.3516 : L 14 : T 73.9 sec
 - d_sub 2200 : OOB 0.3494 : L 15 : T 79.0 sec
 - d_sub 2200 : OOB 0.3463 : L 16 : T 82.3 sec
 - d_sub 2200 : OOB 0.3427 : L 17 : T 89.3 sec
 - d_sub 2200 : OOB 0.3405 : L 18 : T 92.3 sec
 - d_sub 2200 : OOB 0.3384 : L 19 : T 100.7 sec
 - d_sub 2200 : OOB 0.3367 : L 20 : T 105.6 sec
 - d_sub 2200 : OOB 0.3392 : L 21 : T 108.6 sec
 - d_sub 2200 : OOB 0.3385 : L 22 : T 113.0 sec
 - d_sub 2200 : OOB 0.3383 : L 23 : T 117.3 sec
 - d_sub 2200 : OOB 0.3426 : L 24 : T 126.3 sec
 - d_sub 2200 : OOB 0.3378 : L 25 : T 128.8 sec
 - d_sub 2200 : OOB 0.3390 : L 26 : T 133.2 sec
 - d_sub 2200 : OOB 0.3345 : L 27 : T 137.9 sec
 - d_sub 2200 : OOB 0.3357 : L 28 : T 140.5 sec
 - d_sub 2200 : OOB 0.3346 : L 29 : T 142.2 sec
 - d_sub 2200 : OOB 0.3366 : L 30 : T 144.9 sec
 - d_sub 2200 : OOB 0.3365 : L 31 : T 151.7 sec
 - d_sub 2200 : OOB 0.3330 : L 32 : T 154.3 sec
 - d_sub 2200 : OOB 0.3350 : L 33 : T 156.3 sec
 - d_sub 2200 : OOB 0.3325 : L 34 : T 160.6 sec
 - d_sub 2200 : OOB 0.3310 : L 35 : T 162.3 sec
 - d_sub 2200 : OOB 0.3331 : L 36 : T 166.7 sec
 - d_sub 2200 : OOB 0.3316 : L 37 : T 171.4 sec
 - d_sub 2200 : OOB 0.3321 : L 38 : T 176.2 sec
 - d_sub 2200 : OOB 0.3325 : L 39 : T 180.3 sec
 - d_sub 2200 : OOB 0.3330 : L 40 : T 183.3 sec
 - d_sub 2200 : OOB 0.3331 : L 41 : T 189.6 sec
 - d_sub 2200 : OOB 0.3341 : L 42 : T 192.5 sec
 - d_sub 2200 : OOB 0.3314 : L 43 : T 195.8 sec
 - d_sub 2200 : OOB 0.3335 : L 44 : T 200.5 sec
 - d_sub 2200 : OOB 0.3339 : L 45 : T 203.0 sec
 - d_sub 2200 : OOB 0.3325 : L 46 : T 208.1 sec
 - d_sub 2200 : OOB 0.3328 : L 47 : T 212.5 sec
 - d_sub 2200 : OOB 0.3351 : L 48 : T 217.9 sec
 - d_sub 2200 : OOB 0.3317 : L 49 : T 222.4 sec
 - d_sub 2200 : OOB 0.3309 : L 50 : T 227.3 sec
 - d_sub 2200 : OOB 0.3298 : L 51 : T 231.0 sec
 - d_sub 2200 : OOB 0.3305 : L 52 : T 237.3 sec
 - d_sub 2200 : OOB 0.3285 : L 53 : T 244.9 sec
 - d_sub 2200 : OOB 0.3295 : L 54 : T 251.5 sec
 - d_sub 2200 : OOB 0.3265 : L 55 : T 252.3 sec
 - d_sub 2200 : OOB 0.3276 : L 56 : T 256.8 sec
 - d_sub 2200 : OOB 0.3286 : L 57 : T 259.0 sec
 - d_sub 2200 : OOB 0.3267 : L 58 : T 265.9 sec
 - d_sub 2200 : OOB 0.3248 : L 59 : T 269.5 sec
 - d_sub 2200 : OOB 0.3261 : L 60 : T 274.0 sec
 - d_sub 2200 : OOB 0.3251 : L 61 : T 276.9 sec
 - d_sub 2200 : OOB 0.3242 : L 62 : T 281.2 sec
 - d_sub 2200 : OOB 0.3259 : L 63 : T 282.6 sec
 - d_sub 2200 : OOB 0.3255 : L 64 : T 285.2 sec
 - d_sub 2200 : OOB 0.3260 : L 65 : T 289.3 sec
 - d_sub 2200 : OOB 0.3254 : L 66 : T 291.1 sec
 - d_sub 2200 : OOB 0.3248 : L 67 : T 293.4 sec
 - d_sub 2200 : OOB 0.3242 : L 68 : T 298.5 sec
 - d_sub 2200 : OOB 0.3231 : L 69 : T 300.3 sec
 - d_sub 2200 : OOB 0.3271 : L 70 : T 304.6 sec
 - d_sub 2200 : OOB 0.3251 : L 71 : T 309.3 sec
 - d_sub 2200 : OOB 0.3251 : L 72 : T 311.8 sec
 - d_sub 2200 : OOB 0.3257 : L 73 : T 317.4 sec
 - d_sub 2200 : OOB 0.3263 : L 74 : T 320.1 sec
 - d_sub 2200 : OOB 0.3253 : L 75 : T 325.3 sec
 - d_sub 2200 : OOB 0.3234 : L 76 : T 327.9 sec
 - d_sub 2200 : OOB 0.3238 : L 77 : T 332.1 sec
 - d_sub 2200 : OOB 0.3232 : L 78 : T 334.6 sec
 - d_sub 2200 : OOB 0.3249 : L 79 : T 339.2 sec
 - d_sub 2200 : OOB 0.3234 : L 80 : T 342.4 sec
 - d_sub 2200 : OOB 0.3251 : L 81 : T 345.0 sec
 - d_sub 2200 : OOB 0.3239 : L 82 : T 346.7 sec
 - d_sub 2200 : OOB 0.3227 : L 83 : T 352.6 sec
 - d_sub 2200 : OOB 0.3200 : L 84 : T 356.4 sec
 - d_sub 2200 : OOB 0.3218 : L 85 : T 360.6 sec
 - d_sub 2200 : OOB 0.3206 : L 86 : T 361.4 sec
 - d_sub 2200 : OOB 0.3226 : L 87 : T 363.7 sec
 - d_sub 2200 : OOB 0.3196 : L 88 : T 367.6 sec
 - d_sub 2200 : OOB 0.3187 : L 89 : T 370.0 sec
 - d_sub 2200 : OOB 0.3210 : L 90 : T 373.4 sec
 - d_sub 2200 : OOB 0.3211 : L 91 : T 374.2 sec
 - d_sub 2200 : OOB 0.3209 : L 92 : T 376.1 sec
 - d_sub 2200 : OOB 0.3192 : L 93 : T 382.0 sec
 - d_sub 2200 : OOB 0.3219 : L 94 : T 384.3 sec
 - d_sub 2200 : OOB 0.3229 : L 95 : T 388.5 sec
 - d_sub 2200 : OOB 0.3214 : L 96 : T 392.9 sec
 - d_sub 2200 : OOB 0.3225 : L 97 : T 395.5 sec
 - d_sub 2200 : OOB 0.3213 : L 98 : T 396.3 sec
 - d_sub 2200 : OOB 0.3229 : L 99 : T 399.9 sec
 - d_sub 2200 : OOB 0.3242 : L 100 : T 402.5 sec
 - d_sub 2200 : OOB 0.3232 : L 101 : T 405.3 sec
 - d_sub 2200 : OOB 0.3223 : L 102 : T 407.6 sec
 - d_sub 2200 : OOB 0.3211 : L 103 : T 409.7 sec
 - d_sub 2200 : OOB 0.3201 : L 104 : T 412.1 sec
 - d_sub 2200 : OOB 0.3196 : L 105 : T 416.7 sec
 - d_sub 2200 : OOB 0.3188 : L 106 : T 419.5 sec
 - d_sub 2200 : OOB 0.3205 : L 107 : T 423.7 sec
 - d_sub 2200 : OOB 0.3200 : L 108 : T 424.5 sec
 - d_sub 2200 : OOB 0.3206 : L 109 : T 427.1 sec
 - d_sub 2200 : OOB 0.3198 : L 110 : T 429.3 sec
 - d_sub 2200 : OOB 0.3192 : L 111 : T 430.9 sec
 - d_sub 2200 : OOB 0.3203 : L 112 : T 431.7 sec
 - d_sub 2200 : OOB 0.3194 : L 113 : T 435.9 sec
 - d_sub 2200 : OOB 0.3188 : L 114 : T 439.2 sec
 - d_sub 2200 : OOB 0.3193 : L 115 : T 442.9 sec
 - d_sub 2200 : OOB 0.3199 : L 116 : T 443.8 sec
 - d_sub 2200 : OOB 0.3200 : L 117 : T 447.5 sec
 - d_sub 2200 : OOB 0.3195 : L 118 : T 449.8 sec
 - d_sub 2200 : OOB 0.3196 : L 119 : T 453.7 sec
 - d_sub 2200 : OOB 0.3190 : L 120 : T 458.5 sec
 - d_sub 2200 : OOB 0.3189 : L 121 : T 460.7 sec
 - d_sub 2200 : OOB 0.3188 : L 122 : T 464.2 sec
 - d_sub 2200 : OOB 0.3182 : L 123 : T 465.9 sec
 - d_sub 2200 : OOB 0.3186 : L 124 : T 469.8 sec
 - d_sub 2200 : OOB 0.3189 : L 125 : T 474.2 sec
 - d_sub 2200 : OOB 0.3204 : L 126 : T 476.9 sec
 - d_sub 2200 : OOB 0.3198 : L 127 : T 481.5 sec
 - d_sub 2200 : OOB 0.3214 : L 128 : T 484.1 sec
 - d_sub 2200 : OOB 0.3211 : L 129 : T 488.2 sec
# -------------------------
optimal d_sub 1800 : OOB 0.3189 : L 107 : T 2140.3 sec
Testing error: 0.3229
# -------------------------
# Ensemble classification
#  - Training samples: 10000 (5000/5000)
#  - Feature-space dimensionality: 24157
#  - L : automatic (min 25, max 500, length 50, eps 0.00500)
#  - d_sub : 300
#  - Seed 1 (subspaces) : 275492220
#  - Seed 2 (bootstrap) : 395914081
# -------------------------

 - d_sub 300 : OOB 0.4560 : L 1 : T 0.1 sec
 - d_sub 300 : OOB 0.4261 : L 2 : T 0.1 sec
 - d_sub 300 : OOB 0.4152 : L 3 : T 0.2 sec
 - d_sub 300 : OOB 0.4066 : L 4 : T 0.2 sec
 - d_sub 300 : OOB 0.3956 : L 5 : T 1.3 sec
 - d_sub 300 : OOB 0.3949 : L 6 : T 1.3 sec
 - d_sub 300 : OOB 0.3872 : L 7 : T 1.4 sec
 - d_sub 300 : OOB 0.3810 : L 8 : T 2.2 sec
 - d_sub 300 : OOB 0.3830 : L 9 : T 3.3 sec
 - d_sub 300 : OOB 0.3818 : L 10 : T 3.6 sec
 - d_sub 300 : OOB 0.3769 : L 11 : T 3.7 sec
 - d_sub 300 : OOB 0.3779 : L 12 : T 3.7 sec
 - d_sub 300 : OOB 0.3792 : L 13 : T 3.8 sec
 - d_sub 300 : OOB 0.3746 : L 14 : T 3.9 sec
 - d_sub 300 : OOB 0.3788 : L 15 : T 3.9 sec
 - d_sub 300 : OOB 0.3744 : L 16 : T 4.0 sec
 - d_sub 300 : OOB 0.3756 : L 17 : T 4.0 sec
 - d_sub 300 : OOB 0.3719 : L 18 : T 4.1 sec
 - d_sub 300 : OOB 0.3735 : L 19 : T 4.1 sec
 - d_sub 300 : OOB 0.3731 : L 20 : T 4.2 sec
 - d_sub 300 : OOB 0.3744 : L 21 : T 4.2 sec
 - d_sub 300 : OOB 0.3726 : L 22 : T 4.3 sec
 - d_sub 300 : OOB 0.3725 : L 23 : T 4.3 sec
 - d_sub 300 : OOB 0.3727 : L 24 : T 4.4 sec
 - d_sub 300 : OOB 0.3707 : L 25 : T 4.5 sec
 - d_sub 300 : OOB 0.3696 : L 26 : T 4.5 sec
 - d_sub 300 : OOB 0.3716 : L 27 : T 4.6 sec
 - d_sub 300 : OOB 0.3717 : L 28 : T 4.7 sec
 - d_sub 300 : OOB 0.3713 : L 29 : T 4.7 sec
 - d_sub 300 : OOB 0.3665 : L 30 : T 4.8 sec
 - d_sub 300 : OOB 0.3698 : L 31 : T 4.8 sec
 - d_sub 300 : OOB 0.3698 : L 32 : T 4.9 sec
 - d_sub 300 : OOB 0.3686 : L 33 : T 4.9 sec
 - d_sub 300 : OOB 0.3686 : L 34 : T 5.0 sec
 - d_sub 300 : OOB 0.3692 : L 35 : T 5.1 sec
 - d_sub 300 : OOB 0.3684 : L 36 : T 5.1 sec
 - d_sub 300 : OOB 0.3685 : L 37 : T 5.2 sec
 - d_sub 300 : OOB 0.3679 : L 38 : T 5.2 sec
 - d_sub 300 : OOB 0.3676 : L 39 : T 5.3 sec
 - d_sub 300 : OOB 0.3671 : L 40 : T 5.3 sec
 - d_sub 300 : OOB 0.3683 : L 41 : T 5.4 sec
 - d_sub 300 : OOB 0.3659 : L 42 : T 5.4 sec
 - d_sub 300 : OOB 0.3680 : L 43 : T 6.3 sec
 - d_sub 300 : OOB 0.3684 : L 44 : T 7.1 sec
 - d_sub 300 : OOB 0.3694 : L 45 : T 7.8 sec
 - d_sub 300 : OOB 0.3692 : L 46 : T 7.9 sec
 - d_sub 300 : OOB 0.3682 : L 47 : T 8.0 sec
 - d_sub 300 : OOB 0.3663 : L 48 : T 8.0 sec
 - d_sub 300 : OOB 0.3670 : L 49 : T 8.1 sec
 - d_sub 300 : OOB 0.3667 : L 50 : T 8.1 sec
 - d_sub 300 : OOB 0.3687 : L 51 : T 8.4 sec
 - d_sub 300 : OOB 0.3676 : L 52 : T 8.5 sec
 - d_sub 300 : OOB 0.3667 : L 53 : T 8.5 sec
 - d_sub 300 : OOB 0.3667 : L 54 : T 8.6 sec
 - d_sub 300 : OOB 0.3668 : L 55 : T 8.7 sec
 - d_sub 300 : OOB 0.3672 : L 56 : T 8.7 sec
 - d_sub 300 : OOB 0.3673 : L 57 : T 8.8 sec
 - d_sub 300 : OOB 0.3681 : L 58 : T 8.8 sec
 - d_sub 300 : OOB 0.3667 : L 59 : T 8.9 sec
 - d_sub 300 : OOB 0.3657 : L 60 : T 9.0 sec
 - d_sub 300 : OOB 0.3641 : L 61 : T 9.0 sec
 - d_sub 300 : OOB 0.3649 : L 62 : T 9.1 sec
 - d_sub 300 : OOB 0.3642 : L 63 : T 9.2 sec
 - d_sub 300 : OOB 0.3630 : L 64 : T 9.2 sec
 - d_sub 300 : OOB 0.3622 : L 65 : T 9.3 sec
 - d_sub 300 : OOB 0.3627 : L 66 : T 9.3 sec
 - d_sub 300 : OOB 0.3627 : L 67 : T 9.4 sec
 - d_sub 300 : OOB 0.3633 : L 68 : T 9.5 sec
 - d_sub 300 : OOB 0.3636 : L 69 : T 9.5 sec
 - d_sub 300 : OOB 0.3632 : L 70 : T 9.6 sec
 - d_sub 300 : OOB 0.3618 : L 71 : T 9.6 sec
 - d_sub 300 : OOB 0.3617 : L 72 : T 9.7 sec
 - d_sub 300 : OOB 0.3611 : L 73 : T 9.7 sec
 - d_sub 300 : OOB 0.3626 : L 74 : T 9.8 sec
 - d_sub 300 : OOB 0.3628 : L 75 : T 9.8 sec
 - d_sub 300 : OOB 0.3616 : L 76 : T 9.9 sec
 - d_sub 300 : OOB 0.3621 : L 77 : T 9.9 sec
 - d_sub 300 : OOB 0.3618 : L 78 : T 10.0 sec
 - d_sub 300 : OOB 0.3627 : L 79 : T 10.1 sec
 - d_sub 300 : OOB 0.3648 : L 80 : T 10.1 sec
 - d_sub 300 : OOB 0.3641 : L 81 : T 10.2 sec
 - d_sub 300 : OOB 0.3626 : L 82 : T 10.2 sec
 - d_sub 300 : OOB 0.3633 : L 83 : T 11.2 sec
 - d_sub 300 : OOB 0.3637 : L 84 : T 13.1 sec
 - d_sub 300 : OOB 0.3638 : L 85 : T 13.4 sec
 - d_sub 300 : OOB 0.3634 : L 86 : T 13.4 sec
 - d_sub 300 : OOB 0.3644 : L 87 : T 13.5 sec
 - d_sub 300 : OOB 0.3634 : L 88 : T 13.6 sec
 - d_sub 300 : OOB 0.3630 : L 89 : T 13.6 sec
 - d_sub 300 : OOB 0.3635 : L 90 : T 13.7 sec
 - d_sub 300 : OOB 0.3634 : L 91 : T 13.7 sec
 - d_sub 300 : OOB 0.3634 : L 92 : T 13.8 sec
 - d_sub 300 : OOB 0.3624 : L 93 : T 13.9 sec
 - d_sub 300 : OOB 0.3639 : L 94 : T 13.9 sec
 - d_sub 300 : OOB 0.3643 : L 95 : T 14.0 sec
 - d_sub 300 : OOB 0.3637 : L 96 : T 14.0 sec
 - d_sub 300 : OOB 0.3628 : L 97 : T 14.1 sec
 - d_sub 300 : OOB 0.3631 : L 98 : T 14.1 sec
 - d_sub 300 : OOB 0.3621 : L 99 : T 14.2 sec
 - d_sub 300 : OOB 0.3618 : L 100 : T 14.3 sec
 - d_sub 300 : OOB 0.3620 : L 101 : T 14.3 sec
 - d_sub 300 : OOB 0.3621 : L 102 : T 14.4 sec
 - d_sub 300 : OOB 0.3635 : L 103 : T 14.4 sec
 - d_sub 300 : OOB 0.3626 : L 104 : T 14.5 sec
 - d_sub 300 : OOB 0.3607 : L 105 : T 14.6 sec
 - d_sub 300 : OOB 0.3607 : L 106 : T 14.6 sec
# -------------------------
optimal d_sub 300 : OOB 0.3607 : L 106 : T 14.6 sec
# -------------------------
# Ensemble classification
#  - Training samples: 10000 (5000/5000)
#  - Feature-space dimensionality: 24157
#  - L : 30
#  - d_sub : 300
#  - Seed 1 (subspaces) : 457798417
#  - Seed 2 (bootstrap) : 813663364
# -------------------------

 - d_sub 300 : OOB 0.4577 : L 1 : T 0.1 sec
 - d_sub 300 : OOB 0.4302 : L 2 : T 0.1 sec
 - d_sub 300 : OOB 0.4213 : L 3 : T 0.2 sec
 - d_sub 300 : OOB 0.4087 : L 4 : T 0.2 sec
 - d_sub 300 : OOB 0.3979 : L 5 : T 0.3 sec
 - d_sub 300 : OOB 0.3968 : L 6 : T 0.3 sec
 - d_sub 300 : OOB 0.3873 : L 7 : T 0.4 sec
 - d_sub 300 : OOB 0.3857 : L 8 : T 0.5 sec
 - d_sub 300 : OOB 0.3842 : L 9 : T 0.5 sec
 - d_sub 300 : OOB 0.3846 : L 10 : T 0.6 sec
 - d_sub 300 : OOB 0.3755 : L 11 : T 0.6 sec
 - d_sub 300 : OOB 0.3769 : L 12 : T 0.7 sec
 - d_sub 300 : OOB 0.3783 : L 13 : T 0.7 sec
 - d_sub 300 : OOB 0.3700 : L 14 : T 1.9 sec
 - d_sub 300 : OOB 0.3751 : L 15 : T 2.9 sec
 - d_sub 300 : OOB 0.3722 : L 16 : T 3.0 sec
 - d_sub 300 : OOB 0.3704 : L 17 : T 3.1 sec
 - d_sub 300 : OOB 0.3668 : L 18 : T 3.1 sec
 - d_sub 300 : OOB 0.3663 : L 19 : T 3.2 sec
 - d_sub 300 : OOB 0.3664 : L 20 : T 3.3 sec
 - d_sub 300 : OOB 0.3669 : L 21 : T 3.3 sec
 - d_sub 300 : OOB 0.3660 : L 22 : T 3.4 sec
 - d_sub 300 : OOB 0.3650 : L 23 : T 3.4 sec
 - d_sub 300 : OOB 0.3672 : L 24 : T 3.5 sec
 - d_sub 300 : OOB 0.3666 : L 25 : T 3.6 sec
 - d_sub 300 : OOB 0.3672 : L 26 : T 3.6 sec
 - d_sub 300 : OOB 0.3665 : L 27 : T 3.7 sec
 - d_sub 300 : OOB 0.3658 : L 28 : T 3.7 sec
 - d_sub 300 : OOB 0.3659 : L 29 : T 3.8 sec
 - d_sub 300 : OOB 0.3675 : L 30 : T 3.8 sec
# -------------------------
optimal d_sub 300 : OOB 0.3675 : L 30 : T 3.8 sec
# -------------------------
# Ensemble classification
#  - Training samples: 10000 (5000/5000)
#  - Feature-space dimensionality: 24157
#  - L : 30
#  - d_sub : 300
#  - Seed 1 (subspaces) : 903932024
#  - Seed 2 (bootstrap) : 293380305
# -------------------------

 - d_sub 300 : OOB 0.4587 : L 1 : T 0.1 sec
 - d_sub 300 : OOB 0.4315 : L 2 : T 0.1 sec
 - d_sub 300 : OOB 0.4222 : L 3 : T 0.2 sec
 - d_sub 300 : OOB 0.4104 : L 4 : T 0.2 sec
 - d_sub 300 : OOB 0.4000 : L 5 : T 0.3 sec
 - d_sub 300 : OOB 0.3951 : L 6 : T 0.3 sec
 - d_sub 300 : OOB 0.3877 : L 7 : T 0.4 sec
 - d_sub 300 : OOB 0.3828 : L 8 : T 0.5 sec
 - d_sub 300 : OOB 0.3815 : L 9 : T 0.5 sec
 - d_sub 300 : OOB 0.3803 : L 10 : T 0.6 sec
 - d_sub 300 : OOB 0.3758 : L 11 : T 0.6 sec
 - d_sub 300 : OOB 0.3769 : L 12 : T 0.7 sec
 - d_sub 300 : OOB 0.3750 : L 13 : T 0.8 sec
 - d_sub 300 : OOB 0.3744 : L 14 : T 0.8 sec
 - d_sub 300 : OOB 0.3762 : L 15 : T 0.9 sec
 - d_sub 300 : OOB 0.3741 : L 16 : T 0.9 sec
 - d_sub 300 : OOB 0.3760 : L 17 : T 1.0 sec
 - d_sub 300 : OOB 0.3726 : L 18 : T 1.0 sec
 - d_sub 300 : OOB 0.3739 : L 19 : T 1.1 sec
 - d_sub 300 : OOB 0.3765 : L 20 : T 1.2 sec
 - d_sub 300 : OOB 0.3741 : L 21 : T 1.2 sec
 - d_sub 300 : OOB 0.3747 : L 22 : T 1.3 sec
 - d_sub 300 : OOB 0.3745 : L 23 : T 1.3 sec
 - d_sub 300 : OOB 0.3728 : L 24 : T 1.4 sec
 - d_sub 300 : OOB 0.3748 : L 25 : T 1.4 sec
 - d_sub 300 : OOB 0.3746 : L 26 : T 1.5 sec
 - d_sub 300 : OOB 0.3718 : L 27 : T 1.5 sec
 - d_sub 300 : OOB 0.3720 : L 28 : T 1.6 sec
 - d_sub 300 : OOB 0.3724 : L 29 : T 1.6 sec
 - d_sub 300 : OOB 0.3711 : L 30 : T 1.7 sec
# -------------------------
optimal d_sub 300 : OOB 0.3711 : L 30 : T 1.7 sec
# -------------------------
# Ensemble classification
#  - Training samples: 10000 (5000/5000)
#  - Feature-space dimensionality: 24157
#  - L : 30
#  - d_sub : 300
#  - Seed 1 (subspaces) : 111542320
#  - Seed 2 (bootstrap) : 162672997
# -------------------------

 - d_sub 300 : OOB 0.4603 : L 1 : T 0.1 sec
 - d_sub 300 : OOB 0.4310 : L 2 : T 0.1 sec
 - d_sub 300 : OOB 0.4182 : L 3 : T 0.2 sec
 - d_sub 300 : OOB 0.4073 : L 4 : T 1.1 sec
 - d_sub 300 : OOB 0.3957 : L 5 : T 1.1 sec
 - d_sub 300 : OOB 0.3937 : L 6 : T 1.2 sec
 - d_sub 300 : OOB 0.3858 : L 7 : T 1.2 sec
 - d_sub 300 : OOB 0.3819 : L 8 : T 1.3 sec
 - d_sub 300 : OOB 0.3824 : L 9 : T 1.3 sec
 - d_sub 300 : OOB 0.3809 : L 10 : T 1.4 sec
 - d_sub 300 : OOB 0.3758 : L 11 : T 1.5 sec
 - d_sub 300 : OOB 0.3770 : L 12 : T 1.5 sec
 - d_sub 300 : OOB 0.3778 : L 13 : T 1.6 sec
 - d_sub 300 : OOB 0.3708 : L 14 : T 2.4 sec
 - d_sub 300 : OOB 0.3784 : L 15 : T 3.2 sec
 - d_sub 300 : OOB 0.3710 : L 16 : T 3.3 sec
 - d_sub 300 : OOB 0.3713 : L 17 : T 3.3 sec
 - d_sub 300 : OOB 0.3708 : L 18 : T 3.4 sec
 - d_sub 300 : OOB 0.3722 : L 19 : T 3.5 sec
 - d_sub 300 : OOB 0.3714 : L 20 : T 3.5 sec
 - d_sub 300 : OOB 0.3697 : L 21 : T 3.6 sec
 - d_sub 300 : OOB 0.3695 : L 22 : T 3.6 sec
 - d_sub 300 : OOB 0.3696 : L 23 : T 3.7 sec
 - d_sub 300 : OOB 0.3668 : L 24 : T 3.8 sec
 - d_sub 300 : OOB 0.3672 : L 25 : T 3.8 sec
 - d_sub 300 : OOB 0.3670 : L 26 : T 3.9 sec
 - d_sub 300 : OOB 0.3672 : L 27 : T 3.9 sec
 - d_sub 300 : OOB 0.3649 : L 28 : T 4.0 sec
 - d_sub 300 : OOB 0.3658 : L 29 : T 4.0 sec
 - d_sub 300 : OOB 0.3667 : L 30 : T 4.1 sec
# -------------------------
optimal d_sub 300 : OOB 0.3667 : L 30 : T 4.1 sec
# -------------------------
# Ensemble classification
#  - Training samples: 10000 (5000/5000)
#  - Feature-space dimensionality: 24157
#  - L : 30
#  - d_sub : 300
#  - Seed 1 (subspaces) : 214520856
#  - Seed 2 (bootstrap) : 405016181
# -------------------------

 - d_sub 300 : OOB 0.4636 : L 1 : T 0.1 sec
 - d_sub 300 : OOB 0.4359 : L 2 : T 0.1 sec
 - d_sub 300 : OOB 0.4224 : L 3 : T 0.2 sec
 - d_sub 300 : OOB 0.4124 : L 4 : T 0.2 sec
 - d_sub 300 : OOB 0.4012 : L 5 : T 0.3 sec
 - d_sub 300 : OOB 0.3957 : L 6 : T 0.4 sec
 - d_sub 300 : OOB 0.3912 : L 7 : T 0.4 sec
 - d_sub 300 : OOB 0.3856 : L 8 : T 0.5 sec
 - d_sub 300 : OOB 0.3849 : L 9 : T 0.5 sec
 - d_sub 300 : OOB 0.3785 : L 10 : T 0.6 sec
 - d_sub 300 : OOB 0.3764 : L 11 : T 0.6 sec
 - d_sub 300 : OOB 0.3763 : L 12 : T 0.7 sec
 - d_sub 300 : OOB 0.3745 : L 13 : T 0.7 sec
 - d_sub 300 : OOB 0.3775 : L 14 : T 0.8 sec
 - d_sub 300 : OOB 0.3738 : L 15 : T 0.9 sec
 - d_sub 300 : OOB 0.3764 : L 16 : T 0.9 sec
 - d_sub 300 : OOB 0.3753 : L 17 : T 1.0 sec
 - d_sub 300 : OOB 0.3724 : L 18 : T 1.0 sec
 - d_sub 300 : OOB 0.3712 : L 19 : T 1.1 sec
 - d_sub 300 : OOB 0.3711 : L 20 : T 1.8 sec
 - d_sub 300 : OOB 0.3674 : L 21 : T 2.6 sec
 - d_sub 300 : OOB 0.3683 : L 22 : T 2.7 sec
 - d_sub 300 : OOB 0.3696 : L 23 : T 2.7 sec
 - d_sub 300 : OOB 0.3705 : L 24 : T 2.8 sec
 - d_sub 300 : OOB 0.3693 : L 25 : T 2.8 sec
 - d_sub 300 : OOB 0.3676 : L 26 : T 2.9 sec
 - d_sub 300 : OOB 0.3651 : L 27 : T 3.7 sec
 - d_sub 300 : OOB 0.3642 : L 28 : T 3.8 sec
 - d_sub 300 : OOB 0.3630 : L 29 : T 3.8 sec
 - d_sub 300 : OOB 0.3661 : L 30 : T 4.6 sec
# -------------------------
optimal d_sub 300 : OOB 0.3661 : L 30 : T 4.6 sec
# -------------------------
# Ensemble classification
#  - Training samples: 10000 (5000/5000)
#  - Feature-space dimensionality: 24157
#  - L : 30
#  - d_sub : 300
#  - Seed 1 (subspaces) : 140696103
#  - Seed 2 (bootstrap) : 873870558
# -------------------------

 - d_sub 300 : OOB 0.4569 : L 1 : T 0.1 sec
 - d_sub 300 : OOB 0.4261 : L 2 : T 0.1 sec
 - d_sub 300 : OOB 0.4150 : L 3 : T 0.2 sec
 - d_sub 300 : OOB 0.4054 : L 4 : T 0.2 sec
 - d_sub 300 : OOB 0.3911 : L 5 : T 0.3 sec
 - d_sub 300 : OOB 0.3928 : L 6 : T 0.3 sec
 - d_sub 300 : OOB 0.3842 : L 7 : T 0.4 sec
 - d_sub 300 : OOB 0.3808 : L 8 : T 0.5 sec
 - d_sub 300 : OOB 0.3802 : L 9 : T 0.5 sec
 - d_sub 300 : OOB 0.3806 : L 10 : T 0.6 sec
 - d_sub 300 : OOB 0.3792 : L 11 : T 0.6 sec
 - d_sub 300 : OOB 0.3767 : L 12 : T 0.7 sec
 - d_sub 300 : OOB 0.3777 : L 13 : T 0.7 sec
 - d_sub 300 : OOB 0.3734 : L 14 : T 0.8 sec
 - d_sub 300 : OOB 0.3695 : L 15 : T 0.9 sec
 - d_sub 300 : OOB 0.3743 : L 16 : T 0.9 sec
 - d_sub 300 : OOB 0.3710 : L 17 : T 1.0 sec
 - d_sub 300 : OOB 0.3703 : L 18 : T 1.0 sec
 - d_sub 300 : OOB 0.3683 : L 19 : T 1.1 sec
 - d_sub 300 : OOB 0.3701 : L 20 : T 1.2 sec
 - d_sub 300 : OOB 0.3690 : L 21 : T 1.2 sec
 - d_sub 300 : OOB 0.3696 : L 22 : T 1.3 sec
 - d_sub 300 : OOB 0.3694 : L 23 : T 1.3 sec
 - d_sub 300 : OOB 0.3675 : L 24 : T 1.4 sec
 - d_sub 300 : OOB 0.3672 : L 25 : T 1.4 sec
 - d_sub 300 : OOB 0.3681 : L 26 : T 1.5 sec
 - d_sub 300 : OOB 0.3679 : L 27 : T 1.5 sec
 - d_sub 300 : OOB 0.3651 : L 28 : T 1.6 sec
 - d_sub 300 : OOB 0.3671 : L 29 : T 1.6 sec
 - d_sub 300 : OOB 0.3678 : L 30 : T 1.7 sec
# -------------------------
optimal d_sub 300 : OOB 0.3678 : L 30 : T 1.7 sec
# -------------------------
# Ensemble classification
#  - Training samples: 10000 (5000/5000)
#  - Feature-space dimensionality: 24157
#  - L : 30
#  - d_sub : 300
#  - Seed 1 (subspaces) : 800714811
#  - Seed 2 (bootstrap) : 401043750
# -------------------------

 - d_sub 300 : OOB 0.4557 : L 1 : T 0.1 sec
 - d_sub 300 : OOB 0.4289 : L 2 : T 0.1 sec
 - d_sub 300 : OOB 0.4150 : L 3 : T 0.2 sec
 - d_sub 300 : OOB 0.4102 : L 4 : T 0.2 sec
 - d_sub 300 : OOB 0.3975 : L 5 : T 0.3 sec
 - d_sub 300 : OOB 0.3935 : L 6 : T 1.1 sec
 - d_sub 300 : OOB 0.3894 : L 7 : T 1.2 sec
 - d_sub 300 : OOB 0.3824 : L 8 : T 1.3 sec
 - d_sub 300 : OOB 0.3806 : L 9 : T 2.1 sec
 - d_sub 300 : OOB 0.3772 : L 10 : T 3.2 sec
 - d_sub 300 : OOB 0.3757 : L 11 : T 3.3 sec
 - d_sub 300 : OOB 0.3710 : L 12 : T 3.3 sec
 - d_sub 300 : OOB 0.3720 : L 13 : T 3.4 sec
 - d_sub 300 : OOB 0.3747 : L 14 : T 3.5 sec
 - d_sub 300 : OOB 0.3695 : L 15 : T 3.5 sec
 - d_sub 300 : OOB 0.3734 : L 16 : T 3.6 sec
 - d_sub 300 : OOB 0.3703 : L 17 : T 3.6 sec
 - d_sub 300 : OOB 0.3704 : L 18 : T 3.7 sec
 - d_sub 300 : OOB 0.3709 : L 19 : T 3.8 sec
 - d_sub 300 : OOB 0.3701 : L 20 : T 3.8 sec
 - d_sub 300 : OOB 0.3704 : L 21 : T 3.9 sec
 - d_sub 300 : OOB 0.3707 : L 22 : T 3.9 sec
 - d_sub 300 : OOB 0.3672 : L 23 : T 4.0 sec
 - d_sub 300 : OOB 0.3679 : L 24 : T 4.1 sec
 - d_sub 300 : OOB 0.3679 : L 25 : T 4.1 sec
 - d_sub 300 : OOB 0.3673 : L 26 : T 4.2 sec
 - d_sub 300 : OOB 0.3671 : L 27 : T 4.2 sec
 - d_sub 300 : OOB 0.3698 : L 28 : T 4.3 sec
 - d_sub 300 : OOB 0.3680 : L 29 : T 4.4 sec
 - d_sub 300 : OOB 0.3653 : L 30 : T 4.4 sec
# -------------------------
optimal d_sub 300 : OOB 0.3653 : L 30 : T 4.4 sec
# -------------------------
# Ensemble classification
#  - Training samples: 10000 (5000/5000)
#  - Feature-space dimensionality: 24157
#  - L : 30
#  - d_sub : 300
#  - Seed 1 (subspaces) : 782309064
#  - Seed 2 (bootstrap) : 492419691
# -------------------------

 - d_sub 300 : OOB 0.4578 : L 1 : T 0.1 sec
 - d_sub 300 : OOB 0.4306 : L 2 : T 0.1 sec
 - d_sub 300 : OOB 0.4171 : L 3 : T 0.2 sec
 - d_sub 300 : OOB 0.4086 : L 4 : T 0.2 sec
 - d_sub 300 : OOB 0.3953 : L 5 : T 0.3 sec
 - d_sub 300 : OOB 0.3990 : L 6 : T 0.3 sec
 - d_sub 300 : OOB 0.3898 : L 7 : T 0.4 sec
 - d_sub 300 : OOB 0.3849 : L 8 : T 0.5 sec
 - d_sub 300 : OOB 0.3843 : L 9 : T 0.5 sec
 - d_sub 300 : OOB 0.3822 : L 10 : T 0.6 sec
 - d_sub 300 : OOB 0.3765 : L 11 : T 0.6 sec
 - d_sub 300 : OOB 0.3760 : L 12 : T 0.7 sec
 - d_sub 300 : OOB 0.3783 : L 13 : T 0.7 sec
 - d_sub 300 : OOB 0.3764 : L 14 : T 0.8 sec
 - d_sub 300 : OOB 0.3776 : L 15 : T 0.9 sec
 - d_sub 300 : OOB 0.3718 : L 16 : T 0.9 sec
 - d_sub 300 : OOB 0.3729 : L 17 : T 1.0 sec
 - d_sub 300 : OOB 0.3734 : L 18 : T 1.0 sec
 - d_sub 300 : OOB 0.3716 : L 19 : T 2.0 sec
 - d_sub 300 : OOB 0.3727 : L 20 : T 2.0 sec
 - d_sub 300 : OOB 0.3720 : L 21 : T 2.1 sec
 - d_sub 300 : OOB 0.3713 : L 22 : T 3.0 sec
 - d_sub 300 : OOB 0.3695 : L 23 : T 3.1 sec
 - d_sub 300 : OOB 0.3687 : L 24 : T 3.1 sec
 - d_sub 300 : OOB 0.3693 : L 25 : T 3.2 sec
 - d_sub 300 : OOB 0.3687 : L 26 : T 4.1 sec
 - d_sub 300 : OOB 0.3700 : L 27 : T 4.1 sec
 - d_sub 300 : OOB 0.3702 : L 28 : T 4.2 sec
 - d_sub 300 : OOB 0.3682 : L 29 : T 4.2 sec
 - d_sub 300 : OOB 0.3672 : L 30 : T 4.3 sec
# -------------------------
optimal d_sub 300 : OOB 0.3672 : L 30 : T 4.3 sec
# -------------------------
# Ensemble classification
#  - Training samples: 10000 (5000/5000)
#  - Feature-space dimensionality: 24157
#  - L : 30
#  - d_sub : 300
#  - Seed 1 (subspaces) : 402095756
#  - Seed 2 (bootstrap) : 655985608
# -------------------------

 - d_sub 300 : OOB 0.4561 : L 1 : T 0.1 sec
 - d_sub 300 : OOB 0.4293 : L 2 : T 0.1 sec
 - d_sub 300 : OOB 0.4128 : L 3 : T 0.2 sec
 - d_sub 300 : OOB 0.4062 : L 4 : T 0.2 sec
 - d_sub 300 : OOB 0.3972 : L 5 : T 0.3 sec
 - d_sub 300 : OOB 0.3956 : L 6 : T 0.3 sec
 - d_sub 300 : OOB 0.3883 : L 7 : T 0.4 sec
 - d_sub 300 : OOB 0.3809 : L 8 : T 0.4 sec
 - d_sub 300 : OOB 0.3795 : L 9 : T 0.5 sec
 - d_sub 300 : OOB 0.3794 : L 10 : T 0.5 sec
 - d_sub 300 : OOB 0.3746 : L 11 : T 0.6 sec
 - d_sub 300 : OOB 0.3768 : L 12 : T 0.6 sec
 - d_sub 300 : OOB 0.3747 : L 13 : T 0.7 sec
 - d_sub 300 : OOB 0.3730 : L 14 : T 0.7 sec
 - d_sub 300 : OOB 0.3786 : L 15 : T 0.8 sec
 - d_sub 300 : OOB 0.3763 : L 16 : T 0.8 sec
 - d_sub 300 : OOB 0.3750 : L 17 : T 0.9 sec
 - d_sub 300 : OOB 0.3736 : L 18 : T 1.0 sec
 - d_sub 300 : OOB 0.3769 : L 19 : T 1.0 sec
 - d_sub 300 : OOB 0.3736 : L 20 : T 1.1 sec
 - d_sub 300 : OOB 0.3742 : L 21 : T 1.1 sec
 - d_sub 300 : OOB 0.3724 : L 22 : T 1.2 sec
 - d_sub 300 : OOB 0.3740 : L 23 : T 1.2 sec
 - d_sub 300 : OOB 0.3738 : L 24 : T 1.3 sec
 - d_sub 300 : OOB 0.3717 : L 25 : T 1.4 sec
 - d_sub 300 : OOB 0.3695 : L 26 : T 1.4 sec
 - d_sub 300 : OOB 0.3709 : L 27 : T 1.5 sec
 - d_sub 300 : OOB 0.3686 : L 28 : T 1.5 sec
 - d_sub 300 : OOB 0.3686 : L 29 : T 1.6 sec
 - d_sub 300 : OOB 0.3694 : L 30 : T 1.6 sec
# -------------------------
optimal d_sub 300 : OOB 0.3694 : L 30 : T 1.6 sec
# -------------------------
# Ensemble classification
#  - Training samples: 10000 (5000/5000)
#  - Feature-space dimensionality: 24157
#  - L : 30
#  - d_sub : 300
#  - Seed 1 (subspaces) : 548285480
#  - Seed 2 (bootstrap) : 1001300
# -------------------------

 - d_sub 300 : OOB 0.4563 : L 1 : T 0.1 sec
 - d_sub 300 : OOB 0.4279 : L 2 : T 0.1 sec
 - d_sub 300 : OOB 0.4154 : L 3 : T 0.2 sec
 - d_sub 300 : OOB 0.4074 : L 4 : T 0.2 sec
 - d_sub 300 : OOB 0.3964 : L 5 : T 0.3 sec
 - d_sub 300 : OOB 0.3938 : L 6 : T 0.3 sec
 - d_sub 300 : OOB 0.3854 : L 7 : T 0.4 sec
 - d_sub 300 : OOB 0.3824 : L 8 : T 0.4 sec
 - d_sub 300 : OOB 0.3785 : L 9 : T 0.5 sec
 - d_sub 300 : OOB 0.3811 : L 10 : T 0.5 sec
 - d_sub 300 : OOB 0.3760 : L 11 : T 0.6 sec
 - d_sub 300 : OOB 0.3748 : L 12 : T 1.5 sec
 - d_sub 300 : OOB 0.3761 : L 13 : T 1.5 sec
 - d_sub 300 : OOB 0.3724 : L 14 : T 1.6 sec
 - d_sub 300 : OOB 0.3739 : L 15 : T 3.1 sec
 - d_sub 300 : OOB 0.3681 : L 16 : T 4.9 sec
 - d_sub 300 : OOB 0.3705 : L 17 : T 5.2 sec
 - d_sub 300 : OOB 0.3680 : L 18 : T 5.3 sec
 - d_sub 300 : OOB 0.3694 : L 19 : T 5.4 sec
 - d_sub 300 : OOB 0.3705 : L 20 : T 5.4 sec
 - d_sub 300 : OOB 0.3703 : L 21 : T 5.5 sec
 - d_sub 300 : OOB 0.3691 : L 22 : T 5.5 sec
 - d_sub 300 : OOB 0.3680 : L 23 : T 5.6 sec
 - d_sub 300 : OOB 0.3676 : L 24 : T 5.6 sec
 - d_sub 300 : OOB 0.3679 : L 25 : T 5.7 sec
 - d_sub 300 : OOB 0.3663 : L 26 : T 5.7 sec
 - d_sub 300 : OOB 0.3691 : L 27 : T 5.8 sec
 - d_sub 300 : OOB 0.3669 : L 28 : T 5.8 sec
 - d_sub 300 : OOB 0.3665 : L 29 : T 5.9 sec
 - d_sub 300 : OOB 0.3663 : L 30 : T 5.9 sec
# -------------------------
optimal d_sub 300 : OOB 0.3663 : L 30 : T 6.0 sec
# -------------------------
# Ensemble classification
#  - Training samples: 10000 (5000/5000)
#  - Feature-space dimensionality: 24157
#  - L : 30
#  - d_sub : 300
#  - Seed 1 (subspaces) : 739296444
#  - Seed 2 (bootstrap) : 286636530
# -------------------------

 - d_sub 300 : OOB 0.4581 : L 1 : T 0.1 sec
 - d_sub 300 : OOB 0.4306 : L 2 : T 0.1 sec
 - d_sub 300 : OOB 0.4185 : L 3 : T 0.2 sec
 - d_sub 300 : OOB 0.4080 : L 4 : T 0.2 sec
 - d_sub 300 : OOB 0.3974 : L 5 : T 0.3 sec
 - d_sub 300 : OOB 0.3970 : L 6 : T 0.3 sec
 - d_sub 300 : OOB 0.3885 : L 7 : T 0.4 sec
 - d_sub 300 : OOB 0.3843 : L 8 : T 0.4 sec
 - d_sub 300 : OOB 0.3824 : L 9 : T 0.5 sec
 - d_sub 300 : OOB 0.3822 : L 10 : T 0.5 sec
 - d_sub 300 : OOB 0.3758 : L 11 : T 0.6 sec
 - d_sub 300 : OOB 0.3795 : L 12 : T 0.6 sec
 - d_sub 300 : OOB 0.3797 : L 13 : T 0.7 sec
 - d_sub 300 : OOB 0.3737 : L 14 : T 0.7 sec
 - d_sub 300 : OOB 0.3743 : L 15 : T 0.8 sec
 - d_sub 300 : OOB 0.3709 : L 16 : T 0.8 sec
 - d_sub 300 : OOB 0.3728 : L 17 : T 0.9 sec
 - d_sub 300 : OOB 0.3730 : L 18 : T 0.9 sec
 - d_sub 300 : OOB 0.3716 : L 19 : T 1.0 sec
 - d_sub 300 : OOB 0.3703 : L 20 : T 1.9 sec
 - d_sub 300 : OOB 0.3738 : L 21 : T 2.0 sec
 - d_sub 300 : OOB 0.3713 : L 22 : T 2.0 sec
 - d_sub 300 : OOB 0.3730 : L 23 : T 2.9 sec
 - d_sub 300 : OOB 0.3729 : L 24 : T 3.9 sec
 - d_sub 300 : OOB 0.3694 : L 25 : T 4.3 sec
 - d_sub 300 : OOB 0.3696 : L 26 : T 4.4 sec
 - d_sub 300 : OOB 0.3698 : L 27 : T 4.4 sec
 - d_sub 300 : OOB 0.3702 : L 28 : T 4.5 sec
 - d_sub 300 : OOB 0.3693 : L 29 : T 4.5 sec
 - d_sub 300 : OOB 0.3694 : L 30 : T 4.6 sec
# -------------------------
optimal d_sub 300 : OOB 0.3694 : L 30 : T 4.6 sec
# -------------------------
# Ensemble classification
#  - Training samples: 10000 (5000/5000)
#  - Feature-space dimensionality: 24157
#  - L : 30
#  - d_sub : 300
#  - Seed 1 (subspaces) : 984154477
#  - Seed 2 (bootstrap) : 375505446
# -------------------------

 - d_sub 300 : OOB 0.4562 : L 1 : T 0.1 sec
 - d_sub 300 : OOB 0.4275 : L 2 : T 0.1 sec
 - d_sub 300 : OOB 0.4146 : L 3 : T 0.2 sec
 - d_sub 300 : OOB 0.4078 : L 4 : T 0.2 sec
 - d_sub 300 : OOB 0.3989 : L 5 : T 0.3 sec
 - d_sub 300 : OOB 0.3992 : L 6 : T 0.3 sec
 - d_sub 300 : OOB 0.3875 : L 7 : T 0.4 sec
 - d_sub 300 : OOB 0.3860 : L 8 : T 0.4 sec
 - d_sub 300 : OOB 0.3828 : L 9 : T 0.5 sec
 - d_sub 300 : OOB 0.3789 : L 10 : T 0.5 sec
 - d_sub 300 : OOB 0.3769 : L 11 : T 0.6 sec
 - d_sub 300 : OOB 0.3742 : L 12 : T 0.7 sec
 - d_sub 300 : OOB 0.3746 : L 13 : T 0.7 sec
 - d_sub 300 : OOB 0.3705 : L 14 : T 0.8 sec
 - d_sub 300 : OOB 0.3725 : L 15 : T 0.8 sec
 - d_sub 300 : OOB 0.3699 : L 16 : T 0.9 sec
 - d_sub 300 : OOB 0.3720 : L 17 : T 1.0 sec
 - d_sub 300 : OOB 0.3724 : L 18 : T 1.0 sec
 - d_sub 300 : OOB 0.3738 : L 19 : T 1.1 sec
 - d_sub 300 : OOB 0.3733 : L 20 : T 1.1 sec
 - d_sub 300 : OOB 0.3707 : L 21 : T 1.2 sec
 - d_sub 300 : OOB 0.3704 : L 22 : T 1.2 sec
 - d_sub 300 : OOB 0.3727 : L 23 : T 1.3 sec
 - d_sub 300 : OOB 0.3715 : L 24 : T 1.3 sec
 - d_sub 300 : OOB 0.3693 : L 25 : T 1.4 sec
 - d_sub 300 : OOB 0.3694 : L 26 : T 1.4 sec
 - d_sub 300 : OOB 0.3659 : L 27 : T 1.5 sec
 - d_sub 300 : OOB 0.3678 : L 28 : T 3.2 sec
 - d_sub 300 : OOB 0.3684 : L 29 : T 3.6 sec
 - d_sub 300 : OOB 0.3691 : L 30 : T 4.5 sec
# -------------------------
optimal d_sub 300 : OOB 0.3691 : L 30 : T 4.5 sec
# -------------------------
Average OOB error = 0.36784 (+/- 0.00185)
# -------------------------
# Ensemble classification
#  - Training samples: 10000 (5000/5000)
#  - Feature-space dimensionality: 24157
#  - L : 30
#  - d_sub : 300
#  - Seed 1 (subspaces) : 5
#  - Seed 2 (bootstrap) : 73
# -------------------------

 - d_sub 300 : OOB 0.4543 : L 1 : T 0.1 sec
 - d_sub 300 : OOB 0.4300 : L 2 : T 0.1 sec
 - d_sub 300 : OOB 0.4179 : L 3 : T 1.1 sec
 - d_sub 300 : OOB 0.4057 : L 4 : T 1.1 sec
 - d_sub 300 : OOB 0.3952 : L 5 : T 1.2 sec
 - d_sub 300 : OOB 0.3934 : L 6 : T 1.3 sec
 - d_sub 300 : OOB 0.3817 : L 7 : T 1.3 sec
 - d_sub 300 : OOB 0.3788 : L 8 : T 1.4 sec
 - d_sub 300 : OOB 0.3759 : L 9 : T 1.4 sec
 - d_sub 300 : OOB 0.3771 : L 10 : T 1.5 sec
 - d_sub 300 : OOB 0.3763 : L 11 : T 1.5 sec
 - d_sub 300 : OOB 0.3728 : L 12 : T 1.6 sec
 - d_sub 300 : OOB 0.3713 : L 13 : T 1.7 sec
 - d_sub 300 : OOB 0.3720 : L 14 : T 1.7 sec
 - d_sub 300 : OOB 0.3749 : L 15 : T 1.8 sec
 - d_sub 300 : OOB 0.3689 : L 16 : T 1.9 sec
 - d_sub 300 : OOB 0.3704 : L 17 : T 1.9 sec
 - d_sub 300 : OOB 0.3737 : L 18 : T 2.0 sec
 - d_sub 300 : OOB 0.3729 : L 19 : T 2.1 sec
 - d_sub 300 : OOB 0.3731 : L 20 : T 2.2 sec
 - d_sub 300 : OOB 0.3707 : L 21 : T 2.2 sec
 - d_sub 300 : OOB 0.3704 : L 22 : T 2.3 sec
 - d_sub 300 : OOB 0.3697 : L 23 : T 2.4 sec
 - d_sub 300 : OOB 0.3690 : L 24 : T 2.4 sec
 - d_sub 300 : OOB 0.3716 : L 25 : T 2.5 sec
 - d_sub 300 : OOB 0.3709 : L 26 : T 2.6 sec
 - d_sub 300 : OOB 0.3684 : L 27 : T 2.6 sec
 - d_sub 300 : OOB 0.3692 : L 28 : T 2.7 sec
 - d_sub 300 : OOB 0.3682 : L 29 : T 2.7 sec
 - d_sub 300 : OOB 0.3676 : L 30 : T 2.8 sec
# -------------------------
optimal d_sub 300 : OOB 0.3676 : L 30 : T 2.8 sec
OOB error = 0.3646
optimal d_sub 300 : OOB 0.3649 : L 30 : T 1.8 sec
optimal d_sub 300 : OOB 0.3636 : L 85 : T 5.0 sec
Testing error 1: 0.3668
optimal d_sub 300 : OOB 0.3660 : L 93 : T 22.5 sec
Testing error 2: 0.3628
optimal d_sub 300 : OOB 0.3650 : L 78 : T 28.7 sec
Testing error 3: 0.3628
optimal d_sub 300 : OOB 0.3678 : L 68 : T 18.9 sec
Testing error 4: 0.3651
optimal d_sub 300 : OOB 0.3703 : L 71 : T 11.4 sec
Testing error 5: 0.3663
optimal d_sub 300 : OOB 0.3641 : L 89 : T 23.0 sec
Testing error 6: 0.3617
optimal d_sub 300 : OOB 0.3666 : L 71 : T 21.0 sec
Testing error 7: 0.3657
optimal d_sub 300 : OOB 0.3629 : L 75 : T 23.5 sec
Testing error 8: 0.3595
optimal d_sub 300 : OOB 0.3683 : L 74 : T 12.0 sec
Testing error 9: 0.3668
optimal d_sub 300 : OOB 0.3651 : L 65 : T 12.6 sec
Testing error 10: 0.3592
---
Average testing error over 10 splits: 0.3637 (+/- 0.0029)
