{Undefined function or variable 'classify_BOOSbase'.

Error in auto (line 12)
    classify_BOOSbase(fullfile(path, cover_file), fullfile(path, stego_file));

} 
auto
{Error using load
Unable to read file '../../data/BOSS_PPG_LAN2_HILLC_20.mat'. No such file or directory.

Error in classify_BOSSbase (line 3)
stego = load(stego_file);


Error in auto (line 12)
    classify_BOSSbase(fullfile(path, cover_file), fullfile(path, stego_file));

} 
auto
# -------------------------
# Ensemble classification
#  - Training samples: 10000 (5000/5000)
#  - Feature-space dimensionality: 18157
#  - L : automatic (min 25, max 500, length 50, eps 0.00500)
#  - d_sub : automatic (Eoob tolerance 0.0200, step 200)
#  - Seed 1 (subspaces) : 968445885
#  - Seed 2 (bootstrap) : 752530474
# -------------------------

 - d_sub 200 : OOB 0.4603 : L 1 : T 0.7 sec
 - d_sub 200 : OOB 0.4295 : L 2 : T 0.7 sec
 - d_sub 200 : OOB 0.4148 : L 3 : T 0.7 sec
 - d_sub 200 : OOB 0.4065 : L 4 : T 0.8 sec
 - d_sub 200 : OOB 0.3976 : L 5 : T 0.8 sec
 - d_sub 200 : OOB 0.3995 : L 6 : T 0.8 sec
 - d_sub 200 : OOB 0.3918 : L 7 : T 0.9 sec
 - d_sub 200 : OOB 0.3914 : L 8 : T 0.9 sec
 - d_sub 200 : OOB 0.3888 : L 9 : T 0.9 sec
 - d_sub 200 : OOB 0.3867 : L 10 : T 0.9 sec
 - d_sub 200 : OOB 0.3859 : L 11 : T 1.0 sec
 - d_sub 200 : OOB 0.3827 : L 12 : T 1.0 sec
 - d_sub 200 : OOB 0.3789 : L 13 : T 1.0 sec
 - d_sub 200 : OOB 0.3779 : L 14 : T 1.0 sec
 - d_sub 200 : OOB 0.3788 : L 15 : T 1.1 sec
 - d_sub 200 : OOB 0.3775 : L 16 : T 1.1 sec
 - d_sub 200 : OOB 0.3780 : L 17 : T 1.1 sec
 - d_sub 200 : OOB 0.3753 : L 18 : T 1.1 sec
 - d_sub 200 : OOB 0.3770 : L 19 : T 1.2 sec
 - d_sub 200 : OOB 0.3762 : L 20 : T 1.2 sec
 - d_sub 200 : OOB 0.3767 : L 21 : T 1.2 sec
 - d_sub 200 : OOB 0.3748 : L 22 : T 1.3 sec
 - d_sub 200 : OOB 0.3761 : L 23 : T 1.3 sec
 - d_sub 200 : OOB 0.3749 : L 24 : T 1.3 sec
 - d_sub 200 : OOB 0.3727 : L 25 : T 1.5 sec
 - d_sub 200 : OOB 0.3751 : L 26 : T 1.5 sec
 - d_sub 200 : OOB 0.3758 : L 27 : T 1.5 sec
 - d_sub 200 : OOB 0.3744 : L 28 : T 1.6 sec
 - d_sub 200 : OOB 0.3735 : L 29 : T 1.6 sec
 - d_sub 200 : OOB 0.3718 : L 30 : T 1.6 sec
 - d_sub 200 : OOB 0.3687 : L 31 : T 1.6 sec
 - d_sub 200 : OOB 0.3709 : L 32 : T 1.7 sec
 - d_sub 200 : OOB 0.3698 : L 33 : T 1.7 sec
 - d_sub 200 : OOB 0.3697 : L 34 : T 1.7 sec
 - d_sub 200 : OOB 0.3692 : L 35 : T 1.7 sec
 - d_sub 200 : OOB 0.3707 : L 36 : T 1.8 sec
 - d_sub 200 : OOB 0.3693 : L 37 : T 1.8 sec
 - d_sub 200 : OOB 0.3701 : L 38 : T 1.8 sec
 - d_sub 200 : OOB 0.3719 : L 39 : T 1.8 sec
 - d_sub 200 : OOB 0.3721 : L 40 : T 1.9 sec
 - d_sub 200 : OOB 0.3713 : L 41 : T 1.9 sec
 - d_sub 200 : OOB 0.3685 : L 42 : T 1.9 sec
 - d_sub 200 : OOB 0.3705 : L 43 : T 1.9 sec
 - d_sub 200 : OOB 0.3715 : L 44 : T 2.0 sec
 - d_sub 200 : OOB 0.3735 : L 45 : T 2.0 sec
 - d_sub 200 : OOB 0.3706 : L 46 : T 2.0 sec
 - d_sub 200 : OOB 0.3708 : L 47 : T 2.0 sec
 - d_sub 200 : OOB 0.3694 : L 48 : T 2.1 sec
 - d_sub 200 : OOB 0.3695 : L 49 : T 2.1 sec
 - d_sub 200 : OOB 0.3706 : L 50 : T 2.1 sec
 - d_sub 200 : OOB 0.3707 : L 51 : T 2.1 sec
 - d_sub 200 : OOB 0.3712 : L 52 : T 2.2 sec
 - d_sub 200 : OOB 0.3714 : L 53 : T 2.2 sec
 - d_sub 200 : OOB 0.3720 : L 54 : T 2.2 sec
 - d_sub 200 : OOB 0.3716 : L 55 : T 2.2 sec
 - d_sub 200 : OOB 0.3746 : L 56 : T 2.3 sec
 - d_sub 200 : OOB 0.3740 : L 57 : T 2.3 sec
 - d_sub 200 : OOB 0.3742 : L 58 : T 2.3 sec
 - d_sub 200 : OOB 0.3744 : L 59 : T 2.3 sec
 - d_sub 200 : OOB 0.3731 : L 60 : T 2.4 sec
 - d_sub 200 : OOB 0.3715 : L 61 : T 2.4 sec
 - d_sub 200 : OOB 0.3723 : L 62 : T 2.4 sec
 - d_sub 200 : OOB 0.3707 : L 63 : T 2.5 sec
 - d_sub 200 : OOB 0.3716 : L 64 : T 2.5 sec
 - d_sub 200 : OOB 0.3710 : L 65 : T 2.5 sec
 - d_sub 200 : OOB 0.3684 : L 66 : T 2.5 sec
 - d_sub 200 : OOB 0.3684 : L 67 : T 2.6 sec
 - d_sub 200 : OOB 0.3672 : L 68 : T 2.6 sec
 - d_sub 200 : OOB 0.3688 : L 69 : T 2.6 sec
 - d_sub 200 : OOB 0.3704 : L 70 : T 2.6 sec
 - d_sub 200 : OOB 0.3706 : L 71 : T 2.7 sec
 - d_sub 200 : OOB 0.3701 : L 72 : T 2.7 sec
 - d_sub 200 : OOB 0.3690 : L 73 : T 2.7 sec
 - d_sub 200 : OOB 0.3693 : L 74 : T 2.7 sec
 - d_sub 200 : OOB 0.3688 : L 75 : T 2.8 sec
 - d_sub 200 : OOB 0.3698 : L 76 : T 2.8 sec
 - d_sub 200 : OOB 0.3702 : L 77 : T 2.8 sec
 - d_sub 200 : OOB 0.3693 : L 78 : T 2.8 sec
 - d_sub 200 : OOB 0.3719 : L 79 : T 2.9 sec
 - d_sub 200 : OOB 0.3708 : L 80 : T 2.9 sec
 - d_sub 200 : OOB 0.3695 : L 81 : T 2.9 sec
 - d_sub 200 : OOB 0.3698 : L 82 : T 2.9 sec
 - d_sub 200 : OOB 0.3710 : L 83 : T 3.0 sec
 - d_sub 200 : OOB 0.3714 : L 84 : T 3.0 sec
 - d_sub 200 : OOB 0.3708 : L 85 : T 3.0 sec
 - d_sub 200 : OOB 0.3707 : L 86 : T 3.0 sec
 - d_sub 200 : OOB 0.3708 : L 87 : T 3.1 sec
 - d_sub 200 : OOB 0.3696 : L 88 : T 3.1 sec
 - d_sub 200 : OOB 0.3704 : L 89 : T 3.1 sec
 - d_sub 200 : OOB 0.3699 : L 90 : T 3.1 sec
 - d_sub 200 : OOB 0.3696 : L 91 : T 3.2 sec
 - d_sub 200 : OOB 0.3681 : L 92 : T 3.2 sec
 - d_sub 200 : OOB 0.3677 : L 93 : T 3.2 sec
 - d_sub 200 : OOB 0.3687 : L 94 : T 3.3 sec
 - d_sub 200 : OOB 0.3696 : L 95 : T 3.3 sec
 - d_sub 200 : OOB 0.3693 : L 96 : T 3.3 sec
 - d_sub 200 : OOB 0.3669 : L 97 : T 3.3 sec
 - d_sub 200 : OOB 0.3677 : L 98 : T 3.4 sec
 - d_sub 200 : OOB 0.3686 : L 99 : T 3.4 sec
 - d_sub 200 : OOB 0.3682 : L 100 : T 3.4 sec
 - d_sub 200 : OOB 0.3673 : L 101 : T 3.5 sec
 - d_sub 200 : OOB 0.3674 : L 102 : T 3.5 sec
 - d_sub 200 : OOB 0.3668 : L 103 : T 3.5 sec
 - d_sub 200 : OOB 0.3669 : L 104 : T 3.5 sec
 - d_sub 200 : OOB 0.3674 : L 105 : T 3.6 sec
 - d_sub 200 : OOB 0.3677 : L 106 : T 3.6 sec
 - d_sub 200 : OOB 0.3690 : L 107 : T 3.6 sec
 - d_sub 200 : OOB 0.3699 : L 108 : T 3.7 sec
 - d_sub 200 : OOB 0.3686 : L 109 : T 3.7 sec

 - d_sub 400 : OOB 0.4529 : L 1 : T 0.1 sec
 - d_sub 400 : OOB 0.4266 : L 2 : T 0.1 sec
 - d_sub 400 : OOB 0.4127 : L 3 : T 0.2 sec
 - d_sub 400 : OOB 0.4015 : L 4 : T 2.0 sec
 - d_sub 400 : OOB 0.3892 : L 5 : T 3.0 sec
 - d_sub 400 : OOB 0.3858 : L 6 : T 3.1 sec
 - d_sub 400 : OOB 0.3741 : L 7 : T 3.1 sec
 - d_sub 400 : OOB 0.3708 : L 8 : T 3.2 sec
 - d_sub 400 : OOB 0.3668 : L 9 : T 3.2 sec
 - d_sub 400 : OOB 0.3660 : L 10 : T 3.3 sec
 - d_sub 400 : OOB 0.3597 : L 11 : T 3.4 sec
 - d_sub 400 : OOB 0.3617 : L 12 : T 4.3 sec
 - d_sub 400 : OOB 0.3611 : L 13 : T 5.4 sec
 - d_sub 400 : OOB 0.3579 : L 14 : T 5.5 sec
 - d_sub 400 : OOB 0.3585 : L 15 : T 5.5 sec
 - d_sub 400 : OOB 0.3544 : L 16 : T 5.6 sec
 - d_sub 400 : OOB 0.3536 : L 17 : T 5.6 sec
 - d_sub 400 : OOB 0.3537 : L 18 : T 5.7 sec
 - d_sub 400 : OOB 0.3533 : L 19 : T 5.8 sec
 - d_sub 400 : OOB 0.3533 : L 20 : T 7.5 sec
 - d_sub 400 : OOB 0.3553 : L 21 : T 7.5 sec
 - d_sub 400 : OOB 0.3536 : L 22 : T 8.3 sec
 - d_sub 400 : OOB 0.3517 : L 23 : T 10.3 sec
 - d_sub 400 : OOB 0.3516 : L 24 : T 10.3 sec
 - d_sub 400 : OOB 0.3527 : L 25 : T 10.4 sec
 - d_sub 400 : OOB 0.3521 : L 26 : T 10.5 sec
 - d_sub 400 : OOB 0.3511 : L 27 : T 10.5 sec
 - d_sub 400 : OOB 0.3513 : L 28 : T 10.6 sec
 - d_sub 400 : OOB 0.3494 : L 29 : T 10.6 sec
 - d_sub 400 : OOB 0.3491 : L 30 : T 10.7 sec
 - d_sub 400 : OOB 0.3494 : L 31 : T 10.7 sec
 - d_sub 400 : OOB 0.3462 : L 32 : T 10.8 sec
 - d_sub 400 : OOB 0.3497 : L 33 : T 10.9 sec
 - d_sub 400 : OOB 0.3484 : L 34 : T 10.9 sec
 - d_sub 400 : OOB 0.3472 : L 35 : T 11.1 sec
 - d_sub 400 : OOB 0.3468 : L 36 : T 11.4 sec
 - d_sub 400 : OOB 0.3482 : L 37 : T 11.8 sec
 - d_sub 400 : OOB 0.3494 : L 38 : T 12.2 sec
 - d_sub 400 : OOB 0.3486 : L 39 : T 13.5 sec
 - d_sub 400 : OOB 0.3472 : L 40 : T 14.0 sec
 - d_sub 400 : OOB 0.3481 : L 41 : T 14.4 sec
 - d_sub 400 : OOB 0.3489 : L 42 : T 15.5 sec
 - d_sub 400 : OOB 0.3478 : L 43 : T 16.1 sec
 - d_sub 400 : OOB 0.3449 : L 44 : T 16.3 sec
 - d_sub 400 : OOB 0.3457 : L 45 : T 16.6 sec
 - d_sub 400 : OOB 0.3469 : L 46 : T 16.7 sec
 - d_sub 400 : OOB 0.3460 : L 47 : T 17.1 sec
 - d_sub 400 : OOB 0.3462 : L 48 : T 17.4 sec
 - d_sub 400 : OOB 0.3477 : L 49 : T 17.7 sec
 - d_sub 400 : OOB 0.3472 : L 50 : T 17.9 sec
 - d_sub 400 : OOB 0.3467 : L 51 : T 18.1 sec
 - d_sub 400 : OOB 0.3455 : L 52 : T 18.4 sec
 - d_sub 400 : OOB 0.3447 : L 53 : T 18.7 sec
 - d_sub 400 : OOB 0.3462 : L 54 : T 18.9 sec
 - d_sub 400 : OOB 0.3442 : L 55 : T 19.5 sec
 - d_sub 400 : OOB 0.3445 : L 56 : T 20.0 sec
 - d_sub 400 : OOB 0.3447 : L 57 : T 20.3 sec
 - d_sub 400 : OOB 0.3452 : L 58 : T 20.9 sec
 - d_sub 400 : OOB 0.3459 : L 59 : T 21.5 sec
 - d_sub 400 : OOB 0.3442 : L 60 : T 21.7 sec
 - d_sub 400 : OOB 0.3437 : L 61 : T 21.9 sec
 - d_sub 400 : OOB 0.3431 : L 62 : T 22.3 sec
 - d_sub 400 : OOB 0.3455 : L 63 : T 22.7 sec
 - d_sub 400 : OOB 0.3434 : L 64 : T 22.9 sec
 - d_sub 400 : OOB 0.3447 : L 65 : T 23.2 sec
 - d_sub 400 : OOB 0.3440 : L 66 : T 23.4 sec
 - d_sub 400 : OOB 0.3442 : L 67 : T 23.5 sec
 - d_sub 400 : OOB 0.3447 : L 68 : T 23.7 sec
 - d_sub 400 : OOB 0.3447 : L 69 : T 23.9 sec
 - d_sub 400 : OOB 0.3446 : L 70 : T 24.0 sec
 - d_sub 400 : OOB 0.3457 : L 71 : T 24.4 sec
 - d_sub 400 : OOB 0.3437 : L 72 : T 24.9 sec
 - d_sub 400 : OOB 0.3437 : L 73 : T 25.1 sec
 - d_sub 400 : OOB 0.3432 : L 74 : T 25.4 sec
 - d_sub 400 : OOB 0.3435 : L 75 : T 25.7 sec
 - d_sub 400 : OOB 0.3425 : L 76 : T 26.1 sec
 - d_sub 400 : OOB 0.3437 : L 77 : T 26.3 sec
 - d_sub 400 : OOB 0.3436 : L 78 : T 26.6 sec
 - d_sub 400 : OOB 0.3420 : L 79 : T 27.0 sec
 - d_sub 400 : OOB 0.3429 : L 80 : T 27.3 sec
 - d_sub 400 : OOB 0.3436 : L 81 : T 27.5 sec
 - d_sub 400 : OOB 0.3435 : L 82 : T 27.8 sec
 - d_sub 400 : OOB 0.3441 : L 83 : T 28.1 sec
 - d_sub 400 : OOB 0.3424 : L 84 : T 28.4 sec
 - d_sub 400 : OOB 0.3419 : L 85 : T 28.8 sec
 - d_sub 400 : OOB 0.3427 : L 86 : T 29.1 sec
 - d_sub 400 : OOB 0.3430 : L 87 : T 29.5 sec
 - d_sub 400 : OOB 0.3440 : L 88 : T 29.8 sec
 - d_sub 400 : OOB 0.3429 : L 89 : T 30.1 sec

 - d_sub 600 : OOB 0.4514 : L 1 : T 1.6 sec
 - d_sub 600 : OOB 0.4188 : L 2 : T 1.8 sec
 - d_sub 600 : OOB 0.4036 : L 3 : T 2.8 sec
 - d_sub 600 : OOB 0.3857 : L 4 : T 3.5 sec
 - d_sub 600 : OOB 0.3763 : L 5 : T 4.0 sec
 - d_sub 600 : OOB 0.3735 : L 6 : T 4.4 sec
 - d_sub 600 : OOB 0.3654 : L 7 : T 4.9 sec
 - d_sub 600 : OOB 0.3615 : L 8 : T 5.3 sec
 - d_sub 600 : OOB 0.3591 : L 9 : T 6.3 sec
 - d_sub 600 : OOB 0.3570 : L 10 : T 6.3 sec
 - d_sub 600 : OOB 0.3551 : L 11 : T 6.4 sec
 - d_sub 600 : OOB 0.3520 : L 12 : T 6.9 sec
 - d_sub 600 : OOB 0.3510 : L 13 : T 7.2 sec
 - d_sub 600 : OOB 0.3483 : L 14 : T 7.4 sec
 - d_sub 600 : OOB 0.3460 : L 15 : T 7.6 sec
 - d_sub 600 : OOB 0.3518 : L 16 : T 8.0 sec
 - d_sub 600 : OOB 0.3469 : L 17 : T 8.4 sec
 - d_sub 600 : OOB 0.3473 : L 18 : T 8.6 sec
 - d_sub 600 : OOB 0.3445 : L 19 : T 8.9 sec
 - d_sub 600 : OOB 0.3449 : L 20 : T 9.2 sec
 - d_sub 600 : OOB 0.3451 : L 21 : T 9.5 sec
 - d_sub 600 : OOB 0.3441 : L 22 : T 9.7 sec
 - d_sub 600 : OOB 0.3435 : L 23 : T 10.1 sec
 - d_sub 600 : OOB 0.3421 : L 24 : T 10.4 sec
 - d_sub 600 : OOB 0.3413 : L 25 : T 10.6 sec
 - d_sub 600 : OOB 0.3427 : L 26 : T 10.8 sec
 - d_sub 600 : OOB 0.3430 : L 27 : T 11.1 sec
 - d_sub 600 : OOB 0.3429 : L 28 : T 11.4 sec
 - d_sub 600 : OOB 0.3417 : L 29 : T 11.5 sec
 - d_sub 600 : OOB 0.3416 : L 30 : T 11.8 sec
 - d_sub 600 : OOB 0.3401 : L 31 : T 12.0 sec
 - d_sub 600 : OOB 0.3391 : L 32 : T 12.2 sec
 - d_sub 600 : OOB 0.3374 : L 33 : T 12.7 sec
 - d_sub 600 : OOB 0.3405 : L 34 : T 13.1 sec
 - d_sub 600 : OOB 0.3392 : L 35 : T 13.3 sec
 - d_sub 600 : OOB 0.3384 : L 36 : T 13.8 sec
 - d_sub 600 : OOB 0.3376 : L 37 : T 14.1 sec
 - d_sub 600 : OOB 0.3372 : L 38 : T 14.4 sec
 - d_sub 600 : OOB 0.3380 : L 39 : T 14.6 sec
 - d_sub 600 : OOB 0.3391 : L 40 : T 14.7 sec
 - d_sub 600 : OOB 0.3388 : L 41 : T 14.9 sec
 - d_sub 600 : OOB 0.3381 : L 42 : T 15.3 sec
 - d_sub 600 : OOB 0.3386 : L 43 : T 15.7 sec
 - d_sub 600 : OOB 0.3396 : L 44 : T 16.5 sec
 - d_sub 600 : OOB 0.3392 : L 45 : T 16.8 sec
 - d_sub 600 : OOB 0.3375 : L 46 : T 17.2 sec
 - d_sub 600 : OOB 0.3395 : L 47 : T 17.5 sec
 - d_sub 600 : OOB 0.3374 : L 48 : T 17.8 sec
 - d_sub 600 : OOB 0.3389 : L 49 : T 18.0 sec
 - d_sub 600 : OOB 0.3385 : L 50 : T 18.2 sec
 - d_sub 600 : OOB 0.3376 : L 51 : T 18.4 sec
 - d_sub 600 : OOB 0.3372 : L 52 : T 18.6 sec
 - d_sub 600 : OOB 0.3360 : L 53 : T 18.9 sec
 - d_sub 600 : OOB 0.3343 : L 54 : T 19.1 sec
 - d_sub 600 : OOB 0.3360 : L 55 : T 19.4 sec
 - d_sub 600 : OOB 0.3352 : L 56 : T 19.7 sec
 - d_sub 600 : OOB 0.3358 : L 57 : T 19.9 sec
 - d_sub 600 : OOB 0.3366 : L 58 : T 20.3 sec
 - d_sub 600 : OOB 0.3380 : L 59 : T 20.8 sec
 - d_sub 600 : OOB 0.3355 : L 60 : T 21.1 sec
 - d_sub 600 : OOB 0.3339 : L 61 : T 21.4 sec
 - d_sub 600 : OOB 0.3354 : L 62 : T 21.7 sec
 - d_sub 600 : OOB 0.3351 : L 63 : T 21.9 sec
 - d_sub 600 : OOB 0.3341 : L 64 : T 22.0 sec
 - d_sub 600 : OOB 0.3360 : L 65 : T 22.4 sec
 - d_sub 600 : OOB 0.3358 : L 66 : T 22.6 sec
 - d_sub 600 : OOB 0.3351 : L 67 : T 22.8 sec
 - d_sub 600 : OOB 0.3368 : L 68 : T 23.2 sec
 - d_sub 600 : OOB 0.3367 : L 69 : T 23.6 sec
 - d_sub 600 : OOB 0.3368 : L 70 : T 23.8 sec
 - d_sub 600 : OOB 0.3365 : L 71 : T 24.1 sec
 - d_sub 600 : OOB 0.3359 : L 72 : T 24.7 sec
 - d_sub 600 : OOB 0.3365 : L 73 : T 24.9 sec
 - d_sub 600 : OOB 0.3347 : L 74 : T 25.1 sec
 - d_sub 600 : OOB 0.3350 : L 75 : T 25.5 sec
 - d_sub 600 : OOB 0.3364 : L 76 : T 26.0 sec
 - d_sub 600 : OOB 0.3343 : L 77 : T 26.3 sec
 - d_sub 600 : OOB 0.3340 : L 78 : T 26.9 sec
 - d_sub 600 : OOB 0.3336 : L 79 : T 27.1 sec
 - d_sub 600 : OOB 0.3349 : L 80 : T 27.3 sec

 - d_sub 800 : OOB 0.4424 : L 1 : T 2.0 sec
 - d_sub 800 : OOB 0.4149 : L 2 : T 3.0 sec
 - d_sub 800 : OOB 0.3978 : L 3 : T 3.1 sec
 - d_sub 800 : OOB 0.3857 : L 4 : T 3.9 sec
 - d_sub 800 : OOB 0.3713 : L 5 : T 4.3 sec
 - d_sub 800 : OOB 0.3702 : L 6 : T 4.6 sec
 - d_sub 800 : OOB 0.3606 : L 7 : T 6.2 sec
 - d_sub 800 : OOB 0.3545 : L 8 : T 6.3 sec
 - d_sub 800 : OOB 0.3544 : L 9 : T 6.4 sec
 - d_sub 800 : OOB 0.3531 : L 10 : T 6.5 sec
 - d_sub 800 : OOB 0.3480 : L 11 : T 6.6 sec
 - d_sub 800 : OOB 0.3473 : L 12 : T 6.8 sec
 - d_sub 800 : OOB 0.3459 : L 13 : T 6.9 sec
 - d_sub 800 : OOB 0.3448 : L 14 : T 7.0 sec
 - d_sub 800 : OOB 0.3462 : L 15 : T 7.1 sec
 - d_sub 800 : OOB 0.3449 : L 16 : T 7.4 sec
 - d_sub 800 : OOB 0.3443 : L 17 : T 7.7 sec
 - d_sub 800 : OOB 0.3449 : L 18 : T 8.7 sec
 - d_sub 800 : OOB 0.3422 : L 19 : T 9.9 sec
 - d_sub 800 : OOB 0.3434 : L 20 : T 10.1 sec
 - d_sub 800 : OOB 0.3425 : L 21 : T 10.2 sec
 - d_sub 800 : OOB 0.3426 : L 22 : T 10.3 sec
 - d_sub 800 : OOB 0.3403 : L 23 : T 10.4 sec
 - d_sub 800 : OOB 0.3394 : L 24 : T 10.5 sec
 - d_sub 800 : OOB 0.3388 : L 25 : T 10.7 sec
 - d_sub 800 : OOB 0.3385 : L 26 : T 10.8 sec
 - d_sub 800 : OOB 0.3384 : L 27 : T 10.9 sec
 - d_sub 800 : OOB 0.3398 : L 28 : T 11.0 sec
 - d_sub 800 : OOB 0.3388 : L 29 : T 11.3 sec
 - d_sub 800 : OOB 0.3407 : L 30 : T 12.0 sec
 - d_sub 800 : OOB 0.3381 : L 31 : T 13.2 sec
 - d_sub 800 : OOB 0.3382 : L 32 : T 14.3 sec
 - d_sub 800 : OOB 0.3397 : L 33 : T 15.7 sec
 - d_sub 800 : OOB 0.3367 : L 34 : T 16.6 sec
 - d_sub 800 : OOB 0.3367 : L 35 : T 17.1 sec
 - d_sub 800 : OOB 0.3362 : L 36 : T 17.6 sec
 - d_sub 800 : OOB 0.3360 : L 37 : T 17.9 sec
 - d_sub 800 : OOB 0.3346 : L 38 : T 18.3 sec
 - d_sub 800 : OOB 0.3344 : L 39 : T 18.8 sec
 - d_sub 800 : OOB 0.3351 : L 40 : T 19.1 sec
 - d_sub 800 : OOB 0.3346 : L 41 : T 19.7 sec
 - d_sub 800 : OOB 0.3349 : L 42 : T 19.9 sec
 - d_sub 800 : OOB 0.3345 : L 43 : T 20.5 sec
 - d_sub 800 : OOB 0.3329 : L 44 : T 20.9 sec
 - d_sub 800 : OOB 0.3325 : L 45 : T 21.1 sec
 - d_sub 800 : OOB 0.3316 : L 46 : T 21.5 sec
 - d_sub 800 : OOB 0.3336 : L 47 : T 21.8 sec
 - d_sub 800 : OOB 0.3330 : L 48 : T 22.0 sec
 - d_sub 800 : OOB 0.3321 : L 49 : T 22.1 sec
 - d_sub 800 : OOB 0.3345 : L 50 : T 22.6 sec
 - d_sub 800 : OOB 0.3327 : L 51 : T 23.8 sec
 - d_sub 800 : OOB 0.3332 : L 52 : T 23.9 sec
 - d_sub 800 : OOB 0.3339 : L 53 : T 24.0 sec
 - d_sub 800 : OOB 0.3327 : L 54 : T 24.5 sec
 - d_sub 800 : OOB 0.3318 : L 55 : T 25.0 sec
 - d_sub 800 : OOB 0.3309 : L 56 : T 25.4 sec
 - d_sub 800 : OOB 0.3301 : L 57 : T 25.8 sec
 - d_sub 800 : OOB 0.3305 : L 58 : T 26.4 sec
 - d_sub 800 : OOB 0.3318 : L 59 : T 26.6 sec
 - d_sub 800 : OOB 0.3310 : L 60 : T 26.9 sec
 - d_sub 800 : OOB 0.3302 : L 61 : T 27.2 sec
 - d_sub 800 : OOB 0.3310 : L 62 : T 27.3 sec
 - d_sub 800 : OOB 0.3299 : L 63 : T 27.7 sec
 - d_sub 800 : OOB 0.3294 : L 64 : T 28.0 sec
 - d_sub 800 : OOB 0.3317 : L 65 : T 28.6 sec
 - d_sub 800 : OOB 0.3327 : L 66 : T 28.9 sec
 - d_sub 800 : OOB 0.3320 : L 67 : T 29.5 sec
 - d_sub 800 : OOB 0.3336 : L 68 : T 29.7 sec
 - d_sub 800 : OOB 0.3317 : L 69 : T 30.2 sec
 - d_sub 800 : OOB 0.3308 : L 70 : T 30.4 sec
 - d_sub 800 : OOB 0.3306 : L 71 : T 30.6 sec
 - d_sub 800 : OOB 0.3312 : L 72 : T 30.8 sec
 - d_sub 800 : OOB 0.3310 : L 73 : T 31.0 sec
 - d_sub 800 : OOB 0.3325 : L 74 : T 31.4 sec
 - d_sub 800 : OOB 0.3300 : L 75 : T 31.7 sec
 - d_sub 800 : OOB 0.3296 : L 76 : T 31.9 sec
 - d_sub 800 : OOB 0.3306 : L 77 : T 32.1 sec
 - d_sub 800 : OOB 0.3291 : L 78 : T 32.2 sec
 - d_sub 800 : OOB 0.3305 : L 79 : T 32.5 sec
 - d_sub 800 : OOB 0.3301 : L 80 : T 32.8 sec
 - d_sub 800 : OOB 0.3288 : L 81 : T 32.9 sec
 - d_sub 800 : OOB 0.3294 : L 82 : T 33.2 sec
 - d_sub 800 : OOB 0.3298 : L 83 : T 33.5 sec
 - d_sub 800 : OOB 0.3293 : L 84 : T 33.8 sec
 - d_sub 800 : OOB 0.3285 : L 85 : T 34.3 sec
 - d_sub 800 : OOB 0.3278 : L 86 : T 34.5 sec
 - d_sub 800 : OOB 0.3280 : L 87 : T 35.6 sec
 - d_sub 800 : OOB 0.3258 : L 88 : T 35.7 sec
 - d_sub 800 : OOB 0.3265 : L 89 : T 36.0 sec
 - d_sub 800 : OOB 0.3256 : L 90 : T 36.3 sec
 - d_sub 800 : OOB 0.3264 : L 91 : T 36.5 sec
 - d_sub 800 : OOB 0.3272 : L 92 : T 36.9 sec
 - d_sub 800 : OOB 0.3276 : L 93 : T 37.3 sec
 - d_sub 800 : OOB 0.3275 : L 94 : T 37.6 sec
 - d_sub 800 : OOB 0.3276 : L 95 : T 37.8 sec
 - d_sub 800 : OOB 0.3289 : L 96 : T 38.1 sec
 - d_sub 800 : OOB 0.3276 : L 97 : T 38.2 sec
 - d_sub 800 : OOB 0.3279 : L 98 : T 38.5 sec
 - d_sub 800 : OOB 0.3274 : L 99 : T 38.7 sec
 - d_sub 800 : OOB 0.3268 : L 100 : T 38.8 sec
 - d_sub 800 : OOB 0.3276 : L 101 : T 39.1 sec
 - d_sub 800 : OOB 0.3284 : L 102 : T 39.4 sec
 - d_sub 800 : OOB 0.3275 : L 103 : T 39.6 sec
 - d_sub 800 : OOB 0.3280 : L 104 : T 40.0 sec
 - d_sub 800 : OOB 0.3284 : L 105 : T 40.2 sec
 - d_sub 800 : OOB 0.3280 : L 106 : T 40.3 sec
 - d_sub 800 : OOB 0.3280 : L 107 : T 40.6 sec
 - d_sub 800 : OOB 0.3279 : L 108 : T 40.8 sec
 - d_sub 800 : OOB 0.3280 : L 109 : T 40.9 sec
 - d_sub 800 : OOB 0.3280 : L 110 : T 41.1 sec
 - d_sub 800 : OOB 0.3250 : L 111 : T 41.2 sec
 - d_sub 800 : OOB 0.3258 : L 112 : T 41.6 sec
 - d_sub 800 : OOB 0.3262 : L 113 : T 41.9 sec
 - d_sub 800 : OOB 0.3256 : L 114 : T 42.1 sec
 - d_sub 800 : OOB 0.3293 : L 115 : T 42.5 sec
 - d_sub 800 : OOB 0.3274 : L 116 : T 42.7 sec
 - d_sub 800 : OOB 0.3273 : L 117 : T 42.8 sec
 - d_sub 800 : OOB 0.3272 : L 118 : T 43.1 sec
 - d_sub 800 : OOB 0.3272 : L 119 : T 43.4 sec
 - d_sub 800 : OOB 0.3259 : L 120 : T 43.7 sec

 - d_sub 1000 : OOB 0.4486 : L 1 : T 1.7 sec
 - d_sub 1000 : OOB 0.4162 : L 2 : T 2.3 sec
 - d_sub 1000 : OOB 0.3954 : L 3 : T 2.9 sec
 - d_sub 1000 : OOB 0.3852 : L 4 : T 3.3 sec
 - d_sub 1000 : OOB 0.3731 : L 5 : T 3.8 sec
 - d_sub 1000 : OOB 0.3717 : L 6 : T 4.2 sec
 - d_sub 1000 : OOB 0.3605 : L 7 : T 5.0 sec
 - d_sub 1000 : OOB 0.3545 : L 8 : T 5.3 sec
 - d_sub 1000 : OOB 0.3528 : L 9 : T 5.6 sec
 - d_sub 1000 : OOB 0.3532 : L 10 : T 6.1 sec
 - d_sub 1000 : OOB 0.3453 : L 11 : T 6.6 sec
 - d_sub 1000 : OOB 0.3464 : L 12 : T 7.2 sec
 - d_sub 1000 : OOB 0.3466 : L 13 : T 7.7 sec
 - d_sub 1000 : OOB 0.3406 : L 14 : T 8.0 sec
 - d_sub 1000 : OOB 0.3429 : L 15 : T 8.5 sec
 - d_sub 1000 : OOB 0.3368 : L 16 : T 9.4 sec
 - d_sub 1000 : OOB 0.3364 : L 17 : T 9.9 sec
 - d_sub 1000 : OOB 0.3359 : L 18 : T 10.4 sec
 - d_sub 1000 : OOB 0.3347 : L 19 : T 11.3 sec
 - d_sub 1000 : OOB 0.3337 : L 20 : T 11.7 sec
 - d_sub 1000 : OOB 0.3340 : L 21 : T 11.9 sec
 - d_sub 1000 : OOB 0.3337 : L 22 : T 12.4 sec
 - d_sub 1000 : OOB 0.3324 : L 23 : T 12.6 sec
 - d_sub 1000 : OOB 0.3349 : L 24 : T 13.0 sec
 - d_sub 1000 : OOB 0.3340 : L 25 : T 13.3 sec
 - d_sub 1000 : OOB 0.3343 : L 26 : T 13.5 sec
 - d_sub 1000 : OOB 0.3325 : L 27 : T 13.7 sec
 - d_sub 1000 : OOB 0.3326 : L 28 : T 14.0 sec
 - d_sub 1000 : OOB 0.3308 : L 29 : T 14.3 sec
 - d_sub 1000 : OOB 0.3309 : L 30 : T 14.5 sec
 - d_sub 1000 : OOB 0.3293 : L 31 : T 14.8 sec
 - d_sub 1000 : OOB 0.3316 : L 32 : T 15.1 sec
 - d_sub 1000 : OOB 0.3282 : L 33 : T 15.4 sec
 - d_sub 1000 : OOB 0.3276 : L 34 : T 15.6 sec
 - d_sub 1000 : OOB 0.3272 : L 35 : T 15.8 sec
 - d_sub 1000 : OOB 0.3283 : L 36 : T 16.0 sec
 - d_sub 1000 : OOB 0.3250 : L 37 : T 16.3 sec
 - d_sub 1000 : OOB 0.3268 : L 38 : T 16.6 sec
 - d_sub 1000 : OOB 0.3267 : L 39 : T 16.8 sec
 - d_sub 1000 : OOB 0.3258 : L 40 : T 17.2 sec
 - d_sub 1000 : OOB 0.3241 : L 41 : T 17.5 sec
 - d_sub 1000 : OOB 0.3248 : L 42 : T 17.7 sec
 - d_sub 1000 : OOB 0.3241 : L 43 : T 18.0 sec
 - d_sub 1000 : OOB 0.3248 : L 44 : T 18.3 sec
 - d_sub 1000 : OOB 0.3273 : L 45 : T 18.6 sec
 - d_sub 1000 : OOB 0.3276 : L 46 : T 18.8 sec
 - d_sub 1000 : OOB 0.3254 : L 47 : T 19.1 sec
 - d_sub 1000 : OOB 0.3260 : L 48 : T 19.3 sec
 - d_sub 1000 : OOB 0.3262 : L 49 : T 19.6 sec
 - d_sub 1000 : OOB 0.3268 : L 50 : T 20.0 sec
 - d_sub 1000 : OOB 0.3249 : L 51 : T 20.3 sec
 - d_sub 1000 : OOB 0.3273 : L 52 : T 20.6 sec
 - d_sub 1000 : OOB 0.3260 : L 53 : T 20.8 sec
 - d_sub 1000 : OOB 0.3255 : L 54 : T 21.0 sec
 - d_sub 1000 : OOB 0.3242 : L 55 : T 21.2 sec
 - d_sub 1000 : OOB 0.3251 : L 56 : T 21.6 sec
 - d_sub 1000 : OOB 0.3224 : L 57 : T 21.8 sec
 - d_sub 1000 : OOB 0.3246 : L 58 : T 22.1 sec
 - d_sub 1000 : OOB 0.3250 : L 59 : T 22.4 sec
 - d_sub 1000 : OOB 0.3237 : L 60 : T 22.7 sec
 - d_sub 1000 : OOB 0.3231 : L 61 : T 23.0 sec
 - d_sub 1000 : OOB 0.3243 : L 62 : T 23.5 sec
 - d_sub 1000 : OOB 0.3250 : L 63 : T 23.7 sec
 - d_sub 1000 : OOB 0.3244 : L 64 : T 24.0 sec
 - d_sub 1000 : OOB 0.3250 : L 65 : T 24.3 sec
 - d_sub 1000 : OOB 0.3237 : L 66 : T 24.5 sec
 - d_sub 1000 : OOB 0.3257 : L 67 : T 24.6 sec
 - d_sub 1000 : OOB 0.3216 : L 68 : T 24.9 sec
 - d_sub 1000 : OOB 0.3237 : L 69 : T 25.2 sec
 - d_sub 1000 : OOB 0.3232 : L 70 : T 25.5 sec
 - d_sub 1000 : OOB 0.3230 : L 71 : T 25.7 sec
 - d_sub 1000 : OOB 0.3225 : L 72 : T 26.0 sec
 - d_sub 1000 : OOB 0.3218 : L 73 : T 26.2 sec
 - d_sub 1000 : OOB 0.3228 : L 74 : T 26.5 sec
 - d_sub 1000 : OOB 0.3229 : L 75 : T 26.8 sec
 - d_sub 1000 : OOB 0.3222 : L 76 : T 27.1 sec
 - d_sub 1000 : OOB 0.3238 : L 77 : T 27.3 sec
 - d_sub 1000 : OOB 0.3219 : L 78 : T 27.6 sec
 - d_sub 1000 : OOB 0.3225 : L 79 : T 27.9 sec
 - d_sub 1000 : OOB 0.3227 : L 80 : T 28.2 sec
 - d_sub 1000 : OOB 0.3237 : L 81 : T 28.5 sec
 - d_sub 1000 : OOB 0.3218 : L 82 : T 28.9 sec

 - d_sub 1200 : OOB 0.4488 : L 1 : T 1.2 sec
 - d_sub 1200 : OOB 0.4156 : L 2 : T 1.4 sec
 - d_sub 1200 : OOB 0.3988 : L 3 : T 1.7 sec
 - d_sub 1200 : OOB 0.3883 : L 4 : T 2.0 sec
 - d_sub 1200 : OOB 0.3734 : L 5 : T 3.0 sec
 - d_sub 1200 : OOB 0.3708 : L 6 : T 3.2 sec
 - d_sub 1200 : OOB 0.3592 : L 7 : T 3.5 sec
 - d_sub 1200 : OOB 0.3568 : L 8 : T 3.7 sec
 - d_sub 1200 : OOB 0.3536 : L 9 : T 3.9 sec
 - d_sub 1200 : OOB 0.3520 : L 10 : T 4.1 sec
 - d_sub 1200 : OOB 0.3455 : L 11 : T 4.4 sec
 - d_sub 1200 : OOB 0.3451 : L 12 : T 4.6 sec
 - d_sub 1200 : OOB 0.3436 : L 13 : T 4.8 sec
 - d_sub 1200 : OOB 0.3397 : L 14 : T 5.0 sec
 - d_sub 1200 : OOB 0.3425 : L 15 : T 5.2 sec
 - d_sub 1200 : OOB 0.3390 : L 16 : T 5.5 sec
 - d_sub 1200 : OOB 0.3373 : L 17 : T 5.7 sec
 - d_sub 1200 : OOB 0.3350 : L 18 : T 5.9 sec
 - d_sub 1200 : OOB 0.3341 : L 19 : T 6.1 sec
 - d_sub 1200 : OOB 0.3326 : L 20 : T 6.3 sec
 - d_sub 1200 : OOB 0.3327 : L 21 : T 6.6 sec
 - d_sub 1200 : OOB 0.3305 : L 22 : T 6.9 sec
 - d_sub 1200 : OOB 0.3293 : L 23 : T 7.1 sec
 - d_sub 1200 : OOB 0.3299 : L 24 : T 7.3 sec
 - d_sub 1200 : OOB 0.3297 : L 25 : T 7.6 sec
 - d_sub 1200 : OOB 0.3280 : L 26 : T 7.8 sec
 - d_sub 1200 : OOB 0.3261 : L 27 : T 8.0 sec
 - d_sub 1200 : OOB 0.3257 : L 28 : T 8.2 sec
 - d_sub 1200 : OOB 0.3250 : L 29 : T 8.4 sec
 - d_sub 1200 : OOB 0.3243 : L 30 : T 8.7 sec
 - d_sub 1200 : OOB 0.3261 : L 31 : T 8.9 sec
 - d_sub 1200 : OOB 0.3282 : L 32 : T 9.1 sec
 - d_sub 1200 : OOB 0.3277 : L 33 : T 9.3 sec
 - d_sub 1200 : OOB 0.3267 : L 34 : T 9.6 sec
 - d_sub 1200 : OOB 0.3277 : L 35 : T 9.8 sec
 - d_sub 1200 : OOB 0.3276 : L 36 : T 10.0 sec
 - d_sub 1200 : OOB 0.3290 : L 37 : T 10.2 sec
 - d_sub 1200 : OOB 0.3279 : L 38 : T 10.6 sec
 - d_sub 1200 : OOB 0.3267 : L 39 : T 10.8 sec
 - d_sub 1200 : OOB 0.3265 : L 40 : T 11.0 sec
 - d_sub 1200 : OOB 0.3253 : L 41 : T 11.2 sec
 - d_sub 1200 : OOB 0.3265 : L 42 : T 11.4 sec
 - d_sub 1200 : OOB 0.3245 : L 43 : T 11.6 sec
 - d_sub 1200 : OOB 0.3250 : L 44 : T 11.9 sec
 - d_sub 1200 : OOB 0.3237 : L 45 : T 12.2 sec
 - d_sub 1200 : OOB 0.3242 : L 46 : T 12.4 sec
 - d_sub 1200 : OOB 0.3224 : L 47 : T 12.6 sec
 - d_sub 1200 : OOB 0.3241 : L 48 : T 12.8 sec
 - d_sub 1200 : OOB 0.3235 : L 49 : T 13.2 sec
 - d_sub 1200 : OOB 0.3236 : L 50 : T 13.4 sec
 - d_sub 1200 : OOB 0.3223 : L 51 : T 13.6 sec
 - d_sub 1200 : OOB 0.3240 : L 52 : T 14.2 sec
 - d_sub 1200 : OOB 0.3212 : L 53 : T 14.4 sec
 - d_sub 1200 : OOB 0.3242 : L 54 : T 14.6 sec
 - d_sub 1200 : OOB 0.3223 : L 55 : T 14.8 sec
 - d_sub 1200 : OOB 0.3233 : L 56 : T 15.0 sec
 - d_sub 1200 : OOB 0.3211 : L 57 : T 15.3 sec
 - d_sub 1200 : OOB 0.3229 : L 58 : T 15.6 sec
 - d_sub 1200 : OOB 0.3232 : L 59 : T 15.8 sec
 - d_sub 1200 : OOB 0.3247 : L 60 : T 16.5 sec
 - d_sub 1200 : OOB 0.3239 : L 61 : T 16.7 sec
 - d_sub 1200 : OOB 0.3222 : L 62 : T 17.4 sec
 - d_sub 1200 : OOB 0.3227 : L 63 : T 18.1 sec
 - d_sub 1200 : OOB 0.3232 : L 64 : T 18.4 sec
 - d_sub 1200 : OOB 0.3232 : L 65 : T 18.7 sec
 - d_sub 1200 : OOB 0.3222 : L 66 : T 19.0 sec
 - d_sub 1200 : OOB 0.3232 : L 67 : T 19.2 sec
 - d_sub 1200 : OOB 0.3211 : L 68 : T 19.4 sec
 - d_sub 1200 : OOB 0.3225 : L 69 : T 20.4 sec
 - d_sub 1200 : OOB 0.3230 : L 70 : T 20.7 sec
 - d_sub 1200 : OOB 0.3230 : L 71 : T 20.9 sec
 - d_sub 1200 : OOB 0.3230 : L 72 : T 21.1 sec
 - d_sub 1200 : OOB 0.3203 : L 73 : T 21.3 sec
 - d_sub 1200 : OOB 0.3203 : L 74 : T 21.5 sec
 - d_sub 1200 : OOB 0.3202 : L 75 : T 21.8 sec
 - d_sub 1200 : OOB 0.3205 : L 76 : T 22.0 sec
 - d_sub 1200 : OOB 0.3199 : L 77 : T 22.2 sec
 - d_sub 1200 : OOB 0.3202 : L 78 : T 22.4 sec
 - d_sub 1200 : OOB 0.3200 : L 79 : T 22.6 sec
 - d_sub 1200 : OOB 0.3196 : L 80 : T 22.8 sec
 - d_sub 1200 : OOB 0.3187 : L 81 : T 23.1 sec
 - d_sub 1200 : OOB 0.3201 : L 82 : T 23.3 sec
 - d_sub 1200 : OOB 0.3199 : L 83 : T 23.5 sec
 - d_sub 1200 : OOB 0.3211 : L 84 : T 23.8 sec
 - d_sub 1200 : OOB 0.3190 : L 85 : T 24.0 sec
 - d_sub 1200 : OOB 0.3183 : L 86 : T 24.3 sec
 - d_sub 1200 : OOB 0.3189 : L 87 : T 24.5 sec
 - d_sub 1200 : OOB 0.3190 : L 88 : T 24.7 sec
 - d_sub 1200 : OOB 0.3189 : L 89 : T 24.9 sec
 - d_sub 1200 : OOB 0.3187 : L 90 : T 25.1 sec
 - d_sub 1200 : OOB 0.3178 : L 91 : T 25.3 sec
 - d_sub 1200 : OOB 0.3196 : L 92 : T 25.6 sec
 - d_sub 1200 : OOB 0.3171 : L 93 : T 25.8 sec
 - d_sub 1200 : OOB 0.3176 : L 94 : T 26.0 sec
 - d_sub 1200 : OOB 0.3170 : L 95 : T 26.7 sec
 - d_sub 1200 : OOB 0.3170 : L 96 : T 26.9 sec
 - d_sub 1200 : OOB 0.3184 : L 97 : T 27.1 sec
 - d_sub 1200 : OOB 0.3177 : L 98 : T 28.0 sec
 - d_sub 1200 : OOB 0.3179 : L 99 : T 28.3 sec
 - d_sub 1200 : OOB 0.3184 : L 100 : T 29.0 sec
 - d_sub 1200 : OOB 0.3201 : L 101 : T 29.3 sec
 - d_sub 1200 : OOB 0.3197 : L 102 : T 29.5 sec
 - d_sub 1200 : OOB 0.3195 : L 103 : T 29.8 sec
 - d_sub 1200 : OOB 0.3191 : L 104 : T 30.0 sec
 - d_sub 1200 : OOB 0.3186 : L 105 : T 30.3 sec
 - d_sub 1200 : OOB 0.3180 : L 106 : T 30.5 sec
 - d_sub 1200 : OOB 0.3188 : L 107 : T 31.5 sec
 - d_sub 1200 : OOB 0.3178 : L 108 : T 32.1 sec
 - d_sub 1200 : OOB 0.3171 : L 109 : T 32.9 sec
 - d_sub 1200 : OOB 0.3181 : L 110 : T 33.5 sec
 - d_sub 1200 : OOB 0.3184 : L 111 : T 34.0 sec
 - d_sub 1200 : OOB 0.3181 : L 112 : T 34.7 sec
 - d_sub 1200 : OOB 0.3173 : L 113 : T 34.9 sec
 - d_sub 1200 : OOB 0.3190 : L 114 : T 36.0 sec
 - d_sub 1200 : OOB 0.3194 : L 115 : T 36.2 sec
 - d_sub 1200 : OOB 0.3176 : L 116 : T 36.6 sec
 - d_sub 1200 : OOB 0.3181 : L 117 : T 36.9 sec
 - d_sub 1200 : OOB 0.3185 : L 118 : T 37.5 sec

 - d_sub 1400 : OOB 0.4528 : L 1 : T 1.7 sec
 - d_sub 1400 : OOB 0.4175 : L 2 : T 2.0 sec
 - d_sub 1400 : OOB 0.3972 : L 3 : T 2.3 sec
 - d_sub 1400 : OOB 0.3882 : L 4 : T 2.6 sec
 - d_sub 1400 : OOB 0.3753 : L 5 : T 2.9 sec
 - d_sub 1400 : OOB 0.3685 : L 6 : T 3.2 sec
 - d_sub 1400 : OOB 0.3609 : L 7 : T 3.5 sec
 - d_sub 1400 : OOB 0.3524 : L 8 : T 3.7 sec
 - d_sub 1400 : OOB 0.3510 : L 9 : T 4.1 sec
 - d_sub 1400 : OOB 0.3430 : L 10 : T 5.4 sec
 - d_sub 1400 : OOB 0.3418 : L 11 : T 5.7 sec
 - d_sub 1400 : OOB 0.3407 : L 12 : T 6.0 sec
 - d_sub 1400 : OOB 0.3348 : L 13 : T 9.8 sec
 - d_sub 1400 : OOB 0.3346 : L 14 : T 11.5 sec
 - d_sub 1400 : OOB 0.3292 : L 15 : T 12.1 sec
 - d_sub 1400 : OOB 0.3311 : L 16 : T 14.7 sec
 - d_sub 1400 : OOB 0.3290 : L 17 : T 15.0 sec
 - d_sub 1400 : OOB 0.3295 : L 18 : T 15.3 sec
 - d_sub 1400 : OOB 0.3274 : L 19 : T 15.9 sec
 - d_sub 1400 : OOB 0.3297 : L 20 : T 16.6 sec
 - d_sub 1400 : OOB 0.3263 : L 21 : T 17.9 sec
 - d_sub 1400 : OOB 0.3263 : L 22 : T 18.2 sec
 - d_sub 1400 : OOB 0.3262 : L 23 : T 18.5 sec
 - d_sub 1400 : OOB 0.3254 : L 24 : T 18.8 sec
 - d_sub 1400 : OOB 0.3216 : L 25 : T 19.1 sec
 - d_sub 1400 : OOB 0.3246 : L 26 : T 19.4 sec
 - d_sub 1400 : OOB 0.3245 : L 27 : T 19.7 sec
 - d_sub 1400 : OOB 0.3265 : L 28 : T 20.0 sec
 - d_sub 1400 : OOB 0.3255 : L 29 : T 21.3 sec
 - d_sub 1400 : OOB 0.3245 : L 30 : T 21.6 sec
 - d_sub 1400 : OOB 0.3231 : L 31 : T 21.9 sec
 - d_sub 1400 : OOB 0.3230 : L 32 : T 22.2 sec
 - d_sub 1400 : OOB 0.3229 : L 33 : T 22.4 sec
 - d_sub 1400 : OOB 0.3198 : L 34 : T 23.0 sec
 - d_sub 1400 : OOB 0.3188 : L 35 : T 23.3 sec
 - d_sub 1400 : OOB 0.3177 : L 36 : T 23.6 sec
 - d_sub 1400 : OOB 0.3176 : L 37 : T 27.5 sec
 - d_sub 1400 : OOB 0.3184 : L 38 : T 28.5 sec
 - d_sub 1400 : OOB 0.3200 : L 39 : T 29.9 sec
 - d_sub 1400 : OOB 0.3186 : L 40 : T 30.2 sec
 - d_sub 1400 : OOB 0.3197 : L 41 : T 30.5 sec
 - d_sub 1400 : OOB 0.3197 : L 42 : T 30.8 sec
 - d_sub 1400 : OOB 0.3207 : L 43 : T 31.1 sec
 - d_sub 1400 : OOB 0.3194 : L 44 : T 31.4 sec
 - d_sub 1400 : OOB 0.3186 : L 45 : T 31.8 sec
 - d_sub 1400 : OOB 0.3180 : L 46 : T 32.1 sec
 - d_sub 1400 : OOB 0.3155 : L 47 : T 33.5 sec
 - d_sub 1400 : OOB 0.3172 : L 48 : T 34.9 sec
 - d_sub 1400 : OOB 0.3150 : L 49 : T 35.2 sec
 - d_sub 1400 : OOB 0.3168 : L 50 : T 35.5 sec
 - d_sub 1400 : OOB 0.3142 : L 51 : T 35.8 sec
 - d_sub 1400 : OOB 0.3138 : L 52 : T 36.1 sec
 - d_sub 1400 : OOB 0.3162 : L 53 : T 36.3 sec
 - d_sub 1400 : OOB 0.3154 : L 54 : T 36.7 sec
 - d_sub 1400 : OOB 0.3147 : L 55 : T 39.3 sec
 - d_sub 1400 : OOB 0.3146 : L 56 : T 40.7 sec
 - d_sub 1400 : OOB 0.3150 : L 57 : T 41.0 sec
 - d_sub 1400 : OOB 0.3142 : L 58 : T 41.3 sec
 - d_sub 1400 : OOB 0.3112 : L 59 : T 41.6 sec
 - d_sub 1400 : OOB 0.3135 : L 60 : T 41.9 sec
 - d_sub 1400 : OOB 0.3129 : L 61 : T 43.5 sec
 - d_sub 1400 : OOB 0.3122 : L 62 : T 45.7 sec
 - d_sub 1400 : OOB 0.3121 : L 63 : T 47.8 sec
 - d_sub 1400 : OOB 0.3135 : L 64 : T 52.0 sec
 - d_sub 1400 : OOB 0.3122 : L 65 : T 55.0 sec
 - d_sub 1400 : OOB 0.3123 : L 66 : T 55.3 sec
 - d_sub 1400 : OOB 0.3126 : L 67 : T 55.6 sec
 - d_sub 1400 : OOB 0.3120 : L 68 : T 57.0 sec
 - d_sub 1400 : OOB 0.3123 : L 69 : T 57.3 sec
 - d_sub 1400 : OOB 0.3114 : L 70 : T 57.6 sec
 - d_sub 1400 : OOB 0.3114 : L 71 : T 60.3 sec
 - d_sub 1400 : OOB 0.3123 : L 72 : T 60.6 sec
 - d_sub 1400 : OOB 0.3116 : L 73 : T 60.9 sec
 - d_sub 1400 : OOB 0.3117 : L 74 : T 62.4 sec
 - d_sub 1400 : OOB 0.3116 : L 75 : T 62.7 sec
 - d_sub 1400 : OOB 0.3118 : L 76 : T 63.1 sec
 - d_sub 1400 : OOB 0.3112 : L 77 : T 65.2 sec
 - d_sub 1400 : OOB 0.3112 : L 78 : T 65.5 sec
 - d_sub 1400 : OOB 0.3120 : L 79 : T 66.9 sec
 - d_sub 1400 : OOB 0.3118 : L 80 : T 67.2 sec
 - d_sub 1400 : OOB 0.3123 : L 81 : T 69.3 sec
 - d_sub 1400 : OOB 0.3108 : L 82 : T 69.6 sec
 - d_sub 1400 : OOB 0.3114 : L 83 : T 69.9 sec
 - d_sub 1400 : OOB 0.3121 : L 84 : T 71.0 sec
 - d_sub 1400 : OOB 0.3114 : L 85 : T 71.3 sec
 - d_sub 1400 : OOB 0.3126 : L 86 : T 72.8 sec
 - d_sub 1400 : OOB 0.3123 : L 87 : T 75.0 sec
 - d_sub 1400 : OOB 0.3106 : L 88 : T 75.3 sec
 - d_sub 1400 : OOB 0.3108 : L 89 : T 75.6 sec
 - d_sub 1400 : OOB 0.3127 : L 90 : T 78.1 sec
 - d_sub 1400 : OOB 0.3130 : L 91 : T 78.4 sec
 - d_sub 1400 : OOB 0.3121 : L 92 : T 78.7 sec
 - d_sub 1400 : OOB 0.3128 : L 93 : T 81.9 sec
 - d_sub 1400 : OOB 0.3139 : L 94 : T 82.2 sec
 - d_sub 1400 : OOB 0.3130 : L 95 : T 82.5 sec
 - d_sub 1400 : OOB 0.3141 : L 96 : T 84.3 sec

 - d_sub 1600 : OOB 0.4520 : L 1 : T 0.4 sec
 - d_sub 1600 : OOB 0.4187 : L 2 : T 3.3 sec
 - d_sub 1600 : OOB 0.4017 : L 3 : T 5.3 sec
 - d_sub 1600 : OOB 0.3873 : L 4 : T 8.7 sec
 - d_sub 1600 : OOB 0.3726 : L 5 : T 9.0 sec
 - d_sub 1600 : OOB 0.3626 : L 6 : T 10.5 sec
 - d_sub 1600 : OOB 0.3620 : L 7 : T 12.8 sec
 - d_sub 1600 : OOB 0.3531 : L 8 : T 16.0 sec
 - d_sub 1600 : OOB 0.3517 : L 9 : T 16.3 sec
 - d_sub 1600 : OOB 0.3484 : L 10 : T 17.7 sec
 - d_sub 1600 : OOB 0.3457 : L 11 : T 20.1 sec
 - d_sub 1600 : OOB 0.3448 : L 12 : T 20.4 sec
 - d_sub 1600 : OOB 0.3387 : L 13 : T 21.5 sec
 - d_sub 1600 : OOB 0.3427 : L 14 : T 23.9 sec
 - d_sub 1600 : OOB 0.3364 : L 15 : T 24.3 sec
 - d_sub 1600 : OOB 0.3354 : L 16 : T 24.6 sec
 - d_sub 1600 : OOB 0.3323 : L 17 : T 26.7 sec
 - d_sub 1600 : OOB 0.3313 : L 18 : T 27.7 sec
 - d_sub 1600 : OOB 0.3311 : L 19 : T 30.9 sec
 - d_sub 1600 : OOB 0.3292 : L 20 : T 31.3 sec
 - d_sub 1600 : OOB 0.3307 : L 21 : T 31.7 sec
 - d_sub 1600 : OOB 0.3295 : L 22 : T 32.0 sec
 - d_sub 1600 : OOB 0.3285 : L 23 : T 33.1 sec
 - d_sub 1600 : OOB 0.3285 : L 24 : T 33.5 sec
 - d_sub 1600 : OOB 0.3280 : L 25 : T 33.8 sec
 - d_sub 1600 : OOB 0.3269 : L 26 : T 35.2 sec
 - d_sub 1600 : OOB 0.3286 : L 27 : T 40.2 sec
 - d_sub 1600 : OOB 0.3256 : L 28 : T 41.2 sec
 - d_sub 1600 : OOB 0.3264 : L 29 : T 41.5 sec
 - d_sub 1600 : OOB 0.3266 : L 30 : T 41.8 sec
 - d_sub 1600 : OOB 0.3264 : L 31 : T 42.9 sec
 - d_sub 1600 : OOB 0.3236 : L 32 : T 45.1 sec
 - d_sub 1600 : OOB 0.3260 : L 33 : T 45.4 sec
 - d_sub 1600 : OOB 0.3253 : L 34 : T 45.7 sec
 - d_sub 1600 : OOB 0.3236 : L 35 : T 46.0 sec
 - d_sub 1600 : OOB 0.3239 : L 36 : T 49.2 sec
 - d_sub 1600 : OOB 0.3244 : L 37 : T 50.7 sec
 - d_sub 1600 : OOB 0.3251 : L 38 : T 54.5 sec
 - d_sub 1600 : OOB 0.3238 : L 39 : T 57.7 sec
 - d_sub 1600 : OOB 0.3228 : L 40 : T 58.1 sec
 - d_sub 1600 : OOB 0.3216 : L 41 : T 60.5 sec
 - d_sub 1600 : OOB 0.3225 : L 42 : T 63.5 sec
 - d_sub 1600 : OOB 0.3208 : L 43 : T 63.9 sec
 - d_sub 1600 : OOB 0.3207 : L 44 : T 67.2 sec
 - d_sub 1600 : OOB 0.3176 : L 45 : T 67.5 sec
 - d_sub 1600 : OOB 0.3206 : L 46 : T 69.9 sec
 - d_sub 1600 : OOB 0.3183 : L 47 : T 70.3 sec
 - d_sub 1600 : OOB 0.3155 : L 48 : T 70.6 sec
 - d_sub 1600 : OOB 0.3182 : L 49 : T 72.9 sec
 - d_sub 1600 : OOB 0.3172 : L 50 : T 75.5 sec
 - d_sub 1600 : OOB 0.3190 : L 51 : T 75.9 sec
 - d_sub 1600 : OOB 0.3190 : L 52 : T 76.2 sec
 - d_sub 1600 : OOB 0.3194 : L 53 : T 78.5 sec
 - d_sub 1600 : OOB 0.3194 : L 54 : T 78.8 sec
 - d_sub 1600 : OOB 0.3188 : L 55 : T 83.2 sec
 - d_sub 1600 : OOB 0.3193 : L 56 : T 83.6 sec
 - d_sub 1600 : OOB 0.3201 : L 57 : T 86.9 sec
 - d_sub 1600 : OOB 0.3188 : L 58 : T 88.8 sec
 - d_sub 1600 : OOB 0.3183 : L 59 : T 89.1 sec
 - d_sub 1600 : OOB 0.3178 : L 60 : T 90.5 sec
 - d_sub 1600 : OOB 0.3173 : L 61 : T 93.9 sec
 - d_sub 1600 : OOB 0.3165 : L 62 : T 96.8 sec
 - d_sub 1600 : OOB 0.3168 : L 63 : T 97.1 sec
 - d_sub 1600 : OOB 0.3172 : L 64 : T 99.1 sec
 - d_sub 1600 : OOB 0.3182 : L 65 : T 99.4 sec
 - d_sub 1600 : OOB 0.3172 : L 66 : T 104.7 sec
 - d_sub 1600 : OOB 0.3151 : L 67 : T 106.3 sec
 - d_sub 1600 : OOB 0.3167 : L 68 : T 106.7 sec
 - d_sub 1600 : OOB 0.3170 : L 69 : T 108.0 sec
 - d_sub 1600 : OOB 0.3168 : L 70 : T 108.3 sec
 - d_sub 1600 : OOB 0.3167 : L 71 : T 109.7 sec
 - d_sub 1600 : OOB 0.3150 : L 72 : T 110.1 sec
 - d_sub 1600 : OOB 0.3169 : L 73 : T 112.3 sec
 - d_sub 1600 : OOB 0.3159 : L 74 : T 112.7 sec
 - d_sub 1600 : OOB 0.3142 : L 75 : T 114.0 sec
 - d_sub 1600 : OOB 0.3155 : L 76 : T 116.3 sec
 - d_sub 1600 : OOB 0.3153 : L 77 : T 116.7 sec
 - d_sub 1600 : OOB 0.3160 : L 78 : T 117.9 sec
 - d_sub 1600 : OOB 0.3155 : L 79 : T 121.5 sec
 - d_sub 1600 : OOB 0.3182 : L 80 : T 121.8 sec
 - d_sub 1600 : OOB 0.3181 : L 81 : T 123.0 sec
 - d_sub 1600 : OOB 0.3164 : L 82 : T 123.3 sec
 - d_sub 1600 : OOB 0.3168 : L 83 : T 126.7 sec
 - d_sub 1600 : OOB 0.3162 : L 84 : T 129.0 sec
 - d_sub 1600 : OOB 0.3159 : L 85 : T 129.3 sec
 - d_sub 1600 : OOB 0.3144 : L 86 : T 130.7 sec
 - d_sub 1600 : OOB 0.3157 : L 87 : T 133.4 sec
 - d_sub 1600 : OOB 0.3144 : L 88 : T 133.7 sec
 - d_sub 1600 : OOB 0.3147 : L 89 : T 136.2 sec
 - d_sub 1600 : OOB 0.3149 : L 90 : T 136.6 sec
 - d_sub 1600 : OOB 0.3141 : L 91 : T 139.3 sec
 - d_sub 1600 : OOB 0.3155 : L 92 : T 139.7 sec

 - d_sub 1800 : OOB 0.4478 : L 1 : T 2.0 sec
 - d_sub 1800 : OOB 0.4138 : L 2 : T 2.4 sec
 - d_sub 1800 : OOB 0.3960 : L 3 : T 4.1 sec
 - d_sub 1800 : OOB 0.3856 : L 4 : T 6.7 sec
 - d_sub 1800 : OOB 0.3716 : L 5 : T 11.6 sec
 - d_sub 1800 : OOB 0.3608 : L 6 : T 13.0 sec
 - d_sub 1800 : OOB 0.3601 : L 7 : T 13.3 sec
 - d_sub 1800 : OOB 0.3511 : L 8 : T 15.9 sec
 - d_sub 1800 : OOB 0.3481 : L 9 : T 18.1 sec
 - d_sub 1800 : OOB 0.3462 : L 10 : T 21.4 sec
 - d_sub 1800 : OOB 0.3435 : L 11 : T 21.9 sec
 - d_sub 1800 : OOB 0.3417 : L 12 : T 24.3 sec
 - d_sub 1800 : OOB 0.3350 : L 13 : T 26.9 sec
 - d_sub 1800 : OOB 0.3401 : L 14 : T 28.1 sec
 - d_sub 1800 : OOB 0.3371 : L 15 : T 30.4 sec
 - d_sub 1800 : OOB 0.3357 : L 16 : T 30.8 sec
 - d_sub 1800 : OOB 0.3347 : L 17 : T 34.6 sec
 - d_sub 1800 : OOB 0.3313 : L 18 : T 39.6 sec
 - d_sub 1800 : OOB 0.3319 : L 19 : T 40.0 sec
 - d_sub 1800 : OOB 0.3283 : L 20 : T 43.9 sec
 - d_sub 1800 : OOB 0.3277 : L 21 : T 44.3 sec
 - d_sub 1800 : OOB 0.3287 : L 22 : T 47.6 sec
 - d_sub 1800 : OOB 0.3268 : L 23 : T 48.0 sec
 - d_sub 1800 : OOB 0.3263 : L 24 : T 51.1 sec
 - d_sub 1800 : OOB 0.3255 : L 25 : T 53.2 sec
 - d_sub 1800 : OOB 0.3257 : L 26 : T 53.6 sec
 - d_sub 1800 : OOB 0.3281 : L 27 : T 58.0 sec
 - d_sub 1800 : OOB 0.3269 : L 28 : T 61.1 sec
 - d_sub 1800 : OOB 0.3245 : L 29 : T 61.5 sec
 - d_sub 1800 : OOB 0.3233 : L 30 : T 63.4 sec
 - d_sub 1800 : OOB 0.3233 : L 31 : T 66.9 sec
 - d_sub 1800 : OOB 0.3229 : L 32 : T 68.2 sec
 - d_sub 1800 : OOB 0.3201 : L 33 : T 68.6 sec
 - d_sub 1800 : OOB 0.3217 : L 34 : T 69.8 sec
 - d_sub 1800 : OOB 0.3223 : L 35 : T 72.4 sec
 - d_sub 1800 : OOB 0.3221 : L 36 : T 72.8 sec
 - d_sub 1800 : OOB 0.3213 : L 37 : T 74.5 sec
 - d_sub 1800 : OOB 0.3235 : L 38 : T 74.9 sec
 - d_sub 1800 : OOB 0.3193 : L 39 : T 76.8 sec
 - d_sub 1800 : OOB 0.3206 : L 40 : T 79.5 sec
 - d_sub 1800 : OOB 0.3193 : L 41 : T 79.9 sec
 - d_sub 1800 : OOB 0.3202 : L 42 : T 82.1 sec
 - d_sub 1800 : OOB 0.3194 : L 43 : T 82.5 sec
 - d_sub 1800 : OOB 0.3188 : L 44 : T 83.6 sec
 - d_sub 1800 : OOB 0.3191 : L 45 : T 86.3 sec
 - d_sub 1800 : OOB 0.3169 : L 46 : T 86.7 sec
 - d_sub 1800 : OOB 0.3216 : L 47 : T 88.3 sec
 - d_sub 1800 : OOB 0.3203 : L 48 : T 93.8 sec
 - d_sub 1800 : OOB 0.3210 : L 49 : T 97.7 sec
 - d_sub 1800 : OOB 0.3198 : L 50 : T 99.4 sec
 - d_sub 1800 : OOB 0.3193 : L 51 : T 100.7 sec
 - d_sub 1800 : OOB 0.3188 : L 52 : T 101.1 sec
 - d_sub 1800 : OOB 0.3204 : L 53 : T 104.0 sec
 - d_sub 1800 : OOB 0.3191 : L 54 : T 104.4 sec
 - d_sub 1800 : OOB 0.3167 : L 55 : T 109.8 sec
 - d_sub 1800 : OOB 0.3174 : L 56 : T 111.3 sec
 - d_sub 1800 : OOB 0.3169 : L 57 : T 111.8 sec
 - d_sub 1800 : OOB 0.3151 : L 58 : T 113.2 sec
 - d_sub 1800 : OOB 0.3145 : L 59 : T 113.5 sec
 - d_sub 1800 : OOB 0.3147 : L 60 : T 115.3 sec
 - d_sub 1800 : OOB 0.3141 : L 61 : T 118.2 sec
 - d_sub 1800 : OOB 0.3149 : L 62 : T 122.2 sec
 - d_sub 1800 : OOB 0.3145 : L 63 : T 124.7 sec
 - d_sub 1800 : OOB 0.3150 : L 64 : T 125.1 sec
 - d_sub 1800 : OOB 0.3152 : L 65 : T 128.2 sec
 - d_sub 1800 : OOB 0.3142 : L 66 : T 129.8 sec
 - d_sub 1800 : OOB 0.3147 : L 67 : T 131.8 sec
 - d_sub 1800 : OOB 0.3136 : L 68 : T 132.2 sec
 - d_sub 1800 : OOB 0.3113 : L 69 : T 133.3 sec
 - d_sub 1800 : OOB 0.3124 : L 70 : T 133.7 sec
 - d_sub 1800 : OOB 0.3125 : L 71 : T 137.0 sec
 - d_sub 1800 : OOB 0.3129 : L 72 : T 139.9 sec
 - d_sub 1800 : OOB 0.3120 : L 73 : T 142.7 sec
 - d_sub 1800 : OOB 0.3127 : L 74 : T 145.4 sec
 - d_sub 1800 : OOB 0.3114 : L 75 : T 147.6 sec
 - d_sub 1800 : OOB 0.3125 : L 76 : T 148.0 sec
 - d_sub 1800 : OOB 0.3144 : L 77 : T 150.9 sec
 - d_sub 1800 : OOB 0.3130 : L 78 : T 152.3 sec
 - d_sub 1800 : OOB 0.3147 : L 79 : T 152.8 sec
 - d_sub 1800 : OOB 0.3133 : L 80 : T 155.0 sec
 - d_sub 1800 : OOB 0.3130 : L 81 : T 155.4 sec
 - d_sub 1800 : OOB 0.3129 : L 82 : T 157.7 sec
 - d_sub 1800 : OOB 0.3139 : L 83 : T 160.4 sec
 - d_sub 1800 : OOB 0.3136 : L 84 : T 160.8 sec
 - d_sub 1800 : OOB 0.3136 : L 85 : T 162.3 sec
 - d_sub 1800 : OOB 0.3143 : L 86 : T 162.7 sec
 - d_sub 1800 : OOB 0.3125 : L 87 : T 165.0 sec
 - d_sub 1800 : OOB 0.3107 : L 88 : T 170.0 sec
 - d_sub 1800 : OOB 0.3129 : L 89 : T 172.0 sec
 - d_sub 1800 : OOB 0.3135 : L 90 : T 172.4 sec
 - d_sub 1800 : OOB 0.3142 : L 91 : T 176.6 sec
 - d_sub 1800 : OOB 0.3136 : L 92 : T 177.9 sec
 - d_sub 1800 : OOB 0.3133 : L 93 : T 178.3 sec
 - d_sub 1800 : OOB 0.3138 : L 94 : T 180.9 sec
 - d_sub 1800 : OOB 0.3132 : L 95 : T 183.5 sec
 - d_sub 1800 : OOB 0.3113 : L 96 : T 183.9 sec
 - d_sub 1800 : OOB 0.3132 : L 97 : T 184.3 sec
 - d_sub 1800 : OOB 0.3120 : L 98 : T 186.8 sec
 - d_sub 1800 : OOB 0.3123 : L 99 : T 191.0 sec
 - d_sub 1800 : OOB 0.3112 : L 100 : T 191.4 sec
 - d_sub 1800 : OOB 0.3106 : L 101 : T 192.5 sec
 - d_sub 1800 : OOB 0.3105 : L 102 : T 194.3 sec
 - d_sub 1800 : OOB 0.3114 : L 103 : T 194.7 sec
 - d_sub 1800 : OOB 0.3111 : L 104 : T 199.2 sec
 - d_sub 1800 : OOB 0.3094 : L 105 : T 202.0 sec
 - d_sub 1800 : OOB 0.3086 : L 106 : T 203.4 sec

 - d_sub 2000 : OOB 0.4518 : L 1 : T 0.5 sec
 - d_sub 2000 : OOB 0.4199 : L 2 : T 2.9 sec
 - d_sub 2000 : OOB 0.4043 : L 3 : T 6.1 sec
 - d_sub 2000 : OOB 0.3909 : L 4 : T 9.3 sec
 - d_sub 2000 : OOB 0.3765 : L 5 : T 13.2 sec
 - d_sub 2000 : OOB 0.3687 : L 6 : T 17.0 sec
 - d_sub 2000 : OOB 0.3630 : L 7 : T 17.5 sec
 - d_sub 2000 : OOB 0.3570 : L 8 : T 19.9 sec
 - d_sub 2000 : OOB 0.3558 : L 9 : T 20.3 sec
 - d_sub 2000 : OOB 0.3533 : L 10 : T 22.9 sec
 - d_sub 2000 : OOB 0.3496 : L 11 : T 27.0 sec
 - d_sub 2000 : OOB 0.3450 : L 12 : T 28.6 sec
 - d_sub 2000 : OOB 0.3431 : L 13 : T 29.0 sec
 - d_sub 2000 : OOB 0.3401 : L 14 : T 30.4 sec
 - d_sub 2000 : OOB 0.3388 : L 15 : T 30.9 sec
 - d_sub 2000 : OOB 0.3361 : L 16 : T 33.6 sec
 - d_sub 2000 : OOB 0.3366 : L 17 : T 35.2 sec
 - d_sub 2000 : OOB 0.3360 : L 18 : T 37.3 sec
 - d_sub 2000 : OOB 0.3344 : L 19 : T 37.8 sec
 - d_sub 2000 : OOB 0.3334 : L 20 : T 40.8 sec
 - d_sub 2000 : OOB 0.3336 : L 21 : T 43.0 sec
 - d_sub 2000 : OOB 0.3344 : L 22 : T 43.6 sec
 - d_sub 2000 : OOB 0.3319 : L 23 : T 46.7 sec
 - d_sub 2000 : OOB 0.3305 : L 24 : T 47.1 sec
 - d_sub 2000 : OOB 0.3307 : L 25 : T 51.1 sec
 - d_sub 2000 : OOB 0.3281 : L 26 : T 55.1 sec
 - d_sub 2000 : OOB 0.3294 : L 27 : T 55.6 sec
 - d_sub 2000 : OOB 0.3294 : L 28 : T 57.1 sec
 - d_sub 2000 : OOB 0.3285 : L 29 : T 59.1 sec
 - d_sub 2000 : OOB 0.3270 : L 30 : T 59.5 sec
 - d_sub 2000 : OOB 0.3259 : L 31 : T 62.7 sec
 - d_sub 2000 : OOB 0.3244 : L 32 : T 63.1 sec
 - d_sub 2000 : OOB 0.3240 : L 33 : T 66.1 sec
 - d_sub 2000 : OOB 0.3245 : L 34 : T 66.5 sec
 - d_sub 2000 : OOB 0.3261 : L 35 : T 71.0 sec
 - d_sub 2000 : OOB 0.3219 : L 36 : T 72.1 sec
 - d_sub 2000 : OOB 0.3233 : L 37 : T 72.5 sec
 - d_sub 2000 : OOB 0.3224 : L 38 : T 75.0 sec
 - d_sub 2000 : OOB 0.3222 : L 39 : T 75.5 sec
 - d_sub 2000 : OOB 0.3210 : L 40 : T 77.1 sec
 - d_sub 2000 : OOB 0.3207 : L 41 : T 78.2 sec
 - d_sub 2000 : OOB 0.3203 : L 42 : T 78.7 sec
 - d_sub 2000 : OOB 0.3208 : L 43 : T 82.0 sec
 - d_sub 2000 : OOB 0.3203 : L 44 : T 83.8 sec
 - d_sub 2000 : OOB 0.3208 : L 45 : T 84.3 sec
 - d_sub 2000 : OOB 0.3186 : L 46 : T 87.4 sec
 - d_sub 2000 : OOB 0.3178 : L 47 : T 90.3 sec
 - d_sub 2000 : OOB 0.3199 : L 48 : T 93.5 sec
 - d_sub 2000 : OOB 0.3210 : L 49 : T 94.0 sec
 - d_sub 2000 : OOB 0.3201 : L 50 : T 95.2 sec
 - d_sub 2000 : OOB 0.3189 : L 51 : T 96.8 sec
 - d_sub 2000 : OOB 0.3182 : L 52 : T 97.3 sec
 - d_sub 2000 : OOB 0.3168 : L 53 : T 99.7 sec
 - d_sub 2000 : OOB 0.3193 : L 54 : T 100.2 sec
 - d_sub 2000 : OOB 0.3178 : L 55 : T 101.9 sec
 - d_sub 2000 : OOB 0.3183 : L 56 : T 105.4 sec
 - d_sub 2000 : OOB 0.3181 : L 57 : T 105.8 sec
 - d_sub 2000 : OOB 0.3153 : L 58 : T 107.2 sec
 - d_sub 2000 : OOB 0.3163 : L 59 : T 109.5 sec
 - d_sub 2000 : OOB 0.3163 : L 60 : T 115.2 sec
 - d_sub 2000 : OOB 0.3164 : L 61 : T 117.6 sec
 - d_sub 2000 : OOB 0.3173 : L 62 : T 124.1 sec
 - d_sub 2000 : OOB 0.3138 : L 63 : T 125.4 sec
 - d_sub 2000 : OOB 0.3168 : L 64 : T 132.2 sec
 - d_sub 2000 : OOB 0.3166 : L 65 : T 133.6 sec
 - d_sub 2000 : OOB 0.3147 : L 66 : T 137.5 sec
 - d_sub 2000 : OOB 0.3129 : L 67 : T 138.6 sec
 - d_sub 2000 : OOB 0.3169 : L 68 : T 139.4 sec
 - d_sub 2000 : OOB 0.3140 : L 69 : T 139.8 sec
 - d_sub 2000 : OOB 0.3163 : L 70 : T 140.6 sec
 - d_sub 2000 : OOB 0.3134 : L 71 : T 141.0 sec
 - d_sub 2000 : OOB 0.3158 : L 72 : T 141.5 sec
 - d_sub 2000 : OOB 0.3140 : L 73 : T 141.9 sec
 - d_sub 2000 : OOB 0.3146 : L 74 : T 142.4 sec
 - d_sub 2000 : OOB 0.3131 : L 75 : T 142.8 sec
 - d_sub 2000 : OOB 0.3141 : L 76 : T 143.3 sec
 - d_sub 2000 : OOB 0.3123 : L 77 : T 143.7 sec
 - d_sub 2000 : OOB 0.3127 : L 78 : T 144.1 sec
 - d_sub 2000 : OOB 0.3123 : L 79 : T 144.9 sec
 - d_sub 2000 : OOB 0.3120 : L 80 : T 145.3 sec
 - d_sub 2000 : OOB 0.3116 : L 81 : T 145.8 sec
 - d_sub 2000 : OOB 0.3114 : L 82 : T 146.2 sec
 - d_sub 2000 : OOB 0.3095 : L 83 : T 146.7 sec
 - d_sub 2000 : OOB 0.3104 : L 84 : T 147.1 sec
 - d_sub 2000 : OOB 0.3092 : L 85 : T 147.6 sec
 - d_sub 2000 : OOB 0.3102 : L 86 : T 148.0 sec
 - d_sub 2000 : OOB 0.3102 : L 87 : T 148.6 sec
 - d_sub 2000 : OOB 0.3091 : L 88 : T 149.1 sec
 - d_sub 2000 : OOB 0.3089 : L 89 : T 150.1 sec
 - d_sub 2000 : OOB 0.3079 : L 90 : T 150.6 sec
 - d_sub 2000 : OOB 0.3098 : L 91 : T 151.0 sec
 - d_sub 2000 : OOB 0.3095 : L 92 : T 152.1 sec
 - d_sub 2000 : OOB 0.3091 : L 93 : T 152.7 sec
 - d_sub 2000 : OOB 0.3110 : L 94 : T 153.2 sec
 - d_sub 2000 : OOB 0.3119 : L 95 : T 153.6 sec
 - d_sub 2000 : OOB 0.3115 : L 96 : T 154.0 sec
 - d_sub 2000 : OOB 0.3116 : L 97 : T 154.5 sec
 - d_sub 2000 : OOB 0.3111 : L 98 : T 154.9 sec
 - d_sub 2000 : OOB 0.3119 : L 99 : T 155.4 sec
 - d_sub 2000 : OOB 0.3131 : L 100 : T 155.8 sec
 - d_sub 2000 : OOB 0.3123 : L 101 : T 156.3 sec
 - d_sub 2000 : OOB 0.3111 : L 102 : T 157.1 sec
 - d_sub 2000 : OOB 0.3103 : L 103 : T 157.5 sec
 - d_sub 2000 : OOB 0.3108 : L 104 : T 158.1 sec
 - d_sub 2000 : OOB 0.3106 : L 105 : T 158.6 sec
 - d_sub 2000 : OOB 0.3092 : L 106 : T 159.0 sec
 - d_sub 2000 : OOB 0.3102 : L 107 : T 159.4 sec
 - d_sub 2000 : OOB 0.3093 : L 108 : T 159.9 sec
 - d_sub 2000 : OOB 0.3093 : L 109 : T 160.3 sec
 - d_sub 2000 : OOB 0.3098 : L 110 : T 160.8 sec
 - d_sub 2000 : OOB 0.3100 : L 111 : T 161.2 sec
 - d_sub 2000 : OOB 0.3099 : L 112 : T 161.7 sec
 - d_sub 2000 : OOB 0.3093 : L 113 : T 162.1 sec
 - d_sub 2000 : OOB 0.3086 : L 114 : T 163.0 sec
 - d_sub 2000 : OOB 0.3099 : L 115 : T 163.5 sec
 - d_sub 2000 : OOB 0.3089 : L 116 : T 164.0 sec
 - d_sub 2000 : OOB 0.3081 : L 117 : T 164.5 sec
 - d_sub 2000 : OOB 0.3098 : L 118 : T 164.9 sec
 - d_sub 2000 : OOB 0.3096 : L 119 : T 165.3 sec
 - d_sub 2000 : OOB 0.3084 : L 120 : T 165.8 sec
 - d_sub 2000 : OOB 0.3080 : L 121 : T 166.2 sec
 - d_sub 2000 : OOB 0.3086 : L 122 : T 167.0 sec

 - d_sub 2200 : OOB 0.4501 : L 1 : T 4.4 sec
 - d_sub 2200 : OOB 0.4201 : L 2 : T 4.9 sec
 - d_sub 2200 : OOB 0.4030 : L 3 : T 6.8 sec
 - d_sub 2200 : OOB 0.3929 : L 4 : T 8.1 sec
 - d_sub 2200 : OOB 0.3763 : L 5 : T 8.7 sec
 - d_sub 2200 : OOB 0.3722 : L 6 : T 9.3 sec
 - d_sub 2200 : OOB 0.3695 : L 7 : T 10.2 sec
 - d_sub 2200 : OOB 0.3622 : L 8 : T 10.7 sec
 - d_sub 2200 : OOB 0.3590 : L 9 : T 11.3 sec
 - d_sub 2200 : OOB 0.3474 : L 10 : T 11.8 sec
 - d_sub 2200 : OOB 0.3500 : L 11 : T 12.3 sec
 - d_sub 2200 : OOB 0.3465 : L 12 : T 13.4 sec
 - d_sub 2200 : OOB 0.3481 : L 13 : T 13.9 sec
 - d_sub 2200 : OOB 0.3405 : L 14 : T 14.5 sec
 - d_sub 2200 : OOB 0.3393 : L 15 : T 15.3 sec
 - d_sub 2200 : OOB 0.3374 : L 16 : T 16.0 sec
 - d_sub 2200 : OOB 0.3354 : L 17 : T 16.8 sec
 - d_sub 2200 : OOB 0.3366 : L 18 : T 17.5 sec
 - d_sub 2200 : OOB 0.3386 : L 19 : T 18.0 sec
 - d_sub 2200 : OOB 0.3371 : L 20 : T 18.6 sec
 - d_sub 2200 : OOB 0.3347 : L 21 : T 19.1 sec
 - d_sub 2200 : OOB 0.3318 : L 22 : T 19.6 sec
 - d_sub 2200 : OOB 0.3305 : L 23 : T 20.2 sec
 - d_sub 2200 : OOB 0.3311 : L 24 : T 21.1 sec
 - d_sub 2200 : OOB 0.3307 : L 25 : T 21.8 sec
 - d_sub 2200 : OOB 0.3289 : L 26 : T 22.8 sec
 - d_sub 2200 : OOB 0.3288 : L 27 : T 23.3 sec
 - d_sub 2200 : OOB 0.3289 : L 28 : T 23.9 sec
 - d_sub 2200 : OOB 0.3253 : L 29 : T 24.4 sec
 - d_sub 2200 : OOB 0.3267 : L 30 : T 24.9 sec
 - d_sub 2200 : OOB 0.3274 : L 31 : T 25.8 sec
 - d_sub 2200 : OOB 0.3276 : L 32 : T 26.3 sec
 - d_sub 2200 : OOB 0.3265 : L 33 : T 26.8 sec
 - d_sub 2200 : OOB 0.3227 : L 34 : T 27.6 sec
 - d_sub 2200 : OOB 0.3239 : L 35 : T 28.7 sec
 - d_sub 2200 : OOB 0.3245 : L 36 : T 29.3 sec
 - d_sub 2200 : OOB 0.3239 : L 37 : T 29.8 sec
 - d_sub 2200 : OOB 0.3227 : L 38 : T 30.5 sec
 - d_sub 2200 : OOB 0.3240 : L 39 : T 31.4 sec
 - d_sub 2200 : OOB 0.3218 : L 40 : T 31.9 sec
 - d_sub 2200 : OOB 0.3219 : L 41 : T 33.3 sec
 - d_sub 2200 : OOB 0.3201 : L 42 : T 33.9 sec
 - d_sub 2200 : OOB 0.3184 : L 43 : T 34.4 sec
 - d_sub 2200 : OOB 0.3175 : L 44 : T 35.0 sec
 - d_sub 2200 : OOB 0.3195 : L 45 : T 35.5 sec
 - d_sub 2200 : OOB 0.3207 : L 46 : T 36.1 sec
 - d_sub 2200 : OOB 0.3184 : L 47 : T 36.6 sec
 - d_sub 2200 : OOB 0.3169 : L 48 : T 37.1 sec
 - d_sub 2200 : OOB 0.3146 : L 49 : T 37.9 sec
 - d_sub 2200 : OOB 0.3192 : L 50 : T 38.4 sec
 - d_sub 2200 : OOB 0.3183 : L 51 : T 38.9 sec
 - d_sub 2200 : OOB 0.3189 : L 52 : T 39.4 sec
 - d_sub 2200 : OOB 0.3178 : L 53 : T 39.9 sec
 - d_sub 2200 : OOB 0.3198 : L 54 : T 40.7 sec
 - d_sub 2200 : OOB 0.3182 : L 55 : T 41.5 sec
 - d_sub 2200 : OOB 0.3176 : L 56 : T 42.0 sec
 - d_sub 2200 : OOB 0.3176 : L 57 : T 42.8 sec
 - d_sub 2200 : OOB 0.3175 : L 58 : T 43.3 sec
 - d_sub 2200 : OOB 0.3172 : L 59 : T 43.8 sec
 - d_sub 2200 : OOB 0.3172 : L 60 : T 44.3 sec
 - d_sub 2200 : OOB 0.3179 : L 61 : T 45.0 sec
 - d_sub 2200 : OOB 0.3163 : L 62 : T 45.9 sec
 - d_sub 2200 : OOB 0.3204 : L 63 : T 47.0 sec
 - d_sub 2200 : OOB 0.3186 : L 64 : T 47.7 sec
 - d_sub 2200 : OOB 0.3185 : L 65 : T 48.3 sec
 - d_sub 2200 : OOB 0.3153 : L 66 : T 48.8 sec
 - d_sub 2200 : OOB 0.3162 : L 67 : T 49.3 sec
 - d_sub 2200 : OOB 0.3167 : L 68 : T 50.0 sec
 - d_sub 2200 : OOB 0.3167 : L 69 : T 50.5 sec
 - d_sub 2200 : OOB 0.3158 : L 70 : T 51.1 sec
 - d_sub 2200 : OOB 0.3159 : L 71 : T 51.6 sec
 - d_sub 2200 : OOB 0.3153 : L 72 : T 52.1 sec
 - d_sub 2200 : OOB 0.3157 : L 73 : T 54.4 sec
 - d_sub 2200 : OOB 0.3144 : L 74 : T 55.0 sec
 - d_sub 2200 : OOB 0.3148 : L 75 : T 55.6 sec
 - d_sub 2200 : OOB 0.3133 : L 76 : T 56.2 sec
 - d_sub 2200 : OOB 0.3149 : L 77 : T 56.7 sec
 - d_sub 2200 : OOB 0.3132 : L 78 : T 57.4 sec
 - d_sub 2200 : OOB 0.3142 : L 79 : T 58.0 sec
 - d_sub 2200 : OOB 0.3124 : L 80 : T 58.6 sec
 - d_sub 2200 : OOB 0.3147 : L 81 : T 59.1 sec
 - d_sub 2200 : OOB 0.3117 : L 82 : T 59.9 sec
 - d_sub 2200 : OOB 0.3117 : L 83 : T 60.4 sec
 - d_sub 2200 : OOB 0.3138 : L 84 : T 61.0 sec
 - d_sub 2200 : OOB 0.3120 : L 85 : T 61.5 sec
 - d_sub 2200 : OOB 0.3122 : L 86 : T 62.1 sec
 - d_sub 2200 : OOB 0.3126 : L 87 : T 62.7 sec
 - d_sub 2200 : OOB 0.3121 : L 88 : T 63.4 sec
 - d_sub 2200 : OOB 0.3119 : L 89 : T 64.3 sec
 - d_sub 2200 : OOB 0.3113 : L 90 : T 65.0 sec
 - d_sub 2200 : OOB 0.3124 : L 91 : T 65.6 sec
 - d_sub 2200 : OOB 0.3124 : L 92 : T 66.4 sec
 - d_sub 2200 : OOB 0.3124 : L 93 : T 67.0 sec
 - d_sub 2200 : OOB 0.3125 : L 94 : T 67.5 sec
 - d_sub 2200 : OOB 0.3131 : L 95 : T 68.1 sec
 - d_sub 2200 : OOB 0.3136 : L 96 : T 68.7 sec
 - d_sub 2200 : OOB 0.3132 : L 97 : T 69.3 sec
 - d_sub 2200 : OOB 0.3139 : L 98 : T 70.0 sec
 - d_sub 2200 : OOB 0.3139 : L 99 : T 70.7 sec
 - d_sub 2200 : OOB 0.3146 : L 100 : T 71.3 sec
 - d_sub 2200 : OOB 0.3143 : L 101 : T 71.9 sec
 - d_sub 2200 : OOB 0.3134 : L 102 : T 72.6 sec
 - d_sub 2200 : OOB 0.3135 : L 103 : T 73.1 sec
 - d_sub 2200 : OOB 0.3153 : L 104 : T 73.7 sec
 - d_sub 2200 : OOB 0.3134 : L 105 : T 74.3 sec
 - d_sub 2200 : OOB 0.3135 : L 106 : T 75.1 sec
 - d_sub 2200 : OOB 0.3134 : L 107 : T 75.6 sec
 - d_sub 2200 : OOB 0.3136 : L 108 : T 76.2 sec
 - d_sub 2200 : OOB 0.3120 : L 109 : T 77.0 sec
 - d_sub 2200 : OOB 0.3131 : L 110 : T 77.5 sec
 - d_sub 2200 : OOB 0.3127 : L 111 : T 78.0 sec
 - d_sub 2200 : OOB 0.3113 : L 112 : T 78.6 sec
 - d_sub 2200 : OOB 0.3125 : L 113 : T 79.1 sec
 - d_sub 2200 : OOB 0.3117 : L 114 : T 80.3 sec
# -------------------------
optimal d_sub 1800 : OOB 0.3086 : L 106 : T 845.9 sec
Testing error: 0.3212
# -------------------------
# Ensemble classification
#  - Training samples: 10000 (5000/5000)
#  - Feature-space dimensionality: 18157
#  - L : automatic (min 25, max 500, length 50, eps 0.00500)
#  - d_sub : 300
#  - Seed 1 (subspaces) : 579328172
#  - Seed 2 (bootstrap) : 29369468
# -------------------------

 - d_sub 300 : OOB 0.4568 : L 1 : T 0.0 sec
 - d_sub 300 : OOB 0.4247 : L 2 : T 0.1 sec
 - d_sub 300 : OOB 0.4120 : L 3 : T 0.1 sec
 - d_sub 300 : OOB 0.4009 : L 4 : T 0.2 sec
 - d_sub 300 : OOB 0.3882 : L 5 : T 0.2 sec
 - d_sub 300 : OOB 0.3853 : L 6 : T 0.3 sec
 - d_sub 300 : OOB 0.3780 : L 7 : T 0.3 sec
 - d_sub 300 : OOB 0.3757 : L 8 : T 0.3 sec
 - d_sub 300 : OOB 0.3747 : L 9 : T 0.4 sec
 - d_sub 300 : OOB 0.3743 : L 10 : T 0.4 sec
 - d_sub 300 : OOB 0.3722 : L 11 : T 0.5 sec
 - d_sub 300 : OOB 0.3688 : L 12 : T 0.5 sec
 - d_sub 300 : OOB 0.3660 : L 13 : T 0.6 sec
 - d_sub 300 : OOB 0.3652 : L 14 : T 0.6 sec
 - d_sub 300 : OOB 0.3657 : L 15 : T 0.6 sec
 - d_sub 300 : OOB 0.3668 : L 16 : T 0.7 sec
 - d_sub 300 : OOB 0.3644 : L 17 : T 0.7 sec
 - d_sub 300 : OOB 0.3637 : L 18 : T 0.8 sec
 - d_sub 300 : OOB 0.3634 : L 19 : T 0.8 sec
 - d_sub 300 : OOB 0.3619 : L 20 : T 0.8 sec
 - d_sub 300 : OOB 0.3612 : L 21 : T 0.9 sec
 - d_sub 300 : OOB 0.3628 : L 22 : T 0.9 sec
 - d_sub 300 : OOB 0.3614 : L 23 : T 1.0 sec
 - d_sub 300 : OOB 0.3636 : L 24 : T 1.0 sec
 - d_sub 300 : OOB 0.3630 : L 25 : T 1.1 sec
 - d_sub 300 : OOB 0.3599 : L 26 : T 1.1 sec
 - d_sub 300 : OOB 0.3609 : L 27 : T 1.2 sec
 - d_sub 300 : OOB 0.3597 : L 28 : T 1.2 sec
 - d_sub 300 : OOB 0.3599 : L 29 : T 1.2 sec
 - d_sub 300 : OOB 0.3591 : L 30 : T 1.3 sec
 - d_sub 300 : OOB 0.3604 : L 31 : T 1.3 sec
 - d_sub 300 : OOB 0.3568 : L 32 : T 1.4 sec
 - d_sub 300 : OOB 0.3591 : L 33 : T 1.4 sec
 - d_sub 300 : OOB 0.3596 : L 34 : T 1.5 sec
 - d_sub 300 : OOB 0.3572 : L 35 : T 1.5 sec
 - d_sub 300 : OOB 0.3582 : L 36 : T 1.5 sec
 - d_sub 300 : OOB 0.3584 : L 37 : T 1.6 sec
 - d_sub 300 : OOB 0.3584 : L 38 : T 1.6 sec
 - d_sub 300 : OOB 0.3550 : L 39 : T 1.7 sec
 - d_sub 300 : OOB 0.3564 : L 40 : T 1.7 sec
 - d_sub 300 : OOB 0.3573 : L 41 : T 1.8 sec
 - d_sub 300 : OOB 0.3582 : L 42 : T 1.8 sec
 - d_sub 300 : OOB 0.3569 : L 43 : T 1.8 sec
 - d_sub 300 : OOB 0.3566 : L 44 : T 1.9 sec
 - d_sub 300 : OOB 0.3573 : L 45 : T 1.9 sec
 - d_sub 300 : OOB 0.3570 : L 46 : T 2.0 sec
 - d_sub 300 : OOB 0.3553 : L 47 : T 2.0 sec
 - d_sub 300 : OOB 0.3552 : L 48 : T 2.1 sec
 - d_sub 300 : OOB 0.3538 : L 49 : T 2.1 sec
 - d_sub 300 : OOB 0.3544 : L 50 : T 2.1 sec
 - d_sub 300 : OOB 0.3554 : L 51 : T 2.2 sec
 - d_sub 300 : OOB 0.3534 : L 52 : T 2.2 sec
 - d_sub 300 : OOB 0.3543 : L 53 : T 2.3 sec
 - d_sub 300 : OOB 0.3543 : L 54 : T 2.3 sec
 - d_sub 300 : OOB 0.3542 : L 55 : T 2.4 sec
 - d_sub 300 : OOB 0.3542 : L 56 : T 2.4 sec
 - d_sub 300 : OOB 0.3552 : L 57 : T 2.4 sec
 - d_sub 300 : OOB 0.3556 : L 58 : T 2.5 sec
 - d_sub 300 : OOB 0.3546 : L 59 : T 2.5 sec
 - d_sub 300 : OOB 0.3517 : L 60 : T 2.6 sec
 - d_sub 300 : OOB 0.3541 : L 61 : T 2.6 sec
 - d_sub 300 : OOB 0.3546 : L 62 : T 2.7 sec
 - d_sub 300 : OOB 0.3529 : L 63 : T 2.7 sec
 - d_sub 300 : OOB 0.3526 : L 64 : T 2.7 sec
 - d_sub 300 : OOB 0.3560 : L 65 : T 2.8 sec
 - d_sub 300 : OOB 0.3543 : L 66 : T 2.8 sec
 - d_sub 300 : OOB 0.3538 : L 67 : T 2.9 sec
 - d_sub 300 : OOB 0.3538 : L 68 : T 2.9 sec
 - d_sub 300 : OOB 0.3552 : L 69 : T 3.0 sec
 - d_sub 300 : OOB 0.3552 : L 70 : T 3.0 sec
 - d_sub 300 : OOB 0.3560 : L 71 : T 3.0 sec
 - d_sub 300 : OOB 0.3548 : L 72 : T 3.1 sec
 - d_sub 300 : OOB 0.3551 : L 73 : T 3.1 sec
 - d_sub 300 : OOB 0.3566 : L 74 : T 3.2 sec
 - d_sub 300 : OOB 0.3564 : L 75 : T 3.2 sec
 - d_sub 300 : OOB 0.3559 : L 76 : T 3.3 sec
 - d_sub 300 : OOB 0.3558 : L 77 : T 3.3 sec
 - d_sub 300 : OOB 0.3562 : L 78 : T 3.3 sec
 - d_sub 300 : OOB 0.3550 : L 79 : T 3.4 sec
 - d_sub 300 : OOB 0.3549 : L 80 : T 3.4 sec
 - d_sub 300 : OOB 0.3542 : L 81 : T 3.5 sec
 - d_sub 300 : OOB 0.3538 : L 82 : T 3.5 sec
 - d_sub 300 : OOB 0.3540 : L 83 : T 3.5 sec
 - d_sub 300 : OOB 0.3540 : L 84 : T 3.6 sec
# -------------------------
optimal d_sub 300 : OOB 0.3540 : L 84 : T 3.6 sec
# -------------------------
# Ensemble classification
#  - Training samples: 10000 (5000/5000)
#  - Feature-space dimensionality: 18157
#  - L : 30
#  - d_sub : 300
#  - Seed 1 (subspaces) : 271900381
#  - Seed 2 (bootstrap) : 731812553
# -------------------------

 - d_sub 300 : OOB 0.4533 : L 1 : T 0.0 sec
 - d_sub 300 : OOB 0.4250 : L 2 : T 0.1 sec
 - d_sub 300 : OOB 0.4117 : L 3 : T 0.1 sec
 - d_sub 300 : OOB 0.4002 : L 4 : T 0.2 sec
 - d_sub 300 : OOB 0.3874 : L 5 : T 0.2 sec
 - d_sub 300 : OOB 0.3872 : L 6 : T 0.3 sec
 - d_sub 300 : OOB 0.3792 : L 7 : T 0.3 sec
 - d_sub 300 : OOB 0.3748 : L 8 : T 0.3 sec
 - d_sub 300 : OOB 0.3746 : L 9 : T 0.4 sec
 - d_sub 300 : OOB 0.3757 : L 10 : T 0.4 sec
 - d_sub 300 : OOB 0.3708 : L 11 : T 0.5 sec
 - d_sub 300 : OOB 0.3698 : L 12 : T 0.5 sec
 - d_sub 300 : OOB 0.3680 : L 13 : T 0.6 sec
 - d_sub 300 : OOB 0.3684 : L 14 : T 0.6 sec
 - d_sub 300 : OOB 0.3674 : L 15 : T 0.6 sec
 - d_sub 300 : OOB 0.3661 : L 16 : T 0.7 sec
 - d_sub 300 : OOB 0.3644 : L 17 : T 0.7 sec
 - d_sub 300 : OOB 0.3667 : L 18 : T 0.8 sec
 - d_sub 300 : OOB 0.3638 : L 19 : T 0.8 sec
 - d_sub 300 : OOB 0.3658 : L 20 : T 0.8 sec
 - d_sub 300 : OOB 0.3647 : L 21 : T 0.9 sec
 - d_sub 300 : OOB 0.3649 : L 22 : T 0.9 sec
 - d_sub 300 : OOB 0.3632 : L 23 : T 1.0 sec
 - d_sub 300 : OOB 0.3624 : L 24 : T 1.0 sec
 - d_sub 300 : OOB 0.3622 : L 25 : T 1.1 sec
 - d_sub 300 : OOB 0.3601 : L 26 : T 1.1 sec
 - d_sub 300 : OOB 0.3596 : L 27 : T 1.2 sec
 - d_sub 300 : OOB 0.3565 : L 28 : T 1.2 sec
 - d_sub 300 : OOB 0.3576 : L 29 : T 1.2 sec
 - d_sub 300 : OOB 0.3584 : L 30 : T 1.3 sec
# -------------------------
optimal d_sub 300 : OOB 0.3584 : L 30 : T 1.3 sec
# -------------------------
# Ensemble classification
#  - Training samples: 10000 (5000/5000)
#  - Feature-space dimensionality: 18157
#  - L : 30
#  - d_sub : 300
#  - Seed 1 (subspaces) : 757444906
#  - Seed 2 (bootstrap) : 125588508
# -------------------------

 - d_sub 300 : OOB 0.4571 : L 1 : T 0.0 sec
 - d_sub 300 : OOB 0.4292 : L 2 : T 0.1 sec
 - d_sub 300 : OOB 0.4133 : L 3 : T 0.1 sec
 - d_sub 300 : OOB 0.4056 : L 4 : T 0.2 sec
 - d_sub 300 : OOB 0.3943 : L 5 : T 0.2 sec
 - d_sub 300 : OOB 0.3928 : L 6 : T 0.3 sec
 - d_sub 300 : OOB 0.3847 : L 7 : T 0.3 sec
 - d_sub 300 : OOB 0.3829 : L 8 : T 0.3 sec
 - d_sub 300 : OOB 0.3787 : L 9 : T 0.4 sec
 - d_sub 300 : OOB 0.3805 : L 10 : T 0.4 sec
 - d_sub 300 : OOB 0.3727 : L 11 : T 0.5 sec
 - d_sub 300 : OOB 0.3717 : L 12 : T 0.5 sec
 - d_sub 300 : OOB 0.3726 : L 13 : T 0.5 sec
 - d_sub 300 : OOB 0.3698 : L 14 : T 0.6 sec
 - d_sub 300 : OOB 0.3725 : L 15 : T 0.6 sec
 - d_sub 300 : OOB 0.3673 : L 16 : T 0.7 sec
 - d_sub 300 : OOB 0.3663 : L 17 : T 0.7 sec
 - d_sub 300 : OOB 0.3667 : L 18 : T 0.8 sec
 - d_sub 300 : OOB 0.3661 : L 19 : T 0.8 sec
 - d_sub 300 : OOB 0.3652 : L 20 : T 0.8 sec
 - d_sub 300 : OOB 0.3641 : L 21 : T 0.9 sec
 - d_sub 300 : OOB 0.3627 : L 22 : T 0.9 sec
 - d_sub 300 : OOB 0.3614 : L 23 : T 1.0 sec
 - d_sub 300 : OOB 0.3609 : L 24 : T 1.0 sec
 - d_sub 300 : OOB 0.3606 : L 25 : T 1.1 sec
 - d_sub 300 : OOB 0.3603 : L 26 : T 1.1 sec
 - d_sub 300 : OOB 0.3631 : L 27 : T 1.1 sec
 - d_sub 300 : OOB 0.3609 : L 28 : T 1.2 sec
 - d_sub 300 : OOB 0.3602 : L 29 : T 1.2 sec
 - d_sub 300 : OOB 0.3582 : L 30 : T 1.3 sec
# -------------------------
optimal d_sub 300 : OOB 0.3582 : L 30 : T 1.3 sec
# -------------------------
# Ensemble classification
#  - Training samples: 10000 (5000/5000)
#  - Feature-space dimensionality: 18157
#  - L : 30
#  - d_sub : 300
#  - Seed 1 (subspaces) : 316650086
#  - Seed 2 (bootstrap) : 7667731
# -------------------------

 - d_sub 300 : OOB 0.4562 : L 1 : T 0.0 sec
 - d_sub 300 : OOB 0.4301 : L 2 : T 0.1 sec
 - d_sub 300 : OOB 0.4173 : L 3 : T 0.1 sec
 - d_sub 300 : OOB 0.4059 : L 4 : T 0.2 sec
 - d_sub 300 : OOB 0.3975 : L 5 : T 0.2 sec
 - d_sub 300 : OOB 0.3962 : L 6 : T 0.3 sec
 - d_sub 300 : OOB 0.3869 : L 7 : T 0.3 sec
 - d_sub 300 : OOB 0.3834 : L 8 : T 0.3 sec
 - d_sub 300 : OOB 0.3792 : L 9 : T 0.4 sec
 - d_sub 300 : OOB 0.3769 : L 10 : T 0.4 sec
 - d_sub 300 : OOB 0.3718 : L 11 : T 0.5 sec
 - d_sub 300 : OOB 0.3711 : L 12 : T 0.5 sec
 - d_sub 300 : OOB 0.3710 : L 13 : T 0.6 sec
 - d_sub 300 : OOB 0.3687 : L 14 : T 0.6 sec
 - d_sub 300 : OOB 0.3687 : L 15 : T 0.6 sec
 - d_sub 300 : OOB 0.3665 : L 16 : T 0.7 sec
 - d_sub 300 : OOB 0.3671 : L 17 : T 0.7 sec
 - d_sub 300 : OOB 0.3675 : L 18 : T 0.8 sec
 - d_sub 300 : OOB 0.3676 : L 19 : T 0.8 sec
 - d_sub 300 : OOB 0.3666 : L 20 : T 0.9 sec
 - d_sub 300 : OOB 0.3662 : L 21 : T 0.9 sec
 - d_sub 300 : OOB 0.3645 : L 22 : T 0.9 sec
 - d_sub 300 : OOB 0.3651 : L 23 : T 1.0 sec
 - d_sub 300 : OOB 0.3643 : L 24 : T 1.0 sec
 - d_sub 300 : OOB 0.3624 : L 25 : T 1.1 sec
 - d_sub 300 : OOB 0.3630 : L 26 : T 1.1 sec
 - d_sub 300 : OOB 0.3615 : L 27 : T 1.2 sec
 - d_sub 300 : OOB 0.3600 : L 28 : T 1.2 sec
 - d_sub 300 : OOB 0.3592 : L 29 : T 1.2 sec
 - d_sub 300 : OOB 0.3612 : L 30 : T 1.3 sec
# -------------------------
optimal d_sub 300 : OOB 0.3612 : L 30 : T 1.3 sec
# -------------------------
# Ensemble classification
#  - Training samples: 10000 (5000/5000)
#  - Feature-space dimensionality: 18157
#  - L : 30
#  - d_sub : 300
#  - Seed 1 (subspaces) : 863124559
#  - Seed 2 (bootstrap) : 720518155
# -------------------------

 - d_sub 300 : OOB 0.4529 : L 1 : T 0.0 sec
 - d_sub 300 : OOB 0.4272 : L 2 : T 0.1 sec
 - d_sub 300 : OOB 0.4114 : L 3 : T 0.1 sec
 - d_sub 300 : OOB 0.4021 : L 4 : T 0.2 sec
 - d_sub 300 : OOB 0.3929 : L 5 : T 0.2 sec
 - d_sub 300 : OOB 0.3895 : L 6 : T 0.3 sec
 - d_sub 300 : OOB 0.3820 : L 7 : T 0.3 sec
 - d_sub 300 : OOB 0.3773 : L 8 : T 0.3 sec
 - d_sub 300 : OOB 0.3723 : L 9 : T 0.4 sec
 - d_sub 300 : OOB 0.3738 : L 10 : T 0.4 sec
 - d_sub 300 : OOB 0.3710 : L 11 : T 0.5 sec
 - d_sub 300 : OOB 0.3684 : L 12 : T 0.5 sec
 - d_sub 300 : OOB 0.3723 : L 13 : T 0.5 sec
 - d_sub 300 : OOB 0.3678 : L 14 : T 0.6 sec
 - d_sub 300 : OOB 0.3692 : L 15 : T 0.6 sec
 - d_sub 300 : OOB 0.3663 : L 16 : T 0.7 sec
 - d_sub 300 : OOB 0.3668 : L 17 : T 0.7 sec
 - d_sub 300 : OOB 0.3676 : L 18 : T 0.8 sec
 - d_sub 300 : OOB 0.3680 : L 19 : T 0.8 sec
 - d_sub 300 : OOB 0.3668 : L 20 : T 0.8 sec
 - d_sub 300 : OOB 0.3637 : L 21 : T 0.9 sec
 - d_sub 300 : OOB 0.3624 : L 22 : T 0.9 sec
 - d_sub 300 : OOB 0.3607 : L 23 : T 1.0 sec
 - d_sub 300 : OOB 0.3621 : L 24 : T 1.0 sec
 - d_sub 300 : OOB 0.3638 : L 25 : T 1.1 sec
 - d_sub 300 : OOB 0.3627 : L 26 : T 1.1 sec
 - d_sub 300 : OOB 0.3632 : L 27 : T 1.1 sec
 - d_sub 300 : OOB 0.3611 : L 28 : T 1.2 sec
 - d_sub 300 : OOB 0.3610 : L 29 : T 1.2 sec
 - d_sub 300 : OOB 0.3597 : L 30 : T 1.3 sec
# -------------------------
optimal d_sub 300 : OOB 0.3597 : L 30 : T 1.3 sec
# -------------------------
# Ensemble classification
#  - Training samples: 10000 (5000/5000)
#  - Feature-space dimensionality: 18157
#  - L : 30
#  - d_sub : 300
#  - Seed 1 (subspaces) : 814504147
#  - Seed 2 (bootstrap) : 896277649
# -------------------------

 - d_sub 300 : OOB 0.4564 : L 1 : T 0.0 sec
 - d_sub 300 : OOB 0.4286 : L 2 : T 0.1 sec
 - d_sub 300 : OOB 0.4127 : L 3 : T 0.1 sec
 - d_sub 300 : OOB 0.4058 : L 4 : T 0.2 sec
 - d_sub 300 : OOB 0.3943 : L 5 : T 0.2 sec
 - d_sub 300 : OOB 0.3942 : L 6 : T 0.3 sec
 - d_sub 300 : OOB 0.3854 : L 7 : T 0.3 sec
 - d_sub 300 : OOB 0.3840 : L 8 : T 0.4 sec
 - d_sub 300 : OOB 0.3800 : L 9 : T 0.4 sec
 - d_sub 300 : OOB 0.3800 : L 10 : T 0.4 sec
 - d_sub 300 : OOB 0.3745 : L 11 : T 0.5 sec
 - d_sub 300 : OOB 0.3731 : L 12 : T 0.5 sec
 - d_sub 300 : OOB 0.3722 : L 13 : T 0.6 sec
 - d_sub 300 : OOB 0.3681 : L 14 : T 0.6 sec
 - d_sub 300 : OOB 0.3682 : L 15 : T 0.6 sec
 - d_sub 300 : OOB 0.3645 : L 16 : T 0.7 sec
 - d_sub 300 : OOB 0.3649 : L 17 : T 0.7 sec
 - d_sub 300 : OOB 0.3657 : L 18 : T 0.8 sec
 - d_sub 300 : OOB 0.3649 : L 19 : T 0.8 sec
 - d_sub 300 : OOB 0.3649 : L 20 : T 0.9 sec
 - d_sub 300 : OOB 0.3628 : L 21 : T 0.9 sec
 - d_sub 300 : OOB 0.3614 : L 22 : T 0.9 sec
 - d_sub 300 : OOB 0.3601 : L 23 : T 1.0 sec
 - d_sub 300 : OOB 0.3608 : L 24 : T 1.0 sec
 - d_sub 300 : OOB 0.3599 : L 25 : T 1.1 sec
 - d_sub 300 : OOB 0.3609 : L 26 : T 1.1 sec
 - d_sub 300 : OOB 0.3593 : L 27 : T 1.2 sec
 - d_sub 300 : OOB 0.3604 : L 28 : T 1.2 sec
 - d_sub 300 : OOB 0.3603 : L 29 : T 1.3 sec
 - d_sub 300 : OOB 0.3580 : L 30 : T 1.3 sec
# -------------------------
optimal d_sub 300 : OOB 0.3580 : L 30 : T 1.3 sec
# -------------------------
# Ensemble classification
#  - Training samples: 10000 (5000/5000)
#  - Feature-space dimensionality: 18157
#  - L : 30
#  - d_sub : 300
#  - Seed 1 (subspaces) : 544564784
#  - Seed 2 (bootstrap) : 536697688
# -------------------------

 - d_sub 300 : OOB 0.4532 : L 1 : T 0.0 sec
 - d_sub 300 : OOB 0.4254 : L 2 : T 0.1 sec
 - d_sub 300 : OOB 0.4108 : L 3 : T 0.1 sec
 - d_sub 300 : OOB 0.4045 : L 4 : T 0.2 sec
 - d_sub 300 : OOB 0.3921 : L 5 : T 0.2 sec
 - d_sub 300 : OOB 0.3892 : L 6 : T 0.3 sec
 - d_sub 300 : OOB 0.3815 : L 7 : T 0.3 sec
 - d_sub 300 : OOB 0.3748 : L 8 : T 0.3 sec
 - d_sub 300 : OOB 0.3745 : L 9 : T 0.4 sec
 - d_sub 300 : OOB 0.3744 : L 10 : T 0.4 sec
 - d_sub 300 : OOB 0.3699 : L 11 : T 0.5 sec
 - d_sub 300 : OOB 0.3697 : L 12 : T 0.5 sec
 - d_sub 300 : OOB 0.3703 : L 13 : T 0.6 sec
 - d_sub 300 : OOB 0.3673 : L 14 : T 0.6 sec
 - d_sub 300 : OOB 0.3685 : L 15 : T 0.6 sec
 - d_sub 300 : OOB 0.3663 : L 16 : T 0.7 sec
 - d_sub 300 : OOB 0.3671 : L 17 : T 0.7 sec
 - d_sub 300 : OOB 0.3661 : L 18 : T 0.8 sec
 - d_sub 300 : OOB 0.3662 : L 19 : T 0.8 sec
 - d_sub 300 : OOB 0.3661 : L 20 : T 0.9 sec
 - d_sub 300 : OOB 0.3662 : L 21 : T 0.9 sec
 - d_sub 300 : OOB 0.3657 : L 22 : T 0.9 sec
 - d_sub 300 : OOB 0.3636 : L 23 : T 1.0 sec
 - d_sub 300 : OOB 0.3649 : L 24 : T 1.0 sec
 - d_sub 300 : OOB 0.3673 : L 25 : T 1.1 sec
 - d_sub 300 : OOB 0.3663 : L 26 : T 1.1 sec
 - d_sub 300 : OOB 0.3627 : L 27 : T 1.1 sec
 - d_sub 300 : OOB 0.3634 : L 28 : T 1.2 sec
 - d_sub 300 : OOB 0.3628 : L 29 : T 1.2 sec
 - d_sub 300 : OOB 0.3625 : L 30 : T 1.3 sec
# -------------------------
optimal d_sub 300 : OOB 0.3625 : L 30 : T 1.3 sec
# -------------------------
# Ensemble classification
#  - Training samples: 10000 (5000/5000)
#  - Feature-space dimensionality: 18157
#  - L : 30
#  - d_sub : 300
#  - Seed 1 (subspaces) : 800486711
#  - Seed 2 (bootstrap) : 735478398
# -------------------------

 - d_sub 300 : OOB 0.4548 : L 1 : T 0.0 sec
 - d_sub 300 : OOB 0.4230 : L 2 : T 0.1 sec
 - d_sub 300 : OOB 0.4111 : L 3 : T 0.1 sec
 - d_sub 300 : OOB 0.3993 : L 4 : T 0.2 sec
 - d_sub 300 : OOB 0.3878 : L 5 : T 0.2 sec
 - d_sub 300 : OOB 0.3871 : L 6 : T 0.2 sec
 - d_sub 300 : OOB 0.3750 : L 7 : T 0.3 sec
 - d_sub 300 : OOB 0.3729 : L 8 : T 0.3 sec
 - d_sub 300 : OOB 0.3740 : L 9 : T 0.4 sec
 - d_sub 300 : OOB 0.3725 : L 10 : T 0.4 sec
 - d_sub 300 : OOB 0.3705 : L 11 : T 0.5 sec
 - d_sub 300 : OOB 0.3692 : L 12 : T 0.5 sec
 - d_sub 300 : OOB 0.3657 : L 13 : T 0.6 sec
 - d_sub 300 : OOB 0.3644 : L 14 : T 0.6 sec
 - d_sub 300 : OOB 0.3655 : L 15 : T 0.6 sec
 - d_sub 300 : OOB 0.3650 : L 16 : T 0.7 sec
 - d_sub 300 : OOB 0.3641 : L 17 : T 0.7 sec
 - d_sub 300 : OOB 0.3627 : L 18 : T 0.8 sec
 - d_sub 300 : OOB 0.3601 : L 19 : T 0.8 sec
 - d_sub 300 : OOB 0.3617 : L 20 : T 0.9 sec
 - d_sub 300 : OOB 0.3586 : L 21 : T 0.9 sec
 - d_sub 300 : OOB 0.3611 : L 22 : T 0.9 sec
 - d_sub 300 : OOB 0.3609 : L 23 : T 1.0 sec
 - d_sub 300 : OOB 0.3615 : L 24 : T 1.0 sec
 - d_sub 300 : OOB 0.3599 : L 25 : T 1.1 sec
 - d_sub 300 : OOB 0.3573 : L 26 : T 1.1 sec
 - d_sub 300 : OOB 0.3584 : L 27 : T 1.2 sec
 - d_sub 300 : OOB 0.3576 : L 28 : T 1.2 sec
 - d_sub 300 : OOB 0.3573 : L 29 : T 1.2 sec
 - d_sub 300 : OOB 0.3573 : L 30 : T 1.3 sec
# -------------------------
optimal d_sub 300 : OOB 0.3573 : L 30 : T 1.3 sec
# -------------------------
# Ensemble classification
#  - Training samples: 10000 (5000/5000)
#  - Feature-space dimensionality: 18157
#  - L : 30
#  - d_sub : 300
#  - Seed 1 (subspaces) : 698801470
#  - Seed 2 (bootstrap) : 313994294
# -------------------------

 - d_sub 300 : OOB 0.4545 : L 1 : T 0.0 sec
 - d_sub 300 : OOB 0.4254 : L 2 : T 0.1 sec
 - d_sub 300 : OOB 0.4084 : L 3 : T 0.1 sec
 - d_sub 300 : OOB 0.4008 : L 4 : T 0.2 sec
 - d_sub 300 : OOB 0.3919 : L 5 : T 0.2 sec
 - d_sub 300 : OOB 0.3908 : L 6 : T 0.3 sec
 - d_sub 300 : OOB 0.3828 : L 7 : T 0.3 sec
 - d_sub 300 : OOB 0.3777 : L 8 : T 0.4 sec
 - d_sub 300 : OOB 0.3752 : L 9 : T 0.4 sec
 - d_sub 300 : OOB 0.3751 : L 10 : T 0.4 sec
 - d_sub 300 : OOB 0.3738 : L 11 : T 0.5 sec
 - d_sub 300 : OOB 0.3711 : L 12 : T 0.5 sec
 - d_sub 300 : OOB 0.3680 : L 13 : T 0.6 sec
 - d_sub 300 : OOB 0.3659 : L 14 : T 0.6 sec
 - d_sub 300 : OOB 0.3672 : L 15 : T 0.7 sec
 - d_sub 300 : OOB 0.3676 : L 16 : T 0.7 sec
 - d_sub 300 : OOB 0.3650 : L 17 : T 0.7 sec
 - d_sub 300 : OOB 0.3657 : L 18 : T 0.8 sec
 - d_sub 300 : OOB 0.3652 : L 19 : T 0.8 sec
 - d_sub 300 : OOB 0.3623 : L 20 : T 0.9 sec
 - d_sub 300 : OOB 0.3628 : L 21 : T 0.9 sec
 - d_sub 300 : OOB 0.3632 : L 22 : T 1.0 sec
 - d_sub 300 : OOB 0.3634 : L 23 : T 1.0 sec
 - d_sub 300 : OOB 0.3658 : L 24 : T 1.0 sec
 - d_sub 300 : OOB 0.3635 : L 25 : T 1.1 sec
 - d_sub 300 : OOB 0.3606 : L 26 : T 1.1 sec
 - d_sub 300 : OOB 0.3613 : L 27 : T 1.2 sec
 - d_sub 300 : OOB 0.3613 : L 28 : T 1.2 sec
 - d_sub 300 : OOB 0.3613 : L 29 : T 1.3 sec
 - d_sub 300 : OOB 0.3613 : L 30 : T 1.3 sec
# -------------------------
optimal d_sub 300 : OOB 0.3613 : L 30 : T 1.3 sec
# -------------------------
# Ensemble classification
#  - Training samples: 10000 (5000/5000)
#  - Feature-space dimensionality: 18157
#  - L : 30
#  - d_sub : 300
#  - Seed 1 (subspaces) : 587214189
#  - Seed 2 (bootstrap) : 206166188
# -------------------------

 - d_sub 300 : OOB 0.4570 : L 1 : T 0.0 sec
 - d_sub 300 : OOB 0.4326 : L 2 : T 0.1 sec
 - d_sub 300 : OOB 0.4177 : L 3 : T 0.1 sec
 - d_sub 300 : OOB 0.4074 : L 4 : T 0.2 sec
 - d_sub 300 : OOB 0.3979 : L 5 : T 0.2 sec
 - d_sub 300 : OOB 0.3942 : L 6 : T 0.3 sec
 - d_sub 300 : OOB 0.3848 : L 7 : T 0.3 sec
 - d_sub 300 : OOB 0.3795 : L 8 : T 0.4 sec
 - d_sub 300 : OOB 0.3793 : L 9 : T 0.4 sec
 - d_sub 300 : OOB 0.3779 : L 10 : T 0.4 sec
 - d_sub 300 : OOB 0.3710 : L 11 : T 0.5 sec
 - d_sub 300 : OOB 0.3744 : L 12 : T 0.5 sec
 - d_sub 300 : OOB 0.3744 : L 13 : T 0.6 sec
 - d_sub 300 : OOB 0.3686 : L 14 : T 0.6 sec
 - d_sub 300 : OOB 0.3734 : L 15 : T 0.7 sec
 - d_sub 300 : OOB 0.3699 : L 16 : T 0.7 sec
 - d_sub 300 : OOB 0.3694 : L 17 : T 0.8 sec
 - d_sub 300 : OOB 0.3701 : L 18 : T 0.8 sec
 - d_sub 300 : OOB 0.3687 : L 19 : T 0.8 sec
 - d_sub 300 : OOB 0.3665 : L 20 : T 0.9 sec
 - d_sub 300 : OOB 0.3677 : L 21 : T 0.9 sec
 - d_sub 300 : OOB 0.3662 : L 22 : T 1.0 sec
 - d_sub 300 : OOB 0.3653 : L 23 : T 1.0 sec
 - d_sub 300 : OOB 0.3651 : L 24 : T 1.1 sec
 - d_sub 300 : OOB 0.3662 : L 25 : T 1.1 sec
 - d_sub 300 : OOB 0.3661 : L 26 : T 1.1 sec
 - d_sub 300 : OOB 0.3622 : L 27 : T 1.2 sec
 - d_sub 300 : OOB 0.3634 : L 28 : T 1.2 sec
 - d_sub 300 : OOB 0.3641 : L 29 : T 1.3 sec
 - d_sub 300 : OOB 0.3644 : L 30 : T 1.3 sec
# -------------------------
optimal d_sub 300 : OOB 0.3644 : L 30 : T 1.3 sec
# -------------------------
# Ensemble classification
#  - Training samples: 10000 (5000/5000)
#  - Feature-space dimensionality: 18157
#  - L : 30
#  - d_sub : 300
#  - Seed 1 (subspaces) : 546081770
#  - Seed 2 (bootstrap) : 905446132
# -------------------------

 - d_sub 300 : OOB 0.4562 : L 1 : T 0.0 sec
 - d_sub 300 : OOB 0.4254 : L 2 : T 0.1 sec
 - d_sub 300 : OOB 0.4174 : L 3 : T 0.1 sec
 - d_sub 300 : OOB 0.4049 : L 4 : T 0.2 sec
 - d_sub 300 : OOB 0.3904 : L 5 : T 0.2 sec
 - d_sub 300 : OOB 0.3909 : L 6 : T 0.3 sec
 - d_sub 300 : OOB 0.3815 : L 7 : T 0.3 sec
 - d_sub 300 : OOB 0.3768 : L 8 : T 0.3 sec
 - d_sub 300 : OOB 0.3732 : L 9 : T 0.4 sec
 - d_sub 300 : OOB 0.3715 : L 10 : T 0.4 sec
 - d_sub 300 : OOB 0.3713 : L 11 : T 0.5 sec
 - d_sub 300 : OOB 0.3679 : L 12 : T 0.5 sec
 - d_sub 300 : OOB 0.3682 : L 13 : T 0.6 sec
 - d_sub 300 : OOB 0.3659 : L 14 : T 0.6 sec
 - d_sub 300 : OOB 0.3665 : L 15 : T 0.6 sec
 - d_sub 300 : OOB 0.3622 : L 16 : T 0.7 sec
 - d_sub 300 : OOB 0.3635 : L 17 : T 0.7 sec
 - d_sub 300 : OOB 0.3659 : L 18 : T 0.8 sec
 - d_sub 300 : OOB 0.3638 : L 19 : T 0.8 sec
 - d_sub 300 : OOB 0.3632 : L 20 : T 0.9 sec
 - d_sub 300 : OOB 0.3615 : L 21 : T 0.9 sec
 - d_sub 300 : OOB 0.3621 : L 22 : T 0.9 sec
 - d_sub 300 : OOB 0.3591 : L 23 : T 1.0 sec
 - d_sub 300 : OOB 0.3594 : L 24 : T 1.0 sec
 - d_sub 300 : OOB 0.3623 : L 25 : T 1.1 sec
 - d_sub 300 : OOB 0.3599 : L 26 : T 1.1 sec
 - d_sub 300 : OOB 0.3592 : L 27 : T 1.2 sec
 - d_sub 300 : OOB 0.3600 : L 28 : T 1.2 sec
 - d_sub 300 : OOB 0.3600 : L 29 : T 1.2 sec
 - d_sub 300 : OOB 0.3604 : L 30 : T 1.3 sec
# -------------------------
optimal d_sub 300 : OOB 0.3604 : L 30 : T 1.3 sec
# -------------------------
# Ensemble classification
#  - Training samples: 10000 (5000/5000)
#  - Feature-space dimensionality: 18157
#  - L : 30
#  - d_sub : 300
#  - Seed 1 (subspaces) : 321178513
#  - Seed 2 (bootstrap) : 414811265
# -------------------------

 - d_sub 300 : OOB 0.4514 : L 1 : T 0.0 sec
 - d_sub 300 : OOB 0.4214 : L 2 : T 0.1 sec
 - d_sub 300 : OOB 0.4140 : L 3 : T 0.1 sec
 - d_sub 300 : OOB 0.4063 : L 4 : T 0.2 sec
 - d_sub 300 : OOB 0.3929 : L 5 : T 0.2 sec
 - d_sub 300 : OOB 0.3916 : L 6 : T 0.3 sec
 - d_sub 300 : OOB 0.3838 : L 7 : T 0.3 sec
 - d_sub 300 : OOB 0.3770 : L 8 : T 0.3 sec
 - d_sub 300 : OOB 0.3735 : L 9 : T 0.4 sec
 - d_sub 300 : OOB 0.3753 : L 10 : T 0.4 sec
 - d_sub 300 : OOB 0.3736 : L 11 : T 0.5 sec
 - d_sub 300 : OOB 0.3740 : L 12 : T 0.5 sec
 - d_sub 300 : OOB 0.3726 : L 13 : T 0.6 sec
 - d_sub 300 : OOB 0.3714 : L 14 : T 0.6 sec
 - d_sub 300 : OOB 0.3709 : L 15 : T 0.6 sec
 - d_sub 300 : OOB 0.3714 : L 16 : T 0.7 sec
 - d_sub 300 : OOB 0.3675 : L 17 : T 0.7 sec
 - d_sub 300 : OOB 0.3681 : L 18 : T 0.8 sec
 - d_sub 300 : OOB 0.3665 : L 19 : T 0.8 sec
 - d_sub 300 : OOB 0.3669 : L 20 : T 0.9 sec
 - d_sub 300 : OOB 0.3675 : L 21 : T 0.9 sec
 - d_sub 300 : OOB 0.3667 : L 22 : T 0.9 sec
 - d_sub 300 : OOB 0.3653 : L 23 : T 1.0 sec
 - d_sub 300 : OOB 0.3653 : L 24 : T 1.0 sec
 - d_sub 300 : OOB 0.3636 : L 25 : T 1.1 sec
 - d_sub 300 : OOB 0.3661 : L 26 : T 1.1 sec
 - d_sub 300 : OOB 0.3632 : L 27 : T 1.2 sec
 - d_sub 300 : OOB 0.3634 : L 28 : T 1.2 sec
 - d_sub 300 : OOB 0.3602 : L 29 : T 1.3 sec
 - d_sub 300 : OOB 0.3607 : L 30 : T 1.3 sec
# -------------------------
optimal d_sub 300 : OOB 0.3607 : L 30 : T 1.3 sec
# -------------------------
Average OOB error = 0.36037 (+/- 0.00218)
# -------------------------
# Ensemble classification
#  - Training samples: 10000 (5000/5000)
#  - Feature-space dimensionality: 18157
#  - L : 30
#  - d_sub : 300
#  - Seed 1 (subspaces) : 5
#  - Seed 2 (bootstrap) : 73
# -------------------------

 - d_sub 300 : OOB 0.4499 : L 1 : T 0.0 sec
 - d_sub 300 : OOB 0.4303 : L 2 : T 0.1 sec
 - d_sub 300 : OOB 0.4192 : L 3 : T 0.1 sec
 - d_sub 300 : OOB 0.4079 : L 4 : T 0.2 sec
 - d_sub 300 : OOB 0.3934 : L 5 : T 0.2 sec
 - d_sub 300 : OOB 0.3924 : L 6 : T 0.3 sec
 - d_sub 300 : OOB 0.3847 : L 7 : T 0.3 sec
 - d_sub 300 : OOB 0.3797 : L 8 : T 0.3 sec
 - d_sub 300 : OOB 0.3758 : L 9 : T 0.4 sec
 - d_sub 300 : OOB 0.3764 : L 10 : T 0.4 sec
 - d_sub 300 : OOB 0.3727 : L 11 : T 0.5 sec
 - d_sub 300 : OOB 0.3715 : L 12 : T 0.5 sec
 - d_sub 300 : OOB 0.3736 : L 13 : T 0.5 sec
 - d_sub 300 : OOB 0.3698 : L 14 : T 0.6 sec
 - d_sub 300 : OOB 0.3705 : L 15 : T 0.6 sec
 - d_sub 300 : OOB 0.3667 : L 16 : T 0.7 sec
 - d_sub 300 : OOB 0.3674 : L 17 : T 0.7 sec
 - d_sub 300 : OOB 0.3677 : L 18 : T 0.8 sec
 - d_sub 300 : OOB 0.3658 : L 19 : T 0.8 sec
 - d_sub 300 : OOB 0.3641 : L 20 : T 0.8 sec
 - d_sub 300 : OOB 0.3666 : L 21 : T 0.9 sec
 - d_sub 300 : OOB 0.3648 : L 22 : T 0.9 sec
 - d_sub 300 : OOB 0.3647 : L 23 : T 1.0 sec
 - d_sub 300 : OOB 0.3642 : L 24 : T 1.0 sec
 - d_sub 300 : OOB 0.3632 : L 25 : T 1.1 sec
 - d_sub 300 : OOB 0.3640 : L 26 : T 1.1 sec
 - d_sub 300 : OOB 0.3621 : L 27 : T 1.2 sec
 - d_sub 300 : OOB 0.3620 : L 28 : T 1.2 sec
 - d_sub 300 : OOB 0.3611 : L 29 : T 1.2 sec
 - d_sub 300 : OOB 0.3624 : L 30 : T 1.3 sec
# -------------------------
optimal d_sub 300 : OOB 0.3624 : L 30 : T 1.3 sec
OOB error = 0.3644
optimal d_sub 300 : OOB 0.3617 : L 30 : T 1.3 sec
optimal d_sub 300 : OOB 0.3538 : L 72 : T 10.4 sec
Testing error 1: 0.3587
optimal d_sub 300 : OOB 0.3574 : L 100 : T 22.7 sec
Testing error 2: 0.3540
optimal d_sub 300 : OOB 0.3577 : L 72 : T 3.1 sec
Testing error 3: 0.3566
optimal d_sub 300 : OOB 0.3577 : L 92 : T 26.5 sec
Testing error 4: 0.3596
optimal d_sub 300 : OOB 0.3579 : L 109 : T 5.2 sec
Testing error 5: 0.3551
optimal d_sub 300 : OOB 0.3602 : L 72 : T 3.6 sec
Testing error 6: 0.3565
optimal d_sub 300 : OOB 0.3608 : L 92 : T 3.9 sec
Testing error 7: 0.3542
optimal d_sub 300 : OOB 0.3590 : L 82 : T 3.2 sec
Testing error 8: 0.3556
optimal d_sub 300 : OOB 0.3634 : L 71 : T 2.7 sec
Testing error 9: 0.3559
optimal d_sub 300 : OOB 0.3581 : L 90 : T 3.5 sec
Testing error 10: 0.3533
---
Average testing error over 10 splits: 0.3559 (+/- 0.0020)
