# -------------------------
# Ensemble classification
#  - Training samples: 10000 (5000/5000)
#  - Feature-space dimensionality: 22563
#  - L : automatic (min 25, max 500, length 50, eps 0.00500)
#  - d_sub : automatic (Eoob tolerance 0.0200, step 200)
#  - Seed 1 (subspaces) : 858694021
#  - Seed 2 (bootstrap) : 741700303
# -------------------------

 - d_sub 200 : OOB 0.4400 : L 1 : T 0.0 sec
 - d_sub 200 : OOB 0.4311 : L 2 : T 0.1 sec
 - d_sub 200 : OOB 0.4116 : L 3 : T 0.1 sec
 - d_sub 200 : OOB 0.4154 : L 4 : T 0.2 sec
 - d_sub 200 : OOB 0.4126 : L 5 : T 0.2 sec
 - d_sub 200 : OOB 0.3846 : L 6 : T 0.2 sec
 - d_sub 200 : OOB 0.3887 : L 7 : T 0.3 sec
 - d_sub 200 : OOB 0.3702 : L 8 : T 0.3 sec
 - d_sub 200 : OOB 0.3586 : L 9 : T 0.3 sec
 - d_sub 200 : OOB 0.3518 : L 10 : T 0.4 sec
 - d_sub 200 : OOB 0.3535 : L 11 : T 0.4 sec
 - d_sub 200 : OOB 0.3498 : L 12 : T 0.5 sec
 - d_sub 200 : OOB 0.3484 : L 13 : T 0.5 sec
 - d_sub 200 : OOB 0.3471 : L 14 : T 0.6 sec
 - d_sub 200 : OOB 0.3454 : L 15 : T 0.6 sec
 - d_sub 200 : OOB 0.3454 : L 16 : T 0.6 sec
 - d_sub 200 : OOB 0.3448 : L 17 : T 0.7 sec
 - d_sub 200 : OOB 0.3471 : L 18 : T 0.7 sec
 - d_sub 200 : OOB 0.3392 : L 19 : T 0.7 sec
 - d_sub 200 : OOB 0.3436 : L 20 : T 0.8 sec
 - d_sub 200 : OOB 0.3411 : L 21 : T 0.8 sec
 - d_sub 200 : OOB 0.3404 : L 22 : T 0.9 sec
 - d_sub 200 : OOB 0.3349 : L 23 : T 0.9 sec
 - d_sub 200 : OOB 0.3361 : L 24 : T 0.9 sec
 - d_sub 200 : OOB 0.3374 : L 25 : T 1.0 sec
 - d_sub 200 : OOB 0.3324 : L 26 : T 1.0 sec
 - d_sub 200 : OOB 0.3377 : L 27 : T 1.1 sec
 - d_sub 200 : OOB 0.3360 : L 28 : T 1.1 sec
 - d_sub 200 : OOB 0.3362 : L 29 : T 1.2 sec
 - d_sub 200 : OOB 0.3319 : L 30 : T 1.2 sec
 - d_sub 200 : OOB 0.3299 : L 31 : T 1.2 sec
 - d_sub 200 : OOB 0.3301 : L 32 : T 1.3 sec
 - d_sub 200 : OOB 0.3250 : L 33 : T 1.3 sec
 - d_sub 200 : OOB 0.3230 : L 34 : T 1.4 sec
 - d_sub 200 : OOB 0.3246 : L 35 : T 1.4 sec
 - d_sub 200 : OOB 0.3222 : L 36 : T 1.4 sec
 - d_sub 200 : OOB 0.3203 : L 37 : T 1.5 sec
 - d_sub 200 : OOB 0.3206 : L 38 : T 1.5 sec
 - d_sub 200 : OOB 0.3204 : L 39 : T 1.5 sec
 - d_sub 200 : OOB 0.3186 : L 40 : T 1.6 sec
 - d_sub 200 : OOB 0.3204 : L 41 : T 1.6 sec
 - d_sub 200 : OOB 0.3203 : L 42 : T 1.7 sec
 - d_sub 200 : OOB 0.3211 : L 43 : T 1.7 sec
 - d_sub 200 : OOB 0.3185 : L 44 : T 1.7 sec
 - d_sub 200 : OOB 0.3190 : L 45 : T 1.8 sec
 - d_sub 200 : OOB 0.3177 : L 46 : T 1.8 sec
 - d_sub 200 : OOB 0.3181 : L 47 : T 1.8 sec
 - d_sub 200 : OOB 0.3199 : L 48 : T 1.9 sec
 - d_sub 200 : OOB 0.3210 : L 49 : T 1.9 sec
 - d_sub 200 : OOB 0.3170 : L 50 : T 1.9 sec
 - d_sub 200 : OOB 0.3221 : L 51 : T 2.0 sec
 - d_sub 200 : OOB 0.3176 : L 52 : T 2.0 sec
 - d_sub 200 : OOB 0.3198 : L 53 : T 2.0 sec
 - d_sub 200 : OOB 0.3187 : L 54 : T 2.1 sec
 - d_sub 200 : OOB 0.3192 : L 55 : T 2.1 sec
 - d_sub 200 : OOB 0.3188 : L 56 : T 2.1 sec
 - d_sub 200 : OOB 0.3179 : L 57 : T 2.2 sec
 - d_sub 200 : OOB 0.3194 : L 58 : T 2.2 sec
 - d_sub 200 : OOB 0.3147 : L 59 : T 2.3 sec
 - d_sub 200 : OOB 0.3131 : L 60 : T 2.3 sec
 - d_sub 200 : OOB 0.3137 : L 61 : T 2.3 sec
 - d_sub 200 : OOB 0.3148 : L 62 : T 2.4 sec
 - d_sub 200 : OOB 0.3156 : L 63 : T 2.4 sec
 - d_sub 200 : OOB 0.3136 : L 64 : T 2.4 sec
 - d_sub 200 : OOB 0.3139 : L 65 : T 2.5 sec
 - d_sub 200 : OOB 0.3164 : L 66 : T 2.5 sec
 - d_sub 200 : OOB 0.3152 : L 67 : T 2.6 sec
 - d_sub 200 : OOB 0.3149 : L 68 : T 2.6 sec
 - d_sub 200 : OOB 0.3158 : L 69 : T 2.6 sec
 - d_sub 200 : OOB 0.3142 : L 70 : T 2.7 sec
 - d_sub 200 : OOB 0.3159 : L 71 : T 2.7 sec
 - d_sub 200 : OOB 0.3145 : L 72 : T 2.7 sec
 - d_sub 200 : OOB 0.3134 : L 73 : T 2.8 sec
 - d_sub 200 : OOB 0.3183 : L 74 : T 2.8 sec
 - d_sub 200 : OOB 0.3169 : L 75 : T 2.9 sec
 - d_sub 200 : OOB 0.3172 : L 76 : T 2.9 sec
 - d_sub 200 : OOB 0.3156 : L 77 : T 2.9 sec
 - d_sub 200 : OOB 0.3177 : L 78 : T 3.0 sec
 - d_sub 200 : OOB 0.3182 : L 79 : T 3.0 sec
 - d_sub 200 : OOB 0.3192 : L 80 : T 3.0 sec
 - d_sub 200 : OOB 0.3173 : L 81 : T 3.1 sec
 - d_sub 200 : OOB 0.3161 : L 82 : T 3.1 sec
 - d_sub 200 : OOB 0.3181 : L 83 : T 3.1 sec
 - d_sub 200 : OOB 0.3161 : L 84 : T 3.2 sec
 - d_sub 200 : OOB 0.3163 : L 85 : T 3.2 sec
 - d_sub 200 : OOB 0.3134 : L 86 : T 3.3 sec
 - d_sub 200 : OOB 0.3157 : L 87 : T 3.3 sec
 - d_sub 200 : OOB 0.3157 : L 88 : T 3.3 sec
 - d_sub 200 : OOB 0.3166 : L 89 : T 3.4 sec
 - d_sub 200 : OOB 0.3188 : L 90 : T 3.4 sec
 - d_sub 200 : OOB 0.3146 : L 91 : T 3.4 sec
 - d_sub 200 : OOB 0.3139 : L 92 : T 3.5 sec
 - d_sub 200 : OOB 0.3145 : L 93 : T 3.5 sec
 - d_sub 200 : OOB 0.3171 : L 94 : T 3.5 sec
 - d_sub 200 : OOB 0.3137 : L 95 : T 3.6 sec
 - d_sub 200 : OOB 0.3145 : L 96 : T 3.6 sec
 - d_sub 200 : OOB 0.3130 : L 97 : T 3.7 sec
 - d_sub 200 : OOB 0.3133 : L 98 : T 3.7 sec
 - d_sub 200 : OOB 0.3147 : L 99 : T 3.7 sec
 - d_sub 200 : OOB 0.3119 : L 100 : T 3.8 sec
 - d_sub 200 : OOB 0.3123 : L 101 : T 3.8 sec
 - d_sub 200 : OOB 0.3119 : L 102 : T 3.8 sec
 - d_sub 200 : OOB 0.3095 : L 103 : T 3.9 sec
 - d_sub 200 : OOB 0.3101 : L 104 : T 3.9 sec
 - d_sub 200 : OOB 0.3096 : L 105 : T 4.0 sec
 - d_sub 200 : OOB 0.3109 : L 106 : T 4.0 sec
 - d_sub 200 : OOB 0.3107 : L 107 : T 4.0 sec
 - d_sub 200 : OOB 0.3100 : L 108 : T 4.1 sec
 - d_sub 200 : OOB 0.3088 : L 109 : T 4.1 sec
 - d_sub 200 : OOB 0.3102 : L 110 : T 4.1 sec
 - d_sub 200 : OOB 0.3097 : L 111 : T 4.2 sec
 - d_sub 200 : OOB 0.3085 : L 112 : T 4.2 sec
 - d_sub 200 : OOB 0.3086 : L 113 : T 4.2 sec
 - d_sub 200 : OOB 0.3122 : L 114 : T 4.3 sec
 - d_sub 200 : OOB 0.3112 : L 115 : T 4.3 sec
 - d_sub 200 : OOB 0.3089 : L 116 : T 4.4 sec
 - d_sub 200 : OOB 0.3084 : L 117 : T 4.4 sec
 - d_sub 200 : OOB 0.3079 : L 118 : T 4.4 sec
 - d_sub 200 : OOB 0.3075 : L 119 : T 4.5 sec
 - d_sub 200 : OOB 0.3060 : L 120 : T 4.5 sec
 - d_sub 200 : OOB 0.3078 : L 121 : T 4.5 sec
 - d_sub 200 : OOB 0.3065 : L 122 : T 4.6 sec
 - d_sub 200 : OOB 0.3081 : L 123 : T 4.6 sec
 - d_sub 200 : OOB 0.3067 : L 124 : T 4.6 sec
 - d_sub 200 : OOB 0.3069 : L 125 : T 4.7 sec
 - d_sub 200 : OOB 0.3069 : L 126 : T 4.7 sec
 - d_sub 200 : OOB 0.3099 : L 127 : T 4.8 sec
 - d_sub 200 : OOB 0.3091 : L 128 : T 4.8 sec
 - d_sub 200 : OOB 0.3078 : L 129 : T 4.8 sec
 - d_sub 200 : OOB 0.3077 : L 130 : T 4.9 sec
 - d_sub 200 : OOB 0.3087 : L 131 : T 4.9 sec
 - d_sub 200 : OOB 0.3086 : L 132 : T 4.9 sec
 - d_sub 200 : OOB 0.3090 : L 133 : T 5.0 sec
 - d_sub 200 : OOB 0.3078 : L 134 : T 5.0 sec
 - d_sub 200 : OOB 0.3084 : L 135 : T 5.0 sec
 - d_sub 200 : OOB 0.3091 : L 136 : T 5.1 sec
 - d_sub 200 : OOB 0.3069 : L 137 : T 5.1 sec
 - d_sub 200 : OOB 0.3081 : L 138 : T 5.1 sec
 - d_sub 200 : OOB 0.3071 : L 139 : T 5.2 sec
 - d_sub 200 : OOB 0.3079 : L 140 : T 5.2 sec
 - d_sub 200 : OOB 0.3075 : L 141 : T 5.3 sec
 - d_sub 200 : OOB 0.3075 : L 142 : T 5.3 sec
 - d_sub 200 : OOB 0.3070 : L 143 : T 5.3 sec
 - d_sub 200 : OOB 0.3078 : L 144 : T 5.4 sec
 - d_sub 200 : OOB 0.3072 : L 145 : T 5.4 sec
 - d_sub 200 : OOB 0.3062 : L 146 : T 5.4 sec
 - d_sub 200 : OOB 0.3065 : L 147 : T 5.5 sec
 - d_sub 200 : OOB 0.3079 : L 148 : T 5.5 sec
 - d_sub 200 : OOB 0.3075 : L 149 : T 5.6 sec

 - d_sub 400 : OOB 0.4330 : L 1 : T 0.1 sec
 - d_sub 400 : OOB 0.4237 : L 2 : T 0.1 sec
 - d_sub 400 : OOB 0.3925 : L 3 : T 0.2 sec
 - d_sub 400 : OOB 0.3976 : L 4 : T 0.3 sec
 - d_sub 400 : OOB 0.3943 : L 5 : T 0.4 sec
 - d_sub 400 : OOB 0.3889 : L 6 : T 0.4 sec
 - d_sub 400 : OOB 0.3933 : L 7 : T 0.5 sec
 - d_sub 400 : OOB 0.3894 : L 8 : T 1.7 sec
 - d_sub 400 : OOB 0.3906 : L 9 : T 1.8 sec
 - d_sub 400 : OOB 0.3645 : L 10 : T 1.8 sec
 - d_sub 400 : OOB 0.3506 : L 11 : T 1.9 sec
 - d_sub 400 : OOB 0.3456 : L 12 : T 2.0 sec
 - d_sub 400 : OOB 0.3314 : L 13 : T 2.1 sec
 - d_sub 400 : OOB 0.3342 : L 14 : T 2.1 sec
 - d_sub 400 : OOB 0.3395 : L 15 : T 3.6 sec
 - d_sub 400 : OOB 0.3267 : L 16 : T 3.7 sec
 - d_sub 400 : OOB 0.3188 : L 17 : T 3.7 sec
 - d_sub 400 : OOB 0.3159 : L 18 : T 3.8 sec
 - d_sub 400 : OOB 0.3217 : L 19 : T 3.9 sec
 - d_sub 400 : OOB 0.3113 : L 20 : T 4.0 sec
 - d_sub 400 : OOB 0.3189 : L 21 : T 4.0 sec
 - d_sub 400 : OOB 0.3128 : L 22 : T 4.1 sec
 - d_sub 400 : OOB 0.3109 : L 23 : T 4.2 sec
 - d_sub 400 : OOB 0.3049 : L 24 : T 4.3 sec
 - d_sub 400 : OOB 0.3057 : L 25 : T 4.3 sec
 - d_sub 400 : OOB 0.3032 : L 26 : T 4.4 sec
 - d_sub 400 : OOB 0.3024 : L 27 : T 5.5 sec
 - d_sub 400 : OOB 0.2988 : L 28 : T 5.5 sec
 - d_sub 400 : OOB 0.3001 : L 29 : T 5.6 sec
 - d_sub 400 : OOB 0.2973 : L 30 : T 5.7 sec
 - d_sub 400 : OOB 0.2964 : L 31 : T 5.8 sec
 - d_sub 400 : OOB 0.2958 : L 32 : T 5.8 sec
 - d_sub 400 : OOB 0.2955 : L 33 : T 5.9 sec
 - d_sub 400 : OOB 0.2958 : L 34 : T 6.0 sec
 - d_sub 400 : OOB 0.2947 : L 35 : T 6.0 sec
 - d_sub 400 : OOB 0.2927 : L 36 : T 6.1 sec
 - d_sub 400 : OOB 0.2922 : L 37 : T 6.2 sec
 - d_sub 400 : OOB 0.2899 : L 38 : T 6.3 sec
 - d_sub 400 : OOB 0.2915 : L 39 : T 6.3 sec
 - d_sub 400 : OOB 0.2881 : L 40 : T 6.4 sec
 - d_sub 400 : OOB 0.2926 : L 41 : T 6.5 sec
 - d_sub 400 : OOB 0.2902 : L 42 : T 6.6 sec
 - d_sub 400 : OOB 0.2913 : L 43 : T 6.6 sec
 - d_sub 400 : OOB 0.2894 : L 44 : T 6.7 sec
 - d_sub 400 : OOB 0.2892 : L 45 : T 6.8 sec
 - d_sub 400 : OOB 0.2890 : L 46 : T 6.9 sec
 - d_sub 400 : OOB 0.2909 : L 47 : T 6.9 sec
 - d_sub 400 : OOB 0.2905 : L 48 : T 7.0 sec
 - d_sub 400 : OOB 0.2934 : L 49 : T 7.1 sec
 - d_sub 400 : OOB 0.2909 : L 50 : T 7.1 sec
 - d_sub 400 : OOB 0.2915 : L 51 : T 7.2 sec
 - d_sub 400 : OOB 0.2905 : L 52 : T 7.3 sec
 - d_sub 400 : OOB 0.2912 : L 53 : T 7.4 sec
 - d_sub 400 : OOB 0.2905 : L 54 : T 7.4 sec
 - d_sub 400 : OOB 0.2932 : L 55 : T 7.5 sec
 - d_sub 400 : OOB 0.2891 : L 56 : T 7.6 sec
 - d_sub 400 : OOB 0.2917 : L 57 : T 7.7 sec
 - d_sub 400 : OOB 0.2927 : L 58 : T 7.7 sec
 - d_sub 400 : OOB 0.2903 : L 59 : T 7.8 sec
 - d_sub 400 : OOB 0.2919 : L 60 : T 7.9 sec
 - d_sub 400 : OOB 0.2906 : L 61 : T 8.0 sec
 - d_sub 400 : OOB 0.2893 : L 62 : T 8.1 sec
 - d_sub 400 : OOB 0.2897 : L 63 : T 8.1 sec
 - d_sub 400 : OOB 0.2862 : L 64 : T 8.2 sec
 - d_sub 400 : OOB 0.2864 : L 65 : T 8.3 sec
 - d_sub 400 : OOB 0.2880 : L 66 : T 8.4 sec
 - d_sub 400 : OOB 0.2893 : L 67 : T 8.5 sec
 - d_sub 400 : OOB 0.2881 : L 68 : T 8.5 sec
 - d_sub 400 : OOB 0.2878 : L 69 : T 8.6 sec
 - d_sub 400 : OOB 0.2892 : L 70 : T 8.7 sec
 - d_sub 400 : OOB 0.2880 : L 71 : T 8.8 sec
 - d_sub 400 : OOB 0.2884 : L 72 : T 8.8 sec
 - d_sub 400 : OOB 0.2885 : L 73 : T 8.9 sec
 - d_sub 400 : OOB 0.2875 : L 74 : T 9.0 sec
 - d_sub 400 : OOB 0.2871 : L 75 : T 9.1 sec
 - d_sub 400 : OOB 0.2864 : L 76 : T 9.1 sec
 - d_sub 400 : OOB 0.2876 : L 77 : T 9.2 sec
 - d_sub 400 : OOB 0.2869 : L 78 : T 9.3 sec
 - d_sub 400 : OOB 0.2861 : L 79 : T 9.4 sec
 - d_sub 400 : OOB 0.2853 : L 80 : T 9.5 sec
 - d_sub 400 : OOB 0.2864 : L 81 : T 9.6 sec
 - d_sub 400 : OOB 0.2856 : L 82 : T 9.6 sec
 - d_sub 400 : OOB 0.2842 : L 83 : T 9.7 sec
 - d_sub 400 : OOB 0.2835 : L 84 : T 9.8 sec
 - d_sub 400 : OOB 0.2820 : L 85 : T 9.9 sec
 - d_sub 400 : OOB 0.2853 : L 86 : T 10.0 sec
 - d_sub 400 : OOB 0.2854 : L 87 : T 10.0 sec
 - d_sub 400 : OOB 0.2842 : L 88 : T 10.1 sec
 - d_sub 400 : OOB 0.2829 : L 89 : T 10.2 sec
 - d_sub 400 : OOB 0.2844 : L 90 : T 10.2 sec
 - d_sub 400 : OOB 0.2845 : L 91 : T 10.3 sec
 - d_sub 400 : OOB 0.2848 : L 92 : T 10.4 sec
 - d_sub 400 : OOB 0.2854 : L 93 : T 10.5 sec
 - d_sub 400 : OOB 0.2857 : L 94 : T 10.5 sec
 - d_sub 400 : OOB 0.2857 : L 95 : T 10.6 sec
 - d_sub 400 : OOB 0.2861 : L 96 : T 10.7 sec
 - d_sub 400 : OOB 0.2853 : L 97 : T 10.8 sec
 - d_sub 400 : OOB 0.2850 : L 98 : T 10.8 sec
 - d_sub 400 : OOB 0.2854 : L 99 : T 10.9 sec
 - d_sub 400 : OOB 0.2871 : L 100 : T 11.0 sec
 - d_sub 400 : OOB 0.2842 : L 101 : T 11.1 sec
 - d_sub 400 : OOB 0.2840 : L 102 : T 11.1 sec
 - d_sub 400 : OOB 0.2836 : L 103 : T 11.2 sec
 - d_sub 400 : OOB 0.2838 : L 104 : T 11.3 sec
 - d_sub 400 : OOB 0.2821 : L 105 : T 11.4 sec
 - d_sub 400 : OOB 0.2835 : L 106 : T 11.4 sec
 - d_sub 400 : OOB 0.2840 : L 107 : T 11.5 sec
 - d_sub 400 : OOB 0.2825 : L 108 : T 11.6 sec
 - d_sub 400 : OOB 0.2844 : L 109 : T 11.7 sec
 - d_sub 400 : OOB 0.2823 : L 110 : T 11.8 sec
 - d_sub 400 : OOB 0.2843 : L 111 : T 11.9 sec
 - d_sub 400 : OOB 0.2826 : L 112 : T 12.0 sec
 - d_sub 400 : OOB 0.2819 : L 113 : T 12.0 sec
 - d_sub 400 : OOB 0.2826 : L 114 : T 12.1 sec
 - d_sub 400 : OOB 0.2824 : L 115 : T 12.2 sec
 - d_sub 400 : OOB 0.2814 : L 116 : T 12.2 sec
 - d_sub 400 : OOB 0.2804 : L 117 : T 12.3 sec
 - d_sub 400 : OOB 0.2810 : L 118 : T 12.4 sec
 - d_sub 400 : OOB 0.2821 : L 119 : T 12.5 sec
 - d_sub 400 : OOB 0.2822 : L 120 : T 12.5 sec
 - d_sub 400 : OOB 0.2820 : L 121 : T 12.6 sec
 - d_sub 400 : OOB 0.2843 : L 122 : T 12.7 sec
 - d_sub 400 : OOB 0.2823 : L 123 : T 12.8 sec
 - d_sub 400 : OOB 0.2824 : L 124 : T 12.9 sec
 - d_sub 400 : OOB 0.2821 : L 125 : T 12.9 sec
 - d_sub 400 : OOB 0.2816 : L 126 : T 13.0 sec
 - d_sub 400 : OOB 0.2821 : L 127 : T 13.1 sec

 - d_sub 600 : OOB 0.5020 : L 1 : T 0.1 sec
 - d_sub 600 : OOB 0.4984 : L 2 : T 0.2 sec
 - d_sub 600 : OOB 0.4324 : L 3 : T 0.4 sec
 - d_sub 600 : OOB 0.3832 : L 4 : T 0.5 sec
 - d_sub 600 : OOB 0.3866 : L 5 : T 0.6 sec
 - d_sub 600 : OOB 0.3836 : L 6 : T 0.8 sec
 - d_sub 600 : OOB 0.3550 : L 7 : T 0.9 sec
 - d_sub 600 : OOB 0.3388 : L 8 : T 1.0 sec
 - d_sub 600 : OOB 0.3321 : L 9 : T 1.1 sec
 - d_sub 600 : OOB 0.3217 : L 10 : T 1.3 sec
 - d_sub 600 : OOB 0.3153 : L 11 : T 1.4 sec
 - d_sub 600 : OOB 0.3071 : L 12 : T 1.5 sec
 - d_sub 600 : OOB 0.3041 : L 13 : T 1.7 sec
 - d_sub 600 : OOB 0.3061 : L 14 : T 1.8 sec
 - d_sub 600 : OOB 0.3087 : L 15 : T 1.9 sec
 - d_sub 600 : OOB 0.3069 : L 16 : T 2.0 sec
 - d_sub 600 : OOB 0.3016 : L 17 : T 2.1 sec
 - d_sub 600 : OOB 0.3012 : L 18 : T 2.3 sec
 - d_sub 600 : OOB 0.2985 : L 19 : T 2.4 sec
 - d_sub 600 : OOB 0.2991 : L 20 : T 2.5 sec
 - d_sub 600 : OOB 0.2950 : L 21 : T 2.6 sec
 - d_sub 600 : OOB 0.2929 : L 22 : T 2.8 sec
 - d_sub 600 : OOB 0.2932 : L 23 : T 2.9 sec
 - d_sub 600 : OOB 0.2861 : L 24 : T 3.0 sec
 - d_sub 600 : OOB 0.2852 : L 25 : T 3.1 sec
 - d_sub 600 : OOB 0.2825 : L 26 : T 3.3 sec
 - d_sub 600 : OOB 0.2830 : L 27 : T 3.4 sec
 - d_sub 600 : OOB 0.2854 : L 28 : T 3.5 sec
 - d_sub 600 : OOB 0.2838 : L 29 : T 3.6 sec
 - d_sub 600 : OOB 0.2815 : L 30 : T 3.8 sec
 - d_sub 600 : OOB 0.2799 : L 31 : T 3.9 sec
 - d_sub 600 : OOB 0.2846 : L 32 : T 4.0 sec
 - d_sub 600 : OOB 0.2811 : L 33 : T 4.1 sec
 - d_sub 600 : OOB 0.2827 : L 34 : T 4.3 sec
 - d_sub 600 : OOB 0.2820 : L 35 : T 4.4 sec
 - d_sub 600 : OOB 0.2814 : L 36 : T 4.5 sec
 - d_sub 600 : OOB 0.2837 : L 37 : T 4.6 sec
 - d_sub 600 : OOB 0.2822 : L 38 : T 4.7 sec
 - d_sub 600 : OOB 0.2840 : L 39 : T 4.9 sec
 - d_sub 600 : OOB 0.2829 : L 40 : T 5.0 sec
 - d_sub 600 : OOB 0.2819 : L 41 : T 5.1 sec
 - d_sub 600 : OOB 0.2814 : L 42 : T 5.2 sec
 - d_sub 600 : OOB 0.2805 : L 43 : T 5.4 sec
 - d_sub 600 : OOB 0.2779 : L 44 : T 5.5 sec
 - d_sub 600 : OOB 0.2784 : L 45 : T 5.6 sec
 - d_sub 600 : OOB 0.2768 : L 46 : T 5.7 sec
 - d_sub 600 : OOB 0.2756 : L 47 : T 5.9 sec
 - d_sub 600 : OOB 0.2738 : L 48 : T 6.0 sec
 - d_sub 600 : OOB 0.2789 : L 49 : T 6.1 sec
 - d_sub 600 : OOB 0.2754 : L 50 : T 6.2 sec
 - d_sub 600 : OOB 0.2783 : L 51 : T 6.3 sec
 - d_sub 600 : OOB 0.2757 : L 52 : T 6.4 sec
 - d_sub 600 : OOB 0.2776 : L 53 : T 6.6 sec
 - d_sub 600 : OOB 0.2759 : L 54 : T 6.7 sec
 - d_sub 600 : OOB 0.2751 : L 55 : T 6.8 sec
 - d_sub 600 : OOB 0.2756 : L 56 : T 6.9 sec
 - d_sub 600 : OOB 0.2767 : L 57 : T 7.1 sec
 - d_sub 600 : OOB 0.2740 : L 58 : T 7.2 sec
 - d_sub 600 : OOB 0.2745 : L 59 : T 7.3 sec
 - d_sub 600 : OOB 0.2767 : L 60 : T 7.4 sec
 - d_sub 600 : OOB 0.2762 : L 61 : T 7.5 sec
 - d_sub 600 : OOB 0.2766 : L 62 : T 7.7 sec
 - d_sub 600 : OOB 0.2751 : L 63 : T 7.8 sec
 - d_sub 600 : OOB 0.2752 : L 64 : T 7.9 sec
 - d_sub 600 : OOB 0.2739 : L 65 : T 8.0 sec
 - d_sub 600 : OOB 0.2771 : L 66 : T 8.2 sec
 - d_sub 600 : OOB 0.2734 : L 67 : T 12.6 sec
 - d_sub 600 : OOB 0.2736 : L 68 : T 14.3 sec
 - d_sub 600 : OOB 0.2736 : L 69 : T 15.3 sec
 - d_sub 600 : OOB 0.2741 : L 70 : T 17.6 sec
 - d_sub 600 : OOB 0.2747 : L 71 : T 17.7 sec
 - d_sub 600 : OOB 0.2744 : L 72 : T 17.8 sec
 - d_sub 600 : OOB 0.2753 : L 73 : T 19.1 sec
 - d_sub 600 : OOB 0.2734 : L 74 : T 20.6 sec
 - d_sub 600 : OOB 0.2721 : L 75 : T 21.0 sec
 - d_sub 600 : OOB 0.2730 : L 76 : T 21.2 sec
 - d_sub 600 : OOB 0.2750 : L 77 : T 21.3 sec
 - d_sub 600 : OOB 0.2745 : L 78 : T 23.5 sec
 - d_sub 600 : OOB 0.2756 : L 79 : T 23.7 sec
 - d_sub 600 : OOB 0.2744 : L 80 : T 23.8 sec
 - d_sub 600 : OOB 0.2722 : L 81 : T 25.3 sec
 - d_sub 600 : OOB 0.2728 : L 82 : T 25.4 sec
 - d_sub 600 : OOB 0.2733 : L 83 : T 26.9 sec
 - d_sub 600 : OOB 0.2731 : L 84 : T 27.0 sec
 - d_sub 600 : OOB 0.2742 : L 85 : T 27.5 sec
 - d_sub 600 : OOB 0.2725 : L 86 : T 28.4 sec
 - d_sub 600 : OOB 0.2711 : L 87 : T 28.5 sec
 - d_sub 600 : OOB 0.2708 : L 88 : T 29.5 sec
 - d_sub 600 : OOB 0.2735 : L 89 : T 29.6 sec
 - d_sub 600 : OOB 0.2718 : L 90 : T 29.7 sec
 - d_sub 600 : OOB 0.2751 : L 91 : T 30.9 sec
 - d_sub 600 : OOB 0.2733 : L 92 : T 31.0 sec
 - d_sub 600 : OOB 0.2729 : L 93 : T 31.1 sec
 - d_sub 600 : OOB 0.2736 : L 94 : T 31.2 sec
 - d_sub 600 : OOB 0.2717 : L 95 : T 32.7 sec
 - d_sub 600 : OOB 0.2722 : L 96 : T 32.8 sec
 - d_sub 600 : OOB 0.2694 : L 97 : T 33.0 sec
 - d_sub 600 : OOB 0.2690 : L 98 : T 33.1 sec
 - d_sub 600 : OOB 0.2699 : L 99 : T 33.2 sec
 - d_sub 600 : OOB 0.2711 : L 100 : T 33.4 sec
 - d_sub 600 : OOB 0.2719 : L 101 : T 33.5 sec
 - d_sub 600 : OOB 0.2708 : L 102 : T 33.7 sec
 - d_sub 600 : OOB 0.2713 : L 103 : T 33.8 sec
 - d_sub 600 : OOB 0.2719 : L 104 : T 33.9 sec
 - d_sub 600 : OOB 0.2716 : L 105 : T 34.0 sec
 - d_sub 600 : OOB 0.2729 : L 106 : T 34.1 sec
 - d_sub 600 : OOB 0.2712 : L 107 : T 34.3 sec
 - d_sub 600 : OOB 0.2713 : L 108 : T 34.4 sec
 - d_sub 600 : OOB 0.2695 : L 109 : T 34.5 sec
 - d_sub 600 : OOB 0.2707 : L 110 : T 34.6 sec
 - d_sub 600 : OOB 0.2711 : L 111 : T 34.8 sec
 - d_sub 600 : OOB 0.2703 : L 112 : T 34.9 sec

 - d_sub 800 : OOB 0.4271 : L 1 : T 0.2 sec
 - d_sub 800 : OOB 0.4178 : L 2 : T 0.3 sec
 - d_sub 800 : OOB 0.4308 : L 3 : T 0.5 sec
 - d_sub 800 : OOB 0.3865 : L 4 : T 0.7 sec
 - d_sub 800 : OOB 0.3588 : L 5 : T 0.8 sec
 - d_sub 800 : OOB 0.3551 : L 6 : T 1.0 sec
 - d_sub 800 : OOB 0.3563 : L 7 : T 1.2 sec
 - d_sub 800 : OOB 0.3570 : L 8 : T 1.3 sec
 - d_sub 800 : OOB 0.3467 : L 9 : T 1.5 sec
 - d_sub 800 : OOB 0.3515 : L 10 : T 1.7 sec
 - d_sub 800 : OOB 0.3564 : L 11 : T 1.8 sec
 - d_sub 800 : OOB 0.3394 : L 12 : T 2.0 sec
 - d_sub 800 : OOB 0.3153 : L 13 : T 2.2 sec
 - d_sub 800 : OOB 0.3212 : L 14 : T 2.3 sec
 - d_sub 800 : OOB 0.3235 : L 15 : T 2.5 sec
 - d_sub 800 : OOB 0.3210 : L 16 : T 2.7 sec
 - d_sub 800 : OOB 0.3164 : L 17 : T 2.9 sec
 - d_sub 800 : OOB 0.3211 : L 18 : T 3.0 sec
 - d_sub 800 : OOB 0.3163 : L 19 : T 3.2 sec
 - d_sub 800 : OOB 0.3181 : L 20 : T 3.3 sec
 - d_sub 800 : OOB 0.3108 : L 21 : T 3.5 sec
 - d_sub 800 : OOB 0.3027 : L 22 : T 3.7 sec
 - d_sub 800 : OOB 0.2990 : L 23 : T 3.9 sec
 - d_sub 800 : OOB 0.2931 : L 24 : T 4.0 sec
 - d_sub 800 : OOB 0.2912 : L 25 : T 4.2 sec
 - d_sub 800 : OOB 0.2969 : L 26 : T 4.3 sec
 - d_sub 800 : OOB 0.2962 : L 27 : T 4.5 sec
 - d_sub 800 : OOB 0.2897 : L 28 : T 4.7 sec
 - d_sub 800 : OOB 0.2849 : L 29 : T 4.8 sec
 - d_sub 800 : OOB 0.2856 : L 30 : T 5.0 sec
 - d_sub 800 : OOB 0.2878 : L 31 : T 5.2 sec
 - d_sub 800 : OOB 0.2859 : L 32 : T 5.3 sec
 - d_sub 800 : OOB 0.2859 : L 33 : T 5.5 sec
 - d_sub 800 : OOB 0.2778 : L 34 : T 5.7 sec
 - d_sub 800 : OOB 0.2786 : L 35 : T 5.8 sec
 - d_sub 800 : OOB 0.2771 : L 36 : T 6.0 sec
 - d_sub 800 : OOB 0.2775 : L 37 : T 6.2 sec
 - d_sub 800 : OOB 0.2799 : L 38 : T 6.3 sec
 - d_sub 800 : OOB 0.2733 : L 39 : T 6.5 sec
 - d_sub 800 : OOB 0.2730 : L 40 : T 6.6 sec
 - d_sub 800 : OOB 0.2727 : L 41 : T 6.8 sec
 - d_sub 800 : OOB 0.2729 : L 42 : T 7.0 sec
 - d_sub 800 : OOB 0.2749 : L 43 : T 7.1 sec
 - d_sub 800 : OOB 0.2732 : L 44 : T 7.3 sec
 - d_sub 800 : OOB 0.2727 : L 45 : T 7.4 sec
 - d_sub 800 : OOB 0.2758 : L 46 : T 7.6 sec
 - d_sub 800 : OOB 0.2753 : L 47 : T 7.7 sec
 - d_sub 800 : OOB 0.2726 : L 48 : T 7.9 sec
 - d_sub 800 : OOB 0.2689 : L 49 : T 8.1 sec
 - d_sub 800 : OOB 0.2675 : L 50 : T 8.2 sec
 - d_sub 800 : OOB 0.2680 : L 51 : T 8.4 sec
 - d_sub 800 : OOB 0.2684 : L 52 : T 8.5 sec
 - d_sub 800 : OOB 0.2680 : L 53 : T 8.7 sec
 - d_sub 800 : OOB 0.2691 : L 54 : T 8.8 sec
 - d_sub 800 : OOB 0.2653 : L 55 : T 9.0 sec
 - d_sub 800 : OOB 0.2672 : L 56 : T 9.1 sec
 - d_sub 800 : OOB 0.2667 : L 57 : T 9.3 sec
 - d_sub 800 : OOB 0.2668 : L 58 : T 9.5 sec
 - d_sub 800 : OOB 0.2646 : L 59 : T 9.6 sec
 - d_sub 800 : OOB 0.2681 : L 60 : T 9.8 sec
 - d_sub 800 : OOB 0.2691 : L 61 : T 9.9 sec
 - d_sub 800 : OOB 0.2635 : L 62 : T 10.1 sec
 - d_sub 800 : OOB 0.2652 : L 63 : T 10.3 sec
 - d_sub 800 : OOB 0.2663 : L 64 : T 10.4 sec
 - d_sub 800 : OOB 0.2642 : L 65 : T 10.6 sec
 - d_sub 800 : OOB 0.2650 : L 66 : T 10.8 sec
 - d_sub 800 : OOB 0.2646 : L 67 : T 10.9 sec
 - d_sub 800 : OOB 0.2640 : L 68 : T 11.1 sec
 - d_sub 800 : OOB 0.2633 : L 69 : T 11.2 sec
 - d_sub 800 : OOB 0.2648 : L 70 : T 11.4 sec
 - d_sub 800 : OOB 0.2637 : L 71 : T 11.6 sec
 - d_sub 800 : OOB 0.2645 : L 72 : T 11.7 sec
 - d_sub 800 : OOB 0.2659 : L 73 : T 11.9 sec
 - d_sub 800 : OOB 0.2650 : L 74 : T 12.1 sec
 - d_sub 800 : OOB 0.2642 : L 75 : T 12.2 sec
 - d_sub 800 : OOB 0.2650 : L 76 : T 12.4 sec
 - d_sub 800 : OOB 0.2652 : L 77 : T 12.5 sec
 - d_sub 800 : OOB 0.2647 : L 78 : T 12.7 sec
 - d_sub 800 : OOB 0.2660 : L 79 : T 12.9 sec
 - d_sub 800 : OOB 0.2628 : L 80 : T 13.0 sec
 - d_sub 800 : OOB 0.2638 : L 81 : T 13.2 sec
 - d_sub 800 : OOB 0.2626 : L 82 : T 13.3 sec
 - d_sub 800 : OOB 0.2633 : L 83 : T 13.5 sec
 - d_sub 800 : OOB 0.2614 : L 84 : T 13.7 sec
 - d_sub 800 : OOB 0.2656 : L 85 : T 13.8 sec
 - d_sub 800 : OOB 0.2631 : L 86 : T 14.0 sec
 - d_sub 800 : OOB 0.2626 : L 87 : T 14.1 sec
 - d_sub 800 : OOB 0.2655 : L 88 : T 14.3 sec
 - d_sub 800 : OOB 0.2636 : L 89 : T 14.5 sec
 - d_sub 800 : OOB 0.2636 : L 90 : T 14.6 sec
 - d_sub 800 : OOB 0.2638 : L 91 : T 14.8 sec
 - d_sub 800 : OOB 0.2632 : L 92 : T 14.9 sec
 - d_sub 800 : OOB 0.2658 : L 93 : T 15.1 sec
 - d_sub 800 : OOB 0.2629 : L 94 : T 15.3 sec
 - d_sub 800 : OOB 0.2613 : L 95 : T 15.4 sec
 - d_sub 800 : OOB 0.2627 : L 96 : T 15.6 sec
 - d_sub 800 : OOB 0.2622 : L 97 : T 15.8 sec
 - d_sub 800 : OOB 0.2616 : L 98 : T 15.9 sec
 - d_sub 800 : OOB 0.2633 : L 99 : T 16.1 sec
 - d_sub 800 : OOB 0.2622 : L 100 : T 16.3 sec
 - d_sub 800 : OOB 0.2637 : L 101 : T 16.4 sec
 - d_sub 800 : OOB 0.2631 : L 102 : T 16.6 sec
 - d_sub 800 : OOB 0.2630 : L 103 : T 16.8 sec

 - d_sub 1000 : OOB 0.4230 : L 1 : T 0.2 sec
 - d_sub 1000 : OOB 0.4145 : L 2 : T 0.5 sec
 - d_sub 1000 : OOB 0.3867 : L 3 : T 0.7 sec
 - d_sub 1000 : OOB 0.3857 : L 4 : T 0.9 sec
 - d_sub 1000 : OOB 0.3803 : L 5 : T 1.1 sec
 - d_sub 1000 : OOB 0.3792 : L 6 : T 1.4 sec
 - d_sub 1000 : OOB 0.3850 : L 7 : T 1.6 sec
 - d_sub 1000 : OOB 0.3842 : L 8 : T 1.8 sec
 - d_sub 1000 : OOB 0.3544 : L 9 : T 2.1 sec
 - d_sub 1000 : OOB 0.3493 : L 10 : T 2.3 sec
 - d_sub 1000 : OOB 0.3463 : L 11 : T 2.6 sec
 - d_sub 1000 : OOB 0.3238 : L 12 : T 2.8 sec
 - d_sub 1000 : OOB 0.3285 : L 13 : T 3.0 sec
 - d_sub 1000 : OOB 0.3280 : L 14 : T 3.3 sec
 - d_sub 1000 : OOB 0.3286 : L 15 : T 3.5 sec
 - d_sub 1000 : OOB 0.3253 : L 16 : T 3.8 sec
 - d_sub 1000 : OOB 0.3254 : L 17 : T 4.0 sec
 - d_sub 1000 : OOB 0.3116 : L 18 : T 4.2 sec
 - d_sub 1000 : OOB 0.3015 : L 19 : T 4.5 sec
 - d_sub 1000 : OOB 0.2916 : L 20 : T 4.7 sec
 - d_sub 1000 : OOB 0.2950 : L 21 : T 5.0 sec
 - d_sub 1000 : OOB 0.2862 : L 22 : T 5.2 sec
 - d_sub 1000 : OOB 0.2902 : L 23 : T 5.4 sec
 - d_sub 1000 : OOB 0.2813 : L 24 : T 5.7 sec
 - d_sub 1000 : OOB 0.2855 : L 25 : T 5.9 sec
 - d_sub 1000 : OOB 0.2856 : L 26 : T 6.1 sec
 - d_sub 1000 : OOB 0.2841 : L 27 : T 6.4 sec
 - d_sub 1000 : OOB 0.2770 : L 28 : T 6.6 sec
 - d_sub 1000 : OOB 0.2785 : L 29 : T 6.8 sec
 - d_sub 1000 : OOB 0.2769 : L 30 : T 7.1 sec
 - d_sub 1000 : OOB 0.2730 : L 31 : T 7.3 sec
 - d_sub 1000 : OOB 0.2701 : L 32 : T 7.6 sec
 - d_sub 1000 : OOB 0.2757 : L 33 : T 7.8 sec
 - d_sub 1000 : OOB 0.2745 : L 34 : T 8.0 sec
 - d_sub 1000 : OOB 0.2714 : L 35 : T 8.3 sec
 - d_sub 1000 : OOB 0.2679 : L 36 : T 8.5 sec
 - d_sub 1000 : OOB 0.2682 : L 37 : T 8.8 sec
 - d_sub 1000 : OOB 0.2682 : L 38 : T 9.0 sec
 - d_sub 1000 : OOB 0.2694 : L 39 : T 9.3 sec
 - d_sub 1000 : OOB 0.2702 : L 40 : T 9.5 sec
 - d_sub 1000 : OOB 0.2703 : L 41 : T 9.7 sec
 - d_sub 1000 : OOB 0.2672 : L 42 : T 9.9 sec
 - d_sub 1000 : OOB 0.2659 : L 43 : T 10.2 sec
 - d_sub 1000 : OOB 0.2649 : L 44 : T 10.4 sec
 - d_sub 1000 : OOB 0.2630 : L 45 : T 10.7 sec
 - d_sub 1000 : OOB 0.2651 : L 46 : T 10.9 sec
 - d_sub 1000 : OOB 0.2658 : L 47 : T 11.1 sec
 - d_sub 1000 : OOB 0.2610 : L 48 : T 11.3 sec
 - d_sub 1000 : OOB 0.2591 : L 49 : T 11.6 sec
 - d_sub 1000 : OOB 0.2614 : L 50 : T 11.8 sec
 - d_sub 1000 : OOB 0.2630 : L 51 : T 12.0 sec
 - d_sub 1000 : OOB 0.2583 : L 52 : T 12.2 sec
 - d_sub 1000 : OOB 0.2591 : L 53 : T 12.5 sec
 - d_sub 1000 : OOB 0.2583 : L 54 : T 12.7 sec
 - d_sub 1000 : OOB 0.2565 : L 55 : T 12.9 sec
 - d_sub 1000 : OOB 0.2572 : L 56 : T 13.1 sec
 - d_sub 1000 : OOB 0.2553 : L 57 : T 13.4 sec
 - d_sub 1000 : OOB 0.2557 : L 58 : T 13.6 sec
 - d_sub 1000 : OOB 0.2537 : L 59 : T 13.8 sec
 - d_sub 1000 : OOB 0.2559 : L 60 : T 14.0 sec
 - d_sub 1000 : OOB 0.2540 : L 61 : T 14.3 sec
 - d_sub 1000 : OOB 0.2540 : L 62 : T 14.5 sec
 - d_sub 1000 : OOB 0.2529 : L 63 : T 14.7 sec
 - d_sub 1000 : OOB 0.2555 : L 64 : T 15.0 sec
 - d_sub 1000 : OOB 0.2538 : L 65 : T 15.2 sec
 - d_sub 1000 : OOB 0.2541 : L 66 : T 15.4 sec
 - d_sub 1000 : OOB 0.2537 : L 67 : T 15.7 sec
 - d_sub 1000 : OOB 0.2532 : L 68 : T 15.9 sec
 - d_sub 1000 : OOB 0.2523 : L 69 : T 16.1 sec
 - d_sub 1000 : OOB 0.2529 : L 70 : T 16.3 sec
 - d_sub 1000 : OOB 0.2525 : L 71 : T 16.6 sec
 - d_sub 1000 : OOB 0.2549 : L 72 : T 16.8 sec
 - d_sub 1000 : OOB 0.2533 : L 73 : T 17.0 sec
 - d_sub 1000 : OOB 0.2541 : L 74 : T 17.2 sec
 - d_sub 1000 : OOB 0.2531 : L 75 : T 17.4 sec
 - d_sub 1000 : OOB 0.2543 : L 76 : T 17.7 sec
 - d_sub 1000 : OOB 0.2531 : L 77 : T 17.9 sec
 - d_sub 1000 : OOB 0.2508 : L 78 : T 18.1 sec
 - d_sub 1000 : OOB 0.2515 : L 79 : T 18.3 sec
 - d_sub 1000 : OOB 0.2523 : L 80 : T 18.6 sec
 - d_sub 1000 : OOB 0.2503 : L 81 : T 18.8 sec
 - d_sub 1000 : OOB 0.2509 : L 82 : T 19.0 sec
 - d_sub 1000 : OOB 0.2536 : L 83 : T 19.3 sec
 - d_sub 1000 : OOB 0.2528 : L 84 : T 19.5 sec
 - d_sub 1000 : OOB 0.2512 : L 85 : T 19.7 sec
 - d_sub 1000 : OOB 0.2515 : L 86 : T 19.9 sec
 - d_sub 1000 : OOB 0.2512 : L 87 : T 20.1 sec
 - d_sub 1000 : OOB 0.2518 : L 88 : T 20.4 sec
 - d_sub 1000 : OOB 0.2526 : L 89 : T 20.6 sec
 - d_sub 1000 : OOB 0.2528 : L 90 : T 20.8 sec
 - d_sub 1000 : OOB 0.2514 : L 91 : T 21.0 sec
 - d_sub 1000 : OOB 0.2508 : L 92 : T 21.2 sec
 - d_sub 1000 : OOB 0.2505 : L 93 : T 21.5 sec
 - d_sub 1000 : OOB 0.2512 : L 94 : T 21.7 sec
 - d_sub 1000 : OOB 0.2515 : L 95 : T 21.9 sec
 - d_sub 1000 : OOB 0.2515 : L 96 : T 22.1 sec
 - d_sub 1000 : OOB 0.2512 : L 97 : T 22.3 sec
 - d_sub 1000 : OOB 0.2508 : L 98 : T 22.6 sec
 - d_sub 1000 : OOB 0.2511 : L 99 : T 22.8 sec
 - d_sub 1000 : OOB 0.2524 : L 100 : T 23.0 sec
 - d_sub 1000 : OOB 0.2505 : L 101 : T 23.2 sec
 - d_sub 1000 : OOB 0.2507 : L 102 : T 23.5 sec
 - d_sub 1000 : OOB 0.2501 : L 103 : T 23.7 sec
 - d_sub 1000 : OOB 0.2494 : L 104 : T 23.9 sec
 - d_sub 1000 : OOB 0.2486 : L 105 : T 24.1 sec
 - d_sub 1000 : OOB 0.2490 : L 106 : T 24.4 sec
 - d_sub 1000 : OOB 0.2481 : L 107 : T 24.6 sec
 - d_sub 1000 : OOB 0.2502 : L 108 : T 24.8 sec
 - d_sub 1000 : OOB 0.2498 : L 109 : T 25.0 sec
 - d_sub 1000 : OOB 0.2490 : L 110 : T 25.2 sec
 - d_sub 1000 : OOB 0.2491 : L 111 : T 25.4 sec
 - d_sub 1000 : OOB 0.2495 : L 112 : T 25.7 sec
 - d_sub 1000 : OOB 0.2491 : L 113 : T 25.9 sec
 - d_sub 1000 : OOB 0.2487 : L 114 : T 26.1 sec

 - d_sub 1200 : OOB 0.5020 : L 1 : T 0.3 sec
 - d_sub 1200 : OOB 0.4276 : L 2 : T 0.6 sec
 - d_sub 1200 : OOB 0.3795 : L 3 : T 0.9 sec
 - d_sub 1200 : OOB 0.3844 : L 4 : T 1.2 sec
 - d_sub 1200 : OOB 0.3787 : L 5 : T 1.5 sec
 - d_sub 1200 : OOB 0.3856 : L 6 : T 1.7 sec
 - d_sub 1200 : OOB 0.3859 : L 7 : T 2.0 sec
 - d_sub 1200 : OOB 0.3902 : L 8 : T 2.3 sec
 - d_sub 1200 : OOB 0.3861 : L 9 : T 2.6 sec
 - d_sub 1200 : OOB 0.3824 : L 10 : T 2.8 sec
 - d_sub 1200 : OOB 0.3795 : L 11 : T 3.1 sec
 - d_sub 1200 : OOB 0.3560 : L 12 : T 3.4 sec
 - d_sub 1200 : OOB 0.3322 : L 13 : T 3.8 sec
 - d_sub 1200 : OOB 0.3273 : L 14 : T 4.1 sec
 - d_sub 1200 : OOB 0.3131 : L 15 : T 4.4 sec
 - d_sub 1200 : OOB 0.3056 : L 16 : T 4.7 sec
 - d_sub 1200 : OOB 0.2978 : L 17 : T 5.0 sec
 - d_sub 1200 : OOB 0.2972 : L 18 : T 5.3 sec
 - d_sub 1200 : OOB 0.2930 : L 19 : T 5.6 sec
 - d_sub 1200 : OOB 0.2936 : L 20 : T 5.9 sec
 - d_sub 1200 : OOB 0.2953 : L 21 : T 6.1 sec
 - d_sub 1200 : OOB 0.2903 : L 22 : T 6.4 sec
 - d_sub 1200 : OOB 0.2936 : L 23 : T 6.7 sec
 - d_sub 1200 : OOB 0.2907 : L 24 : T 7.0 sec
 - d_sub 1200 : OOB 0.2912 : L 25 : T 7.2 sec
 - d_sub 1200 : OOB 0.2927 : L 26 : T 7.5 sec
 - d_sub 1200 : OOB 0.2873 : L 27 : T 7.8 sec
 - d_sub 1200 : OOB 0.2858 : L 28 : T 8.1 sec
 - d_sub 1200 : OOB 0.2862 : L 29 : T 8.4 sec
 - d_sub 1200 : OOB 0.2816 : L 30 : T 8.7 sec
 - d_sub 1200 : OOB 0.2870 : L 31 : T 9.0 sec
 - d_sub 1200 : OOB 0.2824 : L 32 : T 9.3 sec
 - d_sub 1200 : OOB 0.2794 : L 33 : T 9.5 sec
 - d_sub 1200 : OOB 0.2729 : L 34 : T 9.8 sec
 - d_sub 1200 : OOB 0.2778 : L 35 : T 10.1 sec
 - d_sub 1200 : OOB 0.2757 : L 36 : T 10.4 sec
 - d_sub 1200 : OOB 0.2759 : L 37 : T 10.7 sec
 - d_sub 1200 : OOB 0.2786 : L 38 : T 11.0 sec
 - d_sub 1200 : OOB 0.2758 : L 39 : T 11.2 sec
 - d_sub 1200 : OOB 0.2751 : L 40 : T 11.5 sec
 - d_sub 1200 : OOB 0.2731 : L 41 : T 11.8 sec
 - d_sub 1200 : OOB 0.2742 : L 42 : T 12.1 sec
 - d_sub 1200 : OOB 0.2721 : L 43 : T 12.4 sec
 - d_sub 1200 : OOB 0.2692 : L 44 : T 12.7 sec
 - d_sub 1200 : OOB 0.2672 : L 45 : T 13.0 sec
 - d_sub 1200 : OOB 0.2699 : L 46 : T 13.3 sec
 - d_sub 1200 : OOB 0.2676 : L 47 : T 13.6 sec
 - d_sub 1200 : OOB 0.2700 : L 48 : T 13.9 sec
 - d_sub 1200 : OOB 0.2662 : L 49 : T 14.2 sec
 - d_sub 1200 : OOB 0.2667 : L 50 : T 14.5 sec
 - d_sub 1200 : OOB 0.2670 : L 51 : T 14.8 sec
 - d_sub 1200 : OOB 0.2657 : L 52 : T 15.1 sec
 - d_sub 1200 : OOB 0.2654 : L 53 : T 15.4 sec
 - d_sub 1200 : OOB 0.2653 : L 54 : T 15.6 sec
 - d_sub 1200 : OOB 0.2659 : L 55 : T 15.9 sec
 - d_sub 1200 : OOB 0.2668 : L 56 : T 16.2 sec
 - d_sub 1200 : OOB 0.2644 : L 57 : T 16.5 sec
 - d_sub 1200 : OOB 0.2682 : L 58 : T 16.7 sec
 - d_sub 1200 : OOB 0.2668 : L 59 : T 17.0 sec
 - d_sub 1200 : OOB 0.2638 : L 60 : T 17.3 sec
 - d_sub 1200 : OOB 0.2653 : L 61 : T 17.6 sec
 - d_sub 1200 : OOB 0.2654 : L 62 : T 17.9 sec
 - d_sub 1200 : OOB 0.2663 : L 63 : T 18.1 sec
 - d_sub 1200 : OOB 0.2661 : L 64 : T 18.4 sec
 - d_sub 1200 : OOB 0.2643 : L 65 : T 18.7 sec
 - d_sub 1200 : OOB 0.2637 : L 66 : T 19.0 sec
 - d_sub 1200 : OOB 0.2604 : L 67 : T 19.2 sec
 - d_sub 1200 : OOB 0.2611 : L 68 : T 19.5 sec
 - d_sub 1200 : OOB 0.2585 : L 69 : T 19.8 sec
 - d_sub 1200 : OOB 0.2610 : L 70 : T 20.1 sec
 - d_sub 1200 : OOB 0.2608 : L 71 : T 20.3 sec
 - d_sub 1200 : OOB 0.2602 : L 72 : T 20.6 sec
 - d_sub 1200 : OOB 0.2581 : L 73 : T 21.8 sec
 - d_sub 1200 : OOB 0.2596 : L 74 : T 22.1 sec
 - d_sub 1200 : OOB 0.2588 : L 75 : T 23.5 sec
 - d_sub 1200 : OOB 0.2607 : L 76 : T 25.7 sec
 - d_sub 1200 : OOB 0.2577 : L 77 : T 27.7 sec
 - d_sub 1200 : OOB 0.2586 : L 78 : T 28.6 sec
 - d_sub 1200 : OOB 0.2541 : L 79 : T 31.4 sec
 - d_sub 1200 : OOB 0.2565 : L 80 : T 31.7 sec
 - d_sub 1200 : OOB 0.2547 : L 81 : T 32.8 sec
 - d_sub 1200 : OOB 0.2530 : L 82 : T 36.0 sec
 - d_sub 1200 : OOB 0.2551 : L 83 : T 38.4 sec
 - d_sub 1200 : OOB 0.2560 : L 84 : T 39.4 sec
 - d_sub 1200 : OOB 0.2540 : L 85 : T 41.1 sec
 - d_sub 1200 : OOB 0.2542 : L 86 : T 42.3 sec
 - d_sub 1200 : OOB 0.2520 : L 87 : T 43.5 sec
 - d_sub 1200 : OOB 0.2524 : L 88 : T 45.3 sec
 - d_sub 1200 : OOB 0.2534 : L 89 : T 45.6 sec
 - d_sub 1200 : OOB 0.2542 : L 90 : T 49.0 sec
 - d_sub 1200 : OOB 0.2527 : L 91 : T 50.0 sec
 - d_sub 1200 : OOB 0.2540 : L 92 : T 51.6 sec
 - d_sub 1200 : OOB 0.2531 : L 93 : T 53.9 sec
 - d_sub 1200 : OOB 0.2544 : L 94 : T 54.9 sec
 - d_sub 1200 : OOB 0.2545 : L 95 : T 57.0 sec
 - d_sub 1200 : OOB 0.2519 : L 96 : T 58.1 sec
 - d_sub 1200 : OOB 0.2526 : L 97 : T 60.7 sec
 - d_sub 1200 : OOB 0.2523 : L 98 : T 63.3 sec
 - d_sub 1200 : OOB 0.2541 : L 99 : T 65.1 sec
 - d_sub 1200 : OOB 0.2533 : L 100 : T 67.0 sec
 - d_sub 1200 : OOB 0.2515 : L 101 : T 69.4 sec
 - d_sub 1200 : OOB 0.2529 : L 102 : T 70.0 sec
 - d_sub 1200 : OOB 0.2521 : L 103 : T 70.3 sec
 - d_sub 1200 : OOB 0.2527 : L 104 : T 70.5 sec
 - d_sub 1200 : OOB 0.2517 : L 105 : T 70.9 sec
 - d_sub 1200 : OOB 0.2524 : L 106 : T 71.1 sec
 - d_sub 1200 : OOB 0.2521 : L 107 : T 71.4 sec
 - d_sub 1200 : OOB 0.2521 : L 108 : T 71.7 sec
 - d_sub 1200 : OOB 0.2520 : L 109 : T 72.0 sec
 - d_sub 1200 : OOB 0.2516 : L 110 : T 72.2 sec
 - d_sub 1200 : OOB 0.2500 : L 111 : T 72.5 sec
 - d_sub 1200 : OOB 0.2510 : L 112 : T 72.8 sec
 - d_sub 1200 : OOB 0.2519 : L 113 : T 73.1 sec
 - d_sub 1200 : OOB 0.2529 : L 114 : T 73.4 sec
 - d_sub 1200 : OOB 0.2535 : L 115 : T 73.7 sec
 - d_sub 1200 : OOB 0.2515 : L 116 : T 73.9 sec
 - d_sub 1200 : OOB 0.2516 : L 117 : T 74.2 sec
 - d_sub 1200 : OOB 0.2521 : L 118 : T 74.5 sec
 - d_sub 1200 : OOB 0.2515 : L 119 : T 74.7 sec
 - d_sub 1200 : OOB 0.2500 : L 120 : T 75.0 sec
 - d_sub 1200 : OOB 0.2491 : L 121 : T 75.3 sec
 - d_sub 1200 : OOB 0.2518 : L 122 : T 75.6 sec
 - d_sub 1200 : OOB 0.2518 : L 123 : T 75.9 sec
 - d_sub 1200 : OOB 0.2526 : L 124 : T 76.2 sec
 - d_sub 1200 : OOB 0.2503 : L 125 : T 76.5 sec
 - d_sub 1200 : OOB 0.2505 : L 126 : T 76.8 sec
 - d_sub 1200 : OOB 0.2507 : L 127 : T 77.0 sec

 - d_sub 1400 : OOB 0.5020 : L 1 : T 0.3 sec
 - d_sub 1400 : OOB 0.4984 : L 2 : T 0.7 sec
 - d_sub 1400 : OOB 0.4325 : L 3 : T 1.0 sec
 - d_sub 1400 : OOB 0.3809 : L 4 : T 1.4 sec
 - d_sub 1400 : OOB 0.3543 : L 5 : T 1.8 sec
 - d_sub 1400 : OOB 0.3331 : L 6 : T 2.1 sec
 - d_sub 1400 : OOB 0.3264 : L 7 : T 2.5 sec
 - d_sub 1400 : OOB 0.3372 : L 8 : T 2.8 sec
 - d_sub 1400 : OOB 0.3355 : L 9 : T 3.2 sec
 - d_sub 1400 : OOB 0.3183 : L 10 : T 3.6 sec
 - d_sub 1400 : OOB 0.3103 : L 11 : T 4.0 sec
 - d_sub 1400 : OOB 0.3057 : L 12 : T 4.4 sec
 - d_sub 1400 : OOB 0.2999 : L 13 : T 4.7 sec
 - d_sub 1400 : OOB 0.2986 : L 14 : T 5.1 sec
 - d_sub 1400 : OOB 0.2904 : L 15 : T 5.5 sec
 - d_sub 1400 : OOB 0.2900 : L 16 : T 5.8 sec
 - d_sub 1400 : OOB 0.2954 : L 17 : T 6.1 sec
 - d_sub 1400 : OOB 0.2882 : L 18 : T 6.5 sec
 - d_sub 1400 : OOB 0.2893 : L 19 : T 6.8 sec
 - d_sub 1400 : OOB 0.2896 : L 20 : T 7.2 sec
 - d_sub 1400 : OOB 0.2930 : L 21 : T 7.6 sec
 - d_sub 1400 : OOB 0.2894 : L 22 : T 8.0 sec
 - d_sub 1400 : OOB 0.2829 : L 23 : T 8.4 sec
 - d_sub 1400 : OOB 0.2830 : L 24 : T 8.8 sec
 - d_sub 1400 : OOB 0.2874 : L 25 : T 9.2 sec
 - d_sub 1400 : OOB 0.2849 : L 26 : T 9.6 sec
 - d_sub 1400 : OOB 0.2823 : L 27 : T 10.0 sec
 - d_sub 1400 : OOB 0.2786 : L 28 : T 10.4 sec
 - d_sub 1400 : OOB 0.2806 : L 29 : T 10.8 sec
 - d_sub 1400 : OOB 0.2780 : L 30 : T 11.2 sec
 - d_sub 1400 : OOB 0.2774 : L 31 : T 11.5 sec
 - d_sub 1400 : OOB 0.2784 : L 32 : T 11.8 sec
 - d_sub 1400 : OOB 0.2748 : L 33 : T 12.2 sec
 - d_sub 1400 : OOB 0.2773 : L 34 : T 12.6 sec
 - d_sub 1400 : OOB 0.2777 : L 35 : T 12.9 sec
 - d_sub 1400 : OOB 0.2761 : L 36 : T 13.3 sec
 - d_sub 1400 : OOB 0.2734 : L 37 : T 13.7 sec
 - d_sub 1400 : OOB 0.2739 : L 38 : T 14.1 sec
 - d_sub 1400 : OOB 0.2713 : L 39 : T 14.4 sec
 - d_sub 1400 : OOB 0.2725 : L 40 : T 14.8 sec
 - d_sub 1400 : OOB 0.2731 : L 41 : T 15.1 sec
 - d_sub 1400 : OOB 0.2649 : L 42 : T 15.5 sec
 - d_sub 1400 : OOB 0.2667 : L 43 : T 15.9 sec
 - d_sub 1400 : OOB 0.2632 : L 44 : T 16.2 sec
 - d_sub 1400 : OOB 0.2595 : L 45 : T 16.6 sec
 - d_sub 1400 : OOB 0.2635 : L 46 : T 16.9 sec
 - d_sub 1400 : OOB 0.2586 : L 47 : T 17.4 sec
 - d_sub 1400 : OOB 0.2612 : L 48 : T 17.8 sec
 - d_sub 1400 : OOB 0.2586 : L 49 : T 18.2 sec
 - d_sub 1400 : OOB 0.2600 : L 50 : T 18.5 sec
 - d_sub 1400 : OOB 0.2602 : L 51 : T 18.9 sec
 - d_sub 1400 : OOB 0.2612 : L 52 : T 19.3 sec
 - d_sub 1400 : OOB 0.2634 : L 53 : T 19.7 sec
 - d_sub 1400 : OOB 0.2597 : L 54 : T 20.1 sec
 - d_sub 1400 : OOB 0.2601 : L 55 : T 20.5 sec
 - d_sub 1400 : OOB 0.2599 : L 56 : T 20.9 sec
 - d_sub 1400 : OOB 0.2599 : L 57 : T 21.3 sec
 - d_sub 1400 : OOB 0.2608 : L 58 : T 21.6 sec
 - d_sub 1400 : OOB 0.2596 : L 59 : T 22.0 sec
 - d_sub 1400 : OOB 0.2581 : L 60 : T 22.4 sec
 - d_sub 1400 : OOB 0.2566 : L 61 : T 22.8 sec
 - d_sub 1400 : OOB 0.2590 : L 62 : T 23.2 sec
 - d_sub 1400 : OOB 0.2545 : L 63 : T 23.7 sec
 - d_sub 1400 : OOB 0.2561 : L 64 : T 24.0 sec
 - d_sub 1400 : OOB 0.2552 : L 65 : T 24.4 sec
 - d_sub 1400 : OOB 0.2565 : L 66 : T 24.7 sec
 - d_sub 1400 : OOB 0.2551 : L 67 : T 25.1 sec
 - d_sub 1400 : OOB 0.2553 : L 68 : T 25.5 sec
 - d_sub 1400 : OOB 0.2537 : L 69 : T 25.9 sec
 - d_sub 1400 : OOB 0.2564 : L 70 : T 26.3 sec
 - d_sub 1400 : OOB 0.2562 : L 71 : T 26.7 sec
 - d_sub 1400 : OOB 0.2567 : L 72 : T 27.0 sec
 - d_sub 1400 : OOB 0.2552 : L 73 : T 27.4 sec
 - d_sub 1400 : OOB 0.2554 : L 74 : T 27.7 sec
 - d_sub 1400 : OOB 0.2564 : L 75 : T 28.1 sec
 - d_sub 1400 : OOB 0.2560 : L 76 : T 28.4 sec
 - d_sub 1400 : OOB 0.2550 : L 77 : T 28.8 sec
 - d_sub 1400 : OOB 0.2559 : L 78 : T 29.1 sec
 - d_sub 1400 : OOB 0.2559 : L 79 : T 29.5 sec
 - d_sub 1400 : OOB 0.2536 : L 80 : T 29.8 sec
 - d_sub 1400 : OOB 0.2564 : L 81 : T 30.1 sec
 - d_sub 1400 : OOB 0.2554 : L 82 : T 30.5 sec
 - d_sub 1400 : OOB 0.2544 : L 83 : T 30.8 sec
 - d_sub 1400 : OOB 0.2547 : L 84 : T 31.2 sec
 - d_sub 1400 : OOB 0.2535 : L 85 : T 31.6 sec
 - d_sub 1400 : OOB 0.2547 : L 86 : T 31.9 sec
 - d_sub 1400 : OOB 0.2528 : L 87 : T 32.2 sec
 - d_sub 1400 : OOB 0.2565 : L 88 : T 32.6 sec
 - d_sub 1400 : OOB 0.2545 : L 89 : T 32.9 sec
 - d_sub 1400 : OOB 0.2541 : L 90 : T 33.3 sec
 - d_sub 1400 : OOB 0.2536 : L 91 : T 33.6 sec
 - d_sub 1400 : OOB 0.2522 : L 92 : T 34.0 sec
 - d_sub 1400 : OOB 0.2550 : L 93 : T 34.3 sec
 - d_sub 1400 : OOB 0.2523 : L 94 : T 34.7 sec
 - d_sub 1400 : OOB 0.2484 : L 95 : T 35.0 sec
 - d_sub 1400 : OOB 0.2497 : L 96 : T 35.4 sec
 - d_sub 1400 : OOB 0.2496 : L 97 : T 35.7 sec
 - d_sub 1400 : OOB 0.2492 : L 98 : T 36.1 sec
 - d_sub 1400 : OOB 0.2485 : L 99 : T 36.4 sec
 - d_sub 1400 : OOB 0.2492 : L 100 : T 36.8 sec
 - d_sub 1400 : OOB 0.2493 : L 101 : T 37.1 sec
 - d_sub 1400 : OOB 0.2486 : L 102 : T 37.4 sec
 - d_sub 1400 : OOB 0.2503 : L 103 : T 37.8 sec
 - d_sub 1400 : OOB 0.2504 : L 104 : T 38.2 sec
 - d_sub 1400 : OOB 0.2503 : L 105 : T 38.5 sec
 - d_sub 1400 : OOB 0.2482 : L 106 : T 38.8 sec
 - d_sub 1400 : OOB 0.2489 : L 107 : T 39.2 sec
 - d_sub 1400 : OOB 0.2497 : L 108 : T 39.5 sec
 - d_sub 1400 : OOB 0.2480 : L 109 : T 39.9 sec
 - d_sub 1400 : OOB 0.2494 : L 110 : T 40.2 sec
 - d_sub 1400 : OOB 0.2491 : L 111 : T 40.5 sec
 - d_sub 1400 : OOB 0.2488 : L 112 : T 40.9 sec
 - d_sub 1400 : OOB 0.2490 : L 113 : T 41.2 sec
 - d_sub 1400 : OOB 0.2495 : L 114 : T 41.6 sec
 - d_sub 1400 : OOB 0.2495 : L 115 : T 42.0 sec
 - d_sub 1400 : OOB 0.2494 : L 116 : T 42.3 sec
 - d_sub 1400 : OOB 0.2484 : L 117 : T 42.7 sec
 - d_sub 1400 : OOB 0.2491 : L 118 : T 43.0 sec
 - d_sub 1400 : OOB 0.2494 : L 119 : T 43.4 sec
 - d_sub 1400 : OOB 0.2502 : L 120 : T 43.7 sec
 - d_sub 1400 : OOB 0.2470 : L 121 : T 44.1 sec
 - d_sub 1400 : OOB 0.2488 : L 122 : T 44.4 sec
 - d_sub 1400 : OOB 0.2484 : L 123 : T 44.7 sec
 - d_sub 1400 : OOB 0.2469 : L 124 : T 45.1 sec
 - d_sub 1400 : OOB 0.2474 : L 125 : T 45.4 sec
 - d_sub 1400 : OOB 0.2476 : L 126 : T 45.8 sec
 - d_sub 1400 : OOB 0.2482 : L 127 : T 46.1 sec
 - d_sub 1400 : OOB 0.2471 : L 128 : T 46.5 sec
 - d_sub 1400 : OOB 0.2459 : L 129 : T 46.8 sec
 - d_sub 1400 : OOB 0.2469 : L 130 : T 49.3 sec
 - d_sub 1400 : OOB 0.2475 : L 131 : T 52.2 sec
 - d_sub 1400 : OOB 0.2466 : L 132 : T 54.8 sec
 - d_sub 1400 : OOB 0.2483 : L 133 : T 56.6 sec
 - d_sub 1400 : OOB 0.2485 : L 134 : T 60.5 sec
 - d_sub 1400 : OOB 0.2476 : L 135 : T 61.9 sec
 - d_sub 1400 : OOB 0.2478 : L 136 : T 65.2 sec
 - d_sub 1400 : OOB 0.2467 : L 137 : T 66.5 sec
 - d_sub 1400 : OOB 0.2452 : L 138 : T 70.7 sec
 - d_sub 1400 : OOB 0.2481 : L 139 : T 73.4 sec
 - d_sub 1400 : OOB 0.2468 : L 140 : T 75.5 sec
 - d_sub 1400 : OOB 0.2471 : L 141 : T 78.4 sec

 - d_sub 1600 : OOB 0.4285 : L 1 : T 1.9 sec
 - d_sub 1600 : OOB 0.3753 : L 2 : T 5.1 sec
 - d_sub 1600 : OOB 0.3791 : L 3 : T 6.9 sec
 - d_sub 1600 : OOB 0.3752 : L 4 : T 8.9 sec
 - d_sub 1600 : OOB 0.3781 : L 5 : T 11.5 sec
 - d_sub 1600 : OOB 0.3785 : L 6 : T 15.0 sec
 - d_sub 1600 : OOB 0.3492 : L 7 : T 17.0 sec
 - d_sub 1600 : OOB 0.3526 : L 8 : T 17.4 sec
 - d_sub 1600 : OOB 0.3311 : L 9 : T 17.8 sec
 - d_sub 1600 : OOB 0.3243 : L 10 : T 21.9 sec
 - d_sub 1600 : OOB 0.3151 : L 11 : T 23.0 sec
 - d_sub 1600 : OOB 0.3056 : L 12 : T 25.3 sec
 - d_sub 1600 : OOB 0.2957 : L 13 : T 29.5 sec
 - d_sub 1600 : OOB 0.2825 : L 14 : T 31.0 sec
 - d_sub 1600 : OOB 0.2846 : L 15 : T 33.2 sec
 - d_sub 1600 : OOB 0.2851 : L 16 : T 35.5 sec
 - d_sub 1600 : OOB 0.2880 : L 17 : T 37.8 sec
 - d_sub 1600 : OOB 0.2859 : L 18 : T 41.4 sec
 - d_sub 1600 : OOB 0.2818 : L 19 : T 42.5 sec
 - d_sub 1600 : OOB 0.2837 : L 20 : T 46.3 sec
 - d_sub 1600 : OOB 0.2802 : L 21 : T 48.7 sec
 - d_sub 1600 : OOB 0.2831 : L 22 : T 51.2 sec
 - d_sub 1600 : OOB 0.2787 : L 23 : T 53.9 sec
 - d_sub 1600 : OOB 0.2770 : L 24 : T 56.3 sec
 - d_sub 1600 : OOB 0.2781 : L 25 : T 58.6 sec
 - d_sub 1600 : OOB 0.2785 : L 26 : T 62.0 sec
 - d_sub 1600 : OOB 0.2762 : L 27 : T 63.2 sec
 - d_sub 1600 : OOB 0.2785 : L 28 : T 68.1 sec
 - d_sub 1600 : OOB 0.2760 : L 29 : T 70.2 sec
 - d_sub 1600 : OOB 0.2754 : L 30 : T 72.6 sec
 - d_sub 1600 : OOB 0.2752 : L 31 : T 74.9 sec
 - d_sub 1600 : OOB 0.2743 : L 32 : T 76.4 sec
 - d_sub 1600 : OOB 0.2733 : L 33 : T 76.8 sec
 - d_sub 1600 : OOB 0.2699 : L 34 : T 77.2 sec
 - d_sub 1600 : OOB 0.2711 : L 35 : T 77.7 sec
 - d_sub 1600 : OOB 0.2721 : L 36 : T 78.2 sec
 - d_sub 1600 : OOB 0.2674 : L 37 : T 78.7 sec
 - d_sub 1600 : OOB 0.2671 : L 38 : T 79.1 sec
 - d_sub 1600 : OOB 0.2639 : L 39 : T 79.5 sec
 - d_sub 1600 : OOB 0.2697 : L 40 : T 80.0 sec
 - d_sub 1600 : OOB 0.2652 : L 41 : T 80.4 sec
 - d_sub 1600 : OOB 0.2692 : L 42 : T 80.8 sec
 - d_sub 1600 : OOB 0.2696 : L 43 : T 81.2 sec
 - d_sub 1600 : OOB 0.2687 : L 44 : T 81.6 sec
 - d_sub 1600 : OOB 0.2672 : L 45 : T 82.0 sec
 - d_sub 1600 : OOB 0.2683 : L 46 : T 82.4 sec
 - d_sub 1600 : OOB 0.2658 : L 47 : T 89.5 sec
 - d_sub 1600 : OOB 0.2666 : L 48 : T 90.6 sec
 - d_sub 1600 : OOB 0.2623 : L 49 : T 91.9 sec
 - d_sub 1600 : OOB 0.2653 : L 50 : T 93.7 sec
 - d_sub 1600 : OOB 0.2631 : L 51 : T 96.8 sec
 - d_sub 1600 : OOB 0.2629 : L 52 : T 100.2 sec
 - d_sub 1600 : OOB 0.2653 : L 53 : T 102.4 sec
 - d_sub 1600 : OOB 0.2648 : L 54 : T 105.8 sec
 - d_sub 1600 : OOB 0.2650 : L 55 : T 110.5 sec
 - d_sub 1600 : OOB 0.2617 : L 56 : T 111.5 sec
 - d_sub 1600 : OOB 0.2589 : L 57 : T 113.4 sec
 - d_sub 1600 : OOB 0.2593 : L 58 : T 119.0 sec
 - d_sub 1600 : OOB 0.2591 : L 59 : T 121.3 sec
 - d_sub 1600 : OOB 0.2586 : L 60 : T 122.7 sec
 - d_sub 1600 : OOB 0.2611 : L 61 : T 125.6 sec
 - d_sub 1600 : OOB 0.2574 : L 62 : T 128.2 sec
 - d_sub 1600 : OOB 0.2579 : L 63 : T 130.2 sec
 - d_sub 1600 : OOB 0.2587 : L 64 : T 131.5 sec
 - d_sub 1600 : OOB 0.2586 : L 65 : T 134.5 sec
 - d_sub 1600 : OOB 0.2563 : L 66 : T 135.8 sec
 - d_sub 1600 : OOB 0.2567 : L 67 : T 136.3 sec
 - d_sub 1600 : OOB 0.2564 : L 68 : T 139.3 sec
 - d_sub 1600 : OOB 0.2542 : L 69 : T 140.9 sec
 - d_sub 1600 : OOB 0.2537 : L 70 : T 143.4 sec
 - d_sub 1600 : OOB 0.2547 : L 71 : T 143.8 sec
 - d_sub 1600 : OOB 0.2546 : L 72 : T 145.2 sec
 - d_sub 1600 : OOB 0.2555 : L 73 : T 148.6 sec
 - d_sub 1600 : OOB 0.2557 : L 74 : T 152.0 sec
 - d_sub 1600 : OOB 0.2548 : L 75 : T 155.4 sec
 - d_sub 1600 : OOB 0.2562 : L 76 : T 158.3 sec
 - d_sub 1600 : OOB 0.2550 : L 77 : T 159.9 sec
 - d_sub 1600 : OOB 0.2559 : L 78 : T 161.8 sec
 - d_sub 1600 : OOB 0.2540 : L 79 : T 162.3 sec
 - d_sub 1600 : OOB 0.2539 : L 80 : T 164.6 sec
 - d_sub 1600 : OOB 0.2543 : L 81 : T 166.0 sec
 - d_sub 1600 : OOB 0.2523 : L 82 : T 167.4 sec
 - d_sub 1600 : OOB 0.2550 : L 83 : T 169.7 sec
 - d_sub 1600 : OOB 0.2521 : L 84 : T 170.1 sec
 - d_sub 1600 : OOB 0.2519 : L 85 : T 171.5 sec
 - d_sub 1600 : OOB 0.2521 : L 86 : T 174.2 sec
 - d_sub 1600 : OOB 0.2542 : L 87 : T 175.6 sec
 - d_sub 1600 : OOB 0.2538 : L 88 : T 178.6 sec
 - d_sub 1600 : OOB 0.2526 : L 89 : T 182.0 sec
 - d_sub 1600 : OOB 0.2526 : L 90 : T 185.1 sec
 - d_sub 1600 : OOB 0.2507 : L 91 : T 188.1 sec
 - d_sub 1600 : OOB 0.2520 : L 92 : T 189.4 sec
 - d_sub 1600 : OOB 0.2503 : L 93 : T 191.4 sec
 - d_sub 1600 : OOB 0.2537 : L 94 : T 194.8 sec
 - d_sub 1600 : OOB 0.2518 : L 95 : T 197.8 sec
 - d_sub 1600 : OOB 0.2513 : L 96 : T 199.8 sec
 - d_sub 1600 : OOB 0.2517 : L 97 : T 202.5 sec
 - d_sub 1600 : OOB 0.2507 : L 98 : T 204.6 sec
 - d_sub 1600 : OOB 0.2528 : L 99 : T 206.6 sec
 - d_sub 1600 : OOB 0.2514 : L 100 : T 208.5 sec
 - d_sub 1600 : OOB 0.2492 : L 101 : T 209.8 sec
 - d_sub 1600 : OOB 0.2521 : L 102 : T 211.8 sec
 - d_sub 1600 : OOB 0.2508 : L 103 : T 214.1 sec
 - d_sub 1600 : OOB 0.2497 : L 104 : T 217.1 sec
 - d_sub 1600 : OOB 0.2491 : L 105 : T 219.6 sec
 - d_sub 1600 : OOB 0.2488 : L 106 : T 222.8 sec
 - d_sub 1600 : OOB 0.2505 : L 107 : T 225.4 sec
 - d_sub 1600 : OOB 0.2503 : L 108 : T 227.5 sec
 - d_sub 1600 : OOB 0.2497 : L 109 : T 229.7 sec
 - d_sub 1600 : OOB 0.2504 : L 110 : T 231.4 sec
 - d_sub 1600 : OOB 0.2504 : L 111 : T 231.8 sec
 - d_sub 1600 : OOB 0.2483 : L 112 : T 232.2 sec
 - d_sub 1600 : OOB 0.2490 : L 113 : T 232.7 sec
 - d_sub 1600 : OOB 0.2515 : L 114 : T 233.1 sec
 - d_sub 1600 : OOB 0.2484 : L 115 : T 233.5 sec
 - d_sub 1600 : OOB 0.2498 : L 116 : T 233.9 sec
 - d_sub 1600 : OOB 0.2489 : L 117 : T 234.4 sec
 - d_sub 1600 : OOB 0.2482 : L 118 : T 234.9 sec
 - d_sub 1600 : OOB 0.2488 : L 119 : T 235.3 sec
 - d_sub 1600 : OOB 0.2490 : L 120 : T 235.7 sec
 - d_sub 1600 : OOB 0.2475 : L 121 : T 236.1 sec
 - d_sub 1600 : OOB 0.2469 : L 122 : T 236.5 sec
 - d_sub 1600 : OOB 0.2478 : L 123 : T 236.9 sec
 - d_sub 1600 : OOB 0.2483 : L 124 : T 237.3 sec
 - d_sub 1600 : OOB 0.2490 : L 125 : T 237.7 sec
 - d_sub 1600 : OOB 0.2482 : L 126 : T 238.1 sec
 - d_sub 1600 : OOB 0.2506 : L 127 : T 238.6 sec
 - d_sub 1600 : OOB 0.2492 : L 128 : T 239.0 sec
 - d_sub 1600 : OOB 0.2484 : L 129 : T 239.5 sec
 - d_sub 1600 : OOB 0.2495 : L 130 : T 240.0 sec
 - d_sub 1600 : OOB 0.2495 : L 131 : T 240.5 sec
 - d_sub 1600 : OOB 0.2482 : L 132 : T 240.9 sec
 - d_sub 1600 : OOB 0.2491 : L 133 : T 241.4 sec
 - d_sub 1600 : OOB 0.2504 : L 134 : T 241.8 sec
 - d_sub 1600 : OOB 0.2488 : L 135 : T 242.3 sec
 - d_sub 1600 : OOB 0.2483 : L 136 : T 242.7 sec

 - d_sub 1800 : OOB 0.5020 : L 1 : T 0.5 sec
 - d_sub 1800 : OOB 0.4335 : L 2 : T 1.2 sec
 - d_sub 1800 : OOB 0.4367 : L 3 : T 1.7 sec
 - d_sub 1800 : OOB 0.4312 : L 4 : T 2.1 sec
 - d_sub 1800 : OOB 0.3881 : L 5 : T 2.7 sec
 - d_sub 1800 : OOB 0.3610 : L 6 : T 3.3 sec
 - d_sub 1800 : OOB 0.3507 : L 7 : T 3.8 sec
 - d_sub 1800 : OOB 0.3329 : L 8 : T 4.3 sec
 - d_sub 1800 : OOB 0.3244 : L 9 : T 4.9 sec
 - d_sub 1800 : OOB 0.3189 : L 10 : T 5.4 sec
 - d_sub 1800 : OOB 0.3065 : L 11 : T 6.0 sec
 - d_sub 1800 : OOB 0.3059 : L 12 : T 6.5 sec
 - d_sub 1800 : OOB 0.3129 : L 13 : T 7.0 sec
 - d_sub 1800 : OOB 0.3092 : L 14 : T 7.5 sec
 - d_sub 1800 : OOB 0.3090 : L 15 : T 8.0 sec
 - d_sub 1800 : OOB 0.3081 : L 16 : T 8.6 sec
 - d_sub 1800 : OOB 0.3009 : L 17 : T 9.1 sec
 - d_sub 1800 : OOB 0.3040 : L 18 : T 9.6 sec
 - d_sub 1800 : OOB 0.2935 : L 19 : T 10.2 sec
 - d_sub 1800 : OOB 0.2956 : L 20 : T 10.7 sec
 - d_sub 1800 : OOB 0.2964 : L 21 : T 11.2 sec
 - d_sub 1800 : OOB 0.2937 : L 22 : T 11.8 sec
 - d_sub 1800 : OOB 0.2981 : L 23 : T 12.3 sec
 - d_sub 1800 : OOB 0.2885 : L 24 : T 12.9 sec
 - d_sub 1800 : OOB 0.2846 : L 25 : T 13.5 sec
 - d_sub 1800 : OOB 0.2834 : L 26 : T 14.1 sec
 - d_sub 1800 : OOB 0.2738 : L 27 : T 14.6 sec
 - d_sub 1800 : OOB 0.2739 : L 28 : T 15.2 sec
 - d_sub 1800 : OOB 0.2707 : L 29 : T 15.7 sec
 - d_sub 1800 : OOB 0.2723 : L 30 : T 16.2 sec
 - d_sub 1800 : OOB 0.2699 : L 31 : T 16.8 sec
 - d_sub 1800 : OOB 0.2694 : L 32 : T 17.3 sec
 - d_sub 1800 : OOB 0.2695 : L 33 : T 18.0 sec
 - d_sub 1800 : OOB 0.2683 : L 34 : T 18.5 sec
 - d_sub 1800 : OOB 0.2659 : L 35 : T 19.1 sec
 - d_sub 1800 : OOB 0.2682 : L 36 : T 19.7 sec
 - d_sub 1800 : OOB 0.2629 : L 37 : T 20.2 sec
 - d_sub 1800 : OOB 0.2663 : L 38 : T 20.8 sec
 - d_sub 1800 : OOB 0.2642 : L 39 : T 21.3 sec
 - d_sub 1800 : OOB 0.2664 : L 40 : T 21.8 sec
 - d_sub 1800 : OOB 0.2659 : L 41 : T 22.3 sec
 - d_sub 1800 : OOB 0.2645 : L 42 : T 22.9 sec
 - d_sub 1800 : OOB 0.2651 : L 43 : T 23.4 sec
 - d_sub 1800 : OOB 0.2614 : L 44 : T 24.0 sec
 - d_sub 1800 : OOB 0.2619 : L 45 : T 24.6 sec
 - d_sub 1800 : OOB 0.2622 : L 46 : T 25.1 sec
 - d_sub 1800 : OOB 0.2629 : L 47 : T 25.6 sec
 - d_sub 1800 : OOB 0.2643 : L 48 : T 26.2 sec
 - d_sub 1800 : OOB 0.2604 : L 49 : T 26.7 sec
 - d_sub 1800 : OOB 0.2598 : L 50 : T 27.1 sec
 - d_sub 1800 : OOB 0.2606 : L 51 : T 27.6 sec
 - d_sub 1800 : OOB 0.2635 : L 52 : T 28.1 sec
 - d_sub 1800 : OOB 0.2620 : L 53 : T 28.6 sec
 - d_sub 1800 : OOB 0.2620 : L 54 : T 29.1 sec
 - d_sub 1800 : OOB 0.2601 : L 55 : T 29.7 sec
 - d_sub 1800 : OOB 0.2584 : L 56 : T 30.2 sec
 - d_sub 1800 : OOB 0.2603 : L 57 : T 30.7 sec
 - d_sub 1800 : OOB 0.2580 : L 58 : T 31.3 sec
 - d_sub 1800 : OOB 0.2591 : L 59 : T 31.7 sec
 - d_sub 1800 : OOB 0.2596 : L 60 : T 32.3 sec
 - d_sub 1800 : OOB 0.2584 : L 61 : T 32.8 sec
 - d_sub 1800 : OOB 0.2590 : L 62 : T 33.4 sec
 - d_sub 1800 : OOB 0.2567 : L 63 : T 33.9 sec
 - d_sub 1800 : OOB 0.2579 : L 64 : T 34.4 sec
 - d_sub 1800 : OOB 0.2577 : L 65 : T 35.0 sec
 - d_sub 1800 : OOB 0.2584 : L 66 : T 35.5 sec
 - d_sub 1800 : OOB 0.2578 : L 67 : T 36.0 sec
 - d_sub 1800 : OOB 0.2562 : L 68 : T 36.5 sec
 - d_sub 1800 : OOB 0.2579 : L 69 : T 37.0 sec
 - d_sub 1800 : OOB 0.2547 : L 70 : T 37.5 sec
 - d_sub 1800 : OOB 0.2569 : L 71 : T 38.1 sec
 - d_sub 1800 : OOB 0.2553 : L 72 : T 38.6 sec
 - d_sub 1800 : OOB 0.2557 : L 73 : T 39.1 sec
 - d_sub 1800 : OOB 0.2542 : L 74 : T 39.7 sec
 - d_sub 1800 : OOB 0.2563 : L 75 : T 40.2 sec
 - d_sub 1800 : OOB 0.2552 : L 76 : T 40.7 sec
 - d_sub 1800 : OOB 0.2546 : L 77 : T 41.3 sec
 - d_sub 1800 : OOB 0.2544 : L 78 : T 41.9 sec
 - d_sub 1800 : OOB 0.2553 : L 79 : T 42.5 sec
 - d_sub 1800 : OOB 0.2542 : L 80 : T 43.0 sec
 - d_sub 1800 : OOB 0.2555 : L 81 : T 43.5 sec
 - d_sub 1800 : OOB 0.2534 : L 82 : T 44.1 sec
 - d_sub 1800 : OOB 0.2560 : L 83 : T 44.6 sec
 - d_sub 1800 : OOB 0.2540 : L 84 : T 47.5 sec
 - d_sub 1800 : OOB 0.2542 : L 85 : T 49.4 sec
 - d_sub 1800 : OOB 0.2547 : L 86 : T 51.5 sec
 - d_sub 1800 : OOB 0.2523 : L 87 : T 53.2 sec
 - d_sub 1800 : OOB 0.2529 : L 88 : T 55.4 sec
 - d_sub 1800 : OOB 0.2539 : L 89 : T 58.8 sec
 - d_sub 1800 : OOB 0.2533 : L 90 : T 61.1 sec
 - d_sub 1800 : OOB 0.2535 : L 91 : T 66.4 sec
 - d_sub 1800 : OOB 0.2521 : L 92 : T 69.6 sec
 - d_sub 1800 : OOB 0.2512 : L 93 : T 73.5 sec
 - d_sub 1800 : OOB 0.2540 : L 94 : T 79.1 sec
 - d_sub 1800 : OOB 0.2521 : L 95 : T 82.9 sec
 - d_sub 1800 : OOB 0.2514 : L 96 : T 84.6 sec
 - d_sub 1800 : OOB 0.2527 : L 97 : T 91.2 sec
 - d_sub 1800 : OOB 0.2500 : L 98 : T 93.9 sec
 - d_sub 1800 : OOB 0.2513 : L 99 : T 97.5 sec
 - d_sub 1800 : OOB 0.2502 : L 100 : T 102.0 sec
 - d_sub 1800 : OOB 0.2508 : L 101 : T 105.7 sec
 - d_sub 1800 : OOB 0.2513 : L 102 : T 108.7 sec
 - d_sub 1800 : OOB 0.2509 : L 103 : T 110.0 sec
 - d_sub 1800 : OOB 0.2518 : L 104 : T 113.5 sec
 - d_sub 1800 : OOB 0.2516 : L 105 : T 115.3 sec
 - d_sub 1800 : OOB 0.2515 : L 106 : T 118.3 sec
 - d_sub 1800 : OOB 0.2534 : L 107 : T 122.5 sec
 - d_sub 1800 : OOB 0.2510 : L 108 : T 124.6 sec
 - d_sub 1800 : OOB 0.2515 : L 109 : T 128.7 sec
 - d_sub 1800 : OOB 0.2525 : L 110 : T 131.5 sec
 - d_sub 1800 : OOB 0.2514 : L 111 : T 135.1 sec
 - d_sub 1800 : OOB 0.2507 : L 112 : T 137.1 sec
 - d_sub 1800 : OOB 0.2510 : L 113 : T 141.2 sec
 - d_sub 1800 : OOB 0.2511 : L 114 : T 145.7 sec
 - d_sub 1800 : OOB 0.2508 : L 115 : T 150.9 sec
 - d_sub 1800 : OOB 0.2520 : L 116 : T 156.2 sec
 - d_sub 1800 : OOB 0.2509 : L 117 : T 161.2 sec
 - d_sub 1800 : OOB 0.2512 : L 118 : T 164.1 sec
 - d_sub 1800 : OOB 0.2503 : L 119 : T 166.5 sec
# -------------------------
optimal d_sub 1400 : OOB 0.2471 : L 141 : T 661.1 sec
Testing error: 0.2420
# -------------------------
# Ensemble classification
#  - Training samples: 10000 (5000/5000)
#  - Feature-space dimensionality: 22563
#  - L : automatic (min 25, max 500, length 50, eps 0.00500)
#  - d_sub : 300
#  - Seed 1 (subspaces) : 193092446
#  - Seed 2 (bootstrap) : 805652625
# -------------------------

 - d_sub 300 : OOB 0.4312 : L 1 : T 0.1 sec
 - d_sub 300 : OOB 0.4219 : L 2 : T 0.1 sec
 - d_sub 300 : OOB 0.4361 : L 3 : T 0.2 sec
 - d_sub 300 : OOB 0.4390 : L 4 : T 0.2 sec
 - d_sub 300 : OOB 0.3945 : L 5 : T 0.3 sec
 - d_sub 300 : OOB 0.3998 : L 6 : T 0.3 sec
 - d_sub 300 : OOB 0.3735 : L 7 : T 0.4 sec
 - d_sub 300 : OOB 0.3683 : L 8 : T 0.4 sec
 - d_sub 300 : OOB 0.3707 : L 9 : T 0.5 sec
 - d_sub 300 : OOB 0.3734 : L 10 : T 0.6 sec
 - d_sub 300 : OOB 0.3592 : L 11 : T 0.6 sec
 - d_sub 300 : OOB 0.3492 : L 12 : T 0.7 sec
 - d_sub 300 : OOB 0.3403 : L 13 : T 0.7 sec
 - d_sub 300 : OOB 0.3402 : L 14 : T 0.8 sec
 - d_sub 300 : OOB 0.3408 : L 15 : T 0.9 sec
 - d_sub 300 : OOB 0.3317 : L 16 : T 0.9 sec
 - d_sub 300 : OOB 0.3286 : L 17 : T 1.0 sec
 - d_sub 300 : OOB 0.3257 : L 18 : T 1.0 sec
 - d_sub 300 : OOB 0.3254 : L 19 : T 1.1 sec
 - d_sub 300 : OOB 0.3276 : L 20 : T 1.1 sec
 - d_sub 300 : OOB 0.3276 : L 21 : T 1.2 sec
 - d_sub 300 : OOB 0.3212 : L 22 : T 1.2 sec
 - d_sub 300 : OOB 0.3189 : L 23 : T 1.3 sec
 - d_sub 300 : OOB 0.3212 : L 24 : T 1.4 sec
 - d_sub 300 : OOB 0.3195 : L 25 : T 1.4 sec
 - d_sub 300 : OOB 0.3200 : L 26 : T 1.5 sec
 - d_sub 300 : OOB 0.3201 : L 27 : T 1.5 sec
 - d_sub 300 : OOB 0.3108 : L 28 : T 1.6 sec
 - d_sub 300 : OOB 0.3156 : L 29 : T 1.6 sec
 - d_sub 300 : OOB 0.3153 : L 30 : T 1.7 sec
 - d_sub 300 : OOB 0.3164 : L 31 : T 1.7 sec
 - d_sub 300 : OOB 0.3144 : L 32 : T 1.8 sec
 - d_sub 300 : OOB 0.3149 : L 33 : T 1.9 sec
 - d_sub 300 : OOB 0.3142 : L 34 : T 1.9 sec
 - d_sub 300 : OOB 0.3118 : L 35 : T 2.0 sec
 - d_sub 300 : OOB 0.3116 : L 36 : T 2.0 sec
 - d_sub 300 : OOB 0.3177 : L 37 : T 2.1 sec
 - d_sub 300 : OOB 0.3120 : L 38 : T 2.1 sec
 - d_sub 300 : OOB 0.3150 : L 39 : T 2.2 sec
 - d_sub 300 : OOB 0.3138 : L 40 : T 2.2 sec
 - d_sub 300 : OOB 0.3129 : L 41 : T 2.3 sec
 - d_sub 300 : OOB 0.3072 : L 42 : T 2.4 sec
 - d_sub 300 : OOB 0.3080 : L 43 : T 2.4 sec
 - d_sub 300 : OOB 0.3070 : L 44 : T 2.5 sec
 - d_sub 300 : OOB 0.3030 : L 45 : T 2.5 sec
 - d_sub 300 : OOB 0.3015 : L 46 : T 2.6 sec
 - d_sub 300 : OOB 0.3032 : L 47 : T 2.6 sec
 - d_sub 300 : OOB 0.3038 : L 48 : T 2.7 sec
 - d_sub 300 : OOB 0.3032 : L 49 : T 2.7 sec
 - d_sub 300 : OOB 0.3025 : L 50 : T 2.8 sec
 - d_sub 300 : OOB 0.3013 : L 51 : T 2.9 sec
 - d_sub 300 : OOB 0.2994 : L 52 : T 2.9 sec
 - d_sub 300 : OOB 0.3020 : L 53 : T 3.0 sec
 - d_sub 300 : OOB 0.3042 : L 54 : T 3.0 sec
 - d_sub 300 : OOB 0.3034 : L 55 : T 3.1 sec
 - d_sub 300 : OOB 0.3010 : L 56 : T 3.1 sec
 - d_sub 300 : OOB 0.3025 : L 57 : T 3.2 sec
 - d_sub 300 : OOB 0.3009 : L 58 : T 3.3 sec
 - d_sub 300 : OOB 0.3018 : L 59 : T 3.3 sec
 - d_sub 300 : OOB 0.2994 : L 60 : T 3.4 sec
 - d_sub 300 : OOB 0.3017 : L 61 : T 3.4 sec
 - d_sub 300 : OOB 0.3012 : L 62 : T 3.5 sec
 - d_sub 300 : OOB 0.2971 : L 63 : T 3.5 sec
 - d_sub 300 : OOB 0.3019 : L 64 : T 3.6 sec
 - d_sub 300 : OOB 0.3035 : L 65 : T 3.6 sec
 - d_sub 300 : OOB 0.3001 : L 66 : T 3.7 sec
 - d_sub 300 : OOB 0.3016 : L 67 : T 3.8 sec
 - d_sub 300 : OOB 0.3013 : L 68 : T 3.8 sec
 - d_sub 300 : OOB 0.2998 : L 69 : T 3.9 sec
 - d_sub 300 : OOB 0.2994 : L 70 : T 3.9 sec
 - d_sub 300 : OOB 0.2988 : L 71 : T 4.0 sec
 - d_sub 300 : OOB 0.2992 : L 72 : T 4.0 sec
 - d_sub 300 : OOB 0.2998 : L 73 : T 4.1 sec
 - d_sub 300 : OOB 0.2996 : L 74 : T 4.2 sec
 - d_sub 300 : OOB 0.2992 : L 75 : T 4.2 sec
 - d_sub 300 : OOB 0.2983 : L 76 : T 4.3 sec
 - d_sub 300 : OOB 0.3017 : L 77 : T 4.3 sec
 - d_sub 300 : OOB 0.2999 : L 78 : T 4.4 sec
 - d_sub 300 : OOB 0.2981 : L 79 : T 4.4 sec
 - d_sub 300 : OOB 0.2998 : L 80 : T 4.5 sec
 - d_sub 300 : OOB 0.2996 : L 81 : T 4.5 sec
 - d_sub 300 : OOB 0.2981 : L 82 : T 4.6 sec
 - d_sub 300 : OOB 0.2974 : L 83 : T 4.6 sec
 - d_sub 300 : OOB 0.2963 : L 84 : T 4.7 sec
 - d_sub 300 : OOB 0.2959 : L 85 : T 4.7 sec
 - d_sub 300 : OOB 0.2975 : L 86 : T 4.8 sec
 - d_sub 300 : OOB 0.2982 : L 87 : T 4.9 sec
 - d_sub 300 : OOB 0.2968 : L 88 : T 4.9 sec
 - d_sub 300 : OOB 0.2984 : L 89 : T 5.0 sec
 - d_sub 300 : OOB 0.2951 : L 90 : T 5.0 sec
 - d_sub 300 : OOB 0.3003 : L 91 : T 5.1 sec
 - d_sub 300 : OOB 0.2985 : L 92 : T 5.1 sec
 - d_sub 300 : OOB 0.2964 : L 93 : T 5.2 sec
 - d_sub 300 : OOB 0.2986 : L 94 : T 5.2 sec
 - d_sub 300 : OOB 0.2972 : L 95 : T 5.3 sec
 - d_sub 300 : OOB 0.2973 : L 96 : T 5.4 sec
 - d_sub 300 : OOB 0.2974 : L 97 : T 5.4 sec
 - d_sub 300 : OOB 0.2968 : L 98 : T 5.5 sec
 - d_sub 300 : OOB 0.2969 : L 99 : T 5.5 sec
 - d_sub 300 : OOB 0.2957 : L 100 : T 5.6 sec
 - d_sub 300 : OOB 0.2941 : L 101 : T 5.6 sec
 - d_sub 300 : OOB 0.2959 : L 102 : T 5.7 sec
 - d_sub 300 : OOB 0.2955 : L 103 : T 5.7 sec
 - d_sub 300 : OOB 0.2954 : L 104 : T 5.8 sec
 - d_sub 300 : OOB 0.2958 : L 105 : T 5.8 sec
 - d_sub 300 : OOB 0.2957 : L 106 : T 5.9 sec
 - d_sub 300 : OOB 0.2930 : L 107 : T 5.9 sec
 - d_sub 300 : OOB 0.2933 : L 108 : T 6.0 sec
 - d_sub 300 : OOB 0.2943 : L 109 : T 6.1 sec
 - d_sub 300 : OOB 0.2937 : L 110 : T 6.1 sec
 - d_sub 300 : OOB 0.2928 : L 111 : T 6.2 sec
 - d_sub 300 : OOB 0.2940 : L 112 : T 6.2 sec
 - d_sub 300 : OOB 0.2927 : L 113 : T 6.3 sec
 - d_sub 300 : OOB 0.2938 : L 114 : T 6.3 sec
 - d_sub 300 : OOB 0.2921 : L 115 : T 6.4 sec
 - d_sub 300 : OOB 0.2932 : L 116 : T 6.4 sec
 - d_sub 300 : OOB 0.2929 : L 117 : T 6.5 sec
 - d_sub 300 : OOB 0.2924 : L 118 : T 6.5 sec
 - d_sub 300 : OOB 0.2916 : L 119 : T 6.6 sec
 - d_sub 300 : OOB 0.2923 : L 120 : T 6.7 sec
 - d_sub 300 : OOB 0.2925 : L 121 : T 6.7 sec
 - d_sub 300 : OOB 0.2912 : L 122 : T 6.8 sec
 - d_sub 300 : OOB 0.2927 : L 123 : T 6.8 sec
 - d_sub 300 : OOB 0.2913 : L 124 : T 6.9 sec
 - d_sub 300 : OOB 0.2917 : L 125 : T 6.9 sec
 - d_sub 300 : OOB 0.2931 : L 126 : T 7.0 sec
 - d_sub 300 : OOB 0.2917 : L 127 : T 7.0 sec
 - d_sub 300 : OOB 0.2918 : L 128 : T 7.1 sec
 - d_sub 300 : OOB 0.2915 : L 129 : T 7.1 sec
 - d_sub 300 : OOB 0.2907 : L 130 : T 7.2 sec
 - d_sub 300 : OOB 0.2915 : L 131 : T 7.3 sec
 - d_sub 300 : OOB 0.2924 : L 132 : T 7.3 sec
 - d_sub 300 : OOB 0.2919 : L 133 : T 7.4 sec
 - d_sub 300 : OOB 0.2927 : L 134 : T 7.4 sec
 - d_sub 300 : OOB 0.2912 : L 135 : T 7.5 sec
 - d_sub 300 : OOB 0.2916 : L 136 : T 7.5 sec
 - d_sub 300 : OOB 0.2897 : L 137 : T 7.6 sec
 - d_sub 300 : OOB 0.2933 : L 138 : T 7.6 sec
 - d_sub 300 : OOB 0.2932 : L 139 : T 7.7 sec
 - d_sub 300 : OOB 0.2917 : L 140 : T 7.7 sec
 - d_sub 300 : OOB 0.2934 : L 141 : T 7.8 sec
 - d_sub 300 : OOB 0.2918 : L 142 : T 7.8 sec
 - d_sub 300 : OOB 0.2920 : L 143 : T 7.9 sec
 - d_sub 300 : OOB 0.2919 : L 144 : T 8.0 sec
 - d_sub 300 : OOB 0.2933 : L 145 : T 8.0 sec
 - d_sub 300 : OOB 0.2917 : L 146 : T 8.1 sec
# -------------------------
optimal d_sub 300 : OOB 0.2917 : L 146 : T 8.1 sec
# -------------------------
# Ensemble classification
#  - Training samples: 10000 (5000/5000)
#  - Feature-space dimensionality: 22563
#  - L : 30
#  - d_sub : 300
#  - Seed 1 (subspaces) : 483881692
#  - Seed 2 (bootstrap) : 51426877
# -------------------------

 - d_sub 300 : OOB 0.5020 : L 1 : T 0.0 sec
 - d_sub 300 : OOB 0.4984 : L 2 : T 0.1 sec
 - d_sub 300 : OOB 0.4481 : L 3 : T 0.2 sec
 - d_sub 300 : OOB 0.4022 : L 4 : T 0.2 sec
 - d_sub 300 : OOB 0.4074 : L 5 : T 0.3 sec
 - d_sub 300 : OOB 0.3877 : L 6 : T 0.3 sec
 - d_sub 300 : OOB 0.3905 : L 7 : T 0.3 sec
 - d_sub 300 : OOB 0.3859 : L 8 : T 0.4 sec
 - d_sub 300 : OOB 0.3858 : L 9 : T 0.5 sec
 - d_sub 300 : OOB 0.3827 : L 10 : T 0.5 sec
 - d_sub 300 : OOB 0.3610 : L 11 : T 0.6 sec
 - d_sub 300 : OOB 0.3628 : L 12 : T 0.6 sec
 - d_sub 300 : OOB 0.3462 : L 13 : T 0.7 sec
 - d_sub 300 : OOB 0.3459 : L 14 : T 0.7 sec
 - d_sub 300 : OOB 0.3424 : L 15 : T 0.8 sec
 - d_sub 300 : OOB 0.3478 : L 16 : T 0.8 sec
 - d_sub 300 : OOB 0.3492 : L 17 : T 0.9 sec
 - d_sub 300 : OOB 0.3511 : L 18 : T 0.9 sec
 - d_sub 300 : OOB 0.3380 : L 19 : T 1.0 sec
 - d_sub 300 : OOB 0.3291 : L 20 : T 1.0 sec
 - d_sub 300 : OOB 0.3321 : L 21 : T 1.1 sec
 - d_sub 300 : OOB 0.3261 : L 22 : T 1.1 sec
 - d_sub 300 : OOB 0.3236 : L 23 : T 1.2 sec
 - d_sub 300 : OOB 0.3170 : L 24 : T 1.2 sec
 - d_sub 300 : OOB 0.3162 : L 25 : T 1.3 sec
 - d_sub 300 : OOB 0.3181 : L 26 : T 1.3 sec
 - d_sub 300 : OOB 0.3176 : L 27 : T 1.4 sec
 - d_sub 300 : OOB 0.3156 : L 28 : T 1.4 sec
 - d_sub 300 : OOB 0.3174 : L 29 : T 1.5 sec
 - d_sub 300 : OOB 0.3154 : L 30 : T 1.5 sec
# -------------------------
optimal d_sub 300 : OOB 0.3154 : L 30 : T 1.5 sec
# -------------------------
# Ensemble classification
#  - Training samples: 10000 (5000/5000)
#  - Feature-space dimensionality: 22563
#  - L : 30
#  - d_sub : 300
#  - Seed 1 (subspaces) : 96409016
#  - Seed 2 (bootstrap) : 65368223
# -------------------------

 - d_sub 300 : OOB 0.4390 : L 1 : T 0.1 sec
 - d_sub 300 : OOB 0.4303 : L 2 : T 0.1 sec
 - d_sub 300 : OOB 0.4441 : L 3 : T 0.2 sec
 - d_sub 300 : OOB 0.4475 : L 4 : T 0.2 sec
 - d_sub 300 : OOB 0.4000 : L 5 : T 0.3 sec
 - d_sub 300 : OOB 0.4051 : L 6 : T 0.3 sec
 - d_sub 300 : OOB 0.4078 : L 7 : T 0.4 sec
 - d_sub 300 : OOB 0.4101 : L 8 : T 0.4 sec
 - d_sub 300 : OOB 0.4065 : L 9 : T 0.5 sec
 - d_sub 300 : OOB 0.3781 : L 10 : T 0.6 sec
 - d_sub 300 : OOB 0.3808 : L 11 : T 0.6 sec
 - d_sub 300 : OOB 0.3735 : L 12 : T 0.7 sec
 - d_sub 300 : OOB 0.3749 : L 13 : T 0.7 sec
 - d_sub 300 : OOB 0.3694 : L 14 : T 0.8 sec
 - d_sub 300 : OOB 0.3555 : L 15 : T 0.8 sec
 - d_sub 300 : OOB 0.3534 : L 16 : T 0.9 sec
 - d_sub 300 : OOB 0.3397 : L 17 : T 0.9 sec
 - d_sub 300 : OOB 0.3320 : L 18 : T 1.0 sec
 - d_sub 300 : OOB 0.3316 : L 19 : T 1.0 sec
 - d_sub 300 : OOB 0.3286 : L 20 : T 1.1 sec
 - d_sub 300 : OOB 0.3224 : L 21 : T 1.2 sec
 - d_sub 300 : OOB 0.3220 : L 22 : T 1.2 sec
 - d_sub 300 : OOB 0.3254 : L 23 : T 1.3 sec
 - d_sub 300 : OOB 0.3225 : L 24 : T 1.3 sec
 - d_sub 300 : OOB 0.3222 : L 25 : T 1.4 sec
 - d_sub 300 : OOB 0.3227 : L 26 : T 1.4 sec
 - d_sub 300 : OOB 0.3205 : L 27 : T 1.5 sec
 - d_sub 300 : OOB 0.3191 : L 28 : T 1.5 sec
 - d_sub 300 : OOB 0.3143 : L 29 : T 1.6 sec
 - d_sub 300 : OOB 0.3131 : L 30 : T 1.6 sec
# -------------------------
optimal d_sub 300 : OOB 0.3131 : L 30 : T 1.6 sec
# -------------------------
# Ensemble classification
#  - Training samples: 10000 (5000/5000)
#  - Feature-space dimensionality: 22563
#  - L : 30
#  - d_sub : 300
#  - Seed 1 (subspaces) : 928604619
#  - Seed 2 (bootstrap) : 426252208
# -------------------------

 - d_sub 300 : OOB 0.5020 : L 1 : T 0.1 sec
 - d_sub 300 : OOB 0.4392 : L 2 : T 0.1 sec
 - d_sub 300 : OOB 0.4416 : L 3 : T 0.2 sec
 - d_sub 300 : OOB 0.4031 : L 4 : T 0.2 sec
 - d_sub 300 : OOB 0.3965 : L 5 : T 0.3 sec
 - d_sub 300 : OOB 0.4002 : L 6 : T 0.3 sec
 - d_sub 300 : OOB 0.3882 : L 7 : T 0.4 sec
 - d_sub 300 : OOB 0.3938 : L 8 : T 0.4 sec
 - d_sub 300 : OOB 0.3737 : L 9 : T 0.5 sec
 - d_sub 300 : OOB 0.3708 : L 10 : T 0.5 sec
 - d_sub 300 : OOB 0.3616 : L 11 : T 0.6 sec
 - d_sub 300 : OOB 0.3596 : L 12 : T 0.6 sec
 - d_sub 300 : OOB 0.3603 : L 13 : T 0.7 sec
 - d_sub 300 : OOB 0.3500 : L 14 : T 0.7 sec
 - d_sub 300 : OOB 0.3459 : L 15 : T 0.8 sec
 - d_sub 300 : OOB 0.3428 : L 16 : T 0.9 sec
 - d_sub 300 : OOB 0.3343 : L 17 : T 0.9 sec
 - d_sub 300 : OOB 0.3284 : L 18 : T 1.0 sec
 - d_sub 300 : OOB 0.3280 : L 19 : T 1.0 sec
 - d_sub 300 : OOB 0.3272 : L 20 : T 1.1 sec
 - d_sub 300 : OOB 0.3244 : L 21 : T 1.1 sec
 - d_sub 300 : OOB 0.3207 : L 22 : T 1.2 sec
 - d_sub 300 : OOB 0.3186 : L 23 : T 1.2 sec
 - d_sub 300 : OOB 0.3195 : L 24 : T 1.3 sec
 - d_sub 300 : OOB 0.3144 : L 25 : T 1.3 sec
 - d_sub 300 : OOB 0.3087 : L 26 : T 1.4 sec
 - d_sub 300 : OOB 0.3102 : L 27 : T 1.4 sec
 - d_sub 300 : OOB 0.3092 : L 28 : T 1.5 sec
 - d_sub 300 : OOB 0.3047 : L 29 : T 1.5 sec
 - d_sub 300 : OOB 0.3052 : L 30 : T 1.6 sec
# -------------------------
optimal d_sub 300 : OOB 0.3052 : L 30 : T 1.6 sec
# -------------------------
# Ensemble classification
#  - Training samples: 10000 (5000/5000)
#  - Feature-space dimensionality: 22563
#  - L : 30
#  - d_sub : 300
#  - Seed 1 (subspaces) : 408428033
#  - Seed 2 (bootstrap) : 302968398
# -------------------------

 - d_sub 300 : OOB 0.4387 : L 1 : T 0.1 sec
 - d_sub 300 : OOB 0.3959 : L 2 : T 0.1 sec
 - d_sub 300 : OOB 0.3720 : L 3 : T 0.2 sec
 - d_sub 300 : OOB 0.3728 : L 4 : T 0.2 sec
 - d_sub 300 : OOB 0.3507 : L 5 : T 0.3 sec
 - d_sub 300 : OOB 0.3402 : L 6 : T 0.3 sec
 - d_sub 300 : OOB 0.3438 : L 7 : T 0.4 sec
 - d_sub 300 : OOB 0.3449 : L 8 : T 0.4 sec
 - d_sub 300 : OOB 0.3302 : L 9 : T 0.5 sec
 - d_sub 300 : OOB 0.3278 : L 10 : T 0.5 sec
 - d_sub 300 : OOB 0.3251 : L 11 : T 0.6 sec
 - d_sub 300 : OOB 0.3256 : L 12 : T 0.6 sec
 - d_sub 300 : OOB 0.3255 : L 13 : T 0.7 sec
 - d_sub 300 : OOB 0.3176 : L 14 : T 0.8 sec
 - d_sub 300 : OOB 0.3166 : L 15 : T 0.8 sec
 - d_sub 300 : OOB 0.3192 : L 16 : T 0.9 sec
 - d_sub 300 : OOB 0.3166 : L 17 : T 0.9 sec
 - d_sub 300 : OOB 0.3191 : L 18 : T 1.0 sec
 - d_sub 300 : OOB 0.3191 : L 19 : T 1.0 sec
 - d_sub 300 : OOB 0.3190 : L 20 : T 1.1 sec
 - d_sub 300 : OOB 0.3188 : L 21 : T 1.1 sec
 - d_sub 300 : OOB 0.3163 : L 22 : T 1.2 sec
 - d_sub 300 : OOB 0.3161 : L 23 : T 1.2 sec
 - d_sub 300 : OOB 0.3147 : L 24 : T 1.3 sec
 - d_sub 300 : OOB 0.3178 : L 25 : T 1.3 sec
 - d_sub 300 : OOB 0.3063 : L 26 : T 1.4 sec
 - d_sub 300 : OOB 0.3078 : L 27 : T 1.4 sec
 - d_sub 300 : OOB 0.3050 : L 28 : T 1.5 sec
 - d_sub 300 : OOB 0.3070 : L 29 : T 1.6 sec
 - d_sub 300 : OOB 0.3086 : L 30 : T 1.6 sec
# -------------------------
optimal d_sub 300 : OOB 0.3086 : L 30 : T 1.6 sec
# -------------------------
# Ensemble classification
#  - Training samples: 10000 (5000/5000)
#  - Feature-space dimensionality: 22563
#  - L : 30
#  - d_sub : 300
#  - Seed 1 (subspaces) : 197127133
#  - Seed 2 (bootstrap) : 902784107
# -------------------------

 - d_sub 300 : OOB 0.5020 : L 1 : T 0.1 sec
 - d_sub 300 : OOB 0.4389 : L 2 : T 0.1 sec
 - d_sub 300 : OOB 0.4420 : L 3 : T 0.2 sec
 - d_sub 300 : OOB 0.4400 : L 4 : T 0.2 sec
 - d_sub 300 : OOB 0.4392 : L 5 : T 0.3 sec
 - d_sub 300 : OOB 0.3977 : L 6 : T 0.3 sec
 - d_sub 300 : OOB 0.3979 : L 7 : T 0.4 sec
 - d_sub 300 : OOB 0.3736 : L 8 : T 0.4 sec
 - d_sub 300 : OOB 0.3582 : L 9 : T 0.5 sec
 - d_sub 300 : OOB 0.3618 : L 10 : T 0.6 sec
 - d_sub 300 : OOB 0.3425 : L 11 : T 0.6 sec
 - d_sub 300 : OOB 0.3451 : L 12 : T 0.7 sec
 - d_sub 300 : OOB 0.3431 : L 13 : T 0.7 sec
 - d_sub 300 : OOB 0.3441 : L 14 : T 0.8 sec
 - d_sub 300 : OOB 0.3399 : L 15 : T 0.8 sec
 - d_sub 300 : OOB 0.3464 : L 16 : T 0.9 sec
 - d_sub 300 : OOB 0.3367 : L 17 : T 0.9 sec
 - d_sub 300 : OOB 0.3334 : L 18 : T 1.0 sec
 - d_sub 300 : OOB 0.3317 : L 19 : T 1.0 sec
 - d_sub 300 : OOB 0.3280 : L 20 : T 1.1 sec
 - d_sub 300 : OOB 0.3254 : L 21 : T 1.1 sec
 - d_sub 300 : OOB 0.3181 : L 22 : T 1.2 sec
 - d_sub 300 : OOB 0.3176 : L 23 : T 1.2 sec
 - d_sub 300 : OOB 0.3171 : L 24 : T 1.3 sec
 - d_sub 300 : OOB 0.3152 : L 25 : T 1.3 sec
 - d_sub 300 : OOB 0.3085 : L 26 : T 1.4 sec
 - d_sub 300 : OOB 0.3042 : L 27 : T 1.5 sec
 - d_sub 300 : OOB 0.3047 : L 28 : T 1.5 sec
 - d_sub 300 : OOB 0.3104 : L 29 : T 1.6 sec
 - d_sub 300 : OOB 0.3066 : L 30 : T 1.6 sec
# -------------------------
optimal d_sub 300 : OOB 0.3066 : L 30 : T 1.6 sec
# -------------------------
# Ensemble classification
#  - Training samples: 10000 (5000/5000)
#  - Feature-space dimensionality: 22563
#  - L : 30
#  - d_sub : 300
#  - Seed 1 (subspaces) : 956146398
#  - Seed 2 (bootstrap) : 516473586
# -------------------------

 - d_sub 300 : OOB 0.5020 : L 1 : T 0.1 sec
 - d_sub 300 : OOB 0.4984 : L 2 : T 0.1 sec
 - d_sub 300 : OOB 0.4429 : L 3 : T 0.2 sec
 - d_sub 300 : OOB 0.3941 : L 4 : T 0.2 sec
 - d_sub 300 : OOB 0.3972 : L 5 : T 0.3 sec
 - d_sub 300 : OOB 0.3734 : L 6 : T 0.3 sec
 - d_sub 300 : OOB 0.3744 : L 7 : T 0.4 sec
 - d_sub 300 : OOB 0.3681 : L 8 : T 0.4 sec
 - d_sub 300 : OOB 0.3522 : L 9 : T 0.5 sec
 - d_sub 300 : OOB 0.3525 : L 10 : T 0.6 sec
 - d_sub 300 : OOB 0.3427 : L 11 : T 0.6 sec
 - d_sub 300 : OOB 0.3398 : L 12 : T 0.7 sec
 - d_sub 300 : OOB 0.3295 : L 13 : T 0.7 sec
 - d_sub 300 : OOB 0.3283 : L 14 : T 0.8 sec
 - d_sub 300 : OOB 0.3247 : L 15 : T 0.8 sec
 - d_sub 300 : OOB 0.3193 : L 16 : T 0.9 sec
 - d_sub 300 : OOB 0.3240 : L 17 : T 0.9 sec
 - d_sub 300 : OOB 0.3178 : L 18 : T 1.0 sec
 - d_sub 300 : OOB 0.3150 : L 19 : T 1.1 sec
 - d_sub 300 : OOB 0.3160 : L 20 : T 1.1 sec
 - d_sub 300 : OOB 0.3195 : L 21 : T 1.2 sec
 - d_sub 300 : OOB 0.3152 : L 22 : T 1.2 sec
 - d_sub 300 : OOB 0.3166 : L 23 : T 1.3 sec
 - d_sub 300 : OOB 0.3125 : L 24 : T 1.3 sec
 - d_sub 300 : OOB 0.3147 : L 25 : T 1.4 sec
 - d_sub 300 : OOB 0.3140 : L 26 : T 1.5 sec
 - d_sub 300 : OOB 0.3106 : L 27 : T 1.5 sec
 - d_sub 300 : OOB 0.3131 : L 28 : T 1.6 sec
 - d_sub 300 : OOB 0.3082 : L 29 : T 1.6 sec
 - d_sub 300 : OOB 0.3111 : L 30 : T 1.7 sec
# -------------------------
optimal d_sub 300 : OOB 0.3111 : L 30 : T 1.7 sec
# -------------------------
# Ensemble classification
#  - Training samples: 10000 (5000/5000)
#  - Feature-space dimensionality: 22563
#  - L : 30
#  - d_sub : 300
#  - Seed 1 (subspaces) : 217238697
#  - Seed 2 (bootstrap) : 998280018
# -------------------------

 - d_sub 300 : OOB 0.4338 : L 1 : T 0.1 sec
 - d_sub 300 : OOB 0.4249 : L 2 : T 0.1 sec
 - d_sub 300 : OOB 0.4399 : L 3 : T 0.2 sec
 - d_sub 300 : OOB 0.4031 : L 4 : T 0.2 sec
 - d_sub 300 : OOB 0.4048 : L 5 : T 0.3 sec
 - d_sub 300 : OOB 0.3971 : L 6 : T 0.3 sec
 - d_sub 300 : OOB 0.4029 : L 7 : T 0.4 sec
 - d_sub 300 : OOB 0.3670 : L 8 : T 0.5 sec
 - d_sub 300 : OOB 0.3734 : L 9 : T 0.5 sec
 - d_sub 300 : OOB 0.3559 : L 10 : T 0.6 sec
 - d_sub 300 : OOB 0.3386 : L 11 : T 0.6 sec
 - d_sub 300 : OOB 0.3333 : L 12 : T 0.7 sec
 - d_sub 300 : OOB 0.3229 : L 13 : T 0.7 sec
 - d_sub 300 : OOB 0.3255 : L 14 : T 0.8 sec
 - d_sub 300 : OOB 0.3183 : L 15 : T 0.8 sec
 - d_sub 300 : OOB 0.3189 : L 16 : T 0.9 sec
 - d_sub 300 : OOB 0.3173 : L 17 : T 1.0 sec
 - d_sub 300 : OOB 0.3199 : L 18 : T 1.0 sec
 - d_sub 300 : OOB 0.3164 : L 19 : T 1.1 sec
 - d_sub 300 : OOB 0.3175 : L 20 : T 1.1 sec
 - d_sub 300 : OOB 0.3177 : L 21 : T 1.2 sec
 - d_sub 300 : OOB 0.3196 : L 22 : T 1.2 sec
 - d_sub 300 : OOB 0.3100 : L 23 : T 1.3 sec
 - d_sub 300 : OOB 0.3120 : L 24 : T 1.3 sec
 - d_sub 300 : OOB 0.3109 : L 25 : T 1.4 sec
 - d_sub 300 : OOB 0.3081 : L 26 : T 1.4 sec
 - d_sub 300 : OOB 0.3091 : L 27 : T 1.5 sec
 - d_sub 300 : OOB 0.3061 : L 28 : T 1.6 sec
 - d_sub 300 : OOB 0.3066 : L 29 : T 1.6 sec
 - d_sub 300 : OOB 0.3108 : L 30 : T 1.7 sec
# -------------------------
optimal d_sub 300 : OOB 0.3108 : L 30 : T 1.7 sec
# -------------------------
# Ensemble classification
#  - Training samples: 10000 (5000/5000)
#  - Feature-space dimensionality: 22563
#  - L : 30
#  - d_sub : 300
#  - Seed 1 (subspaces) : 134263087
#  - Seed 2 (bootstrap) : 765016424
# -------------------------

 - d_sub 300 : OOB 0.4336 : L 1 : T 0.1 sec
 - d_sub 300 : OOB 0.4243 : L 2 : T 0.1 sec
 - d_sub 300 : OOB 0.4385 : L 3 : T 0.2 sec
 - d_sub 300 : OOB 0.4414 : L 4 : T 0.2 sec
 - d_sub 300 : OOB 0.3920 : L 5 : T 0.3 sec
 - d_sub 300 : OOB 0.3967 : L 6 : T 0.3 sec
 - d_sub 300 : OOB 0.3999 : L 7 : T 0.4 sec
 - d_sub 300 : OOB 0.3734 : L 8 : T 0.5 sec
 - d_sub 300 : OOB 0.3671 : L 9 : T 0.5 sec
 - d_sub 300 : OOB 0.3649 : L 10 : T 0.6 sec
 - d_sub 300 : OOB 0.3641 : L 11 : T 0.6 sec
 - d_sub 300 : OOB 0.3547 : L 12 : T 0.7 sec
 - d_sub 300 : OOB 0.3530 : L 13 : T 0.7 sec
 - d_sub 300 : OOB 0.3450 : L 14 : T 0.8 sec
 - d_sub 300 : OOB 0.3404 : L 15 : T 0.8 sec
 - d_sub 300 : OOB 0.3336 : L 16 : T 0.9 sec
 - d_sub 300 : OOB 0.3295 : L 17 : T 0.9 sec
 - d_sub 300 : OOB 0.3284 : L 18 : T 1.0 sec
 - d_sub 300 : OOB 0.3223 : L 19 : T 1.0 sec
 - d_sub 300 : OOB 0.3164 : L 20 : T 1.1 sec
 - d_sub 300 : OOB 0.3191 : L 21 : T 1.2 sec
 - d_sub 300 : OOB 0.3175 : L 22 : T 1.2 sec
 - d_sub 300 : OOB 0.3198 : L 23 : T 1.3 sec
 - d_sub 300 : OOB 0.3149 : L 24 : T 1.3 sec
 - d_sub 300 : OOB 0.3132 : L 25 : T 1.4 sec
 - d_sub 300 : OOB 0.3175 : L 26 : T 1.4 sec
 - d_sub 300 : OOB 0.3152 : L 27 : T 1.5 sec
 - d_sub 300 : OOB 0.3166 : L 28 : T 1.5 sec
 - d_sub 300 : OOB 0.3132 : L 29 : T 1.6 sec
 - d_sub 300 : OOB 0.3106 : L 30 : T 1.6 sec
# -------------------------
optimal d_sub 300 : OOB 0.3106 : L 30 : T 1.6 sec
# -------------------------
# Ensemble classification
#  - Training samples: 10000 (5000/5000)
#  - Feature-space dimensionality: 22563
#  - L : 30
#  - d_sub : 300
#  - Seed 1 (subspaces) : 68475365
#  - Seed 2 (bootstrap) : 729436897
# -------------------------

 - d_sub 300 : OOB 0.5020 : L 1 : T 0.1 sec
 - d_sub 300 : OOB 0.4984 : L 2 : T 0.1 sec
 - d_sub 300 : OOB 0.5051 : L 3 : T 0.2 sec
 - d_sub 300 : OOB 0.4458 : L 4 : T 0.2 sec
 - d_sub 300 : OOB 0.4341 : L 5 : T 0.3 sec
 - d_sub 300 : OOB 0.4431 : L 6 : T 0.3 sec
 - d_sub 300 : OOB 0.4423 : L 7 : T 0.4 sec
 - d_sub 300 : OOB 0.4403 : L 8 : T 0.4 sec
 - d_sub 300 : OOB 0.4427 : L 9 : T 0.5 sec
 - d_sub 300 : OOB 0.4008 : L 10 : T 0.5 sec
 - d_sub 300 : OOB 0.4043 : L 11 : T 0.6 sec
 - d_sub 300 : OOB 0.3795 : L 12 : T 0.6 sec
 - d_sub 300 : OOB 0.3643 : L 13 : T 0.7 sec
 - d_sub 300 : OOB 0.3586 : L 14 : T 0.7 sec
 - d_sub 300 : OOB 0.3640 : L 15 : T 0.8 sec
 - d_sub 300 : OOB 0.3595 : L 16 : T 0.8 sec
 - d_sub 300 : OOB 0.3657 : L 17 : T 0.9 sec
 - d_sub 300 : OOB 0.3513 : L 18 : T 0.9 sec
 - d_sub 300 : OOB 0.3406 : L 19 : T 1.0 sec
 - d_sub 300 : OOB 0.3384 : L 20 : T 1.1 sec
 - d_sub 300 : OOB 0.3385 : L 21 : T 1.1 sec
 - d_sub 300 : OOB 0.3411 : L 22 : T 1.2 sec
 - d_sub 300 : OOB 0.3389 : L 23 : T 1.2 sec
 - d_sub 300 : OOB 0.3386 : L 24 : T 1.3 sec
 - d_sub 300 : OOB 0.3347 : L 25 : T 1.3 sec
 - d_sub 300 : OOB 0.3258 : L 26 : T 1.4 sec
 - d_sub 300 : OOB 0.3312 : L 27 : T 1.4 sec
 - d_sub 300 : OOB 0.3290 : L 28 : T 1.5 sec
 - d_sub 300 : OOB 0.3275 : L 29 : T 1.5 sec
 - d_sub 300 : OOB 0.3236 : L 30 : T 1.6 sec
# -------------------------
optimal d_sub 300 : OOB 0.3236 : L 30 : T 1.6 sec
# -------------------------
# Ensemble classification
#  - Training samples: 10000 (5000/5000)
#  - Feature-space dimensionality: 22563
#  - L : 30
#  - d_sub : 300
#  - Seed 1 (subspaces) : 257656855
#  - Seed 2 (bootstrap) : 519723995
# -------------------------

 - d_sub 300 : OOB 0.4339 : L 1 : T 0.1 sec
 - d_sub 300 : OOB 0.4254 : L 2 : T 0.1 sec
 - d_sub 300 : OOB 0.4045 : L 3 : T 0.2 sec
 - d_sub 300 : OOB 0.3730 : L 4 : T 0.2 sec
 - d_sub 300 : OOB 0.3749 : L 5 : T 0.3 sec
 - d_sub 300 : OOB 0.3580 : L 6 : T 0.3 sec
 - d_sub 300 : OOB 0.3510 : L 7 : T 0.4 sec
 - d_sub 300 : OOB 0.3505 : L 8 : T 0.4 sec
 - d_sub 300 : OOB 0.3429 : L 9 : T 0.5 sec
 - d_sub 300 : OOB 0.3339 : L 10 : T 0.5 sec
 - d_sub 300 : OOB 0.3330 : L 11 : T 0.6 sec
 - d_sub 300 : OOB 0.3334 : L 12 : T 0.6 sec
 - d_sub 300 : OOB 0.3240 : L 13 : T 0.7 sec
 - d_sub 300 : OOB 0.3192 : L 14 : T 0.7 sec
 - d_sub 300 : OOB 0.3159 : L 15 : T 0.8 sec
 - d_sub 300 : OOB 0.3158 : L 16 : T 0.9 sec
 - d_sub 300 : OOB 0.3157 : L 17 : T 0.9 sec
 - d_sub 300 : OOB 0.3165 : L 18 : T 1.0 sec
 - d_sub 300 : OOB 0.3132 : L 19 : T 1.0 sec
 - d_sub 300 : OOB 0.3139 : L 20 : T 1.1 sec
 - d_sub 300 : OOB 0.3150 : L 21 : T 1.1 sec
 - d_sub 300 : OOB 0.3093 : L 22 : T 1.2 sec
 - d_sub 300 : OOB 0.3072 : L 23 : T 1.2 sec
 - d_sub 300 : OOB 0.3101 : L 24 : T 1.3 sec
 - d_sub 300 : OOB 0.3044 : L 25 : T 1.3 sec
 - d_sub 300 : OOB 0.3035 : L 26 : T 1.4 sec
 - d_sub 300 : OOB 0.3087 : L 27 : T 1.4 sec
 - d_sub 300 : OOB 0.3038 : L 28 : T 1.5 sec
 - d_sub 300 : OOB 0.3011 : L 29 : T 1.5 sec
 - d_sub 300 : OOB 0.3006 : L 30 : T 1.6 sec
# -------------------------
optimal d_sub 300 : OOB 0.3006 : L 30 : T 1.6 sec
# -------------------------
# Ensemble classification
#  - Training samples: 10000 (5000/5000)
#  - Feature-space dimensionality: 22563
#  - L : 30
#  - d_sub : 300
#  - Seed 1 (subspaces) : 600313356
#  - Seed 2 (bootstrap) : 459080959
# -------------------------

 - d_sub 300 : OOB 0.5020 : L 1 : T 0.0 sec
 - d_sub 300 : OOB 0.4984 : L 2 : T 0.1 sec
 - d_sub 300 : OOB 0.5051 : L 3 : T 0.1 sec
 - d_sub 300 : OOB 0.5068 : L 4 : T 0.2 sec
 - d_sub 300 : OOB 0.5025 : L 5 : T 0.2 sec
 - d_sub 300 : OOB 0.4397 : L 6 : T 0.3 sec
 - d_sub 300 : OOB 0.3970 : L 7 : T 0.4 sec
 - d_sub 300 : OOB 0.3938 : L 8 : T 0.4 sec
 - d_sub 300 : OOB 0.3726 : L 9 : T 0.5 sec
 - d_sub 300 : OOB 0.3677 : L 10 : T 0.5 sec
 - d_sub 300 : OOB 0.3530 : L 11 : T 0.6 sec
 - d_sub 300 : OOB 0.3562 : L 12 : T 0.6 sec
 - d_sub 300 : OOB 0.3566 : L 13 : T 0.7 sec
 - d_sub 300 : OOB 0.3558 : L 14 : T 0.7 sec
 - d_sub 300 : OOB 0.3525 : L 15 : T 0.8 sec
 - d_sub 300 : OOB 0.3579 : L 16 : T 0.8 sec
 - d_sub 300 : OOB 0.3526 : L 17 : T 0.9 sec
 - d_sub 300 : OOB 0.3472 : L 18 : T 0.9 sec
 - d_sub 300 : OOB 0.3476 : L 19 : T 1.0 sec
 - d_sub 300 : OOB 0.3495 : L 20 : T 1.0 sec
 - d_sub 300 : OOB 0.3491 : L 21 : T 1.1 sec
 - d_sub 300 : OOB 0.3482 : L 22 : T 1.1 sec
 - d_sub 300 : OOB 0.3403 : L 23 : T 1.2 sec
 - d_sub 300 : OOB 0.3377 : L 24 : T 1.2 sec
 - d_sub 300 : OOB 0.3356 : L 25 : T 1.3 sec
 - d_sub 300 : OOB 0.3297 : L 26 : T 1.3 sec
 - d_sub 300 : OOB 0.3353 : L 27 : T 1.4 sec
 - d_sub 300 : OOB 0.3316 : L 28 : T 1.4 sec
 - d_sub 300 : OOB 0.3336 : L 29 : T 1.5 sec
 - d_sub 300 : OOB 0.3303 : L 30 : T 1.5 sec
# -------------------------
optimal d_sub 300 : OOB 0.3303 : L 30 : T 1.5 sec
# -------------------------
Average OOB error = 0.31205 (+/- 0.00877)
# -------------------------
# Ensemble classification
#  - Training samples: 10000 (5000/5000)
#  - Feature-space dimensionality: 22563
#  - L : 30
#  - d_sub : 300
#  - Seed 1 (subspaces) : 5
#  - Seed 2 (bootstrap) : 73
# -------------------------

 - d_sub 300 : OOB 0.4336 : L 1 : T 0.1 sec
 - d_sub 300 : OOB 0.4242 : L 2 : T 0.1 sec
 - d_sub 300 : OOB 0.4394 : L 3 : T 0.2 sec
 - d_sub 300 : OOB 0.4395 : L 4 : T 0.2 sec
 - d_sub 300 : OOB 0.4314 : L 5 : T 0.3 sec
 - d_sub 300 : OOB 0.4412 : L 6 : T 0.3 sec
 - d_sub 300 : OOB 0.3994 : L 7 : T 0.4 sec
 - d_sub 300 : OOB 0.4021 : L 8 : T 0.4 sec
 - d_sub 300 : OOB 0.3809 : L 9 : T 0.5 sec
 - d_sub 300 : OOB 0.3756 : L 10 : T 0.5 sec
 - d_sub 300 : OOB 0.3711 : L 11 : T 0.6 sec
 - d_sub 300 : OOB 0.3568 : L 12 : T 0.6 sec
 - d_sub 300 : OOB 0.3530 : L 13 : T 0.7 sec
 - d_sub 300 : OOB 0.3385 : L 14 : T 0.7 sec
 - d_sub 300 : OOB 0.3443 : L 15 : T 0.8 sec
 - d_sub 300 : OOB 0.3386 : L 16 : T 0.9 sec
 - d_sub 300 : OOB 0.3295 : L 17 : T 0.9 sec
 - d_sub 300 : OOB 0.3281 : L 18 : T 1.0 sec
 - d_sub 300 : OOB 0.3246 : L 19 : T 1.0 sec
 - d_sub 300 : OOB 0.3243 : L 20 : T 1.1 sec
 - d_sub 300 : OOB 0.3273 : L 21 : T 1.1 sec
 - d_sub 300 : OOB 0.3181 : L 22 : T 1.2 sec
 - d_sub 300 : OOB 0.3184 : L 23 : T 1.2 sec
 - d_sub 300 : OOB 0.3152 : L 24 : T 1.3 sec
 - d_sub 300 : OOB 0.3145 : L 25 : T 1.3 sec
 - d_sub 300 : OOB 0.3136 : L 26 : T 1.4 sec
 - d_sub 300 : OOB 0.3097 : L 27 : T 1.4 sec
 - d_sub 300 : OOB 0.3062 : L 28 : T 1.5 sec
 - d_sub 300 : OOB 0.3049 : L 29 : T 1.5 sec
 - d_sub 300 : OOB 0.3036 : L 30 : T 1.6 sec
# -------------------------
optimal d_sub 300 : OOB 0.3036 : L 30 : T 1.6 sec
OOB error = 0.3221
optimal d_sub 300 : OOB 0.3169 : L 30 : T 1.6 sec
optimal d_sub 300 : OOB 0.2930 : L 170 : T 9.9 sec
Testing error 1: 0.2897
optimal d_sub 300 : OOB 0.2926 : L 142 : T 8.4 sec
Testing error 2: 0.2858
optimal d_sub 300 : OOB 0.3025 : L 175 : T 9.8 sec
Testing error 3: 0.2859
optimal d_sub 300 : OOB 0.2949 : L 187 : T 10.8 sec
Testing error 4: 0.2859
optimal d_sub 300 : OOB 0.2898 : L 113 : T 6.7 sec
Testing error 5: 0.2858
optimal d_sub 300 : OOB 0.2842 : L 86 : T 5.1 sec
Testing error 6: 0.2843
optimal d_sub 300 : OOB 0.2966 : L 135 : T 7.7 sec
Testing error 7: 0.2802
optimal d_sub 300 : OOB 0.2861 : L 77 : T 4.5 sec
Testing error 8: 0.2801
optimal d_sub 300 : OOB 0.2974 : L 200 : T 11.2 sec
Testing error 9: 0.2789
optimal d_sub 300 : OOB 0.3022 : L 149 : T 8.1 sec
Testing error 10: 0.2782
---
Average testing error over 10 splits: 0.2835 (+/- 0.0038)
