# -------------------------
# Ensemble classification
#  - Training samples: 10000 (5000/5000)
#  - Feature-space dimensionality: 18157
#  - L : automatic (min 25, max 500, length 50, eps 0.00500)
#  - d_sub : automatic (Eoob tolerance 0.0200, step 200)
#  - Seed 1 (subspaces) : 850644371
#  - Seed 2 (bootstrap) : 48188627
# -------------------------

 - d_sub 200 : OOB 0.4679 : L 1 : T 0.0 sec
 - d_sub 200 : OOB 0.4444 : L 2 : T 0.1 sec
 - d_sub 200 : OOB 0.4316 : L 3 : T 0.1 sec
 - d_sub 200 : OOB 0.4260 : L 4 : T 0.1 sec
 - d_sub 200 : OOB 0.4088 : L 5 : T 0.1 sec
 - d_sub 200 : OOB 0.4055 : L 6 : T 0.2 sec
 - d_sub 200 : OOB 0.4090 : L 7 : T 0.2 sec
 - d_sub 200 : OOB 0.4039 : L 8 : T 0.2 sec
 - d_sub 200 : OOB 0.4032 : L 9 : T 0.3 sec
 - d_sub 200 : OOB 0.3978 : L 10 : T 0.3 sec
 - d_sub 200 : OOB 0.4007 : L 11 : T 0.3 sec
 - d_sub 200 : OOB 0.3942 : L 12 : T 0.3 sec
 - d_sub 200 : OOB 0.3951 : L 13 : T 0.4 sec
 - d_sub 200 : OOB 0.3952 : L 14 : T 0.4 sec
 - d_sub 200 : OOB 0.3936 : L 15 : T 0.4 sec
 - d_sub 200 : OOB 0.3913 : L 16 : T 0.4 sec
 - d_sub 200 : OOB 0.3892 : L 17 : T 0.5 sec
 - d_sub 200 : OOB 0.3880 : L 18 : T 0.5 sec
 - d_sub 200 : OOB 0.3906 : L 19 : T 0.5 sec
 - d_sub 200 : OOB 0.3865 : L 20 : T 0.6 sec
 - d_sub 200 : OOB 0.3827 : L 21 : T 0.6 sec
 - d_sub 200 : OOB 0.3830 : L 22 : T 0.6 sec
 - d_sub 200 : OOB 0.3836 : L 23 : T 0.6 sec
 - d_sub 200 : OOB 0.3821 : L 24 : T 0.7 sec
 - d_sub 200 : OOB 0.3815 : L 25 : T 0.7 sec
 - d_sub 200 : OOB 0.3844 : L 26 : T 0.7 sec
 - d_sub 200 : OOB 0.3843 : L 27 : T 0.7 sec
 - d_sub 200 : OOB 0.3829 : L 28 : T 0.8 sec
 - d_sub 200 : OOB 0.3821 : L 29 : T 0.8 sec
 - d_sub 200 : OOB 0.3806 : L 30 : T 0.8 sec
 - d_sub 200 : OOB 0.3797 : L 31 : T 0.9 sec
 - d_sub 200 : OOB 0.3829 : L 32 : T 0.9 sec
 - d_sub 200 : OOB 0.3798 : L 33 : T 0.9 sec
 - d_sub 200 : OOB 0.3787 : L 34 : T 0.9 sec
 - d_sub 200 : OOB 0.3806 : L 35 : T 1.0 sec
 - d_sub 200 : OOB 0.3791 : L 36 : T 1.0 sec
 - d_sub 200 : OOB 0.3795 : L 37 : T 1.0 sec
 - d_sub 200 : OOB 0.3788 : L 38 : T 1.1 sec
 - d_sub 200 : OOB 0.3801 : L 39 : T 1.1 sec
 - d_sub 200 : OOB 0.3823 : L 40 : T 1.1 sec
 - d_sub 200 : OOB 0.3800 : L 41 : T 1.2 sec
 - d_sub 200 : OOB 0.3792 : L 42 : T 1.2 sec
 - d_sub 200 : OOB 0.3825 : L 43 : T 1.2 sec
 - d_sub 200 : OOB 0.3804 : L 44 : T 1.2 sec
 - d_sub 200 : OOB 0.3797 : L 45 : T 1.3 sec
 - d_sub 200 : OOB 0.3799 : L 46 : T 1.3 sec
 - d_sub 200 : OOB 0.3802 : L 47 : T 1.3 sec
 - d_sub 200 : OOB 0.3786 : L 48 : T 1.4 sec
 - d_sub 200 : OOB 0.3781 : L 49 : T 1.4 sec
 - d_sub 200 : OOB 0.3770 : L 50 : T 1.4 sec
 - d_sub 200 : OOB 0.3793 : L 51 : T 1.5 sec
 - d_sub 200 : OOB 0.3776 : L 52 : T 1.5 sec
 - d_sub 200 : OOB 0.3789 : L 53 : T 1.5 sec
 - d_sub 200 : OOB 0.3772 : L 54 : T 1.6 sec
 - d_sub 200 : OOB 0.3802 : L 55 : T 1.6 sec
 - d_sub 200 : OOB 0.3777 : L 56 : T 1.6 sec
 - d_sub 200 : OOB 0.3788 : L 57 : T 1.6 sec
 - d_sub 200 : OOB 0.3786 : L 58 : T 1.7 sec
 - d_sub 200 : OOB 0.3811 : L 59 : T 1.7 sec
 - d_sub 200 : OOB 0.3789 : L 60 : T 1.7 sec
 - d_sub 200 : OOB 0.3791 : L 61 : T 1.8 sec
 - d_sub 200 : OOB 0.3776 : L 62 : T 1.8 sec
 - d_sub 200 : OOB 0.3779 : L 63 : T 1.8 sec
 - d_sub 200 : OOB 0.3796 : L 64 : T 1.9 sec
 - d_sub 200 : OOB 0.3793 : L 65 : T 1.9 sec
 - d_sub 200 : OOB 0.3778 : L 66 : T 1.9 sec
 - d_sub 200 : OOB 0.3774 : L 67 : T 1.9 sec
 - d_sub 200 : OOB 0.3790 : L 68 : T 2.0 sec
 - d_sub 200 : OOB 0.3774 : L 69 : T 2.0 sec
 - d_sub 200 : OOB 0.3790 : L 70 : T 2.0 sec
 - d_sub 200 : OOB 0.3767 : L 71 : T 2.1 sec
 - d_sub 200 : OOB 0.3783 : L 72 : T 2.1 sec
 - d_sub 200 : OOB 0.3781 : L 73 : T 2.1 sec
 - d_sub 200 : OOB 0.3788 : L 74 : T 2.2 sec
 - d_sub 200 : OOB 0.3774 : L 75 : T 2.2 sec
 - d_sub 200 : OOB 0.3768 : L 76 : T 2.2 sec

 - d_sub 400 : OOB 0.4574 : L 1 : T 0.1 sec
 - d_sub 400 : OOB 0.4291 : L 2 : T 0.1 sec
 - d_sub 400 : OOB 0.4130 : L 3 : T 0.2 sec
 - d_sub 400 : OOB 0.4045 : L 4 : T 0.2 sec
 - d_sub 400 : OOB 0.3919 : L 5 : T 0.3 sec
 - d_sub 400 : OOB 0.3833 : L 6 : T 0.4 sec
 - d_sub 400 : OOB 0.3846 : L 7 : T 0.4 sec
 - d_sub 400 : OOB 0.3768 : L 8 : T 0.5 sec
 - d_sub 400 : OOB 0.3746 : L 9 : T 0.6 sec
 - d_sub 400 : OOB 0.3733 : L 10 : T 0.6 sec
 - d_sub 400 : OOB 0.3697 : L 11 : T 0.7 sec
 - d_sub 400 : OOB 0.3706 : L 12 : T 0.7 sec
 - d_sub 400 : OOB 0.3637 : L 13 : T 0.8 sec
 - d_sub 400 : OOB 0.3674 : L 14 : T 0.9 sec
 - d_sub 400 : OOB 0.3612 : L 15 : T 0.9 sec
 - d_sub 400 : OOB 0.3643 : L 16 : T 1.0 sec
 - d_sub 400 : OOB 0.3633 : L 17 : T 1.0 sec
 - d_sub 400 : OOB 0.3598 : L 18 : T 1.1 sec
 - d_sub 400 : OOB 0.3596 : L 19 : T 1.2 sec
 - d_sub 400 : OOB 0.3584 : L 20 : T 1.2 sec
 - d_sub 400 : OOB 0.3590 : L 21 : T 1.3 sec
 - d_sub 400 : OOB 0.3597 : L 22 : T 1.3 sec
 - d_sub 400 : OOB 0.3589 : L 23 : T 1.4 sec
 - d_sub 400 : OOB 0.3579 : L 24 : T 1.4 sec
 - d_sub 400 : OOB 0.3574 : L 25 : T 1.5 sec
 - d_sub 400 : OOB 0.3560 : L 26 : T 1.6 sec
 - d_sub 400 : OOB 0.3567 : L 27 : T 1.6 sec
 - d_sub 400 : OOB 0.3580 : L 28 : T 1.7 sec
 - d_sub 400 : OOB 0.3562 : L 29 : T 1.8 sec
 - d_sub 400 : OOB 0.3557 : L 30 : T 1.8 sec
 - d_sub 400 : OOB 0.3558 : L 31 : T 1.9 sec
 - d_sub 400 : OOB 0.3541 : L 32 : T 2.0 sec
 - d_sub 400 : OOB 0.3562 : L 33 : T 2.0 sec
 - d_sub 400 : OOB 0.3568 : L 34 : T 2.1 sec
 - d_sub 400 : OOB 0.3564 : L 35 : T 2.2 sec
 - d_sub 400 : OOB 0.3568 : L 36 : T 2.2 sec
 - d_sub 400 : OOB 0.3574 : L 37 : T 2.3 sec
 - d_sub 400 : OOB 0.3582 : L 38 : T 2.4 sec
 - d_sub 400 : OOB 0.3552 : L 39 : T 2.4 sec
 - d_sub 400 : OOB 0.3564 : L 40 : T 2.5 sec
 - d_sub 400 : OOB 0.3558 : L 41 : T 2.6 sec
 - d_sub 400 : OOB 0.3552 : L 42 : T 2.6 sec
 - d_sub 400 : OOB 0.3570 : L 43 : T 2.7 sec
 - d_sub 400 : OOB 0.3552 : L 44 : T 2.7 sec
 - d_sub 400 : OOB 0.3554 : L 45 : T 2.8 sec
 - d_sub 400 : OOB 0.3569 : L 46 : T 2.9 sec
 - d_sub 400 : OOB 0.3559 : L 47 : T 2.9 sec
 - d_sub 400 : OOB 0.3561 : L 48 : T 3.0 sec
 - d_sub 400 : OOB 0.3565 : L 49 : T 3.1 sec
 - d_sub 400 : OOB 0.3552 : L 50 : T 3.1 sec
 - d_sub 400 : OOB 0.3538 : L 51 : T 3.2 sec
 - d_sub 400 : OOB 0.3542 : L 52 : T 3.2 sec
 - d_sub 400 : OOB 0.3538 : L 53 : T 3.3 sec
 - d_sub 400 : OOB 0.3523 : L 54 : T 3.4 sec
 - d_sub 400 : OOB 0.3525 : L 55 : T 3.4 sec
 - d_sub 400 : OOB 0.3524 : L 56 : T 3.5 sec
 - d_sub 400 : OOB 0.3523 : L 57 : T 3.5 sec
 - d_sub 400 : OOB 0.3508 : L 58 : T 3.6 sec
 - d_sub 400 : OOB 0.3502 : L 59 : T 3.7 sec
 - d_sub 400 : OOB 0.3506 : L 60 : T 3.7 sec
 - d_sub 400 : OOB 0.3508 : L 61 : T 3.8 sec
 - d_sub 400 : OOB 0.3531 : L 62 : T 3.9 sec
 - d_sub 400 : OOB 0.3522 : L 63 : T 3.9 sec
 - d_sub 400 : OOB 0.3504 : L 64 : T 4.0 sec
 - d_sub 400 : OOB 0.3518 : L 65 : T 4.0 sec
 - d_sub 400 : OOB 0.3514 : L 66 : T 4.1 sec
 - d_sub 400 : OOB 0.3516 : L 67 : T 4.2 sec
 - d_sub 400 : OOB 0.3513 : L 68 : T 4.2 sec
 - d_sub 400 : OOB 0.3499 : L 69 : T 4.3 sec
 - d_sub 400 : OOB 0.3514 : L 70 : T 4.3 sec
 - d_sub 400 : OOB 0.3498 : L 71 : T 4.4 sec
 - d_sub 400 : OOB 0.3492 : L 72 : T 4.4 sec
 - d_sub 400 : OOB 0.3493 : L 73 : T 4.5 sec
 - d_sub 400 : OOB 0.3502 : L 74 : T 4.5 sec
 - d_sub 400 : OOB 0.3492 : L 75 : T 4.6 sec
 - d_sub 400 : OOB 0.3505 : L 76 : T 4.7 sec
 - d_sub 400 : OOB 0.3507 : L 77 : T 4.7 sec
 - d_sub 400 : OOB 0.3489 : L 78 : T 4.8 sec
 - d_sub 400 : OOB 0.3500 : L 79 : T 4.8 sec
 - d_sub 400 : OOB 0.3523 : L 80 : T 4.9 sec
 - d_sub 400 : OOB 0.3502 : L 81 : T 4.9 sec
 - d_sub 400 : OOB 0.3499 : L 82 : T 5.0 sec
 - d_sub 400 : OOB 0.3500 : L 83 : T 5.0 sec
 - d_sub 400 : OOB 0.3494 : L 84 : T 5.1 sec
 - d_sub 400 : OOB 0.3517 : L 85 : T 5.1 sec
 - d_sub 400 : OOB 0.3509 : L 86 : T 5.2 sec
 - d_sub 400 : OOB 0.3524 : L 87 : T 5.3 sec
 - d_sub 400 : OOB 0.3524 : L 88 : T 5.3 sec
 - d_sub 400 : OOB 0.3521 : L 89 : T 5.4 sec
 - d_sub 400 : OOB 0.3512 : L 90 : T 5.4 sec
 - d_sub 400 : OOB 0.3515 : L 91 : T 5.5 sec
 - d_sub 400 : OOB 0.3528 : L 92 : T 5.5 sec
 - d_sub 400 : OOB 0.3539 : L 93 : T 5.6 sec
 - d_sub 400 : OOB 0.3529 : L 94 : T 5.6 sec
 - d_sub 400 : OOB 0.3522 : L 95 : T 5.7 sec
 - d_sub 400 : OOB 0.3531 : L 96 : T 5.8 sec
 - d_sub 400 : OOB 0.3530 : L 97 : T 5.8 sec
 - d_sub 400 : OOB 0.3533 : L 98 : T 5.9 sec
 - d_sub 400 : OOB 0.3535 : L 99 : T 5.9 sec

 - d_sub 600 : OOB 0.4541 : L 1 : T 0.1 sec
 - d_sub 600 : OOB 0.4235 : L 2 : T 0.2 sec
 - d_sub 600 : OOB 0.4098 : L 3 : T 0.3 sec
 - d_sub 600 : OOB 0.4002 : L 4 : T 0.4 sec
 - d_sub 600 : OOB 0.3875 : L 5 : T 0.5 sec
 - d_sub 600 : OOB 0.3854 : L 6 : T 0.6 sec
 - d_sub 600 : OOB 0.3776 : L 7 : T 0.7 sec
 - d_sub 600 : OOB 0.3717 : L 8 : T 0.8 sec
 - d_sub 600 : OOB 0.3711 : L 9 : T 0.9 sec
 - d_sub 600 : OOB 0.3660 : L 10 : T 1.0 sec
 - d_sub 600 : OOB 0.3637 : L 11 : T 1.1 sec
 - d_sub 600 : OOB 0.3622 : L 12 : T 1.2 sec
 - d_sub 600 : OOB 0.3604 : L 13 : T 1.3 sec
 - d_sub 600 : OOB 0.3616 : L 14 : T 1.4 sec
 - d_sub 600 : OOB 0.3552 : L 15 : T 1.5 sec
 - d_sub 600 : OOB 0.3574 : L 16 : T 1.6 sec
 - d_sub 600 : OOB 0.3530 : L 17 : T 1.7 sec
 - d_sub 600 : OOB 0.3537 : L 18 : T 1.8 sec
 - d_sub 600 : OOB 0.3535 : L 19 : T 1.9 sec
 - d_sub 600 : OOB 0.3508 : L 20 : T 2.0 sec
 - d_sub 600 : OOB 0.3520 : L 21 : T 2.0 sec
 - d_sub 600 : OOB 0.3530 : L 22 : T 2.1 sec
 - d_sub 600 : OOB 0.3506 : L 23 : T 2.2 sec
 - d_sub 600 : OOB 0.3493 : L 24 : T 2.3 sec
 - d_sub 600 : OOB 0.3494 : L 25 : T 2.4 sec
 - d_sub 600 : OOB 0.3485 : L 26 : T 2.6 sec
 - d_sub 600 : OOB 0.3487 : L 27 : T 2.7 sec
 - d_sub 600 : OOB 0.3479 : L 28 : T 2.8 sec
 - d_sub 600 : OOB 0.3487 : L 29 : T 2.9 sec
 - d_sub 600 : OOB 0.3477 : L 30 : T 3.0 sec
 - d_sub 600 : OOB 0.3471 : L 31 : T 3.1 sec
 - d_sub 600 : OOB 0.3459 : L 32 : T 3.2 sec
 - d_sub 600 : OOB 0.3472 : L 33 : T 3.4 sec
 - d_sub 600 : OOB 0.3466 : L 34 : T 3.5 sec
 - d_sub 600 : OOB 0.3456 : L 35 : T 3.6 sec
 - d_sub 600 : OOB 0.3466 : L 36 : T 3.7 sec
 - d_sub 600 : OOB 0.3461 : L 37 : T 3.8 sec
 - d_sub 600 : OOB 0.3452 : L 38 : T 3.9 sec
 - d_sub 600 : OOB 0.3458 : L 39 : T 4.1 sec
 - d_sub 600 : OOB 0.3457 : L 40 : T 4.2 sec
 - d_sub 600 : OOB 0.3446 : L 41 : T 4.3 sec
 - d_sub 600 : OOB 0.3461 : L 42 : T 4.4 sec
 - d_sub 600 : OOB 0.3464 : L 43 : T 4.5 sec
 - d_sub 600 : OOB 0.3464 : L 44 : T 4.6 sec
 - d_sub 600 : OOB 0.3451 : L 45 : T 4.7 sec
 - d_sub 600 : OOB 0.3480 : L 46 : T 4.8 sec
 - d_sub 600 : OOB 0.3484 : L 47 : T 4.9 sec
 - d_sub 600 : OOB 0.3491 : L 48 : T 5.1 sec
 - d_sub 600 : OOB 0.3478 : L 49 : T 5.2 sec
 - d_sub 600 : OOB 0.3489 : L 50 : T 5.3 sec
 - d_sub 600 : OOB 0.3487 : L 51 : T 5.4 sec
 - d_sub 600 : OOB 0.3486 : L 52 : T 5.5 sec
 - d_sub 600 : OOB 0.3499 : L 53 : T 5.6 sec
 - d_sub 600 : OOB 0.3479 : L 54 : T 5.7 sec
 - d_sub 600 : OOB 0.3460 : L 55 : T 5.8 sec
 - d_sub 600 : OOB 0.3463 : L 56 : T 5.9 sec
 - d_sub 600 : OOB 0.3467 : L 57 : T 6.0 sec
 - d_sub 600 : OOB 0.3458 : L 58 : T 6.1 sec
 - d_sub 600 : OOB 0.3474 : L 59 : T 6.3 sec
 - d_sub 600 : OOB 0.3478 : L 60 : T 6.4 sec
 - d_sub 600 : OOB 0.3461 : L 61 : T 6.5 sec
 - d_sub 600 : OOB 0.3468 : L 62 : T 6.6 sec
 - d_sub 600 : OOB 0.3470 : L 63 : T 6.7 sec
 - d_sub 600 : OOB 0.3470 : L 64 : T 6.8 sec
 - d_sub 600 : OOB 0.3459 : L 65 : T 6.9 sec
 - d_sub 600 : OOB 0.3461 : L 66 : T 7.0 sec
 - d_sub 600 : OOB 0.3489 : L 67 : T 7.1 sec
 - d_sub 600 : OOB 0.3488 : L 68 : T 7.3 sec
 - d_sub 600 : OOB 0.3479 : L 69 : T 7.4 sec
 - d_sub 600 : OOB 0.3485 : L 70 : T 7.5 sec
 - d_sub 600 : OOB 0.3478 : L 71 : T 7.6 sec

 - d_sub 800 : OOB 0.4499 : L 1 : T 0.2 sec
 - d_sub 800 : OOB 0.4210 : L 2 : T 0.3 sec
 - d_sub 800 : OOB 0.4045 : L 3 : T 0.5 sec
 - d_sub 800 : OOB 0.3941 : L 4 : T 0.6 sec
 - d_sub 800 : OOB 0.3821 : L 5 : T 0.8 sec
 - d_sub 800 : OOB 0.3755 : L 6 : T 0.9 sec
 - d_sub 800 : OOB 0.3667 : L 7 : T 1.0 sec
 - d_sub 800 : OOB 0.3630 : L 8 : T 1.2 sec
 - d_sub 800 : OOB 0.3626 : L 9 : T 1.3 sec
 - d_sub 800 : OOB 0.3577 : L 10 : T 1.4 sec
 - d_sub 800 : OOB 0.3561 : L 11 : T 1.6 sec
 - d_sub 800 : OOB 0.3582 : L 12 : T 1.7 sec
 - d_sub 800 : OOB 0.3532 : L 13 : T 1.8 sec
 - d_sub 800 : OOB 0.3534 : L 14 : T 2.0 sec
 - d_sub 800 : OOB 0.3501 : L 15 : T 2.1 sec
 - d_sub 800 : OOB 0.3524 : L 16 : T 2.2 sec
 - d_sub 800 : OOB 0.3497 : L 17 : T 2.4 sec
 - d_sub 800 : OOB 0.3508 : L 18 : T 2.5 sec
 - d_sub 800 : OOB 0.3488 : L 19 : T 2.6 sec
 - d_sub 800 : OOB 0.3500 : L 20 : T 2.8 sec
 - d_sub 800 : OOB 0.3487 : L 21 : T 2.9 sec
 - d_sub 800 : OOB 0.3473 : L 22 : T 3.1 sec
 - d_sub 800 : OOB 0.3477 : L 23 : T 3.2 sec
 - d_sub 800 : OOB 0.3451 : L 24 : T 3.3 sec
 - d_sub 800 : OOB 0.3456 : L 25 : T 3.5 sec
 - d_sub 800 : OOB 0.3455 : L 26 : T 3.6 sec
 - d_sub 800 : OOB 0.3423 : L 27 : T 3.8 sec
 - d_sub 800 : OOB 0.3418 : L 28 : T 3.9 sec
 - d_sub 800 : OOB 0.3405 : L 29 : T 4.0 sec
 - d_sub 800 : OOB 0.3443 : L 30 : T 4.2 sec
 - d_sub 800 : OOB 0.3436 : L 31 : T 4.3 sec
 - d_sub 800 : OOB 0.3416 : L 32 : T 4.4 sec
 - d_sub 800 : OOB 0.3412 : L 33 : T 4.6 sec
 - d_sub 800 : OOB 0.3417 : L 34 : T 4.7 sec
 - d_sub 800 : OOB 0.3405 : L 35 : T 4.9 sec
 - d_sub 800 : OOB 0.3422 : L 36 : T 5.0 sec
 - d_sub 800 : OOB 0.3429 : L 37 : T 5.1 sec
 - d_sub 800 : OOB 0.3416 : L 38 : T 5.3 sec
 - d_sub 800 : OOB 0.3425 : L 39 : T 5.4 sec
 - d_sub 800 : OOB 0.3426 : L 40 : T 5.6 sec
 - d_sub 800 : OOB 0.3419 : L 41 : T 5.7 sec
 - d_sub 800 : OOB 0.3411 : L 42 : T 5.8 sec
 - d_sub 800 : OOB 0.3406 : L 43 : T 6.0 sec
 - d_sub 800 : OOB 0.3412 : L 44 : T 6.1 sec
 - d_sub 800 : OOB 0.3415 : L 45 : T 6.2 sec
 - d_sub 800 : OOB 0.3395 : L 46 : T 6.4 sec
 - d_sub 800 : OOB 0.3385 : L 47 : T 6.5 sec
 - d_sub 800 : OOB 0.3409 : L 48 : T 6.7 sec
 - d_sub 800 : OOB 0.3386 : L 49 : T 6.8 sec
 - d_sub 800 : OOB 0.3397 : L 50 : T 6.9 sec
 - d_sub 800 : OOB 0.3373 : L 51 : T 7.1 sec
 - d_sub 800 : OOB 0.3360 : L 52 : T 7.2 sec
 - d_sub 800 : OOB 0.3377 : L 53 : T 7.4 sec
 - d_sub 800 : OOB 0.3355 : L 54 : T 7.5 sec
 - d_sub 800 : OOB 0.3378 : L 55 : T 7.7 sec
 - d_sub 800 : OOB 0.3388 : L 56 : T 7.8 sec
 - d_sub 800 : OOB 0.3389 : L 57 : T 8.0 sec
 - d_sub 800 : OOB 0.3375 : L 58 : T 8.1 sec
 - d_sub 800 : OOB 0.3398 : L 59 : T 8.2 sec
 - d_sub 800 : OOB 0.3383 : L 60 : T 8.4 sec
 - d_sub 800 : OOB 0.3352 : L 61 : T 8.5 sec
 - d_sub 800 : OOB 0.3383 : L 62 : T 8.6 sec
 - d_sub 800 : OOB 0.3391 : L 63 : T 8.8 sec
 - d_sub 800 : OOB 0.3384 : L 64 : T 8.9 sec
 - d_sub 800 : OOB 0.3396 : L 65 : T 9.0 sec
 - d_sub 800 : OOB 0.3397 : L 66 : T 9.2 sec
 - d_sub 800 : OOB 0.3390 : L 67 : T 9.3 sec
 - d_sub 800 : OOB 0.3408 : L 68 : T 9.5 sec
 - d_sub 800 : OOB 0.3396 : L 69 : T 9.6 sec
 - d_sub 800 : OOB 0.3398 : L 70 : T 9.7 sec
 - d_sub 800 : OOB 0.3409 : L 71 : T 9.9 sec
 - d_sub 800 : OOB 0.3397 : L 72 : T 10.0 sec
 - d_sub 800 : OOB 0.3378 : L 73 : T 10.1 sec
 - d_sub 800 : OOB 0.3379 : L 74 : T 10.3 sec
 - d_sub 800 : OOB 0.3374 : L 75 : T 10.4 sec
 - d_sub 800 : OOB 0.3363 : L 76 : T 10.6 sec
 - d_sub 800 : OOB 0.3381 : L 77 : T 10.7 sec
 - d_sub 800 : OOB 0.3381 : L 78 : T 10.8 sec
 - d_sub 800 : OOB 0.3378 : L 79 : T 11.0 sec
 - d_sub 800 : OOB 0.3389 : L 80 : T 11.1 sec
 - d_sub 800 : OOB 0.3387 : L 81 : T 11.2 sec
 - d_sub 800 : OOB 0.3378 : L 82 : T 11.4 sec
 - d_sub 800 : OOB 0.3391 : L 83 : T 11.5 sec
 - d_sub 800 : OOB 0.3369 : L 84 : T 11.7 sec
 - d_sub 800 : OOB 0.3376 : L 85 : T 11.8 sec
 - d_sub 800 : OOB 0.3374 : L 86 : T 12.0 sec
 - d_sub 800 : OOB 0.3362 : L 87 : T 12.1 sec
 - d_sub 800 : OOB 0.3383 : L 88 : T 12.3 sec

 - d_sub 1000 : OOB 0.4515 : L 1 : T 0.2 sec
 - d_sub 1000 : OOB 0.4226 : L 2 : T 0.5 sec
 - d_sub 1000 : OOB 0.4083 : L 3 : T 0.7 sec
 - d_sub 1000 : OOB 0.3971 : L 4 : T 0.9 sec
 - d_sub 1000 : OOB 0.3838 : L 5 : T 1.1 sec
 - d_sub 1000 : OOB 0.3829 : L 6 : T 1.4 sec
 - d_sub 1000 : OOB 0.3717 : L 7 : T 1.6 sec
 - d_sub 1000 : OOB 0.3661 : L 8 : T 1.8 sec
 - d_sub 1000 : OOB 0.3624 : L 9 : T 2.0 sec
 - d_sub 1000 : OOB 0.3618 : L 10 : T 2.3 sec
 - d_sub 1000 : OOB 0.3530 : L 11 : T 2.5 sec
 - d_sub 1000 : OOB 0.3533 : L 12 : T 2.7 sec
 - d_sub 1000 : OOB 0.3527 : L 13 : T 3.0 sec
 - d_sub 1000 : OOB 0.3469 : L 14 : T 3.2 sec
 - d_sub 1000 : OOB 0.3527 : L 15 : T 3.4 sec
 - d_sub 1000 : OOB 0.3473 : L 16 : T 3.6 sec
 - d_sub 1000 : OOB 0.3486 : L 17 : T 3.9 sec
 - d_sub 1000 : OOB 0.3462 : L 18 : T 4.1 sec
 - d_sub 1000 : OOB 0.3443 : L 19 : T 4.3 sec
 - d_sub 1000 : OOB 0.3457 : L 20 : T 4.6 sec
 - d_sub 1000 : OOB 0.3406 : L 21 : T 4.8 sec
 - d_sub 1000 : OOB 0.3402 : L 22 : T 5.0 sec
 - d_sub 1000 : OOB 0.3419 : L 23 : T 5.3 sec
 - d_sub 1000 : OOB 0.3429 : L 24 : T 5.5 sec
 - d_sub 1000 : OOB 0.3421 : L 25 : T 5.7 sec
 - d_sub 1000 : OOB 0.3422 : L 26 : T 5.9 sec
 - d_sub 1000 : OOB 0.3415 : L 27 : T 6.1 sec
 - d_sub 1000 : OOB 0.3418 : L 28 : T 7.2 sec
 - d_sub 1000 : OOB 0.3437 : L 29 : T 7.4 sec
 - d_sub 1000 : OOB 0.3426 : L 30 : T 9.1 sec
 - d_sub 1000 : OOB 0.3415 : L 31 : T 9.6 sec
 - d_sub 1000 : OOB 0.3406 : L 32 : T 10.1 sec
 - d_sub 1000 : OOB 0.3419 : L 33 : T 10.8 sec
 - d_sub 1000 : OOB 0.3409 : L 34 : T 13.1 sec
 - d_sub 1000 : OOB 0.3387 : L 35 : T 13.3 sec
 - d_sub 1000 : OOB 0.3413 : L 36 : T 14.3 sec
 - d_sub 1000 : OOB 0.3403 : L 37 : T 14.6 sec
 - d_sub 1000 : OOB 0.3382 : L 38 : T 14.8 sec
 - d_sub 1000 : OOB 0.3368 : L 39 : T 15.0 sec
 - d_sub 1000 : OOB 0.3377 : L 40 : T 15.2 sec
 - d_sub 1000 : OOB 0.3387 : L 41 : T 15.4 sec
 - d_sub 1000 : OOB 0.3407 : L 42 : T 15.6 sec
 - d_sub 1000 : OOB 0.3383 : L 43 : T 15.8 sec
 - d_sub 1000 : OOB 0.3368 : L 44 : T 16.1 sec
 - d_sub 1000 : OOB 0.3378 : L 45 : T 16.3 sec
 - d_sub 1000 : OOB 0.3359 : L 46 : T 16.5 sec
 - d_sub 1000 : OOB 0.3364 : L 47 : T 16.7 sec
 - d_sub 1000 : OOB 0.3375 : L 48 : T 16.9 sec
 - d_sub 1000 : OOB 0.3363 : L 49 : T 17.1 sec
 - d_sub 1000 : OOB 0.3351 : L 50 : T 17.3 sec
 - d_sub 1000 : OOB 0.3352 : L 51 : T 17.6 sec
 - d_sub 1000 : OOB 0.3361 : L 52 : T 17.8 sec
 - d_sub 1000 : OOB 0.3360 : L 53 : T 18.0 sec
 - d_sub 1000 : OOB 0.3345 : L 54 : T 18.2 sec
 - d_sub 1000 : OOB 0.3351 : L 55 : T 18.5 sec
 - d_sub 1000 : OOB 0.3348 : L 56 : T 18.7 sec
 - d_sub 1000 : OOB 0.3324 : L 57 : T 19.0 sec
 - d_sub 1000 : OOB 0.3333 : L 58 : T 19.2 sec
 - d_sub 1000 : OOB 0.3335 : L 59 : T 19.4 sec
 - d_sub 1000 : OOB 0.3346 : L 60 : T 19.7 sec
 - d_sub 1000 : OOB 0.3342 : L 61 : T 19.9 sec
 - d_sub 1000 : OOB 0.3330 : L 62 : T 20.1 sec
 - d_sub 1000 : OOB 0.3355 : L 63 : T 20.3 sec
 - d_sub 1000 : OOB 0.3350 : L 64 : T 20.6 sec
 - d_sub 1000 : OOB 0.3332 : L 65 : T 20.8 sec
 - d_sub 1000 : OOB 0.3326 : L 66 : T 21.0 sec
 - d_sub 1000 : OOB 0.3319 : L 67 : T 21.2 sec
 - d_sub 1000 : OOB 0.3337 : L 68 : T 21.5 sec
 - d_sub 1000 : OOB 0.3306 : L 69 : T 21.7 sec
 - d_sub 1000 : OOB 0.3328 : L 70 : T 21.9 sec
 - d_sub 1000 : OOB 0.3337 : L 71 : T 22.1 sec
 - d_sub 1000 : OOB 0.3321 : L 72 : T 23.0 sec
 - d_sub 1000 : OOB 0.3309 : L 73 : T 23.2 sec
 - d_sub 1000 : OOB 0.3323 : L 74 : T 24.3 sec
 - d_sub 1000 : OOB 0.3322 : L 75 : T 25.5 sec
 - d_sub 1000 : OOB 0.3332 : L 76 : T 27.6 sec
 - d_sub 1000 : OOB 0.3333 : L 77 : T 27.8 sec
 - d_sub 1000 : OOB 0.3330 : L 78 : T 28.0 sec
 - d_sub 1000 : OOB 0.3311 : L 79 : T 28.2 sec
 - d_sub 1000 : OOB 0.3332 : L 80 : T 28.4 sec
 - d_sub 1000 : OOB 0.3341 : L 81 : T 29.5 sec
 - d_sub 1000 : OOB 0.3326 : L 82 : T 29.8 sec
 - d_sub 1000 : OOB 0.3329 : L 83 : T 30.0 sec
 - d_sub 1000 : OOB 0.3324 : L 84 : T 30.2 sec
 - d_sub 1000 : OOB 0.3314 : L 85 : T 30.5 sec
 - d_sub 1000 : OOB 0.3311 : L 86 : T 30.7 sec
 - d_sub 1000 : OOB 0.3309 : L 87 : T 31.0 sec
 - d_sub 1000 : OOB 0.3300 : L 88 : T 31.2 sec
 - d_sub 1000 : OOB 0.3319 : L 89 : T 31.4 sec
 - d_sub 1000 : OOB 0.3303 : L 90 : T 31.6 sec
 - d_sub 1000 : OOB 0.3300 : L 91 : T 31.8 sec
 - d_sub 1000 : OOB 0.3312 : L 92 : T 32.0 sec
 - d_sub 1000 : OOB 0.3303 : L 93 : T 32.2 sec
 - d_sub 1000 : OOB 0.3315 : L 94 : T 32.4 sec
 - d_sub 1000 : OOB 0.3307 : L 95 : T 32.6 sec
 - d_sub 1000 : OOB 0.3313 : L 96 : T 32.9 sec
 - d_sub 1000 : OOB 0.3300 : L 97 : T 33.1 sec
 - d_sub 1000 : OOB 0.3322 : L 98 : T 33.3 sec
 - d_sub 1000 : OOB 0.3307 : L 99 : T 33.5 sec

 - d_sub 1200 : OOB 0.4509 : L 1 : T 0.3 sec
 - d_sub 1200 : OOB 0.4149 : L 2 : T 0.5 sec
 - d_sub 1200 : OOB 0.4038 : L 3 : T 0.8 sec
 - d_sub 1200 : OOB 0.3944 : L 4 : T 1.0 sec
 - d_sub 1200 : OOB 0.3779 : L 5 : T 1.3 sec
 - d_sub 1200 : OOB 0.3733 : L 6 : T 1.5 sec
 - d_sub 1200 : OOB 0.3752 : L 7 : T 1.8 sec
 - d_sub 1200 : OOB 0.3667 : L 8 : T 2.0 sec
 - d_sub 1200 : OOB 0.3644 : L 9 : T 2.3 sec
 - d_sub 1200 : OOB 0.3622 : L 10 : T 2.5 sec
 - d_sub 1200 : OOB 0.3577 : L 11 : T 2.8 sec
 - d_sub 1200 : OOB 0.3572 : L 12 : T 3.0 sec
 - d_sub 1200 : OOB 0.3499 : L 13 : T 3.3 sec
 - d_sub 1200 : OOB 0.3533 : L 14 : T 3.5 sec
 - d_sub 1200 : OOB 0.3490 : L 15 : T 3.8 sec
 - d_sub 1200 : OOB 0.3477 : L 16 : T 4.0 sec
 - d_sub 1200 : OOB 0.3469 : L 17 : T 4.3 sec
 - d_sub 1200 : OOB 0.3444 : L 18 : T 4.5 sec
 - d_sub 1200 : OOB 0.3459 : L 19 : T 4.8 sec
 - d_sub 1200 : OOB 0.3453 : L 20 : T 5.1 sec
 - d_sub 1200 : OOB 0.3476 : L 21 : T 5.4 sec
 - d_sub 1200 : OOB 0.3452 : L 22 : T 5.6 sec
 - d_sub 1200 : OOB 0.3421 : L 23 : T 5.9 sec
 - d_sub 1200 : OOB 0.3429 : L 24 : T 6.1 sec
 - d_sub 1200 : OOB 0.3418 : L 25 : T 6.4 sec
 - d_sub 1200 : OOB 0.3421 : L 26 : T 6.6 sec
 - d_sub 1200 : OOB 0.3420 : L 27 : T 6.9 sec
 - d_sub 1200 : OOB 0.3376 : L 28 : T 7.1 sec
 - d_sub 1200 : OOB 0.3360 : L 29 : T 7.3 sec
 - d_sub 1200 : OOB 0.3370 : L 30 : T 7.6 sec
 - d_sub 1200 : OOB 0.3358 : L 31 : T 7.8 sec
 - d_sub 1200 : OOB 0.3344 : L 32 : T 8.1 sec
 - d_sub 1200 : OOB 0.3345 : L 33 : T 8.3 sec
 - d_sub 1200 : OOB 0.3337 : L 34 : T 8.6 sec
 - d_sub 1200 : OOB 0.3324 : L 35 : T 8.8 sec
 - d_sub 1200 : OOB 0.3311 : L 36 : T 9.1 sec
 - d_sub 1200 : OOB 0.3322 : L 37 : T 9.3 sec
 - d_sub 1200 : OOB 0.3315 : L 38 : T 9.5 sec
 - d_sub 1200 : OOB 0.3323 : L 39 : T 9.8 sec
 - d_sub 1200 : OOB 0.3317 : L 40 : T 10.0 sec
 - d_sub 1200 : OOB 0.3334 : L 41 : T 10.2 sec
 - d_sub 1200 : OOB 0.3313 : L 42 : T 10.5 sec
 - d_sub 1200 : OOB 0.3354 : L 43 : T 10.7 sec
 - d_sub 1200 : OOB 0.3340 : L 44 : T 10.9 sec
 - d_sub 1200 : OOB 0.3354 : L 45 : T 11.2 sec
 - d_sub 1200 : OOB 0.3333 : L 46 : T 11.4 sec
 - d_sub 1200 : OOB 0.3324 : L 47 : T 11.6 sec
 - d_sub 1200 : OOB 0.3319 : L 48 : T 11.9 sec
 - d_sub 1200 : OOB 0.3320 : L 49 : T 12.1 sec
 - d_sub 1200 : OOB 0.3315 : L 50 : T 15.6 sec
 - d_sub 1200 : OOB 0.3333 : L 51 : T 16.9 sec
 - d_sub 1200 : OOB 0.3329 : L 52 : T 18.8 sec
 - d_sub 1200 : OOB 0.3327 : L 53 : T 19.0 sec
 - d_sub 1200 : OOB 0.3300 : L 54 : T 20.0 sec
 - d_sub 1200 : OOB 0.3307 : L 55 : T 21.8 sec
 - d_sub 1200 : OOB 0.3307 : L 56 : T 23.8 sec
 - d_sub 1200 : OOB 0.3320 : L 57 : T 25.8 sec
 - d_sub 1200 : OOB 0.3322 : L 58 : T 27.1 sec
 - d_sub 1200 : OOB 0.3313 : L 59 : T 27.3 sec
 - d_sub 1200 : OOB 0.3310 : L 60 : T 27.6 sec
 - d_sub 1200 : OOB 0.3309 : L 61 : T 30.5 sec
 - d_sub 1200 : OOB 0.3325 : L 62 : T 31.6 sec
 - d_sub 1200 : OOB 0.3306 : L 63 : T 32.9 sec
 - d_sub 1200 : OOB 0.3301 : L 64 : T 34.4 sec
 - d_sub 1200 : OOB 0.3306 : L 65 : T 36.2 sec
 - d_sub 1200 : OOB 0.3289 : L 66 : T 38.3 sec
 - d_sub 1200 : OOB 0.3319 : L 67 : T 39.4 sec
 - d_sub 1200 : OOB 0.3296 : L 68 : T 39.7 sec
 - d_sub 1200 : OOB 0.3297 : L 69 : T 41.8 sec
 - d_sub 1200 : OOB 0.3303 : L 70 : T 42.1 sec
 - d_sub 1200 : OOB 0.3299 : L 71 : T 42.3 sec
 - d_sub 1200 : OOB 0.3304 : L 72 : T 45.1 sec
 - d_sub 1200 : OOB 0.3309 : L 73 : T 46.8 sec
 - d_sub 1200 : OOB 0.3294 : L 74 : T 47.1 sec
 - d_sub 1200 : OOB 0.3287 : L 75 : T 47.3 sec
 - d_sub 1200 : OOB 0.3300 : L 76 : T 48.8 sec
 - d_sub 1200 : OOB 0.3309 : L 77 : T 49.0 sec
 - d_sub 1200 : OOB 0.3314 : L 78 : T 49.3 sec
 - d_sub 1200 : OOB 0.3311 : L 79 : T 49.6 sec
 - d_sub 1200 : OOB 0.3305 : L 80 : T 50.5 sec

 - d_sub 1400 : OOB 0.4533 : L 1 : T 0.3 sec
 - d_sub 1400 : OOB 0.4203 : L 2 : T 1.8 sec
 - d_sub 1400 : OOB 0.4043 : L 3 : T 2.2 sec
 - d_sub 1400 : OOB 0.3947 : L 4 : T 3.5 sec
 - d_sub 1400 : OOB 0.3775 : L 5 : T 3.8 sec
 - d_sub 1400 : OOB 0.3741 : L 6 : T 5.6 sec
 - d_sub 1400 : OOB 0.3723 : L 7 : T 5.9 sec
 - d_sub 1400 : OOB 0.3656 : L 8 : T 7.5 sec
 - d_sub 1400 : OOB 0.3645 : L 9 : T 7.9 sec
 - d_sub 1400 : OOB 0.3577 : L 10 : T 11.7 sec
 - d_sub 1400 : OOB 0.3552 : L 11 : T 12.1 sec
 - d_sub 1400 : OOB 0.3547 : L 12 : T 14.9 sec
 - d_sub 1400 : OOB 0.3522 : L 13 : T 16.2 sec
 - d_sub 1400 : OOB 0.3463 : L 14 : T 17.3 sec
 - d_sub 1400 : OOB 0.3450 : L 15 : T 19.7 sec
 - d_sub 1400 : OOB 0.3442 : L 16 : T 20.0 sec
 - d_sub 1400 : OOB 0.3436 : L 17 : T 21.6 sec
 - d_sub 1400 : OOB 0.3446 : L 18 : T 22.8 sec
 - d_sub 1400 : OOB 0.3401 : L 19 : T 26.4 sec
 - d_sub 1400 : OOB 0.3428 : L 20 : T 26.7 sec
 - d_sub 1400 : OOB 0.3406 : L 21 : T 28.6 sec
 - d_sub 1400 : OOB 0.3388 : L 22 : T 28.9 sec
 - d_sub 1400 : OOB 0.3375 : L 23 : T 30.4 sec
 - d_sub 1400 : OOB 0.3363 : L 24 : T 30.8 sec
 - d_sub 1400 : OOB 0.3384 : L 25 : T 32.2 sec
 - d_sub 1400 : OOB 0.3361 : L 26 : T 34.7 sec
 - d_sub 1400 : OOB 0.3341 : L 27 : T 36.4 sec
 - d_sub 1400 : OOB 0.3341 : L 28 : T 37.7 sec
 - d_sub 1400 : OOB 0.3339 : L 29 : T 39.6 sec
 - d_sub 1400 : OOB 0.3306 : L 30 : T 42.2 sec
 - d_sub 1400 : OOB 0.3334 : L 31 : T 43.2 sec
 - d_sub 1400 : OOB 0.3327 : L 32 : T 44.5 sec
 - d_sub 1400 : OOB 0.3324 : L 33 : T 44.9 sec
 - d_sub 1400 : OOB 0.3323 : L 34 : T 46.3 sec
 - d_sub 1400 : OOB 0.3304 : L 35 : T 47.4 sec
 - d_sub 1400 : OOB 0.3316 : L 36 : T 49.1 sec
 - d_sub 1400 : OOB 0.3315 : L 37 : T 50.4 sec
 - d_sub 1400 : OOB 0.3333 : L 38 : T 52.9 sec
 - d_sub 1400 : OOB 0.3333 : L 39 : T 53.2 sec
 - d_sub 1400 : OOB 0.3326 : L 40 : T 53.5 sec
 - d_sub 1400 : OOB 0.3301 : L 41 : T 54.5 sec
 - d_sub 1400 : OOB 0.3318 : L 42 : T 57.9 sec
 - d_sub 1400 : OOB 0.3334 : L 43 : T 58.3 sec
 - d_sub 1400 : OOB 0.3328 : L 44 : T 58.6 sec
 - d_sub 1400 : OOB 0.3295 : L 45 : T 61.9 sec
 - d_sub 1400 : OOB 0.3303 : L 46 : T 64.1 sec
 - d_sub 1400 : OOB 0.3300 : L 47 : T 65.6 sec
 - d_sub 1400 : OOB 0.3282 : L 48 : T 65.9 sec
 - d_sub 1400 : OOB 0.3279 : L 49 : T 67.9 sec
 - d_sub 1400 : OOB 0.3254 : L 50 : T 72.3 sec
 - d_sub 1400 : OOB 0.3281 : L 51 : T 74.8 sec
 - d_sub 1400 : OOB 0.3274 : L 52 : T 75.1 sec
 - d_sub 1400 : OOB 0.3277 : L 53 : T 79.1 sec
 - d_sub 1400 : OOB 0.3281 : L 54 : T 80.5 sec
 - d_sub 1400 : OOB 0.3299 : L 55 : T 82.2 sec
 - d_sub 1400 : OOB 0.3294 : L 56 : T 84.4 sec
 - d_sub 1400 : OOB 0.3290 : L 57 : T 84.7 sec
 - d_sub 1400 : OOB 0.3295 : L 58 : T 86.3 sec
 - d_sub 1400 : OOB 0.3287 : L 59 : T 86.6 sec
 - d_sub 1400 : OOB 0.3300 : L 60 : T 87.8 sec
 - d_sub 1400 : OOB 0.3306 : L 61 : T 88.2 sec
 - d_sub 1400 : OOB 0.3315 : L 62 : T 89.4 sec
 - d_sub 1400 : OOB 0.3281 : L 63 : T 89.7 sec
 - d_sub 1400 : OOB 0.3314 : L 64 : T 92.8 sec
 - d_sub 1400 : OOB 0.3280 : L 65 : T 94.8 sec
 - d_sub 1400 : OOB 0.3292 : L 66 : T 96.7 sec
 - d_sub 1400 : OOB 0.3275 : L 67 : T 97.1 sec
 - d_sub 1400 : OOB 0.3268 : L 68 : T 99.3 sec
 - d_sub 1400 : OOB 0.3271 : L 69 : T 100.5 sec
 - d_sub 1400 : OOB 0.3274 : L 70 : T 100.9 sec
 - d_sub 1400 : OOB 0.3273 : L 71 : T 105.1 sec
 - d_sub 1400 : OOB 0.3297 : L 72 : T 108.8 sec
 - d_sub 1400 : OOB 0.3313 : L 73 : T 111.0 sec
 - d_sub 1400 : OOB 0.3307 : L 74 : T 112.2 sec
 - d_sub 1400 : OOB 0.3306 : L 75 : T 112.5 sec
 - d_sub 1400 : OOB 0.3286 : L 76 : T 115.9 sec
 - d_sub 1400 : OOB 0.3292 : L 77 : T 116.2 sec
 - d_sub 1400 : OOB 0.3295 : L 78 : T 117.3 sec
 - d_sub 1400 : OOB 0.3310 : L 79 : T 119.9 sec
 - d_sub 1400 : OOB 0.3283 : L 80 : T 120.2 sec
 - d_sub 1400 : OOB 0.3277 : L 81 : T 121.3 sec
 - d_sub 1400 : OOB 0.3277 : L 82 : T 123.4 sec
 - d_sub 1400 : OOB 0.3273 : L 83 : T 123.7 sec
 - d_sub 1400 : OOB 0.3274 : L 84 : T 124.1 sec
 - d_sub 1400 : OOB 0.3281 : L 85 : T 124.4 sec
 - d_sub 1400 : OOB 0.3280 : L 86 : T 124.7 sec
 - d_sub 1400 : OOB 0.3269 : L 87 : T 125.0 sec
 - d_sub 1400 : OOB 0.3266 : L 88 : T 125.4 sec
 - d_sub 1400 : OOB 0.3280 : L 89 : T 125.7 sec

 - d_sub 1600 : OOB 0.4527 : L 1 : T 0.4 sec
 - d_sub 1600 : OOB 0.4204 : L 2 : T 0.9 sec
 - d_sub 1600 : OOB 0.4078 : L 3 : T 2.4 sec
 - d_sub 1600 : OOB 0.3961 : L 4 : T 2.8 sec
 - d_sub 1600 : OOB 0.3826 : L 5 : T 3.4 sec
 - d_sub 1600 : OOB 0.3749 : L 6 : T 3.8 sec
 - d_sub 1600 : OOB 0.3743 : L 7 : T 4.3 sec
 - d_sub 1600 : OOB 0.3667 : L 8 : T 4.7 sec
 - d_sub 1600 : OOB 0.3631 : L 9 : T 5.1 sec
 - d_sub 1600 : OOB 0.3611 : L 10 : T 5.7 sec
 - d_sub 1600 : OOB 0.3571 : L 11 : T 6.5 sec
 - d_sub 1600 : OOB 0.3532 : L 12 : T 6.9 sec
 - d_sub 1600 : OOB 0.3522 : L 13 : T 7.3 sec
 - d_sub 1600 : OOB 0.3497 : L 14 : T 7.7 sec
 - d_sub 1600 : OOB 0.3533 : L 15 : T 8.1 sec
 - d_sub 1600 : OOB 0.3500 : L 16 : T 8.5 sec
 - d_sub 1600 : OOB 0.3493 : L 17 : T 8.9 sec
 - d_sub 1600 : OOB 0.3495 : L 18 : T 9.3 sec
 - d_sub 1600 : OOB 0.3452 : L 19 : T 9.7 sec
 - d_sub 1600 : OOB 0.3476 : L 20 : T 10.1 sec
 - d_sub 1600 : OOB 0.3446 : L 21 : T 10.5 sec
 - d_sub 1600 : OOB 0.3428 : L 22 : T 10.9 sec
 - d_sub 1600 : OOB 0.3415 : L 23 : T 11.3 sec
 - d_sub 1600 : OOB 0.3408 : L 24 : T 11.6 sec
 - d_sub 1600 : OOB 0.3438 : L 25 : T 12.0 sec
 - d_sub 1600 : OOB 0.3422 : L 26 : T 12.4 sec
 - d_sub 1600 : OOB 0.3409 : L 27 : T 12.8 sec
 - d_sub 1600 : OOB 0.3398 : L 28 : T 13.2 sec
 - d_sub 1600 : OOB 0.3374 : L 29 : T 13.6 sec
 - d_sub 1600 : OOB 0.3355 : L 30 : T 13.9 sec
 - d_sub 1600 : OOB 0.3356 : L 31 : T 14.3 sec
 - d_sub 1600 : OOB 0.3362 : L 32 : T 14.7 sec
 - d_sub 1600 : OOB 0.3363 : L 33 : T 15.1 sec
 - d_sub 1600 : OOB 0.3349 : L 34 : T 15.5 sec
 - d_sub 1600 : OOB 0.3328 : L 35 : T 15.8 sec
 - d_sub 1600 : OOB 0.3358 : L 36 : T 16.2 sec
 - d_sub 1600 : OOB 0.3329 : L 37 : T 16.6 sec
 - d_sub 1600 : OOB 0.3337 : L 38 : T 17.0 sec
 - d_sub 1600 : OOB 0.3311 : L 39 : T 17.4 sec
 - d_sub 1600 : OOB 0.3319 : L 40 : T 17.8 sec
 - d_sub 1600 : OOB 0.3311 : L 41 : T 18.2 sec
 - d_sub 1600 : OOB 0.3312 : L 42 : T 18.6 sec
 - d_sub 1600 : OOB 0.3281 : L 43 : T 19.8 sec
 - d_sub 1600 : OOB 0.3301 : L 44 : T 20.1 sec
 - d_sub 1600 : OOB 0.3316 : L 45 : T 20.5 sec
 - d_sub 1600 : OOB 0.3291 : L 46 : T 20.9 sec
 - d_sub 1600 : OOB 0.3277 : L 47 : T 21.3 sec
 - d_sub 1600 : OOB 0.3289 : L 48 : T 21.7 sec
 - d_sub 1600 : OOB 0.3293 : L 49 : T 22.0 sec
 - d_sub 1600 : OOB 0.3315 : L 50 : T 22.6 sec
 - d_sub 1600 : OOB 0.3287 : L 51 : T 23.0 sec
 - d_sub 1600 : OOB 0.3299 : L 52 : T 23.4 sec
 - d_sub 1600 : OOB 0.3293 : L 53 : T 23.8 sec
 - d_sub 1600 : OOB 0.3268 : L 54 : T 24.2 sec
 - d_sub 1600 : OOB 0.3281 : L 55 : T 24.6 sec
 - d_sub 1600 : OOB 0.3267 : L 56 : T 25.0 sec
 - d_sub 1600 : OOB 0.3268 : L 57 : T 25.4 sec
 - d_sub 1600 : OOB 0.3254 : L 58 : T 25.8 sec
 - d_sub 1600 : OOB 0.3255 : L 59 : T 27.7 sec
 - d_sub 1600 : OOB 0.3262 : L 60 : T 28.1 sec
 - d_sub 1600 : OOB 0.3275 : L 61 : T 29.0 sec
 - d_sub 1600 : OOB 0.3264 : L 62 : T 29.4 sec
 - d_sub 1600 : OOB 0.3303 : L 63 : T 29.8 sec
 - d_sub 1600 : OOB 0.3285 : L 64 : T 30.3 sec
 - d_sub 1600 : OOB 0.3285 : L 65 : T 30.7 sec
 - d_sub 1600 : OOB 0.3272 : L 66 : T 31.1 sec
 - d_sub 1600 : OOB 0.3289 : L 67 : T 31.6 sec
 - d_sub 1600 : OOB 0.3280 : L 68 : T 32.0 sec
 - d_sub 1600 : OOB 0.3283 : L 69 : T 32.4 sec
 - d_sub 1600 : OOB 0.3273 : L 70 : T 32.9 sec
 - d_sub 1600 : OOB 0.3278 : L 71 : T 33.3 sec
 - d_sub 1600 : OOB 0.3295 : L 72 : T 33.7 sec
 - d_sub 1600 : OOB 0.3281 : L 73 : T 34.1 sec
 - d_sub 1600 : OOB 0.3293 : L 74 : T 34.6 sec
 - d_sub 1600 : OOB 0.3272 : L 75 : T 35.0 sec
 - d_sub 1600 : OOB 0.3290 : L 76 : T 36.1 sec
 - d_sub 1600 : OOB 0.3277 : L 77 : T 36.5 sec
 - d_sub 1600 : OOB 0.3290 : L 78 : T 36.9 sec
 - d_sub 1600 : OOB 0.3287 : L 79 : T 37.3 sec
 - d_sub 1600 : OOB 0.3287 : L 80 : T 37.8 sec
 - d_sub 1600 : OOB 0.3283 : L 81 : T 38.3 sec
 - d_sub 1600 : OOB 0.3275 : L 82 : T 38.7 sec
 - d_sub 1600 : OOB 0.3274 : L 83 : T 39.2 sec
 - d_sub 1600 : OOB 0.3269 : L 84 : T 39.7 sec
 - d_sub 1600 : OOB 0.3282 : L 85 : T 40.1 sec
 - d_sub 1600 : OOB 0.3274 : L 86 : T 40.9 sec
 - d_sub 1600 : OOB 0.3268 : L 87 : T 41.3 sec
 - d_sub 1600 : OOB 0.3267 : L 88 : T 41.7 sec

 - d_sub 1800 : OOB 0.4582 : L 1 : T 0.8 sec
 - d_sub 1800 : OOB 0.4273 : L 2 : T 1.3 sec
 - d_sub 1800 : OOB 0.4109 : L 3 : T 3.1 sec
 - d_sub 1800 : OOB 0.4010 : L 4 : T 3.7 sec
 - d_sub 1800 : OOB 0.3840 : L 5 : T 4.1 sec
 - d_sub 1800 : OOB 0.3814 : L 6 : T 4.6 sec
 - d_sub 1800 : OOB 0.3799 : L 7 : T 5.1 sec
 - d_sub 1800 : OOB 0.3728 : L 8 : T 5.8 sec
 - d_sub 1800 : OOB 0.3722 : L 9 : T 6.2 sec
 - d_sub 1800 : OOB 0.3652 : L 10 : T 7.6 sec
 - d_sub 1800 : OOB 0.3653 : L 11 : T 8.1 sec
 - d_sub 1800 : OOB 0.3590 : L 12 : T 8.6 sec
 - d_sub 1800 : OOB 0.3630 : L 13 : T 9.1 sec
 - d_sub 1800 : OOB 0.3589 : L 14 : T 9.6 sec
 - d_sub 1800 : OOB 0.3534 : L 15 : T 10.1 sec
 - d_sub 1800 : OOB 0.3540 : L 16 : T 10.5 sec
 - d_sub 1800 : OOB 0.3542 : L 17 : T 11.0 sec
 - d_sub 1800 : OOB 0.3484 : L 18 : T 11.4 sec
 - d_sub 1800 : OOB 0.3500 : L 19 : T 11.9 sec
 - d_sub 1800 : OOB 0.3474 : L 20 : T 12.4 sec
 - d_sub 1800 : OOB 0.3460 : L 21 : T 12.9 sec
 - d_sub 1800 : OOB 0.3445 : L 22 : T 13.4 sec
 - d_sub 1800 : OOB 0.3462 : L 23 : T 14.0 sec
 - d_sub 1800 : OOB 0.3433 : L 24 : T 14.5 sec
 - d_sub 1800 : OOB 0.3406 : L 25 : T 15.0 sec
 - d_sub 1800 : OOB 0.3411 : L 26 : T 15.5 sec
 - d_sub 1800 : OOB 0.3380 : L 27 : T 16.0 sec
 - d_sub 1800 : OOB 0.3383 : L 28 : T 16.5 sec
 - d_sub 1800 : OOB 0.3365 : L 29 : T 17.0 sec
 - d_sub 1800 : OOB 0.3354 : L 30 : T 17.5 sec
 - d_sub 1800 : OOB 0.3371 : L 31 : T 18.0 sec
 - d_sub 1800 : OOB 0.3377 : L 32 : T 18.5 sec
 - d_sub 1800 : OOB 0.3354 : L 33 : T 19.0 sec
 - d_sub 1800 : OOB 0.3337 : L 34 : T 19.5 sec
 - d_sub 1800 : OOB 0.3318 : L 35 : T 20.0 sec
 - d_sub 1800 : OOB 0.3305 : L 36 : T 20.4 sec
 - d_sub 1800 : OOB 0.3328 : L 37 : T 21.2 sec
 - d_sub 1800 : OOB 0.3354 : L 38 : T 21.7 sec
 - d_sub 1800 : OOB 0.3326 : L 39 : T 22.6 sec
 - d_sub 1800 : OOB 0.3349 : L 40 : T 23.1 sec
 - d_sub 1800 : OOB 0.3343 : L 41 : T 23.6 sec
 - d_sub 1800 : OOB 0.3330 : L 42 : T 24.4 sec
 - d_sub 1800 : OOB 0.3332 : L 43 : T 25.0 sec
 - d_sub 1800 : OOB 0.3322 : L 44 : T 25.4 sec
 - d_sub 1800 : OOB 0.3351 : L 45 : T 25.9 sec
 - d_sub 1800 : OOB 0.3341 : L 46 : T 26.4 sec
 - d_sub 1800 : OOB 0.3330 : L 47 : T 26.9 sec
 - d_sub 1800 : OOB 0.3328 : L 48 : T 27.6 sec
 - d_sub 1800 : OOB 0.3313 : L 49 : T 30.9 sec
 - d_sub 1800 : OOB 0.3318 : L 50 : T 32.5 sec
 - d_sub 1800 : OOB 0.3301 : L 51 : T 32.9 sec
 - d_sub 1800 : OOB 0.3314 : L 52 : T 33.7 sec
 - d_sub 1800 : OOB 0.3308 : L 53 : T 35.3 sec
 - d_sub 1800 : OOB 0.3290 : L 54 : T 35.8 sec
 - d_sub 1800 : OOB 0.3286 : L 55 : T 36.5 sec
 - d_sub 1800 : OOB 0.3318 : L 56 : T 36.9 sec
 - d_sub 1800 : OOB 0.3303 : L 57 : T 39.0 sec
 - d_sub 1800 : OOB 0.3291 : L 58 : T 39.5 sec
 - d_sub 1800 : OOB 0.3320 : L 59 : T 39.9 sec
 - d_sub 1800 : OOB 0.3300 : L 60 : T 40.6 sec
 - d_sub 1800 : OOB 0.3309 : L 61 : T 43.0 sec
 - d_sub 1800 : OOB 0.3299 : L 62 : T 43.5 sec
 - d_sub 1800 : OOB 0.3290 : L 63 : T 44.8 sec
 - d_sub 1800 : OOB 0.3303 : L 64 : T 45.4 sec
 - d_sub 1800 : OOB 0.3293 : L 65 : T 45.8 sec
 - d_sub 1800 : OOB 0.3294 : L 66 : T 46.3 sec
 - d_sub 1800 : OOB 0.3301 : L 67 : T 46.8 sec
 - d_sub 1800 : OOB 0.3273 : L 68 : T 47.2 sec
 - d_sub 1800 : OOB 0.3287 : L 69 : T 47.7 sec
 - d_sub 1800 : OOB 0.3265 : L 70 : T 48.2 sec
 - d_sub 1800 : OOB 0.3268 : L 71 : T 48.7 sec
 - d_sub 1800 : OOB 0.3265 : L 72 : T 49.2 sec
 - d_sub 1800 : OOB 0.3263 : L 73 : T 49.7 sec
 - d_sub 1800 : OOB 0.3256 : L 74 : T 50.2 sec
 - d_sub 1800 : OOB 0.3280 : L 75 : T 50.8 sec
 - d_sub 1800 : OOB 0.3274 : L 76 : T 52.8 sec
 - d_sub 1800 : OOB 0.3269 : L 77 : T 54.8 sec
 - d_sub 1800 : OOB 0.3270 : L 78 : T 55.3 sec
 - d_sub 1800 : OOB 0.3266 : L 79 : T 55.8 sec
 - d_sub 1800 : OOB 0.3259 : L 80 : T 56.3 sec
 - d_sub 1800 : OOB 0.3257 : L 81 : T 56.9 sec
 - d_sub 1800 : OOB 0.3265 : L 82 : T 58.7 sec
 - d_sub 1800 : OOB 0.3270 : L 83 : T 60.4 sec
 - d_sub 1800 : OOB 0.3275 : L 84 : T 60.9 sec
 - d_sub 1800 : OOB 0.3251 : L 85 : T 61.5 sec
 - d_sub 1800 : OOB 0.3268 : L 86 : T 62.1 sec
 - d_sub 1800 : OOB 0.3254 : L 87 : T 62.5 sec
 - d_sub 1800 : OOB 0.3268 : L 88 : T 63.5 sec
 - d_sub 1800 : OOB 0.3266 : L 89 : T 64.1 sec
 - d_sub 1800 : OOB 0.3258 : L 90 : T 64.6 sec
 - d_sub 1800 : OOB 0.3242 : L 91 : T 65.1 sec
 - d_sub 1800 : OOB 0.3238 : L 92 : T 65.7 sec
 - d_sub 1800 : OOB 0.3246 : L 93 : T 66.1 sec
 - d_sub 1800 : OOB 0.3250 : L 94 : T 66.6 sec
 - d_sub 1800 : OOB 0.3260 : L 95 : T 67.1 sec
 - d_sub 1800 : OOB 0.3249 : L 96 : T 67.6 sec
 - d_sub 1800 : OOB 0.3260 : L 97 : T 68.2 sec
 - d_sub 1800 : OOB 0.3270 : L 98 : T 68.6 sec
 - d_sub 1800 : OOB 0.3259 : L 99 : T 69.1 sec
 - d_sub 1800 : OOB 0.3264 : L 100 : T 69.6 sec
 - d_sub 1800 : OOB 0.3261 : L 101 : T 70.1 sec
 - d_sub 1800 : OOB 0.3261 : L 102 : T 70.6 sec
 - d_sub 1800 : OOB 0.3263 : L 103 : T 71.1 sec
 - d_sub 1800 : OOB 0.3256 : L 104 : T 72.5 sec
 - d_sub 1800 : OOB 0.3241 : L 105 : T 73.0 sec
 - d_sub 1800 : OOB 0.3241 : L 106 : T 73.5 sec
 - d_sub 1800 : OOB 0.3228 : L 107 : T 74.0 sec
 - d_sub 1800 : OOB 0.3237 : L 108 : T 74.5 sec
 - d_sub 1800 : OOB 0.3236 : L 109 : T 75.0 sec
 - d_sub 1800 : OOB 0.3241 : L 110 : T 75.4 sec
 - d_sub 1800 : OOB 0.3242 : L 111 : T 75.9 sec
 - d_sub 1800 : OOB 0.3251 : L 112 : T 76.4 sec
 - d_sub 1800 : OOB 0.3233 : L 113 : T 76.9 sec
 - d_sub 1800 : OOB 0.3245 : L 114 : T 77.4 sec
 - d_sub 1800 : OOB 0.3242 : L 115 : T 77.9 sec

 - d_sub 2000 : OOB 0.4524 : L 1 : T 0.6 sec
 - d_sub 2000 : OOB 0.4264 : L 2 : T 1.2 sec
 - d_sub 2000 : OOB 0.4084 : L 3 : T 2.5 sec
 - d_sub 2000 : OOB 0.3978 : L 4 : T 3.1 sec
 - d_sub 2000 : OOB 0.3832 : L 5 : T 4.5 sec
 - d_sub 2000 : OOB 0.3769 : L 6 : T 5.1 sec
 - d_sub 2000 : OOB 0.3743 : L 7 : T 5.7 sec
 - d_sub 2000 : OOB 0.3703 : L 8 : T 7.2 sec
 - d_sub 2000 : OOB 0.3657 : L 9 : T 8.2 sec
 - d_sub 2000 : OOB 0.3597 : L 10 : T 9.6 sec
 - d_sub 2000 : OOB 0.3601 : L 11 : T 10.2 sec
 - d_sub 2000 : OOB 0.3518 : L 12 : T 10.8 sec
 - d_sub 2000 : OOB 0.3530 : L 13 : T 11.4 sec
 - d_sub 2000 : OOB 0.3543 : L 14 : T 12.0 sec
 - d_sub 2000 : OOB 0.3543 : L 15 : T 13.6 sec
 - d_sub 2000 : OOB 0.3519 : L 16 : T 14.1 sec
 - d_sub 2000 : OOB 0.3512 : L 17 : T 14.7 sec
 - d_sub 2000 : OOB 0.3489 : L 18 : T 15.2 sec
 - d_sub 2000 : OOB 0.3450 : L 19 : T 15.7 sec
 - d_sub 2000 : OOB 0.3458 : L 20 : T 17.0 sec
 - d_sub 2000 : OOB 0.3447 : L 21 : T 17.5 sec
 - d_sub 2000 : OOB 0.3459 : L 22 : T 18.1 sec
 - d_sub 2000 : OOB 0.3457 : L 23 : T 18.5 sec
 - d_sub 2000 : OOB 0.3447 : L 24 : T 19.1 sec
 - d_sub 2000 : OOB 0.3422 : L 25 : T 20.6 sec
 - d_sub 2000 : OOB 0.3445 : L 26 : T 21.1 sec
 - d_sub 2000 : OOB 0.3414 : L 27 : T 21.6 sec
 - d_sub 2000 : OOB 0.3415 : L 28 : T 22.1 sec
 - d_sub 2000 : OOB 0.3412 : L 29 : T 22.7 sec
 - d_sub 2000 : OOB 0.3392 : L 30 : T 23.2 sec
 - d_sub 2000 : OOB 0.3372 : L 31 : T 23.7 sec
 - d_sub 2000 : OOB 0.3356 : L 32 : T 24.2 sec
 - d_sub 2000 : OOB 0.3361 : L 33 : T 25.5 sec
 - d_sub 2000 : OOB 0.3347 : L 34 : T 26.1 sec
 - d_sub 2000 : OOB 0.3343 : L 35 : T 28.0 sec
 - d_sub 2000 : OOB 0.3382 : L 36 : T 29.2 sec
 - d_sub 2000 : OOB 0.3376 : L 37 : T 30.3 sec
 - d_sub 2000 : OOB 0.3361 : L 38 : T 30.8 sec
 - d_sub 2000 : OOB 0.3349 : L 39 : T 31.5 sec
 - d_sub 2000 : OOB 0.3379 : L 40 : T 32.9 sec
 - d_sub 2000 : OOB 0.3352 : L 41 : T 33.3 sec
 - d_sub 2000 : OOB 0.3334 : L 42 : T 33.9 sec
 - d_sub 2000 : OOB 0.3343 : L 43 : T 34.4 sec
 - d_sub 2000 : OOB 0.3347 : L 44 : T 35.8 sec
 - d_sub 2000 : OOB 0.3325 : L 45 : T 36.9 sec
 - d_sub 2000 : OOB 0.3317 : L 46 : T 38.1 sec
 - d_sub 2000 : OOB 0.3313 : L 47 : T 39.2 sec
 - d_sub 2000 : OOB 0.3327 : L 48 : T 39.8 sec
 - d_sub 2000 : OOB 0.3324 : L 49 : T 40.3 sec
 - d_sub 2000 : OOB 0.3310 : L 50 : T 43.2 sec
 - d_sub 2000 : OOB 0.3306 : L 51 : T 45.7 sec
 - d_sub 2000 : OOB 0.3305 : L 52 : T 46.3 sec
 - d_sub 2000 : OOB 0.3291 : L 53 : T 46.9 sec
 - d_sub 2000 : OOB 0.3308 : L 54 : T 47.4 sec
 - d_sub 2000 : OOB 0.3305 : L 55 : T 49.0 sec
 - d_sub 2000 : OOB 0.3279 : L 56 : T 49.6 sec
 - d_sub 2000 : OOB 0.3275 : L 57 : T 50.2 sec
 - d_sub 2000 : OOB 0.3262 : L 58 : T 50.8 sec
 - d_sub 2000 : OOB 0.3274 : L 59 : T 52.2 sec
 - d_sub 2000 : OOB 0.3291 : L 60 : T 52.8 sec
 - d_sub 2000 : OOB 0.3273 : L 61 : T 53.5 sec
 - d_sub 2000 : OOB 0.3274 : L 62 : T 54.1 sec
 - d_sub 2000 : OOB 0.3282 : L 63 : T 55.4 sec
 - d_sub 2000 : OOB 0.3278 : L 64 : T 56.7 sec
 - d_sub 2000 : OOB 0.3257 : L 65 : T 57.9 sec
 - d_sub 2000 : OOB 0.3273 : L 66 : T 59.0 sec
 - d_sub 2000 : OOB 0.3253 : L 67 : T 59.5 sec
 - d_sub 2000 : OOB 0.3269 : L 68 : T 60.9 sec
 - d_sub 2000 : OOB 0.3282 : L 69 : T 63.8 sec
 - d_sub 2000 : OOB 0.3261 : L 70 : T 66.2 sec
 - d_sub 2000 : OOB 0.3272 : L 71 : T 68.4 sec
 - d_sub 2000 : OOB 0.3265 : L 72 : T 69.0 sec
 - d_sub 2000 : OOB 0.3274 : L 73 : T 69.6 sec
 - d_sub 2000 : OOB 0.3275 : L 74 : T 70.2 sec
 - d_sub 2000 : OOB 0.3265 : L 75 : T 70.7 sec
 - d_sub 2000 : OOB 0.3281 : L 76 : T 71.3 sec
 - d_sub 2000 : OOB 0.3274 : L 77 : T 73.3 sec
 - d_sub 2000 : OOB 0.3259 : L 78 : T 74.9 sec
 - d_sub 2000 : OOB 0.3267 : L 79 : T 77.1 sec
 - d_sub 2000 : OOB 0.3268 : L 80 : T 77.7 sec
 - d_sub 2000 : OOB 0.3263 : L 81 : T 78.2 sec
 - d_sub 2000 : OOB 0.3276 : L 82 : T 78.8 sec
 - d_sub 2000 : OOB 0.3263 : L 83 : T 79.3 sec
 - d_sub 2000 : OOB 0.3267 : L 84 : T 79.9 sec
 - d_sub 2000 : OOB 0.3249 : L 85 : T 80.4 sec
 - d_sub 2000 : OOB 0.3261 : L 86 : T 81.0 sec
 - d_sub 2000 : OOB 0.3281 : L 87 : T 82.7 sec
 - d_sub 2000 : OOB 0.3273 : L 88 : T 83.3 sec
 - d_sub 2000 : OOB 0.3272 : L 89 : T 83.8 sec
 - d_sub 2000 : OOB 0.3263 : L 90 : T 84.9 sec
 - d_sub 2000 : OOB 0.3280 : L 91 : T 85.4 sec
 - d_sub 2000 : OOB 0.3259 : L 92 : T 86.6 sec
 - d_sub 2000 : OOB 0.3249 : L 93 : T 87.2 sec
 - d_sub 2000 : OOB 0.3251 : L 94 : T 87.8 sec
 - d_sub 2000 : OOB 0.3255 : L 95 : T 88.9 sec
 - d_sub 2000 : OOB 0.3262 : L 96 : T 90.4 sec
 - d_sub 2000 : OOB 0.3259 : L 97 : T 92.3 sec
 - d_sub 2000 : OOB 0.3261 : L 98 : T 93.8 sec
 - d_sub 2000 : OOB 0.3261 : L 99 : T 95.3 sec

 - d_sub 2200 : OOB 0.4562 : L 1 : T 2.3 sec
 - d_sub 2200 : OOB 0.4290 : L 2 : T 4.3 sec
 - d_sub 2200 : OOB 0.4119 : L 3 : T 8.0 sec
 - d_sub 2200 : OOB 0.4011 : L 4 : T 10.7 sec
 - d_sub 2200 : OOB 0.3842 : L 5 : T 11.5 sec
 - d_sub 2200 : OOB 0.3825 : L 6 : T 13.8 sec
 - d_sub 2200 : OOB 0.3805 : L 7 : T 15.8 sec
 - d_sub 2200 : OOB 0.3752 : L 8 : T 18.9 sec
 - d_sub 2200 : OOB 0.3729 : L 9 : T 21.2 sec
 - d_sub 2200 : OOB 0.3628 : L 10 : T 21.9 sec
 - d_sub 2200 : OOB 0.3634 : L 11 : T 22.5 sec
 - d_sub 2200 : OOB 0.3569 : L 12 : T 24.6 sec
 - d_sub 2200 : OOB 0.3601 : L 13 : T 27.8 sec
 - d_sub 2200 : OOB 0.3596 : L 14 : T 29.2 sec
 - d_sub 2200 : OOB 0.3551 : L 15 : T 29.9 sec
 - d_sub 2200 : OOB 0.3526 : L 16 : T 32.0 sec
 - d_sub 2200 : OOB 0.3519 : L 17 : T 34.8 sec
 - d_sub 2200 : OOB 0.3513 : L 18 : T 36.0 sec
 - d_sub 2200 : OOB 0.3500 : L 19 : T 38.7 sec
 - d_sub 2200 : OOB 0.3489 : L 20 : T 40.7 sec
 - d_sub 2200 : OOB 0.3474 : L 21 : T 42.8 sec
 - d_sub 2200 : OOB 0.3463 : L 22 : T 43.4 sec
 - d_sub 2200 : OOB 0.3437 : L 23 : T 44.9 sec
 - d_sub 2200 : OOB 0.3459 : L 24 : T 46.7 sec
 - d_sub 2200 : OOB 0.3433 : L 25 : T 47.3 sec
 - d_sub 2200 : OOB 0.3437 : L 26 : T 49.2 sec
 - d_sub 2200 : OOB 0.3401 : L 27 : T 49.9 sec
 - d_sub 2200 : OOB 0.3421 : L 28 : T 50.5 sec
 - d_sub 2200 : OOB 0.3425 : L 29 : T 53.2 sec
 - d_sub 2200 : OOB 0.3410 : L 30 : T 54.6 sec
 - d_sub 2200 : OOB 0.3404 : L 31 : T 58.1 sec
 - d_sub 2200 : OOB 0.3400 : L 32 : T 59.9 sec
 - d_sub 2200 : OOB 0.3409 : L 33 : T 61.5 sec
 - d_sub 2200 : OOB 0.3394 : L 34 : T 64.1 sec
 - d_sub 2200 : OOB 0.3394 : L 35 : T 65.5 sec
 - d_sub 2200 : OOB 0.3386 : L 36 : T 66.2 sec
 - d_sub 2200 : OOB 0.3408 : L 37 : T 69.3 sec
 - d_sub 2200 : OOB 0.3386 : L 38 : T 71.6 sec
 - d_sub 2200 : OOB 0.3391 : L 39 : T 72.3 sec
 - d_sub 2200 : OOB 0.3383 : L 40 : T 73.7 sec
 - d_sub 2200 : OOB 0.3390 : L 41 : T 74.4 sec
 - d_sub 2200 : OOB 0.3393 : L 42 : T 76.6 sec
 - d_sub 2200 : OOB 0.3383 : L 43 : T 79.0 sec
 - d_sub 2200 : OOB 0.3396 : L 44 : T 82.2 sec
 - d_sub 2200 : OOB 0.3389 : L 45 : T 84.4 sec
 - d_sub 2200 : OOB 0.3385 : L 46 : T 85.2 sec
 - d_sub 2200 : OOB 0.3357 : L 47 : T 86.8 sec
 - d_sub 2200 : OOB 0.3375 : L 48 : T 88.8 sec
 - d_sub 2200 : OOB 0.3345 : L 49 : T 90.4 sec
 - d_sub 2200 : OOB 0.3368 : L 50 : T 91.8 sec
 - d_sub 2200 : OOB 0.3368 : L 51 : T 94.6 sec
 - d_sub 2200 : OOB 0.3347 : L 52 : T 97.6 sec
 - d_sub 2200 : OOB 0.3353 : L 53 : T 101.7 sec
 - d_sub 2200 : OOB 0.3334 : L 54 : T 106.5 sec
 - d_sub 2200 : OOB 0.3374 : L 55 : T 111.3 sec
 - d_sub 2200 : OOB 0.3331 : L 56 : T 115.3 sec
 - d_sub 2200 : OOB 0.3319 : L 57 : T 118.2 sec
 - d_sub 2200 : OOB 0.3313 : L 58 : T 120.9 sec
 - d_sub 2200 : OOB 0.3312 : L 59 : T 124.0 sec
 - d_sub 2200 : OOB 0.3310 : L 60 : T 127.8 sec
 - d_sub 2200 : OOB 0.3317 : L 61 : T 130.7 sec
 - d_sub 2200 : OOB 0.3302 : L 62 : T 134.2 sec
 - d_sub 2200 : OOB 0.3319 : L 63 : T 138.1 sec
 - d_sub 2200 : OOB 0.3315 : L 64 : T 143.0 sec
 - d_sub 2200 : OOB 0.3317 : L 65 : T 146.0 sec
 - d_sub 2200 : OOB 0.3332 : L 66 : T 149.5 sec
 - d_sub 2200 : OOB 0.3311 : L 67 : T 153.4 sec
 - d_sub 2200 : OOB 0.3333 : L 68 : T 157.8 sec
 - d_sub 2200 : OOB 0.3324 : L 69 : T 166.4 sec
 - d_sub 2200 : OOB 0.3313 : L 70 : T 169.4 sec
 - d_sub 2200 : OOB 0.3296 : L 71 : T 171.6 sec
 - d_sub 2200 : OOB 0.3311 : L 72 : T 174.5 sec
 - d_sub 2200 : OOB 0.3315 : L 73 : T 176.1 sec
 - d_sub 2200 : OOB 0.3317 : L 74 : T 178.0 sec
 - d_sub 2200 : OOB 0.3308 : L 75 : T 178.7 sec
 - d_sub 2200 : OOB 0.3310 : L 76 : T 179.4 sec
 - d_sub 2200 : OOB 0.3297 : L 77 : T 184.0 sec
 - d_sub 2200 : OOB 0.3309 : L 78 : T 187.1 sec
 - d_sub 2200 : OOB 0.3296 : L 79 : T 190.6 sec
 - d_sub 2200 : OOB 0.3319 : L 80 : T 195.8 sec
 - d_sub 2200 : OOB 0.3318 : L 81 : T 198.2 sec
 - d_sub 2200 : OOB 0.3307 : L 82 : T 202.0 sec
 - d_sub 2200 : OOB 0.3337 : L 83 : T 205.9 sec
 - d_sub 2200 : OOB 0.3317 : L 84 : T 208.2 sec
 - d_sub 2200 : OOB 0.3325 : L 85 : T 212.1 sec
 - d_sub 2200 : OOB 0.3305 : L 86 : T 216.7 sec
 - d_sub 2200 : OOB 0.3307 : L 87 : T 223.4 sec
 - d_sub 2200 : OOB 0.3320 : L 88 : T 228.1 sec
 - d_sub 2200 : OOB 0.3319 : L 89 : T 232.4 sec
 - d_sub 2200 : OOB 0.3316 : L 90 : T 237.0 sec
 - d_sub 2200 : OOB 0.3315 : L 91 : T 240.6 sec
 - d_sub 2200 : OOB 0.3313 : L 92 : T 244.4 sec
 - d_sub 2200 : OOB 0.3317 : L 93 : T 249.1 sec
 - d_sub 2200 : OOB 0.3315 : L 94 : T 251.5 sec
 - d_sub 2200 : OOB 0.3295 : L 95 : T 257.2 sec
 - d_sub 2200 : OOB 0.3307 : L 96 : T 261.2 sec
 - d_sub 2200 : OOB 0.3314 : L 97 : T 264.3 sec
 - d_sub 2200 : OOB 0.3318 : L 98 : T 268.3 sec
 - d_sub 2200 : OOB 0.3307 : L 99 : T 273.1 sec
 - d_sub 2200 : OOB 0.3303 : L 100 : T 277.0 sec
 - d_sub 2200 : OOB 0.3313 : L 101 : T 283.7 sec
# -------------------------
optimal d_sub 1800 : OOB 0.3242 : L 115 : T 736.4 sec
Testing error: 0.3208
# -------------------------
# Ensemble classification
#  - Training samples: 10000 (5000/5000)
#  - Feature-space dimensionality: 18157
#  - L : automatic (min 25, max 500, length 50, eps 0.00500)
#  - d_sub : 300
#  - Seed 1 (subspaces) : 22546600
#  - Seed 2 (bootstrap) : 842781027
# -------------------------

 - d_sub 300 : OOB 0.4588 : L 1 : T 0.1 sec
 - d_sub 300 : OOB 0.4362 : L 2 : T 0.1 sec
 - d_sub 300 : OOB 0.4256 : L 3 : T 0.2 sec
 - d_sub 300 : OOB 0.4166 : L 4 : T 0.2 sec
 - d_sub 300 : OOB 0.4064 : L 5 : T 0.3 sec
 - d_sub 300 : OOB 0.3993 : L 6 : T 0.3 sec
 - d_sub 300 : OOB 0.4001 : L 7 : T 0.4 sec
 - d_sub 300 : OOB 0.3931 : L 8 : T 0.4 sec
 - d_sub 300 : OOB 0.3916 : L 9 : T 0.5 sec
 - d_sub 300 : OOB 0.3809 : L 10 : T 0.5 sec
 - d_sub 300 : OOB 0.3815 : L 11 : T 0.6 sec
 - d_sub 300 : OOB 0.3794 : L 12 : T 0.6 sec
 - d_sub 300 : OOB 0.3821 : L 13 : T 0.6 sec
 - d_sub 300 : OOB 0.3746 : L 14 : T 0.7 sec
 - d_sub 300 : OOB 0.3775 : L 15 : T 0.7 sec
 - d_sub 300 : OOB 0.3755 : L 16 : T 0.8 sec
 - d_sub 300 : OOB 0.3738 : L 17 : T 0.8 sec
 - d_sub 300 : OOB 0.3752 : L 18 : T 0.8 sec
 - d_sub 300 : OOB 0.3706 : L 19 : T 0.9 sec
 - d_sub 300 : OOB 0.3695 : L 20 : T 0.9 sec
 - d_sub 300 : OOB 0.3716 : L 21 : T 0.9 sec
 - d_sub 300 : OOB 0.3698 : L 22 : T 1.0 sec
 - d_sub 300 : OOB 0.3691 : L 23 : T 1.0 sec
 - d_sub 300 : OOB 0.3690 : L 24 : T 1.1 sec
 - d_sub 300 : OOB 0.3711 : L 25 : T 1.1 sec
 - d_sub 300 : OOB 0.3717 : L 26 : T 1.1 sec
 - d_sub 300 : OOB 0.3683 : L 27 : T 1.2 sec
 - d_sub 300 : OOB 0.3715 : L 28 : T 1.2 sec
 - d_sub 300 : OOB 0.3709 : L 29 : T 1.3 sec
 - d_sub 300 : OOB 0.3684 : L 30 : T 1.3 sec
 - d_sub 300 : OOB 0.3696 : L 31 : T 1.3 sec
 - d_sub 300 : OOB 0.3694 : L 32 : T 1.4 sec
 - d_sub 300 : OOB 0.3680 : L 33 : T 1.4 sec
 - d_sub 300 : OOB 0.3678 : L 34 : T 1.5 sec
 - d_sub 300 : OOB 0.3681 : L 35 : T 1.5 sec
 - d_sub 300 : OOB 0.3665 : L 36 : T 1.6 sec
 - d_sub 300 : OOB 0.3674 : L 37 : T 1.6 sec
 - d_sub 300 : OOB 0.3656 : L 38 : T 1.7 sec
 - d_sub 300 : OOB 0.3656 : L 39 : T 1.7 sec
 - d_sub 300 : OOB 0.3674 : L 40 : T 1.7 sec
 - d_sub 300 : OOB 0.3706 : L 41 : T 1.8 sec
 - d_sub 300 : OOB 0.3693 : L 42 : T 1.8 sec
 - d_sub 300 : OOB 0.3660 : L 43 : T 1.9 sec
 - d_sub 300 : OOB 0.3673 : L 44 : T 1.9 sec
 - d_sub 300 : OOB 0.3697 : L 45 : T 1.9 sec
 - d_sub 300 : OOB 0.3704 : L 46 : T 2.0 sec
 - d_sub 300 : OOB 0.3681 : L 47 : T 2.0 sec
 - d_sub 300 : OOB 0.3667 : L 48 : T 2.1 sec
 - d_sub 300 : OOB 0.3673 : L 49 : T 2.1 sec
 - d_sub 300 : OOB 0.3654 : L 50 : T 2.2 sec
 - d_sub 300 : OOB 0.3665 : L 51 : T 2.2 sec
 - d_sub 300 : OOB 0.3651 : L 52 : T 2.2 sec
 - d_sub 300 : OOB 0.3660 : L 53 : T 2.3 sec
 - d_sub 300 : OOB 0.3657 : L 54 : T 2.3 sec
 - d_sub 300 : OOB 0.3675 : L 55 : T 2.4 sec
 - d_sub 300 : OOB 0.3667 : L 56 : T 2.4 sec
 - d_sub 300 : OOB 0.3659 : L 57 : T 2.5 sec
 - d_sub 300 : OOB 0.3664 : L 58 : T 2.5 sec
 - d_sub 300 : OOB 0.3644 : L 59 : T 2.6 sec
 - d_sub 300 : OOB 0.3659 : L 60 : T 2.6 sec
 - d_sub 300 : OOB 0.3670 : L 61 : T 2.6 sec
 - d_sub 300 : OOB 0.3669 : L 62 : T 2.7 sec
 - d_sub 300 : OOB 0.3674 : L 63 : T 2.7 sec
 - d_sub 300 : OOB 0.3657 : L 64 : T 2.8 sec
 - d_sub 300 : OOB 0.3665 : L 65 : T 2.9 sec
 - d_sub 300 : OOB 0.3656 : L 66 : T 3.0 sec
 - d_sub 300 : OOB 0.3641 : L 67 : T 3.1 sec
 - d_sub 300 : OOB 0.3629 : L 68 : T 3.2 sec
 - d_sub 300 : OOB 0.3634 : L 69 : T 3.2 sec
 - d_sub 300 : OOB 0.3648 : L 70 : T 3.3 sec
 - d_sub 300 : OOB 0.3640 : L 71 : T 3.4 sec
 - d_sub 300 : OOB 0.3644 : L 72 : T 3.4 sec
 - d_sub 300 : OOB 0.3628 : L 73 : T 3.5 sec
 - d_sub 300 : OOB 0.3633 : L 74 : T 3.5 sec
 - d_sub 300 : OOB 0.3635 : L 75 : T 3.5 sec
 - d_sub 300 : OOB 0.3650 : L 76 : T 3.6 sec
 - d_sub 300 : OOB 0.3640 : L 77 : T 3.6 sec
 - d_sub 300 : OOB 0.3652 : L 78 : T 3.7 sec
 - d_sub 300 : OOB 0.3647 : L 79 : T 3.7 sec
 - d_sub 300 : OOB 0.3659 : L 80 : T 3.8 sec
# -------------------------
optimal d_sub 300 : OOB 0.3659 : L 80 : T 3.8 sec
# -------------------------
# Ensemble classification
#  - Training samples: 10000 (5000/5000)
#  - Feature-space dimensionality: 18157
#  - L : 30
#  - d_sub : 300
#  - Seed 1 (subspaces) : 753258356
#  - Seed 2 (bootstrap) : 960774648
# -------------------------

 - d_sub 300 : OOB 0.4596 : L 1 : T 0.0 sec
 - d_sub 300 : OOB 0.4320 : L 2 : T 0.1 sec
 - d_sub 300 : OOB 0.4214 : L 3 : T 0.1 sec
 - d_sub 300 : OOB 0.4132 : L 4 : T 0.2 sec
 - d_sub 300 : OOB 0.4022 : L 5 : T 0.2 sec
 - d_sub 300 : OOB 0.3946 : L 6 : T 0.3 sec
 - d_sub 300 : OOB 0.3952 : L 7 : T 0.3 sec
 - d_sub 300 : OOB 0.3863 : L 8 : T 0.4 sec
 - d_sub 300 : OOB 0.3865 : L 9 : T 0.4 sec
 - d_sub 300 : OOB 0.3839 : L 10 : T 0.5 sec
 - d_sub 300 : OOB 0.3817 : L 11 : T 0.5 sec
 - d_sub 300 : OOB 0.3823 : L 12 : T 0.6 sec
 - d_sub 300 : OOB 0.3789 : L 13 : T 0.6 sec
 - d_sub 300 : OOB 0.3822 : L 14 : T 0.7 sec
 - d_sub 300 : OOB 0.3755 : L 15 : T 0.7 sec
 - d_sub 300 : OOB 0.3753 : L 16 : T 0.8 sec
 - d_sub 300 : OOB 0.3753 : L 17 : T 0.8 sec
 - d_sub 300 : OOB 0.3727 : L 18 : T 0.9 sec
 - d_sub 300 : OOB 0.3730 : L 19 : T 0.9 sec
 - d_sub 300 : OOB 0.3718 : L 20 : T 1.0 sec
 - d_sub 300 : OOB 0.3688 : L 21 : T 1.0 sec
 - d_sub 300 : OOB 0.3712 : L 22 : T 1.0 sec
 - d_sub 300 : OOB 0.3705 : L 23 : T 1.1 sec
 - d_sub 300 : OOB 0.3711 : L 24 : T 1.1 sec
 - d_sub 300 : OOB 0.3698 : L 25 : T 1.2 sec
 - d_sub 300 : OOB 0.3687 : L 26 : T 1.2 sec
 - d_sub 300 : OOB 0.3668 : L 27 : T 1.3 sec
 - d_sub 300 : OOB 0.3696 : L 28 : T 1.3 sec
 - d_sub 300 : OOB 0.3708 : L 29 : T 1.4 sec
 - d_sub 300 : OOB 0.3679 : L 30 : T 1.4 sec
# -------------------------
optimal d_sub 300 : OOB 0.3679 : L 30 : T 1.4 sec
# -------------------------
# Ensemble classification
#  - Training samples: 10000 (5000/5000)
#  - Feature-space dimensionality: 18157
#  - L : 30
#  - d_sub : 300
#  - Seed 1 (subspaces) : 888787848
#  - Seed 2 (bootstrap) : 919615544
# -------------------------

 - d_sub 300 : OOB 0.4556 : L 1 : T 0.0 sec
 - d_sub 300 : OOB 0.4317 : L 2 : T 0.1 sec
 - d_sub 300 : OOB 0.4187 : L 3 : T 0.1 sec
 - d_sub 300 : OOB 0.4110 : L 4 : T 0.2 sec
 - d_sub 300 : OOB 0.4020 : L 5 : T 0.2 sec
 - d_sub 300 : OOB 0.3947 : L 6 : T 0.3 sec
 - d_sub 300 : OOB 0.3930 : L 7 : T 0.3 sec
 - d_sub 300 : OOB 0.3846 : L 8 : T 0.3 sec
 - d_sub 300 : OOB 0.3870 : L 9 : T 0.4 sec
 - d_sub 300 : OOB 0.3833 : L 10 : T 0.4 sec
 - d_sub 300 : OOB 0.3816 : L 11 : T 0.5 sec
 - d_sub 300 : OOB 0.3819 : L 12 : T 0.5 sec
 - d_sub 300 : OOB 0.3746 : L 13 : T 0.5 sec
 - d_sub 300 : OOB 0.3793 : L 14 : T 0.6 sec
 - d_sub 300 : OOB 0.3735 : L 15 : T 0.6 sec
 - d_sub 300 : OOB 0.3740 : L 16 : T 0.7 sec
 - d_sub 300 : OOB 0.3730 : L 17 : T 0.7 sec
 - d_sub 300 : OOB 0.3742 : L 18 : T 0.8 sec
 - d_sub 300 : OOB 0.3761 : L 19 : T 0.8 sec
 - d_sub 300 : OOB 0.3743 : L 20 : T 0.8 sec
 - d_sub 300 : OOB 0.3730 : L 21 : T 0.9 sec
 - d_sub 300 : OOB 0.3722 : L 22 : T 0.9 sec
 - d_sub 300 : OOB 0.3712 : L 23 : T 1.0 sec
 - d_sub 300 : OOB 0.3711 : L 24 : T 1.0 sec
 - d_sub 300 : OOB 0.3722 : L 25 : T 1.1 sec
 - d_sub 300 : OOB 0.3716 : L 26 : T 1.1 sec
 - d_sub 300 : OOB 0.3727 : L 27 : T 1.2 sec
 - d_sub 300 : OOB 0.3733 : L 28 : T 1.2 sec
 - d_sub 300 : OOB 0.3696 : L 29 : T 1.2 sec
 - d_sub 300 : OOB 0.3722 : L 30 : T 1.3 sec
# -------------------------
optimal d_sub 300 : OOB 0.3722 : L 30 : T 1.3 sec
# -------------------------
# Ensemble classification
#  - Training samples: 10000 (5000/5000)
#  - Feature-space dimensionality: 18157
#  - L : 30
#  - d_sub : 300
#  - Seed 1 (subspaces) : 619158654
#  - Seed 2 (bootstrap) : 245889078
# -------------------------

 - d_sub 300 : OOB 0.4643 : L 1 : T 0.0 sec
 - d_sub 300 : OOB 0.4378 : L 2 : T 0.1 sec
 - d_sub 300 : OOB 0.4244 : L 3 : T 0.1 sec
 - d_sub 300 : OOB 0.4189 : L 4 : T 0.2 sec
 - d_sub 300 : OOB 0.4064 : L 5 : T 0.2 sec
 - d_sub 300 : OOB 0.3992 : L 6 : T 0.3 sec
 - d_sub 300 : OOB 0.3977 : L 7 : T 0.3 sec
 - d_sub 300 : OOB 0.3913 : L 8 : T 0.3 sec
 - d_sub 300 : OOB 0.3887 : L 9 : T 0.4 sec
 - d_sub 300 : OOB 0.3875 : L 10 : T 0.4 sec
 - d_sub 300 : OOB 0.3849 : L 11 : T 0.5 sec
 - d_sub 300 : OOB 0.3852 : L 12 : T 0.5 sec
 - d_sub 300 : OOB 0.3790 : L 13 : T 0.5 sec
 - d_sub 300 : OOB 0.3802 : L 14 : T 0.6 sec
 - d_sub 300 : OOB 0.3793 : L 15 : T 0.6 sec
 - d_sub 300 : OOB 0.3776 : L 16 : T 0.7 sec
 - d_sub 300 : OOB 0.3787 : L 17 : T 0.7 sec
 - d_sub 300 : OOB 0.3794 : L 18 : T 0.8 sec
 - d_sub 300 : OOB 0.3743 : L 19 : T 0.8 sec
 - d_sub 300 : OOB 0.3733 : L 20 : T 0.8 sec
 - d_sub 300 : OOB 0.3706 : L 21 : T 0.9 sec
 - d_sub 300 : OOB 0.3706 : L 22 : T 0.9 sec
 - d_sub 300 : OOB 0.3688 : L 23 : T 0.9 sec
 - d_sub 300 : OOB 0.3689 : L 24 : T 1.0 sec
 - d_sub 300 : OOB 0.3707 : L 25 : T 1.0 sec
 - d_sub 300 : OOB 0.3709 : L 26 : T 1.1 sec
 - d_sub 300 : OOB 0.3685 : L 27 : T 1.1 sec
 - d_sub 300 : OOB 0.3698 : L 28 : T 1.2 sec
 - d_sub 300 : OOB 0.3680 : L 29 : T 1.2 sec
 - d_sub 300 : OOB 0.3667 : L 30 : T 1.2 sec
# -------------------------
optimal d_sub 300 : OOB 0.3667 : L 30 : T 1.2 sec
# -------------------------
# Ensemble classification
#  - Training samples: 10000 (5000/5000)
#  - Feature-space dimensionality: 18157
#  - L : 30
#  - d_sub : 300
#  - Seed 1 (subspaces) : 827031492
#  - Seed 2 (bootstrap) : 95517633
# -------------------------

 - d_sub 300 : OOB 0.4614 : L 1 : T 0.0 sec
 - d_sub 300 : OOB 0.4343 : L 2 : T 0.1 sec
 - d_sub 300 : OOB 0.4218 : L 3 : T 0.1 sec
 - d_sub 300 : OOB 0.4144 : L 4 : T 0.2 sec
 - d_sub 300 : OOB 0.3988 : L 5 : T 0.2 sec
 - d_sub 300 : OOB 0.3964 : L 6 : T 0.2 sec
 - d_sub 300 : OOB 0.3966 : L 7 : T 0.3 sec
 - d_sub 300 : OOB 0.3897 : L 8 : T 0.3 sec
 - d_sub 300 : OOB 0.3878 : L 9 : T 0.4 sec
 - d_sub 300 : OOB 0.3812 : L 10 : T 0.4 sec
 - d_sub 300 : OOB 0.3823 : L 11 : T 0.4 sec
 - d_sub 300 : OOB 0.3786 : L 12 : T 0.5 sec
 - d_sub 300 : OOB 0.3808 : L 13 : T 0.5 sec
 - d_sub 300 : OOB 0.3737 : L 14 : T 0.6 sec
 - d_sub 300 : OOB 0.3779 : L 15 : T 0.6 sec
 - d_sub 300 : OOB 0.3775 : L 16 : T 0.7 sec
 - d_sub 300 : OOB 0.3783 : L 17 : T 0.7 sec
 - d_sub 300 : OOB 0.3800 : L 18 : T 0.7 sec
 - d_sub 300 : OOB 0.3758 : L 19 : T 0.8 sec
 - d_sub 300 : OOB 0.3783 : L 20 : T 0.8 sec
 - d_sub 300 : OOB 0.3778 : L 21 : T 0.9 sec
 - d_sub 300 : OOB 0.3760 : L 22 : T 0.9 sec
 - d_sub 300 : OOB 0.3783 : L 23 : T 1.0 sec
 - d_sub 300 : OOB 0.3756 : L 24 : T 1.0 sec
 - d_sub 300 : OOB 0.3753 : L 25 : T 1.1 sec
 - d_sub 300 : OOB 0.3749 : L 26 : T 1.1 sec
 - d_sub 300 : OOB 0.3750 : L 27 : T 1.2 sec
 - d_sub 300 : OOB 0.3748 : L 28 : T 1.2 sec
 - d_sub 300 : OOB 0.3763 : L 29 : T 1.3 sec
 - d_sub 300 : OOB 0.3736 : L 30 : T 1.3 sec
# -------------------------
optimal d_sub 300 : OOB 0.3736 : L 30 : T 1.3 sec
# -------------------------
# Ensemble classification
#  - Training samples: 10000 (5000/5000)
#  - Feature-space dimensionality: 18157
#  - L : 30
#  - d_sub : 300
#  - Seed 1 (subspaces) : 42704315
#  - Seed 2 (bootstrap) : 433390526
# -------------------------

 - d_sub 300 : OOB 0.4602 : L 1 : T 0.0 sec
 - d_sub 300 : OOB 0.4347 : L 2 : T 0.1 sec
 - d_sub 300 : OOB 0.4242 : L 3 : T 0.2 sec
 - d_sub 300 : OOB 0.4152 : L 4 : T 0.2 sec
 - d_sub 300 : OOB 0.4026 : L 5 : T 0.2 sec
 - d_sub 300 : OOB 0.4002 : L 6 : T 0.3 sec
 - d_sub 300 : OOB 0.3933 : L 7 : T 0.3 sec
 - d_sub 300 : OOB 0.3888 : L 8 : T 0.4 sec
 - d_sub 300 : OOB 0.3883 : L 9 : T 0.4 sec
 - d_sub 300 : OOB 0.3846 : L 10 : T 0.4 sec
 - d_sub 300 : OOB 0.3808 : L 11 : T 0.5 sec
 - d_sub 300 : OOB 0.3794 : L 12 : T 0.5 sec
 - d_sub 300 : OOB 0.3771 : L 13 : T 0.6 sec
 - d_sub 300 : OOB 0.3793 : L 14 : T 0.6 sec
 - d_sub 300 : OOB 0.3738 : L 15 : T 0.6 sec
 - d_sub 300 : OOB 0.3732 : L 16 : T 0.7 sec
 - d_sub 300 : OOB 0.3745 : L 17 : T 0.7 sec
 - d_sub 300 : OOB 0.3755 : L 18 : T 0.8 sec
 - d_sub 300 : OOB 0.3762 : L 19 : T 0.8 sec
 - d_sub 300 : OOB 0.3711 : L 20 : T 0.8 sec
 - d_sub 300 : OOB 0.3703 : L 21 : T 0.9 sec
 - d_sub 300 : OOB 0.3731 : L 22 : T 0.9 sec
 - d_sub 300 : OOB 0.3720 : L 23 : T 1.0 sec
 - d_sub 300 : OOB 0.3715 : L 24 : T 1.0 sec
 - d_sub 300 : OOB 0.3704 : L 25 : T 1.0 sec
 - d_sub 300 : OOB 0.3729 : L 26 : T 1.1 sec
 - d_sub 300 : OOB 0.3708 : L 27 : T 1.1 sec
 - d_sub 300 : OOB 0.3699 : L 28 : T 1.2 sec
 - d_sub 300 : OOB 0.3696 : L 29 : T 1.2 sec
 - d_sub 300 : OOB 0.3695 : L 30 : T 1.3 sec
# -------------------------
optimal d_sub 300 : OOB 0.3695 : L 30 : T 1.3 sec
# -------------------------
# Ensemble classification
#  - Training samples: 10000 (5000/5000)
#  - Feature-space dimensionality: 18157
#  - L : 30
#  - d_sub : 300
#  - Seed 1 (subspaces) : 22119997
#  - Seed 2 (bootstrap) : 882853270
# -------------------------

 - d_sub 300 : OOB 0.4643 : L 1 : T 0.0 sec
 - d_sub 300 : OOB 0.4381 : L 2 : T 0.1 sec
 - d_sub 300 : OOB 0.4269 : L 3 : T 0.1 sec
 - d_sub 300 : OOB 0.4176 : L 4 : T 0.2 sec
 - d_sub 300 : OOB 0.4084 : L 5 : T 0.3 sec
 - d_sub 300 : OOB 0.3980 : L 6 : T 0.3 sec
 - d_sub 300 : OOB 0.3986 : L 7 : T 0.4 sec
 - d_sub 300 : OOB 0.3929 : L 8 : T 0.4 sec
 - d_sub 300 : OOB 0.3897 : L 9 : T 0.5 sec
 - d_sub 300 : OOB 0.3853 : L 10 : T 0.5 sec
 - d_sub 300 : OOB 0.3844 : L 11 : T 0.6 sec
 - d_sub 300 : OOB 0.3818 : L 12 : T 0.6 sec
 - d_sub 300 : OOB 0.3843 : L 13 : T 0.7 sec
 - d_sub 300 : OOB 0.3798 : L 14 : T 0.8 sec
 - d_sub 300 : OOB 0.3789 : L 15 : T 0.8 sec
 - d_sub 300 : OOB 0.3786 : L 16 : T 0.9 sec
 - d_sub 300 : OOB 0.3730 : L 17 : T 0.9 sec
 - d_sub 300 : OOB 0.3736 : L 18 : T 1.0 sec
 - d_sub 300 : OOB 0.3706 : L 19 : T 1.0 sec
 - d_sub 300 : OOB 0.3750 : L 20 : T 1.1 sec
 - d_sub 300 : OOB 0.3721 : L 21 : T 1.1 sec
 - d_sub 300 : OOB 0.3708 : L 22 : T 1.2 sec
 - d_sub 300 : OOB 0.3719 : L 23 : T 1.2 sec
 - d_sub 300 : OOB 0.3712 : L 24 : T 1.2 sec
 - d_sub 300 : OOB 0.3719 : L 25 : T 1.3 sec
 - d_sub 300 : OOB 0.3739 : L 26 : T 1.3 sec
 - d_sub 300 : OOB 0.3715 : L 27 : T 1.4 sec
 - d_sub 300 : OOB 0.3707 : L 28 : T 1.4 sec
 - d_sub 300 : OOB 0.3737 : L 29 : T 1.5 sec
 - d_sub 300 : OOB 0.3718 : L 30 : T 1.5 sec
# -------------------------
optimal d_sub 300 : OOB 0.3718 : L 30 : T 1.5 sec
# -------------------------
# Ensemble classification
#  - Training samples: 10000 (5000/5000)
#  - Feature-space dimensionality: 18157
#  - L : 30
#  - d_sub : 300
#  - Seed 1 (subspaces) : 817138703
#  - Seed 2 (bootstrap) : 261745198
# -------------------------

 - d_sub 300 : OOB 0.4610 : L 1 : T 0.0 sec
 - d_sub 300 : OOB 0.4353 : L 2 : T 0.1 sec
 - d_sub 300 : OOB 0.4246 : L 3 : T 0.1 sec
 - d_sub 300 : OOB 0.4151 : L 4 : T 0.2 sec
 - d_sub 300 : OOB 0.4026 : L 5 : T 0.2 sec
 - d_sub 300 : OOB 0.4041 : L 6 : T 0.2 sec
 - d_sub 300 : OOB 0.3927 : L 7 : T 0.3 sec
 - d_sub 300 : OOB 0.3879 : L 8 : T 0.3 sec
 - d_sub 300 : OOB 0.3855 : L 9 : T 0.4 sec
 - d_sub 300 : OOB 0.3814 : L 10 : T 0.4 sec
 - d_sub 300 : OOB 0.3765 : L 11 : T 0.4 sec
 - d_sub 300 : OOB 0.3761 : L 12 : T 0.5 sec
 - d_sub 300 : OOB 0.3722 : L 13 : T 0.5 sec
 - d_sub 300 : OOB 0.3765 : L 14 : T 0.6 sec
 - d_sub 300 : OOB 0.3721 : L 15 : T 0.6 sec
 - d_sub 300 : OOB 0.3746 : L 16 : T 0.7 sec
 - d_sub 300 : OOB 0.3720 : L 17 : T 0.7 sec
 - d_sub 300 : OOB 0.3708 : L 18 : T 0.8 sec
 - d_sub 300 : OOB 0.3727 : L 19 : T 0.8 sec
 - d_sub 300 : OOB 0.3694 : L 20 : T 0.9 sec
 - d_sub 300 : OOB 0.3671 : L 21 : T 0.9 sec
 - d_sub 300 : OOB 0.3669 : L 22 : T 1.0 sec
 - d_sub 300 : OOB 0.3662 : L 23 : T 1.0 sec
 - d_sub 300 : OOB 0.3673 : L 24 : T 1.1 sec
 - d_sub 300 : OOB 0.3664 : L 25 : T 1.1 sec
 - d_sub 300 : OOB 0.3670 : L 26 : T 1.1 sec
 - d_sub 300 : OOB 0.3647 : L 27 : T 1.2 sec
 - d_sub 300 : OOB 0.3648 : L 28 : T 1.2 sec
 - d_sub 300 : OOB 0.3640 : L 29 : T 1.3 sec
 - d_sub 300 : OOB 0.3640 : L 30 : T 1.3 sec
# -------------------------
optimal d_sub 300 : OOB 0.3640 : L 30 : T 1.3 sec
# -------------------------
# Ensemble classification
#  - Training samples: 10000 (5000/5000)
#  - Feature-space dimensionality: 18157
#  - L : 30
#  - d_sub : 300
#  - Seed 1 (subspaces) : 125477686
#  - Seed 2 (bootstrap) : 506274477
# -------------------------

 - d_sub 300 : OOB 0.4621 : L 1 : T 0.0 sec
 - d_sub 300 : OOB 0.4360 : L 2 : T 0.1 sec
 - d_sub 300 : OOB 0.4192 : L 3 : T 0.1 sec
 - d_sub 300 : OOB 0.4133 : L 4 : T 0.2 sec
 - d_sub 300 : OOB 0.4016 : L 5 : T 0.2 sec
 - d_sub 300 : OOB 0.3975 : L 6 : T 0.2 sec
 - d_sub 300 : OOB 0.3926 : L 7 : T 0.3 sec
 - d_sub 300 : OOB 0.3830 : L 8 : T 0.3 sec
 - d_sub 300 : OOB 0.3847 : L 9 : T 0.4 sec
 - d_sub 300 : OOB 0.3821 : L 10 : T 0.4 sec
 - d_sub 300 : OOB 0.3813 : L 11 : T 0.5 sec
 - d_sub 300 : OOB 0.3824 : L 12 : T 0.5 sec
 - d_sub 300 : OOB 0.3756 : L 13 : T 0.6 sec
 - d_sub 300 : OOB 0.3808 : L 14 : T 0.6 sec
 - d_sub 300 : OOB 0.3754 : L 15 : T 0.6 sec
 - d_sub 300 : OOB 0.3772 : L 16 : T 0.7 sec
 - d_sub 300 : OOB 0.3762 : L 17 : T 0.7 sec
 - d_sub 300 : OOB 0.3742 : L 18 : T 0.8 sec
 - d_sub 300 : OOB 0.3761 : L 19 : T 0.8 sec
 - d_sub 300 : OOB 0.3725 : L 20 : T 0.9 sec
 - d_sub 300 : OOB 0.3720 : L 21 : T 0.9 sec
 - d_sub 300 : OOB 0.3723 : L 22 : T 0.9 sec
 - d_sub 300 : OOB 0.3711 : L 23 : T 1.0 sec
 - d_sub 300 : OOB 0.3711 : L 24 : T 1.0 sec
 - d_sub 300 : OOB 0.3705 : L 25 : T 1.1 sec
 - d_sub 300 : OOB 0.3705 : L 26 : T 1.1 sec
 - d_sub 300 : OOB 0.3718 : L 27 : T 1.1 sec
 - d_sub 300 : OOB 0.3705 : L 28 : T 1.2 sec
 - d_sub 300 : OOB 0.3703 : L 29 : T 1.2 sec
 - d_sub 300 : OOB 0.3696 : L 30 : T 1.3 sec
# -------------------------
optimal d_sub 300 : OOB 0.3696 : L 30 : T 1.3 sec
# -------------------------
# Ensemble classification
#  - Training samples: 10000 (5000/5000)
#  - Feature-space dimensionality: 18157
#  - L : 30
#  - d_sub : 300
#  - Seed 1 (subspaces) : 52014013
#  - Seed 2 (bootstrap) : 6398566
# -------------------------

 - d_sub 300 : OOB 0.4585 : L 1 : T 0.0 sec
 - d_sub 300 : OOB 0.4321 : L 2 : T 0.1 sec
 - d_sub 300 : OOB 0.4220 : L 3 : T 0.1 sec
 - d_sub 300 : OOB 0.4172 : L 4 : T 0.2 sec
 - d_sub 300 : OOB 0.4019 : L 5 : T 0.2 sec
 - d_sub 300 : OOB 0.3983 : L 6 : T 0.3 sec
 - d_sub 300 : OOB 0.3989 : L 7 : T 0.4 sec
 - d_sub 300 : OOB 0.3908 : L 8 : T 0.4 sec
 - d_sub 300 : OOB 0.3884 : L 9 : T 0.4 sec
 - d_sub 300 : OOB 0.3845 : L 10 : T 0.5 sec
 - d_sub 300 : OOB 0.3847 : L 11 : T 0.6 sec
 - d_sub 300 : OOB 0.3850 : L 12 : T 0.6 sec
 - d_sub 300 : OOB 0.3816 : L 13 : T 0.7 sec
 - d_sub 300 : OOB 0.3853 : L 14 : T 0.7 sec
 - d_sub 300 : OOB 0.3795 : L 15 : T 0.8 sec
 - d_sub 300 : OOB 0.3797 : L 16 : T 0.8 sec
 - d_sub 300 : OOB 0.3783 : L 17 : T 0.9 sec
 - d_sub 300 : OOB 0.3767 : L 18 : T 0.9 sec
 - d_sub 300 : OOB 0.3780 : L 19 : T 1.0 sec
 - d_sub 300 : OOB 0.3744 : L 20 : T 1.0 sec
 - d_sub 300 : OOB 0.3751 : L 21 : T 1.0 sec
 - d_sub 300 : OOB 0.3766 : L 22 : T 1.1 sec
 - d_sub 300 : OOB 0.3769 : L 23 : T 1.1 sec
 - d_sub 300 : OOB 0.3747 : L 24 : T 1.2 sec
 - d_sub 300 : OOB 0.3748 : L 25 : T 1.2 sec
 - d_sub 300 : OOB 0.3754 : L 26 : T 1.3 sec
 - d_sub 300 : OOB 0.3725 : L 27 : T 1.3 sec
 - d_sub 300 : OOB 0.3742 : L 28 : T 1.4 sec
 - d_sub 300 : OOB 0.3742 : L 29 : T 1.4 sec
 - d_sub 300 : OOB 0.3741 : L 30 : T 1.5 sec
# -------------------------
optimal d_sub 300 : OOB 0.3741 : L 30 : T 1.5 sec
# -------------------------
# Ensemble classification
#  - Training samples: 10000 (5000/5000)
#  - Feature-space dimensionality: 18157
#  - L : 30
#  - d_sub : 300
#  - Seed 1 (subspaces) : 396024878
#  - Seed 2 (bootstrap) : 250578743
# -------------------------

 - d_sub 300 : OOB 0.4625 : L 1 : T 0.1 sec
 - d_sub 300 : OOB 0.4415 : L 2 : T 0.2 sec
 - d_sub 300 : OOB 0.4259 : L 3 : T 0.2 sec
 - d_sub 300 : OOB 0.4162 : L 4 : T 0.3 sec
 - d_sub 300 : OOB 0.4068 : L 5 : T 0.4 sec
 - d_sub 300 : OOB 0.4021 : L 6 : T 0.4 sec
 - d_sub 300 : OOB 0.3962 : L 7 : T 0.5 sec
 - d_sub 300 : OOB 0.3882 : L 8 : T 0.5 sec
 - d_sub 300 : OOB 0.3877 : L 9 : T 0.6 sec
 - d_sub 300 : OOB 0.3860 : L 10 : T 0.7 sec
 - d_sub 300 : OOB 0.3841 : L 11 : T 0.7 sec
 - d_sub 300 : OOB 0.3845 : L 12 : T 0.8 sec
 - d_sub 300 : OOB 0.3769 : L 13 : T 0.8 sec
 - d_sub 300 : OOB 0.3815 : L 14 : T 0.9 sec
 - d_sub 300 : OOB 0.3779 : L 15 : T 1.0 sec
 - d_sub 300 : OOB 0.3785 : L 16 : T 1.0 sec
 - d_sub 300 : OOB 0.3777 : L 17 : T 1.1 sec
 - d_sub 300 : OOB 0.3762 : L 18 : T 1.1 sec
 - d_sub 300 : OOB 0.3763 : L 19 : T 1.1 sec
 - d_sub 300 : OOB 0.3729 : L 20 : T 1.2 sec
 - d_sub 300 : OOB 0.3718 : L 21 : T 1.2 sec
 - d_sub 300 : OOB 0.3725 : L 22 : T 1.3 sec
 - d_sub 300 : OOB 0.3724 : L 23 : T 1.3 sec
 - d_sub 300 : OOB 0.3718 : L 24 : T 1.4 sec
 - d_sub 300 : OOB 0.3714 : L 25 : T 1.5 sec
 - d_sub 300 : OOB 0.3715 : L 26 : T 1.5 sec
 - d_sub 300 : OOB 0.3729 : L 27 : T 1.6 sec
 - d_sub 300 : OOB 0.3728 : L 28 : T 1.6 sec
 - d_sub 300 : OOB 0.3695 : L 29 : T 1.7 sec
 - d_sub 300 : OOB 0.3698 : L 30 : T 1.7 sec
# -------------------------
optimal d_sub 300 : OOB 0.3698 : L 30 : T 1.7 sec
# -------------------------
# Ensemble classification
#  - Training samples: 10000 (5000/5000)
#  - Feature-space dimensionality: 18157
#  - L : 30
#  - d_sub : 300
#  - Seed 1 (subspaces) : 651435783
#  - Seed 2 (bootstrap) : 188861841
# -------------------------

 - d_sub 300 : OOB 0.4593 : L 1 : T 0.1 sec
 - d_sub 300 : OOB 0.4326 : L 2 : T 0.1 sec
 - d_sub 300 : OOB 0.4208 : L 3 : T 0.2 sec
 - d_sub 300 : OOB 0.4136 : L 4 : T 0.2 sec
 - d_sub 300 : OOB 0.4017 : L 5 : T 0.3 sec
 - d_sub 300 : OOB 0.3996 : L 6 : T 0.3 sec
 - d_sub 300 : OOB 0.3927 : L 7 : T 0.4 sec
 - d_sub 300 : OOB 0.3880 : L 8 : T 0.5 sec
 - d_sub 300 : OOB 0.3897 : L 9 : T 0.5 sec
 - d_sub 300 : OOB 0.3897 : L 10 : T 0.6 sec
 - d_sub 300 : OOB 0.3886 : L 11 : T 0.6 sec
 - d_sub 300 : OOB 0.3882 : L 12 : T 0.6 sec
 - d_sub 300 : OOB 0.3849 : L 13 : T 0.7 sec
 - d_sub 300 : OOB 0.3864 : L 14 : T 0.7 sec
 - d_sub 300 : OOB 0.3807 : L 15 : T 0.8 sec
 - d_sub 300 : OOB 0.3815 : L 16 : T 0.8 sec
 - d_sub 300 : OOB 0.3800 : L 17 : T 0.9 sec
 - d_sub 300 : OOB 0.3806 : L 18 : T 0.9 sec
 - d_sub 300 : OOB 0.3825 : L 19 : T 0.9 sec
 - d_sub 300 : OOB 0.3795 : L 20 : T 1.0 sec
 - d_sub 300 : OOB 0.3786 : L 21 : T 1.0 sec
 - d_sub 300 : OOB 0.3788 : L 22 : T 1.1 sec
 - d_sub 300 : OOB 0.3784 : L 23 : T 1.1 sec
 - d_sub 300 : OOB 0.3738 : L 24 : T 1.1 sec
 - d_sub 300 : OOB 0.3737 : L 25 : T 1.2 sec
 - d_sub 300 : OOB 0.3729 : L 26 : T 1.2 sec
 - d_sub 300 : OOB 0.3718 : L 27 : T 1.3 sec
 - d_sub 300 : OOB 0.3732 : L 28 : T 1.3 sec
 - d_sub 300 : OOB 0.3719 : L 29 : T 1.4 sec
 - d_sub 300 : OOB 0.3739 : L 30 : T 1.4 sec
# -------------------------
optimal d_sub 300 : OOB 0.3739 : L 30 : T 1.4 sec
# -------------------------
Average OOB error = 0.37052 (+/- 0.00329)
# -------------------------
# Ensemble classification
#  - Training samples: 10000 (5000/5000)
#  - Feature-space dimensionality: 18157
#  - L : 30
#  - d_sub : 300
#  - Seed 1 (subspaces) : 5
#  - Seed 2 (bootstrap) : 73
# -------------------------

 - d_sub 300 : OOB 0.4598 : L 1 : T 0.0 sec
 - d_sub 300 : OOB 0.4350 : L 2 : T 0.1 sec
 - d_sub 300 : OOB 0.4248 : L 3 : T 0.1 sec
 - d_sub 300 : OOB 0.4147 : L 4 : T 0.2 sec
 - d_sub 300 : OOB 0.4023 : L 5 : T 0.2 sec
 - d_sub 300 : OOB 0.4011 : L 6 : T 0.3 sec
 - d_sub 300 : OOB 0.3910 : L 7 : T 0.3 sec
 - d_sub 300 : OOB 0.3875 : L 8 : T 0.4 sec
 - d_sub 300 : OOB 0.3852 : L 9 : T 0.4 sec
 - d_sub 300 : OOB 0.3870 : L 10 : T 0.5 sec
 - d_sub 300 : OOB 0.3796 : L 11 : T 0.6 sec
 - d_sub 300 : OOB 0.3810 : L 12 : T 0.7 sec
 - d_sub 300 : OOB 0.3791 : L 13 : T 0.8 sec
 - d_sub 300 : OOB 0.3767 : L 14 : T 0.9 sec
 - d_sub 300 : OOB 0.3773 : L 15 : T 1.0 sec
 - d_sub 300 : OOB 0.3768 : L 16 : T 1.1 sec
 - d_sub 300 : OOB 0.3785 : L 17 : T 1.3 sec
 - d_sub 300 : OOB 0.3772 : L 18 : T 1.3 sec
 - d_sub 300 : OOB 0.3767 : L 19 : T 1.4 sec
 - d_sub 300 : OOB 0.3772 : L 20 : T 1.4 sec
 - d_sub 300 : OOB 0.3738 : L 21 : T 1.5 sec
 - d_sub 300 : OOB 0.3736 : L 22 : T 1.5 sec
 - d_sub 300 : OOB 0.3748 : L 23 : T 1.5 sec
 - d_sub 300 : OOB 0.3757 : L 24 : T 1.6 sec
 - d_sub 300 : OOB 0.3726 : L 25 : T 1.6 sec
 - d_sub 300 : OOB 0.3730 : L 26 : T 1.7 sec
 - d_sub 300 : OOB 0.3711 : L 27 : T 1.7 sec
 - d_sub 300 : OOB 0.3716 : L 28 : T 1.8 sec
 - d_sub 300 : OOB 0.3752 : L 29 : T 1.9 sec
 - d_sub 300 : OOB 0.3723 : L 30 : T 2.0 sec
# -------------------------
optimal d_sub 300 : OOB 0.3723 : L 30 : T 2.0 sec
OOB error = 0.3670
optimal d_sub 300 : OOB 0.3714 : L 30 : T 1.4 sec
optimal d_sub 300 : OOB 0.3614 : L 100 : T 4.8 sec
Testing error 1: 0.3614
optimal d_sub 300 : OOB 0.3630 : L 110 : T 5.1 sec
Testing error 2: 0.3593
optimal d_sub 300 : OOB 0.3651 : L 90 : T 4.5 sec
Testing error 3: 0.3590
optimal d_sub 300 : OOB 0.3626 : L 101 : T 5.3 sec
Testing error 4: 0.3614
optimal d_sub 300 : OOB 0.3616 : L 92 : T 4.4 sec
Testing error 5: 0.3639
optimal d_sub 300 : OOB 0.3671 : L 83 : T 3.6 sec
Testing error 6: 0.3575
optimal d_sub 300 : OOB 0.3639 : L 106 : T 5.4 sec
Testing error 7: 0.3595
optimal d_sub 300 : OOB 0.3653 : L 73 : T 3.7 sec
Testing error 8: 0.3641
optimal d_sub 300 : OOB 0.3642 : L 99 : T 5.0 sec
Testing error 9: 0.3589
optimal d_sub 300 : OOB 0.3664 : L 105 : T 5.6 sec
Testing error 10: 0.3538
---
Average testing error over 10 splits: 0.3599 (+/- 0.0030)
