# -------------------------
# Ensemble classification
#  - Training samples: 10000 (5000/5000)
#  - Feature-space dimensionality: 22563
#  - L : automatic (min 25, max 500, length 50, eps 0.00500)
#  - d_sub : automatic (Eoob tolerance 0.0200, step 200)
#  - Seed 1 (subspaces) : 436952326
#  - Seed 2 (bootstrap) : 848214597
# -------------------------

 - d_sub 200 : OOB 0.5020 : L 1 : T 0.8 sec
 - d_sub 200 : OOB 0.4982 : L 2 : T 0.8 sec
 - d_sub 200 : OOB 0.5050 : L 3 : T 0.9 sec
 - d_sub 200 : OOB 0.5065 : L 4 : T 0.9 sec
 - d_sub 200 : OOB 0.4885 : L 5 : T 1.0 sec
 - d_sub 200 : OOB 0.4929 : L 6 : T 1.1 sec
 - d_sub 200 : OOB 0.4933 : L 7 : T 1.1 sec
 - d_sub 200 : OOB 0.4921 : L 8 : T 1.1 sec
 - d_sub 200 : OOB 0.4908 : L 9 : T 1.2 sec
 - d_sub 200 : OOB 0.4939 : L 10 : T 1.2 sec
 - d_sub 200 : OOB 0.4913 : L 11 : T 1.2 sec
 - d_sub 200 : OOB 0.4881 : L 12 : T 1.3 sec
 - d_sub 200 : OOB 0.4913 : L 13 : T 1.3 sec
 - d_sub 200 : OOB 0.4873 : L 14 : T 1.4 sec
 - d_sub 200 : OOB 0.4895 : L 15 : T 1.4 sec
 - d_sub 200 : OOB 0.4873 : L 16 : T 1.4 sec
 - d_sub 200 : OOB 0.4922 : L 17 : T 1.5 sec
 - d_sub 200 : OOB 0.4896 : L 18 : T 1.5 sec
 - d_sub 200 : OOB 0.4877 : L 19 : T 1.5 sec
 - d_sub 200 : OOB 0.4885 : L 20 : T 1.6 sec
 - d_sub 200 : OOB 0.4967 : L 21 : T 1.6 sec
 - d_sub 200 : OOB 0.4880 : L 22 : T 1.6 sec
 - d_sub 200 : OOB 0.4875 : L 23 : T 1.7 sec
 - d_sub 200 : OOB 0.4884 : L 24 : T 1.7 sec
 - d_sub 200 : OOB 0.4857 : L 25 : T 1.9 sec
 - d_sub 200 : OOB 0.4841 : L 26 : T 1.9 sec
 - d_sub 200 : OOB 0.4790 : L 27 : T 2.0 sec
 - d_sub 200 : OOB 0.4860 : L 28 : T 2.0 sec
 - d_sub 200 : OOB 0.4816 : L 29 : T 2.0 sec
 - d_sub 200 : OOB 0.4814 : L 30 : T 2.1 sec
 - d_sub 200 : OOB 0.4766 : L 31 : T 2.1 sec
 - d_sub 200 : OOB 0.4819 : L 32 : T 2.1 sec
 - d_sub 200 : OOB 0.4803 : L 33 : T 2.2 sec
 - d_sub 200 : OOB 0.4826 : L 34 : T 2.2 sec
 - d_sub 200 : OOB 0.4788 : L 35 : T 2.2 sec
 - d_sub 200 : OOB 0.4774 : L 36 : T 2.3 sec
 - d_sub 200 : OOB 0.4777 : L 37 : T 2.3 sec
 - d_sub 200 : OOB 0.4789 : L 38 : T 2.4 sec
 - d_sub 200 : OOB 0.4774 : L 39 : T 2.4 sec
 - d_sub 200 : OOB 0.4782 : L 40 : T 2.4 sec
 - d_sub 200 : OOB 0.4778 : L 41 : T 2.5 sec
 - d_sub 200 : OOB 0.4812 : L 42 : T 2.5 sec
 - d_sub 200 : OOB 0.4868 : L 43 : T 2.5 sec
 - d_sub 200 : OOB 0.4820 : L 44 : T 2.6 sec
 - d_sub 200 : OOB 0.4811 : L 45 : T 2.6 sec
 - d_sub 200 : OOB 0.4818 : L 46 : T 2.6 sec
 - d_sub 200 : OOB 0.4801 : L 47 : T 2.7 sec
 - d_sub 200 : OOB 0.4776 : L 48 : T 2.7 sec
 - d_sub 200 : OOB 0.4852 : L 49 : T 2.7 sec
 - d_sub 200 : OOB 0.4784 : L 50 : T 2.8 sec
 - d_sub 200 : OOB 0.4783 : L 51 : T 2.8 sec
 - d_sub 200 : OOB 0.4788 : L 52 : T 2.8 sec
 - d_sub 200 : OOB 0.4783 : L 53 : T 2.9 sec
 - d_sub 200 : OOB 0.4750 : L 54 : T 2.9 sec
 - d_sub 200 : OOB 0.4778 : L 55 : T 2.9 sec
 - d_sub 200 : OOB 0.4785 : L 56 : T 3.0 sec
 - d_sub 200 : OOB 0.4786 : L 57 : T 3.0 sec
 - d_sub 200 : OOB 0.4804 : L 58 : T 3.0 sec
 - d_sub 200 : OOB 0.4790 : L 59 : T 3.1 sec
 - d_sub 200 : OOB 0.4784 : L 60 : T 3.1 sec
 - d_sub 200 : OOB 0.4804 : L 61 : T 3.1 sec
 - d_sub 200 : OOB 0.4789 : L 62 : T 3.2 sec
 - d_sub 200 : OOB 0.4799 : L 63 : T 3.2 sec
 - d_sub 200 : OOB 0.4802 : L 64 : T 3.3 sec
 - d_sub 200 : OOB 0.4793 : L 65 : T 3.3 sec
 - d_sub 200 : OOB 0.4801 : L 66 : T 3.3 sec
 - d_sub 200 : OOB 0.4762 : L 67 : T 3.4 sec
 - d_sub 200 : OOB 0.4785 : L 68 : T 3.4 sec
 - d_sub 200 : OOB 0.4784 : L 69 : T 3.4 sec
 - d_sub 200 : OOB 0.4763 : L 70 : T 3.5 sec
 - d_sub 200 : OOB 0.4732 : L 71 : T 3.5 sec
 - d_sub 200 : OOB 0.4745 : L 72 : T 3.5 sec
 - d_sub 200 : OOB 0.4709 : L 73 : T 3.6 sec
 - d_sub 200 : OOB 0.4739 : L 74 : T 3.6 sec
 - d_sub 200 : OOB 0.4747 : L 75 : T 3.6 sec
 - d_sub 200 : OOB 0.4726 : L 76 : T 3.7 sec
 - d_sub 200 : OOB 0.4739 : L 77 : T 3.7 sec
 - d_sub 200 : OOB 0.4722 : L 78 : T 3.8 sec
 - d_sub 200 : OOB 0.4710 : L 79 : T 3.8 sec
 - d_sub 200 : OOB 0.4737 : L 80 : T 3.8 sec
 - d_sub 200 : OOB 0.4728 : L 81 : T 3.9 sec
 - d_sub 200 : OOB 0.4745 : L 82 : T 3.9 sec
 - d_sub 200 : OOB 0.4730 : L 83 : T 3.9 sec
 - d_sub 200 : OOB 0.4746 : L 84 : T 4.0 sec
 - d_sub 200 : OOB 0.4728 : L 85 : T 4.0 sec
 - d_sub 200 : OOB 0.4679 : L 86 : T 4.0 sec
 - d_sub 200 : OOB 0.4726 : L 87 : T 4.1 sec
 - d_sub 200 : OOB 0.4690 : L 88 : T 4.1 sec
 - d_sub 200 : OOB 0.4737 : L 89 : T 4.1 sec
 - d_sub 200 : OOB 0.4721 : L 90 : T 4.2 sec
 - d_sub 200 : OOB 0.4752 : L 91 : T 4.2 sec
 - d_sub 200 : OOB 0.4743 : L 92 : T 4.2 sec
 - d_sub 200 : OOB 0.4707 : L 93 : T 4.3 sec
 - d_sub 200 : OOB 0.4711 : L 94 : T 5.2 sec
 - d_sub 200 : OOB 0.4742 : L 95 : T 5.2 sec
 - d_sub 200 : OOB 0.4742 : L 96 : T 5.2 sec
 - d_sub 200 : OOB 0.4724 : L 97 : T 5.3 sec
 - d_sub 200 : OOB 0.4711 : L 98 : T 5.3 sec
 - d_sub 200 : OOB 0.4730 : L 99 : T 5.3 sec
 - d_sub 200 : OOB 0.4705 : L 100 : T 5.4 sec
 - d_sub 200 : OOB 0.4700 : L 101 : T 5.4 sec
 - d_sub 200 : OOB 0.4710 : L 102 : T 5.4 sec
 - d_sub 200 : OOB 0.4708 : L 103 : T 5.5 sec
 - d_sub 200 : OOB 0.4741 : L 104 : T 5.5 sec
 - d_sub 200 : OOB 0.4699 : L 105 : T 5.5 sec
 - d_sub 200 : OOB 0.4742 : L 106 : T 5.6 sec
 - d_sub 200 : OOB 0.4709 : L 107 : T 5.6 sec
 - d_sub 200 : OOB 0.4708 : L 108 : T 5.6 sec
 - d_sub 200 : OOB 0.4709 : L 109 : T 5.7 sec
 - d_sub 200 : OOB 0.4747 : L 110 : T 5.7 sec
 - d_sub 200 : OOB 0.4697 : L 111 : T 5.8 sec
 - d_sub 200 : OOB 0.4725 : L 112 : T 5.8 sec
 - d_sub 200 : OOB 0.4732 : L 113 : T 5.8 sec
 - d_sub 200 : OOB 0.4712 : L 114 : T 5.9 sec
 - d_sub 200 : OOB 0.4719 : L 115 : T 5.9 sec
 - d_sub 200 : OOB 0.4723 : L 116 : T 5.9 sec
 - d_sub 200 : OOB 0.4732 : L 117 : T 6.0 sec
 - d_sub 200 : OOB 0.4726 : L 118 : T 6.0 sec

 - d_sub 400 : OOB 0.5020 : L 1 : T 1.0 sec
 - d_sub 400 : OOB 0.4915 : L 2 : T 1.1 sec
 - d_sub 400 : OOB 0.4940 : L 3 : T 1.1 sec
 - d_sub 400 : OOB 0.4918 : L 4 : T 1.2 sec
 - d_sub 400 : OOB 0.4924 : L 5 : T 1.3 sec
 - d_sub 400 : OOB 0.4806 : L 6 : T 1.3 sec
 - d_sub 400 : OOB 0.4889 : L 7 : T 1.4 sec
 - d_sub 400 : OOB 0.4899 : L 8 : T 1.5 sec
 - d_sub 400 : OOB 0.4937 : L 9 : T 1.6 sec
 - d_sub 400 : OOB 0.4920 : L 10 : T 1.6 sec
 - d_sub 400 : OOB 0.4880 : L 11 : T 2.5 sec
 - d_sub 400 : OOB 0.4971 : L 12 : T 3.2 sec
 - d_sub 400 : OOB 0.4855 : L 13 : T 3.6 sec
 - d_sub 400 : OOB 0.4831 : L 14 : T 3.7 sec
 - d_sub 400 : OOB 0.4814 : L 15 : T 4.9 sec
 - d_sub 400 : OOB 0.4831 : L 16 : T 5.7 sec
 - d_sub 400 : OOB 0.4762 : L 17 : T 5.7 sec
 - d_sub 400 : OOB 0.4842 : L 18 : T 6.8 sec
 - d_sub 400 : OOB 0.4777 : L 19 : T 7.7 sec
 - d_sub 400 : OOB 0.4775 : L 20 : T 8.6 sec
 - d_sub 400 : OOB 0.4825 : L 21 : T 9.6 sec
 - d_sub 400 : OOB 0.4885 : L 22 : T 9.7 sec
 - d_sub 400 : OOB 0.4847 : L 23 : T 10.6 sec
 - d_sub 400 : OOB 0.4831 : L 24 : T 10.7 sec
 - d_sub 400 : OOB 0.4842 : L 25 : T 11.5 sec
 - d_sub 400 : OOB 0.4825 : L 26 : T 11.6 sec
 - d_sub 400 : OOB 0.4813 : L 27 : T 12.3 sec
 - d_sub 400 : OOB 0.4804 : L 28 : T 13.1 sec
 - d_sub 400 : OOB 0.4811 : L 29 : T 13.2 sec
 - d_sub 400 : OOB 0.4761 : L 30 : T 13.3 sec
 - d_sub 400 : OOB 0.4767 : L 31 : T 13.3 sec
 - d_sub 400 : OOB 0.4748 : L 32 : T 13.4 sec
 - d_sub 400 : OOB 0.4805 : L 33 : T 13.5 sec
 - d_sub 400 : OOB 0.4807 : L 34 : T 14.6 sec
 - d_sub 400 : OOB 0.4809 : L 35 : T 14.7 sec
 - d_sub 400 : OOB 0.4744 : L 36 : T 14.7 sec
 - d_sub 400 : OOB 0.4778 : L 37 : T 14.8 sec
 - d_sub 400 : OOB 0.4739 : L 38 : T 15.9 sec
 - d_sub 400 : OOB 0.4727 : L 39 : T 15.9 sec
 - d_sub 400 : OOB 0.4720 : L 40 : T 16.0 sec
 - d_sub 400 : OOB 0.4739 : L 41 : T 17.6 sec
 - d_sub 400 : OOB 0.4730 : L 42 : T 17.7 sec
 - d_sub 400 : OOB 0.4729 : L 43 : T 17.8 sec
 - d_sub 400 : OOB 0.4753 : L 44 : T 18.7 sec
 - d_sub 400 : OOB 0.4764 : L 45 : T 19.6 sec
 - d_sub 400 : OOB 0.4758 : L 46 : T 20.4 sec
 - d_sub 400 : OOB 0.4742 : L 47 : T 21.2 sec
 - d_sub 400 : OOB 0.4721 : L 48 : T 21.9 sec
 - d_sub 400 : OOB 0.4723 : L 49 : T 21.9 sec
 - d_sub 400 : OOB 0.4716 : L 50 : T 22.0 sec
 - d_sub 400 : OOB 0.4719 : L 51 : T 22.1 sec
 - d_sub 400 : OOB 0.4707 : L 52 : T 22.1 sec
 - d_sub 400 : OOB 0.4671 : L 53 : T 22.2 sec
 - d_sub 400 : OOB 0.4742 : L 54 : T 22.3 sec
 - d_sub 400 : OOB 0.4715 : L 55 : T 22.4 sec
 - d_sub 400 : OOB 0.4702 : L 56 : T 22.4 sec
 - d_sub 400 : OOB 0.4731 : L 57 : T 22.5 sec
 - d_sub 400 : OOB 0.4715 : L 58 : T 22.6 sec
 - d_sub 400 : OOB 0.4724 : L 59 : T 22.6 sec
 - d_sub 400 : OOB 0.4686 : L 60 : T 23.6 sec
 - d_sub 400 : OOB 0.4727 : L 61 : T 24.5 sec
 - d_sub 400 : OOB 0.4704 : L 62 : T 25.5 sec
 - d_sub 400 : OOB 0.4738 : L 63 : T 25.6 sec
 - d_sub 400 : OOB 0.4700 : L 64 : T 25.6 sec
 - d_sub 400 : OOB 0.4720 : L 65 : T 26.4 sec
 - d_sub 400 : OOB 0.4737 : L 66 : T 27.8 sec
 - d_sub 400 : OOB 0.4688 : L 67 : T 28.6 sec
 - d_sub 400 : OOB 0.4721 : L 68 : T 28.6 sec
 - d_sub 400 : OOB 0.4730 : L 69 : T 28.7 sec
 - d_sub 400 : OOB 0.4750 : L 70 : T 28.8 sec
 - d_sub 400 : OOB 0.4734 : L 71 : T 28.9 sec
 - d_sub 400 : OOB 0.4722 : L 72 : T 29.0 sec
 - d_sub 400 : OOB 0.4659 : L 73 : T 29.1 sec
 - d_sub 400 : OOB 0.4734 : L 74 : T 29.2 sec
 - d_sub 400 : OOB 0.4696 : L 75 : T 29.3 sec
 - d_sub 400 : OOB 0.4712 : L 76 : T 29.4 sec
 - d_sub 400 : OOB 0.4678 : L 77 : T 29.4 sec
 - d_sub 400 : OOB 0.4695 : L 78 : T 29.5 sec
 - d_sub 400 : OOB 0.4701 : L 79 : T 29.6 sec
 - d_sub 400 : OOB 0.4673 : L 80 : T 29.7 sec
 - d_sub 400 : OOB 0.4716 : L 81 : T 29.8 sec
 - d_sub 400 : OOB 0.4684 : L 82 : T 29.9 sec
 - d_sub 400 : OOB 0.4649 : L 83 : T 29.9 sec
 - d_sub 400 : OOB 0.4713 : L 84 : T 30.0 sec
 - d_sub 400 : OOB 0.4684 : L 85 : T 31.2 sec
 - d_sub 400 : OOB 0.4674 : L 86 : T 32.1 sec
 - d_sub 400 : OOB 0.4715 : L 87 : T 32.7 sec
 - d_sub 400 : OOB 0.4699 : L 88 : T 32.8 sec
 - d_sub 400 : OOB 0.4665 : L 89 : T 32.9 sec
 - d_sub 400 : OOB 0.4660 : L 90 : T 32.9 sec
 - d_sub 400 : OOB 0.4687 : L 91 : T 33.0 sec
 - d_sub 400 : OOB 0.4702 : L 92 : T 33.1 sec
 - d_sub 400 : OOB 0.4694 : L 93 : T 33.2 sec
 - d_sub 400 : OOB 0.4707 : L 94 : T 33.3 sec
 - d_sub 400 : OOB 0.4644 : L 95 : T 33.9 sec
 - d_sub 400 : OOB 0.4640 : L 96 : T 33.9 sec
 - d_sub 400 : OOB 0.4611 : L 97 : T 35.0 sec
 - d_sub 400 : OOB 0.4634 : L 98 : T 35.5 sec
 - d_sub 400 : OOB 0.4641 : L 99 : T 35.5 sec
 - d_sub 400 : OOB 0.4620 : L 100 : T 35.6 sec
 - d_sub 400 : OOB 0.4651 : L 101 : T 35.7 sec
 - d_sub 400 : OOB 0.4604 : L 102 : T 36.5 sec
 - d_sub 400 : OOB 0.4639 : L 103 : T 36.6 sec
 - d_sub 400 : OOB 0.4670 : L 104 : T 36.7 sec
 - d_sub 400 : OOB 0.4615 : L 105 : T 37.4 sec
 - d_sub 400 : OOB 0.4627 : L 106 : T 38.2 sec
 - d_sub 400 : OOB 0.4616 : L 107 : T 38.7 sec
 - d_sub 400 : OOB 0.4632 : L 108 : T 38.7 sec
 - d_sub 400 : OOB 0.4612 : L 109 : T 38.8 sec
 - d_sub 400 : OOB 0.4601 : L 110 : T 38.9 sec
 - d_sub 400 : OOB 0.4617 : L 111 : T 39.0 sec
 - d_sub 400 : OOB 0.4670 : L 112 : T 39.1 sec
 - d_sub 400 : OOB 0.4634 : L 113 : T 39.2 sec
 - d_sub 400 : OOB 0.4666 : L 114 : T 40.1 sec
 - d_sub 400 : OOB 0.4614 : L 115 : T 41.0 sec
 - d_sub 400 : OOB 0.4600 : L 116 : T 41.0 sec
 - d_sub 400 : OOB 0.4626 : L 117 : T 41.1 sec
 - d_sub 400 : OOB 0.4599 : L 118 : T 41.2 sec
 - d_sub 400 : OOB 0.4604 : L 119 : T 41.3 sec
 - d_sub 400 : OOB 0.4645 : L 120 : T 42.1 sec
 - d_sub 400 : OOB 0.4613 : L 121 : T 42.9 sec
 - d_sub 400 : OOB 0.4597 : L 122 : T 43.0 sec
 - d_sub 400 : OOB 0.4616 : L 123 : T 43.1 sec
 - d_sub 400 : OOB 0.4623 : L 124 : T 43.1 sec
 - d_sub 400 : OOB 0.4594 : L 125 : T 43.2 sec
 - d_sub 400 : OOB 0.4635 : L 126 : T 43.3 sec
 - d_sub 400 : OOB 0.4601 : L 127 : T 43.4 sec
 - d_sub 400 : OOB 0.4579 : L 128 : T 43.4 sec
 - d_sub 400 : OOB 0.4620 : L 129 : T 43.5 sec
 - d_sub 400 : OOB 0.4603 : L 130 : T 43.6 sec
 - d_sub 400 : OOB 0.4603 : L 131 : T 44.5 sec
 - d_sub 400 : OOB 0.4604 : L 132 : T 44.6 sec
 - d_sub 400 : OOB 0.4599 : L 133 : T 44.6 sec
 - d_sub 400 : OOB 0.4589 : L 134 : T 44.7 sec
 - d_sub 400 : OOB 0.4605 : L 135 : T 46.1 sec
 - d_sub 400 : OOB 0.4595 : L 136 : T 46.1 sec
 - d_sub 400 : OOB 0.4608 : L 137 : T 46.2 sec
 - d_sub 400 : OOB 0.4602 : L 138 : T 47.0 sec
 - d_sub 400 : OOB 0.4620 : L 139 : T 47.1 sec
 - d_sub 400 : OOB 0.4610 : L 140 : T 47.2 sec
 - d_sub 400 : OOB 0.4598 : L 141 : T 47.3 sec
 - d_sub 400 : OOB 0.4588 : L 142 : T 47.3 sec
 - d_sub 400 : OOB 0.4595 : L 143 : T 48.1 sec

 - d_sub 600 : OOB 0.4836 : L 1 : T 2.0 sec
 - d_sub 600 : OOB 0.4749 : L 2 : T 2.3 sec
 - d_sub 600 : OOB 0.4887 : L 3 : T 4.1 sec
 - d_sub 600 : OOB 0.4814 : L 4 : T 5.3 sec
 - d_sub 600 : OOB 0.4833 : L 5 : T 6.8 sec
 - d_sub 600 : OOB 0.4717 : L 6 : T 6.9 sec
 - d_sub 600 : OOB 0.4745 : L 7 : T 7.1 sec
 - d_sub 600 : OOB 0.4751 : L 8 : T 7.2 sec
 - d_sub 600 : OOB 0.4793 : L 9 : T 7.3 sec
 - d_sub 600 : OOB 0.4755 : L 10 : T 8.3 sec
 - d_sub 600 : OOB 0.4793 : L 11 : T 8.4 sec
 - d_sub 600 : OOB 0.4755 : L 12 : T 9.3 sec
 - d_sub 600 : OOB 0.4755 : L 13 : T 9.8 sec
 - d_sub 600 : OOB 0.4655 : L 14 : T 9.9 sec
 - d_sub 600 : OOB 0.4687 : L 15 : T 10.1 sec
 - d_sub 600 : OOB 0.4708 : L 16 : T 10.2 sec
 - d_sub 600 : OOB 0.4682 : L 17 : T 10.3 sec
 - d_sub 600 : OOB 0.4633 : L 18 : T 10.4 sec
 - d_sub 600 : OOB 0.4654 : L 19 : T 10.8 sec
 - d_sub 600 : OOB 0.4688 : L 20 : T 11.0 sec
 - d_sub 600 : OOB 0.4623 : L 21 : T 11.1 sec
 - d_sub 600 : OOB 0.4657 : L 22 : T 11.3 sec
 - d_sub 600 : OOB 0.4573 : L 23 : T 11.4 sec
 - d_sub 600 : OOB 0.4657 : L 24 : T 12.1 sec
 - d_sub 600 : OOB 0.4633 : L 25 : T 12.3 sec
 - d_sub 600 : OOB 0.4655 : L 26 : T 12.4 sec
 - d_sub 600 : OOB 0.4659 : L 27 : T 12.9 sec
 - d_sub 600 : OOB 0.4633 : L 28 : T 13.0 sec
 - d_sub 600 : OOB 0.4634 : L 29 : T 13.1 sec
 - d_sub 600 : OOB 0.4630 : L 30 : T 13.2 sec
 - d_sub 600 : OOB 0.4619 : L 31 : T 13.4 sec
 - d_sub 600 : OOB 0.4617 : L 32 : T 13.5 sec
 - d_sub 600 : OOB 0.4639 : L 33 : T 13.6 sec
 - d_sub 600 : OOB 0.4652 : L 34 : T 13.8 sec
 - d_sub 600 : OOB 0.4613 : L 35 : T 13.9 sec
 - d_sub 600 : OOB 0.4639 : L 36 : T 14.0 sec
 - d_sub 600 : OOB 0.4602 : L 37 : T 14.1 sec
 - d_sub 600 : OOB 0.4642 : L 38 : T 14.2 sec
 - d_sub 600 : OOB 0.4668 : L 39 : T 14.4 sec
 - d_sub 600 : OOB 0.4635 : L 40 : T 14.5 sec
 - d_sub 600 : OOB 0.4645 : L 41 : T 14.6 sec
 - d_sub 600 : OOB 0.4631 : L 42 : T 14.7 sec
 - d_sub 600 : OOB 0.4652 : L 43 : T 14.8 sec
 - d_sub 600 : OOB 0.4625 : L 44 : T 15.0 sec
 - d_sub 600 : OOB 0.4613 : L 45 : T 15.1 sec
 - d_sub 600 : OOB 0.4606 : L 46 : T 15.2 sec
 - d_sub 600 : OOB 0.4604 : L 47 : T 15.3 sec
 - d_sub 600 : OOB 0.4601 : L 48 : T 15.5 sec
 - d_sub 600 : OOB 0.4590 : L 49 : T 15.6 sec
 - d_sub 600 : OOB 0.4590 : L 50 : T 15.7 sec
 - d_sub 600 : OOB 0.4620 : L 51 : T 15.9 sec
 - d_sub 600 : OOB 0.4598 : L 52 : T 16.0 sec
 - d_sub 600 : OOB 0.4571 : L 53 : T 16.1 sec
 - d_sub 600 : OOB 0.4558 : L 54 : T 16.2 sec
 - d_sub 600 : OOB 0.4557 : L 55 : T 16.3 sec
 - d_sub 600 : OOB 0.4566 : L 56 : T 16.5 sec
 - d_sub 600 : OOB 0.4597 : L 57 : T 16.6 sec
 - d_sub 600 : OOB 0.4588 : L 58 : T 16.7 sec
 - d_sub 600 : OOB 0.4601 : L 59 : T 16.8 sec
 - d_sub 600 : OOB 0.4572 : L 60 : T 16.9 sec
 - d_sub 600 : OOB 0.4580 : L 61 : T 17.0 sec
 - d_sub 600 : OOB 0.4563 : L 62 : T 17.2 sec
 - d_sub 600 : OOB 0.4534 : L 63 : T 17.3 sec
 - d_sub 600 : OOB 0.4516 : L 64 : T 17.4 sec
 - d_sub 600 : OOB 0.4514 : L 65 : T 17.5 sec
 - d_sub 600 : OOB 0.4570 : L 66 : T 17.6 sec
 - d_sub 600 : OOB 0.4560 : L 67 : T 17.8 sec
 - d_sub 600 : OOB 0.4558 : L 68 : T 17.9 sec
 - d_sub 600 : OOB 0.4574 : L 69 : T 18.0 sec
 - d_sub 600 : OOB 0.4523 : L 70 : T 18.1 sec
 - d_sub 600 : OOB 0.4563 : L 71 : T 18.3 sec
 - d_sub 600 : OOB 0.4519 : L 72 : T 18.4 sec
 - d_sub 600 : OOB 0.4551 : L 73 : T 18.5 sec
 - d_sub 600 : OOB 0.4544 : L 74 : T 18.6 sec
 - d_sub 600 : OOB 0.4547 : L 75 : T 18.8 sec
 - d_sub 600 : OOB 0.4566 : L 76 : T 18.9 sec
 - d_sub 600 : OOB 0.4542 : L 77 : T 19.0 sec
 - d_sub 600 : OOB 0.4543 : L 78 : T 19.1 sec
 - d_sub 600 : OOB 0.4554 : L 79 : T 19.3 sec
 - d_sub 600 : OOB 0.4576 : L 80 : T 19.4 sec
 - d_sub 600 : OOB 0.4528 : L 81 : T 19.5 sec
 - d_sub 600 : OOB 0.4556 : L 82 : T 19.6 sec
 - d_sub 600 : OOB 0.4553 : L 83 : T 19.8 sec
 - d_sub 600 : OOB 0.4530 : L 84 : T 19.9 sec
 - d_sub 600 : OOB 0.4553 : L 85 : T 20.1 sec
 - d_sub 600 : OOB 0.4554 : L 86 : T 20.2 sec
 - d_sub 600 : OOB 0.4515 : L 87 : T 20.3 sec
 - d_sub 600 : OOB 0.4528 : L 88 : T 20.5 sec
 - d_sub 600 : OOB 0.4562 : L 89 : T 20.6 sec
 - d_sub 600 : OOB 0.4493 : L 90 : T 20.7 sec
 - d_sub 600 : OOB 0.4570 : L 91 : T 20.9 sec
 - d_sub 600 : OOB 0.4547 : L 92 : T 21.0 sec
 - d_sub 600 : OOB 0.4580 : L 93 : T 21.1 sec
 - d_sub 600 : OOB 0.4531 : L 94 : T 21.2 sec
 - d_sub 600 : OOB 0.4525 : L 95 : T 21.3 sec
 - d_sub 600 : OOB 0.4565 : L 96 : T 21.5 sec
 - d_sub 600 : OOB 0.4565 : L 97 : T 21.6 sec
 - d_sub 600 : OOB 0.4509 : L 98 : T 21.8 sec
 - d_sub 600 : OOB 0.4548 : L 99 : T 21.9 sec
 - d_sub 600 : OOB 0.4566 : L 100 : T 22.1 sec
 - d_sub 600 : OOB 0.4513 : L 101 : T 22.2 sec
 - d_sub 600 : OOB 0.4548 : L 102 : T 22.3 sec
 - d_sub 600 : OOB 0.4484 : L 103 : T 22.4 sec
 - d_sub 600 : OOB 0.4523 : L 104 : T 22.6 sec
 - d_sub 600 : OOB 0.4540 : L 105 : T 22.7 sec
 - d_sub 600 : OOB 0.4516 : L 106 : T 22.8 sec
 - d_sub 600 : OOB 0.4514 : L 107 : T 23.0 sec
 - d_sub 600 : OOB 0.4497 : L 108 : T 23.1 sec
 - d_sub 600 : OOB 0.4541 : L 109 : T 23.2 sec

 - d_sub 800 : OOB 0.5020 : L 1 : T 0.2 sec
 - d_sub 800 : OOB 0.4982 : L 2 : T 0.4 sec
 - d_sub 800 : OOB 0.5052 : L 3 : T 0.6 sec
 - d_sub 800 : OOB 0.5064 : L 4 : T 0.8 sec
 - d_sub 800 : OOB 0.5025 : L 5 : T 1.0 sec
 - d_sub 800 : OOB 0.5058 : L 6 : T 1.2 sec
 - d_sub 800 : OOB 0.4831 : L 7 : T 1.4 sec
 - d_sub 800 : OOB 0.4859 : L 8 : T 1.6 sec
 - d_sub 800 : OOB 0.4874 : L 9 : T 1.8 sec
 - d_sub 800 : OOB 0.4848 : L 10 : T 1.9 sec
 - d_sub 800 : OOB 0.4809 : L 11 : T 2.1 sec
 - d_sub 800 : OOB 0.4836 : L 12 : T 2.3 sec
 - d_sub 800 : OOB 0.4877 : L 13 : T 2.5 sec
 - d_sub 800 : OOB 0.4819 : L 14 : T 2.7 sec
 - d_sub 800 : OOB 0.4855 : L 15 : T 2.9 sec
 - d_sub 800 : OOB 0.4780 : L 16 : T 3.1 sec
 - d_sub 800 : OOB 0.4745 : L 17 : T 3.3 sec
 - d_sub 800 : OOB 0.4812 : L 18 : T 3.5 sec
 - d_sub 800 : OOB 0.4766 : L 19 : T 3.7 sec
 - d_sub 800 : OOB 0.4709 : L 20 : T 3.9 sec
 - d_sub 800 : OOB 0.4733 : L 21 : T 4.0 sec
 - d_sub 800 : OOB 0.4749 : L 22 : T 4.2 sec
 - d_sub 800 : OOB 0.4700 : L 23 : T 4.4 sec
 - d_sub 800 : OOB 0.4711 : L 24 : T 4.6 sec
 - d_sub 800 : OOB 0.4686 : L 25 : T 4.8 sec
 - d_sub 800 : OOB 0.4754 : L 26 : T 5.0 sec
 - d_sub 800 : OOB 0.4716 : L 27 : T 5.1 sec
 - d_sub 800 : OOB 0.4738 : L 28 : T 5.3 sec
 - d_sub 800 : OOB 0.4690 : L 29 : T 5.5 sec
 - d_sub 800 : OOB 0.4753 : L 30 : T 5.7 sec
 - d_sub 800 : OOB 0.4755 : L 31 : T 5.9 sec
 - d_sub 800 : OOB 0.4712 : L 32 : T 6.1 sec
 - d_sub 800 : OOB 0.4756 : L 33 : T 6.3 sec
 - d_sub 800 : OOB 0.4749 : L 34 : T 6.5 sec
 - d_sub 800 : OOB 0.4697 : L 35 : T 6.7 sec
 - d_sub 800 : OOB 0.4729 : L 36 : T 6.9 sec
 - d_sub 800 : OOB 0.4687 : L 37 : T 7.0 sec
 - d_sub 800 : OOB 0.4729 : L 38 : T 7.2 sec
 - d_sub 800 : OOB 0.4754 : L 39 : T 7.5 sec
 - d_sub 800 : OOB 0.4719 : L 40 : T 7.7 sec
 - d_sub 800 : OOB 0.4647 : L 41 : T 7.9 sec
 - d_sub 800 : OOB 0.4687 : L 42 : T 8.1 sec
 - d_sub 800 : OOB 0.4645 : L 43 : T 8.3 sec
 - d_sub 800 : OOB 0.4695 : L 44 : T 8.5 sec
 - d_sub 800 : OOB 0.4665 : L 45 : T 8.7 sec
 - d_sub 800 : OOB 0.4611 : L 46 : T 9.0 sec
 - d_sub 800 : OOB 0.4607 : L 47 : T 9.2 sec
 - d_sub 800 : OOB 0.4644 : L 48 : T 9.4 sec
 - d_sub 800 : OOB 0.4600 : L 49 : T 9.6 sec
 - d_sub 800 : OOB 0.4624 : L 50 : T 9.9 sec
 - d_sub 800 : OOB 0.4607 : L 51 : T 10.0 sec
 - d_sub 800 : OOB 0.4563 : L 52 : T 10.2 sec
 - d_sub 800 : OOB 0.4622 : L 53 : T 10.4 sec
 - d_sub 800 : OOB 0.4540 : L 54 : T 10.6 sec
 - d_sub 800 : OOB 0.4553 : L 55 : T 10.9 sec
 - d_sub 800 : OOB 0.4541 : L 56 : T 11.1 sec
 - d_sub 800 : OOB 0.4539 : L 57 : T 11.3 sec
 - d_sub 800 : OOB 0.4595 : L 58 : T 11.5 sec
 - d_sub 800 : OOB 0.4552 : L 59 : T 11.7 sec
 - d_sub 800 : OOB 0.4565 : L 60 : T 11.9 sec
 - d_sub 800 : OOB 0.4542 : L 61 : T 12.1 sec
 - d_sub 800 : OOB 0.4554 : L 62 : T 12.3 sec
 - d_sub 800 : OOB 0.4576 : L 63 : T 12.5 sec
 - d_sub 800 : OOB 0.4579 : L 64 : T 12.7 sec
 - d_sub 800 : OOB 0.4607 : L 65 : T 12.8 sec
 - d_sub 800 : OOB 0.4569 : L 66 : T 13.0 sec
 - d_sub 800 : OOB 0.4574 : L 67 : T 13.3 sec
 - d_sub 800 : OOB 0.4536 : L 68 : T 13.5 sec
 - d_sub 800 : OOB 0.4568 : L 69 : T 13.7 sec
 - d_sub 800 : OOB 0.4547 : L 70 : T 13.9 sec
 - d_sub 800 : OOB 0.4511 : L 71 : T 14.0 sec
 - d_sub 800 : OOB 0.4547 : L 72 : T 14.2 sec
 - d_sub 800 : OOB 0.4559 : L 73 : T 14.4 sec
 - d_sub 800 : OOB 0.4519 : L 74 : T 14.6 sec
 - d_sub 800 : OOB 0.4560 : L 75 : T 14.8 sec
 - d_sub 800 : OOB 0.4555 : L 76 : T 15.0 sec
 - d_sub 800 : OOB 0.4517 : L 77 : T 15.2 sec
 - d_sub 800 : OOB 0.4504 : L 78 : T 15.3 sec
 - d_sub 800 : OOB 0.4543 : L 79 : T 15.5 sec
 - d_sub 800 : OOB 0.4562 : L 80 : T 15.7 sec
 - d_sub 800 : OOB 0.4532 : L 81 : T 15.9 sec
 - d_sub 800 : OOB 0.4519 : L 82 : T 16.1 sec
 - d_sub 800 : OOB 0.4524 : L 83 : T 16.2 sec
 - d_sub 800 : OOB 0.4517 : L 84 : T 16.4 sec
 - d_sub 800 : OOB 0.4507 : L 85 : T 16.6 sec
 - d_sub 800 : OOB 0.4538 : L 86 : T 16.8 sec
 - d_sub 800 : OOB 0.4518 : L 87 : T 17.0 sec
 - d_sub 800 : OOB 0.4542 : L 88 : T 17.2 sec
 - d_sub 800 : OOB 0.4541 : L 89 : T 17.4 sec
 - d_sub 800 : OOB 0.4535 : L 90 : T 17.6 sec
 - d_sub 800 : OOB 0.4551 : L 91 : T 17.8 sec
 - d_sub 800 : OOB 0.4519 : L 92 : T 18.0 sec
 - d_sub 800 : OOB 0.4543 : L 93 : T 18.2 sec
 - d_sub 800 : OOB 0.4520 : L 94 : T 18.4 sec
 - d_sub 800 : OOB 0.4531 : L 95 : T 18.5 sec
 - d_sub 800 : OOB 0.4511 : L 96 : T 18.7 sec
 - d_sub 800 : OOB 0.4541 : L 97 : T 19.0 sec
 - d_sub 800 : OOB 0.4558 : L 98 : T 19.2 sec
 - d_sub 800 : OOB 0.4513 : L 99 : T 19.4 sec
 - d_sub 800 : OOB 0.4562 : L 100 : T 19.6 sec
 - d_sub 800 : OOB 0.4562 : L 101 : T 19.8 sec
 - d_sub 800 : OOB 0.4547 : L 102 : T 20.0 sec
 - d_sub 800 : OOB 0.4532 : L 103 : T 20.2 sec
 - d_sub 800 : OOB 0.4583 : L 104 : T 20.4 sec
 - d_sub 800 : OOB 0.4540 : L 105 : T 20.5 sec
 - d_sub 800 : OOB 0.4530 : L 106 : T 20.8 sec
 - d_sub 800 : OOB 0.4514 : L 107 : T 21.0 sec
 - d_sub 800 : OOB 0.4504 : L 108 : T 21.2 sec
 - d_sub 800 : OOB 0.4508 : L 109 : T 21.4 sec
 - d_sub 800 : OOB 0.4503 : L 110 : T 21.6 sec
 - d_sub 800 : OOB 0.4544 : L 111 : T 21.8 sec
 - d_sub 800 : OOB 0.4541 : L 112 : T 22.0 sec
 - d_sub 800 : OOB 0.4544 : L 113 : T 22.1 sec
 - d_sub 800 : OOB 0.4550 : L 114 : T 22.3 sec
 - d_sub 800 : OOB 0.4505 : L 115 : T 22.5 sec

 - d_sub 1000 : OOB 0.5020 : L 1 : T 0.2 sec
 - d_sub 1000 : OOB 0.4979 : L 2 : T 0.5 sec
 - d_sub 1000 : OOB 0.5052 : L 3 : T 0.7 sec
 - d_sub 1000 : OOB 0.5069 : L 4 : T 1.0 sec
 - d_sub 1000 : OOB 0.4796 : L 5 : T 1.3 sec
 - d_sub 1000 : OOB 0.4774 : L 6 : T 1.6 sec
 - d_sub 1000 : OOB 0.4752 : L 7 : T 1.8 sec
 - d_sub 1000 : OOB 0.4713 : L 8 : T 2.1 sec
 - d_sub 1000 : OOB 0.4625 : L 9 : T 3.4 sec
 - d_sub 1000 : OOB 0.4636 : L 10 : T 3.7 sec
 - d_sub 1000 : OOB 0.4641 : L 11 : T 3.9 sec
 - d_sub 1000 : OOB 0.4622 : L 12 : T 4.3 sec
 - d_sub 1000 : OOB 0.4608 : L 13 : T 5.4 sec
 - d_sub 1000 : OOB 0.4653 : L 14 : T 6.3 sec
 - d_sub 1000 : OOB 0.4656 : L 15 : T 6.6 sec
 - d_sub 1000 : OOB 0.4627 : L 16 : T 6.9 sec
 - d_sub 1000 : OOB 0.4642 : L 17 : T 7.1 sec
 - d_sub 1000 : OOB 0.4683 : L 18 : T 8.2 sec
 - d_sub 1000 : OOB 0.4615 : L 19 : T 8.5 sec
 - d_sub 1000 : OOB 0.4626 : L 20 : T 8.7 sec
 - d_sub 1000 : OOB 0.4617 : L 21 : T 9.0 sec
 - d_sub 1000 : OOB 0.4671 : L 22 : T 9.2 sec
 - d_sub 1000 : OOB 0.4644 : L 23 : T 9.4 sec
 - d_sub 1000 : OOB 0.4564 : L 24 : T 9.7 sec
 - d_sub 1000 : OOB 0.4577 : L 25 : T 10.0 sec
 - d_sub 1000 : OOB 0.4584 : L 26 : T 10.2 sec
 - d_sub 1000 : OOB 0.4591 : L 27 : T 10.5 sec
 - d_sub 1000 : OOB 0.4621 : L 28 : T 10.7 sec
 - d_sub 1000 : OOB 0.4561 : L 29 : T 10.9 sec
 - d_sub 1000 : OOB 0.4617 : L 30 : T 11.2 sec
 - d_sub 1000 : OOB 0.4556 : L 31 : T 11.4 sec
 - d_sub 1000 : OOB 0.4584 : L 32 : T 11.6 sec
 - d_sub 1000 : OOB 0.4589 : L 33 : T 11.9 sec
 - d_sub 1000 : OOB 0.4586 : L 34 : T 12.1 sec
 - d_sub 1000 : OOB 0.4568 : L 35 : T 13.3 sec
 - d_sub 1000 : OOB 0.4596 : L 36 : T 13.5 sec
 - d_sub 1000 : OOB 0.4561 : L 37 : T 13.8 sec
 - d_sub 1000 : OOB 0.4598 : L 38 : T 14.1 sec
 - d_sub 1000 : OOB 0.4582 : L 39 : T 14.3 sec
 - d_sub 1000 : OOB 0.4570 : L 40 : T 14.6 sec
 - d_sub 1000 : OOB 0.4563 : L 41 : T 14.8 sec
 - d_sub 1000 : OOB 0.4537 : L 42 : T 15.1 sec
 - d_sub 1000 : OOB 0.4563 : L 43 : T 15.3 sec
 - d_sub 1000 : OOB 0.4587 : L 44 : T 15.6 sec
 - d_sub 1000 : OOB 0.4535 : L 45 : T 15.8 sec
 - d_sub 1000 : OOB 0.4547 : L 46 : T 16.1 sec
 - d_sub 1000 : OOB 0.4574 : L 47 : T 17.3 sec
 - d_sub 1000 : OOB 0.4535 : L 48 : T 17.5 sec
 - d_sub 1000 : OOB 0.4536 : L 49 : T 18.6 sec
 - d_sub 1000 : OOB 0.4548 : L 50 : T 19.6 sec
 - d_sub 1000 : OOB 0.4578 : L 51 : T 20.6 sec
 - d_sub 1000 : OOB 0.4566 : L 52 : T 20.9 sec
 - d_sub 1000 : OOB 0.4561 : L 53 : T 21.9 sec
 - d_sub 1000 : OOB 0.4564 : L 54 : T 22.2 sec
 - d_sub 1000 : OOB 0.4575 : L 55 : T 25.7 sec
 - d_sub 1000 : OOB 0.4580 : L 56 : T 26.7 sec
 - d_sub 1000 : OOB 0.4543 : L 57 : T 28.4 sec
 - d_sub 1000 : OOB 0.4525 : L 58 : T 30.4 sec
 - d_sub 1000 : OOB 0.4548 : L 59 : T 31.6 sec
 - d_sub 1000 : OOB 0.4570 : L 60 : T 32.4 sec
 - d_sub 1000 : OOB 0.4526 : L 61 : T 32.6 sec
 - d_sub 1000 : OOB 0.4502 : L 62 : T 34.2 sec
 - d_sub 1000 : OOB 0.4553 : L 63 : T 35.0 sec
 - d_sub 1000 : OOB 0.4563 : L 64 : T 36.1 sec
 - d_sub 1000 : OOB 0.4495 : L 65 : T 38.2 sec
 - d_sub 1000 : OOB 0.4499 : L 66 : T 40.3 sec
 - d_sub 1000 : OOB 0.4530 : L 67 : T 40.6 sec
 - d_sub 1000 : OOB 0.4518 : L 68 : T 41.5 sec
 - d_sub 1000 : OOB 0.4498 : L 69 : T 42.6 sec
 - d_sub 1000 : OOB 0.4498 : L 70 : T 43.6 sec
 - d_sub 1000 : OOB 0.4490 : L 71 : T 44.7 sec
 - d_sub 1000 : OOB 0.4512 : L 72 : T 44.9 sec
 - d_sub 1000 : OOB 0.4485 : L 73 : T 45.9 sec
 - d_sub 1000 : OOB 0.4532 : L 74 : T 48.5 sec
 - d_sub 1000 : OOB 0.4536 : L 75 : T 51.4 sec
 - d_sub 1000 : OOB 0.4489 : L 76 : T 54.2 sec
 - d_sub 1000 : OOB 0.4511 : L 77 : T 55.1 sec
 - d_sub 1000 : OOB 0.4509 : L 78 : T 57.0 sec
 - d_sub 1000 : OOB 0.4501 : L 79 : T 58.1 sec
 - d_sub 1000 : OOB 0.4525 : L 80 : T 59.2 sec
 - d_sub 1000 : OOB 0.4459 : L 81 : T 59.9 sec
 - d_sub 1000 : OOB 0.4464 : L 82 : T 62.1 sec
 - d_sub 1000 : OOB 0.4430 : L 83 : T 62.3 sec
 - d_sub 1000 : OOB 0.4508 : L 84 : T 63.9 sec
 - d_sub 1000 : OOB 0.4475 : L 85 : T 64.9 sec
 - d_sub 1000 : OOB 0.4437 : L 86 : T 66.2 sec
 - d_sub 1000 : OOB 0.4443 : L 87 : T 67.1 sec
 - d_sub 1000 : OOB 0.4464 : L 88 : T 68.1 sec
 - d_sub 1000 : OOB 0.4492 : L 89 : T 68.3 sec
 - d_sub 1000 : OOB 0.4444 : L 90 : T 70.2 sec
 - d_sub 1000 : OOB 0.4475 : L 91 : T 71.2 sec
 - d_sub 1000 : OOB 0.4498 : L 92 : T 71.5 sec
 - d_sub 1000 : OOB 0.4448 : L 93 : T 72.6 sec
 - d_sub 1000 : OOB 0.4481 : L 94 : T 73.3 sec
 - d_sub 1000 : OOB 0.4417 : L 95 : T 74.6 sec
 - d_sub 1000 : OOB 0.4466 : L 96 : T 77.4 sec
 - d_sub 1000 : OOB 0.4433 : L 97 : T 80.4 sec
 - d_sub 1000 : OOB 0.4472 : L 98 : T 81.7 sec
 - d_sub 1000 : OOB 0.4497 : L 99 : T 82.8 sec
 - d_sub 1000 : OOB 0.4452 : L 100 : T 85.2 sec
 - d_sub 1000 : OOB 0.4462 : L 101 : T 86.3 sec
 - d_sub 1000 : OOB 0.4470 : L 102 : T 89.8 sec
 - d_sub 1000 : OOB 0.4463 : L 103 : T 93.5 sec
 - d_sub 1000 : OOB 0.4474 : L 104 : T 94.6 sec
 - d_sub 1000 : OOB 0.4458 : L 105 : T 94.9 sec
 - d_sub 1000 : OOB 0.4433 : L 106 : T 96.1 sec
 - d_sub 1000 : OOB 0.4446 : L 107 : T 97.1 sec
 - d_sub 1000 : OOB 0.4417 : L 108 : T 98.2 sec
 - d_sub 1000 : OOB 0.4475 : L 109 : T 99.5 sec
 - d_sub 1000 : OOB 0.4467 : L 110 : T 99.7 sec
 - d_sub 1000 : OOB 0.4468 : L 111 : T 102.2 sec
 - d_sub 1000 : OOB 0.4440 : L 112 : T 103.1 sec
 - d_sub 1000 : OOB 0.4438 : L 113 : T 105.2 sec
 - d_sub 1000 : OOB 0.4461 : L 114 : T 105.5 sec
 - d_sub 1000 : OOB 0.4417 : L 115 : T 106.3 sec
 - d_sub 1000 : OOB 0.4463 : L 116 : T 109.4 sec
 - d_sub 1000 : OOB 0.4436 : L 117 : T 110.5 sec
 - d_sub 1000 : OOB 0.4469 : L 118 : T 112.8 sec
 - d_sub 1000 : OOB 0.4464 : L 119 : T 113.9 sec
 - d_sub 1000 : OOB 0.4444 : L 120 : T 115.0 sec
 - d_sub 1000 : OOB 0.4444 : L 121 : T 118.5 sec
 - d_sub 1000 : OOB 0.4470 : L 122 : T 118.7 sec
 - d_sub 1000 : OOB 0.4441 : L 123 : T 120.0 sec
 - d_sub 1000 : OOB 0.4443 : L 124 : T 121.0 sec
 - d_sub 1000 : OOB 0.4436 : L 125 : T 121.3 sec
 - d_sub 1000 : OOB 0.4439 : L 126 : T 124.5 sec
 - d_sub 1000 : OOB 0.4428 : L 127 : T 124.7 sec
 - d_sub 1000 : OOB 0.4424 : L 128 : T 126.1 sec

 - d_sub 1200 : OOB 0.5020 : L 1 : T 1.6 sec
 - d_sub 1200 : OOB 0.4982 : L 2 : T 4.0 sec
 - d_sub 1200 : OOB 0.5051 : L 3 : T 5.8 sec
 - d_sub 1200 : OOB 0.5064 : L 4 : T 8.1 sec
 - d_sub 1200 : OOB 0.5025 : L 5 : T 9.7 sec
 - d_sub 1200 : OOB 0.5057 : L 6 : T 10.7 sec
 - d_sub 1200 : OOB 0.5032 : L 7 : T 12.9 sec
 - d_sub 1200 : OOB 0.5088 : L 8 : T 14.5 sec
 - d_sub 1200 : OOB 0.5020 : L 9 : T 15.6 sec
 - d_sub 1200 : OOB 0.4916 : L 10 : T 16.8 sec
 - d_sub 1200 : OOB 0.4850 : L 11 : T 17.7 sec
 - d_sub 1200 : OOB 0.4840 : L 12 : T 19.7 sec
 - d_sub 1200 : OOB 0.4918 : L 13 : T 20.6 sec
 - d_sub 1200 : OOB 0.4799 : L 14 : T 21.3 sec
 - d_sub 1200 : OOB 0.4872 : L 15 : T 23.2 sec
 - d_sub 1200 : OOB 0.4874 : L 16 : T 23.9 sec
 - d_sub 1200 : OOB 0.4833 : L 17 : T 24.9 sec
 - d_sub 1200 : OOB 0.4877 : L 18 : T 26.9 sec
 - d_sub 1200 : OOB 0.4893 : L 19 : T 27.6 sec
 - d_sub 1200 : OOB 0.4821 : L 20 : T 29.8 sec
 - d_sub 1200 : OOB 0.4720 : L 21 : T 31.0 sec
 - d_sub 1200 : OOB 0.4779 : L 22 : T 34.2 sec
 - d_sub 1200 : OOB 0.4755 : L 23 : T 35.6 sec
 - d_sub 1200 : OOB 0.4836 : L 24 : T 38.2 sec
 - d_sub 1200 : OOB 0.4777 : L 25 : T 39.4 sec
 - d_sub 1200 : OOB 0.4798 : L 26 : T 40.5 sec
 - d_sub 1200 : OOB 0.4752 : L 27 : T 42.0 sec
 - d_sub 1200 : OOB 0.4760 : L 28 : T 44.4 sec
 - d_sub 1200 : OOB 0.4658 : L 29 : T 47.3 sec
 - d_sub 1200 : OOB 0.4649 : L 30 : T 49.5 sec
 - d_sub 1200 : OOB 0.4580 : L 31 : T 52.7 sec
 - d_sub 1200 : OOB 0.4616 : L 32 : T 53.9 sec
 - d_sub 1200 : OOB 0.4603 : L 33 : T 56.6 sec
 - d_sub 1200 : OOB 0.4592 : L 34 : T 59.8 sec
 - d_sub 1200 : OOB 0.4597 : L 35 : T 62.1 sec
 - d_sub 1200 : OOB 0.4566 : L 36 : T 62.5 sec
 - d_sub 1200 : OOB 0.4598 : L 37 : T 62.7 sec
 - d_sub 1200 : OOB 0.4569 : L 38 : T 63.0 sec
 - d_sub 1200 : OOB 0.4548 : L 39 : T 64.4 sec
 - d_sub 1200 : OOB 0.4602 : L 40 : T 66.1 sec
 - d_sub 1200 : OOB 0.4541 : L 41 : T 69.8 sec
 - d_sub 1200 : OOB 0.4493 : L 42 : T 70.8 sec
 - d_sub 1200 : OOB 0.4555 : L 43 : T 71.1 sec
 - d_sub 1200 : OOB 0.4542 : L 44 : T 73.1 sec
 - d_sub 1200 : OOB 0.4517 : L 45 : T 75.2 sec
 - d_sub 1200 : OOB 0.4539 : L 46 : T 78.9 sec
 - d_sub 1200 : OOB 0.4563 : L 47 : T 80.9 sec
 - d_sub 1200 : OOB 0.4529 : L 48 : T 82.9 sec
 - d_sub 1200 : OOB 0.4467 : L 49 : T 83.8 sec
 - d_sub 1200 : OOB 0.4528 : L 50 : T 84.9 sec
 - d_sub 1200 : OOB 0.4510 : L 51 : T 86.8 sec
 - d_sub 1200 : OOB 0.4511 : L 52 : T 89.2 sec
 - d_sub 1200 : OOB 0.4516 : L 53 : T 91.2 sec
 - d_sub 1200 : OOB 0.4514 : L 54 : T 92.8 sec
 - d_sub 1200 : OOB 0.4450 : L 55 : T 95.6 sec
 - d_sub 1200 : OOB 0.4518 : L 56 : T 97.3 sec
 - d_sub 1200 : OOB 0.4502 : L 57 : T 98.6 sec
 - d_sub 1200 : OOB 0.4487 : L 58 : T 100.4 sec
 - d_sub 1200 : OOB 0.4523 : L 59 : T 102.0 sec
 - d_sub 1200 : OOB 0.4504 : L 60 : T 102.9 sec
 - d_sub 1200 : OOB 0.4483 : L 61 : T 103.2 sec
 - d_sub 1200 : OOB 0.4481 : L 62 : T 104.0 sec
 - d_sub 1200 : OOB 0.4475 : L 63 : T 107.1 sec
 - d_sub 1200 : OOB 0.4466 : L 64 : T 108.2 sec
 - d_sub 1200 : OOB 0.4481 : L 65 : T 112.3 sec
 - d_sub 1200 : OOB 0.4526 : L 66 : T 114.5 sec
 - d_sub 1200 : OOB 0.4486 : L 67 : T 117.1 sec
 - d_sub 1200 : OOB 0.4532 : L 68 : T 118.3 sec
 - d_sub 1200 : OOB 0.4488 : L 69 : T 121.8 sec
 - d_sub 1200 : OOB 0.4470 : L 70 : T 123.8 sec
 - d_sub 1200 : OOB 0.4494 : L 71 : T 126.5 sec
 - d_sub 1200 : OOB 0.4512 : L 72 : T 127.6 sec
 - d_sub 1200 : OOB 0.4458 : L 73 : T 130.6 sec
 - d_sub 1200 : OOB 0.4509 : L 74 : T 130.9 sec
 - d_sub 1200 : OOB 0.4494 : L 75 : T 133.0 sec
 - d_sub 1200 : OOB 0.4464 : L 76 : T 135.4 sec
 - d_sub 1200 : OOB 0.4511 : L 77 : T 139.1 sec
 - d_sub 1200 : OOB 0.4502 : L 78 : T 140.1 sec
 - d_sub 1200 : OOB 0.4443 : L 79 : T 142.4 sec
 - d_sub 1200 : OOB 0.4466 : L 80 : T 144.1 sec
 - d_sub 1200 : OOB 0.4469 : L 81 : T 145.2 sec
 - d_sub 1200 : OOB 0.4463 : L 82 : T 145.7 sec
 - d_sub 1200 : OOB 0.4490 : L 83 : T 147.7 sec
 - d_sub 1200 : OOB 0.4471 : L 84 : T 148.0 sec
 - d_sub 1200 : OOB 0.4504 : L 85 : T 148.4 sec
 - d_sub 1200 : OOB 0.4446 : L 86 : T 148.7 sec
 - d_sub 1200 : OOB 0.4478 : L 87 : T 150.9 sec
 - d_sub 1200 : OOB 0.4456 : L 88 : T 151.2 sec
 - d_sub 1200 : OOB 0.4461 : L 89 : T 152.3 sec
 - d_sub 1200 : OOB 0.4479 : L 90 : T 153.3 sec
 - d_sub 1200 : OOB 0.4477 : L 91 : T 157.3 sec
 - d_sub 1200 : OOB 0.4463 : L 92 : T 159.9 sec
 - d_sub 1200 : OOB 0.4406 : L 93 : T 164.2 sec
 - d_sub 1200 : OOB 0.4465 : L 94 : T 165.3 sec
 - d_sub 1200 : OOB 0.4473 : L 95 : T 166.5 sec
 - d_sub 1200 : OOB 0.4427 : L 96 : T 168.8 sec
 - d_sub 1200 : OOB 0.4444 : L 97 : T 171.1 sec
 - d_sub 1200 : OOB 0.4405 : L 98 : T 175.1 sec
 - d_sub 1200 : OOB 0.4427 : L 99 : T 176.1 sec
 - d_sub 1200 : OOB 0.4418 : L 100 : T 177.5 sec
 - d_sub 1200 : OOB 0.4411 : L 101 : T 178.4 sec
 - d_sub 1200 : OOB 0.4402 : L 102 : T 181.1 sec
 - d_sub 1200 : OOB 0.4389 : L 103 : T 182.6 sec
 - d_sub 1200 : OOB 0.4403 : L 104 : T 183.7 sec
 - d_sub 1200 : OOB 0.4378 : L 105 : T 185.0 sec
 - d_sub 1200 : OOB 0.4402 : L 106 : T 187.1 sec
 - d_sub 1200 : OOB 0.4422 : L 107 : T 189.3 sec
 - d_sub 1200 : OOB 0.4410 : L 108 : T 191.5 sec
 - d_sub 1200 : OOB 0.4410 : L 109 : T 192.6 sec
 - d_sub 1200 : OOB 0.4407 : L 110 : T 193.6 sec
 - d_sub 1200 : OOB 0.4407 : L 111 : T 193.9 sec
 - d_sub 1200 : OOB 0.4447 : L 112 : T 194.9 sec
 - d_sub 1200 : OOB 0.4427 : L 113 : T 195.9 sec
 - d_sub 1200 : OOB 0.4409 : L 114 : T 197.1 sec
 - d_sub 1200 : OOB 0.4448 : L 115 : T 198.4 sec
 - d_sub 1200 : OOB 0.4423 : L 116 : T 199.6 sec
 - d_sub 1200 : OOB 0.4435 : L 117 : T 199.9 sec
 - d_sub 1200 : OOB 0.4440 : L 118 : T 204.6 sec
 - d_sub 1200 : OOB 0.4423 : L 119 : T 206.3 sec
 - d_sub 1200 : OOB 0.4432 : L 120 : T 207.7 sec
 - d_sub 1200 : OOB 0.4415 : L 121 : T 208.0 sec
 - d_sub 1200 : OOB 0.4431 : L 122 : T 210.2 sec
 - d_sub 1200 : OOB 0.4422 : L 123 : T 211.3 sec
 - d_sub 1200 : OOB 0.4429 : L 124 : T 212.3 sec
 - d_sub 1200 : OOB 0.4413 : L 125 : T 213.5 sec
 - d_sub 1200 : OOB 0.4449 : L 126 : T 216.4 sec
 - d_sub 1200 : OOB 0.4415 : L 127 : T 217.5 sec
 - d_sub 1200 : OOB 0.4412 : L 128 : T 218.8 sec
 - d_sub 1200 : OOB 0.4418 : L 129 : T 221.6 sec
 - d_sub 1200 : OOB 0.4428 : L 130 : T 223.0 sec
 - d_sub 1200 : OOB 0.4421 : L 131 : T 223.7 sec
 - d_sub 1200 : OOB 0.4446 : L 132 : T 224.8 sec
 - d_sub 1200 : OOB 0.4420 : L 133 : T 225.1 sec
 - d_sub 1200 : OOB 0.4403 : L 134 : T 228.2 sec
 - d_sub 1200 : OOB 0.4447 : L 135 : T 229.3 sec
 - d_sub 1200 : OOB 0.4417 : L 136 : T 229.6 sec
 - d_sub 1200 : OOB 0.4397 : L 137 : T 231.1 sec
 - d_sub 1200 : OOB 0.4444 : L 138 : T 232.6 sec
 - d_sub 1200 : OOB 0.4423 : L 139 : T 233.7 sec
 - d_sub 1200 : OOB 0.4428 : L 140 : T 235.9 sec
 - d_sub 1200 : OOB 0.4439 : L 141 : T 237.4 sec
 - d_sub 1200 : OOB 0.4434 : L 142 : T 237.7 sec

 - d_sub 1400 : OOB 0.5020 : L 1 : T 1.7 sec
 - d_sub 1400 : OOB 0.4981 : L 2 : T 3.8 sec
 - d_sub 1400 : OOB 0.4889 : L 3 : T 4.9 sec
 - d_sub 1400 : OOB 0.4805 : L 4 : T 7.1 sec
 - d_sub 1400 : OOB 0.4870 : L 5 : T 12.1 sec
 - d_sub 1400 : OOB 0.4819 : L 6 : T 15.3 sec
 - d_sub 1400 : OOB 0.4880 : L 7 : T 16.3 sec
 - d_sub 1400 : OOB 0.4863 : L 8 : T 19.7 sec
 - d_sub 1400 : OOB 0.4826 : L 9 : T 21.3 sec
 - d_sub 1400 : OOB 0.4822 : L 10 : T 22.8 sec
 - d_sub 1400 : OOB 0.4898 : L 11 : T 24.8 sec
 - d_sub 1400 : OOB 0.4852 : L 12 : T 26.8 sec
 - d_sub 1400 : OOB 0.4937 : L 13 : T 28.5 sec
 - d_sub 1400 : OOB 0.4906 : L 14 : T 31.7 sec
 - d_sub 1400 : OOB 0.4829 : L 15 : T 34.2 sec
 - d_sub 1400 : OOB 0.4783 : L 16 : T 39.0 sec
 - d_sub 1400 : OOB 0.4898 : L 17 : T 40.6 sec
 - d_sub 1400 : OOB 0.4743 : L 18 : T 43.2 sec
 - d_sub 1400 : OOB 0.4782 : L 19 : T 46.7 sec
 - d_sub 1400 : OOB 0.4787 : L 20 : T 48.0 sec
 - d_sub 1400 : OOB 0.4762 : L 21 : T 49.7 sec
 - d_sub 1400 : OOB 0.4755 : L 22 : T 54.0 sec
 - d_sub 1400 : OOB 0.4782 : L 23 : T 56.1 sec
 - d_sub 1400 : OOB 0.4776 : L 24 : T 61.5 sec
 - d_sub 1400 : OOB 0.4771 : L 25 : T 62.6 sec
 - d_sub 1400 : OOB 0.4753 : L 26 : T 64.1 sec
 - d_sub 1400 : OOB 0.4787 : L 27 : T 65.5 sec
 - d_sub 1400 : OOB 0.4665 : L 28 : T 66.6 sec
 - d_sub 1400 : OOB 0.4633 : L 29 : T 67.6 sec
 - d_sub 1400 : OOB 0.4586 : L 30 : T 69.6 sec
 - d_sub 1400 : OOB 0.4573 : L 31 : T 70.7 sec
 - d_sub 1400 : OOB 0.4568 : L 32 : T 73.0 sec
 - d_sub 1400 : OOB 0.4569 : L 33 : T 76.4 sec
 - d_sub 1400 : OOB 0.4556 : L 34 : T 77.8 sec
 - d_sub 1400 : OOB 0.4520 : L 35 : T 79.4 sec
 - d_sub 1400 : OOB 0.4576 : L 36 : T 82.4 sec
 - d_sub 1400 : OOB 0.4569 : L 37 : T 84.9 sec
 - d_sub 1400 : OOB 0.4553 : L 38 : T 89.4 sec
 - d_sub 1400 : OOB 0.4560 : L 39 : T 92.0 sec
 - d_sub 1400 : OOB 0.4604 : L 40 : T 93.1 sec
 - d_sub 1400 : OOB 0.4580 : L 41 : T 96.7 sec
 - d_sub 1400 : OOB 0.4521 : L 42 : T 97.8 sec
 - d_sub 1400 : OOB 0.4572 : L 43 : T 99.1 sec
 - d_sub 1400 : OOB 0.4618 : L 44 : T 100.8 sec
 - d_sub 1400 : OOB 0.4579 : L 45 : T 105.6 sec
 - d_sub 1400 : OOB 0.4621 : L 46 : T 107.8 sec
 - d_sub 1400 : OOB 0.4603 : L 47 : T 111.1 sec
 - d_sub 1400 : OOB 0.4578 : L 48 : T 114.4 sec
 - d_sub 1400 : OOB 0.4572 : L 49 : T 116.5 sec
 - d_sub 1400 : OOB 0.4569 : L 50 : T 119.8 sec
 - d_sub 1400 : OOB 0.4578 : L 51 : T 123.0 sec
 - d_sub 1400 : OOB 0.4555 : L 52 : T 127.8 sec
 - d_sub 1400 : OOB 0.4515 : L 53 : T 131.9 sec
 - d_sub 1400 : OOB 0.4553 : L 54 : T 135.5 sec
 - d_sub 1400 : OOB 0.4529 : L 55 : T 136.7 sec
 - d_sub 1400 : OOB 0.4534 : L 56 : T 137.8 sec
 - d_sub 1400 : OOB 0.4563 : L 57 : T 139.0 sec
 - d_sub 1400 : OOB 0.4511 : L 58 : T 141.4 sec
 - d_sub 1400 : OOB 0.4514 : L 59 : T 142.5 sec
 - d_sub 1400 : OOB 0.4546 : L 60 : T 145.0 sec
 - d_sub 1400 : OOB 0.4553 : L 61 : T 147.2 sec
 - d_sub 1400 : OOB 0.4546 : L 62 : T 150.2 sec
 - d_sub 1400 : OOB 0.4497 : L 63 : T 152.3 sec
 - d_sub 1400 : OOB 0.4559 : L 64 : T 153.6 sec
 - d_sub 1400 : OOB 0.4503 : L 65 : T 158.1 sec
 - d_sub 1400 : OOB 0.4542 : L 66 : T 159.0 sec
 - d_sub 1400 : OOB 0.4522 : L 67 : T 162.4 sec
 - d_sub 1400 : OOB 0.4547 : L 68 : T 166.0 sec
 - d_sub 1400 : OOB 0.4592 : L 69 : T 170.6 sec
 - d_sub 1400 : OOB 0.4572 : L 70 : T 172.4 sec
 - d_sub 1400 : OOB 0.4552 : L 71 : T 175.9 sec
 - d_sub 1400 : OOB 0.4577 : L 72 : T 178.6 sec
 - d_sub 1400 : OOB 0.4557 : L 73 : T 180.1 sec
 - d_sub 1400 : OOB 0.4536 : L 74 : T 181.3 sec
 - d_sub 1400 : OOB 0.4491 : L 75 : T 186.3 sec
 - d_sub 1400 : OOB 0.4574 : L 76 : T 189.0 sec
 - d_sub 1400 : OOB 0.4547 : L 77 : T 190.4 sec
 - d_sub 1400 : OOB 0.4558 : L 78 : T 192.7 sec
 - d_sub 1400 : OOB 0.4521 : L 79 : T 196.7 sec
 - d_sub 1400 : OOB 0.4562 : L 80 : T 197.4 sec
 - d_sub 1400 : OOB 0.4521 : L 81 : T 200.9 sec
 - d_sub 1400 : OOB 0.4525 : L 82 : T 202.0 sec
 - d_sub 1400 : OOB 0.4510 : L 83 : T 204.8 sec
 - d_sub 1400 : OOB 0.4539 : L 84 : T 206.2 sec
 - d_sub 1400 : OOB 0.4538 : L 85 : T 207.7 sec
 - d_sub 1400 : OOB 0.4509 : L 86 : T 209.8 sec
 - d_sub 1400 : OOB 0.4490 : L 87 : T 211.9 sec
 - d_sub 1400 : OOB 0.4549 : L 88 : T 214.9 sec
 - d_sub 1400 : OOB 0.4545 : L 89 : T 216.2 sec
 - d_sub 1400 : OOB 0.4506 : L 90 : T 219.3 sec
 - d_sub 1400 : OOB 0.4493 : L 91 : T 220.8 sec
 - d_sub 1400 : OOB 0.4514 : L 92 : T 221.9 sec
 - d_sub 1400 : OOB 0.4543 : L 93 : T 223.5 sec
 - d_sub 1400 : OOB 0.4523 : L 94 : T 224.4 sec
 - d_sub 1400 : OOB 0.4559 : L 95 : T 226.7 sec
 - d_sub 1400 : OOB 0.4499 : L 96 : T 228.9 sec
 - d_sub 1400 : OOB 0.4528 : L 97 : T 230.1 sec
 - d_sub 1400 : OOB 0.4514 : L 98 : T 232.4 sec
 - d_sub 1400 : OOB 0.4517 : L 99 : T 233.9 sec
 - d_sub 1400 : OOB 0.4542 : L 100 : T 235.0 sec
 - d_sub 1400 : OOB 0.4551 : L 101 : T 235.5 sec
 - d_sub 1400 : OOB 0.4486 : L 102 : T 239.3 sec
 - d_sub 1400 : OOB 0.4505 : L 103 : T 240.9 sec
 - d_sub 1400 : OOB 0.4481 : L 104 : T 243.9 sec
 - d_sub 1400 : OOB 0.4490 : L 105 : T 247.0 sec
 - d_sub 1400 : OOB 0.4481 : L 106 : T 249.3 sec
 - d_sub 1400 : OOB 0.4506 : L 107 : T 251.4 sec
 - d_sub 1400 : OOB 0.4519 : L 108 : T 255.3 sec
 - d_sub 1400 : OOB 0.4474 : L 109 : T 256.4 sec
 - d_sub 1400 : OOB 0.4513 : L 110 : T 258.4 sec
 - d_sub 1400 : OOB 0.4524 : L 111 : T 260.9 sec
 - d_sub 1400 : OOB 0.4496 : L 112 : T 263.7 sec
 - d_sub 1400 : OOB 0.4482 : L 113 : T 265.0 sec
 - d_sub 1400 : OOB 0.4503 : L 114 : T 266.1 sec
 - d_sub 1400 : OOB 0.4501 : L 115 : T 268.3 sec
 - d_sub 1400 : OOB 0.4480 : L 116 : T 271.2 sec
 - d_sub 1400 : OOB 0.4484 : L 117 : T 273.1 sec
 - d_sub 1400 : OOB 0.4488 : L 118 : T 274.9 sec
 - d_sub 1400 : OOB 0.4506 : L 119 : T 280.3 sec
 - d_sub 1400 : OOB 0.4539 : L 120 : T 284.1 sec
 - d_sub 1400 : OOB 0.4510 : L 121 : T 285.3 sec
 - d_sub 1400 : OOB 0.4486 : L 122 : T 287.4 sec
 - d_sub 1400 : OOB 0.4491 : L 123 : T 292.5 sec
 - d_sub 1400 : OOB 0.4498 : L 124 : T 296.5 sec
 - d_sub 1400 : OOB 0.4499 : L 125 : T 297.6 sec
 - d_sub 1400 : OOB 0.4462 : L 126 : T 298.8 sec
 - d_sub 1400 : OOB 0.4469 : L 127 : T 299.3 sec
 - d_sub 1400 : OOB 0.4451 : L 128 : T 302.3 sec
 - d_sub 1400 : OOB 0.4501 : L 129 : T 305.7 sec
 - d_sub 1400 : OOB 0.4473 : L 130 : T 308.9 sec
 - d_sub 1400 : OOB 0.4469 : L 131 : T 310.3 sec
 - d_sub 1400 : OOB 0.4457 : L 132 : T 317.4 sec
 - d_sub 1400 : OOB 0.4480 : L 133 : T 323.8 sec
 - d_sub 1400 : OOB 0.4460 : L 134 : T 329.6 sec
 - d_sub 1400 : OOB 0.4523 : L 135 : T 330.8 sec
 - d_sub 1400 : OOB 0.4483 : L 136 : T 335.5 sec
 - d_sub 1400 : OOB 0.4481 : L 137 : T 338.6 sec
 - d_sub 1400 : OOB 0.4442 : L 138 : T 339.0 sec
 - d_sub 1400 : OOB 0.4466 : L 139 : T 342.1 sec
 - d_sub 1400 : OOB 0.4499 : L 140 : T 343.6 sec
 - d_sub 1400 : OOB 0.4459 : L 141 : T 346.4 sec
 - d_sub 1400 : OOB 0.4461 : L 142 : T 348.5 sec
 - d_sub 1400 : OOB 0.4453 : L 143 : T 355.9 sec
 - d_sub 1400 : OOB 0.4450 : L 144 : T 356.2 sec
 - d_sub 1400 : OOB 0.4468 : L 145 : T 358.3 sec
 - d_sub 1400 : OOB 0.4466 : L 146 : T 361.7 sec
 - d_sub 1400 : OOB 0.4447 : L 147 : T 367.7 sec
 - d_sub 1400 : OOB 0.4460 : L 148 : T 370.3 sec
 - d_sub 1400 : OOB 0.4454 : L 149 : T 373.4 sec
 - d_sub 1400 : OOB 0.4444 : L 150 : T 373.8 sec
 - d_sub 1400 : OOB 0.4442 : L 151 : T 380.0 sec
 - d_sub 1400 : OOB 0.4432 : L 152 : T 385.5 sec
 - d_sub 1400 : OOB 0.4433 : L 153 : T 390.5 sec
 - d_sub 1400 : OOB 0.4452 : L 154 : T 393.1 sec
 - d_sub 1400 : OOB 0.4435 : L 155 : T 396.2 sec
 - d_sub 1400 : OOB 0.4440 : L 156 : T 399.0 sec
 - d_sub 1400 : OOB 0.4438 : L 157 : T 399.4 sec
 - d_sub 1400 : OOB 0.4447 : L 158 : T 400.6 sec
 - d_sub 1400 : OOB 0.4413 : L 159 : T 406.9 sec
 - d_sub 1400 : OOB 0.4430 : L 160 : T 411.0 sec
 - d_sub 1400 : OOB 0.4479 : L 161 : T 417.4 sec
 - d_sub 1400 : OOB 0.4430 : L 162 : T 418.2 sec
 - d_sub 1400 : OOB 0.4439 : L 163 : T 422.2 sec
 - d_sub 1400 : OOB 0.4449 : L 164 : T 422.5 sec
 - d_sub 1400 : OOB 0.4438 : L 165 : T 423.6 sec
 - d_sub 1400 : OOB 0.4462 : L 166 : T 425.4 sec
 - d_sub 1400 : OOB 0.4446 : L 167 : T 427.5 sec
 - d_sub 1400 : OOB 0.4422 : L 168 : T 429.2 sec
 - d_sub 1400 : OOB 0.4449 : L 169 : T 431.0 sec
 - d_sub 1400 : OOB 0.4437 : L 170 : T 433.0 sec
 - d_sub 1400 : OOB 0.4468 : L 171 : T 433.4 sec
 - d_sub 1400 : OOB 0.4422 : L 172 : T 434.6 sec
 - d_sub 1400 : OOB 0.4445 : L 173 : T 435.8 sec
 - d_sub 1400 : OOB 0.4445 : L 174 : T 437.6 sec
 - d_sub 1400 : OOB 0.4418 : L 175 : T 437.9 sec
 - d_sub 1400 : OOB 0.4440 : L 176 : T 440.3 sec
 - d_sub 1400 : OOB 0.4454 : L 177 : T 440.6 sec
 - d_sub 1400 : OOB 0.4436 : L 178 : T 444.4 sec
 - d_sub 1400 : OOB 0.4428 : L 179 : T 446.6 sec
 - d_sub 1400 : OOB 0.4439 : L 180 : T 447.9 sec
 - d_sub 1400 : OOB 0.4440 : L 181 : T 451.7 sec
 - d_sub 1400 : OOB 0.4437 : L 182 : T 456.1 sec
 - d_sub 1400 : OOB 0.4429 : L 183 : T 459.8 sec
# -------------------------
optimal d_sub 1000 : OOB 0.4424 : L 128 : T 923.6 sec
Testing error: 0.4434
# -------------------------
# Ensemble classification
#  - Training samples: 10000 (5000/5000)
#  - Feature-space dimensionality: 22563
#  - L : automatic (min 25, max 500, length 50, eps 0.00500)
#  - d_sub : 300
#  - Seed 1 (subspaces) : 929726919
#  - Seed 2 (bootstrap) : 272406122
# -------------------------

 - d_sub 300 : OOB 0.5021 : L 1 : T 0.1 sec
 - d_sub 300 : OOB 0.4984 : L 2 : T 0.1 sec
 - d_sub 300 : OOB 0.5052 : L 3 : T 0.2 sec
 - d_sub 300 : OOB 0.5064 : L 4 : T 0.2 sec
 - d_sub 300 : OOB 0.5025 : L 5 : T 0.3 sec
 - d_sub 300 : OOB 0.5057 : L 6 : T 0.3 sec
 - d_sub 300 : OOB 0.5032 : L 7 : T 0.4 sec
 - d_sub 300 : OOB 0.5088 : L 8 : T 0.4 sec
 - d_sub 300 : OOB 0.5020 : L 9 : T 0.5 sec
 - d_sub 300 : OOB 0.4973 : L 10 : T 0.5 sec
 - d_sub 300 : OOB 0.4917 : L 11 : T 0.6 sec
 - d_sub 300 : OOB 0.4978 : L 12 : T 0.6 sec
 - d_sub 300 : OOB 0.5034 : L 13 : T 0.7 sec
 - d_sub 300 : OOB 0.4950 : L 14 : T 0.7 sec
 - d_sub 300 : OOB 0.4957 : L 15 : T 0.8 sec
 - d_sub 300 : OOB 0.4953 : L 16 : T 0.8 sec
 - d_sub 300 : OOB 0.4937 : L 17 : T 0.9 sec
 - d_sub 300 : OOB 0.4828 : L 18 : T 0.9 sec
 - d_sub 300 : OOB 0.4853 : L 19 : T 1.0 sec
 - d_sub 300 : OOB 0.4865 : L 20 : T 1.1 sec
 - d_sub 300 : OOB 0.4873 : L 21 : T 1.1 sec
 - d_sub 300 : OOB 0.4866 : L 22 : T 1.2 sec
 - d_sub 300 : OOB 0.4805 : L 23 : T 1.2 sec
 - d_sub 300 : OOB 0.4810 : L 24 : T 1.3 sec
 - d_sub 300 : OOB 0.4757 : L 25 : T 1.4 sec
 - d_sub 300 : OOB 0.4796 : L 26 : T 1.4 sec
 - d_sub 300 : OOB 0.4777 : L 27 : T 1.5 sec
 - d_sub 300 : OOB 0.4833 : L 28 : T 1.5 sec
 - d_sub 300 : OOB 0.4796 : L 29 : T 1.6 sec
 - d_sub 300 : OOB 0.4765 : L 30 : T 1.7 sec
 - d_sub 300 : OOB 0.4854 : L 31 : T 1.7 sec
 - d_sub 300 : OOB 0.4759 : L 32 : T 1.8 sec
 - d_sub 300 : OOB 0.4795 : L 33 : T 1.8 sec
 - d_sub 300 : OOB 0.4812 : L 34 : T 1.9 sec
 - d_sub 300 : OOB 0.4803 : L 35 : T 1.9 sec
 - d_sub 300 : OOB 0.4799 : L 36 : T 2.0 sec
 - d_sub 300 : OOB 0.4801 : L 37 : T 2.1 sec
 - d_sub 300 : OOB 0.4789 : L 38 : T 2.1 sec
 - d_sub 300 : OOB 0.4707 : L 39 : T 2.2 sec
 - d_sub 300 : OOB 0.4774 : L 40 : T 2.2 sec
 - d_sub 300 : OOB 0.4775 : L 41 : T 2.3 sec
 - d_sub 300 : OOB 0.4770 : L 42 : T 2.4 sec
 - d_sub 300 : OOB 0.4812 : L 43 : T 2.4 sec
 - d_sub 300 : OOB 0.4724 : L 44 : T 2.5 sec
 - d_sub 300 : OOB 0.4778 : L 45 : T 2.6 sec
 - d_sub 300 : OOB 0.4750 : L 46 : T 2.6 sec
 - d_sub 300 : OOB 0.4716 : L 47 : T 2.7 sec
 - d_sub 300 : OOB 0.4755 : L 48 : T 2.7 sec
 - d_sub 300 : OOB 0.4795 : L 49 : T 2.8 sec
 - d_sub 300 : OOB 0.4729 : L 50 : T 2.9 sec
 - d_sub 300 : OOB 0.4778 : L 51 : T 2.9 sec
 - d_sub 300 : OOB 0.4841 : L 52 : T 3.0 sec
 - d_sub 300 : OOB 0.4747 : L 53 : T 3.1 sec
 - d_sub 300 : OOB 0.4802 : L 54 : T 3.1 sec
 - d_sub 300 : OOB 0.4758 : L 55 : T 3.2 sec
 - d_sub 300 : OOB 0.4755 : L 56 : T 3.3 sec
 - d_sub 300 : OOB 0.4725 : L 57 : T 3.3 sec
 - d_sub 300 : OOB 0.4725 : L 58 : T 3.4 sec
 - d_sub 300 : OOB 0.4746 : L 59 : T 3.4 sec
 - d_sub 300 : OOB 0.4728 : L 60 : T 3.5 sec
 - d_sub 300 : OOB 0.4726 : L 61 : T 3.5 sec
 - d_sub 300 : OOB 0.4770 : L 62 : T 3.6 sec
 - d_sub 300 : OOB 0.4733 : L 63 : T 3.7 sec
 - d_sub 300 : OOB 0.4758 : L 64 : T 3.7 sec
 - d_sub 300 : OOB 0.4704 : L 65 : T 3.8 sec
 - d_sub 300 : OOB 0.4772 : L 66 : T 3.8 sec
 - d_sub 300 : OOB 0.4759 : L 67 : T 3.9 sec
 - d_sub 300 : OOB 0.4750 : L 68 : T 3.9 sec
 - d_sub 300 : OOB 0.4775 : L 69 : T 4.0 sec
 - d_sub 300 : OOB 0.4751 : L 70 : T 4.1 sec
 - d_sub 300 : OOB 0.4772 : L 71 : T 4.1 sec
 - d_sub 300 : OOB 0.4732 : L 72 : T 4.2 sec
 - d_sub 300 : OOB 0.4757 : L 73 : T 4.3 sec
 - d_sub 300 : OOB 0.4728 : L 74 : T 4.3 sec
 - d_sub 300 : OOB 0.4790 : L 75 : T 4.4 sec
 - d_sub 300 : OOB 0.4763 : L 76 : T 4.4 sec
 - d_sub 300 : OOB 0.4731 : L 77 : T 4.5 sec
 - d_sub 300 : OOB 0.4743 : L 78 : T 4.5 sec
 - d_sub 300 : OOB 0.4796 : L 79 : T 4.6 sec
 - d_sub 300 : OOB 0.4788 : L 80 : T 4.7 sec
 - d_sub 300 : OOB 0.4762 : L 81 : T 4.7 sec
 - d_sub 300 : OOB 0.4771 : L 82 : T 4.8 sec
 - d_sub 300 : OOB 0.4786 : L 83 : T 4.9 sec
 - d_sub 300 : OOB 0.4773 : L 84 : T 4.9 sec
 - d_sub 300 : OOB 0.4737 : L 85 : T 5.0 sec
 - d_sub 300 : OOB 0.4705 : L 86 : T 5.0 sec
 - d_sub 300 : OOB 0.4769 : L 87 : T 5.1 sec
 - d_sub 300 : OOB 0.4744 : L 88 : T 5.1 sec
 - d_sub 300 : OOB 0.4675 : L 89 : T 5.2 sec
 - d_sub 300 : OOB 0.4699 : L 90 : T 5.3 sec
 - d_sub 300 : OOB 0.4699 : L 91 : T 5.3 sec
 - d_sub 300 : OOB 0.4712 : L 92 : T 5.4 sec
 - d_sub 300 : OOB 0.4758 : L 93 : T 5.5 sec
 - d_sub 300 : OOB 0.4744 : L 94 : T 5.5 sec
 - d_sub 300 : OOB 0.4731 : L 95 : T 5.6 sec
 - d_sub 300 : OOB 0.4693 : L 96 : T 5.7 sec
 - d_sub 300 : OOB 0.4693 : L 97 : T 5.7 sec
 - d_sub 300 : OOB 0.4663 : L 98 : T 5.8 sec
 - d_sub 300 : OOB 0.4724 : L 99 : T 5.9 sec
 - d_sub 300 : OOB 0.4728 : L 100 : T 5.9 sec
 - d_sub 300 : OOB 0.4742 : L 101 : T 6.0 sec
 - d_sub 300 : OOB 0.4698 : L 102 : T 6.0 sec
 - d_sub 300 : OOB 0.4696 : L 103 : T 6.1 sec
 - d_sub 300 : OOB 0.4689 : L 104 : T 6.2 sec
 - d_sub 300 : OOB 0.4701 : L 105 : T 6.2 sec
 - d_sub 300 : OOB 0.4725 : L 106 : T 6.3 sec
 - d_sub 300 : OOB 0.4677 : L 107 : T 6.4 sec
 - d_sub 300 : OOB 0.4661 : L 108 : T 6.4 sec
 - d_sub 300 : OOB 0.4701 : L 109 : T 6.5 sec
 - d_sub 300 : OOB 0.4718 : L 110 : T 6.6 sec
 - d_sub 300 : OOB 0.4665 : L 111 : T 6.6 sec
 - d_sub 300 : OOB 0.4702 : L 112 : T 6.7 sec
 - d_sub 300 : OOB 0.4660 : L 113 : T 6.7 sec
 - d_sub 300 : OOB 0.4723 : L 114 : T 6.8 sec
 - d_sub 300 : OOB 0.4728 : L 115 : T 6.8 sec
 - d_sub 300 : OOB 0.4684 : L 116 : T 6.9 sec
 - d_sub 300 : OOB 0.4664 : L 117 : T 7.0 sec
 - d_sub 300 : OOB 0.4670 : L 118 : T 7.0 sec
 - d_sub 300 : OOB 0.4700 : L 119 : T 7.1 sec
 - d_sub 300 : OOB 0.4656 : L 120 : T 7.1 sec
 - d_sub 300 : OOB 0.4683 : L 121 : T 7.2 sec
 - d_sub 300 : OOB 0.4729 : L 122 : T 7.2 sec
 - d_sub 300 : OOB 0.4682 : L 123 : T 7.3 sec
 - d_sub 300 : OOB 0.4712 : L 124 : T 7.4 sec
 - d_sub 300 : OOB 0.4738 : L 125 : T 7.4 sec
 - d_sub 300 : OOB 0.4703 : L 126 : T 7.5 sec
 - d_sub 300 : OOB 0.4682 : L 127 : T 7.5 sec
 - d_sub 300 : OOB 0.4696 : L 128 : T 7.6 sec
 - d_sub 300 : OOB 0.4679 : L 129 : T 7.7 sec
 - d_sub 300 : OOB 0.4719 : L 130 : T 7.7 sec
 - d_sub 300 : OOB 0.4686 : L 131 : T 7.8 sec
 - d_sub 300 : OOB 0.4659 : L 132 : T 7.8 sec
 - d_sub 300 : OOB 0.4677 : L 133 : T 7.9 sec
 - d_sub 300 : OOB 0.4681 : L 134 : T 7.9 sec
 - d_sub 300 : OOB 0.4681 : L 135 : T 8.0 sec
 - d_sub 300 : OOB 0.4692 : L 136 : T 8.1 sec
 - d_sub 300 : OOB 0.4691 : L 137 : T 8.1 sec
 - d_sub 300 : OOB 0.4673 : L 138 : T 8.2 sec
 - d_sub 300 : OOB 0.4704 : L 139 : T 8.3 sec
 - d_sub 300 : OOB 0.4713 : L 140 : T 8.3 sec
 - d_sub 300 : OOB 0.4663 : L 141 : T 8.4 sec
 - d_sub 300 : OOB 0.4673 : L 142 : T 8.4 sec
# -------------------------
optimal d_sub 300 : OOB 0.4673 : L 142 : T 8.5 sec
# -------------------------
# Ensemble classification
#  - Training samples: 10000 (5000/5000)
#  - Feature-space dimensionality: 22563
#  - L : 30
#  - d_sub : 300
#  - Seed 1 (subspaces) : 138636236
#  - Seed 2 (bootstrap) : 499278382
# -------------------------

 - d_sub 300 : OOB 0.4866 : L 1 : T 0.1 sec
 - d_sub 300 : OOB 0.4774 : L 2 : T 0.1 sec
 - d_sub 300 : OOB 0.4741 : L 3 : T 0.2 sec
 - d_sub 300 : OOB 0.4782 : L 4 : T 0.3 sec
 - d_sub 300 : OOB 0.4788 : L 5 : T 0.3 sec
 - d_sub 300 : OOB 0.4740 : L 6 : T 0.4 sec
 - d_sub 300 : OOB 0.4768 : L 7 : T 0.4 sec
 - d_sub 300 : OOB 0.4750 : L 8 : T 0.5 sec
 - d_sub 300 : OOB 0.4721 : L 9 : T 0.6 sec
 - d_sub 300 : OOB 0.4764 : L 10 : T 0.6 sec
 - d_sub 300 : OOB 0.4723 : L 11 : T 0.7 sec
 - d_sub 300 : OOB 0.4802 : L 12 : T 0.8 sec
 - d_sub 300 : OOB 0.4713 : L 13 : T 0.8 sec
 - d_sub 300 : OOB 0.4723 : L 14 : T 0.9 sec
 - d_sub 300 : OOB 0.4770 : L 15 : T 1.0 sec
 - d_sub 300 : OOB 0.4730 : L 16 : T 1.0 sec
 - d_sub 300 : OOB 0.4681 : L 17 : T 1.1 sec
 - d_sub 300 : OOB 0.4698 : L 18 : T 1.1 sec
 - d_sub 300 : OOB 0.4731 : L 19 : T 1.2 sec
 - d_sub 300 : OOB 0.4691 : L 20 : T 1.3 sec
 - d_sub 300 : OOB 0.4732 : L 21 : T 1.3 sec
 - d_sub 300 : OOB 0.4720 : L 22 : T 1.4 sec
 - d_sub 300 : OOB 0.4689 : L 23 : T 1.4 sec
 - d_sub 300 : OOB 0.4708 : L 24 : T 1.5 sec
 - d_sub 300 : OOB 0.4704 : L 25 : T 1.5 sec
 - d_sub 300 : OOB 0.4661 : L 26 : T 1.6 sec
 - d_sub 300 : OOB 0.4706 : L 27 : T 1.7 sec
 - d_sub 300 : OOB 0.4716 : L 28 : T 1.7 sec
 - d_sub 300 : OOB 0.4690 : L 29 : T 1.8 sec
 - d_sub 300 : OOB 0.4695 : L 30 : T 1.8 sec
# -------------------------
optimal d_sub 300 : OOB 0.4695 : L 30 : T 1.8 sec
# -------------------------
# Ensemble classification
#  - Training samples: 10000 (5000/5000)
#  - Feature-space dimensionality: 22563
#  - L : 30
#  - d_sub : 300
#  - Seed 1 (subspaces) : 975600540
#  - Seed 2 (bootstrap) : 738160786
# -------------------------

 - d_sub 300 : OOB 0.5021 : L 1 : T 0.1 sec
 - d_sub 300 : OOB 0.4984 : L 2 : T 0.1 sec
 - d_sub 300 : OOB 0.4942 : L 3 : T 0.2 sec
 - d_sub 300 : OOB 0.4768 : L 4 : T 0.3 sec
 - d_sub 300 : OOB 0.4817 : L 5 : T 0.3 sec
 - d_sub 300 : OOB 0.4765 : L 6 : T 0.4 sec
 - d_sub 300 : OOB 0.4775 : L 7 : T 0.4 sec
 - d_sub 300 : OOB 0.4779 : L 8 : T 0.5 sec
 - d_sub 300 : OOB 0.4750 : L 9 : T 0.6 sec
 - d_sub 300 : OOB 0.4756 : L 10 : T 0.6 sec
 - d_sub 300 : OOB 0.4830 : L 11 : T 0.7 sec
 - d_sub 300 : OOB 0.4803 : L 12 : T 0.7 sec
 - d_sub 300 : OOB 0.4833 : L 13 : T 0.8 sec
 - d_sub 300 : OOB 0.4788 : L 14 : T 0.8 sec
 - d_sub 300 : OOB 0.4756 : L 15 : T 0.9 sec
 - d_sub 300 : OOB 0.4776 : L 16 : T 0.9 sec
 - d_sub 300 : OOB 0.4764 : L 17 : T 1.0 sec
 - d_sub 300 : OOB 0.4740 : L 18 : T 1.1 sec
 - d_sub 300 : OOB 0.4765 : L 19 : T 1.1 sec
 - d_sub 300 : OOB 0.4748 : L 20 : T 1.2 sec
 - d_sub 300 : OOB 0.4731 : L 21 : T 1.2 sec
 - d_sub 300 : OOB 0.4800 : L 22 : T 1.3 sec
 - d_sub 300 : OOB 0.4775 : L 23 : T 1.4 sec
 - d_sub 300 : OOB 0.4788 : L 24 : T 1.4 sec
 - d_sub 300 : OOB 0.4770 : L 25 : T 1.5 sec
 - d_sub 300 : OOB 0.4758 : L 26 : T 1.5 sec
 - d_sub 300 : OOB 0.4739 : L 27 : T 1.6 sec
 - d_sub 300 : OOB 0.4736 : L 28 : T 1.7 sec
 - d_sub 300 : OOB 0.4746 : L 29 : T 1.7 sec
 - d_sub 300 : OOB 0.4728 : L 30 : T 1.8 sec
# -------------------------
optimal d_sub 300 : OOB 0.4728 : L 30 : T 1.8 sec
# -------------------------
# Ensemble classification
#  - Training samples: 10000 (5000/5000)
#  - Feature-space dimensionality: 22563
#  - L : 30
#  - d_sub : 300
#  - Seed 1 (subspaces) : 820510767
#  - Seed 2 (bootstrap) : 444297049
# -------------------------

 - d_sub 300 : OOB 0.5020 : L 1 : T 0.1 sec
 - d_sub 300 : OOB 0.4979 : L 2 : T 0.1 sec
 - d_sub 300 : OOB 0.5052 : L 3 : T 0.2 sec
 - d_sub 300 : OOB 0.5069 : L 4 : T 0.2 sec
 - d_sub 300 : OOB 0.5024 : L 5 : T 0.3 sec
 - d_sub 300 : OOB 0.5059 : L 6 : T 0.3 sec
 - d_sub 300 : OOB 0.4867 : L 7 : T 0.4 sec
 - d_sub 300 : OOB 0.4836 : L 8 : T 0.5 sec
 - d_sub 300 : OOB 0.4865 : L 9 : T 0.5 sec
 - d_sub 300 : OOB 0.4858 : L 10 : T 0.6 sec
 - d_sub 300 : OOB 0.4815 : L 11 : T 0.7 sec
 - d_sub 300 : OOB 0.4894 : L 12 : T 0.7 sec
 - d_sub 300 : OOB 0.4890 : L 13 : T 0.8 sec
 - d_sub 300 : OOB 0.4840 : L 14 : T 0.9 sec
 - d_sub 300 : OOB 0.4863 : L 15 : T 0.9 sec
 - d_sub 300 : OOB 0.4806 : L 16 : T 1.0 sec
 - d_sub 300 : OOB 0.4817 : L 17 : T 1.1 sec
 - d_sub 300 : OOB 0.4758 : L 18 : T 1.1 sec
 - d_sub 300 : OOB 0.4789 : L 19 : T 1.2 sec
 - d_sub 300 : OOB 0.4780 : L 20 : T 1.2 sec
 - d_sub 300 : OOB 0.4744 : L 21 : T 1.3 sec
 - d_sub 300 : OOB 0.4779 : L 22 : T 1.4 sec
 - d_sub 300 : OOB 0.4775 : L 23 : T 1.4 sec
 - d_sub 300 : OOB 0.4740 : L 24 : T 1.5 sec
 - d_sub 300 : OOB 0.4703 : L 25 : T 1.6 sec
 - d_sub 300 : OOB 0.4726 : L 26 : T 1.6 sec
 - d_sub 300 : OOB 0.4703 : L 27 : T 1.7 sec
 - d_sub 300 : OOB 0.4714 : L 28 : T 1.8 sec
 - d_sub 300 : OOB 0.4725 : L 29 : T 1.8 sec
 - d_sub 300 : OOB 0.4748 : L 30 : T 1.9 sec
# -------------------------
optimal d_sub 300 : OOB 0.4748 : L 30 : T 1.9 sec
# -------------------------
# Ensemble classification
#  - Training samples: 10000 (5000/5000)
#  - Feature-space dimensionality: 22563
#  - L : 30
#  - d_sub : 300
#  - Seed 1 (subspaces) : 188511489
#  - Seed 2 (bootstrap) : 77419879
# -------------------------

 - d_sub 300 : OOB 0.4893 : L 1 : T 0.1 sec
 - d_sub 300 : OOB 0.4801 : L 2 : T 0.1 sec
 - d_sub 300 : OOB 0.4944 : L 3 : T 0.2 sec
 - d_sub 300 : OOB 0.4969 : L 4 : T 0.3 sec
 - d_sub 300 : OOB 0.4862 : L 5 : T 0.3 sec
 - d_sub 300 : OOB 0.4868 : L 6 : T 0.4 sec
 - d_sub 300 : OOB 0.4757 : L 7 : T 0.5 sec
 - d_sub 300 : OOB 0.4807 : L 8 : T 0.5 sec
 - d_sub 300 : OOB 0.4918 : L 9 : T 0.6 sec
 - d_sub 300 : OOB 0.4884 : L 10 : T 0.7 sec
 - d_sub 300 : OOB 0.4874 : L 11 : T 0.7 sec
 - d_sub 300 : OOB 0.4863 : L 12 : T 0.8 sec
 - d_sub 300 : OOB 0.4789 : L 13 : T 0.9 sec
 - d_sub 300 : OOB 0.4819 : L 14 : T 0.9 sec
 - d_sub 300 : OOB 0.4834 : L 15 : T 1.0 sec
 - d_sub 300 : OOB 0.4823 : L 16 : T 1.0 sec
 - d_sub 300 : OOB 0.4796 : L 17 : T 1.1 sec
 - d_sub 300 : OOB 0.4777 : L 18 : T 1.2 sec
 - d_sub 300 : OOB 0.4802 : L 19 : T 1.2 sec
 - d_sub 300 : OOB 0.4844 : L 20 : T 1.3 sec
 - d_sub 300 : OOB 0.4761 : L 21 : T 1.3 sec
 - d_sub 300 : OOB 0.4811 : L 22 : T 1.4 sec
 - d_sub 300 : OOB 0.4858 : L 23 : T 1.5 sec
 - d_sub 300 : OOB 0.4798 : L 24 : T 1.5 sec
 - d_sub 300 : OOB 0.4816 : L 25 : T 1.6 sec
 - d_sub 300 : OOB 0.4842 : L 26 : T 1.7 sec
 - d_sub 300 : OOB 0.4874 : L 27 : T 1.7 sec
 - d_sub 300 : OOB 0.4791 : L 28 : T 1.8 sec
 - d_sub 300 : OOB 0.4783 : L 29 : T 1.8 sec
 - d_sub 300 : OOB 0.4756 : L 30 : T 1.9 sec
# -------------------------
optimal d_sub 300 : OOB 0.4756 : L 30 : T 1.9 sec
# -------------------------
# Ensemble classification
#  - Training samples: 10000 (5000/5000)
#  - Feature-space dimensionality: 22563
#  - L : 30
#  - d_sub : 300
#  - Seed 1 (subspaces) : 708496575
#  - Seed 2 (bootstrap) : 229384387
# -------------------------

 - d_sub 300 : OOB 0.5020 : L 1 : T 0.1 sec
 - d_sub 300 : OOB 0.4982 : L 2 : T 0.1 sec
 - d_sub 300 : OOB 0.5051 : L 3 : T 0.2 sec
 - d_sub 300 : OOB 0.5064 : L 4 : T 0.3 sec
 - d_sub 300 : OOB 0.5026 : L 5 : T 0.3 sec
 - d_sub 300 : OOB 0.4881 : L 6 : T 0.4 sec
 - d_sub 300 : OOB 0.4868 : L 7 : T 0.4 sec
 - d_sub 300 : OOB 0.4871 : L 8 : T 0.5 sec
 - d_sub 300 : OOB 0.4894 : L 9 : T 0.6 sec
 - d_sub 300 : OOB 0.4893 : L 10 : T 0.6 sec
 - d_sub 300 : OOB 0.4879 : L 11 : T 0.7 sec
 - d_sub 300 : OOB 0.4918 : L 12 : T 0.8 sec
 - d_sub 300 : OOB 0.4838 : L 13 : T 0.8 sec
 - d_sub 300 : OOB 0.4859 : L 14 : T 0.9 sec
 - d_sub 300 : OOB 0.4787 : L 15 : T 0.9 sec
 - d_sub 300 : OOB 0.4872 : L 16 : T 1.0 sec
 - d_sub 300 : OOB 0.4871 : L 17 : T 1.1 sec
 - d_sub 300 : OOB 0.4769 : L 18 : T 1.1 sec
 - d_sub 300 : OOB 0.4728 : L 19 : T 1.2 sec
 - d_sub 300 : OOB 0.4781 : L 20 : T 1.2 sec
 - d_sub 300 : OOB 0.4746 : L 21 : T 1.3 sec
 - d_sub 300 : OOB 0.4758 : L 22 : T 1.4 sec
 - d_sub 300 : OOB 0.4766 : L 23 : T 1.4 sec
 - d_sub 300 : OOB 0.4774 : L 24 : T 1.5 sec
 - d_sub 300 : OOB 0.4761 : L 25 : T 1.6 sec
 - d_sub 300 : OOB 0.4767 : L 26 : T 1.6 sec
 - d_sub 300 : OOB 0.4745 : L 27 : T 1.7 sec
 - d_sub 300 : OOB 0.4750 : L 28 : T 1.8 sec
 - d_sub 300 : OOB 0.4766 : L 29 : T 1.8 sec
 - d_sub 300 : OOB 0.4699 : L 30 : T 1.9 sec
# -------------------------
optimal d_sub 300 : OOB 0.4699 : L 30 : T 1.9 sec
# -------------------------
# Ensemble classification
#  - Training samples: 10000 (5000/5000)
#  - Feature-space dimensionality: 22563
#  - L : 30
#  - d_sub : 300
#  - Seed 1 (subspaces) : 881184480
#  - Seed 2 (bootstrap) : 296374608
# -------------------------

 - d_sub 300 : OOB 0.5020 : L 1 : T 0.1 sec
 - d_sub 300 : OOB 0.4984 : L 2 : T 0.1 sec
 - d_sub 300 : OOB 0.5051 : L 3 : T 0.2 sec
 - d_sub 300 : OOB 0.4968 : L 4 : T 0.2 sec
 - d_sub 300 : OOB 0.4851 : L 5 : T 0.3 sec
 - d_sub 300 : OOB 0.4941 : L 6 : T 0.4 sec
 - d_sub 300 : OOB 0.4933 : L 7 : T 0.4 sec
 - d_sub 300 : OOB 0.4913 : L 8 : T 0.5 sec
 - d_sub 300 : OOB 0.4937 : L 9 : T 0.5 sec
 - d_sub 300 : OOB 0.4841 : L 10 : T 0.6 sec
 - d_sub 300 : OOB 0.4896 : L 11 : T 0.6 sec
 - d_sub 300 : OOB 0.4851 : L 12 : T 0.7 sec
 - d_sub 300 : OOB 0.4813 : L 13 : T 0.7 sec
 - d_sub 300 : OOB 0.4801 : L 14 : T 0.8 sec
 - d_sub 300 : OOB 0.4883 : L 15 : T 0.8 sec
 - d_sub 300 : OOB 0.4807 : L 16 : T 0.9 sec
 - d_sub 300 : OOB 0.4787 : L 17 : T 0.9 sec
 - d_sub 300 : OOB 0.4754 : L 18 : T 1.0 sec
 - d_sub 300 : OOB 0.4761 : L 19 : T 1.0 sec
 - d_sub 300 : OOB 0.4747 : L 20 : T 1.1 sec
 - d_sub 300 : OOB 0.4805 : L 21 : T 1.2 sec
 - d_sub 300 : OOB 0.4824 : L 22 : T 1.2 sec
 - d_sub 300 : OOB 0.4725 : L 23 : T 1.3 sec
 - d_sub 300 : OOB 0.4756 : L 24 : T 1.3 sec
 - d_sub 300 : OOB 0.4703 : L 25 : T 1.4 sec
 - d_sub 300 : OOB 0.4764 : L 26 : T 1.4 sec
 - d_sub 300 : OOB 0.4786 : L 27 : T 1.5 sec
 - d_sub 300 : OOB 0.4753 : L 28 : T 1.5 sec
 - d_sub 300 : OOB 0.4725 : L 29 : T 1.6 sec
 - d_sub 300 : OOB 0.4769 : L 30 : T 1.7 sec
# -------------------------
optimal d_sub 300 : OOB 0.4769 : L 30 : T 1.7 sec
# -------------------------
# Ensemble classification
#  - Training samples: 10000 (5000/5000)
#  - Feature-space dimensionality: 22563
#  - L : 30
#  - d_sub : 300
#  - Seed 1 (subspaces) : 561739944
#  - Seed 2 (bootstrap) : 311335020
# -------------------------

 - d_sub 300 : OOB 0.5020 : L 1 : T 0.1 sec
 - d_sub 300 : OOB 0.4981 : L 2 : T 0.1 sec
 - d_sub 300 : OOB 0.5051 : L 3 : T 0.2 sec
 - d_sub 300 : OOB 0.5067 : L 4 : T 0.2 sec
 - d_sub 300 : OOB 0.5024 : L 5 : T 0.3 sec
 - d_sub 300 : OOB 0.5057 : L 6 : T 0.3 sec
 - d_sub 300 : OOB 0.5031 : L 7 : T 0.4 sec
 - d_sub 300 : OOB 0.5093 : L 8 : T 0.4 sec
 - d_sub 300 : OOB 0.5020 : L 9 : T 0.5 sec
 - d_sub 300 : OOB 0.4977 : L 10 : T 0.6 sec
 - d_sub 300 : OOB 0.4889 : L 11 : T 0.6 sec
 - d_sub 300 : OOB 0.4896 : L 12 : T 0.7 sec
 - d_sub 300 : OOB 0.4943 : L 13 : T 0.7 sec
 - d_sub 300 : OOB 0.4927 : L 14 : T 0.8 sec
 - d_sub 300 : OOB 0.4984 : L 15 : T 0.9 sec
 - d_sub 300 : OOB 0.4914 : L 16 : T 0.9 sec
 - d_sub 300 : OOB 0.4831 : L 17 : T 1.0 sec
 - d_sub 300 : OOB 0.4840 : L 18 : T 1.0 sec
 - d_sub 300 : OOB 0.4771 : L 19 : T 1.1 sec
 - d_sub 300 : OOB 0.4756 : L 20 : T 1.1 sec
 - d_sub 300 : OOB 0.4728 : L 21 : T 1.2 sec
 - d_sub 300 : OOB 0.4813 : L 22 : T 1.3 sec
 - d_sub 300 : OOB 0.4816 : L 23 : T 1.3 sec
 - d_sub 300 : OOB 0.4758 : L 24 : T 1.4 sec
 - d_sub 300 : OOB 0.4708 : L 25 : T 1.4 sec
 - d_sub 300 : OOB 0.4757 : L 26 : T 1.5 sec
 - d_sub 300 : OOB 0.4817 : L 27 : T 1.5 sec
 - d_sub 300 : OOB 0.4737 : L 28 : T 1.6 sec
 - d_sub 300 : OOB 0.4797 : L 29 : T 1.6 sec
 - d_sub 300 : OOB 0.4724 : L 30 : T 1.7 sec
# -------------------------
optimal d_sub 300 : OOB 0.4724 : L 30 : T 1.7 sec
# -------------------------
# Ensemble classification
#  - Training samples: 10000 (5000/5000)
#  - Feature-space dimensionality: 22563
#  - L : 30
#  - d_sub : 300
#  - Seed 1 (subspaces) : 951138002
#  - Seed 2 (bootstrap) : 279916794
# -------------------------

 - d_sub 300 : OOB 0.4871 : L 1 : T 0.1 sec
 - d_sub 300 : OOB 0.4778 : L 2 : T 0.1 sec
 - d_sub 300 : OOB 0.4922 : L 3 : T 0.2 sec
 - d_sub 300 : OOB 0.4933 : L 4 : T 0.2 sec
 - d_sub 300 : OOB 0.4844 : L 5 : T 0.3 sec
 - d_sub 300 : OOB 0.4943 : L 6 : T 0.3 sec
 - d_sub 300 : OOB 0.4890 : L 7 : T 0.4 sec
 - d_sub 300 : OOB 0.4917 : L 8 : T 0.4 sec
 - d_sub 300 : OOB 0.4894 : L 9 : T 0.5 sec
 - d_sub 300 : OOB 0.4898 : L 10 : T 0.6 sec
 - d_sub 300 : OOB 0.4920 : L 11 : T 0.6 sec
 - d_sub 300 : OOB 0.4920 : L 12 : T 0.7 sec
 - d_sub 300 : OOB 0.4915 : L 13 : T 0.7 sec
 - d_sub 300 : OOB 0.4782 : L 14 : T 0.8 sec
 - d_sub 300 : OOB 0.4779 : L 15 : T 0.8 sec
 - d_sub 300 : OOB 0.4876 : L 16 : T 0.9 sec
 - d_sub 300 : OOB 0.4832 : L 17 : T 0.9 sec
 - d_sub 300 : OOB 0.4880 : L 18 : T 1.0 sec
 - d_sub 300 : OOB 0.4781 : L 19 : T 1.1 sec
 - d_sub 300 : OOB 0.4778 : L 20 : T 1.1 sec
 - d_sub 300 : OOB 0.4752 : L 21 : T 1.2 sec
 - d_sub 300 : OOB 0.4793 : L 22 : T 1.3 sec
 - d_sub 300 : OOB 0.4792 : L 23 : T 1.3 sec
 - d_sub 300 : OOB 0.4716 : L 24 : T 1.4 sec
 - d_sub 300 : OOB 0.4753 : L 25 : T 1.4 sec
 - d_sub 300 : OOB 0.4745 : L 26 : T 1.5 sec
 - d_sub 300 : OOB 0.4735 : L 27 : T 1.5 sec
 - d_sub 300 : OOB 0.4728 : L 28 : T 1.6 sec
 - d_sub 300 : OOB 0.4700 : L 29 : T 1.7 sec
 - d_sub 300 : OOB 0.4688 : L 30 : T 1.7 sec
# -------------------------
optimal d_sub 300 : OOB 0.4688 : L 30 : T 1.7 sec
# -------------------------
# Ensemble classification
#  - Training samples: 10000 (5000/5000)
#  - Feature-space dimensionality: 22563
#  - L : 30
#  - d_sub : 300
#  - Seed 1 (subspaces) : 404834121
#  - Seed 2 (bootstrap) : 490510410
# -------------------------

 - d_sub 300 : OOB 0.5020 : L 1 : T 0.1 sec
 - d_sub 300 : OOB 0.4913 : L 2 : T 0.1 sec
 - d_sub 300 : OOB 0.4828 : L 3 : T 0.2 sec
 - d_sub 300 : OOB 0.4863 : L 4 : T 0.2 sec
 - d_sub 300 : OOB 0.4810 : L 5 : T 0.3 sec
 - d_sub 300 : OOB 0.4878 : L 6 : T 0.3 sec
 - d_sub 300 : OOB 0.4847 : L 7 : T 0.4 sec
 - d_sub 300 : OOB 0.4760 : L 8 : T 0.5 sec
 - d_sub 300 : OOB 0.4752 : L 9 : T 0.5 sec
 - d_sub 300 : OOB 0.4795 : L 10 : T 0.6 sec
 - d_sub 300 : OOB 0.4819 : L 11 : T 0.6 sec
 - d_sub 300 : OOB 0.4800 : L 12 : T 0.7 sec
 - d_sub 300 : OOB 0.4755 : L 13 : T 0.8 sec
 - d_sub 300 : OOB 0.4805 : L 14 : T 0.8 sec
 - d_sub 300 : OOB 0.4766 : L 15 : T 0.9 sec
 - d_sub 300 : OOB 0.4700 : L 16 : T 0.9 sec
 - d_sub 300 : OOB 0.4714 : L 17 : T 1.0 sec
 - d_sub 300 : OOB 0.4717 : L 18 : T 1.0 sec
 - d_sub 300 : OOB 0.4691 : L 19 : T 1.1 sec
 - d_sub 300 : OOB 0.4684 : L 20 : T 1.1 sec
 - d_sub 300 : OOB 0.4673 : L 21 : T 1.2 sec
 - d_sub 300 : OOB 0.4671 : L 22 : T 1.3 sec
 - d_sub 300 : OOB 0.4679 : L 23 : T 1.3 sec
 - d_sub 300 : OOB 0.4669 : L 24 : T 1.4 sec
 - d_sub 300 : OOB 0.4658 : L 25 : T 1.4 sec
 - d_sub 300 : OOB 0.4718 : L 26 : T 1.5 sec
 - d_sub 300 : OOB 0.4700 : L 27 : T 1.5 sec
 - d_sub 300 : OOB 0.4724 : L 28 : T 1.6 sec
 - d_sub 300 : OOB 0.4717 : L 29 : T 1.6 sec
 - d_sub 300 : OOB 0.4683 : L 30 : T 1.7 sec
# -------------------------
optimal d_sub 300 : OOB 0.4683 : L 30 : T 1.7 sec
# -------------------------
# Ensemble classification
#  - Training samples: 10000 (5000/5000)
#  - Feature-space dimensionality: 22563
#  - L : 30
#  - d_sub : 300
#  - Seed 1 (subspaces) : 332178166
#  - Seed 2 (bootstrap) : 430784763
# -------------------------

 - d_sub 300 : OOB 0.5020 : L 1 : T 0.1 sec
 - d_sub 300 : OOB 0.4981 : L 2 : T 0.1 sec
 - d_sub 300 : OOB 0.5051 : L 3 : T 0.2 sec
 - d_sub 300 : OOB 0.5065 : L 4 : T 0.2 sec
 - d_sub 300 : OOB 0.4838 : L 5 : T 0.3 sec
 - d_sub 300 : OOB 0.4896 : L 6 : T 0.3 sec
 - d_sub 300 : OOB 0.4810 : L 7 : T 0.4 sec
 - d_sub 300 : OOB 0.4786 : L 8 : T 0.5 sec
 - d_sub 300 : OOB 0.4821 : L 9 : T 0.5 sec
 - d_sub 300 : OOB 0.4808 : L 10 : T 0.6 sec
 - d_sub 300 : OOB 0.4757 : L 11 : T 0.7 sec
 - d_sub 300 : OOB 0.4694 : L 12 : T 0.7 sec
 - d_sub 300 : OOB 0.4735 : L 13 : T 0.8 sec
 - d_sub 300 : OOB 0.4714 : L 14 : T 0.9 sec
 - d_sub 300 : OOB 0.4717 : L 15 : T 0.9 sec
 - d_sub 300 : OOB 0.4701 : L 16 : T 1.0 sec
 - d_sub 300 : OOB 0.4728 : L 17 : T 1.0 sec
 - d_sub 300 : OOB 0.4728 : L 18 : T 1.1 sec
 - d_sub 300 : OOB 0.4721 : L 19 : T 1.1 sec
 - d_sub 300 : OOB 0.4685 : L 20 : T 1.2 sec
 - d_sub 300 : OOB 0.4720 : L 21 : T 1.3 sec
 - d_sub 300 : OOB 0.4729 : L 22 : T 1.3 sec
 - d_sub 300 : OOB 0.4739 : L 23 : T 1.4 sec
 - d_sub 300 : OOB 0.4728 : L 24 : T 1.4 sec
 - d_sub 300 : OOB 0.4726 : L 25 : T 1.5 sec
 - d_sub 300 : OOB 0.4746 : L 26 : T 1.6 sec
 - d_sub 300 : OOB 0.4662 : L 27 : T 1.6 sec
 - d_sub 300 : OOB 0.4679 : L 28 : T 1.7 sec
 - d_sub 300 : OOB 0.4681 : L 29 : T 1.7 sec
 - d_sub 300 : OOB 0.4665 : L 30 : T 1.8 sec
# -------------------------
optimal d_sub 300 : OOB 0.4665 : L 30 : T 1.8 sec
# -------------------------
# Ensemble classification
#  - Training samples: 10000 (5000/5000)
#  - Feature-space dimensionality: 22563
#  - L : 30
#  - d_sub : 300
#  - Seed 1 (subspaces) : 945855429
#  - Seed 2 (bootstrap) : 354171989
# -------------------------

 - d_sub 300 : OOB 0.5021 : L 1 : T 0.0 sec
 - d_sub 300 : OOB 0.4984 : L 2 : T 0.1 sec
 - d_sub 300 : OOB 0.5052 : L 3 : T 0.2 sec
 - d_sub 300 : OOB 0.4935 : L 4 : T 0.2 sec
 - d_sub 300 : OOB 0.4824 : L 5 : T 0.3 sec
 - d_sub 300 : OOB 0.4910 : L 6 : T 0.3 sec
 - d_sub 300 : OOB 0.4895 : L 7 : T 0.4 sec
 - d_sub 300 : OOB 0.4873 : L 8 : T 0.4 sec
 - d_sub 300 : OOB 0.4896 : L 9 : T 0.5 sec
 - d_sub 300 : OOB 0.4850 : L 10 : T 0.6 sec
 - d_sub 300 : OOB 0.4923 : L 11 : T 0.6 sec
 - d_sub 300 : OOB 0.4839 : L 12 : T 0.7 sec
 - d_sub 300 : OOB 0.4819 : L 13 : T 0.7 sec
 - d_sub 300 : OOB 0.4855 : L 14 : T 0.8 sec
 - d_sub 300 : OOB 0.4944 : L 15 : T 0.8 sec
 - d_sub 300 : OOB 0.4909 : L 16 : T 0.9 sec
 - d_sub 300 : OOB 0.4839 : L 17 : T 1.0 sec
 - d_sub 300 : OOB 0.4915 : L 18 : T 1.0 sec
 - d_sub 300 : OOB 0.4963 : L 19 : T 1.1 sec
 - d_sub 300 : OOB 0.4871 : L 20 : T 1.2 sec
 - d_sub 300 : OOB 0.4818 : L 21 : T 1.2 sec
 - d_sub 300 : OOB 0.4821 : L 22 : T 1.3 sec
 - d_sub 300 : OOB 0.4796 : L 23 : T 1.3 sec
 - d_sub 300 : OOB 0.4827 : L 24 : T 1.4 sec
 - d_sub 300 : OOB 0.4795 : L 25 : T 1.5 sec
 - d_sub 300 : OOB 0.4835 : L 26 : T 1.5 sec
 - d_sub 300 : OOB 0.4752 : L 27 : T 1.6 sec
 - d_sub 300 : OOB 0.4776 : L 28 : T 1.6 sec
 - d_sub 300 : OOB 0.4803 : L 29 : T 1.7 sec
 - d_sub 300 : OOB 0.4797 : L 30 : T 1.7 sec
# -------------------------
optimal d_sub 300 : OOB 0.4797 : L 30 : T 1.7 sec
# -------------------------
Average OOB error = 0.47257 (+/- 0.00422)
# -------------------------
# Ensemble classification
#  - Training samples: 10000 (5000/5000)
#  - Feature-space dimensionality: 22563
#  - L : 30
#  - d_sub : 300
#  - Seed 1 (subspaces) : 5
#  - Seed 2 (bootstrap) : 73
# -------------------------

 - d_sub 300 : OOB 0.5021 : L 1 : T 0.1 sec
 - d_sub 300 : OOB 0.4953 : L 2 : T 0.1 sec
 - d_sub 300 : OOB 0.4976 : L 3 : T 0.2 sec
 - d_sub 300 : OOB 0.4954 : L 4 : T 0.2 sec
 - d_sub 300 : OOB 0.4961 : L 5 : T 0.3 sec
 - d_sub 300 : OOB 0.4840 : L 6 : T 0.4 sec
 - d_sub 300 : OOB 0.4929 : L 7 : T 0.4 sec
 - d_sub 300 : OOB 0.4942 : L 8 : T 0.5 sec
 - d_sub 300 : OOB 0.4909 : L 9 : T 0.6 sec
 - d_sub 300 : OOB 0.4891 : L 10 : T 0.6 sec
 - d_sub 300 : OOB 0.4887 : L 11 : T 0.7 sec
 - d_sub 300 : OOB 0.4800 : L 12 : T 0.7 sec
 - d_sub 300 : OOB 0.4805 : L 13 : T 0.8 sec
 - d_sub 300 : OOB 0.4847 : L 14 : T 0.8 sec
 - d_sub 300 : OOB 0.4798 : L 15 : T 0.9 sec
 - d_sub 300 : OOB 0.4801 : L 16 : T 1.0 sec
 - d_sub 300 : OOB 0.4767 : L 17 : T 1.0 sec
 - d_sub 300 : OOB 0.4834 : L 18 : T 1.1 sec
 - d_sub 300 : OOB 0.4791 : L 19 : T 1.2 sec
 - d_sub 300 : OOB 0.4783 : L 20 : T 1.2 sec
 - d_sub 300 : OOB 0.4792 : L 21 : T 1.3 sec
 - d_sub 300 : OOB 0.4754 : L 22 : T 1.3 sec
 - d_sub 300 : OOB 0.4728 : L 23 : T 1.4 sec
 - d_sub 300 : OOB 0.4733 : L 24 : T 1.5 sec
 - d_sub 300 : OOB 0.4778 : L 25 : T 1.5 sec
 - d_sub 300 : OOB 0.4733 : L 26 : T 1.6 sec
 - d_sub 300 : OOB 0.4705 : L 27 : T 1.6 sec
 - d_sub 300 : OOB 0.4707 : L 28 : T 1.7 sec
 - d_sub 300 : OOB 0.4708 : L 29 : T 1.8 sec
 - d_sub 300 : OOB 0.4667 : L 30 : T 1.8 sec
# -------------------------
optimal d_sub 300 : OOB 0.4667 : L 30 : T 1.8 sec
OOB error = 0.4835
optimal d_sub 300 : OOB 0.4739 : L 30 : T 1.8 sec
optimal d_sub 300 : OOB 0.4674 : L 69 : T 4.4 sec
Testing error 1: 0.4622
optimal d_sub 300 : OOB 0.4621 : L 91 : T 5.7 sec
Testing error 2: 0.4564
optimal d_sub 300 : OOB 0.4655 : L 117 : T 7.7 sec
Testing error 3: 0.4615
optimal d_sub 300 : OOB 0.4709 : L 106 : T 6.8 sec
Testing error 4: 0.4606
optimal d_sub 300 : OOB 0.4603 : L 79 : T 4.7 sec
Testing error 5: 0.4606
optimal d_sub 300 : OOB 0.4574 : L 83 : T 5.4 sec
Testing error 6: 0.4548
optimal d_sub 300 : OOB 0.4624 : L 67 : T 4.2 sec
Testing error 7: 0.4556
optimal d_sub 300 : OOB 0.4571 : L 74 : T 4.5 sec
Testing error 8: 0.4549
optimal d_sub 300 : OOB 0.4656 : L 121 : T 6.5 sec
Testing error 9: 0.4600
optimal d_sub 300 : OOB 0.4767 : L 62 : T 3.3 sec
Testing error 10: 0.4593
---
Average testing error over 10 splits: 0.4586 (+/- 0.0029)
