# -------------------------
# Ensemble classification
#  - Training samples: 10000 (5000/5000)
#  - Feature-space dimensionality: 22563
#  - L : automatic (min 25, max 500, length 50, eps 0.00500)
#  - d_sub : automatic (Eoob tolerance 0.0200, step 200)
#  - Seed 1 (subspaces) : 862920434
#  - Seed 2 (bootstrap) : 769867470
# -------------------------

 - d_sub 200 : OOB 0.5020 : L 1 : T 0.0 sec
 - d_sub 200 : OOB 0.4982 : L 2 : T 0.1 sec
 - d_sub 200 : OOB 0.5051 : L 3 : T 0.1 sec
 - d_sub 200 : OOB 0.5065 : L 4 : T 0.2 sec
 - d_sub 200 : OOB 0.5027 : L 5 : T 0.2 sec
 - d_sub 200 : OOB 0.5053 : L 6 : T 0.3 sec
 - d_sub 200 : OOB 0.5031 : L 7 : T 0.3 sec
 - d_sub 200 : OOB 0.4077 : L 8 : T 0.3 sec
 - d_sub 200 : OOB 0.4028 : L 9 : T 0.4 sec
 - d_sub 200 : OOB 0.4096 : L 10 : T 0.4 sec
 - d_sub 200 : OOB 0.4094 : L 11 : T 0.5 sec
 - d_sub 200 : OOB 0.4026 : L 12 : T 0.5 sec
 - d_sub 200 : OOB 0.4005 : L 13 : T 0.5 sec
 - d_sub 200 : OOB 0.4127 : L 14 : T 0.6 sec
 - d_sub 200 : OOB 0.4031 : L 15 : T 0.6 sec
 - d_sub 200 : OOB 0.4002 : L 16 : T 0.6 sec
 - d_sub 200 : OOB 0.4098 : L 17 : T 0.7 sec
 - d_sub 200 : OOB 0.4032 : L 18 : T 0.7 sec
 - d_sub 200 : OOB 0.4103 : L 19 : T 0.8 sec
 - d_sub 200 : OOB 0.4058 : L 20 : T 0.8 sec
 - d_sub 200 : OOB 0.4034 : L 21 : T 0.8 sec
 - d_sub 200 : OOB 0.4073 : L 22 : T 0.8 sec
 - d_sub 200 : OOB 0.4022 : L 23 : T 0.9 sec
 - d_sub 200 : OOB 0.4073 : L 24 : T 0.9 sec
 - d_sub 200 : OOB 0.4000 : L 25 : T 1.0 sec
 - d_sub 200 : OOB 0.4108 : L 26 : T 1.0 sec
 - d_sub 200 : OOB 0.4064 : L 27 : T 1.0 sec
 - d_sub 200 : OOB 0.4026 : L 28 : T 1.1 sec
 - d_sub 200 : OOB 0.4040 : L 29 : T 1.1 sec
 - d_sub 200 : OOB 0.4007 : L 30 : T 1.2 sec
 - d_sub 200 : OOB 0.3563 : L 31 : T 1.2 sec
 - d_sub 200 : OOB 0.3109 : L 32 : T 1.2 sec
 - d_sub 200 : OOB 0.2825 : L 33 : T 1.3 sec
 - d_sub 200 : OOB 0.2829 : L 34 : T 1.3 sec
 - d_sub 200 : OOB 0.2798 : L 35 : T 1.3 sec
 - d_sub 200 : OOB 0.2823 : L 36 : T 1.4 sec
 - d_sub 200 : OOB 0.2824 : L 37 : T 1.4 sec
 - d_sub 200 : OOB 0.2708 : L 38 : T 1.5 sec
 - d_sub 200 : OOB 0.2712 : L 39 : T 1.5 sec
 - d_sub 200 : OOB 0.2684 : L 40 : T 1.5 sec
 - d_sub 200 : OOB 0.2630 : L 41 : T 1.6 sec
 - d_sub 200 : OOB 0.2653 : L 42 : T 1.6 sec
 - d_sub 200 : OOB 0.2673 : L 43 : T 1.6 sec
 - d_sub 200 : OOB 0.2666 : L 44 : T 1.7 sec
 - d_sub 200 : OOB 0.2670 : L 45 : T 1.7 sec
 - d_sub 200 : OOB 0.2602 : L 46 : T 1.8 sec
 - d_sub 200 : OOB 0.2657 : L 47 : T 1.8 sec
 - d_sub 200 : OOB 0.2643 : L 48 : T 1.8 sec
 - d_sub 200 : OOB 0.2691 : L 49 : T 1.9 sec
 - d_sub 200 : OOB 0.2650 : L 50 : T 1.9 sec
 - d_sub 200 : OOB 0.2657 : L 51 : T 2.0 sec
 - d_sub 200 : OOB 0.2570 : L 52 : T 2.0 sec
 - d_sub 200 : OOB 0.2579 : L 53 : T 2.0 sec
 - d_sub 200 : OOB 0.2477 : L 54 : T 2.1 sec
 - d_sub 200 : OOB 0.2464 : L 55 : T 2.1 sec
 - d_sub 200 : OOB 0.2428 : L 56 : T 2.1 sec
 - d_sub 200 : OOB 0.2383 : L 57 : T 2.2 sec
 - d_sub 200 : OOB 0.2370 : L 58 : T 2.2 sec
 - d_sub 200 : OOB 0.2350 : L 59 : T 2.2 sec
 - d_sub 200 : OOB 0.2385 : L 60 : T 2.3 sec
 - d_sub 200 : OOB 0.2377 : L 61 : T 2.3 sec
 - d_sub 200 : OOB 0.2382 : L 62 : T 2.3 sec
 - d_sub 200 : OOB 0.2302 : L 63 : T 2.4 sec
 - d_sub 200 : OOB 0.2305 : L 64 : T 2.4 sec
 - d_sub 200 : OOB 0.2301 : L 65 : T 2.5 sec
 - d_sub 200 : OOB 0.2303 : L 66 : T 2.5 sec
 - d_sub 200 : OOB 0.2288 : L 67 : T 2.5 sec
 - d_sub 200 : OOB 0.2325 : L 68 : T 2.6 sec
 - d_sub 200 : OOB 0.2334 : L 69 : T 2.6 sec
 - d_sub 200 : OOB 0.2304 : L 70 : T 2.6 sec
 - d_sub 200 : OOB 0.2319 : L 71 : T 2.7 sec
 - d_sub 200 : OOB 0.2321 : L 72 : T 2.7 sec
 - d_sub 200 : OOB 0.2327 : L 73 : T 2.8 sec
 - d_sub 200 : OOB 0.2285 : L 74 : T 2.8 sec
 - d_sub 200 : OOB 0.2324 : L 75 : T 2.8 sec
 - d_sub 200 : OOB 0.2337 : L 76 : T 2.9 sec
 - d_sub 200 : OOB 0.2328 : L 77 : T 2.9 sec
 - d_sub 200 : OOB 0.2285 : L 78 : T 2.9 sec
 - d_sub 200 : OOB 0.2319 : L 79 : T 3.0 sec
 - d_sub 200 : OOB 0.2317 : L 80 : T 3.0 sec
 - d_sub 200 : OOB 0.2325 : L 81 : T 3.0 sec
 - d_sub 200 : OOB 0.2329 : L 82 : T 3.1 sec
 - d_sub 200 : OOB 0.2278 : L 83 : T 3.1 sec
 - d_sub 200 : OOB 0.2230 : L 84 : T 3.2 sec
 - d_sub 200 : OOB 0.2267 : L 85 : T 3.2 sec
 - d_sub 200 : OOB 0.2247 : L 86 : T 3.2 sec
 - d_sub 200 : OOB 0.2194 : L 87 : T 3.3 sec
 - d_sub 200 : OOB 0.2200 : L 88 : T 3.3 sec
 - d_sub 200 : OOB 0.2179 : L 89 : T 3.4 sec
 - d_sub 200 : OOB 0.2191 : L 90 : T 3.4 sec
 - d_sub 200 : OOB 0.2161 : L 91 : T 3.4 sec
 - d_sub 200 : OOB 0.2158 : L 92 : T 3.5 sec
 - d_sub 200 : OOB 0.2189 : L 93 : T 3.5 sec
 - d_sub 200 : OOB 0.2167 : L 94 : T 3.5 sec
 - d_sub 200 : OOB 0.2180 : L 95 : T 3.6 sec
 - d_sub 200 : OOB 0.2207 : L 96 : T 3.6 sec
 - d_sub 200 : OOB 0.2184 : L 97 : T 3.7 sec
 - d_sub 200 : OOB 0.2158 : L 98 : T 3.7 sec
 - d_sub 200 : OOB 0.2143 : L 99 : T 3.7 sec
 - d_sub 200 : OOB 0.2142 : L 100 : T 3.8 sec
 - d_sub 200 : OOB 0.2124 : L 101 : T 3.8 sec
 - d_sub 200 : OOB 0.2143 : L 102 : T 3.8 sec
 - d_sub 200 : OOB 0.2148 : L 103 : T 3.9 sec
 - d_sub 200 : OOB 0.2151 : L 104 : T 3.9 sec
 - d_sub 200 : OOB 0.2148 : L 105 : T 3.9 sec
 - d_sub 200 : OOB 0.2132 : L 106 : T 4.0 sec
 - d_sub 200 : OOB 0.2154 : L 107 : T 4.0 sec
 - d_sub 200 : OOB 0.2145 : L 108 : T 4.1 sec
 - d_sub 200 : OOB 0.2142 : L 109 : T 4.1 sec
 - d_sub 200 : OOB 0.2141 : L 110 : T 4.1 sec
 - d_sub 200 : OOB 0.2132 : L 111 : T 4.2 sec
 - d_sub 200 : OOB 0.2147 : L 112 : T 4.2 sec
 - d_sub 200 : OOB 0.2116 : L 113 : T 4.2 sec
 - d_sub 200 : OOB 0.2123 : L 114 : T 4.3 sec
 - d_sub 200 : OOB 0.2112 : L 115 : T 4.3 sec
 - d_sub 200 : OOB 0.2121 : L 116 : T 4.4 sec
 - d_sub 200 : OOB 0.2103 : L 117 : T 4.4 sec
 - d_sub 200 : OOB 0.2114 : L 118 : T 4.4 sec
 - d_sub 200 : OOB 0.2122 : L 119 : T 4.5 sec
 - d_sub 200 : OOB 0.2111 : L 120 : T 4.5 sec
 - d_sub 200 : OOB 0.2126 : L 121 : T 4.5 sec
 - d_sub 200 : OOB 0.2088 : L 122 : T 4.6 sec
 - d_sub 200 : OOB 0.2088 : L 123 : T 4.6 sec
 - d_sub 200 : OOB 0.2097 : L 124 : T 4.7 sec
 - d_sub 200 : OOB 0.2113 : L 125 : T 4.7 sec
 - d_sub 200 : OOB 0.2114 : L 126 : T 4.8 sec
 - d_sub 200 : OOB 0.2082 : L 127 : T 4.8 sec
 - d_sub 200 : OOB 0.2133 : L 128 : T 4.8 sec
 - d_sub 200 : OOB 0.2079 : L 129 : T 4.9 sec
 - d_sub 200 : OOB 0.2096 : L 130 : T 4.9 sec
 - d_sub 200 : OOB 0.2096 : L 131 : T 5.0 sec
 - d_sub 200 : OOB 0.2104 : L 132 : T 5.0 sec
 - d_sub 200 : OOB 0.2130 : L 133 : T 5.0 sec
 - d_sub 200 : OOB 0.2094 : L 134 : T 5.1 sec
 - d_sub 200 : OOB 0.2086 : L 135 : T 5.1 sec
 - d_sub 200 : OOB 0.2085 : L 136 : T 5.1 sec
 - d_sub 200 : OOB 0.2087 : L 137 : T 5.2 sec
 - d_sub 200 : OOB 0.2094 : L 138 : T 5.2 sec
 - d_sub 200 : OOB 0.2081 : L 139 : T 5.3 sec
 - d_sub 200 : OOB 0.2112 : L 140 : T 5.3 sec
 - d_sub 200 : OOB 0.2084 : L 141 : T 5.3 sec
 - d_sub 200 : OOB 0.2103 : L 142 : T 5.4 sec
 - d_sub 200 : OOB 0.2088 : L 143 : T 5.4 sec
 - d_sub 200 : OOB 0.2099 : L 144 : T 5.4 sec
 - d_sub 200 : OOB 0.2080 : L 145 : T 5.5 sec
 - d_sub 200 : OOB 0.2077 : L 146 : T 5.5 sec
 - d_sub 200 : OOB 0.2073 : L 147 : T 5.6 sec
 - d_sub 200 : OOB 0.2085 : L 148 : T 5.6 sec
 - d_sub 200 : OOB 0.2068 : L 149 : T 5.6 sec
 - d_sub 200 : OOB 0.2084 : L 150 : T 5.7 sec
 - d_sub 200 : OOB 0.2080 : L 151 : T 5.7 sec
 - d_sub 200 : OOB 0.2076 : L 152 : T 5.7 sec
 - d_sub 200 : OOB 0.2110 : L 153 : T 5.8 sec
 - d_sub 200 : OOB 0.2083 : L 154 : T 5.8 sec
 - d_sub 200 : OOB 0.2090 : L 155 : T 5.8 sec
 - d_sub 200 : OOB 0.2101 : L 156 : T 5.9 sec
 - d_sub 200 : OOB 0.2082 : L 157 : T 5.9 sec
 - d_sub 200 : OOB 0.2089 : L 158 : T 6.0 sec
 - d_sub 200 : OOB 0.2080 : L 159 : T 6.0 sec
 - d_sub 200 : OOB 0.2089 : L 160 : T 6.0 sec

 - d_sub 400 : OOB 0.5020 : L 1 : T 0.1 sec
 - d_sub 400 : OOB 0.4983 : L 2 : T 0.2 sec
 - d_sub 400 : OOB 0.5051 : L 3 : T 0.2 sec
 - d_sub 400 : OOB 0.5064 : L 4 : T 0.3 sec
 - d_sub 400 : OOB 0.5026 : L 5 : T 0.4 sec
 - d_sub 400 : OOB 0.5055 : L 6 : T 0.5 sec
 - d_sub 400 : OOB 0.5031 : L 7 : T 0.6 sec
 - d_sub 400 : OOB 0.5084 : L 8 : T 0.7 sec
 - d_sub 400 : OOB 0.5018 : L 9 : T 0.8 sec
 - d_sub 400 : OOB 0.4979 : L 10 : T 0.9 sec
 - d_sub 400 : OOB 0.3959 : L 11 : T 0.9 sec
 - d_sub 400 : OOB 0.3368 : L 12 : T 1.0 sec
 - d_sub 400 : OOB 0.3354 : L 13 : T 1.1 sec
 - d_sub 400 : OOB 0.3342 : L 14 : T 1.2 sec
 - d_sub 400 : OOB 0.3372 : L 15 : T 1.3 sec
 - d_sub 400 : OOB 0.3386 : L 16 : T 1.4 sec
 - d_sub 400 : OOB 0.3347 : L 17 : T 1.5 sec
 - d_sub 400 : OOB 0.3330 : L 18 : T 1.5 sec
 - d_sub 400 : OOB 0.3315 : L 19 : T 1.6 sec
 - d_sub 400 : OOB 0.3337 : L 20 : T 1.7 sec
 - d_sub 400 : OOB 0.3332 : L 21 : T 1.8 sec
 - d_sub 400 : OOB 0.3343 : L 22 : T 1.9 sec
 - d_sub 400 : OOB 0.2883 : L 23 : T 2.0 sec
 - d_sub 400 : OOB 0.2594 : L 24 : T 2.1 sec
 - d_sub 400 : OOB 0.2610 : L 25 : T 2.2 sec
 - d_sub 400 : OOB 0.2622 : L 26 : T 2.3 sec
 - d_sub 400 : OOB 0.2539 : L 27 : T 2.4 sec
 - d_sub 400 : OOB 0.2595 : L 28 : T 2.5 sec
 - d_sub 400 : OOB 0.2561 : L 29 : T 2.6 sec
 - d_sub 400 : OOB 0.2568 : L 30 : T 2.7 sec
 - d_sub 400 : OOB 0.2606 : L 31 : T 2.7 sec
 - d_sub 400 : OOB 0.2414 : L 32 : T 2.8 sec
 - d_sub 400 : OOB 0.2407 : L 33 : T 2.9 sec
 - d_sub 400 : OOB 0.2439 : L 34 : T 3.0 sec
 - d_sub 400 : OOB 0.2443 : L 35 : T 3.0 sec
 - d_sub 400 : OOB 0.2462 : L 36 : T 3.1 sec
 - d_sub 400 : OOB 0.2418 : L 37 : T 3.2 sec
 - d_sub 400 : OOB 0.2427 : L 38 : T 3.3 sec
 - d_sub 400 : OOB 0.2422 : L 39 : T 3.4 sec
 - d_sub 400 : OOB 0.2404 : L 40 : T 3.5 sec
 - d_sub 400 : OOB 0.2424 : L 41 : T 3.6 sec
 - d_sub 400 : OOB 0.2431 : L 42 : T 3.7 sec
 - d_sub 400 : OOB 0.2289 : L 43 : T 3.8 sec
 - d_sub 400 : OOB 0.2292 : L 44 : T 3.9 sec
 - d_sub 400 : OOB 0.2295 : L 45 : T 4.0 sec
 - d_sub 400 : OOB 0.2296 : L 46 : T 4.0 sec
 - d_sub 400 : OOB 0.2364 : L 47 : T 4.1 sec
 - d_sub 400 : OOB 0.2189 : L 48 : T 4.2 sec
 - d_sub 400 : OOB 0.2237 : L 49 : T 4.3 sec
 - d_sub 400 : OOB 0.2234 : L 50 : T 4.4 sec
 - d_sub 400 : OOB 0.2176 : L 51 : T 4.5 sec
 - d_sub 400 : OOB 0.2215 : L 52 : T 4.6 sec
 - d_sub 400 : OOB 0.2117 : L 53 : T 4.7 sec
 - d_sub 400 : OOB 0.2136 : L 54 : T 4.8 sec
 - d_sub 400 : OOB 0.2142 : L 55 : T 4.9 sec
 - d_sub 400 : OOB 0.2132 : L 56 : T 5.0 sec
 - d_sub 400 : OOB 0.2119 : L 57 : T 5.1 sec
 - d_sub 400 : OOB 0.2083 : L 58 : T 5.2 sec
 - d_sub 400 : OOB 0.1998 : L 59 : T 5.3 sec
 - d_sub 400 : OOB 0.2030 : L 60 : T 5.4 sec
 - d_sub 400 : OOB 0.1988 : L 61 : T 5.5 sec
 - d_sub 400 : OOB 0.2019 : L 62 : T 5.6 sec
 - d_sub 400 : OOB 0.2021 : L 63 : T 5.7 sec
 - d_sub 400 : OOB 0.2012 : L 64 : T 5.7 sec
 - d_sub 400 : OOB 0.1978 : L 65 : T 5.8 sec
 - d_sub 400 : OOB 0.1954 : L 66 : T 5.9 sec
 - d_sub 400 : OOB 0.1942 : L 67 : T 6.0 sec
 - d_sub 400 : OOB 0.1980 : L 68 : T 6.1 sec
 - d_sub 400 : OOB 0.1973 : L 69 : T 6.2 sec
 - d_sub 400 : OOB 0.1980 : L 70 : T 6.3 sec
 - d_sub 400 : OOB 0.1988 : L 71 : T 6.4 sec
 - d_sub 400 : OOB 0.1969 : L 72 : T 6.5 sec
 - d_sub 400 : OOB 0.1991 : L 73 : T 6.6 sec
 - d_sub 400 : OOB 0.1970 : L 74 : T 6.7 sec
 - d_sub 400 : OOB 0.1993 : L 75 : T 6.7 sec
 - d_sub 400 : OOB 0.1963 : L 76 : T 6.8 sec
 - d_sub 400 : OOB 0.1949 : L 77 : T 6.9 sec
 - d_sub 400 : OOB 0.1965 : L 78 : T 7.0 sec
 - d_sub 400 : OOB 0.1913 : L 79 : T 7.1 sec
 - d_sub 400 : OOB 0.1929 : L 80 : T 7.1 sec
 - d_sub 400 : OOB 0.1902 : L 81 : T 7.2 sec
 - d_sub 400 : OOB 0.1888 : L 82 : T 7.3 sec
 - d_sub 400 : OOB 0.1896 : L 83 : T 7.4 sec
 - d_sub 400 : OOB 0.1904 : L 84 : T 7.5 sec
 - d_sub 400 : OOB 0.1890 : L 85 : T 7.5 sec
 - d_sub 400 : OOB 0.1920 : L 86 : T 7.6 sec
 - d_sub 400 : OOB 0.1903 : L 87 : T 7.7 sec
 - d_sub 400 : OOB 0.1911 : L 88 : T 7.8 sec
 - d_sub 400 : OOB 0.1880 : L 89 : T 7.8 sec
 - d_sub 400 : OOB 0.1877 : L 90 : T 7.9 sec
 - d_sub 400 : OOB 0.1868 : L 91 : T 8.0 sec
 - d_sub 400 : OOB 0.1889 : L 92 : T 8.1 sec
 - d_sub 400 : OOB 0.1893 : L 93 : T 8.1 sec
 - d_sub 400 : OOB 0.1831 : L 94 : T 8.2 sec
 - d_sub 400 : OOB 0.1839 : L 95 : T 8.3 sec
 - d_sub 400 : OOB 0.1855 : L 96 : T 8.3 sec
 - d_sub 400 : OOB 0.1847 : L 97 : T 8.4 sec
 - d_sub 400 : OOB 0.1855 : L 98 : T 8.5 sec
 - d_sub 400 : OOB 0.1837 : L 99 : T 8.6 sec
 - d_sub 400 : OOB 0.1835 : L 100 : T 8.6 sec
 - d_sub 400 : OOB 0.1851 : L 101 : T 8.7 sec
 - d_sub 400 : OOB 0.1861 : L 102 : T 8.8 sec
 - d_sub 400 : OOB 0.1865 : L 103 : T 8.8 sec
 - d_sub 400 : OOB 0.1834 : L 104 : T 8.9 sec
 - d_sub 400 : OOB 0.1825 : L 105 : T 9.0 sec
 - d_sub 400 : OOB 0.1830 : L 106 : T 9.1 sec
 - d_sub 400 : OOB 0.1816 : L 107 : T 9.1 sec
 - d_sub 400 : OOB 0.1839 : L 108 : T 9.2 sec
 - d_sub 400 : OOB 0.1833 : L 109 : T 9.3 sec
 - d_sub 400 : OOB 0.1840 : L 110 : T 9.3 sec
 - d_sub 400 : OOB 0.1838 : L 111 : T 9.4 sec
 - d_sub 400 : OOB 0.1839 : L 112 : T 9.5 sec
 - d_sub 400 : OOB 0.1845 : L 113 : T 9.6 sec
 - d_sub 400 : OOB 0.1830 : L 114 : T 9.6 sec
 - d_sub 400 : OOB 0.1817 : L 115 : T 9.7 sec
 - d_sub 400 : OOB 0.1826 : L 116 : T 9.8 sec
 - d_sub 400 : OOB 0.1837 : L 117 : T 9.8 sec
 - d_sub 400 : OOB 0.1820 : L 118 : T 9.9 sec
 - d_sub 400 : OOB 0.1815 : L 119 : T 10.0 sec
 - d_sub 400 : OOB 0.1829 : L 120 : T 10.0 sec
 - d_sub 400 : OOB 0.1833 : L 121 : T 10.1 sec
 - d_sub 400 : OOB 0.1843 : L 122 : T 10.2 sec
 - d_sub 400 : OOB 0.1845 : L 123 : T 10.3 sec
 - d_sub 400 : OOB 0.1809 : L 124 : T 10.3 sec
 - d_sub 400 : OOB 0.1821 : L 125 : T 10.4 sec
 - d_sub 400 : OOB 0.1825 : L 126 : T 10.5 sec
 - d_sub 400 : OOB 0.1829 : L 127 : T 10.5 sec
 - d_sub 400 : OOB 0.1830 : L 128 : T 10.6 sec
 - d_sub 400 : OOB 0.1827 : L 129 : T 10.7 sec
 - d_sub 400 : OOB 0.1829 : L 130 : T 10.8 sec
 - d_sub 400 : OOB 0.1829 : L 131 : T 10.8 sec
 - d_sub 400 : OOB 0.1817 : L 132 : T 10.9 sec
 - d_sub 400 : OOB 0.1828 : L 133 : T 11.0 sec
 - d_sub 400 : OOB 0.1820 : L 134 : T 11.0 sec
 - d_sub 400 : OOB 0.1839 : L 135 : T 11.1 sec
 - d_sub 400 : OOB 0.1819 : L 136 : T 11.2 sec
 - d_sub 400 : OOB 0.1816 : L 137 : T 11.3 sec
 - d_sub 400 : OOB 0.1831 : L 138 : T 11.3 sec
 - d_sub 400 : OOB 0.1818 : L 139 : T 11.4 sec

 - d_sub 600 : OOB 0.5020 : L 1 : T 0.1 sec
 - d_sub 600 : OOB 0.4984 : L 2 : T 0.2 sec
 - d_sub 600 : OOB 0.5051 : L 3 : T 0.3 sec
 - d_sub 600 : OOB 0.5067 : L 4 : T 0.4 sec
 - d_sub 600 : OOB 0.5025 : L 5 : T 0.5 sec
 - d_sub 600 : OOB 0.5054 : L 6 : T 0.7 sec
 - d_sub 600 : OOB 0.5034 : L 7 : T 0.8 sec
 - d_sub 600 : OOB 0.5090 : L 8 : T 0.9 sec
 - d_sub 600 : OOB 0.5018 : L 9 : T 1.0 sec
 - d_sub 600 : OOB 0.4981 : L 10 : T 1.1 sec
 - d_sub 600 : OOB 0.4917 : L 11 : T 1.2 sec
 - d_sub 600 : OOB 0.4974 : L 12 : T 1.3 sec
 - d_sub 600 : OOB 0.5035 : L 13 : T 1.4 sec
 - d_sub 600 : OOB 0.4943 : L 14 : T 1.6 sec
 - d_sub 600 : OOB 0.4954 : L 15 : T 1.7 sec
 - d_sub 600 : OOB 0.4959 : L 16 : T 1.8 sec
 - d_sub 600 : OOB 0.4985 : L 17 : T 1.9 sec
 - d_sub 600 : OOB 0.5115 : L 18 : T 2.0 sec
 - d_sub 600 : OOB 0.3829 : L 19 : T 2.1 sec
 - d_sub 600 : OOB 0.3821 : L 20 : T 2.3 sec
 - d_sub 600 : OOB 0.3814 : L 21 : T 2.4 sec
 - d_sub 600 : OOB 0.3925 : L 22 : T 2.5 sec
 - d_sub 600 : OOB 0.3868 : L 23 : T 2.7 sec
 - d_sub 600 : OOB 0.3182 : L 24 : T 2.8 sec
 - d_sub 600 : OOB 0.3192 : L 25 : T 2.9 sec
 - d_sub 600 : OOB 0.2759 : L 26 : T 3.1 sec
 - d_sub 600 : OOB 0.2803 : L 27 : T 3.2 sec
 - d_sub 600 : OOB 0.2779 : L 28 : T 3.3 sec
 - d_sub 600 : OOB 0.2523 : L 29 : T 3.5 sec
 - d_sub 600 : OOB 0.2529 : L 30 : T 3.6 sec
 - d_sub 600 : OOB 0.2299 : L 31 : T 3.7 sec
 - d_sub 600 : OOB 0.2240 : L 32 : T 3.9 sec
 - d_sub 600 : OOB 0.2165 : L 33 : T 4.0 sec
 - d_sub 600 : OOB 0.2179 : L 34 : T 4.1 sec
 - d_sub 600 : OOB 0.2141 : L 35 : T 4.3 sec
 - d_sub 600 : OOB 0.2152 : L 36 : T 4.4 sec
 - d_sub 600 : OOB 0.2146 : L 37 : T 4.6 sec
 - d_sub 600 : OOB 0.2174 : L 38 : T 4.7 sec
 - d_sub 600 : OOB 0.2183 : L 39 : T 4.8 sec
 - d_sub 600 : OOB 0.2181 : L 40 : T 5.0 sec
 - d_sub 600 : OOB 0.2142 : L 41 : T 5.1 sec
 - d_sub 600 : OOB 0.2193 : L 42 : T 5.2 sec
 - d_sub 600 : OOB 0.2194 : L 43 : T 5.4 sec
 - d_sub 600 : OOB 0.2170 : L 44 : T 5.5 sec
 - d_sub 600 : OOB 0.2166 : L 45 : T 5.6 sec
 - d_sub 600 : OOB 0.2135 : L 46 : T 5.8 sec
 - d_sub 600 : OOB 0.2183 : L 47 : T 5.9 sec
 - d_sub 600 : OOB 0.2197 : L 48 : T 6.0 sec
 - d_sub 600 : OOB 0.2148 : L 49 : T 6.2 sec
 - d_sub 600 : OOB 0.2164 : L 50 : T 6.3 sec
 - d_sub 600 : OOB 0.2037 : L 51 : T 6.5 sec
 - d_sub 600 : OOB 0.2092 : L 52 : T 6.6 sec
 - d_sub 600 : OOB 0.2068 : L 53 : T 6.7 sec
 - d_sub 600 : OOB 0.2049 : L 54 : T 6.9 sec
 - d_sub 600 : OOB 0.2053 : L 55 : T 7.0 sec
 - d_sub 600 : OOB 0.2079 : L 56 : T 7.1 sec
 - d_sub 600 : OOB 0.2063 : L 57 : T 7.2 sec
 - d_sub 600 : OOB 0.2065 : L 58 : T 7.4 sec
 - d_sub 600 : OOB 0.2047 : L 59 : T 7.5 sec
 - d_sub 600 : OOB 0.2010 : L 60 : T 7.6 sec
 - d_sub 600 : OOB 0.1991 : L 61 : T 7.7 sec
 - d_sub 600 : OOB 0.2003 : L 62 : T 7.9 sec
 - d_sub 600 : OOB 0.1975 : L 63 : T 8.0 sec
 - d_sub 600 : OOB 0.1997 : L 64 : T 8.1 sec
 - d_sub 600 : OOB 0.1915 : L 65 : T 8.3 sec
 - d_sub 600 : OOB 0.1878 : L 66 : T 8.4 sec
 - d_sub 600 : OOB 0.1901 : L 67 : T 8.5 sec
 - d_sub 600 : OOB 0.1891 : L 68 : T 8.7 sec
 - d_sub 600 : OOB 0.1880 : L 69 : T 8.8 sec
 - d_sub 600 : OOB 0.1918 : L 70 : T 8.9 sec
 - d_sub 600 : OOB 0.1836 : L 71 : T 9.1 sec
 - d_sub 600 : OOB 0.1856 : L 72 : T 9.2 sec
 - d_sub 600 : OOB 0.1859 : L 73 : T 9.3 sec
 - d_sub 600 : OOB 0.1844 : L 74 : T 9.5 sec
 - d_sub 600 : OOB 0.1865 : L 75 : T 9.6 sec
 - d_sub 600 : OOB 0.1848 : L 76 : T 9.7 sec
 - d_sub 600 : OOB 0.1836 : L 77 : T 9.8 sec
 - d_sub 600 : OOB 0.1824 : L 78 : T 9.9 sec
 - d_sub 600 : OOB 0.1842 : L 79 : T 10.0 sec
 - d_sub 600 : OOB 0.1870 : L 80 : T 10.1 sec
 - d_sub 600 : OOB 0.1869 : L 81 : T 10.2 sec
 - d_sub 600 : OOB 0.1845 : L 82 : T 10.3 sec
 - d_sub 600 : OOB 0.1813 : L 83 : T 10.5 sec
 - d_sub 600 : OOB 0.1829 : L 84 : T 10.6 sec
 - d_sub 600 : OOB 0.1829 : L 85 : T 10.7 sec
 - d_sub 600 : OOB 0.1832 : L 86 : T 10.8 sec
 - d_sub 600 : OOB 0.1823 : L 87 : T 10.9 sec
 - d_sub 600 : OOB 0.1815 : L 88 : T 11.0 sec
 - d_sub 600 : OOB 0.1809 : L 89 : T 11.1 sec
 - d_sub 600 : OOB 0.1825 : L 90 : T 11.2 sec
 - d_sub 600 : OOB 0.1803 : L 91 : T 11.3 sec
 - d_sub 600 : OOB 0.1806 : L 92 : T 11.4 sec
 - d_sub 600 : OOB 0.1834 : L 93 : T 11.6 sec
 - d_sub 600 : OOB 0.1821 : L 94 : T 11.7 sec
 - d_sub 600 : OOB 0.1788 : L 95 : T 11.8 sec
 - d_sub 600 : OOB 0.1817 : L 96 : T 11.9 sec
 - d_sub 600 : OOB 0.1778 : L 97 : T 12.0 sec
 - d_sub 600 : OOB 0.1781 : L 98 : T 12.1 sec
 - d_sub 600 : OOB 0.1769 : L 99 : T 12.2 sec
 - d_sub 600 : OOB 0.1763 : L 100 : T 12.3 sec
 - d_sub 600 : OOB 0.1750 : L 101 : T 12.4 sec
 - d_sub 600 : OOB 0.1760 : L 102 : T 12.6 sec
 - d_sub 600 : OOB 0.1750 : L 103 : T 12.7 sec
 - d_sub 600 : OOB 0.1768 : L 104 : T 12.8 sec
 - d_sub 600 : OOB 0.1751 : L 105 : T 12.9 sec
 - d_sub 600 : OOB 0.1777 : L 106 : T 13.0 sec
 - d_sub 600 : OOB 0.1755 : L 107 : T 13.1 sec
 - d_sub 600 : OOB 0.1771 : L 108 : T 13.2 sec
 - d_sub 600 : OOB 0.1761 : L 109 : T 13.3 sec
 - d_sub 600 : OOB 0.1771 : L 110 : T 13.4 sec
 - d_sub 600 : OOB 0.1766 : L 111 : T 13.5 sec
 - d_sub 600 : OOB 0.1767 : L 112 : T 13.6 sec
 - d_sub 600 : OOB 0.1776 : L 113 : T 13.7 sec
 - d_sub 600 : OOB 0.1771 : L 114 : T 13.8 sec
 - d_sub 600 : OOB 0.1784 : L 115 : T 13.9 sec
 - d_sub 600 : OOB 0.1773 : L 116 : T 14.0 sec
 - d_sub 600 : OOB 0.1771 : L 117 : T 14.2 sec
 - d_sub 600 : OOB 0.1756 : L 118 : T 14.3 sec
 - d_sub 600 : OOB 0.1786 : L 119 : T 14.4 sec
 - d_sub 600 : OOB 0.1752 : L 120 : T 14.5 sec
 - d_sub 600 : OOB 0.1759 : L 121 : T 14.6 sec
 - d_sub 600 : OOB 0.1760 : L 122 : T 14.7 sec
 - d_sub 600 : OOB 0.1768 : L 123 : T 14.8 sec
 - d_sub 600 : OOB 0.1774 : L 124 : T 14.9 sec
 - d_sub 600 : OOB 0.1744 : L 125 : T 15.0 sec
 - d_sub 600 : OOB 0.1746 : L 126 : T 15.1 sec
 - d_sub 600 : OOB 0.1745 : L 127 : T 15.2 sec
 - d_sub 600 : OOB 0.1754 : L 128 : T 15.4 sec
 - d_sub 600 : OOB 0.1749 : L 129 : T 15.5 sec
 - d_sub 600 : OOB 0.1778 : L 130 : T 15.6 sec
 - d_sub 600 : OOB 0.1734 : L 131 : T 15.7 sec
 - d_sub 600 : OOB 0.1709 : L 132 : T 15.8 sec
 - d_sub 600 : OOB 0.1711 : L 133 : T 15.9 sec
 - d_sub 600 : OOB 0.1715 : L 134 : T 16.0 sec
 - d_sub 600 : OOB 0.1708 : L 135 : T 16.2 sec
 - d_sub 600 : OOB 0.1730 : L 136 : T 16.3 sec
 - d_sub 600 : OOB 0.1730 : L 137 : T 16.4 sec
 - d_sub 600 : OOB 0.1709 : L 138 : T 16.5 sec
 - d_sub 600 : OOB 0.1700 : L 139 : T 16.6 sec
 - d_sub 600 : OOB 0.1690 : L 140 : T 16.7 sec
 - d_sub 600 : OOB 0.1721 : L 141 : T 16.8 sec
 - d_sub 600 : OOB 0.1706 : L 142 : T 16.9 sec
 - d_sub 600 : OOB 0.1710 : L 143 : T 17.0 sec
 - d_sub 600 : OOB 0.1722 : L 144 : T 17.2 sec
 - d_sub 600 : OOB 0.1713 : L 145 : T 17.3 sec
 - d_sub 600 : OOB 0.1731 : L 146 : T 17.4 sec
 - d_sub 600 : OOB 0.1712 : L 147 : T 17.5 sec
 - d_sub 600 : OOB 0.1725 : L 148 : T 17.6 sec
 - d_sub 600 : OOB 0.1693 : L 149 : T 17.7 sec
 - d_sub 600 : OOB 0.1689 : L 150 : T 17.9 sec
 - d_sub 600 : OOB 0.1721 : L 151 : T 18.0 sec
 - d_sub 600 : OOB 0.1714 : L 152 : T 18.1 sec
 - d_sub 600 : OOB 0.1721 : L 153 : T 18.2 sec
 - d_sub 600 : OOB 0.1734 : L 154 : T 18.3 sec
 - d_sub 600 : OOB 0.1698 : L 155 : T 18.4 sec
 - d_sub 600 : OOB 0.1702 : L 156 : T 18.6 sec
 - d_sub 600 : OOB 0.1688 : L 157 : T 18.7 sec
 - d_sub 600 : OOB 0.1699 : L 158 : T 18.8 sec
 - d_sub 600 : OOB 0.1675 : L 159 : T 18.9 sec
 - d_sub 600 : OOB 0.1677 : L 160 : T 19.1 sec
 - d_sub 600 : OOB 0.1688 : L 161 : T 19.2 sec
 - d_sub 600 : OOB 0.1668 : L 162 : T 19.3 sec
 - d_sub 600 : OOB 0.1677 : L 163 : T 19.4 sec
 - d_sub 600 : OOB 0.1674 : L 164 : T 19.5 sec
 - d_sub 600 : OOB 0.1666 : L 165 : T 19.6 sec
 - d_sub 600 : OOB 0.1673 : L 166 : T 19.8 sec
 - d_sub 600 : OOB 0.1669 : L 167 : T 19.9 sec
 - d_sub 600 : OOB 0.1665 : L 168 : T 20.0 sec
 - d_sub 600 : OOB 0.1668 : L 169 : T 20.1 sec
 - d_sub 600 : OOB 0.1667 : L 170 : T 20.2 sec
 - d_sub 600 : OOB 0.1654 : L 171 : T 20.4 sec
 - d_sub 600 : OOB 0.1671 : L 172 : T 20.5 sec
 - d_sub 600 : OOB 0.1667 : L 173 : T 20.6 sec
 - d_sub 600 : OOB 0.1685 : L 174 : T 20.7 sec
 - d_sub 600 : OOB 0.1658 : L 175 : T 20.8 sec
 - d_sub 600 : OOB 0.1679 : L 176 : T 20.9 sec
 - d_sub 600 : OOB 0.1679 : L 177 : T 21.1 sec
 - d_sub 600 : OOB 0.1655 : L 178 : T 21.2 sec
 - d_sub 600 : OOB 0.1663 : L 179 : T 21.3 sec
 - d_sub 600 : OOB 0.1682 : L 180 : T 21.4 sec
 - d_sub 600 : OOB 0.1667 : L 181 : T 21.5 sec
 - d_sub 600 : OOB 0.1671 : L 182 : T 21.6 sec
 - d_sub 600 : OOB 0.1647 : L 183 : T 21.8 sec
 - d_sub 600 : OOB 0.1646 : L 184 : T 21.9 sec
 - d_sub 600 : OOB 0.1647 : L 185 : T 22.0 sec
 - d_sub 600 : OOB 0.1645 : L 186 : T 22.1 sec
 - d_sub 600 : OOB 0.1657 : L 187 : T 22.2 sec
 - d_sub 600 : OOB 0.1634 : L 188 : T 22.3 sec
 - d_sub 600 : OOB 0.1633 : L 189 : T 22.5 sec
 - d_sub 600 : OOB 0.1640 : L 190 : T 22.6 sec
 - d_sub 600 : OOB 0.1637 : L 191 : T 22.7 sec
 - d_sub 600 : OOB 0.1650 : L 192 : T 22.8 sec
 - d_sub 600 : OOB 0.1641 : L 193 : T 22.9 sec
 - d_sub 600 : OOB 0.1643 : L 194 : T 23.1 sec
 - d_sub 600 : OOB 0.1646 : L 195 : T 23.2 sec
 - d_sub 600 : OOB 0.1647 : L 196 : T 23.3 sec
 - d_sub 600 : OOB 0.1646 : L 197 : T 23.4 sec
 - d_sub 600 : OOB 0.1647 : L 198 : T 23.5 sec
 - d_sub 600 : OOB 0.1641 : L 199 : T 23.6 sec
 - d_sub 600 : OOB 0.1644 : L 200 : T 23.7 sec
 - d_sub 600 : OOB 0.1637 : L 201 : T 23.8 sec
 - d_sub 600 : OOB 0.1642 : L 202 : T 23.9 sec
 - d_sub 600 : OOB 0.1650 : L 203 : T 24.0 sec
 - d_sub 600 : OOB 0.1644 : L 204 : T 24.2 sec
 - d_sub 600 : OOB 0.1643 : L 205 : T 24.3 sec

 - d_sub 800 : OOB 0.5020 : L 1 : T 0.1 sec
 - d_sub 800 : OOB 0.4983 : L 2 : T 0.3 sec
 - d_sub 800 : OOB 0.5052 : L 3 : T 0.4 sec
 - d_sub 800 : OOB 0.5067 : L 4 : T 0.6 sec
 - d_sub 800 : OOB 0.5028 : L 5 : T 0.8 sec
 - d_sub 800 : OOB 0.5055 : L 6 : T 0.9 sec
 - d_sub 800 : OOB 0.3828 : L 7 : T 1.1 sec
 - d_sub 800 : OOB 0.3855 : L 8 : T 1.2 sec
 - d_sub 800 : OOB 0.3187 : L 9 : T 1.4 sec
 - d_sub 800 : OOB 0.2770 : L 10 : T 1.5 sec
 - d_sub 800 : OOB 0.2777 : L 11 : T 1.7 sec
 - d_sub 800 : OOB 0.2780 : L 12 : T 1.8 sec
 - d_sub 800 : OOB 0.2743 : L 13 : T 2.0 sec
 - d_sub 800 : OOB 0.2499 : L 14 : T 2.2 sec
 - d_sub 800 : OOB 0.2479 : L 15 : T 2.3 sec
 - d_sub 800 : OOB 0.2467 : L 16 : T 2.5 sec
 - d_sub 800 : OOB 0.2481 : L 17 : T 2.6 sec
 - d_sub 800 : OOB 0.2491 : L 18 : T 2.8 sec
 - d_sub 800 : OOB 0.2515 : L 19 : T 2.9 sec
 - d_sub 800 : OOB 0.2429 : L 20 : T 3.1 sec
 - d_sub 800 : OOB 0.2459 : L 21 : T 3.2 sec
 - d_sub 800 : OOB 0.2460 : L 22 : T 3.4 sec
 - d_sub 800 : OOB 0.2255 : L 23 : T 3.5 sec
 - d_sub 800 : OOB 0.2106 : L 24 : T 3.7 sec
 - d_sub 800 : OOB 0.2034 : L 25 : T 3.8 sec
 - d_sub 800 : OOB 0.2039 : L 26 : T 4.0 sec
 - d_sub 800 : OOB 0.2032 : L 27 : T 4.2 sec
 - d_sub 800 : OOB 0.2019 : L 28 : T 4.3 sec
 - d_sub 800 : OOB 0.1993 : L 29 : T 4.5 sec
 - d_sub 800 : OOB 0.1894 : L 30 : T 4.7 sec
 - d_sub 800 : OOB 0.1923 : L 31 : T 4.8 sec
 - d_sub 800 : OOB 0.1935 : L 32 : T 5.0 sec
 - d_sub 800 : OOB 0.1924 : L 33 : T 5.2 sec
 - d_sub 800 : OOB 0.1858 : L 34 : T 5.3 sec
 - d_sub 800 : OOB 0.1782 : L 35 : T 5.5 sec
 - d_sub 800 : OOB 0.1782 : L 36 : T 5.7 sec
 - d_sub 800 : OOB 0.1802 : L 37 : T 5.9 sec
 - d_sub 800 : OOB 0.1801 : L 38 : T 6.0 sec
 - d_sub 800 : OOB 0.1782 : L 39 : T 6.2 sec
 - d_sub 800 : OOB 0.1781 : L 40 : T 6.4 sec
 - d_sub 800 : OOB 0.1781 : L 41 : T 6.6 sec
 - d_sub 800 : OOB 0.1790 : L 42 : T 6.7 sec
 - d_sub 800 : OOB 0.1797 : L 43 : T 6.9 sec
 - d_sub 800 : OOB 0.1797 : L 44 : T 7.0 sec
 - d_sub 800 : OOB 0.1806 : L 45 : T 7.2 sec
 - d_sub 800 : OOB 0.1788 : L 46 : T 7.4 sec
 - d_sub 800 : OOB 0.1782 : L 47 : T 7.6 sec
 - d_sub 800 : OOB 0.1809 : L 48 : T 7.7 sec
 - d_sub 800 : OOB 0.1793 : L 49 : T 7.9 sec
 - d_sub 800 : OOB 0.1795 : L 50 : T 8.1 sec
 - d_sub 800 : OOB 0.1780 : L 51 : T 8.3 sec
 - d_sub 800 : OOB 0.1734 : L 52 : T 8.4 sec
 - d_sub 800 : OOB 0.1763 : L 53 : T 8.6 sec
 - d_sub 800 : OOB 0.1747 : L 54 : T 8.8 sec
 - d_sub 800 : OOB 0.1756 : L 55 : T 8.9 sec
 - d_sub 800 : OOB 0.1758 : L 56 : T 9.1 sec
 - d_sub 800 : OOB 0.1785 : L 57 : T 9.3 sec
 - d_sub 800 : OOB 0.1757 : L 58 : T 9.5 sec
 - d_sub 800 : OOB 0.1761 : L 59 : T 9.6 sec
 - d_sub 800 : OOB 0.1724 : L 60 : T 9.8 sec
 - d_sub 800 : OOB 0.1755 : L 61 : T 10.0 sec
 - d_sub 800 : OOB 0.1790 : L 62 : T 10.2 sec
 - d_sub 800 : OOB 0.1743 : L 63 : T 10.3 sec
 - d_sub 800 : OOB 0.1766 : L 64 : T 10.5 sec
 - d_sub 800 : OOB 0.1788 : L 65 : T 10.7 sec
 - d_sub 800 : OOB 0.1761 : L 66 : T 10.8 sec
 - d_sub 800 : OOB 0.1756 : L 67 : T 11.0 sec
 - d_sub 800 : OOB 0.1765 : L 68 : T 11.1 sec
 - d_sub 800 : OOB 0.1732 : L 69 : T 11.3 sec
 - d_sub 800 : OOB 0.1750 : L 70 : T 11.4 sec
 - d_sub 800 : OOB 0.1744 : L 71 : T 11.6 sec
 - d_sub 800 : OOB 0.1734 : L 72 : T 11.8 sec
 - d_sub 800 : OOB 0.1728 : L 73 : T 11.9 sec
 - d_sub 800 : OOB 0.1716 : L 74 : T 12.1 sec
 - d_sub 800 : OOB 0.1718 : L 75 : T 12.2 sec
 - d_sub 800 : OOB 0.1726 : L 76 : T 12.4 sec
 - d_sub 800 : OOB 0.1744 : L 77 : T 12.6 sec
 - d_sub 800 : OOB 0.1749 : L 78 : T 12.7 sec
 - d_sub 800 : OOB 0.1745 : L 79 : T 12.8 sec
 - d_sub 800 : OOB 0.1688 : L 80 : T 13.0 sec
 - d_sub 800 : OOB 0.1664 : L 81 : T 13.1 sec
 - d_sub 800 : OOB 0.1702 : L 82 : T 13.3 sec
 - d_sub 800 : OOB 0.1701 : L 83 : T 13.4 sec
 - d_sub 800 : OOB 0.1684 : L 84 : T 13.6 sec
 - d_sub 800 : OOB 0.1655 : L 85 : T 13.7 sec
 - d_sub 800 : OOB 0.1656 : L 86 : T 13.9 sec
 - d_sub 800 : OOB 0.1669 : L 87 : T 14.0 sec
 - d_sub 800 : OOB 0.1663 : L 88 : T 14.2 sec
 - d_sub 800 : OOB 0.1669 : L 89 : T 14.3 sec
 - d_sub 800 : OOB 0.1666 : L 90 : T 14.5 sec
 - d_sub 800 : OOB 0.1660 : L 91 : T 14.7 sec
 - d_sub 800 : OOB 0.1653 : L 92 : T 14.8 sec
 - d_sub 800 : OOB 0.1652 : L 93 : T 15.0 sec
 - d_sub 800 : OOB 0.1636 : L 94 : T 15.1 sec
 - d_sub 800 : OOB 0.1623 : L 95 : T 15.3 sec
 - d_sub 800 : OOB 0.1631 : L 96 : T 15.4 sec
 - d_sub 800 : OOB 0.1613 : L 97 : T 15.6 sec
 - d_sub 800 : OOB 0.1631 : L 98 : T 15.8 sec
 - d_sub 800 : OOB 0.1624 : L 99 : T 15.9 sec
 - d_sub 800 : OOB 0.1609 : L 100 : T 16.0 sec
 - d_sub 800 : OOB 0.1609 : L 101 : T 16.2 sec
 - d_sub 800 : OOB 0.1616 : L 102 : T 16.3 sec
 - d_sub 800 : OOB 0.1593 : L 103 : T 16.5 sec
 - d_sub 800 : OOB 0.1595 : L 104 : T 16.6 sec
 - d_sub 800 : OOB 0.1605 : L 105 : T 16.8 sec
 - d_sub 800 : OOB 0.1598 : L 106 : T 16.9 sec
 - d_sub 800 : OOB 0.1601 : L 107 : T 17.1 sec
 - d_sub 800 : OOB 0.1597 : L 108 : T 17.2 sec
 - d_sub 800 : OOB 0.1598 : L 109 : T 17.4 sec
 - d_sub 800 : OOB 0.1605 : L 110 : T 17.5 sec
 - d_sub 800 : OOB 0.1591 : L 111 : T 17.7 sec
 - d_sub 800 : OOB 0.1592 : L 112 : T 17.8 sec
 - d_sub 800 : OOB 0.1590 : L 113 : T 18.0 sec
 - d_sub 800 : OOB 0.1594 : L 114 : T 18.1 sec
 - d_sub 800 : OOB 0.1585 : L 115 : T 18.3 sec
 - d_sub 800 : OOB 0.1584 : L 116 : T 18.5 sec
 - d_sub 800 : OOB 0.1583 : L 117 : T 18.6 sec
 - d_sub 800 : OOB 0.1589 : L 118 : T 18.8 sec
 - d_sub 800 : OOB 0.1594 : L 119 : T 18.9 sec
 - d_sub 800 : OOB 0.1592 : L 120 : T 19.1 sec
 - d_sub 800 : OOB 0.1590 : L 121 : T 19.2 sec
 - d_sub 800 : OOB 0.1597 : L 122 : T 19.4 sec
 - d_sub 800 : OOB 0.1588 : L 123 : T 19.6 sec
 - d_sub 800 : OOB 0.1580 : L 124 : T 19.7 sec
 - d_sub 800 : OOB 0.1567 : L 125 : T 19.9 sec
 - d_sub 800 : OOB 0.1604 : L 126 : T 20.0 sec
 - d_sub 800 : OOB 0.1580 : L 127 : T 20.2 sec
 - d_sub 800 : OOB 0.1585 : L 128 : T 20.3 sec
 - d_sub 800 : OOB 0.1591 : L 129 : T 20.5 sec
 - d_sub 800 : OOB 0.1602 : L 130 : T 20.7 sec
 - d_sub 800 : OOB 0.1609 : L 131 : T 20.8 sec
 - d_sub 800 : OOB 0.1598 : L 132 : T 21.0 sec
 - d_sub 800 : OOB 0.1590 : L 133 : T 21.1 sec
 - d_sub 800 : OOB 0.1579 : L 134 : T 21.3 sec
 - d_sub 800 : OOB 0.1566 : L 135 : T 21.4 sec
 - d_sub 800 : OOB 0.1586 : L 136 : T 21.6 sec
 - d_sub 800 : OOB 0.1585 : L 137 : T 21.7 sec
 - d_sub 800 : OOB 0.1592 : L 138 : T 21.9 sec
 - d_sub 800 : OOB 0.1591 : L 139 : T 22.1 sec
 - d_sub 800 : OOB 0.1584 : L 140 : T 22.2 sec
 - d_sub 800 : OOB 0.1596 : L 141 : T 22.4 sec
 - d_sub 800 : OOB 0.1579 : L 142 : T 22.5 sec

 - d_sub 1000 : OOB 0.5021 : L 1 : T 0.2 sec
 - d_sub 1000 : OOB 0.4983 : L 2 : T 0.4 sec
 - d_sub 1000 : OOB 0.5052 : L 3 : T 0.6 sec
 - d_sub 1000 : OOB 0.5066 : L 4 : T 0.8 sec
 - d_sub 1000 : OOB 0.5026 : L 5 : T 1.1 sec
 - d_sub 1000 : OOB 0.3871 : L 6 : T 1.3 sec
 - d_sub 1000 : OOB 0.3885 : L 7 : T 1.5 sec
 - d_sub 1000 : OOB 0.3206 : L 8 : T 1.7 sec
 - d_sub 1000 : OOB 0.3191 : L 9 : T 2.0 sec
 - d_sub 1000 : OOB 0.3201 : L 10 : T 2.2 sec
 - d_sub 1000 : OOB 0.3210 : L 11 : T 2.4 sec
 - d_sub 1000 : OOB 0.3221 : L 12 : T 2.6 sec
 - d_sub 1000 : OOB 0.2732 : L 13 : T 2.9 sec
 - d_sub 1000 : OOB 0.2678 : L 14 : T 3.1 sec
 - d_sub 1000 : OOB 0.2442 : L 15 : T 3.3 sec
 - d_sub 1000 : OOB 0.2232 : L 16 : T 3.5 sec
 - d_sub 1000 : OOB 0.2167 : L 17 : T 3.8 sec
 - d_sub 1000 : OOB 0.2180 : L 18 : T 4.0 sec
 - d_sub 1000 : OOB 0.2216 : L 19 : T 4.2 sec
 - d_sub 1000 : OOB 0.2217 : L 20 : T 4.4 sec
 - d_sub 1000 : OOB 0.2244 : L 21 : T 4.6 sec
 - d_sub 1000 : OOB 0.2205 : L 22 : T 4.8 sec
 - d_sub 1000 : OOB 0.2199 : L 23 : T 5.0 sec
 - d_sub 1000 : OOB 0.2187 : L 24 : T 5.2 sec
 - d_sub 1000 : OOB 0.2205 : L 25 : T 5.4 sec
 - d_sub 1000 : OOB 0.2030 : L 26 : T 5.7 sec
 - d_sub 1000 : OOB 0.2030 : L 27 : T 5.9 sec
 - d_sub 1000 : OOB 0.2014 : L 28 : T 6.1 sec
 - d_sub 1000 : OOB 0.1974 : L 29 : T 6.3 sec
 - d_sub 1000 : OOB 0.2038 : L 30 : T 6.5 sec
 - d_sub 1000 : OOB 0.2025 : L 31 : T 6.7 sec
 - d_sub 1000 : OOB 0.2011 : L 32 : T 6.9 sec
 - d_sub 1000 : OOB 0.2027 : L 33 : T 7.1 sec
 - d_sub 1000 : OOB 0.2023 : L 34 : T 7.3 sec
 - d_sub 1000 : OOB 0.2023 : L 35 : T 7.5 sec
 - d_sub 1000 : OOB 0.2049 : L 36 : T 7.7 sec
 - d_sub 1000 : OOB 0.2028 : L 37 : T 7.9 sec
 - d_sub 1000 : OOB 0.2027 : L 38 : T 8.1 sec
 - d_sub 1000 : OOB 0.2023 : L 39 : T 8.3 sec
 - d_sub 1000 : OOB 0.2026 : L 40 : T 8.5 sec
 - d_sub 1000 : OOB 0.2026 : L 41 : T 8.7 sec
 - d_sub 1000 : OOB 0.2049 : L 42 : T 8.9 sec
 - d_sub 1000 : OOB 0.1910 : L 43 : T 9.1 sec
 - d_sub 1000 : OOB 0.1926 : L 44 : T 9.3 sec
 - d_sub 1000 : OOB 0.1937 : L 45 : T 9.5 sec
 - d_sub 1000 : OOB 0.1894 : L 46 : T 9.8 sec
 - d_sub 1000 : OOB 0.1945 : L 47 : T 10.0 sec
 - d_sub 1000 : OOB 0.1925 : L 48 : T 10.2 sec
 - d_sub 1000 : OOB 0.1949 : L 49 : T 10.4 sec
 - d_sub 1000 : OOB 0.1927 : L 50 : T 10.6 sec
 - d_sub 1000 : OOB 0.1905 : L 51 : T 10.8 sec
 - d_sub 1000 : OOB 0.1977 : L 52 : T 11.1 sec
 - d_sub 1000 : OOB 0.1828 : L 53 : T 11.3 sec
 - d_sub 1000 : OOB 0.1862 : L 54 : T 11.5 sec
 - d_sub 1000 : OOB 0.1840 : L 55 : T 11.7 sec
 - d_sub 1000 : OOB 0.1832 : L 56 : T 12.0 sec
 - d_sub 1000 : OOB 0.1846 : L 57 : T 12.2 sec
 - d_sub 1000 : OOB 0.1792 : L 58 : T 12.4 sec
 - d_sub 1000 : OOB 0.1799 : L 59 : T 12.6 sec
 - d_sub 1000 : OOB 0.1790 : L 60 : T 12.8 sec
 - d_sub 1000 : OOB 0.1798 : L 61 : T 13.1 sec
 - d_sub 1000 : OOB 0.1782 : L 62 : T 13.3 sec
 - d_sub 1000 : OOB 0.1792 : L 63 : T 13.5 sec
 - d_sub 1000 : OOB 0.1771 : L 64 : T 13.7 sec
 - d_sub 1000 : OOB 0.1791 : L 65 : T 13.9 sec
 - d_sub 1000 : OOB 0.1809 : L 66 : T 14.1 sec
 - d_sub 1000 : OOB 0.1759 : L 67 : T 14.4 sec
 - d_sub 1000 : OOB 0.1788 : L 68 : T 14.6 sec
 - d_sub 1000 : OOB 0.1769 : L 69 : T 14.8 sec
 - d_sub 1000 : OOB 0.1766 : L 70 : T 15.0 sec
 - d_sub 1000 : OOB 0.1762 : L 71 : T 15.2 sec
 - d_sub 1000 : OOB 0.1767 : L 72 : T 15.4 sec
 - d_sub 1000 : OOB 0.1757 : L 73 : T 15.7 sec
 - d_sub 1000 : OOB 0.1737 : L 74 : T 15.9 sec
 - d_sub 1000 : OOB 0.1754 : L 75 : T 16.1 sec
 - d_sub 1000 : OOB 0.1746 : L 76 : T 16.3 sec
 - d_sub 1000 : OOB 0.1729 : L 77 : T 16.5 sec
 - d_sub 1000 : OOB 0.1760 : L 78 : T 16.8 sec
 - d_sub 1000 : OOB 0.1771 : L 79 : T 17.0 sec
 - d_sub 1000 : OOB 0.1776 : L 80 : T 17.2 sec
 - d_sub 1000 : OOB 0.1754 : L 81 : T 17.4 sec
 - d_sub 1000 : OOB 0.1745 : L 82 : T 17.6 sec
 - d_sub 1000 : OOB 0.1762 : L 83 : T 17.8 sec
 - d_sub 1000 : OOB 0.1723 : L 84 : T 18.0 sec
 - d_sub 1000 : OOB 0.1768 : L 85 : T 18.3 sec
 - d_sub 1000 : OOB 0.1684 : L 86 : T 18.5 sec
 - d_sub 1000 : OOB 0.1709 : L 87 : T 18.7 sec
 - d_sub 1000 : OOB 0.1700 : L 88 : T 18.9 sec
 - d_sub 1000 : OOB 0.1666 : L 89 : T 19.1 sec
 - d_sub 1000 : OOB 0.1679 : L 90 : T 19.3 sec
 - d_sub 1000 : OOB 0.1694 : L 91 : T 19.6 sec
 - d_sub 1000 : OOB 0.1677 : L 92 : T 19.8 sec
 - d_sub 1000 : OOB 0.1718 : L 93 : T 20.0 sec
 - d_sub 1000 : OOB 0.1682 : L 94 : T 20.2 sec
 - d_sub 1000 : OOB 0.1683 : L 95 : T 20.4 sec
 - d_sub 1000 : OOB 0.1705 : L 96 : T 20.6 sec
 - d_sub 1000 : OOB 0.1679 : L 97 : T 20.8 sec
 - d_sub 1000 : OOB 0.1695 : L 98 : T 21.0 sec
 - d_sub 1000 : OOB 0.1685 : L 99 : T 21.2 sec
 - d_sub 1000 : OOB 0.1687 : L 100 : T 21.4 sec
 - d_sub 1000 : OOB 0.1685 : L 101 : T 21.6 sec
 - d_sub 1000 : OOB 0.1699 : L 102 : T 21.8 sec
 - d_sub 1000 : OOB 0.1675 : L 103 : T 22.1 sec
 - d_sub 1000 : OOB 0.1701 : L 104 : T 22.3 sec
 - d_sub 1000 : OOB 0.1677 : L 105 : T 22.5 sec
 - d_sub 1000 : OOB 0.1679 : L 106 : T 22.7 sec
 - d_sub 1000 : OOB 0.1692 : L 107 : T 22.9 sec
 - d_sub 1000 : OOB 0.1700 : L 108 : T 23.1 sec
 - d_sub 1000 : OOB 0.1696 : L 109 : T 23.3 sec
 - d_sub 1000 : OOB 0.1669 : L 110 : T 23.5 sec
 - d_sub 1000 : OOB 0.1671 : L 111 : T 23.7 sec
 - d_sub 1000 : OOB 0.1684 : L 112 : T 23.9 sec
 - d_sub 1000 : OOB 0.1692 : L 113 : T 24.1 sec
 - d_sub 1000 : OOB 0.1687 : L 114 : T 24.4 sec
 - d_sub 1000 : OOB 0.1647 : L 115 : T 24.6 sec
 - d_sub 1000 : OOB 0.1679 : L 116 : T 24.8 sec
 - d_sub 1000 : OOB 0.1685 : L 117 : T 25.0 sec
 - d_sub 1000 : OOB 0.1692 : L 118 : T 25.2 sec
 - d_sub 1000 : OOB 0.1683 : L 119 : T 25.5 sec
 - d_sub 1000 : OOB 0.1701 : L 120 : T 25.7 sec
 - d_sub 1000 : OOB 0.1698 : L 121 : T 25.9 sec
 - d_sub 1000 : OOB 0.1656 : L 122 : T 26.1 sec
 - d_sub 1000 : OOB 0.1644 : L 123 : T 26.4 sec
 - d_sub 1000 : OOB 0.1640 : L 124 : T 26.6 sec
 - d_sub 1000 : OOB 0.1630 : L 125 : T 26.9 sec
 - d_sub 1000 : OOB 0.1632 : L 126 : T 27.1 sec
 - d_sub 1000 : OOB 0.1653 : L 127 : T 27.3 sec
 - d_sub 1000 : OOB 0.1634 : L 128 : T 27.5 sec
 - d_sub 1000 : OOB 0.1617 : L 129 : T 27.7 sec
 - d_sub 1000 : OOB 0.1616 : L 130 : T 28.0 sec
 - d_sub 1000 : OOB 0.1630 : L 131 : T 28.2 sec
 - d_sub 1000 : OOB 0.1631 : L 132 : T 28.4 sec
 - d_sub 1000 : OOB 0.1619 : L 133 : T 28.7 sec
 - d_sub 1000 : OOB 0.1623 : L 134 : T 28.9 sec
 - d_sub 1000 : OOB 0.1634 : L 135 : T 29.1 sec
 - d_sub 1000 : OOB 0.1619 : L 136 : T 29.3 sec
 - d_sub 1000 : OOB 0.1625 : L 137 : T 29.5 sec
 - d_sub 1000 : OOB 0.1625 : L 138 : T 29.7 sec
 - d_sub 1000 : OOB 0.1630 : L 139 : T 29.9 sec
 - d_sub 1000 : OOB 0.1628 : L 140 : T 30.1 sec
 - d_sub 1000 : OOB 0.1600 : L 141 : T 30.3 sec
 - d_sub 1000 : OOB 0.1602 : L 142 : T 30.5 sec
 - d_sub 1000 : OOB 0.1604 : L 143 : T 30.7 sec
 - d_sub 1000 : OOB 0.1608 : L 144 : T 30.9 sec
 - d_sub 1000 : OOB 0.1587 : L 145 : T 31.2 sec
 - d_sub 1000 : OOB 0.1615 : L 146 : T 31.4 sec
 - d_sub 1000 : OOB 0.1613 : L 147 : T 31.6 sec
 - d_sub 1000 : OOB 0.1595 : L 148 : T 31.8 sec
 - d_sub 1000 : OOB 0.1594 : L 149 : T 32.0 sec
 - d_sub 1000 : OOB 0.1598 : L 150 : T 32.2 sec
 - d_sub 1000 : OOB 0.1579 : L 151 : T 32.4 sec
 - d_sub 1000 : OOB 0.1611 : L 152 : T 32.6 sec
 - d_sub 1000 : OOB 0.1574 : L 153 : T 32.8 sec
 - d_sub 1000 : OOB 0.1594 : L 154 : T 33.0 sec
 - d_sub 1000 : OOB 0.1564 : L 155 : T 33.2 sec
 - d_sub 1000 : OOB 0.1587 : L 156 : T 33.4 sec
 - d_sub 1000 : OOB 0.1589 : L 157 : T 33.6 sec
 - d_sub 1000 : OOB 0.1592 : L 158 : T 33.8 sec
 - d_sub 1000 : OOB 0.1583 : L 159 : T 34.0 sec
 - d_sub 1000 : OOB 0.1592 : L 160 : T 34.2 sec
 - d_sub 1000 : OOB 0.1580 : L 161 : T 34.4 sec
 - d_sub 1000 : OOB 0.1583 : L 162 : T 34.6 sec
 - d_sub 1000 : OOB 0.1586 : L 163 : T 34.8 sec
 - d_sub 1000 : OOB 0.1587 : L 164 : T 35.0 sec
 - d_sub 1000 : OOB 0.1577 : L 165 : T 35.2 sec
 - d_sub 1000 : OOB 0.1600 : L 166 : T 35.4 sec
 - d_sub 1000 : OOB 0.1577 : L 167 : T 35.6 sec
 - d_sub 1000 : OOB 0.1558 : L 168 : T 35.8 sec
 - d_sub 1000 : OOB 0.1566 : L 169 : T 36.0 sec
 - d_sub 1000 : OOB 0.1571 : L 170 : T 36.3 sec
 - d_sub 1000 : OOB 0.1577 : L 171 : T 36.5 sec
 - d_sub 1000 : OOB 0.1596 : L 172 : T 36.7 sec
 - d_sub 1000 : OOB 0.1561 : L 173 : T 37.0 sec
 - d_sub 1000 : OOB 0.1578 : L 174 : T 37.2 sec
 - d_sub 1000 : OOB 0.1572 : L 175 : T 37.4 sec
 - d_sub 1000 : OOB 0.1567 : L 176 : T 37.7 sec
 - d_sub 1000 : OOB 0.1575 : L 177 : T 37.9 sec
 - d_sub 1000 : OOB 0.1580 : L 178 : T 38.1 sec
 - d_sub 1000 : OOB 0.1575 : L 179 : T 38.4 sec
 - d_sub 1000 : OOB 0.1567 : L 180 : T 38.6 sec
 - d_sub 1000 : OOB 0.1566 : L 181 : T 38.9 sec
 - d_sub 1000 : OOB 0.1580 : L 182 : T 39.1 sec
 - d_sub 1000 : OOB 0.1585 : L 183 : T 39.4 sec
 - d_sub 1000 : OOB 0.1577 : L 184 : T 39.7 sec
 - d_sub 1000 : OOB 0.1587 : L 185 : T 39.9 sec
 - d_sub 1000 : OOB 0.1583 : L 186 : T 40.2 sec
 - d_sub 1000 : OOB 0.1578 : L 187 : T 40.4 sec

 - d_sub 1200 : OOB 0.5020 : L 1 : T 0.3 sec
 - d_sub 1200 : OOB 0.4983 : L 2 : T 0.6 sec
 - d_sub 1200 : OOB 0.5051 : L 3 : T 0.9 sec
 - d_sub 1200 : OOB 0.5065 : L 4 : T 1.2 sec
 - d_sub 1200 : OOB 0.3853 : L 5 : T 1.5 sec
 - d_sub 1200 : OOB 0.3918 : L 6 : T 1.8 sec
 - d_sub 1200 : OOB 0.3865 : L 7 : T 2.1 sec
 - d_sub 1200 : OOB 0.3921 : L 8 : T 2.4 sec
 - d_sub 1200 : OOB 0.3879 : L 9 : T 2.8 sec
 - d_sub 1200 : OOB 0.3969 : L 10 : T 3.1 sec
 - d_sub 1200 : OOB 0.3901 : L 11 : T 3.4 sec
 - d_sub 1200 : OOB 0.3880 : L 12 : T 3.6 sec
 - d_sub 1200 : OOB 0.3261 : L 13 : T 4.0 sec
 - d_sub 1200 : OOB 0.3224 : L 14 : T 4.3 sec
 - d_sub 1200 : OOB 0.3239 : L 15 : T 4.6 sec
 - d_sub 1200 : OOB 0.3193 : L 16 : T 4.9 sec
 - d_sub 1200 : OOB 0.2784 : L 17 : T 5.2 sec
 - d_sub 1200 : OOB 0.2785 : L 18 : T 5.5 sec
 - d_sub 1200 : OOB 0.2697 : L 19 : T 5.8 sec
 - d_sub 1200 : OOB 0.2731 : L 20 : T 6.2 sec
 - d_sub 1200 : OOB 0.2770 : L 21 : T 6.4 sec
 - d_sub 1200 : OOB 0.2713 : L 22 : T 6.7 sec
 - d_sub 1200 : OOB 0.2775 : L 23 : T 7.0 sec
 - d_sub 1200 : OOB 0.2780 : L 24 : T 7.2 sec
 - d_sub 1200 : OOB 0.2789 : L 25 : T 7.5 sec
 - d_sub 1200 : OOB 0.2760 : L 26 : T 7.8 sec
 - d_sub 1200 : OOB 0.2756 : L 27 : T 8.1 sec
 - d_sub 1200 : OOB 0.2759 : L 28 : T 8.3 sec
 - d_sub 1200 : OOB 0.2801 : L 29 : T 8.6 sec
 - d_sub 1200 : OOB 0.2741 : L 30 : T 8.9 sec
 - d_sub 1200 : OOB 0.2781 : L 31 : T 9.2 sec
 - d_sub 1200 : OOB 0.2775 : L 32 : T 9.4 sec
 - d_sub 1200 : OOB 0.2736 : L 33 : T 9.7 sec
 - d_sub 1200 : OOB 0.2771 : L 34 : T 10.0 sec
 - d_sub 1200 : OOB 0.2776 : L 35 : T 10.3 sec
 - d_sub 1200 : OOB 0.2767 : L 36 : T 10.6 sec
 - d_sub 1200 : OOB 0.2445 : L 37 : T 10.8 sec
 - d_sub 1200 : OOB 0.2465 : L 38 : T 11.1 sec
 - d_sub 1200 : OOB 0.2468 : L 39 : T 11.4 sec
 - d_sub 1200 : OOB 0.2477 : L 40 : T 11.7 sec
 - d_sub 1200 : OOB 0.2473 : L 41 : T 12.0 sec
 - d_sub 1200 : OOB 0.2486 : L 42 : T 12.3 sec
 - d_sub 1200 : OOB 0.2464 : L 43 : T 12.6 sec
 - d_sub 1200 : OOB 0.2454 : L 44 : T 12.9 sec
 - d_sub 1200 : OOB 0.2484 : L 45 : T 13.2 sec
 - d_sub 1200 : OOB 0.2468 : L 46 : T 13.4 sec
 - d_sub 1200 : OOB 0.2441 : L 47 : T 13.7 sec
 - d_sub 1200 : OOB 0.2416 : L 48 : T 14.0 sec
 - d_sub 1200 : OOB 0.2432 : L 49 : T 14.3 sec
 - d_sub 1200 : OOB 0.2418 : L 50 : T 14.6 sec
 - d_sub 1200 : OOB 0.2462 : L 51 : T 14.9 sec
 - d_sub 1200 : OOB 0.2490 : L 52 : T 15.3 sec
 - d_sub 1200 : OOB 0.2225 : L 53 : T 15.6 sec
 - d_sub 1200 : OOB 0.2239 : L 54 : T 15.9 sec
 - d_sub 1200 : OOB 0.2026 : L 55 : T 16.2 sec
 - d_sub 1200 : OOB 0.2058 : L 56 : T 16.6 sec
 - d_sub 1200 : OOB 0.2071 : L 57 : T 16.9 sec
 - d_sub 1200 : OOB 0.2057 : L 58 : T 17.2 sec
 - d_sub 1200 : OOB 0.1938 : L 59 : T 17.6 sec
 - d_sub 1200 : OOB 0.1955 : L 60 : T 17.9 sec
 - d_sub 1200 : OOB 0.1875 : L 61 : T 18.2 sec
 - d_sub 1200 : OOB 0.1900 : L 62 : T 18.5 sec
 - d_sub 1200 : OOB 0.1859 : L 63 : T 18.9 sec
 - d_sub 1200 : OOB 0.1883 : L 64 : T 19.2 sec
 - d_sub 1200 : OOB 0.1791 : L 65 : T 19.6 sec
 - d_sub 1200 : OOB 0.1784 : L 66 : T 19.8 sec
 - d_sub 1200 : OOB 0.1785 : L 67 : T 20.1 sec
 - d_sub 1200 : OOB 0.1801 : L 68 : T 20.4 sec
 - d_sub 1200 : OOB 0.1759 : L 69 : T 20.7 sec
 - d_sub 1200 : OOB 0.1780 : L 70 : T 20.9 sec
 - d_sub 1200 : OOB 0.1761 : L 71 : T 21.2 sec
 - d_sub 1200 : OOB 0.1775 : L 72 : T 21.5 sec
 - d_sub 1200 : OOB 0.1778 : L 73 : T 21.7 sec
 - d_sub 1200 : OOB 0.1792 : L 74 : T 22.0 sec
 - d_sub 1200 : OOB 0.1739 : L 75 : T 22.2 sec
 - d_sub 1200 : OOB 0.1749 : L 76 : T 22.5 sec
 - d_sub 1200 : OOB 0.1722 : L 77 : T 22.8 sec
 - d_sub 1200 : OOB 0.1741 : L 78 : T 23.0 sec
 - d_sub 1200 : OOB 0.1771 : L 79 : T 23.3 sec
 - d_sub 1200 : OOB 0.1736 : L 80 : T 23.6 sec
 - d_sub 1200 : OOB 0.1740 : L 81 : T 23.8 sec
 - d_sub 1200 : OOB 0.1735 : L 82 : T 24.1 sec
 - d_sub 1200 : OOB 0.1715 : L 83 : T 24.4 sec
 - d_sub 1200 : OOB 0.1715 : L 84 : T 24.6 sec
 - d_sub 1200 : OOB 0.1695 : L 85 : T 24.9 sec
 - d_sub 1200 : OOB 0.1755 : L 86 : T 25.2 sec
 - d_sub 1200 : OOB 0.1717 : L 87 : T 25.5 sec
 - d_sub 1200 : OOB 0.1714 : L 88 : T 25.8 sec
 - d_sub 1200 : OOB 0.1739 : L 89 : T 26.1 sec
 - d_sub 1200 : OOB 0.1677 : L 90 : T 26.4 sec
 - d_sub 1200 : OOB 0.1714 : L 91 : T 26.7 sec
 - d_sub 1200 : OOB 0.1708 : L 92 : T 27.0 sec
 - d_sub 1200 : OOB 0.1730 : L 93 : T 27.4 sec
 - d_sub 1200 : OOB 0.1708 : L 94 : T 27.7 sec
 - d_sub 1200 : OOB 0.1721 : L 95 : T 28.0 sec
 - d_sub 1200 : OOB 0.1719 : L 96 : T 28.3 sec
 - d_sub 1200 : OOB 0.1704 : L 97 : T 28.6 sec
 - d_sub 1200 : OOB 0.1694 : L 98 : T 29.0 sec
 - d_sub 1200 : OOB 0.1726 : L 99 : T 29.3 sec
 - d_sub 1200 : OOB 0.1682 : L 100 : T 29.6 sec
 - d_sub 1200 : OOB 0.1695 : L 101 : T 30.0 sec
 - d_sub 1200 : OOB 0.1692 : L 102 : T 30.3 sec
 - d_sub 1200 : OOB 0.1682 : L 103 : T 30.6 sec
 - d_sub 1200 : OOB 0.1661 : L 104 : T 31.0 sec
 - d_sub 1200 : OOB 0.1653 : L 105 : T 31.3 sec
 - d_sub 1200 : OOB 0.1626 : L 106 : T 31.6 sec
 - d_sub 1200 : OOB 0.1630 : L 107 : T 31.9 sec
 - d_sub 1200 : OOB 0.1624 : L 108 : T 32.2 sec
 - d_sub 1200 : OOB 0.1641 : L 109 : T 32.5 sec
 - d_sub 1200 : OOB 0.1654 : L 110 : T 32.9 sec
 - d_sub 1200 : OOB 0.1634 : L 111 : T 33.2 sec
 - d_sub 1200 : OOB 0.1658 : L 112 : T 33.4 sec
 - d_sub 1200 : OOB 0.1642 : L 113 : T 33.7 sec
 - d_sub 1200 : OOB 0.1647 : L 114 : T 34.0 sec
 - d_sub 1200 : OOB 0.1625 : L 115 : T 34.3 sec
 - d_sub 1200 : OOB 0.1642 : L 116 : T 34.5 sec
 - d_sub 1200 : OOB 0.1646 : L 117 : T 34.8 sec
 - d_sub 1200 : OOB 0.1637 : L 118 : T 35.1 sec
 - d_sub 1200 : OOB 0.1643 : L 119 : T 35.3 sec
 - d_sub 1200 : OOB 0.1630 : L 120 : T 35.6 sec
 - d_sub 1200 : OOB 0.1632 : L 121 : T 35.9 sec
 - d_sub 1200 : OOB 0.1640 : L 122 : T 36.1 sec
 - d_sub 1200 : OOB 0.1628 : L 123 : T 36.4 sec
 - d_sub 1200 : OOB 0.1641 : L 124 : T 36.7 sec
 - d_sub 1200 : OOB 0.1624 : L 125 : T 37.0 sec
 - d_sub 1200 : OOB 0.1614 : L 126 : T 37.2 sec
 - d_sub 1200 : OOB 0.1616 : L 127 : T 37.5 sec
 - d_sub 1200 : OOB 0.1615 : L 128 : T 37.8 sec
 - d_sub 1200 : OOB 0.1633 : L 129 : T 38.1 sec
 - d_sub 1200 : OOB 0.1621 : L 130 : T 38.3 sec
 - d_sub 1200 : OOB 0.1633 : L 131 : T 38.6 sec
 - d_sub 1200 : OOB 0.1636 : L 132 : T 38.9 sec
 - d_sub 1200 : OOB 0.1637 : L 133 : T 39.2 sec
 - d_sub 1200 : OOB 0.1621 : L 134 : T 39.5 sec
 - d_sub 1200 : OOB 0.1625 : L 135 : T 39.8 sec
 - d_sub 1200 : OOB 0.1636 : L 136 : T 40.0 sec
 - d_sub 1200 : OOB 0.1625 : L 137 : T 40.3 sec
 - d_sub 1200 : OOB 0.1638 : L 138 : T 40.6 sec
 - d_sub 1200 : OOB 0.1608 : L 139 : T 41.0 sec
 - d_sub 1200 : OOB 0.1615 : L 140 : T 41.3 sec
 - d_sub 1200 : OOB 0.1627 : L 141 : T 41.6 sec
 - d_sub 1200 : OOB 0.1621 : L 142 : T 41.9 sec
 - d_sub 1200 : OOB 0.1610 : L 143 : T 42.3 sec
 - d_sub 1200 : OOB 0.1622 : L 144 : T 42.6 sec
 - d_sub 1200 : OOB 0.1647 : L 145 : T 43.0 sec
 - d_sub 1200 : OOB 0.1627 : L 146 : T 43.3 sec
 - d_sub 1200 : OOB 0.1612 : L 147 : T 43.6 sec
 - d_sub 1200 : OOB 0.1638 : L 148 : T 43.9 sec
 - d_sub 1200 : OOB 0.1625 : L 149 : T 44.2 sec
 - d_sub 1200 : OOB 0.1599 : L 150 : T 44.6 sec
 - d_sub 1200 : OOB 0.1629 : L 151 : T 44.9 sec
# -------------------------
optimal d_sub 1000 : OOB 0.1578 : L 187 : T 149.6 sec
Testing error: 0.1462
# -------------------------
# Ensemble classification
#  - Training samples: 10000 (5000/5000)
#  - Feature-space dimensionality: 22563
#  - L : automatic (min 25, max 500, length 50, eps 0.00500)
#  - d_sub : 300
#  - Seed 1 (subspaces) : 487980528
#  - Seed 2 (bootstrap) : 168222892
# -------------------------

 - d_sub 300 : OOB 0.5021 : L 1 : T 0.1 sec
 - d_sub 300 : OOB 0.4984 : L 2 : T 0.1 sec
 - d_sub 300 : OOB 0.5052 : L 3 : T 0.2 sec
 - d_sub 300 : OOB 0.5064 : L 4 : T 0.2 sec
 - d_sub 300 : OOB 0.5027 : L 5 : T 0.3 sec
 - d_sub 300 : OOB 0.5055 : L 6 : T 0.3 sec
 - d_sub 300 : OOB 0.5032 : L 7 : T 0.4 sec
 - d_sub 300 : OOB 0.3980 : L 8 : T 0.4 sec
 - d_sub 300 : OOB 0.3341 : L 9 : T 0.5 sec
 - d_sub 300 : OOB 0.3348 : L 10 : T 0.5 sec
 - d_sub 300 : OOB 0.3352 : L 11 : T 0.6 sec
 - d_sub 300 : OOB 0.3363 : L 12 : T 0.7 sec
 - d_sub 300 : OOB 0.3322 : L 13 : T 0.7 sec
 - d_sub 300 : OOB 0.3330 : L 14 : T 0.8 sec
 - d_sub 300 : OOB 0.3298 : L 15 : T 0.8 sec
 - d_sub 300 : OOB 0.3372 : L 16 : T 0.9 sec
 - d_sub 300 : OOB 0.2943 : L 17 : T 0.9 sec
 - d_sub 300 : OOB 0.2896 : L 18 : T 1.0 sec
 - d_sub 300 : OOB 0.2844 : L 19 : T 1.0 sec
 - d_sub 300 : OOB 0.2918 : L 20 : T 1.1 sec
 - d_sub 300 : OOB 0.2899 : L 21 : T 1.1 sec
 - d_sub 300 : OOB 0.2926 : L 22 : T 1.2 sec
 - d_sub 300 : OOB 0.2902 : L 23 : T 1.2 sec
 - d_sub 300 : OOB 0.2897 : L 24 : T 1.3 sec
 - d_sub 300 : OOB 0.2922 : L 25 : T 1.3 sec
 - d_sub 300 : OOB 0.2901 : L 26 : T 1.4 sec
 - d_sub 300 : OOB 0.2903 : L 27 : T 1.5 sec
 - d_sub 300 : OOB 0.2877 : L 28 : T 1.5 sec
 - d_sub 300 : OOB 0.2902 : L 29 : T 1.6 sec
 - d_sub 300 : OOB 0.2914 : L 30 : T 1.6 sec
 - d_sub 300 : OOB 0.2898 : L 31 : T 1.7 sec
 - d_sub 300 : OOB 0.2904 : L 32 : T 1.7 sec
 - d_sub 300 : OOB 0.2904 : L 33 : T 1.8 sec
 - d_sub 300 : OOB 0.2919 : L 34 : T 1.9 sec
 - d_sub 300 : OOB 0.2630 : L 35 : T 1.9 sec
 - d_sub 300 : OOB 0.2611 : L 36 : T 2.0 sec
 - d_sub 300 : OOB 0.2608 : L 37 : T 2.0 sec
 - d_sub 300 : OOB 0.2620 : L 38 : T 2.1 sec
 - d_sub 300 : OOB 0.2639 : L 39 : T 2.2 sec
 - d_sub 300 : OOB 0.2623 : L 40 : T 2.2 sec
 - d_sub 300 : OOB 0.2623 : L 41 : T 2.3 sec
 - d_sub 300 : OOB 0.2608 : L 42 : T 2.4 sec
 - d_sub 300 : OOB 0.2614 : L 43 : T 2.4 sec
 - d_sub 300 : OOB 0.2518 : L 44 : T 2.5 sec
 - d_sub 300 : OOB 0.2482 : L 45 : T 2.6 sec
 - d_sub 300 : OOB 0.2474 : L 46 : T 2.6 sec
 - d_sub 300 : OOB 0.2374 : L 47 : T 2.7 sec
 - d_sub 300 : OOB 0.2339 : L 48 : T 2.7 sec
 - d_sub 300 : OOB 0.2245 : L 49 : T 2.8 sec
 - d_sub 300 : OOB 0.2257 : L 50 : T 2.9 sec
 - d_sub 300 : OOB 0.2161 : L 51 : T 2.9 sec
 - d_sub 300 : OOB 0.2171 : L 52 : T 3.0 sec
 - d_sub 300 : OOB 0.2177 : L 53 : T 3.1 sec
 - d_sub 300 : OOB 0.2195 : L 54 : T 3.1 sec
 - d_sub 300 : OOB 0.2106 : L 55 : T 3.2 sec
 - d_sub 300 : OOB 0.2161 : L 56 : T 3.2 sec
 - d_sub 300 : OOB 0.2114 : L 57 : T 3.3 sec
 - d_sub 300 : OOB 0.2131 : L 58 : T 3.4 sec
 - d_sub 300 : OOB 0.2152 : L 59 : T 3.4 sec
 - d_sub 300 : OOB 0.2116 : L 60 : T 3.5 sec
 - d_sub 300 : OOB 0.2171 : L 61 : T 3.5 sec
 - d_sub 300 : OOB 0.2098 : L 62 : T 3.6 sec
 - d_sub 300 : OOB 0.2146 : L 63 : T 3.7 sec
 - d_sub 300 : OOB 0.2174 : L 64 : T 3.7 sec
 - d_sub 300 : OOB 0.2129 : L 65 : T 3.8 sec
 - d_sub 300 : OOB 0.2102 : L 66 : T 3.8 sec
 - d_sub 300 : OOB 0.2076 : L 67 : T 3.9 sec
 - d_sub 300 : OOB 0.2068 : L 68 : T 4.0 sec
 - d_sub 300 : OOB 0.2086 : L 69 : T 4.0 sec
 - d_sub 300 : OOB 0.2105 : L 70 : T 4.1 sec
 - d_sub 300 : OOB 0.2091 : L 71 : T 4.1 sec
 - d_sub 300 : OOB 0.2069 : L 72 : T 4.2 sec
 - d_sub 300 : OOB 0.2054 : L 73 : T 4.3 sec
 - d_sub 300 : OOB 0.2028 : L 74 : T 4.3 sec
 - d_sub 300 : OOB 0.2041 : L 75 : T 4.4 sec
 - d_sub 300 : OOB 0.2023 : L 76 : T 4.4 sec
 - d_sub 300 : OOB 0.2008 : L 77 : T 4.5 sec
 - d_sub 300 : OOB 0.2035 : L 78 : T 4.6 sec
 - d_sub 300 : OOB 0.2020 : L 79 : T 4.6 sec
 - d_sub 300 : OOB 0.2029 : L 80 : T 4.7 sec
 - d_sub 300 : OOB 0.1997 : L 81 : T 4.7 sec
 - d_sub 300 : OOB 0.2031 : L 82 : T 4.8 sec
 - d_sub 300 : OOB 0.2012 : L 83 : T 4.9 sec
 - d_sub 300 : OOB 0.2021 : L 84 : T 4.9 sec
 - d_sub 300 : OOB 0.2025 : L 85 : T 5.0 sec
 - d_sub 300 : OOB 0.2039 : L 86 : T 5.0 sec
 - d_sub 300 : OOB 0.2005 : L 87 : T 5.1 sec
 - d_sub 300 : OOB 0.2022 : L 88 : T 5.1 sec
 - d_sub 300 : OOB 0.2022 : L 89 : T 5.2 sec
 - d_sub 300 : OOB 0.2030 : L 90 : T 5.3 sec
 - d_sub 300 : OOB 0.2006 : L 91 : T 5.3 sec
 - d_sub 300 : OOB 0.2029 : L 92 : T 5.4 sec
 - d_sub 300 : OOB 0.2043 : L 93 : T 5.5 sec
 - d_sub 300 : OOB 0.1998 : L 94 : T 5.5 sec
 - d_sub 300 : OOB 0.2010 : L 95 : T 5.6 sec
 - d_sub 300 : OOB 0.1992 : L 96 : T 5.7 sec
 - d_sub 300 : OOB 0.2018 : L 97 : T 5.7 sec
 - d_sub 300 : OOB 0.2001 : L 98 : T 5.8 sec
 - d_sub 300 : OOB 0.1990 : L 99 : T 5.8 sec
 - d_sub 300 : OOB 0.1979 : L 100 : T 5.9 sec
 - d_sub 300 : OOB 0.1968 : L 101 : T 6.0 sec
 - d_sub 300 : OOB 0.2001 : L 102 : T 6.0 sec
 - d_sub 300 : OOB 0.1999 : L 103 : T 6.1 sec
 - d_sub 300 : OOB 0.1985 : L 104 : T 6.2 sec
 - d_sub 300 : OOB 0.1969 : L 105 : T 6.2 sec
 - d_sub 300 : OOB 0.1992 : L 106 : T 6.3 sec
 - d_sub 300 : OOB 0.1988 : L 107 : T 6.4 sec
 - d_sub 300 : OOB 0.1991 : L 108 : T 6.4 sec
 - d_sub 300 : OOB 0.1990 : L 109 : T 6.5 sec
 - d_sub 300 : OOB 0.1976 : L 110 : T 6.5 sec
 - d_sub 300 : OOB 0.2000 : L 111 : T 6.6 sec
 - d_sub 300 : OOB 0.1987 : L 112 : T 6.7 sec
 - d_sub 300 : OOB 0.1982 : L 113 : T 6.7 sec
 - d_sub 300 : OOB 0.1985 : L 114 : T 6.8 sec
 - d_sub 300 : OOB 0.1989 : L 115 : T 6.8 sec
 - d_sub 300 : OOB 0.2003 : L 116 : T 6.9 sec
 - d_sub 300 : OOB 0.1981 : L 117 : T 7.0 sec
 - d_sub 300 : OOB 0.1980 : L 118 : T 7.0 sec
 - d_sub 300 : OOB 0.1987 : L 119 : T 7.1 sec
 - d_sub 300 : OOB 0.2001 : L 120 : T 7.1 sec
 - d_sub 300 : OOB 0.1978 : L 121 : T 7.2 sec
 - d_sub 300 : OOB 0.1983 : L 122 : T 7.2 sec
# -------------------------
optimal d_sub 300 : OOB 0.1983 : L 122 : T 7.3 sec
# -------------------------
# Ensemble classification
#  - Training samples: 10000 (5000/5000)
#  - Feature-space dimensionality: 22563
#  - L : 30
#  - d_sub : 300
#  - Seed 1 (subspaces) : 160826961
#  - Seed 2 (bootstrap) : 489396458
# -------------------------

 - d_sub 300 : OOB 0.5021 : L 1 : T 0.1 sec
 - d_sub 300 : OOB 0.4983 : L 2 : T 0.1 sec
 - d_sub 300 : OOB 0.5052 : L 3 : T 0.2 sec
 - d_sub 300 : OOB 0.5066 : L 4 : T 0.3 sec
 - d_sub 300 : OOB 0.5026 : L 5 : T 0.3 sec
 - d_sub 300 : OOB 0.5057 : L 6 : T 0.4 sec
 - d_sub 300 : OOB 0.5033 : L 7 : T 0.4 sec
 - d_sub 300 : OOB 0.5086 : L 8 : T 0.5 sec
 - d_sub 300 : OOB 0.5020 : L 9 : T 0.6 sec
 - d_sub 300 : OOB 0.4978 : L 10 : T 0.6 sec
 - d_sub 300 : OOB 0.4918 : L 11 : T 0.7 sec
 - d_sub 300 : OOB 0.4978 : L 12 : T 0.8 sec
 - d_sub 300 : OOB 0.5031 : L 13 : T 0.9 sec
 - d_sub 300 : OOB 0.4947 : L 14 : T 0.9 sec
 - d_sub 300 : OOB 0.4954 : L 15 : T 1.0 sec
 - d_sub 300 : OOB 0.3945 : L 16 : T 1.1 sec
 - d_sub 300 : OOB 0.3975 : L 17 : T 1.2 sec
 - d_sub 300 : OOB 0.3919 : L 18 : T 1.2 sec
 - d_sub 300 : OOB 0.3915 : L 19 : T 1.3 sec
 - d_sub 300 : OOB 0.3996 : L 20 : T 1.4 sec
 - d_sub 300 : OOB 0.4004 : L 21 : T 1.4 sec
 - d_sub 300 : OOB 0.3326 : L 22 : T 1.5 sec
 - d_sub 300 : OOB 0.3328 : L 23 : T 1.6 sec
 - d_sub 300 : OOB 0.3310 : L 24 : T 1.6 sec
 - d_sub 300 : OOB 0.3396 : L 25 : T 1.7 sec
 - d_sub 300 : OOB 0.3401 : L 26 : T 1.7 sec
 - d_sub 300 : OOB 0.3341 : L 27 : T 1.8 sec
 - d_sub 300 : OOB 0.2991 : L 28 : T 1.9 sec
 - d_sub 300 : OOB 0.2956 : L 29 : T 1.9 sec
 - d_sub 300 : OOB 0.2981 : L 30 : T 2.0 sec
# -------------------------
optimal d_sub 300 : OOB 0.2981 : L 30 : T 2.0 sec
# -------------------------
# Ensemble classification
#  - Training samples: 10000 (5000/5000)
#  - Feature-space dimensionality: 22563
#  - L : 30
#  - d_sub : 300
#  - Seed 1 (subspaces) : 834017955
#  - Seed 2 (bootstrap) : 296047348
# -------------------------

 - d_sub 300 : OOB 0.5020 : L 1 : T 0.1 sec
 - d_sub 300 : OOB 0.4007 : L 2 : T 0.1 sec
 - d_sub 300 : OOB 0.4038 : L 3 : T 0.2 sec
 - d_sub 300 : OOB 0.4015 : L 4 : T 0.2 sec
 - d_sub 300 : OOB 0.4017 : L 5 : T 0.3 sec
 - d_sub 300 : OOB 0.3900 : L 6 : T 0.3 sec
 - d_sub 300 : OOB 0.3993 : L 7 : T 0.4 sec
 - d_sub 300 : OOB 0.3999 : L 8 : T 0.4 sec
 - d_sub 300 : OOB 0.4047 : L 9 : T 0.5 sec
 - d_sub 300 : OOB 0.3987 : L 10 : T 0.5 sec
 - d_sub 300 : OOB 0.3939 : L 11 : T 0.6 sec
 - d_sub 300 : OOB 0.4072 : L 12 : T 0.7 sec
 - d_sub 300 : OOB 0.4019 : L 13 : T 0.7 sec
 - d_sub 300 : OOB 0.3921 : L 14 : T 0.8 sec
 - d_sub 300 : OOB 0.3987 : L 15 : T 0.8 sec
 - d_sub 300 : OOB 0.4051 : L 16 : T 0.9 sec
 - d_sub 300 : OOB 0.3997 : L 17 : T 0.9 sec
 - d_sub 300 : OOB 0.3971 : L 18 : T 1.0 sec
 - d_sub 300 : OOB 0.4031 : L 19 : T 1.0 sec
 - d_sub 300 : OOB 0.4067 : L 20 : T 1.1 sec
 - d_sub 300 : OOB 0.3986 : L 21 : T 1.1 sec
 - d_sub 300 : OOB 0.3315 : L 22 : T 1.2 sec
 - d_sub 300 : OOB 0.3325 : L 23 : T 1.2 sec
 - d_sub 300 : OOB 0.3292 : L 24 : T 1.3 sec
 - d_sub 300 : OOB 0.3339 : L 25 : T 1.3 sec
 - d_sub 300 : OOB 0.3262 : L 26 : T 1.4 sec
 - d_sub 300 : OOB 0.3346 : L 27 : T 1.4 sec
 - d_sub 300 : OOB 0.3326 : L 28 : T 1.5 sec
 - d_sub 300 : OOB 0.3320 : L 29 : T 1.5 sec
 - d_sub 300 : OOB 0.3356 : L 30 : T 1.6 sec
# -------------------------
optimal d_sub 300 : OOB 0.3356 : L 30 : T 1.6 sec
# -------------------------
# Ensemble classification
#  - Training samples: 10000 (5000/5000)
#  - Feature-space dimensionality: 22563
#  - L : 30
#  - d_sub : 300
#  - Seed 1 (subspaces) : 395250357
#  - Seed 2 (bootstrap) : 580067402
# -------------------------

 - d_sub 300 : OOB 0.5021 : L 1 : T 0.1 sec
 - d_sub 300 : OOB 0.4023 : L 2 : T 0.1 sec
 - d_sub 300 : OOB 0.4046 : L 3 : T 0.2 sec
 - d_sub 300 : OOB 0.4021 : L 4 : T 0.2 sec
 - d_sub 300 : OOB 0.4036 : L 5 : T 0.3 sec
 - d_sub 300 : OOB 0.3919 : L 6 : T 0.3 sec
 - d_sub 300 : OOB 0.4010 : L 7 : T 0.4 sec
 - d_sub 300 : OOB 0.4010 : L 8 : T 0.4 sec
 - d_sub 300 : OOB 0.4044 : L 9 : T 0.5 sec
 - d_sub 300 : OOB 0.3270 : L 10 : T 0.5 sec
 - d_sub 300 : OOB 0.3278 : L 11 : T 0.6 sec
 - d_sub 300 : OOB 0.2845 : L 12 : T 0.6 sec
 - d_sub 300 : OOB 0.2910 : L 13 : T 0.7 sec
 - d_sub 300 : OOB 0.2912 : L 14 : T 0.7 sec
 - d_sub 300 : OOB 0.2889 : L 15 : T 0.8 sec
 - d_sub 300 : OOB 0.2871 : L 16 : T 0.8 sec
 - d_sub 300 : OOB 0.2930 : L 17 : T 0.9 sec
 - d_sub 300 : OOB 0.2842 : L 18 : T 0.9 sec
 - d_sub 300 : OOB 0.2879 : L 19 : T 1.0 sec
 - d_sub 300 : OOB 0.2897 : L 20 : T 1.0 sec
 - d_sub 300 : OOB 0.2913 : L 21 : T 1.1 sec
 - d_sub 300 : OOB 0.2901 : L 22 : T 1.1 sec
 - d_sub 300 : OOB 0.2875 : L 23 : T 1.2 sec
 - d_sub 300 : OOB 0.2869 : L 24 : T 1.3 sec
 - d_sub 300 : OOB 0.2886 : L 25 : T 1.3 sec
 - d_sub 300 : OOB 0.2916 : L 26 : T 1.4 sec
 - d_sub 300 : OOB 0.2962 : L 27 : T 1.4 sec
 - d_sub 300 : OOB 0.2874 : L 28 : T 1.5 sec
 - d_sub 300 : OOB 0.2929 : L 29 : T 1.5 sec
 - d_sub 300 : OOB 0.2902 : L 30 : T 1.6 sec
# -------------------------
optimal d_sub 300 : OOB 0.2902 : L 30 : T 1.6 sec
# -------------------------
# Ensemble classification
#  - Training samples: 10000 (5000/5000)
#  - Feature-space dimensionality: 22563
#  - L : 30
#  - d_sub : 300
#  - Seed 1 (subspaces) : 973703331
#  - Seed 2 (bootstrap) : 200803799
# -------------------------

 - d_sub 300 : OOB 0.3878 : L 1 : T 0.1 sec
 - d_sub 300 : OOB 0.3785 : L 2 : T 0.1 sec
 - d_sub 300 : OOB 0.3933 : L 3 : T 0.2 sec
 - d_sub 300 : OOB 0.3934 : L 4 : T 0.2 sec
 - d_sub 300 : OOB 0.3854 : L 5 : T 0.3 sec
 - d_sub 300 : OOB 0.3950 : L 6 : T 0.3 sec
 - d_sub 300 : OOB 0.3918 : L 7 : T 0.4 sec
 - d_sub 300 : OOB 0.3250 : L 8 : T 0.4 sec
 - d_sub 300 : OOB 0.2877 : L 9 : T 0.5 sec
 - d_sub 300 : OOB 0.2964 : L 10 : T 0.5 sec
 - d_sub 300 : OOB 0.2702 : L 11 : T 0.6 sec
 - d_sub 300 : OOB 0.2701 : L 12 : T 0.6 sec
 - d_sub 300 : OOB 0.2655 : L 13 : T 0.7 sec
 - d_sub 300 : OOB 0.2675 : L 14 : T 0.8 sec
 - d_sub 300 : OOB 0.2700 : L 15 : T 0.8 sec
 - d_sub 300 : OOB 0.2711 : L 16 : T 0.9 sec
 - d_sub 300 : OOB 0.2720 : L 17 : T 0.9 sec
 - d_sub 300 : OOB 0.2685 : L 18 : T 1.0 sec
 - d_sub 300 : OOB 0.2703 : L 19 : T 1.0 sec
 - d_sub 300 : OOB 0.2704 : L 20 : T 1.1 sec
 - d_sub 300 : OOB 0.2501 : L 21 : T 1.1 sec
 - d_sub 300 : OOB 0.2503 : L 22 : T 1.2 sec
 - d_sub 300 : OOB 0.2483 : L 23 : T 1.2 sec
 - d_sub 300 : OOB 0.2495 : L 24 : T 1.3 sec
 - d_sub 300 : OOB 0.2503 : L 25 : T 1.3 sec
 - d_sub 300 : OOB 0.2358 : L 26 : T 1.4 sec
 - d_sub 300 : OOB 0.2382 : L 27 : T 1.5 sec
 - d_sub 300 : OOB 0.2392 : L 28 : T 1.5 sec
 - d_sub 300 : OOB 0.2375 : L 29 : T 1.6 sec
 - d_sub 300 : OOB 0.2422 : L 30 : T 1.6 sec
# -------------------------
optimal d_sub 300 : OOB 0.2422 : L 30 : T 1.6 sec
# -------------------------
# Ensemble classification
#  - Training samples: 10000 (5000/5000)
#  - Feature-space dimensionality: 22563
#  - L : 30
#  - d_sub : 300
#  - Seed 1 (subspaces) : 557986659
#  - Seed 2 (bootstrap) : 833300249
# -------------------------

 - d_sub 300 : OOB 0.4019 : L 1 : T 0.1 sec
 - d_sub 300 : OOB 0.3935 : L 2 : T 0.1 sec
 - d_sub 300 : OOB 0.4092 : L 3 : T 0.2 sec
 - d_sub 300 : OOB 0.4099 : L 4 : T 0.2 sec
 - d_sub 300 : OOB 0.4010 : L 5 : T 0.3 sec
 - d_sub 300 : OOB 0.4124 : L 6 : T 0.3 sec
 - d_sub 300 : OOB 0.4025 : L 7 : T 0.4 sec
 - d_sub 300 : OOB 0.4123 : L 8 : T 0.4 sec
 - d_sub 300 : OOB 0.3992 : L 9 : T 0.5 sec
 - d_sub 300 : OOB 0.4003 : L 10 : T 0.5 sec
 - d_sub 300 : OOB 0.4063 : L 11 : T 0.6 sec
 - d_sub 300 : OOB 0.4049 : L 12 : T 0.6 sec
 - d_sub 300 : OOB 0.4029 : L 13 : T 0.7 sec
 - d_sub 300 : OOB 0.4087 : L 14 : T 0.7 sec
 - d_sub 300 : OOB 0.4104 : L 15 : T 0.8 sec
 - d_sub 300 : OOB 0.4009 : L 16 : T 0.8 sec
 - d_sub 300 : OOB 0.3965 : L 17 : T 0.9 sec
 - d_sub 300 : OOB 0.4113 : L 18 : T 0.9 sec
 - d_sub 300 : OOB 0.4006 : L 19 : T 1.0 sec
 - d_sub 300 : OOB 0.4035 : L 20 : T 1.0 sec
 - d_sub 300 : OOB 0.3402 : L 21 : T 1.1 sec
 - d_sub 300 : OOB 0.3349 : L 22 : T 1.2 sec
 - d_sub 300 : OOB 0.3375 : L 23 : T 1.2 sec
 - d_sub 300 : OOB 0.3412 : L 24 : T 1.3 sec
 - d_sub 300 : OOB 0.3355 : L 25 : T 1.3 sec
 - d_sub 300 : OOB 0.3396 : L 26 : T 1.4 sec
 - d_sub 300 : OOB 0.3338 : L 27 : T 1.4 sec
 - d_sub 300 : OOB 0.3407 : L 28 : T 1.5 sec
 - d_sub 300 : OOB 0.3404 : L 29 : T 1.5 sec
 - d_sub 300 : OOB 0.3342 : L 30 : T 1.6 sec
# -------------------------
optimal d_sub 300 : OOB 0.3342 : L 30 : T 1.6 sec
# -------------------------
# Ensemble classification
#  - Training samples: 10000 (5000/5000)
#  - Feature-space dimensionality: 22563
#  - L : 30
#  - d_sub : 300
#  - Seed 1 (subspaces) : 79004959
#  - Seed 2 (bootstrap) : 815526238
# -------------------------

 - d_sub 300 : OOB 0.5021 : L 1 : T 0.1 sec
 - d_sub 300 : OOB 0.4984 : L 2 : T 0.1 sec
 - d_sub 300 : OOB 0.5052 : L 3 : T 0.2 sec
 - d_sub 300 : OOB 0.5064 : L 4 : T 0.3 sec
 - d_sub 300 : OOB 0.5027 : L 5 : T 0.3 sec
 - d_sub 300 : OOB 0.5054 : L 6 : T 0.4 sec
 - d_sub 300 : OOB 0.5030 : L 7 : T 0.5 sec
 - d_sub 300 : OOB 0.5086 : L 8 : T 0.5 sec
 - d_sub 300 : OOB 0.5019 : L 9 : T 0.6 sec
 - d_sub 300 : OOB 0.4980 : L 10 : T 0.7 sec
 - d_sub 300 : OOB 0.4918 : L 11 : T 0.8 sec
 - d_sub 300 : OOB 0.4976 : L 12 : T 0.9 sec
 - d_sub 300 : OOB 0.5032 : L 13 : T 1.0 sec
 - d_sub 300 : OOB 0.4944 : L 14 : T 1.0 sec
 - d_sub 300 : OOB 0.4954 : L 15 : T 1.1 sec
 - d_sub 300 : OOB 0.4954 : L 16 : T 1.2 sec
 - d_sub 300 : OOB 0.4985 : L 17 : T 1.2 sec
 - d_sub 300 : OOB 0.4030 : L 18 : T 1.3 sec
 - d_sub 300 : OOB 0.4021 : L 19 : T 1.3 sec
 - d_sub 300 : OOB 0.4060 : L 20 : T 1.4 sec
 - d_sub 300 : OOB 0.4038 : L 21 : T 1.5 sec
 - d_sub 300 : OOB 0.4000 : L 22 : T 1.5 sec
 - d_sub 300 : OOB 0.4050 : L 23 : T 1.6 sec
 - d_sub 300 : OOB 0.3953 : L 24 : T 1.6 sec
 - d_sub 300 : OOB 0.4003 : L 25 : T 1.7 sec
 - d_sub 300 : OOB 0.4020 : L 26 : T 1.8 sec
 - d_sub 300 : OOB 0.4049 : L 27 : T 1.8 sec
 - d_sub 300 : OOB 0.4039 : L 28 : T 1.9 sec
 - d_sub 300 : OOB 0.4032 : L 29 : T 1.9 sec
 - d_sub 300 : OOB 0.3971 : L 30 : T 2.0 sec
# -------------------------
optimal d_sub 300 : OOB 0.3971 : L 30 : T 2.0 sec
# -------------------------
# Ensemble classification
#  - Training samples: 10000 (5000/5000)
#  - Feature-space dimensionality: 22563
#  - L : 30
#  - d_sub : 300
#  - Seed 1 (subspaces) : 621084807
#  - Seed 2 (bootstrap) : 760514910
# -------------------------

 - d_sub 300 : OOB 0.5021 : L 1 : T 0.1 sec
 - d_sub 300 : OOB 0.4984 : L 2 : T 0.1 sec
 - d_sub 300 : OOB 0.5052 : L 3 : T 0.2 sec
 - d_sub 300 : OOB 0.5064 : L 4 : T 0.3 sec
 - d_sub 300 : OOB 0.5027 : L 5 : T 0.3 sec
 - d_sub 300 : OOB 0.5055 : L 6 : T 0.4 sec
 - d_sub 300 : OOB 0.5032 : L 7 : T 0.4 sec
 - d_sub 300 : OOB 0.5089 : L 8 : T 0.5 sec
 - d_sub 300 : OOB 0.5019 : L 9 : T 0.6 sec
 - d_sub 300 : OOB 0.4981 : L 10 : T 0.6 sec
 - d_sub 300 : OOB 0.4916 : L 11 : T 0.7 sec
 - d_sub 300 : OOB 0.4973 : L 12 : T 0.8 sec
 - d_sub 300 : OOB 0.5035 : L 13 : T 0.8 sec
 - d_sub 300 : OOB 0.4943 : L 14 : T 0.9 sec
 - d_sub 300 : OOB 0.4953 : L 15 : T 1.0 sec
 - d_sub 300 : OOB 0.4045 : L 16 : T 1.0 sec
 - d_sub 300 : OOB 0.4078 : L 17 : T 1.1 sec
 - d_sub 300 : OOB 0.4044 : L 18 : T 1.1 sec
 - d_sub 300 : OOB 0.4028 : L 19 : T 1.2 sec
 - d_sub 300 : OOB 0.4040 : L 20 : T 1.3 sec
 - d_sub 300 : OOB 0.4078 : L 21 : T 1.3 sec
 - d_sub 300 : OOB 0.4020 : L 22 : T 1.4 sec
 - d_sub 300 : OOB 0.3949 : L 23 : T 1.5 sec
 - d_sub 300 : OOB 0.4090 : L 24 : T 1.5 sec
 - d_sub 300 : OOB 0.4007 : L 25 : T 1.6 sec
 - d_sub 300 : OOB 0.4115 : L 26 : T 1.6 sec
 - d_sub 300 : OOB 0.4038 : L 27 : T 1.7 sec
 - d_sub 300 : OOB 0.4058 : L 28 : T 1.8 sec
 - d_sub 300 : OOB 0.4013 : L 29 : T 1.8 sec
 - d_sub 300 : OOB 0.4053 : L 30 : T 1.9 sec
# -------------------------
optimal d_sub 300 : OOB 0.4053 : L 30 : T 1.9 sec
# -------------------------
# Ensemble classification
#  - Training samples: 10000 (5000/5000)
#  - Feature-space dimensionality: 22563
#  - L : 30
#  - d_sub : 300
#  - Seed 1 (subspaces) : 800486711
#  - Seed 2 (bootstrap) : 735478398
# -------------------------

 - d_sub 300 : OOB 0.5020 : L 1 : T 0.1 sec
 - d_sub 300 : OOB 0.4983 : L 2 : T 0.1 sec
 - d_sub 300 : OOB 0.4053 : L 3 : T 0.2 sec
 - d_sub 300 : OOB 0.3967 : L 4 : T 0.2 sec
 - d_sub 300 : OOB 0.4037 : L 5 : T 0.3 sec
 - d_sub 300 : OOB 0.3988 : L 6 : T 0.4 sec
 - d_sub 300 : OOB 0.4058 : L 7 : T 0.4 sec
 - d_sub 300 : OOB 0.3985 : L 8 : T 0.5 sec
 - d_sub 300 : OOB 0.3994 : L 9 : T 0.5 sec
 - d_sub 300 : OOB 0.4031 : L 10 : T 0.6 sec
 - d_sub 300 : OOB 0.3403 : L 11 : T 0.7 sec
 - d_sub 300 : OOB 0.3423 : L 12 : T 0.7 sec
 - d_sub 300 : OOB 0.3394 : L 13 : T 0.8 sec
 - d_sub 300 : OOB 0.2950 : L 14 : T 0.9 sec
 - d_sub 300 : OOB 0.2934 : L 15 : T 0.9 sec
 - d_sub 300 : OOB 0.2988 : L 16 : T 1.0 sec
 - d_sub 300 : OOB 0.2975 : L 17 : T 1.1 sec
 - d_sub 300 : OOB 0.2919 : L 18 : T 1.1 sec
 - d_sub 300 : OOB 0.2919 : L 19 : T 1.2 sec
 - d_sub 300 : OOB 0.2959 : L 20 : T 1.2 sec
 - d_sub 300 : OOB 0.2928 : L 21 : T 1.3 sec
 - d_sub 300 : OOB 0.2985 : L 22 : T 1.4 sec
 - d_sub 300 : OOB 0.2993 : L 23 : T 1.4 sec
 - d_sub 300 : OOB 0.2922 : L 24 : T 1.5 sec
 - d_sub 300 : OOB 0.2930 : L 25 : T 1.6 sec
 - d_sub 300 : OOB 0.2942 : L 26 : T 1.6 sec
 - d_sub 300 : OOB 0.2949 : L 27 : T 1.7 sec
 - d_sub 300 : OOB 0.2962 : L 28 : T 1.8 sec
 - d_sub 300 : OOB 0.2717 : L 29 : T 1.8 sec
 - d_sub 300 : OOB 0.2512 : L 30 : T 1.9 sec
# -------------------------
optimal d_sub 300 : OOB 0.2512 : L 30 : T 1.9 sec
# -------------------------
# Ensemble classification
#  - Training samples: 10000 (5000/5000)
#  - Feature-space dimensionality: 22563
#  - L : 30
#  - d_sub : 300
#  - Seed 1 (subspaces) : 55581586
#  - Seed 2 (bootstrap) : 66677304
# -------------------------

 - d_sub 300 : OOB 0.5020 : L 1 : T 0.1 sec
 - d_sub 300 : OOB 0.4984 : L 2 : T 0.1 sec
 - d_sub 300 : OOB 0.4040 : L 3 : T 0.2 sec
 - d_sub 300 : OOB 0.3954 : L 4 : T 0.3 sec
 - d_sub 300 : OOB 0.3367 : L 5 : T 0.3 sec
 - d_sub 300 : OOB 0.2833 : L 6 : T 0.4 sec
 - d_sub 300 : OOB 0.2903 : L 7 : T 0.4 sec
 - d_sub 300 : OOB 0.2947 : L 8 : T 0.5 sec
 - d_sub 300 : OOB 0.2982 : L 9 : T 0.6 sec
 - d_sub 300 : OOB 0.2879 : L 10 : T 0.6 sec
 - d_sub 300 : OOB 0.2873 : L 11 : T 0.7 sec
 - d_sub 300 : OOB 0.2933 : L 12 : T 0.8 sec
 - d_sub 300 : OOB 0.2888 : L 13 : T 0.8 sec
 - d_sub 300 : OOB 0.2891 : L 14 : T 0.9 sec
 - d_sub 300 : OOB 0.2659 : L 15 : T 1.0 sec
 - d_sub 300 : OOB 0.2632 : L 16 : T 1.0 sec
 - d_sub 300 : OOB 0.2628 : L 17 : T 1.1 sec
 - d_sub 300 : OOB 0.2706 : L 18 : T 1.2 sec
 - d_sub 300 : OOB 0.2698 : L 19 : T 1.2 sec
 - d_sub 300 : OOB 0.2516 : L 20 : T 1.3 sec
 - d_sub 300 : OOB 0.2504 : L 21 : T 1.4 sec
 - d_sub 300 : OOB 0.2506 : L 22 : T 1.4 sec
 - d_sub 300 : OOB 0.2457 : L 23 : T 1.5 sec
 - d_sub 300 : OOB 0.2333 : L 24 : T 1.6 sec
 - d_sub 300 : OOB 0.2376 : L 25 : T 1.6 sec
 - d_sub 300 : OOB 0.2360 : L 26 : T 1.7 sec
 - d_sub 300 : OOB 0.2349 : L 27 : T 1.7 sec
 - d_sub 300 : OOB 0.2276 : L 28 : T 1.8 sec
 - d_sub 300 : OOB 0.2287 : L 29 : T 1.9 sec
 - d_sub 300 : OOB 0.2275 : L 30 : T 1.9 sec
# -------------------------
optimal d_sub 300 : OOB 0.2275 : L 30 : T 1.9 sec
# -------------------------
# Ensemble classification
#  - Training samples: 10000 (5000/5000)
#  - Feature-space dimensionality: 22563
#  - L : 30
#  - d_sub : 300
#  - Seed 1 (subspaces) : 902837786
#  - Seed 2 (bootstrap) : 230982716
# -------------------------

 - d_sub 300 : OOB 0.5021 : L 1 : T 0.1 sec
 - d_sub 300 : OOB 0.4984 : L 2 : T 0.1 sec
 - d_sub 300 : OOB 0.5052 : L 3 : T 0.2 sec
 - d_sub 300 : OOB 0.5064 : L 4 : T 0.2 sec
 - d_sub 300 : OOB 0.5027 : L 5 : T 0.3 sec
 - d_sub 300 : OOB 0.5053 : L 6 : T 0.3 sec
 - d_sub 300 : OOB 0.3973 : L 7 : T 0.4 sec
 - d_sub 300 : OOB 0.3987 : L 8 : T 0.4 sec
 - d_sub 300 : OOB 0.3335 : L 9 : T 0.5 sec
 - d_sub 300 : OOB 0.2915 : L 10 : T 0.6 sec
 - d_sub 300 : OOB 0.2940 : L 11 : T 0.6 sec
 - d_sub 300 : OOB 0.2892 : L 12 : T 0.7 sec
 - d_sub 300 : OOB 0.2906 : L 13 : T 0.7 sec
 - d_sub 300 : OOB 0.2960 : L 14 : T 0.8 sec
 - d_sub 300 : OOB 0.2937 : L 15 : T 0.8 sec
 - d_sub 300 : OOB 0.2627 : L 16 : T 0.9 sec
 - d_sub 300 : OOB 0.2631 : L 17 : T 0.9 sec
 - d_sub 300 : OOB 0.2644 : L 18 : T 1.0 sec
 - d_sub 300 : OOB 0.2632 : L 19 : T 1.0 sec
 - d_sub 300 : OOB 0.2632 : L 20 : T 1.1 sec
 - d_sub 300 : OOB 0.2614 : L 21 : T 1.2 sec
 - d_sub 300 : OOB 0.2623 : L 22 : T 1.2 sec
 - d_sub 300 : OOB 0.2657 : L 23 : T 1.3 sec
 - d_sub 300 : OOB 0.2596 : L 24 : T 1.3 sec
 - d_sub 300 : OOB 0.2667 : L 25 : T 1.4 sec
 - d_sub 300 : OOB 0.2633 : L 26 : T 1.4 sec
 - d_sub 300 : OOB 0.2638 : L 27 : T 1.5 sec
 - d_sub 300 : OOB 0.2425 : L 28 : T 1.5 sec
 - d_sub 300 : OOB 0.2424 : L 29 : T 1.6 sec
 - d_sub 300 : OOB 0.2422 : L 30 : T 1.6 sec
# -------------------------
optimal d_sub 300 : OOB 0.2422 : L 30 : T 1.6 sec
# -------------------------
# Ensemble classification
#  - Training samples: 10000 (5000/5000)
#  - Feature-space dimensionality: 22563
#  - L : 30
#  - d_sub : 300
#  - Seed 1 (subspaces) : 124799349
#  - Seed 2 (bootstrap) : 794709678
# -------------------------

 - d_sub 300 : OOB 0.5020 : L 1 : T 0.1 sec
 - d_sub 300 : OOB 0.4984 : L 2 : T 0.1 sec
 - d_sub 300 : OOB 0.5051 : L 3 : T 0.2 sec
 - d_sub 300 : OOB 0.5067 : L 4 : T 0.2 sec
 - d_sub 300 : OOB 0.5027 : L 5 : T 0.3 sec
 - d_sub 300 : OOB 0.5055 : L 6 : T 0.3 sec
 - d_sub 300 : OOB 0.5034 : L 7 : T 0.4 sec
 - d_sub 300 : OOB 0.5090 : L 8 : T 0.4 sec
 - d_sub 300 : OOB 0.5018 : L 9 : T 0.5 sec
 - d_sub 300 : OOB 0.4980 : L 10 : T 0.5 sec
 - d_sub 300 : OOB 0.4915 : L 11 : T 0.6 sec
 - d_sub 300 : OOB 0.3963 : L 12 : T 0.7 sec
 - d_sub 300 : OOB 0.3923 : L 13 : T 0.7 sec
 - d_sub 300 : OOB 0.3995 : L 14 : T 0.8 sec
 - d_sub 300 : OOB 0.3999 : L 15 : T 0.8 sec
 - d_sub 300 : OOB 0.3925 : L 16 : T 0.9 sec
 - d_sub 300 : OOB 0.3975 : L 17 : T 0.9 sec
 - d_sub 300 : OOB 0.4008 : L 18 : T 1.0 sec
 - d_sub 300 : OOB 0.3942 : L 19 : T 1.0 sec
 - d_sub 300 : OOB 0.3378 : L 20 : T 1.1 sec
 - d_sub 300 : OOB 0.3396 : L 21 : T 1.1 sec
 - d_sub 300 : OOB 0.3332 : L 22 : T 1.2 sec
 - d_sub 300 : OOB 0.3399 : L 23 : T 1.3 sec
 - d_sub 300 : OOB 0.3405 : L 24 : T 1.3 sec
 - d_sub 300 : OOB 0.3413 : L 25 : T 1.4 sec
 - d_sub 300 : OOB 0.3409 : L 26 : T 1.4 sec
 - d_sub 300 : OOB 0.3420 : L 27 : T 1.5 sec
 - d_sub 300 : OOB 0.3377 : L 28 : T 1.5 sec
 - d_sub 300 : OOB 0.3418 : L 29 : T 1.6 sec
 - d_sub 300 : OOB 0.3371 : L 30 : T 1.6 sec
# -------------------------
optimal d_sub 300 : OOB 0.3371 : L 30 : T 1.6 sec
# -------------------------
Average OOB error = 0.30626 (+/- 0.06528)
# -------------------------
# Ensemble classification
#  - Training samples: 10000 (5000/5000)
#  - Feature-space dimensionality: 22563
#  - L : 30
#  - d_sub : 300
#  - Seed 1 (subspaces) : 5
#  - Seed 2 (bootstrap) : 73
# -------------------------

 - d_sub 300 : OOB 0.3927 : L 1 : T 0.1 sec
 - d_sub 300 : OOB 0.3833 : L 2 : T 0.1 sec
 - d_sub 300 : OOB 0.3985 : L 3 : T 0.2 sec
 - d_sub 300 : OOB 0.3986 : L 4 : T 0.2 sec
 - d_sub 300 : OOB 0.3905 : L 5 : T 0.3 sec
 - d_sub 300 : OOB 0.4003 : L 6 : T 0.3 sec
 - d_sub 300 : OOB 0.3967 : L 7 : T 0.4 sec
 - d_sub 300 : OOB 0.3965 : L 8 : T 0.4 sec
 - d_sub 300 : OOB 0.3377 : L 9 : T 0.5 sec
 - d_sub 300 : OOB 0.3371 : L 10 : T 0.6 sec
 - d_sub 300 : OOB 0.3343 : L 11 : T 0.6 sec
 - d_sub 300 : OOB 0.3364 : L 12 : T 0.7 sec
 - d_sub 300 : OOB 0.3335 : L 13 : T 0.7 sec
 - d_sub 300 : OOB 0.3320 : L 14 : T 0.8 sec
 - d_sub 300 : OOB 0.3352 : L 15 : T 0.8 sec
 - d_sub 300 : OOB 0.3315 : L 16 : T 0.9 sec
 - d_sub 300 : OOB 0.3390 : L 17 : T 0.9 sec
 - d_sub 300 : OOB 0.3363 : L 18 : T 1.0 sec
 - d_sub 300 : OOB 0.2905 : L 19 : T 1.1 sec
 - d_sub 300 : OOB 0.2952 : L 20 : T 1.1 sec
 - d_sub 300 : OOB 0.2956 : L 21 : T 1.2 sec
 - d_sub 300 : OOB 0.2938 : L 22 : T 1.2 sec
 - d_sub 300 : OOB 0.2939 : L 23 : T 1.3 sec
 - d_sub 300 : OOB 0.2934 : L 24 : T 1.3 sec
 - d_sub 300 : OOB 0.2948 : L 25 : T 1.4 sec
 - d_sub 300 : OOB 0.2687 : L 26 : T 1.4 sec
 - d_sub 300 : OOB 0.2602 : L 27 : T 1.5 sec
 - d_sub 300 : OOB 0.2626 : L 28 : T 1.5 sec
 - d_sub 300 : OOB 0.2616 : L 29 : T 1.6 sec
 - d_sub 300 : OOB 0.2432 : L 30 : T 1.6 sec
# -------------------------
optimal d_sub 300 : OOB 0.2432 : L 30 : T 1.6 sec
OOB error = 0.3014
optimal d_sub 300 : OOB 0.2984 : L 30 : T 2.0 sec
optimal d_sub 300 : OOB 0.1973 : L 157 : T 8.8 sec
Testing error 1: 0.1898
optimal d_sub 300 : OOB 0.1964 : L 134 : T 8.1 sec
Testing error 2: 0.1812
optimal d_sub 300 : OOB 0.1893 : L 212 : T 12.4 sec
Testing error 3: 0.1763
optimal d_sub 300 : OOB 0.1949 : L 181 : T 10.5 sec
Testing error 4: 0.1844
optimal d_sub 300 : OOB 0.1878 : L 193 : T 11.8 sec
Testing error 5: 0.1808
optimal d_sub 300 : OOB 0.1840 : L 99 : T 6.4 sec
Testing error 6: 0.1785
optimal d_sub 300 : OOB 0.1956 : L 140 : T 8.1 sec
Testing error 7: 0.1792
optimal d_sub 300 : OOB 0.1811 : L 97 : T 5.4 sec
Testing error 8: 0.1735
optimal d_sub 300 : OOB 0.2303 : L 258 : T 15.1 sec
Testing error 9: 0.1909
optimal d_sub 300 : OOB 0.1915 : L 163 : T 9.2 sec
Testing error 10: 0.1756
---
Average testing error over 10 splits: 0.1810 (+/- 0.0058)
