# -------------------------
# Ensemble classification
#  - Training samples: 10000 (5000/5000)
#  - Feature-space dimensionality: 18157
#  - L : automatic (min 25, max 500, length 50, eps 0.00500)
#  - d_sub : automatic (Eoob tolerance 0.0200, step 200)
#  - Seed 1 (subspaces) : 87996335
#  - Seed 2 (bootstrap) : 487538191
# -------------------------

 - d_sub 200 : OOB 0.4912 : L 1 : T 0.2 sec
 - d_sub 200 : OOB 0.4794 : L 2 : T 0.2 sec
 - d_sub 200 : OOB 0.4822 : L 3 : T 0.3 sec
 - d_sub 200 : OOB 0.4844 : L 4 : T 0.3 sec
 - d_sub 200 : OOB 0.4782 : L 5 : T 0.3 sec
 - d_sub 200 : OOB 0.4773 : L 6 : T 0.4 sec
 - d_sub 200 : OOB 0.4748 : L 7 : T 0.4 sec
 - d_sub 200 : OOB 0.4784 : L 8 : T 0.4 sec
 - d_sub 200 : OOB 0.4742 : L 9 : T 0.4 sec
 - d_sub 200 : OOB 0.4767 : L 10 : T 0.5 sec
 - d_sub 200 : OOB 0.4744 : L 11 : T 0.5 sec
 - d_sub 200 : OOB 0.4715 : L 12 : T 0.5 sec
 - d_sub 200 : OOB 0.4718 : L 13 : T 0.6 sec
 - d_sub 200 : OOB 0.4728 : L 14 : T 0.6 sec
 - d_sub 200 : OOB 0.4696 : L 15 : T 0.6 sec
 - d_sub 200 : OOB 0.4733 : L 16 : T 0.7 sec
 - d_sub 200 : OOB 0.4704 : L 17 : T 0.7 sec
 - d_sub 200 : OOB 0.4685 : L 18 : T 0.7 sec
 - d_sub 200 : OOB 0.4693 : L 19 : T 0.7 sec
 - d_sub 200 : OOB 0.4711 : L 20 : T 0.8 sec
 - d_sub 200 : OOB 0.4672 : L 21 : T 0.8 sec
 - d_sub 200 : OOB 0.4664 : L 22 : T 0.8 sec
 - d_sub 200 : OOB 0.4694 : L 23 : T 0.8 sec
 - d_sub 200 : OOB 0.4669 : L 24 : T 0.9 sec
 - d_sub 200 : OOB 0.4687 : L 25 : T 0.9 sec
 - d_sub 200 : OOB 0.4691 : L 26 : T 0.9 sec
 - d_sub 200 : OOB 0.4658 : L 27 : T 1.0 sec
 - d_sub 200 : OOB 0.4705 : L 28 : T 1.0 sec
 - d_sub 200 : OOB 0.4673 : L 29 : T 1.0 sec
 - d_sub 200 : OOB 0.4682 : L 30 : T 1.1 sec
 - d_sub 200 : OOB 0.4677 : L 31 : T 1.1 sec
 - d_sub 200 : OOB 0.4667 : L 32 : T 1.1 sec
 - d_sub 200 : OOB 0.4668 : L 33 : T 1.1 sec
 - d_sub 200 : OOB 0.4679 : L 34 : T 1.2 sec
 - d_sub 200 : OOB 0.4702 : L 35 : T 1.2 sec
 - d_sub 200 : OOB 0.4688 : L 36 : T 1.2 sec
 - d_sub 200 : OOB 0.4671 : L 37 : T 1.3 sec
 - d_sub 200 : OOB 0.4661 : L 38 : T 1.3 sec
 - d_sub 200 : OOB 0.4639 : L 39 : T 1.3 sec
 - d_sub 200 : OOB 0.4659 : L 40 : T 1.3 sec
 - d_sub 200 : OOB 0.4627 : L 41 : T 1.4 sec
 - d_sub 200 : OOB 0.4659 : L 42 : T 1.4 sec
 - d_sub 200 : OOB 0.4632 : L 43 : T 1.4 sec
 - d_sub 200 : OOB 0.4652 : L 44 : T 1.5 sec
 - d_sub 200 : OOB 0.4649 : L 45 : T 1.5 sec
 - d_sub 200 : OOB 0.4653 : L 46 : T 1.5 sec
 - d_sub 200 : OOB 0.4639 : L 47 : T 1.5 sec
 - d_sub 200 : OOB 0.4651 : L 48 : T 1.6 sec
 - d_sub 200 : OOB 0.4658 : L 49 : T 1.6 sec
 - d_sub 200 : OOB 0.4645 : L 50 : T 1.6 sec
 - d_sub 200 : OOB 0.4648 : L 51 : T 1.7 sec
 - d_sub 200 : OOB 0.4660 : L 52 : T 1.7 sec
 - d_sub 200 : OOB 0.4669 : L 53 : T 1.7 sec
 - d_sub 200 : OOB 0.4664 : L 54 : T 1.7 sec
 - d_sub 200 : OOB 0.4649 : L 55 : T 1.8 sec
 - d_sub 200 : OOB 0.4675 : L 56 : T 1.8 sec
 - d_sub 200 : OOB 0.4659 : L 57 : T 1.8 sec
 - d_sub 200 : OOB 0.4655 : L 58 : T 1.8 sec
 - d_sub 200 : OOB 0.4662 : L 59 : T 1.9 sec
 - d_sub 200 : OOB 0.4656 : L 60 : T 1.9 sec
 - d_sub 200 : OOB 0.4653 : L 61 : T 1.9 sec
 - d_sub 200 : OOB 0.4666 : L 62 : T 2.0 sec
 - d_sub 200 : OOB 0.4630 : L 63 : T 2.0 sec
 - d_sub 200 : OOB 0.4666 : L 64 : T 2.0 sec
 - d_sub 200 : OOB 0.4658 : L 65 : T 2.0 sec
 - d_sub 200 : OOB 0.4662 : L 66 : T 2.1 sec

 - d_sub 400 : OOB 0.4861 : L 1 : T 0.1 sec
 - d_sub 400 : OOB 0.4771 : L 2 : T 0.1 sec
 - d_sub 400 : OOB 0.4741 : L 3 : T 0.2 sec
 - d_sub 400 : OOB 0.4763 : L 4 : T 0.3 sec
 - d_sub 400 : OOB 0.4671 : L 5 : T 0.5 sec
 - d_sub 400 : OOB 0.4656 : L 6 : T 1.7 sec
 - d_sub 400 : OOB 0.4669 : L 7 : T 2.5 sec
 - d_sub 400 : OOB 0.4651 : L 8 : T 2.5 sec
 - d_sub 400 : OOB 0.4628 : L 9 : T 2.6 sec
 - d_sub 400 : OOB 0.4632 : L 10 : T 2.7 sec
 - d_sub 400 : OOB 0.4608 : L 11 : T 2.7 sec
 - d_sub 400 : OOB 0.4675 : L 12 : T 2.8 sec
 - d_sub 400 : OOB 0.4623 : L 13 : T 3.8 sec
 - d_sub 400 : OOB 0.4616 : L 14 : T 3.8 sec
 - d_sub 400 : OOB 0.4603 : L 15 : T 3.9 sec
 - d_sub 400 : OOB 0.4568 : L 16 : T 4.0 sec
 - d_sub 400 : OOB 0.4599 : L 17 : T 4.0 sec
 - d_sub 400 : OOB 0.4605 : L 18 : T 4.1 sec
 - d_sub 400 : OOB 0.4582 : L 19 : T 4.2 sec
 - d_sub 400 : OOB 0.4569 : L 20 : T 4.2 sec
 - d_sub 400 : OOB 0.4556 : L 21 : T 4.3 sec
 - d_sub 400 : OOB 0.4559 : L 22 : T 4.3 sec
 - d_sub 400 : OOB 0.4540 : L 23 : T 4.4 sec
 - d_sub 400 : OOB 0.4525 : L 24 : T 4.5 sec
 - d_sub 400 : OOB 0.4559 : L 25 : T 4.5 sec
 - d_sub 400 : OOB 0.4569 : L 26 : T 4.6 sec
 - d_sub 400 : OOB 0.4579 : L 27 : T 4.7 sec
 - d_sub 400 : OOB 0.4562 : L 28 : T 4.7 sec
 - d_sub 400 : OOB 0.4573 : L 29 : T 4.8 sec
 - d_sub 400 : OOB 0.4552 : L 30 : T 4.8 sec
 - d_sub 400 : OOB 0.4547 : L 31 : T 4.9 sec
 - d_sub 400 : OOB 0.4572 : L 32 : T 5.0 sec
 - d_sub 400 : OOB 0.4544 : L 33 : T 5.8 sec
 - d_sub 400 : OOB 0.4561 : L 34 : T 5.9 sec
 - d_sub 400 : OOB 0.4564 : L 35 : T 6.0 sec
 - d_sub 400 : OOB 0.4548 : L 36 : T 6.0 sec
 - d_sub 400 : OOB 0.4562 : L 37 : T 6.1 sec
 - d_sub 400 : OOB 0.4563 : L 38 : T 6.2 sec
 - d_sub 400 : OOB 0.4537 : L 39 : T 6.2 sec
 - d_sub 400 : OOB 0.4542 : L 40 : T 6.3 sec
 - d_sub 400 : OOB 0.4545 : L 41 : T 6.3 sec
 - d_sub 400 : OOB 0.4555 : L 42 : T 7.3 sec
 - d_sub 400 : OOB 0.4562 : L 43 : T 7.3 sec
 - d_sub 400 : OOB 0.4589 : L 44 : T 7.4 sec
 - d_sub 400 : OOB 0.4552 : L 45 : T 7.4 sec
 - d_sub 400 : OOB 0.4529 : L 46 : T 7.5 sec
 - d_sub 400 : OOB 0.4555 : L 47 : T 7.6 sec
 - d_sub 400 : OOB 0.4511 : L 48 : T 7.6 sec
 - d_sub 400 : OOB 0.4550 : L 49 : T 7.7 sec
 - d_sub 400 : OOB 0.4549 : L 50 : T 7.7 sec
 - d_sub 400 : OOB 0.4562 : L 51 : T 7.8 sec
 - d_sub 400 : OOB 0.4549 : L 52 : T 8.6 sec
 - d_sub 400 : OOB 0.4554 : L 53 : T 8.7 sec
 - d_sub 400 : OOB 0.4536 : L 54 : T 8.8 sec
 - d_sub 400 : OOB 0.4535 : L 55 : T 8.8 sec
 - d_sub 400 : OOB 0.4547 : L 56 : T 8.9 sec
 - d_sub 400 : OOB 0.4547 : L 57 : T 8.9 sec
 - d_sub 400 : OOB 0.4551 : L 58 : T 9.0 sec
 - d_sub 400 : OOB 0.4549 : L 59 : T 9.1 sec
 - d_sub 400 : OOB 0.4539 : L 60 : T 9.1 sec
 - d_sub 400 : OOB 0.4540 : L 61 : T 9.2 sec
 - d_sub 400 : OOB 0.4556 : L 62 : T 9.3 sec
 - d_sub 400 : OOB 0.4557 : L 63 : T 9.3 sec
 - d_sub 400 : OOB 0.4553 : L 64 : T 9.4 sec
 - d_sub 400 : OOB 0.4542 : L 65 : T 9.4 sec

 - d_sub 600 : OOB 0.4842 : L 1 : T 1.1 sec
 - d_sub 600 : OOB 0.4749 : L 2 : T 2.9 sec
 - d_sub 600 : OOB 0.4738 : L 3 : T 3.0 sec
 - d_sub 600 : OOB 0.4741 : L 4 : T 3.1 sec
 - d_sub 600 : OOB 0.4660 : L 5 : T 3.2 sec
 - d_sub 600 : OOB 0.4636 : L 6 : T 4.7 sec
 - d_sub 600 : OOB 0.4670 : L 7 : T 6.3 sec
 - d_sub 600 : OOB 0.4628 : L 8 : T 7.5 sec
 - d_sub 600 : OOB 0.4618 : L 9 : T 7.6 sec
 - d_sub 600 : OOB 0.4626 : L 10 : T 7.7 sec
 - d_sub 600 : OOB 0.4593 : L 11 : T 7.8 sec
 - d_sub 600 : OOB 0.4657 : L 12 : T 9.2 sec
 - d_sub 600 : OOB 0.4594 : L 13 : T 10.2 sec
 - d_sub 600 : OOB 0.4577 : L 14 : T 10.3 sec
 - d_sub 600 : OOB 0.4594 : L 15 : T 10.4 sec
 - d_sub 600 : OOB 0.4557 : L 16 : T 11.4 sec
 - d_sub 600 : OOB 0.4588 : L 17 : T 11.5 sec
 - d_sub 600 : OOB 0.4531 : L 18 : T 11.6 sec
 - d_sub 600 : OOB 0.4525 : L 19 : T 11.7 sec
 - d_sub 600 : OOB 0.4520 : L 20 : T 13.6 sec
 - d_sub 600 : OOB 0.4525 : L 21 : T 13.7 sec
 - d_sub 600 : OOB 0.4523 : L 22 : T 13.8 sec
 - d_sub 600 : OOB 0.4524 : L 23 : T 14.5 sec
 - d_sub 600 : OOB 0.4517 : L 24 : T 14.6 sec
 - d_sub 600 : OOB 0.4503 : L 25 : T 14.7 sec
 - d_sub 600 : OOB 0.4520 : L 26 : T 14.8 sec
 - d_sub 600 : OOB 0.4525 : L 27 : T 16.1 sec
 - d_sub 600 : OOB 0.4542 : L 28 : T 16.2 sec
 - d_sub 600 : OOB 0.4508 : L 29 : T 17.1 sec
 - d_sub 600 : OOB 0.4483 : L 30 : T 18.2 sec
 - d_sub 600 : OOB 0.4531 : L 31 : T 18.3 sec
 - d_sub 600 : OOB 0.4514 : L 32 : T 18.4 sec
 - d_sub 600 : OOB 0.4520 : L 33 : T 19.4 sec
 - d_sub 600 : OOB 0.4507 : L 34 : T 20.6 sec
 - d_sub 600 : OOB 0.4513 : L 35 : T 20.7 sec
 - d_sub 600 : OOB 0.4500 : L 36 : T 20.8 sec
 - d_sub 600 : OOB 0.4486 : L 37 : T 20.9 sec
 - d_sub 600 : OOB 0.4494 : L 38 : T 22.2 sec
 - d_sub 600 : OOB 0.4520 : L 39 : T 22.3 sec
 - d_sub 600 : OOB 0.4527 : L 40 : T 22.4 sec
 - d_sub 600 : OOB 0.4500 : L 41 : T 22.5 sec
 - d_sub 600 : OOB 0.4511 : L 42 : T 22.6 sec
 - d_sub 600 : OOB 0.4504 : L 43 : T 22.7 sec
 - d_sub 600 : OOB 0.4521 : L 44 : T 23.5 sec
 - d_sub 600 : OOB 0.4494 : L 45 : T 25.1 sec
 - d_sub 600 : OOB 0.4487 : L 46 : T 25.2 sec
 - d_sub 600 : OOB 0.4498 : L 47 : T 25.3 sec
 - d_sub 600 : OOB 0.4483 : L 48 : T 25.4 sec
 - d_sub 600 : OOB 0.4498 : L 49 : T 25.6 sec
 - d_sub 600 : OOB 0.4491 : L 50 : T 28.1 sec
 - d_sub 600 : OOB 0.4504 : L 51 : T 28.2 sec
 - d_sub 600 : OOB 0.4475 : L 52 : T 29.3 sec
 - d_sub 600 : OOB 0.4482 : L 53 : T 30.3 sec
 - d_sub 600 : OOB 0.4488 : L 54 : T 30.4 sec
 - d_sub 600 : OOB 0.4524 : L 55 : T 30.5 sec
 - d_sub 600 : OOB 0.4506 : L 56 : T 30.6 sec
 - d_sub 600 : OOB 0.4497 : L 57 : T 32.4 sec
 - d_sub 600 : OOB 0.4491 : L 58 : T 32.5 sec
 - d_sub 600 : OOB 0.4493 : L 59 : T 34.6 sec
 - d_sub 600 : OOB 0.4498 : L 60 : T 35.5 sec
 - d_sub 600 : OOB 0.4505 : L 61 : T 36.4 sec
 - d_sub 600 : OOB 0.4510 : L 62 : T 37.5 sec
 - d_sub 600 : OOB 0.4494 : L 63 : T 39.1 sec
 - d_sub 600 : OOB 0.4487 : L 64 : T 39.2 sec
 - d_sub 600 : OOB 0.4477 : L 65 : T 39.3 sec
 - d_sub 600 : OOB 0.4488 : L 66 : T 40.2 sec

 - d_sub 800 : OOB 0.4837 : L 1 : T 1.0 sec
 - d_sub 800 : OOB 0.4733 : L 2 : T 2.0 sec
 - d_sub 800 : OOB 0.4687 : L 3 : T 2.1 sec
 - d_sub 800 : OOB 0.4697 : L 4 : T 2.3 sec
 - d_sub 800 : OOB 0.4596 : L 5 : T 2.4 sec
 - d_sub 800 : OOB 0.4581 : L 6 : T 3.9 sec
 - d_sub 800 : OOB 0.4578 : L 7 : T 5.3 sec
 - d_sub 800 : OOB 0.4592 : L 8 : T 6.5 sec
 - d_sub 800 : OOB 0.4543 : L 9 : T 8.2 sec
 - d_sub 800 : OOB 0.4584 : L 10 : T 9.9 sec
 - d_sub 800 : OOB 0.4508 : L 11 : T 11.9 sec
 - d_sub 800 : OOB 0.4524 : L 12 : T 13.1 sec
 - d_sub 800 : OOB 0.4560 : L 13 : T 13.2 sec
 - d_sub 800 : OOB 0.4528 : L 14 : T 13.4 sec
 - d_sub 800 : OOB 0.4518 : L 15 : T 13.5 sec
 - d_sub 800 : OOB 0.4484 : L 16 : T 14.5 sec
 - d_sub 800 : OOB 0.4508 : L 17 : T 16.6 sec
 - d_sub 800 : OOB 0.4476 : L 18 : T 17.7 sec
 - d_sub 800 : OOB 0.4488 : L 19 : T 17.9 sec
 - d_sub 800 : OOB 0.4508 : L 20 : T 18.0 sec
 - d_sub 800 : OOB 0.4465 : L 21 : T 20.1 sec
 - d_sub 800 : OOB 0.4461 : L 22 : T 21.3 sec
 - d_sub 800 : OOB 0.4463 : L 23 : T 21.4 sec
 - d_sub 800 : OOB 0.4453 : L 24 : T 21.6 sec
 - d_sub 800 : OOB 0.4472 : L 25 : T 21.7 sec
 - d_sub 800 : OOB 0.4474 : L 26 : T 24.3 sec
 - d_sub 800 : OOB 0.4482 : L 27 : T 26.2 sec
 - d_sub 800 : OOB 0.4482 : L 28 : T 27.8 sec
 - d_sub 800 : OOB 0.4456 : L 29 : T 28.0 sec
 - d_sub 800 : OOB 0.4440 : L 30 : T 28.2 sec
 - d_sub 800 : OOB 0.4476 : L 31 : T 29.3 sec
 - d_sub 800 : OOB 0.4451 : L 32 : T 30.8 sec
 - d_sub 800 : OOB 0.4447 : L 33 : T 32.2 sec
 - d_sub 800 : OOB 0.4456 : L 34 : T 33.2 sec
 - d_sub 800 : OOB 0.4439 : L 35 : T 33.4 sec
 - d_sub 800 : OOB 0.4454 : L 36 : T 33.5 sec
 - d_sub 800 : OOB 0.4429 : L 37 : T 33.7 sec
 - d_sub 800 : OOB 0.4432 : L 38 : T 34.6 sec
 - d_sub 800 : OOB 0.4462 : L 39 : T 34.7 sec
 - d_sub 800 : OOB 0.4451 : L 40 : T 34.9 sec
 - d_sub 800 : OOB 0.4443 : L 41 : T 35.0 sec
 - d_sub 800 : OOB 0.4430 : L 42 : T 36.4 sec
 - d_sub 800 : OOB 0.4409 : L 43 : T 37.4 sec
 - d_sub 800 : OOB 0.4440 : L 44 : T 37.5 sec
 - d_sub 800 : OOB 0.4437 : L 45 : T 37.7 sec
 - d_sub 800 : OOB 0.4435 : L 46 : T 37.8 sec
 - d_sub 800 : OOB 0.4432 : L 47 : T 38.5 sec
 - d_sub 800 : OOB 0.4427 : L 48 : T 38.7 sec
 - d_sub 800 : OOB 0.4451 : L 49 : T 38.8 sec
 - d_sub 800 : OOB 0.4450 : L 50 : T 38.9 sec
 - d_sub 800 : OOB 0.4447 : L 51 : T 39.1 sec
 - d_sub 800 : OOB 0.4429 : L 52 : T 39.2 sec
 - d_sub 800 : OOB 0.4434 : L 53 : T 39.3 sec
 - d_sub 800 : OOB 0.4424 : L 54 : T 39.5 sec
 - d_sub 800 : OOB 0.4426 : L 55 : T 39.6 sec
 - d_sub 800 : OOB 0.4427 : L 56 : T 39.7 sec
 - d_sub 800 : OOB 0.4452 : L 57 : T 39.9 sec
 - d_sub 800 : OOB 0.4439 : L 58 : T 40.0 sec
 - d_sub 800 : OOB 0.4432 : L 59 : T 40.2 sec
 - d_sub 800 : OOB 0.4441 : L 60 : T 40.3 sec
 - d_sub 800 : OOB 0.4462 : L 61 : T 40.4 sec
 - d_sub 800 : OOB 0.4440 : L 62 : T 40.6 sec
 - d_sub 800 : OOB 0.4432 : L 63 : T 40.7 sec
 - d_sub 800 : OOB 0.4455 : L 64 : T 40.8 sec
 - d_sub 800 : OOB 0.4451 : L 65 : T 41.0 sec
 - d_sub 800 : OOB 0.4439 : L 66 : T 41.1 sec
 - d_sub 800 : OOB 0.4436 : L 67 : T 41.3 sec
 - d_sub 800 : OOB 0.4437 : L 68 : T 41.4 sec

 - d_sub 1000 : OOB 0.4820 : L 1 : T 0.2 sec
 - d_sub 1000 : OOB 0.4697 : L 2 : T 1.0 sec
 - d_sub 1000 : OOB 0.4689 : L 3 : T 1.9 sec
 - d_sub 1000 : OOB 0.4688 : L 4 : T 2.9 sec
 - d_sub 1000 : OOB 0.4595 : L 5 : T 3.1 sec
 - d_sub 1000 : OOB 0.4586 : L 6 : T 3.3 sec
 - d_sub 1000 : OOB 0.4611 : L 7 : T 3.5 sec
 - d_sub 1000 : OOB 0.4616 : L 8 : T 3.7 sec
 - d_sub 1000 : OOB 0.4582 : L 9 : T 3.9 sec
 - d_sub 1000 : OOB 0.4561 : L 10 : T 4.1 sec
 - d_sub 1000 : OOB 0.4526 : L 11 : T 4.3 sec
 - d_sub 1000 : OOB 0.4561 : L 12 : T 4.5 sec
 - d_sub 1000 : OOB 0.4552 : L 13 : T 4.7 sec
 - d_sub 1000 : OOB 0.4534 : L 14 : T 4.9 sec
 - d_sub 1000 : OOB 0.4524 : L 15 : T 6.6 sec
 - d_sub 1000 : OOB 0.4489 : L 16 : T 7.7 sec
 - d_sub 1000 : OOB 0.4524 : L 17 : T 7.9 sec
 - d_sub 1000 : OOB 0.4509 : L 18 : T 8.1 sec
 - d_sub 1000 : OOB 0.4500 : L 19 : T 8.3 sec
 - d_sub 1000 : OOB 0.4487 : L 20 : T 8.5 sec
 - d_sub 1000 : OOB 0.4517 : L 21 : T 8.7 sec
 - d_sub 1000 : OOB 0.4475 : L 22 : T 8.9 sec
 - d_sub 1000 : OOB 0.4478 : L 23 : T 9.0 sec
 - d_sub 1000 : OOB 0.4464 : L 24 : T 9.2 sec
 - d_sub 1000 : OOB 0.4484 : L 25 : T 10.5 sec
 - d_sub 1000 : OOB 0.4466 : L 26 : T 11.5 sec
 - d_sub 1000 : OOB 0.4460 : L 27 : T 11.7 sec
 - d_sub 1000 : OOB 0.4470 : L 28 : T 11.9 sec
 - d_sub 1000 : OOB 0.4470 : L 29 : T 12.1 sec
 - d_sub 1000 : OOB 0.4465 : L 30 : T 12.3 sec
 - d_sub 1000 : OOB 0.4483 : L 31 : T 12.5 sec
 - d_sub 1000 : OOB 0.4445 : L 32 : T 12.7 sec
 - d_sub 1000 : OOB 0.4451 : L 33 : T 12.9 sec
 - d_sub 1000 : OOB 0.4436 : L 34 : T 14.0 sec
 - d_sub 1000 : OOB 0.4433 : L 35 : T 15.0 sec
 - d_sub 1000 : OOB 0.4419 : L 36 : T 16.1 sec
 - d_sub 1000 : OOB 0.4422 : L 37 : T 16.3 sec
 - d_sub 1000 : OOB 0.4430 : L 38 : T 16.5 sec
 - d_sub 1000 : OOB 0.4450 : L 39 : T 16.7 sec
 - d_sub 1000 : OOB 0.4422 : L 40 : T 16.9 sec
 - d_sub 1000 : OOB 0.4403 : L 41 : T 17.1 sec
 - d_sub 1000 : OOB 0.4417 : L 42 : T 17.3 sec
 - d_sub 1000 : OOB 0.4427 : L 43 : T 17.4 sec
 - d_sub 1000 : OOB 0.4438 : L 44 : T 17.6 sec
 - d_sub 1000 : OOB 0.4420 : L 45 : T 18.8 sec
 - d_sub 1000 : OOB 0.4409 : L 46 : T 19.7 sec
 - d_sub 1000 : OOB 0.4423 : L 47 : T 20.5 sec
 - d_sub 1000 : OOB 0.4408 : L 48 : T 20.7 sec
 - d_sub 1000 : OOB 0.4389 : L 49 : T 20.9 sec
 - d_sub 1000 : OOB 0.4393 : L 50 : T 21.9 sec
 - d_sub 1000 : OOB 0.4399 : L 51 : T 22.9 sec
 - d_sub 1000 : OOB 0.4424 : L 52 : T 23.8 sec
 - d_sub 1000 : OOB 0.4405 : L 53 : T 24.5 sec
 - d_sub 1000 : OOB 0.4409 : L 54 : T 25.6 sec
 - d_sub 1000 : OOB 0.4401 : L 55 : T 25.8 sec
 - d_sub 1000 : OOB 0.4412 : L 56 : T 26.0 sec
 - d_sub 1000 : OOB 0.4405 : L 57 : T 26.1 sec
 - d_sub 1000 : OOB 0.4408 : L 58 : T 26.3 sec
 - d_sub 1000 : OOB 0.4390 : L 59 : T 26.5 sec
 - d_sub 1000 : OOB 0.4399 : L 60 : T 26.7 sec
 - d_sub 1000 : OOB 0.4394 : L 61 : T 26.9 sec
 - d_sub 1000 : OOB 0.4375 : L 62 : T 27.0 sec
 - d_sub 1000 : OOB 0.4407 : L 63 : T 28.0 sec
 - d_sub 1000 : OOB 0.4402 : L 64 : T 28.6 sec
 - d_sub 1000 : OOB 0.4395 : L 65 : T 28.8 sec
 - d_sub 1000 : OOB 0.4398 : L 66 : T 29.0 sec
 - d_sub 1000 : OOB 0.4407 : L 67 : T 29.2 sec
 - d_sub 1000 : OOB 0.4396 : L 68 : T 29.4 sec
 - d_sub 1000 : OOB 0.4378 : L 69 : T 29.6 sec
 - d_sub 1000 : OOB 0.4392 : L 70 : T 29.8 sec
 - d_sub 1000 : OOB 0.4363 : L 71 : T 30.8 sec
 - d_sub 1000 : OOB 0.4385 : L 72 : T 31.9 sec
 - d_sub 1000 : OOB 0.4381 : L 73 : T 32.1 sec
 - d_sub 1000 : OOB 0.4368 : L 74 : T 32.3 sec
 - d_sub 1000 : OOB 0.4388 : L 75 : T 32.5 sec
 - d_sub 1000 : OOB 0.4374 : L 76 : T 32.7 sec
 - d_sub 1000 : OOB 0.4401 : L 77 : T 32.9 sec
 - d_sub 1000 : OOB 0.4407 : L 78 : T 33.1 sec
 - d_sub 1000 : OOB 0.4403 : L 79 : T 33.3 sec
 - d_sub 1000 : OOB 0.4403 : L 80 : T 33.5 sec
 - d_sub 1000 : OOB 0.4409 : L 81 : T 33.7 sec
 - d_sub 1000 : OOB 0.4421 : L 82 : T 34.8 sec
 - d_sub 1000 : OOB 0.4433 : L 83 : T 35.7 sec
 - d_sub 1000 : OOB 0.4403 : L 84 : T 36.6 sec
 - d_sub 1000 : OOB 0.4393 : L 85 : T 37.7 sec
 - d_sub 1000 : OOB 0.4407 : L 86 : T 37.9 sec

 - d_sub 1200 : OOB 0.4847 : L 1 : T 0.2 sec
 - d_sub 1200 : OOB 0.4724 : L 2 : T 0.5 sec
 - d_sub 1200 : OOB 0.4696 : L 3 : T 1.6 sec
 - d_sub 1200 : OOB 0.4713 : L 4 : T 2.6 sec
 - d_sub 1200 : OOB 0.4620 : L 5 : T 2.9 sec
 - d_sub 1200 : OOB 0.4575 : L 6 : T 4.4 sec
 - d_sub 1200 : OOB 0.4578 : L 7 : T 6.0 sec
 - d_sub 1200 : OOB 0.4590 : L 8 : T 8.1 sec
 - d_sub 1200 : OOB 0.4497 : L 9 : T 8.3 sec
 - d_sub 1200 : OOB 0.4529 : L 10 : T 8.6 sec
 - d_sub 1200 : OOB 0.4471 : L 11 : T 11.2 sec
 - d_sub 1200 : OOB 0.4485 : L 12 : T 11.5 sec
 - d_sub 1200 : OOB 0.4513 : L 13 : T 11.7 sec
 - d_sub 1200 : OOB 0.4506 : L 14 : T 12.0 sec
 - d_sub 1200 : OOB 0.4537 : L 15 : T 14.0 sec
 - d_sub 1200 : OOB 0.4503 : L 16 : T 14.2 sec
 - d_sub 1200 : OOB 0.4491 : L 17 : T 14.5 sec
 - d_sub 1200 : OOB 0.4489 : L 18 : T 16.6 sec
 - d_sub 1200 : OOB 0.4477 : L 19 : T 16.9 sec
 - d_sub 1200 : OOB 0.4469 : L 20 : T 17.2 sec
 - d_sub 1200 : OOB 0.4499 : L 21 : T 17.4 sec
 - d_sub 1200 : OOB 0.4476 : L 22 : T 17.6 sec
 - d_sub 1200 : OOB 0.4440 : L 23 : T 19.5 sec
 - d_sub 1200 : OOB 0.4481 : L 24 : T 19.8 sec
 - d_sub 1200 : OOB 0.4492 : L 25 : T 20.0 sec
 - d_sub 1200 : OOB 0.4470 : L 26 : T 21.8 sec
 - d_sub 1200 : OOB 0.4433 : L 27 : T 22.8 sec
 - d_sub 1200 : OOB 0.4464 : L 28 : T 23.1 sec
 - d_sub 1200 : OOB 0.4449 : L 29 : T 25.0 sec
 - d_sub 1200 : OOB 0.4469 : L 30 : T 25.3 sec
 - d_sub 1200 : OOB 0.4458 : L 31 : T 25.5 sec
 - d_sub 1200 : OOB 0.4432 : L 32 : T 26.4 sec
 - d_sub 1200 : OOB 0.4469 : L 33 : T 28.0 sec
 - d_sub 1200 : OOB 0.4456 : L 34 : T 28.2 sec
 - d_sub 1200 : OOB 0.4463 : L 35 : T 28.5 sec
 - d_sub 1200 : OOB 0.4477 : L 36 : T 28.7 sec
 - d_sub 1200 : OOB 0.4484 : L 37 : T 30.9 sec
 - d_sub 1200 : OOB 0.4449 : L 38 : T 31.1 sec
 - d_sub 1200 : OOB 0.4465 : L 39 : T 31.4 sec
 - d_sub 1200 : OOB 0.4460 : L 40 : T 31.6 sec
 - d_sub 1200 : OOB 0.4449 : L 41 : T 33.5 sec
 - d_sub 1200 : OOB 0.4435 : L 42 : T 33.8 sec
 - d_sub 1200 : OOB 0.4446 : L 43 : T 34.1 sec
 - d_sub 1200 : OOB 0.4438 : L 44 : T 35.9 sec
 - d_sub 1200 : OOB 0.4424 : L 45 : T 37.6 sec
 - d_sub 1200 : OOB 0.4460 : L 46 : T 39.3 sec
 - d_sub 1200 : OOB 0.4411 : L 47 : T 41.0 sec
 - d_sub 1200 : OOB 0.4458 : L 48 : T 42.5 sec
 - d_sub 1200 : OOB 0.4449 : L 49 : T 44.1 sec
 - d_sub 1200 : OOB 0.4457 : L 50 : T 45.9 sec
 - d_sub 1200 : OOB 0.4427 : L 51 : T 47.0 sec
 - d_sub 1200 : OOB 0.4414 : L 52 : T 48.0 sec
 - d_sub 1200 : OOB 0.4415 : L 53 : T 50.7 sec
 - d_sub 1200 : OOB 0.4435 : L 54 : T 51.0 sec
 - d_sub 1200 : OOB 0.4413 : L 55 : T 51.3 sec
 - d_sub 1200 : OOB 0.4420 : L 56 : T 51.5 sec
 - d_sub 1200 : OOB 0.4397 : L 57 : T 52.8 sec
 - d_sub 1200 : OOB 0.4380 : L 58 : T 53.6 sec
 - d_sub 1200 : OOB 0.4387 : L 59 : T 54.9 sec
 - d_sub 1200 : OOB 0.4376 : L 60 : T 55.1 sec
 - d_sub 1200 : OOB 0.4382 : L 61 : T 56.2 sec
 - d_sub 1200 : OOB 0.4379 : L 62 : T 56.4 sec
 - d_sub 1200 : OOB 0.4381 : L 63 : T 59.2 sec
 - d_sub 1200 : OOB 0.4392 : L 64 : T 59.4 sec
 - d_sub 1200 : OOB 0.4395 : L 65 : T 59.7 sec
 - d_sub 1200 : OOB 0.4385 : L 66 : T 60.9 sec
 - d_sub 1200 : OOB 0.4384 : L 67 : T 62.7 sec
 - d_sub 1200 : OOB 0.4399 : L 68 : T 64.0 sec
 - d_sub 1200 : OOB 0.4410 : L 69 : T 64.7 sec
 - d_sub 1200 : OOB 0.4416 : L 70 : T 65.6 sec
 - d_sub 1200 : OOB 0.4412 : L 71 : T 67.6 sec
 - d_sub 1200 : OOB 0.4419 : L 72 : T 69.4 sec
 - d_sub 1200 : OOB 0.4389 : L 73 : T 70.3 sec
 - d_sub 1200 : OOB 0.4415 : L 74 : T 70.6 sec
 - d_sub 1200 : OOB 0.4405 : L 75 : T 71.8 sec
 - d_sub 1200 : OOB 0.4398 : L 76 : T 74.2 sec
 - d_sub 1200 : OOB 0.4405 : L 77 : T 74.4 sec
 - d_sub 1200 : OOB 0.4397 : L 78 : T 74.7 sec
 - d_sub 1200 : OOB 0.4411 : L 79 : T 74.9 sec
 - d_sub 1200 : OOB 0.4417 : L 80 : T 76.8 sec
 - d_sub 1200 : OOB 0.4401 : L 81 : T 78.6 sec
 - d_sub 1200 : OOB 0.4414 : L 82 : T 80.3 sec
 - d_sub 1200 : OOB 0.4405 : L 83 : T 82.8 sec
 - d_sub 1200 : OOB 0.4416 : L 84 : T 83.1 sec
 - d_sub 1200 : OOB 0.4413 : L 85 : T 83.3 sec
 - d_sub 1200 : OOB 0.4400 : L 86 : T 83.6 sec
 - d_sub 1200 : OOB 0.4406 : L 87 : T 85.2 sec
 - d_sub 1200 : OOB 0.4404 : L 88 : T 85.5 sec
 - d_sub 1200 : OOB 0.4416 : L 89 : T 86.7 sec
 - d_sub 1200 : OOB 0.4418 : L 90 : T 86.9 sec
 - d_sub 1200 : OOB 0.4419 : L 91 : T 87.2 sec
 - d_sub 1200 : OOB 0.4387 : L 92 : T 87.4 sec
 - d_sub 1200 : OOB 0.4400 : L 93 : T 88.6 sec
 - d_sub 1200 : OOB 0.4404 : L 94 : T 88.8 sec
 - d_sub 1200 : OOB 0.4404 : L 95 : T 89.1 sec
 - d_sub 1200 : OOB 0.4404 : L 96 : T 90.2 sec
 - d_sub 1200 : OOB 0.4405 : L 97 : T 90.4 sec
 - d_sub 1200 : OOB 0.4396 : L 98 : T 90.7 sec
 - d_sub 1200 : OOB 0.4380 : L 99 : T 91.5 sec

 - d_sub 1400 : OOB 0.4845 : L 1 : T 2.8 sec
 - d_sub 1400 : OOB 0.4757 : L 2 : T 3.1 sec
 - d_sub 1400 : OOB 0.4738 : L 3 : T 3.4 sec
 - d_sub 1400 : OOB 0.4750 : L 4 : T 4.4 sec
 - d_sub 1400 : OOB 0.4613 : L 5 : T 4.8 sec
 - d_sub 1400 : OOB 0.4567 : L 6 : T 6.0 sec
 - d_sub 1400 : OOB 0.4586 : L 7 : T 6.4 sec
 - d_sub 1400 : OOB 0.4603 : L 8 : T 8.3 sec
 - d_sub 1400 : OOB 0.4553 : L 9 : T 8.6 sec
 - d_sub 1400 : OOB 0.4562 : L 10 : T 8.9 sec
 - d_sub 1400 : OOB 0.4526 : L 11 : T 9.8 sec
 - d_sub 1400 : OOB 0.4534 : L 12 : T 10.1 sec
 - d_sub 1400 : OOB 0.4540 : L 13 : T 10.4 sec
 - d_sub 1400 : OOB 0.4519 : L 14 : T 11.5 sec
 - d_sub 1400 : OOB 0.4514 : L 15 : T 14.7 sec
 - d_sub 1400 : OOB 0.4502 : L 16 : T 15.0 sec
 - d_sub 1400 : OOB 0.4472 : L 17 : T 15.3 sec
 - d_sub 1400 : OOB 0.4476 : L 18 : T 17.2 sec
 - d_sub 1400 : OOB 0.4489 : L 19 : T 17.5 sec
 - d_sub 1400 : OOB 0.4492 : L 20 : T 18.7 sec
 - d_sub 1400 : OOB 0.4494 : L 21 : T 20.1 sec
 - d_sub 1400 : OOB 0.4470 : L 22 : T 21.1 sec
 - d_sub 1400 : OOB 0.4466 : L 23 : T 21.4 sec
 - d_sub 1400 : OOB 0.4482 : L 24 : T 22.7 sec
 - d_sub 1400 : OOB 0.4475 : L 25 : T 24.9 sec
 - d_sub 1400 : OOB 0.4452 : L 26 : T 25.2 sec
 - d_sub 1400 : OOB 0.4466 : L 27 : T 25.6 sec
 - d_sub 1400 : OOB 0.4443 : L 28 : T 27.2 sec
 - d_sub 1400 : OOB 0.4436 : L 29 : T 28.5 sec
 - d_sub 1400 : OOB 0.4471 : L 30 : T 28.9 sec
 - d_sub 1400 : OOB 0.4451 : L 31 : T 32.1 sec
 - d_sub 1400 : OOB 0.4448 : L 32 : T 32.4 sec
 - d_sub 1400 : OOB 0.4444 : L 33 : T 32.7 sec
 - d_sub 1400 : OOB 0.4453 : L 34 : T 33.9 sec
 - d_sub 1400 : OOB 0.4456 : L 35 : T 34.2 sec
 - d_sub 1400 : OOB 0.4455 : L 36 : T 34.5 sec
 - d_sub 1400 : OOB 0.4436 : L 37 : T 36.8 sec
 - d_sub 1400 : OOB 0.4436 : L 38 : T 37.1 sec
 - d_sub 1400 : OOB 0.4420 : L 39 : T 37.4 sec
 - d_sub 1400 : OOB 0.4425 : L 40 : T 40.5 sec
 - d_sub 1400 : OOB 0.4428 : L 41 : T 40.8 sec
 - d_sub 1400 : OOB 0.4456 : L 42 : T 41.1 sec
 - d_sub 1400 : OOB 0.4427 : L 43 : T 42.5 sec
 - d_sub 1400 : OOB 0.4436 : L 44 : T 42.8 sec
 - d_sub 1400 : OOB 0.4450 : L 45 : T 44.2 sec
 - d_sub 1400 : OOB 0.4431 : L 46 : T 44.5 sec
 - d_sub 1400 : OOB 0.4419 : L 47 : T 47.7 sec
 - d_sub 1400 : OOB 0.4414 : L 48 : T 48.0 sec
 - d_sub 1400 : OOB 0.4416 : L 49 : T 49.4 sec
 - d_sub 1400 : OOB 0.4407 : L 50 : T 49.7 sec
 - d_sub 1400 : OOB 0.4410 : L 51 : T 51.1 sec
 - d_sub 1400 : OOB 0.4419 : L 52 : T 51.5 sec
 - d_sub 1400 : OOB 0.4405 : L 53 : T 53.8 sec
 - d_sub 1400 : OOB 0.4403 : L 54 : T 54.1 sec
 - d_sub 1400 : OOB 0.4400 : L 55 : T 54.4 sec
 - d_sub 1400 : OOB 0.4389 : L 56 : T 58.2 sec
 - d_sub 1400 : OOB 0.4392 : L 57 : T 58.5 sec
 - d_sub 1400 : OOB 0.4395 : L 58 : T 58.8 sec
 - d_sub 1400 : OOB 0.4393 : L 59 : T 62.4 sec
 - d_sub 1400 : OOB 0.4400 : L 60 : T 62.7 sec
 - d_sub 1400 : OOB 0.4395 : L 61 : T 63.0 sec
 - d_sub 1400 : OOB 0.4396 : L 62 : T 65.2 sec
 - d_sub 1400 : OOB 0.4402 : L 63 : T 68.8 sec
 - d_sub 1400 : OOB 0.4409 : L 64 : T 69.1 sec
 - d_sub 1400 : OOB 0.4420 : L 65 : T 69.4 sec
 - d_sub 1400 : OOB 0.4417 : L 66 : T 69.7 sec
 - d_sub 1400 : OOB 0.4414 : L 67 : T 73.3 sec
 - d_sub 1400 : OOB 0.4416 : L 68 : T 73.6 sec
 - d_sub 1400 : OOB 0.4426 : L 69 : T 73.8 sec
 - d_sub 1400 : OOB 0.4406 : L 70 : T 74.8 sec
 - d_sub 1400 : OOB 0.4402 : L 71 : T 75.1 sec
 - d_sub 1400 : OOB 0.4398 : L 72 : T 75.3 sec
 - d_sub 1400 : OOB 0.4416 : L 73 : T 75.6 sec
 - d_sub 1400 : OOB 0.4409 : L 74 : T 75.9 sec
 - d_sub 1400 : OOB 0.4401 : L 75 : T 78.5 sec
 - d_sub 1400 : OOB 0.4413 : L 76 : T 80.5 sec
 - d_sub 1400 : OOB 0.4418 : L 77 : T 80.8 sec
 - d_sub 1400 : OOB 0.4410 : L 78 : T 81.1 sec
 - d_sub 1400 : OOB 0.4414 : L 79 : T 81.3 sec
 - d_sub 1400 : OOB 0.4416 : L 80 : T 81.6 sec
 - d_sub 1400 : OOB 0.4431 : L 81 : T 81.9 sec
 - d_sub 1400 : OOB 0.4416 : L 82 : T 83.1 sec
 - d_sub 1400 : OOB 0.4420 : L 83 : T 83.4 sec
 - d_sub 1400 : OOB 0.4402 : L 84 : T 83.6 sec

 - d_sub 1600 : OOB 0.4851 : L 1 : T 0.4 sec
 - d_sub 1600 : OOB 0.4736 : L 2 : T 4.0 sec
 - d_sub 1600 : OOB 0.4702 : L 3 : T 5.0 sec
 - d_sub 1600 : OOB 0.4715 : L 4 : T 8.9 sec
 - d_sub 1600 : OOB 0.4627 : L 5 : T 9.3 sec
 - d_sub 1600 : OOB 0.4596 : L 6 : T 11.4 sec
 - d_sub 1600 : OOB 0.4588 : L 7 : T 14.4 sec
 - d_sub 1600 : OOB 0.4581 : L 8 : T 14.8 sec
 - d_sub 1600 : OOB 0.4534 : L 9 : T 16.0 sec
 - d_sub 1600 : OOB 0.4560 : L 10 : T 17.4 sec
 - d_sub 1600 : OOB 0.4533 : L 11 : T 17.7 sec
 - d_sub 1600 : OOB 0.4504 : L 12 : T 18.8 sec
 - d_sub 1600 : OOB 0.4514 : L 13 : T 21.9 sec
 - d_sub 1600 : OOB 0.4492 : L 14 : T 22.3 sec
 - d_sub 1600 : OOB 0.4485 : L 15 : T 23.6 sec
 - d_sub 1600 : OOB 0.4501 : L 16 : T 24.5 sec
 - d_sub 1600 : OOB 0.4471 : L 17 : T 27.0 sec
 - d_sub 1600 : OOB 0.4466 : L 18 : T 28.2 sec
 - d_sub 1600 : OOB 0.4494 : L 19 : T 31.5 sec
 - d_sub 1600 : OOB 0.4509 : L 20 : T 35.2 sec
 - d_sub 1600 : OOB 0.4478 : L 21 : T 39.1 sec
 - d_sub 1600 : OOB 0.4473 : L 22 : T 40.3 sec
 - d_sub 1600 : OOB 0.4463 : L 23 : T 42.6 sec
 - d_sub 1600 : OOB 0.4444 : L 24 : T 43.0 sec
 - d_sub 1600 : OOB 0.4460 : L 25 : T 45.5 sec
 - d_sub 1600 : OOB 0.4426 : L 26 : T 48.8 sec
 - d_sub 1600 : OOB 0.4443 : L 27 : T 49.2 sec
 - d_sub 1600 : OOB 0.4441 : L 28 : T 50.6 sec
 - d_sub 1600 : OOB 0.4467 : L 29 : T 52.0 sec
 - d_sub 1600 : OOB 0.4431 : L 30 : T 52.4 sec
 - d_sub 1600 : OOB 0.4455 : L 31 : T 55.6 sec
 - d_sub 1600 : OOB 0.4434 : L 32 : T 58.5 sec
 - d_sub 1600 : OOB 0.4432 : L 33 : T 58.9 sec
 - d_sub 1600 : OOB 0.4434 : L 34 : T 62.0 sec
 - d_sub 1600 : OOB 0.4438 : L 35 : T 62.3 sec
 - d_sub 1600 : OOB 0.4428 : L 36 : T 64.2 sec
 - d_sub 1600 : OOB 0.4405 : L 37 : T 64.6 sec
 - d_sub 1600 : OOB 0.4391 : L 38 : T 67.6 sec
 - d_sub 1600 : OOB 0.4389 : L 39 : T 70.6 sec
 - d_sub 1600 : OOB 0.4390 : L 40 : T 71.0 sec
 - d_sub 1600 : OOB 0.4425 : L 41 : T 75.6 sec
 - d_sub 1600 : OOB 0.4398 : L 42 : T 76.0 sec
 - d_sub 1600 : OOB 0.4403 : L 43 : T 77.3 sec
 - d_sub 1600 : OOB 0.4404 : L 44 : T 77.6 sec
 - d_sub 1600 : OOB 0.4416 : L 45 : T 79.8 sec
 - d_sub 1600 : OOB 0.4405 : L 46 : T 81.2 sec
 - d_sub 1600 : OOB 0.4400 : L 47 : T 84.1 sec
 - d_sub 1600 : OOB 0.4383 : L 48 : T 87.7 sec
 - d_sub 1600 : OOB 0.4390 : L 49 : T 88.1 sec
 - d_sub 1600 : OOB 0.4369 : L 50 : T 89.4 sec
 - d_sub 1600 : OOB 0.4386 : L 51 : T 90.9 sec
 - d_sub 1600 : OOB 0.4392 : L 52 : T 91.3 sec
 - d_sub 1600 : OOB 0.4413 : L 53 : T 95.4 sec
 - d_sub 1600 : OOB 0.4403 : L 54 : T 96.7 sec
 - d_sub 1600 : OOB 0.4397 : L 55 : T 97.1 sec
 - d_sub 1600 : OOB 0.4383 : L 56 : T 98.3 sec
 - d_sub 1600 : OOB 0.4384 : L 57 : T 98.7 sec
 - d_sub 1600 : OOB 0.4372 : L 58 : T 101.0 sec
 - d_sub 1600 : OOB 0.4394 : L 59 : T 102.3 sec
 - d_sub 1600 : OOB 0.4383 : L 60 : T 102.7 sec
 - d_sub 1600 : OOB 0.4379 : L 61 : T 103.9 sec
 - d_sub 1600 : OOB 0.4382 : L 62 : T 104.3 sec
 - d_sub 1600 : OOB 0.4388 : L 63 : T 105.6 sec
 - d_sub 1600 : OOB 0.4361 : L 64 : T 106.0 sec
 - d_sub 1600 : OOB 0.4378 : L 65 : T 110.6 sec
 - d_sub 1600 : OOB 0.4373 : L 66 : T 111.0 sec
 - d_sub 1600 : OOB 0.4375 : L 67 : T 113.7 sec
 - d_sub 1600 : OOB 0.4370 : L 68 : T 116.8 sec
 - d_sub 1600 : OOB 0.4385 : L 69 : T 119.2 sec
 - d_sub 1600 : OOB 0.4373 : L 70 : T 120.4 sec
 - d_sub 1600 : OOB 0.4380 : L 71 : T 121.8 sec
 - d_sub 1600 : OOB 0.4387 : L 72 : T 122.2 sec
 - d_sub 1600 : OOB 0.4375 : L 73 : T 123.2 sec
 - d_sub 1600 : OOB 0.4376 : L 74 : T 123.6 sec
 - d_sub 1600 : OOB 0.4386 : L 75 : T 127.0 sec
 - d_sub 1600 : OOB 0.4384 : L 76 : T 127.4 sec
 - d_sub 1600 : OOB 0.4374 : L 77 : T 130.4 sec
 - d_sub 1600 : OOB 0.4380 : L 78 : T 131.6 sec
 - d_sub 1600 : OOB 0.4375 : L 79 : T 133.1 sec
 - d_sub 1600 : OOB 0.4371 : L 80 : T 136.1 sec
 - d_sub 1600 : OOB 0.4372 : L 81 : T 138.9 sec
 - d_sub 1600 : OOB 0.4367 : L 82 : T 139.3 sec
 - d_sub 1600 : OOB 0.4370 : L 83 : T 140.6 sec

 - d_sub 1800 : OOB 0.4861 : L 1 : T 1.4 sec
 - d_sub 1800 : OOB 0.4732 : L 2 : T 3.5 sec
 - d_sub 1800 : OOB 0.4691 : L 3 : T 6.8 sec
 - d_sub 1800 : OOB 0.4694 : L 4 : T 9.5 sec
 - d_sub 1800 : OOB 0.4595 : L 5 : T 12.9 sec
 - d_sub 1800 : OOB 0.4543 : L 6 : T 14.1 sec
 - d_sub 1800 : OOB 0.4578 : L 7 : T 15.6 sec
 - d_sub 1800 : OOB 0.4582 : L 8 : T 17.6 sec
 - d_sub 1800 : OOB 0.4503 : L 9 : T 19.7 sec
 - d_sub 1800 : OOB 0.4516 : L 10 : T 22.6 sec
 - d_sub 1800 : OOB 0.4463 : L 11 : T 23.9 sec
 - d_sub 1800 : OOB 0.4488 : L 12 : T 25.3 sec
 - d_sub 1800 : OOB 0.4508 : L 13 : T 28.5 sec
 - d_sub 1800 : OOB 0.4482 : L 14 : T 30.0 sec
 - d_sub 1800 : OOB 0.4474 : L 15 : T 32.1 sec
 - d_sub 1800 : OOB 0.4496 : L 16 : T 34.5 sec
 - d_sub 1800 : OOB 0.4440 : L 17 : T 35.8 sec
 - d_sub 1800 : OOB 0.4442 : L 18 : T 37.6 sec
 - d_sub 1800 : OOB 0.4455 : L 19 : T 38.9 sec
 - d_sub 1800 : OOB 0.4427 : L 20 : T 40.8 sec
 - d_sub 1800 : OOB 0.4463 : L 21 : T 43.3 sec
 - d_sub 1800 : OOB 0.4449 : L 22 : T 44.3 sec
 - d_sub 1800 : OOB 0.4464 : L 23 : T 45.5 sec
 - d_sub 1800 : OOB 0.4440 : L 24 : T 47.0 sec
 - d_sub 1800 : OOB 0.4419 : L 25 : T 48.3 sec
 - d_sub 1800 : OOB 0.4440 : L 26 : T 50.8 sec
 - d_sub 1800 : OOB 0.4417 : L 27 : T 51.7 sec
 - d_sub 1800 : OOB 0.4459 : L 28 : T 54.4 sec
 - d_sub 1800 : OOB 0.4437 : L 29 : T 55.6 sec
 - d_sub 1800 : OOB 0.4437 : L 30 : T 56.8 sec
 - d_sub 1800 : OOB 0.4429 : L 31 : T 58.3 sec
 - d_sub 1800 : OOB 0.4425 : L 32 : T 61.0 sec
 - d_sub 1800 : OOB 0.4402 : L 33 : T 62.8 sec
 - d_sub 1800 : OOB 0.4394 : L 34 : T 64.8 sec
 - d_sub 1800 : OOB 0.4401 : L 35 : T 67.1 sec
 - d_sub 1800 : OOB 0.4370 : L 36 : T 68.2 sec
 - d_sub 1800 : OOB 0.4392 : L 37 : T 71.4 sec
 - d_sub 1800 : OOB 0.4391 : L 38 : T 72.7 sec
 - d_sub 1800 : OOB 0.4418 : L 39 : T 74.0 sec
 - d_sub 1800 : OOB 0.4384 : L 40 : T 76.9 sec
 - d_sub 1800 : OOB 0.4406 : L 41 : T 78.3 sec
 - d_sub 1800 : OOB 0.4389 : L 42 : T 80.8 sec
 - d_sub 1800 : OOB 0.4405 : L 43 : T 82.2 sec
 - d_sub 1800 : OOB 0.4389 : L 44 : T 86.1 sec
 - d_sub 1800 : OOB 0.4391 : L 45 : T 87.3 sec
 - d_sub 1800 : OOB 0.4381 : L 46 : T 91.2 sec
 - d_sub 1800 : OOB 0.4381 : L 47 : T 93.0 sec
 - d_sub 1800 : OOB 0.4402 : L 48 : T 94.5 sec
 - d_sub 1800 : OOB 0.4397 : L 49 : T 96.1 sec
 - d_sub 1800 : OOB 0.4400 : L 50 : T 98.6 sec
 - d_sub 1800 : OOB 0.4405 : L 51 : T 100.8 sec
 - d_sub 1800 : OOB 0.4399 : L 52 : T 105.1 sec
 - d_sub 1800 : OOB 0.4380 : L 53 : T 107.8 sec
 - d_sub 1800 : OOB 0.4377 : L 54 : T 109.1 sec
 - d_sub 1800 : OOB 0.4361 : L 55 : T 111.4 sec
 - d_sub 1800 : OOB 0.4391 : L 56 : T 113.2 sec
 - d_sub 1800 : OOB 0.4363 : L 57 : T 115.8 sec
 - d_sub 1800 : OOB 0.4385 : L 58 : T 118.1 sec
 - d_sub 1800 : OOB 0.4375 : L 59 : T 120.1 sec
 - d_sub 1800 : OOB 0.4333 : L 60 : T 121.4 sec
 - d_sub 1800 : OOB 0.4384 : L 61 : T 125.2 sec
 - d_sub 1800 : OOB 0.4378 : L 62 : T 126.2 sec
 - d_sub 1800 : OOB 0.4388 : L 63 : T 128.9 sec
 - d_sub 1800 : OOB 0.4373 : L 64 : T 131.9 sec
 - d_sub 1800 : OOB 0.4367 : L 65 : T 133.1 sec
 - d_sub 1800 : OOB 0.4374 : L 66 : T 135.4 sec
 - d_sub 1800 : OOB 0.4379 : L 67 : T 136.5 sec
 - d_sub 1800 : OOB 0.4360 : L 68 : T 138.6 sec
 - d_sub 1800 : OOB 0.4383 : L 69 : T 141.9 sec
 - d_sub 1800 : OOB 0.4357 : L 70 : T 145.8 sec
 - d_sub 1800 : OOB 0.4358 : L 71 : T 147.9 sec
 - d_sub 1800 : OOB 0.4370 : L 72 : T 149.3 sec
 - d_sub 1800 : OOB 0.4369 : L 73 : T 150.6 sec
 - d_sub 1800 : OOB 0.4375 : L 74 : T 151.9 sec
 - d_sub 1800 : OOB 0.4355 : L 75 : T 154.1 sec
 - d_sub 1800 : OOB 0.4363 : L 76 : T 155.4 sec
 - d_sub 1800 : OOB 0.4365 : L 77 : T 156.5 sec
 - d_sub 1800 : OOB 0.4368 : L 78 : T 158.3 sec
 - d_sub 1800 : OOB 0.4374 : L 79 : T 159.7 sec
 - d_sub 1800 : OOB 0.4374 : L 80 : T 163.0 sec

 - d_sub 2000 : OOB 0.4826 : L 1 : T 1.5 sec
 - d_sub 2000 : OOB 0.4671 : L 2 : T 4.4 sec
 - d_sub 2000 : OOB 0.4656 : L 3 : T 6.7 sec
 - d_sub 2000 : OOB 0.4686 : L 4 : T 9.6 sec
 - d_sub 2000 : OOB 0.4625 : L 5 : T 12.5 sec
 - d_sub 2000 : OOB 0.4609 : L 6 : T 16.6 sec
 - d_sub 2000 : OOB 0.4561 : L 7 : T 18.4 sec
 - d_sub 2000 : OOB 0.4587 : L 8 : T 21.3 sec
 - d_sub 2000 : OOB 0.4539 : L 9 : T 23.9 sec
 - d_sub 2000 : OOB 0.4514 : L 10 : T 27.6 sec
 - d_sub 2000 : OOB 0.4542 : L 11 : T 31.1 sec
 - d_sub 2000 : OOB 0.4525 : L 12 : T 34.8 sec
 - d_sub 2000 : OOB 0.4506 : L 13 : T 36.1 sec
 - d_sub 2000 : OOB 0.4519 : L 14 : T 38.4 sec
 - d_sub 2000 : OOB 0.4518 : L 15 : T 41.7 sec
 - d_sub 2000 : OOB 0.4475 : L 16 : T 45.0 sec
 - d_sub 2000 : OOB 0.4466 : L 17 : T 46.4 sec
 - d_sub 2000 : OOB 0.4462 : L 18 : T 47.9 sec
 - d_sub 2000 : OOB 0.4444 : L 19 : T 53.2 sec
 - d_sub 2000 : OOB 0.4446 : L 20 : T 54.5 sec
 - d_sub 2000 : OOB 0.4445 : L 21 : T 56.9 sec
 - d_sub 2000 : OOB 0.4435 : L 22 : T 58.5 sec
 - d_sub 2000 : OOB 0.4435 : L 23 : T 61.5 sec
 - d_sub 2000 : OOB 0.4468 : L 24 : T 63.3 sec
 - d_sub 2000 : OOB 0.4438 : L 25 : T 66.3 sec
 - d_sub 2000 : OOB 0.4470 : L 26 : T 67.7 sec
 - d_sub 2000 : OOB 0.4429 : L 27 : T 69.8 sec
 - d_sub 2000 : OOB 0.4428 : L 28 : T 72.7 sec
 - d_sub 2000 : OOB 0.4439 : L 29 : T 75.1 sec
 - d_sub 2000 : OOB 0.4417 : L 30 : T 77.6 sec
 - d_sub 2000 : OOB 0.4434 : L 31 : T 79.2 sec
 - d_sub 2000 : OOB 0.4428 : L 32 : T 83.3 sec
 - d_sub 2000 : OOB 0.4447 : L 33 : T 85.4 sec
 - d_sub 2000 : OOB 0.4413 : L 34 : T 88.0 sec
 - d_sub 2000 : OOB 0.4430 : L 35 : T 89.5 sec
 - d_sub 2000 : OOB 0.4418 : L 36 : T 93.2 sec
 - d_sub 2000 : OOB 0.4428 : L 37 : T 97.2 sec
 - d_sub 2000 : OOB 0.4401 : L 38 : T 100.0 sec
 - d_sub 2000 : OOB 0.4447 : L 39 : T 104.9 sec
 - d_sub 2000 : OOB 0.4427 : L 40 : T 106.3 sec
 - d_sub 2000 : OOB 0.4414 : L 41 : T 109.1 sec
 - d_sub 2000 : OOB 0.4417 : L 42 : T 111.9 sec
 - d_sub 2000 : OOB 0.4410 : L 43 : T 113.4 sec
 - d_sub 2000 : OOB 0.4411 : L 44 : T 116.6 sec
 - d_sub 2000 : OOB 0.4408 : L 45 : T 121.2 sec
 - d_sub 2000 : OOB 0.4376 : L 46 : T 124.4 sec
 - d_sub 2000 : OOB 0.4403 : L 47 : T 132.8 sec
 - d_sub 2000 : OOB 0.4392 : L 48 : T 136.8 sec
 - d_sub 2000 : OOB 0.4372 : L 49 : T 140.2 sec
 - d_sub 2000 : OOB 0.4393 : L 50 : T 142.9 sec
 - d_sub 2000 : OOB 0.4364 : L 51 : T 145.0 sec
 - d_sub 2000 : OOB 0.4368 : L 52 : T 146.7 sec
 - d_sub 2000 : OOB 0.4367 : L 53 : T 149.2 sec
 - d_sub 2000 : OOB 0.4378 : L 54 : T 151.4 sec
 - d_sub 2000 : OOB 0.4372 : L 55 : T 152.8 sec
 - d_sub 2000 : OOB 0.4381 : L 56 : T 154.7 sec
 - d_sub 2000 : OOB 0.4414 : L 57 : T 158.1 sec
 - d_sub 2000 : OOB 0.4398 : L 58 : T 160.4 sec
 - d_sub 2000 : OOB 0.4396 : L 59 : T 163.4 sec
 - d_sub 2000 : OOB 0.4394 : L 60 : T 164.8 sec
 - d_sub 2000 : OOB 0.4388 : L 61 : T 169.8 sec
 - d_sub 2000 : OOB 0.4412 : L 62 : T 171.2 sec
 - d_sub 2000 : OOB 0.4423 : L 63 : T 173.4 sec
 - d_sub 2000 : OOB 0.4397 : L 64 : T 175.6 sec
 - d_sub 2000 : OOB 0.4372 : L 65 : T 178.8 sec
 - d_sub 2000 : OOB 0.4355 : L 66 : T 180.0 sec
 - d_sub 2000 : OOB 0.4351 : L 67 : T 182.1 sec
 - d_sub 2000 : OOB 0.4376 : L 68 : T 185.1 sec
 - d_sub 2000 : OOB 0.4378 : L 69 : T 186.8 sec
 - d_sub 2000 : OOB 0.4362 : L 70 : T 188.2 sec
 - d_sub 2000 : OOB 0.4389 : L 71 : T 194.3 sec
 - d_sub 2000 : OOB 0.4371 : L 72 : T 197.1 sec
 - d_sub 2000 : OOB 0.4353 : L 73 : T 197.5 sec
 - d_sub 2000 : OOB 0.4359 : L 74 : T 200.7 sec
 - d_sub 2000 : OOB 0.4347 : L 75 : T 201.3 sec
 - d_sub 2000 : OOB 0.4346 : L 76 : T 202.8 sec
 - d_sub 2000 : OOB 0.4358 : L 77 : T 203.3 sec
 - d_sub 2000 : OOB 0.4358 : L 78 : T 205.6 sec
 - d_sub 2000 : OOB 0.4361 : L 79 : T 206.1 sec
 - d_sub 2000 : OOB 0.4364 : L 80 : T 207.3 sec
 - d_sub 2000 : OOB 0.4368 : L 81 : T 207.8 sec
 - d_sub 2000 : OOB 0.4353 : L 82 : T 210.5 sec
 - d_sub 2000 : OOB 0.4382 : L 83 : T 211.0 sec
 - d_sub 2000 : OOB 0.4386 : L 84 : T 212.3 sec
 - d_sub 2000 : OOB 0.4378 : L 85 : T 213.6 sec
 - d_sub 2000 : OOB 0.4353 : L 86 : T 214.8 sec
 - d_sub 2000 : OOB 0.4357 : L 87 : T 215.3 sec
 - d_sub 2000 : OOB 0.4349 : L 88 : T 216.5 sec
 - d_sub 2000 : OOB 0.4348 : L 89 : T 218.3 sec
 - d_sub 2000 : OOB 0.4329 : L 90 : T 220.4 sec
 - d_sub 2000 : OOB 0.4346 : L 91 : T 220.9 sec
 - d_sub 2000 : OOB 0.4350 : L 92 : T 222.1 sec
 - d_sub 2000 : OOB 0.4357 : L 93 : T 224.0 sec
 - d_sub 2000 : OOB 0.4343 : L 94 : T 224.5 sec
 - d_sub 2000 : OOB 0.4348 : L 95 : T 225.8 sec
 - d_sub 2000 : OOB 0.4348 : L 96 : T 226.3 sec
 - d_sub 2000 : OOB 0.4339 : L 97 : T 227.7 sec
 - d_sub 2000 : OOB 0.4325 : L 98 : T 230.8 sec
 - d_sub 2000 : OOB 0.4351 : L 99 : T 231.4 sec
 - d_sub 2000 : OOB 0.4342 : L 100 : T 232.6 sec
 - d_sub 2000 : OOB 0.4324 : L 101 : T 233.2 sec
 - d_sub 2000 : OOB 0.4296 : L 102 : T 234.3 sec
 - d_sub 2000 : OOB 0.4298 : L 103 : T 237.8 sec
 - d_sub 2000 : OOB 0.4304 : L 104 : T 240.1 sec
 - d_sub 2000 : OOB 0.4315 : L 105 : T 242.1 sec
 - d_sub 2000 : OOB 0.4311 : L 106 : T 245.8 sec
 - d_sub 2000 : OOB 0.4321 : L 107 : T 247.1 sec
 - d_sub 2000 : OOB 0.4314 : L 108 : T 249.4 sec
 - d_sub 2000 : OOB 0.4336 : L 109 : T 251.4 sec
 - d_sub 2000 : OOB 0.4321 : L 110 : T 251.9 sec
 - d_sub 2000 : OOB 0.4331 : L 111 : T 254.7 sec
 - d_sub 2000 : OOB 0.4310 : L 112 : T 256.9 sec
 - d_sub 2000 : OOB 0.4323 : L 113 : T 257.4 sec
 - d_sub 2000 : OOB 0.4321 : L 114 : T 260.4 sec
 - d_sub 2000 : OOB 0.4319 : L 115 : T 260.9 sec
 - d_sub 2000 : OOB 0.4326 : L 116 : T 262.3 sec
 - d_sub 2000 : OOB 0.4306 : L 117 : T 262.8 sec
 - d_sub 2000 : OOB 0.4315 : L 118 : T 265.2 sec
 - d_sub 2000 : OOB 0.4316 : L 119 : T 265.7 sec
 - d_sub 2000 : OOB 0.4314 : L 120 : T 267.6 sec
 - d_sub 2000 : OOB 0.4336 : L 121 : T 268.1 sec
 - d_sub 2000 : OOB 0.4317 : L 122 : T 269.7 sec
 - d_sub 2000 : OOB 0.4323 : L 123 : T 271.9 sec
 - d_sub 2000 : OOB 0.4317 : L 124 : T 274.3 sec
 - d_sub 2000 : OOB 0.4307 : L 125 : T 275.8 sec
 - d_sub 2000 : OOB 0.4305 : L 126 : T 276.3 sec
 - d_sub 2000 : OOB 0.4312 : L 127 : T 277.7 sec
 - d_sub 2000 : OOB 0.4311 : L 128 : T 279.9 sec
 - d_sub 2000 : OOB 0.4317 : L 129 : T 280.4 sec
 - d_sub 2000 : OOB 0.4326 : L 130 : T 281.3 sec
 - d_sub 2000 : OOB 0.4311 : L 131 : T 283.9 sec
 - d_sub 2000 : OOB 0.4320 : L 132 : T 286.6 sec
 - d_sub 2000 : OOB 0.4313 : L 133 : T 287.9 sec
 - d_sub 2000 : OOB 0.4332 : L 134 : T 289.2 sec
 - d_sub 2000 : OOB 0.4333 : L 135 : T 289.7 sec

 - d_sub 2200 : OOB 0.4853 : L 1 : T 4.2 sec
 - d_sub 2200 : OOB 0.4690 : L 2 : T 5.5 sec
 - d_sub 2200 : OOB 0.4663 : L 3 : T 8.8 sec
 - d_sub 2200 : OOB 0.4712 : L 4 : T 9.4 sec
 - d_sub 2200 : OOB 0.4646 : L 5 : T 13.2 sec
 - d_sub 2200 : OOB 0.4631 : L 6 : T 15.5 sec
 - d_sub 2200 : OOB 0.4574 : L 7 : T 22.4 sec
 - d_sub 2200 : OOB 0.4598 : L 8 : T 25.3 sec
 - d_sub 2200 : OOB 0.4541 : L 9 : T 29.0 sec
 - d_sub 2200 : OOB 0.4578 : L 10 : T 32.5 sec
 - d_sub 2200 : OOB 0.4578 : L 11 : T 34.1 sec
 - d_sub 2200 : OOB 0.4525 : L 12 : T 35.6 sec
 - d_sub 2200 : OOB 0.4501 : L 13 : T 37.2 sec
 - d_sub 2200 : OOB 0.4516 : L 14 : T 38.6 sec
 - d_sub 2200 : OOB 0.4460 : L 15 : T 41.9 sec
 - d_sub 2200 : OOB 0.4448 : L 16 : T 44.5 sec
 - d_sub 2200 : OOB 0.4446 : L 17 : T 46.3 sec
 - d_sub 2200 : OOB 0.4463 : L 18 : T 53.9 sec
 - d_sub 2200 : OOB 0.4462 : L 19 : T 55.3 sec
 - d_sub 2200 : OOB 0.4422 : L 20 : T 57.7 sec
 - d_sub 2200 : OOB 0.4419 : L 21 : T 58.3 sec
 - d_sub 2200 : OOB 0.4425 : L 22 : T 61.8 sec
 - d_sub 2200 : OOB 0.4414 : L 23 : T 66.5 sec
 - d_sub 2200 : OOB 0.4407 : L 24 : T 67.0 sec
 - d_sub 2200 : OOB 0.4406 : L 25 : T 68.7 sec
 - d_sub 2200 : OOB 0.4376 : L 26 : T 72.1 sec
 - d_sub 2200 : OOB 0.4411 : L 27 : T 74.9 sec
 - d_sub 2200 : OOB 0.4395 : L 28 : T 83.9 sec
 - d_sub 2200 : OOB 0.4396 : L 29 : T 86.2 sec
 - d_sub 2200 : OOB 0.4392 : L 30 : T 95.0 sec
 - d_sub 2200 : OOB 0.4415 : L 31 : T 98.9 sec
 - d_sub 2200 : OOB 0.4409 : L 32 : T 101.7 sec
 - d_sub 2200 : OOB 0.4413 : L 33 : T 103.1 sec
 - d_sub 2200 : OOB 0.4413 : L 34 : T 104.7 sec
 - d_sub 2200 : OOB 0.4407 : L 35 : T 106.0 sec
 - d_sub 2200 : OOB 0.4398 : L 36 : T 108.1 sec
 - d_sub 2200 : OOB 0.4432 : L 37 : T 113.6 sec
 - d_sub 2200 : OOB 0.4366 : L 38 : T 116.3 sec
 - d_sub 2200 : OOB 0.4404 : L 39 : T 119.2 sec
 - d_sub 2200 : OOB 0.4370 : L 40 : T 122.0 sec
 - d_sub 2200 : OOB 0.4401 : L 41 : T 133.1 sec
 - d_sub 2200 : OOB 0.4412 : L 42 : T 140.1 sec
 - d_sub 2200 : OOB 0.4389 : L 43 : T 141.0 sec
 - d_sub 2200 : OOB 0.4383 : L 44 : T 144.3 sec
 - d_sub 2200 : OOB 0.4388 : L 45 : T 147.6 sec
 - d_sub 2200 : OOB 0.4361 : L 46 : T 148.4 sec
 - d_sub 2200 : OOB 0.4393 : L 47 : T 149.5 sec
 - d_sub 2200 : OOB 0.4362 : L 48 : T 150.0 sec
 - d_sub 2200 : OOB 0.4370 : L 49 : T 150.6 sec
 - d_sub 2200 : OOB 0.4406 : L 50 : T 151.3 sec
 - d_sub 2200 : OOB 0.4367 : L 51 : T 152.5 sec
 - d_sub 2200 : OOB 0.4379 : L 52 : T 153.0 sec
 - d_sub 2200 : OOB 0.4374 : L 53 : T 153.7 sec
 - d_sub 2200 : OOB 0.4399 : L 54 : T 154.3 sec
 - d_sub 2200 : OOB 0.4395 : L 55 : T 157.0 sec
 - d_sub 2200 : OOB 0.4401 : L 56 : T 157.6 sec
 - d_sub 2200 : OOB 0.4376 : L 57 : T 158.5 sec
 - d_sub 2200 : OOB 0.4382 : L 58 : T 160.0 sec
 - d_sub 2200 : OOB 0.4375 : L 59 : T 160.6 sec
 - d_sub 2200 : OOB 0.4367 : L 60 : T 161.2 sec
 - d_sub 2200 : OOB 0.4384 : L 61 : T 161.8 sec
 - d_sub 2200 : OOB 0.4403 : L 62 : T 162.3 sec
 - d_sub 2200 : OOB 0.4386 : L 63 : T 162.9 sec
 - d_sub 2200 : OOB 0.4361 : L 64 : T 163.4 sec
 - d_sub 2200 : OOB 0.4355 : L 65 : T 163.9 sec
 - d_sub 2200 : OOB 0.4370 : L 66 : T 164.5 sec
 - d_sub 2200 : OOB 0.4387 : L 67 : T 165.0 sec
 - d_sub 2200 : OOB 0.4374 : L 68 : T 166.3 sec
 - d_sub 2200 : OOB 0.4364 : L 69 : T 166.9 sec

 - d_sub 2400 : OOB 0.4817 : L 1 : T 5.2 sec
 - d_sub 2400 : OOB 0.4684 : L 2 : T 5.8 sec
 - d_sub 2400 : OOB 0.4672 : L 3 : T 6.4 sec
 - d_sub 2400 : OOB 0.4722 : L 4 : T 11.8 sec
 - d_sub 2400 : OOB 0.4662 : L 5 : T 22.4 sec
 - d_sub 2400 : OOB 0.4624 : L 6 : T 31.2 sec
 - d_sub 2400 : OOB 0.4578 : L 7 : T 33.0 sec
 - d_sub 2400 : OOB 0.4601 : L 8 : T 36.3 sec
 - d_sub 2400 : OOB 0.4521 : L 9 : T 48.3 sec
 - d_sub 2400 : OOB 0.4546 : L 10 : T 52.1 sec
 - d_sub 2400 : OOB 0.4565 : L 11 : T 64.8 sec
 - d_sub 2400 : OOB 0.4514 : L 12 : T 66.8 sec
 - d_sub 2400 : OOB 0.4496 : L 13 : T 70.2 sec
 - d_sub 2400 : OOB 0.4495 : L 14 : T 72.5 sec
 - d_sub 2400 : OOB 0.4509 : L 15 : T 74.0 sec
 - d_sub 2400 : OOB 0.4498 : L 16 : T 75.6 sec
 - d_sub 2400 : OOB 0.4493 : L 17 : T 77.0 sec
 - d_sub 2400 : OOB 0.4509 : L 18 : T 77.9 sec
 - d_sub 2400 : OOB 0.4478 : L 19 : T 79.9 sec
 - d_sub 2400 : OOB 0.4493 : L 20 : T 81.5 sec
 - d_sub 2400 : OOB 0.4476 : L 21 : T 83.2 sec
 - d_sub 2400 : OOB 0.4436 : L 22 : T 86.4 sec
 - d_sub 2400 : OOB 0.4462 : L 23 : T 88.7 sec
 - d_sub 2400 : OOB 0.4465 : L 24 : T 89.3 sec
 - d_sub 2400 : OOB 0.4435 : L 25 : T 90.7 sec
 - d_sub 2400 : OOB 0.4479 : L 26 : T 91.3 sec
 - d_sub 2400 : OOB 0.4424 : L 27 : T 93.2 sec
 - d_sub 2400 : OOB 0.4434 : L 28 : T 99.3 sec
 - d_sub 2400 : OOB 0.4403 : L 29 : T 102.9 sec
 - d_sub 2400 : OOB 0.4403 : L 30 : T 104.6 sec
 - d_sub 2400 : OOB 0.4391 : L 31 : T 107.7 sec
 - d_sub 2400 : OOB 0.4409 : L 32 : T 111.5 sec
 - d_sub 2400 : OOB 0.4426 : L 33 : T 117.1 sec
 - d_sub 2400 : OOB 0.4419 : L 34 : T 122.1 sec
 - d_sub 2400 : OOB 0.4429 : L 35 : T 126.8 sec
 - d_sub 2400 : OOB 0.4375 : L 36 : T 127.4 sec
 - d_sub 2400 : OOB 0.4397 : L 37 : T 128.0 sec
 - d_sub 2400 : OOB 0.4400 : L 38 : T 128.8 sec
 - d_sub 2400 : OOB 0.4423 : L 39 : T 129.6 sec
 - d_sub 2400 : OOB 0.4394 : L 40 : T 130.2 sec
 - d_sub 2400 : OOB 0.4381 : L 41 : T 130.9 sec
 - d_sub 2400 : OOB 0.4384 : L 42 : T 131.7 sec
 - d_sub 2400 : OOB 0.4398 : L 43 : T 132.3 sec
 - d_sub 2400 : OOB 0.4403 : L 44 : T 132.9 sec
 - d_sub 2400 : OOB 0.4412 : L 45 : T 133.5 sec
 - d_sub 2400 : OOB 0.4410 : L 46 : T 134.1 sec
 - d_sub 2400 : OOB 0.4438 : L 47 : T 134.7 sec
 - d_sub 2400 : OOB 0.4415 : L 48 : T 135.3 sec
 - d_sub 2400 : OOB 0.4409 : L 49 : T 136.1 sec
 - d_sub 2400 : OOB 0.4399 : L 50 : T 136.7 sec
 - d_sub 2400 : OOB 0.4415 : L 51 : T 137.5 sec
 - d_sub 2400 : OOB 0.4406 : L 52 : T 138.3 sec
 - d_sub 2400 : OOB 0.4420 : L 53 : T 139.1 sec
 - d_sub 2400 : OOB 0.4387 : L 54 : T 139.7 sec
 - d_sub 2400 : OOB 0.4394 : L 55 : T 140.4 sec
 - d_sub 2400 : OOB 0.4395 : L 56 : T 141.0 sec
 - d_sub 2400 : OOB 0.4397 : L 57 : T 141.6 sec
 - d_sub 2400 : OOB 0.4410 : L 58 : T 142.2 sec
 - d_sub 2400 : OOB 0.4390 : L 59 : T 142.8 sec
 - d_sub 2400 : OOB 0.4392 : L 60 : T 143.4 sec
 - d_sub 2400 : OOB 0.4403 : L 61 : T 144.2 sec
 - d_sub 2400 : OOB 0.4400 : L 62 : T 145.0 sec
 - d_sub 2400 : OOB 0.4385 : L 63 : T 145.7 sec
 - d_sub 2400 : OOB 0.4404 : L 64 : T 146.5 sec
 - d_sub 2400 : OOB 0.4381 : L 65 : T 147.3 sec
 - d_sub 2400 : OOB 0.4385 : L 66 : T 148.2 sec
 - d_sub 2400 : OOB 0.4402 : L 67 : T 149.0 sec
 - d_sub 2400 : OOB 0.4381 : L 68 : T 149.6 sec
 - d_sub 2400 : OOB 0.4394 : L 69 : T 150.1 sec
 - d_sub 2400 : OOB 0.4371 : L 70 : T 150.9 sec
 - d_sub 2400 : OOB 0.4376 : L 71 : T 151.5 sec
 - d_sub 2400 : OOB 0.4361 : L 72 : T 152.3 sec
 - d_sub 2400 : OOB 0.4388 : L 73 : T 153.1 sec
 - d_sub 2400 : OOB 0.4375 : L 74 : T 153.7 sec
 - d_sub 2400 : OOB 0.4372 : L 75 : T 154.4 sec
 - d_sub 2400 : OOB 0.4372 : L 76 : T 155.2 sec
# -------------------------
optimal d_sub 2000 : OOB 0.4333 : L 135 : T 1221.6 sec
Testing error: 0.4357
# -------------------------
# Ensemble classification
#  - Training samples: 10000 (5000/5000)
#  - Feature-space dimensionality: 18157
#  - L : automatic (min 25, max 500, length 50, eps 0.00500)
#  - d_sub : 300
#  - Seed 1 (subspaces) : 327112985
#  - Seed 2 (bootstrap) : 403451561
# -------------------------

 - d_sub 300 : OOB 0.4875 : L 1 : T 0.0 sec
 - d_sub 300 : OOB 0.4788 : L 2 : T 0.1 sec
 - d_sub 300 : OOB 0.4772 : L 3 : T 0.1 sec
 - d_sub 300 : OOB 0.4791 : L 4 : T 0.2 sec
 - d_sub 300 : OOB 0.4718 : L 5 : T 0.2 sec
 - d_sub 300 : OOB 0.4693 : L 6 : T 0.3 sec
 - d_sub 300 : OOB 0.4686 : L 7 : T 0.3 sec
 - d_sub 300 : OOB 0.4697 : L 8 : T 0.4 sec
 - d_sub 300 : OOB 0.4679 : L 9 : T 0.4 sec
 - d_sub 300 : OOB 0.4670 : L 10 : T 0.4 sec
 - d_sub 300 : OOB 0.4618 : L 11 : T 0.5 sec
 - d_sub 300 : OOB 0.4664 : L 12 : T 0.5 sec
 - d_sub 300 : OOB 0.4669 : L 13 : T 0.6 sec
 - d_sub 300 : OOB 0.4661 : L 14 : T 0.6 sec
 - d_sub 300 : OOB 0.4647 : L 15 : T 0.7 sec
 - d_sub 300 : OOB 0.4620 : L 16 : T 0.7 sec
 - d_sub 300 : OOB 0.4647 : L 17 : T 0.8 sec
 - d_sub 300 : OOB 0.4628 : L 18 : T 0.8 sec
 - d_sub 300 : OOB 0.4616 : L 19 : T 0.9 sec
 - d_sub 300 : OOB 0.4636 : L 20 : T 0.9 sec
 - d_sub 300 : OOB 0.4639 : L 21 : T 1.0 sec
 - d_sub 300 : OOB 0.4596 : L 22 : T 1.0 sec
 - d_sub 300 : OOB 0.4607 : L 23 : T 1.0 sec
 - d_sub 300 : OOB 0.4600 : L 24 : T 1.1 sec
 - d_sub 300 : OOB 0.4606 : L 25 : T 1.1 sec
 - d_sub 300 : OOB 0.4589 : L 26 : T 1.2 sec
 - d_sub 300 : OOB 0.4619 : L 27 : T 1.2 sec
 - d_sub 300 : OOB 0.4605 : L 28 : T 1.3 sec
 - d_sub 300 : OOB 0.4614 : L 29 : T 1.3 sec
 - d_sub 300 : OOB 0.4600 : L 30 : T 1.3 sec
 - d_sub 300 : OOB 0.4638 : L 31 : T 1.4 sec
 - d_sub 300 : OOB 0.4612 : L 32 : T 1.4 sec
 - d_sub 300 : OOB 0.4609 : L 33 : T 1.5 sec
 - d_sub 300 : OOB 0.4605 : L 34 : T 1.5 sec
 - d_sub 300 : OOB 0.4609 : L 35 : T 1.6 sec
 - d_sub 300 : OOB 0.4590 : L 36 : T 1.6 sec
 - d_sub 300 : OOB 0.4595 : L 37 : T 1.7 sec
 - d_sub 300 : OOB 0.4594 : L 38 : T 1.7 sec
 - d_sub 300 : OOB 0.4605 : L 39 : T 1.7 sec
 - d_sub 300 : OOB 0.4584 : L 40 : T 1.8 sec
 - d_sub 300 : OOB 0.4584 : L 41 : T 1.8 sec
 - d_sub 300 : OOB 0.4602 : L 42 : T 1.9 sec
 - d_sub 300 : OOB 0.4599 : L 43 : T 1.9 sec
 - d_sub 300 : OOB 0.4588 : L 44 : T 2.0 sec
 - d_sub 300 : OOB 0.4583 : L 45 : T 2.0 sec
 - d_sub 300 : OOB 0.4570 : L 46 : T 2.1 sec
 - d_sub 300 : OOB 0.4568 : L 47 : T 2.1 sec
 - d_sub 300 : OOB 0.4591 : L 48 : T 2.2 sec
 - d_sub 300 : OOB 0.4583 : L 49 : T 2.2 sec
 - d_sub 300 : OOB 0.4604 : L 50 : T 2.2 sec
 - d_sub 300 : OOB 0.4614 : L 51 : T 2.3 sec
 - d_sub 300 : OOB 0.4613 : L 52 : T 2.3 sec
 - d_sub 300 : OOB 0.4589 : L 53 : T 2.4 sec
 - d_sub 300 : OOB 0.4611 : L 54 : T 2.4 sec
 - d_sub 300 : OOB 0.4600 : L 55 : T 2.5 sec
 - d_sub 300 : OOB 0.4588 : L 56 : T 2.5 sec
 - d_sub 300 : OOB 0.4590 : L 57 : T 2.6 sec
 - d_sub 300 : OOB 0.4595 : L 58 : T 2.6 sec
 - d_sub 300 : OOB 0.4603 : L 59 : T 2.6 sec
 - d_sub 300 : OOB 0.4601 : L 60 : T 2.7 sec
 - d_sub 300 : OOB 0.4601 : L 61 : T 2.7 sec
 - d_sub 300 : OOB 0.4596 : L 62 : T 2.8 sec
 - d_sub 300 : OOB 0.4601 : L 63 : T 2.8 sec
 - d_sub 300 : OOB 0.4602 : L 64 : T 2.9 sec
 - d_sub 300 : OOB 0.4596 : L 65 : T 2.9 sec
 - d_sub 300 : OOB 0.4586 : L 66 : T 2.9 sec
 - d_sub 300 : OOB 0.4596 : L 67 : T 3.0 sec
# -------------------------
optimal d_sub 300 : OOB 0.4596 : L 67 : T 3.0 sec
# -------------------------
# Ensemble classification
#  - Training samples: 10000 (5000/5000)
#  - Feature-space dimensionality: 18157
#  - L : 30
#  - d_sub : 300
#  - Seed 1 (subspaces) : 975720
#  - Seed 2 (bootstrap) : 596360071
# -------------------------

 - d_sub 300 : OOB 0.4881 : L 1 : T 0.0 sec
 - d_sub 300 : OOB 0.4809 : L 2 : T 0.1 sec
 - d_sub 300 : OOB 0.4794 : L 3 : T 0.1 sec
 - d_sub 300 : OOB 0.4770 : L 4 : T 0.2 sec
 - d_sub 300 : OOB 0.4695 : L 5 : T 0.2 sec
 - d_sub 300 : OOB 0.4707 : L 6 : T 0.3 sec
 - d_sub 300 : OOB 0.4713 : L 7 : T 0.3 sec
 - d_sub 300 : OOB 0.4699 : L 8 : T 0.3 sec
 - d_sub 300 : OOB 0.4677 : L 9 : T 0.4 sec
 - d_sub 300 : OOB 0.4665 : L 10 : T 0.4 sec
 - d_sub 300 : OOB 0.4635 : L 11 : T 0.5 sec
 - d_sub 300 : OOB 0.4711 : L 12 : T 0.5 sec
 - d_sub 300 : OOB 0.4690 : L 13 : T 0.6 sec
 - d_sub 300 : OOB 0.4678 : L 14 : T 0.6 sec
 - d_sub 300 : OOB 0.4662 : L 15 : T 0.7 sec
 - d_sub 300 : OOB 0.4616 : L 16 : T 0.7 sec
 - d_sub 300 : OOB 0.4646 : L 17 : T 0.8 sec
 - d_sub 300 : OOB 0.4607 : L 18 : T 0.8 sec
 - d_sub 300 : OOB 0.4623 : L 19 : T 0.8 sec
 - d_sub 300 : OOB 0.4642 : L 20 : T 0.9 sec
 - d_sub 300 : OOB 0.4625 : L 21 : T 0.9 sec
 - d_sub 300 : OOB 0.4628 : L 22 : T 1.0 sec
 - d_sub 300 : OOB 0.4610 : L 23 : T 1.0 sec
 - d_sub 300 : OOB 0.4644 : L 24 : T 1.1 sec
 - d_sub 300 : OOB 0.4622 : L 25 : T 1.1 sec
 - d_sub 300 : OOB 0.4640 : L 26 : T 1.2 sec
 - d_sub 300 : OOB 0.4609 : L 27 : T 1.2 sec
 - d_sub 300 : OOB 0.4609 : L 28 : T 1.2 sec
 - d_sub 300 : OOB 0.4596 : L 29 : T 1.3 sec
 - d_sub 300 : OOB 0.4608 : L 30 : T 1.3 sec
# -------------------------
optimal d_sub 300 : OOB 0.4608 : L 30 : T 1.3 sec
# -------------------------
# Ensemble classification
#  - Training samples: 10000 (5000/5000)
#  - Feature-space dimensionality: 18157
#  - L : 30
#  - d_sub : 300
#  - Seed 1 (subspaces) : 929003687
#  - Seed 2 (bootstrap) : 371596413
# -------------------------

 - d_sub 300 : OOB 0.4871 : L 1 : T 0.0 sec
 - d_sub 300 : OOB 0.4766 : L 2 : T 0.1 sec
 - d_sub 300 : OOB 0.4776 : L 3 : T 0.1 sec
 - d_sub 300 : OOB 0.4799 : L 4 : T 0.2 sec
 - d_sub 300 : OOB 0.4739 : L 5 : T 0.2 sec
 - d_sub 300 : OOB 0.4714 : L 6 : T 0.3 sec
 - d_sub 300 : OOB 0.4683 : L 7 : T 0.3 sec
 - d_sub 300 : OOB 0.4704 : L 8 : T 0.3 sec
 - d_sub 300 : OOB 0.4653 : L 9 : T 0.4 sec
 - d_sub 300 : OOB 0.4694 : L 10 : T 0.4 sec
 - d_sub 300 : OOB 0.4707 : L 11 : T 0.5 sec
 - d_sub 300 : OOB 0.4644 : L 12 : T 0.5 sec
 - d_sub 300 : OOB 0.4656 : L 13 : T 0.6 sec
 - d_sub 300 : OOB 0.4634 : L 14 : T 0.6 sec
 - d_sub 300 : OOB 0.4618 : L 15 : T 0.7 sec
 - d_sub 300 : OOB 0.4634 : L 16 : T 0.7 sec
 - d_sub 300 : OOB 0.4592 : L 17 : T 0.8 sec
 - d_sub 300 : OOB 0.4596 : L 18 : T 0.8 sec
 - d_sub 300 : OOB 0.4608 : L 19 : T 0.8 sec
 - d_sub 300 : OOB 0.4615 : L 20 : T 0.9 sec
 - d_sub 300 : OOB 0.4604 : L 21 : T 0.9 sec
 - d_sub 300 : OOB 0.4597 : L 22 : T 1.0 sec
 - d_sub 300 : OOB 0.4608 : L 23 : T 1.0 sec
 - d_sub 300 : OOB 0.4595 : L 24 : T 1.1 sec
 - d_sub 300 : OOB 0.4606 : L 25 : T 1.1 sec
 - d_sub 300 : OOB 0.4617 : L 26 : T 1.2 sec
 - d_sub 300 : OOB 0.4591 : L 27 : T 1.2 sec
 - d_sub 300 : OOB 0.4594 : L 28 : T 1.2 sec
 - d_sub 300 : OOB 0.4617 : L 29 : T 1.3 sec
 - d_sub 300 : OOB 0.4569 : L 30 : T 1.3 sec
# -------------------------
optimal d_sub 300 : OOB 0.4569 : L 30 : T 1.3 sec
# -------------------------
# Ensemble classification
#  - Training samples: 10000 (5000/5000)
#  - Feature-space dimensionality: 18157
#  - L : 30
#  - d_sub : 300
#  - Seed 1 (subspaces) : 221154936
#  - Seed 2 (bootstrap) : 227853249
# -------------------------

 - d_sub 300 : OOB 0.4880 : L 1 : T 0.0 sec
 - d_sub 300 : OOB 0.4785 : L 2 : T 0.1 sec
 - d_sub 300 : OOB 0.4774 : L 3 : T 0.1 sec
 - d_sub 300 : OOB 0.4798 : L 4 : T 0.2 sec
 - d_sub 300 : OOB 0.4727 : L 5 : T 0.2 sec
 - d_sub 300 : OOB 0.4716 : L 6 : T 0.3 sec
 - d_sub 300 : OOB 0.4727 : L 7 : T 0.3 sec
 - d_sub 300 : OOB 0.4694 : L 8 : T 0.3 sec
 - d_sub 300 : OOB 0.4693 : L 9 : T 0.4 sec
 - d_sub 300 : OOB 0.4696 : L 10 : T 0.4 sec
 - d_sub 300 : OOB 0.4653 : L 11 : T 0.5 sec
 - d_sub 300 : OOB 0.4696 : L 12 : T 0.5 sec
 - d_sub 300 : OOB 0.4682 : L 13 : T 0.6 sec
 - d_sub 300 : OOB 0.4665 : L 14 : T 0.6 sec
 - d_sub 300 : OOB 0.4665 : L 15 : T 0.6 sec
 - d_sub 300 : OOB 0.4624 : L 16 : T 0.7 sec
 - d_sub 300 : OOB 0.4648 : L 17 : T 0.7 sec
 - d_sub 300 : OOB 0.4617 : L 18 : T 0.8 sec
 - d_sub 300 : OOB 0.4614 : L 19 : T 0.8 sec
 - d_sub 300 : OOB 0.4598 : L 20 : T 0.9 sec
 - d_sub 300 : OOB 0.4620 : L 21 : T 0.9 sec
 - d_sub 300 : OOB 0.4607 : L 22 : T 1.0 sec
 - d_sub 300 : OOB 0.4582 : L 23 : T 1.0 sec
 - d_sub 300 : OOB 0.4575 : L 24 : T 1.0 sec
 - d_sub 300 : OOB 0.4613 : L 25 : T 1.1 sec
 - d_sub 300 : OOB 0.4597 : L 26 : T 1.1 sec
 - d_sub 300 : OOB 0.4584 : L 27 : T 1.2 sec
 - d_sub 300 : OOB 0.4588 : L 28 : T 1.2 sec
 - d_sub 300 : OOB 0.4592 : L 29 : T 1.3 sec
 - d_sub 300 : OOB 0.4588 : L 30 : T 1.3 sec
# -------------------------
optimal d_sub 300 : OOB 0.4588 : L 30 : T 1.3 sec
# -------------------------
# Ensemble classification
#  - Training samples: 10000 (5000/5000)
#  - Feature-space dimensionality: 18157
#  - L : 30
#  - d_sub : 300
#  - Seed 1 (subspaces) : 331186438
#  - Seed 2 (bootstrap) : 191668433
# -------------------------

 - d_sub 300 : OOB 0.4894 : L 1 : T 0.0 sec
 - d_sub 300 : OOB 0.4803 : L 2 : T 0.1 sec
 - d_sub 300 : OOB 0.4752 : L 3 : T 0.1 sec
 - d_sub 300 : OOB 0.4794 : L 4 : T 0.2 sec
 - d_sub 300 : OOB 0.4711 : L 5 : T 0.2 sec
 - d_sub 300 : OOB 0.4682 : L 6 : T 0.3 sec
 - d_sub 300 : OOB 0.4699 : L 7 : T 0.3 sec
 - d_sub 300 : OOB 0.4684 : L 8 : T 0.3 sec
 - d_sub 300 : OOB 0.4654 : L 9 : T 0.4 sec
 - d_sub 300 : OOB 0.4639 : L 10 : T 0.4 sec
 - d_sub 300 : OOB 0.4581 : L 11 : T 0.5 sec
 - d_sub 300 : OOB 0.4619 : L 12 : T 0.5 sec
 - d_sub 300 : OOB 0.4619 : L 13 : T 0.6 sec
 - d_sub 300 : OOB 0.4617 : L 14 : T 0.6 sec
 - d_sub 300 : OOB 0.4654 : L 15 : T 0.6 sec
 - d_sub 300 : OOB 0.4636 : L 16 : T 0.7 sec
 - d_sub 300 : OOB 0.4624 : L 17 : T 0.7 sec
 - d_sub 300 : OOB 0.4625 : L 18 : T 0.8 sec
 - d_sub 300 : OOB 0.4611 : L 19 : T 0.8 sec
 - d_sub 300 : OOB 0.4614 : L 20 : T 0.9 sec
 - d_sub 300 : OOB 0.4592 : L 21 : T 0.9 sec
 - d_sub 300 : OOB 0.4595 : L 22 : T 1.0 sec
 - d_sub 300 : OOB 0.4577 : L 23 : T 1.0 sec
 - d_sub 300 : OOB 0.4592 : L 24 : T 1.1 sec
 - d_sub 300 : OOB 0.4578 : L 25 : T 1.1 sec
 - d_sub 300 : OOB 0.4568 : L 26 : T 1.1 sec
 - d_sub 300 : OOB 0.4566 : L 27 : T 1.2 sec
 - d_sub 300 : OOB 0.4576 : L 28 : T 1.2 sec
 - d_sub 300 : OOB 0.4568 : L 29 : T 1.3 sec
 - d_sub 300 : OOB 0.4586 : L 30 : T 1.3 sec
# -------------------------
optimal d_sub 300 : OOB 0.4586 : L 30 : T 1.3 sec
# -------------------------
# Ensemble classification
#  - Training samples: 10000 (5000/5000)
#  - Feature-space dimensionality: 18157
#  - L : 30
#  - d_sub : 300
#  - Seed 1 (subspaces) : 916922317
#  - Seed 2 (bootstrap) : 602956764
# -------------------------

 - d_sub 300 : OOB 0.4882 : L 1 : T 0.0 sec
 - d_sub 300 : OOB 0.4802 : L 2 : T 0.1 sec
 - d_sub 300 : OOB 0.4764 : L 3 : T 0.1 sec
 - d_sub 300 : OOB 0.4827 : L 4 : T 0.2 sec
 - d_sub 300 : OOB 0.4750 : L 5 : T 0.2 sec
 - d_sub 300 : OOB 0.4721 : L 6 : T 0.3 sec
 - d_sub 300 : OOB 0.4703 : L 7 : T 0.3 sec
 - d_sub 300 : OOB 0.4722 : L 8 : T 0.4 sec
 - d_sub 300 : OOB 0.4660 : L 9 : T 0.4 sec
 - d_sub 300 : OOB 0.4688 : L 10 : T 0.4 sec
 - d_sub 300 : OOB 0.4651 : L 11 : T 0.5 sec
 - d_sub 300 : OOB 0.4664 : L 12 : T 0.5 sec
 - d_sub 300 : OOB 0.4698 : L 13 : T 0.6 sec
 - d_sub 300 : OOB 0.4669 : L 14 : T 0.6 sec
 - d_sub 300 : OOB 0.4668 : L 15 : T 0.7 sec
 - d_sub 300 : OOB 0.4659 : L 16 : T 0.7 sec
 - d_sub 300 : OOB 0.4641 : L 17 : T 0.8 sec
 - d_sub 300 : OOB 0.4627 : L 18 : T 0.8 sec
 - d_sub 300 : OOB 0.4626 : L 19 : T 0.9 sec
 - d_sub 300 : OOB 0.4644 : L 20 : T 0.9 sec
 - d_sub 300 : OOB 0.4607 : L 21 : T 0.9 sec
 - d_sub 300 : OOB 0.4647 : L 22 : T 1.0 sec
 - d_sub 300 : OOB 0.4613 : L 23 : T 1.0 sec
 - d_sub 300 : OOB 0.4603 : L 24 : T 1.1 sec
 - d_sub 300 : OOB 0.4618 : L 25 : T 1.1 sec
 - d_sub 300 : OOB 0.4606 : L 26 : T 1.1 sec
 - d_sub 300 : OOB 0.4618 : L 27 : T 1.2 sec
 - d_sub 300 : OOB 0.4587 : L 28 : T 1.2 sec
 - d_sub 300 : OOB 0.4580 : L 29 : T 1.3 sec
 - d_sub 300 : OOB 0.4614 : L 30 : T 1.3 sec
# -------------------------
optimal d_sub 300 : OOB 0.4614 : L 30 : T 1.3 sec
# -------------------------
# Ensemble classification
#  - Training samples: 10000 (5000/5000)
#  - Feature-space dimensionality: 18157
#  - L : 30
#  - d_sub : 300
#  - Seed 1 (subspaces) : 592674960
#  - Seed 2 (bootstrap) : 465334140
# -------------------------

 - d_sub 300 : OOB 0.4863 : L 1 : T 0.0 sec
 - d_sub 300 : OOB 0.4784 : L 2 : T 0.1 sec
 - d_sub 300 : OOB 0.4750 : L 3 : T 0.1 sec
 - d_sub 300 : OOB 0.4802 : L 4 : T 0.2 sec
 - d_sub 300 : OOB 0.4725 : L 5 : T 0.2 sec
 - d_sub 300 : OOB 0.4701 : L 6 : T 0.3 sec
 - d_sub 300 : OOB 0.4715 : L 7 : T 0.3 sec
 - d_sub 300 : OOB 0.4711 : L 8 : T 0.3 sec
 - d_sub 300 : OOB 0.4650 : L 9 : T 0.4 sec
 - d_sub 300 : OOB 0.4682 : L 10 : T 0.4 sec
 - d_sub 300 : OOB 0.4641 : L 11 : T 0.5 sec
 - d_sub 300 : OOB 0.4656 : L 12 : T 0.5 sec
 - d_sub 300 : OOB 0.4676 : L 13 : T 0.6 sec
 - d_sub 300 : OOB 0.4658 : L 14 : T 0.6 sec
 - d_sub 300 : OOB 0.4666 : L 15 : T 0.7 sec
 - d_sub 300 : OOB 0.4633 : L 16 : T 0.7 sec
 - d_sub 300 : OOB 0.4628 : L 17 : T 0.8 sec
 - d_sub 300 : OOB 0.4641 : L 18 : T 0.8 sec
 - d_sub 300 : OOB 0.4630 : L 19 : T 0.8 sec
 - d_sub 300 : OOB 0.4633 : L 20 : T 0.9 sec
 - d_sub 300 : OOB 0.4625 : L 21 : T 0.9 sec
 - d_sub 300 : OOB 0.4634 : L 22 : T 1.0 sec
 - d_sub 300 : OOB 0.4598 : L 23 : T 1.0 sec
 - d_sub 300 : OOB 0.4631 : L 24 : T 1.1 sec
 - d_sub 300 : OOB 0.4598 : L 25 : T 1.1 sec
 - d_sub 300 : OOB 0.4594 : L 26 : T 1.1 sec
 - d_sub 300 : OOB 0.4605 : L 27 : T 1.2 sec
 - d_sub 300 : OOB 0.4590 : L 28 : T 1.2 sec
 - d_sub 300 : OOB 0.4586 : L 29 : T 1.3 sec
 - d_sub 300 : OOB 0.4618 : L 30 : T 1.3 sec
# -------------------------
optimal d_sub 300 : OOB 0.4618 : L 30 : T 1.3 sec
# -------------------------
# Ensemble classification
#  - Training samples: 10000 (5000/5000)
#  - Feature-space dimensionality: 18157
#  - L : 30
#  - d_sub : 300
#  - Seed 1 (subspaces) : 458242245
#  - Seed 2 (bootstrap) : 969445791
# -------------------------

 - d_sub 300 : OOB 0.4890 : L 1 : T 0.0 sec
 - d_sub 300 : OOB 0.4771 : L 2 : T 0.1 sec
 - d_sub 300 : OOB 0.4751 : L 3 : T 0.1 sec
 - d_sub 300 : OOB 0.4823 : L 4 : T 0.2 sec
 - d_sub 300 : OOB 0.4755 : L 5 : T 0.2 sec
 - d_sub 300 : OOB 0.4728 : L 6 : T 0.3 sec
 - d_sub 300 : OOB 0.4727 : L 7 : T 0.3 sec
 - d_sub 300 : OOB 0.4729 : L 8 : T 0.3 sec
 - d_sub 300 : OOB 0.4722 : L 9 : T 0.4 sec
 - d_sub 300 : OOB 0.4712 : L 10 : T 0.4 sec
 - d_sub 300 : OOB 0.4685 : L 11 : T 0.5 sec
 - d_sub 300 : OOB 0.4746 : L 12 : T 0.5 sec
 - d_sub 300 : OOB 0.4676 : L 13 : T 0.6 sec
 - d_sub 300 : OOB 0.4683 : L 14 : T 0.6 sec
 - d_sub 300 : OOB 0.4659 : L 15 : T 0.7 sec
 - d_sub 300 : OOB 0.4665 : L 16 : T 0.7 sec
 - d_sub 300 : OOB 0.4672 : L 17 : T 0.7 sec
 - d_sub 300 : OOB 0.4648 : L 18 : T 0.8 sec
 - d_sub 300 : OOB 0.4644 : L 19 : T 0.8 sec
 - d_sub 300 : OOB 0.4640 : L 20 : T 0.9 sec
 - d_sub 300 : OOB 0.4636 : L 21 : T 0.9 sec
 - d_sub 300 : OOB 0.4650 : L 22 : T 0.9 sec
 - d_sub 300 : OOB 0.4645 : L 23 : T 1.0 sec
 - d_sub 300 : OOB 0.4611 : L 24 : T 1.0 sec
 - d_sub 300 : OOB 0.4632 : L 25 : T 1.1 sec
 - d_sub 300 : OOB 0.4623 : L 26 : T 1.1 sec
 - d_sub 300 : OOB 0.4608 : L 27 : T 1.2 sec
 - d_sub 300 : OOB 0.4607 : L 28 : T 1.2 sec
 - d_sub 300 : OOB 0.4615 : L 29 : T 1.2 sec
 - d_sub 300 : OOB 0.4637 : L 30 : T 1.3 sec
# -------------------------
optimal d_sub 300 : OOB 0.4637 : L 30 : T 1.3 sec
# -------------------------
# Ensemble classification
#  - Training samples: 10000 (5000/5000)
#  - Feature-space dimensionality: 18157
#  - L : 30
#  - d_sub : 300
#  - Seed 1 (subspaces) : 16746837
#  - Seed 2 (bootstrap) : 673751505
# -------------------------

 - d_sub 300 : OOB 0.4882 : L 1 : T 0.0 sec
 - d_sub 300 : OOB 0.4801 : L 2 : T 0.1 sec
 - d_sub 300 : OOB 0.4774 : L 3 : T 0.1 sec
 - d_sub 300 : OOB 0.4806 : L 4 : T 0.2 sec
 - d_sub 300 : OOB 0.4736 : L 5 : T 0.2 sec
 - d_sub 300 : OOB 0.4695 : L 6 : T 0.3 sec
 - d_sub 300 : OOB 0.4702 : L 7 : T 0.3 sec
 - d_sub 300 : OOB 0.4722 : L 8 : T 0.4 sec
 - d_sub 300 : OOB 0.4657 : L 9 : T 0.4 sec
 - d_sub 300 : OOB 0.4673 : L 10 : T 0.5 sec
 - d_sub 300 : OOB 0.4643 : L 11 : T 0.5 sec
 - d_sub 300 : OOB 0.4652 : L 12 : T 0.5 sec
 - d_sub 300 : OOB 0.4687 : L 13 : T 0.6 sec
 - d_sub 300 : OOB 0.4684 : L 14 : T 0.6 sec
 - d_sub 300 : OOB 0.4683 : L 15 : T 0.7 sec
 - d_sub 300 : OOB 0.4684 : L 16 : T 0.7 sec
 - d_sub 300 : OOB 0.4658 : L 17 : T 0.8 sec
 - d_sub 300 : OOB 0.4650 : L 18 : T 0.8 sec
 - d_sub 300 : OOB 0.4671 : L 19 : T 0.9 sec
 - d_sub 300 : OOB 0.4679 : L 20 : T 0.9 sec
 - d_sub 300 : OOB 0.4657 : L 21 : T 0.9 sec
 - d_sub 300 : OOB 0.4668 : L 22 : T 1.0 sec
 - d_sub 300 : OOB 0.4647 : L 23 : T 1.0 sec
 - d_sub 300 : OOB 0.4654 : L 24 : T 1.1 sec
 - d_sub 300 : OOB 0.4658 : L 25 : T 1.1 sec
 - d_sub 300 : OOB 0.4638 : L 26 : T 1.2 sec
 - d_sub 300 : OOB 0.4654 : L 27 : T 1.2 sec
 - d_sub 300 : OOB 0.4629 : L 28 : T 1.2 sec
 - d_sub 300 : OOB 0.4661 : L 29 : T 1.3 sec
 - d_sub 300 : OOB 0.4649 : L 30 : T 1.3 sec
# -------------------------
optimal d_sub 300 : OOB 0.4649 : L 30 : T 1.3 sec
# -------------------------
# Ensemble classification
#  - Training samples: 10000 (5000/5000)
#  - Feature-space dimensionality: 18157
#  - L : 30
#  - d_sub : 300
#  - Seed 1 (subspaces) : 662071883
#  - Seed 2 (bootstrap) : 333678921
# -------------------------

 - d_sub 300 : OOB 0.4888 : L 1 : T 0.0 sec
 - d_sub 300 : OOB 0.4813 : L 2 : T 0.1 sec
 - d_sub 300 : OOB 0.4818 : L 3 : T 0.1 sec
 - d_sub 300 : OOB 0.4832 : L 4 : T 0.2 sec
 - d_sub 300 : OOB 0.4772 : L 5 : T 0.2 sec
 - d_sub 300 : OOB 0.4743 : L 6 : T 0.3 sec
 - d_sub 300 : OOB 0.4729 : L 7 : T 0.3 sec
 - d_sub 300 : OOB 0.4763 : L 8 : T 0.3 sec
 - d_sub 300 : OOB 0.4677 : L 9 : T 0.4 sec
 - d_sub 300 : OOB 0.4741 : L 10 : T 0.4 sec
 - d_sub 300 : OOB 0.4720 : L 11 : T 0.5 sec
 - d_sub 300 : OOB 0.4666 : L 12 : T 0.5 sec
 - d_sub 300 : OOB 0.4681 : L 13 : T 0.6 sec
 - d_sub 300 : OOB 0.4662 : L 14 : T 0.6 sec
 - d_sub 300 : OOB 0.4650 : L 15 : T 0.6 sec
 - d_sub 300 : OOB 0.4704 : L 16 : T 0.7 sec
 - d_sub 300 : OOB 0.4670 : L 17 : T 0.7 sec
 - d_sub 300 : OOB 0.4664 : L 18 : T 0.8 sec
 - d_sub 300 : OOB 0.4683 : L 19 : T 0.8 sec
 - d_sub 300 : OOB 0.4683 : L 20 : T 0.9 sec
 - d_sub 300 : OOB 0.4662 : L 21 : T 0.9 sec
 - d_sub 300 : OOB 0.4633 : L 22 : T 0.9 sec
 - d_sub 300 : OOB 0.4668 : L 23 : T 1.0 sec
 - d_sub 300 : OOB 0.4647 : L 24 : T 1.0 sec
 - d_sub 300 : OOB 0.4637 : L 25 : T 1.1 sec
 - d_sub 300 : OOB 0.4636 : L 26 : T 1.1 sec
 - d_sub 300 : OOB 0.4609 : L 27 : T 1.1 sec
 - d_sub 300 : OOB 0.4593 : L 28 : T 1.2 sec
 - d_sub 300 : OOB 0.4628 : L 29 : T 1.2 sec
 - d_sub 300 : OOB 0.4584 : L 30 : T 1.3 sec
# -------------------------
optimal d_sub 300 : OOB 0.4584 : L 30 : T 1.3 sec
# -------------------------
# Ensemble classification
#  - Training samples: 10000 (5000/5000)
#  - Feature-space dimensionality: 18157
#  - L : 30
#  - d_sub : 300
#  - Seed 1 (subspaces) : 169268056
#  - Seed 2 (bootstrap) : 393959114
# -------------------------

 - d_sub 300 : OOB 0.4872 : L 1 : T 0.0 sec
 - d_sub 300 : OOB 0.4781 : L 2 : T 0.1 sec
 - d_sub 300 : OOB 0.4775 : L 3 : T 0.1 sec
 - d_sub 300 : OOB 0.4832 : L 4 : T 0.2 sec
 - d_sub 300 : OOB 0.4806 : L 5 : T 0.2 sec
 - d_sub 300 : OOB 0.4776 : L 6 : T 0.3 sec
 - d_sub 300 : OOB 0.4703 : L 7 : T 0.3 sec
 - d_sub 300 : OOB 0.4749 : L 8 : T 0.3 sec
 - d_sub 300 : OOB 0.4701 : L 9 : T 0.4 sec
 - d_sub 300 : OOB 0.4733 : L 10 : T 0.4 sec
 - d_sub 300 : OOB 0.4699 : L 11 : T 0.5 sec
 - d_sub 300 : OOB 0.4667 : L 12 : T 0.5 sec
 - d_sub 300 : OOB 0.4665 : L 13 : T 0.5 sec
 - d_sub 300 : OOB 0.4663 : L 14 : T 0.6 sec
 - d_sub 300 : OOB 0.4662 : L 15 : T 0.6 sec
 - d_sub 300 : OOB 0.4678 : L 16 : T 0.7 sec
 - d_sub 300 : OOB 0.4663 : L 17 : T 0.7 sec
 - d_sub 300 : OOB 0.4632 : L 18 : T 0.8 sec
 - d_sub 300 : OOB 0.4646 : L 19 : T 0.8 sec
 - d_sub 300 : OOB 0.4645 : L 20 : T 0.8 sec
 - d_sub 300 : OOB 0.4612 : L 21 : T 0.9 sec
 - d_sub 300 : OOB 0.4639 : L 22 : T 0.9 sec
 - d_sub 300 : OOB 0.4623 : L 23 : T 1.0 sec
 - d_sub 300 : OOB 0.4611 : L 24 : T 1.0 sec
 - d_sub 300 : OOB 0.4607 : L 25 : T 1.0 sec
 - d_sub 300 : OOB 0.4585 : L 26 : T 1.1 sec
 - d_sub 300 : OOB 0.4585 : L 27 : T 1.1 sec
 - d_sub 300 : OOB 0.4615 : L 28 : T 1.2 sec
 - d_sub 300 : OOB 0.4637 : L 29 : T 1.2 sec
 - d_sub 300 : OOB 0.4603 : L 30 : T 1.3 sec
# -------------------------
optimal d_sub 300 : OOB 0.4603 : L 30 : T 1.3 sec
# -------------------------
# Ensemble classification
#  - Training samples: 10000 (5000/5000)
#  - Feature-space dimensionality: 18157
#  - L : 30
#  - d_sub : 300
#  - Seed 1 (subspaces) : 706067691
#  - Seed 2 (bootstrap) : 79337469
# -------------------------

 - d_sub 300 : OOB 0.4876 : L 1 : T 0.0 sec
 - d_sub 300 : OOB 0.4780 : L 2 : T 0.1 sec
 - d_sub 300 : OOB 0.4772 : L 3 : T 0.1 sec
 - d_sub 300 : OOB 0.4831 : L 4 : T 0.2 sec
 - d_sub 300 : OOB 0.4747 : L 5 : T 0.2 sec
 - d_sub 300 : OOB 0.4715 : L 6 : T 0.3 sec
 - d_sub 300 : OOB 0.4696 : L 7 : T 0.3 sec
 - d_sub 300 : OOB 0.4733 : L 8 : T 0.3 sec
 - d_sub 300 : OOB 0.4659 : L 9 : T 0.4 sec
 - d_sub 300 : OOB 0.4720 : L 10 : T 0.4 sec
 - d_sub 300 : OOB 0.4683 : L 11 : T 0.5 sec
 - d_sub 300 : OOB 0.4653 : L 12 : T 0.5 sec
 - d_sub 300 : OOB 0.4658 : L 13 : T 0.6 sec
 - d_sub 300 : OOB 0.4666 : L 14 : T 0.6 sec
 - d_sub 300 : OOB 0.4636 : L 15 : T 0.6 sec
 - d_sub 300 : OOB 0.4669 : L 16 : T 0.7 sec
 - d_sub 300 : OOB 0.4671 : L 17 : T 0.7 sec
 - d_sub 300 : OOB 0.4628 : L 18 : T 0.8 sec
 - d_sub 300 : OOB 0.4674 : L 19 : T 0.8 sec
 - d_sub 300 : OOB 0.4667 : L 20 : T 0.9 sec
 - d_sub 300 : OOB 0.4661 : L 21 : T 0.9 sec
 - d_sub 300 : OOB 0.4635 : L 22 : T 1.0 sec
 - d_sub 300 : OOB 0.4694 : L 23 : T 1.0 sec
 - d_sub 300 : OOB 0.4644 : L 24 : T 1.0 sec
 - d_sub 300 : OOB 0.4651 : L 25 : T 1.1 sec
 - d_sub 300 : OOB 0.4651 : L 26 : T 1.1 sec
 - d_sub 300 : OOB 0.4615 : L 27 : T 1.2 sec
 - d_sub 300 : OOB 0.4616 : L 28 : T 1.2 sec
 - d_sub 300 : OOB 0.4647 : L 29 : T 1.3 sec
 - d_sub 300 : OOB 0.4608 : L 30 : T 1.3 sec
# -------------------------
optimal d_sub 300 : OOB 0.4608 : L 30 : T 1.3 sec
# -------------------------
Average OOB error = 0.46056 (+/- 0.00250)
# -------------------------
# Ensemble classification
#  - Training samples: 10000 (5000/5000)
#  - Feature-space dimensionality: 18157
#  - L : 30
#  - d_sub : 300
#  - Seed 1 (subspaces) : 5
#  - Seed 2 (bootstrap) : 73
# -------------------------

 - d_sub 300 : OOB 0.4859 : L 1 : T 0.0 sec
 - d_sub 300 : OOB 0.4772 : L 2 : T 0.1 sec
 - d_sub 300 : OOB 0.4760 : L 3 : T 0.1 sec
 - d_sub 300 : OOB 0.4760 : L 4 : T 0.2 sec
 - d_sub 300 : OOB 0.4703 : L 5 : T 0.2 sec
 - d_sub 300 : OOB 0.4678 : L 6 : T 0.3 sec
 - d_sub 300 : OOB 0.4699 : L 7 : T 0.3 sec
 - d_sub 300 : OOB 0.4702 : L 8 : T 0.3 sec
 - d_sub 300 : OOB 0.4666 : L 9 : T 0.4 sec
 - d_sub 300 : OOB 0.4677 : L 10 : T 0.4 sec
 - d_sub 300 : OOB 0.4633 : L 11 : T 0.5 sec
 - d_sub 300 : OOB 0.4645 : L 12 : T 0.5 sec
 - d_sub 300 : OOB 0.4668 : L 13 : T 0.6 sec
 - d_sub 300 : OOB 0.4646 : L 14 : T 0.6 sec
 - d_sub 300 : OOB 0.4660 : L 15 : T 0.6 sec
 - d_sub 300 : OOB 0.4617 : L 16 : T 0.7 sec
 - d_sub 300 : OOB 0.4634 : L 17 : T 0.7 sec
 - d_sub 300 : OOB 0.4624 : L 18 : T 0.8 sec
 - d_sub 300 : OOB 0.4618 : L 19 : T 0.8 sec
 - d_sub 300 : OOB 0.4638 : L 20 : T 0.9 sec
 - d_sub 300 : OOB 0.4627 : L 21 : T 0.9 sec
 - d_sub 300 : OOB 0.4627 : L 22 : T 0.9 sec
 - d_sub 300 : OOB 0.4612 : L 23 : T 1.0 sec
 - d_sub 300 : OOB 0.4624 : L 24 : T 1.0 sec
 - d_sub 300 : OOB 0.4620 : L 25 : T 1.1 sec
 - d_sub 300 : OOB 0.4606 : L 26 : T 1.1 sec
 - d_sub 300 : OOB 0.4602 : L 27 : T 1.2 sec
 - d_sub 300 : OOB 0.4601 : L 28 : T 1.2 sec
 - d_sub 300 : OOB 0.4619 : L 29 : T 1.2 sec
 - d_sub 300 : OOB 0.4622 : L 30 : T 1.3 sec
# -------------------------
optimal d_sub 300 : OOB 0.4622 : L 30 : T 1.3 sec
OOB error = 0.4576
optimal d_sub 300 : OOB 0.4592 : L 30 : T 1.3 sec
optimal d_sub 300 : OOB 0.4590 : L 74 : T 3.2 sec
Testing error 1: 0.4592
optimal d_sub 300 : OOB 0.4592 : L 70 : T 3.0 sec
Testing error 2: 0.4589
optimal d_sub 300 : OOB 0.4582 : L 76 : T 3.3 sec
Testing error 3: 0.4532
optimal d_sub 300 : OOB 0.4565 : L 81 : T 3.5 sec
Testing error 4: 0.4585
optimal d_sub 300 : OOB 0.4584 : L 65 : T 2.8 sec
Testing error 5: 0.4564
optimal d_sub 300 : OOB 0.4628 : L 86 : T 3.8 sec
Testing error 6: 0.4563
optimal d_sub 300 : OOB 0.4617 : L 82 : T 3.7 sec
Testing error 7: 0.4605
optimal d_sub 300 : OOB 0.4594 : L 75 : T 3.3 sec
Testing error 8: 0.4573
optimal d_sub 300 : OOB 0.4607 : L 75 : T 3.4 sec
Testing error 9: 0.4571
optimal d_sub 300 : OOB 0.4609 : L 79 : T 3.5 sec
Testing error 10: 0.4555
---
Average testing error over 10 splits: 0.4573 (+/- 0.0021)
