# -------------------------
# Ensemble classification
#  - Training samples: 10000 (5000/5000)
#  - Feature-space dimensionality: 24157
#  - L : automatic (min 25, max 500, length 50, eps 0.00500)
#  - d_sub : automatic (Eoob tolerance 0.0200, step 200)
#  - Seed 1 (subspaces) : 914636398
#  - Seed 2 (bootstrap) : 738549794
# -------------------------

 - d_sub 200 : OOB 0.4584 : L 1 : T 0.4 sec
 - d_sub 200 : OOB 0.4268 : L 2 : T 0.5 sec
 - d_sub 200 : OOB 0.4140 : L 3 : T 0.5 sec
 - d_sub 200 : OOB 0.4064 : L 4 : T 0.5 sec
 - d_sub 200 : OOB 0.3950 : L 5 : T 0.6 sec
 - d_sub 200 : OOB 0.3927 : L 6 : T 0.6 sec
 - d_sub 200 : OOB 0.3867 : L 7 : T 0.6 sec
 - d_sub 200 : OOB 0.3830 : L 8 : T 0.7 sec
 - d_sub 200 : OOB 0.3828 : L 9 : T 0.7 sec
 - d_sub 200 : OOB 0.3814 : L 10 : T 0.8 sec
 - d_sub 200 : OOB 0.3776 : L 11 : T 0.8 sec
 - d_sub 200 : OOB 0.3756 : L 12 : T 0.8 sec
 - d_sub 200 : OOB 0.3744 : L 13 : T 0.9 sec
 - d_sub 200 : OOB 0.3741 : L 14 : T 0.9 sec
 - d_sub 200 : OOB 0.3742 : L 15 : T 0.9 sec
 - d_sub 200 : OOB 0.3754 : L 16 : T 1.0 sec
 - d_sub 200 : OOB 0.3735 : L 17 : T 1.0 sec
 - d_sub 200 : OOB 0.3746 : L 18 : T 1.1 sec
 - d_sub 200 : OOB 0.3727 : L 19 : T 1.1 sec
 - d_sub 200 : OOB 0.3705 : L 20 : T 1.1 sec
 - d_sub 200 : OOB 0.3687 : L 21 : T 1.2 sec
 - d_sub 200 : OOB 0.3694 : L 22 : T 1.2 sec
 - d_sub 200 : OOB 0.3706 : L 23 : T 1.2 sec
 - d_sub 200 : OOB 0.3699 : L 24 : T 1.3 sec
 - d_sub 200 : OOB 0.3681 : L 25 : T 1.4 sec
 - d_sub 200 : OOB 0.3688 : L 26 : T 1.4 sec
 - d_sub 200 : OOB 0.3685 : L 27 : T 1.4 sec
 - d_sub 200 : OOB 0.3675 : L 28 : T 1.5 sec
 - d_sub 200 : OOB 0.3643 : L 29 : T 1.5 sec
 - d_sub 200 : OOB 0.3647 : L 30 : T 1.5 sec
 - d_sub 200 : OOB 0.3648 : L 31 : T 1.6 sec
 - d_sub 200 : OOB 0.3661 : L 32 : T 1.6 sec
 - d_sub 200 : OOB 0.3653 : L 33 : T 1.7 sec
 - d_sub 200 : OOB 0.3661 : L 34 : T 1.7 sec
 - d_sub 200 : OOB 0.3650 : L 35 : T 1.7 sec
 - d_sub 200 : OOB 0.3652 : L 36 : T 1.8 sec
 - d_sub 200 : OOB 0.3652 : L 37 : T 1.8 sec
 - d_sub 200 : OOB 0.3655 : L 38 : T 1.8 sec
 - d_sub 200 : OOB 0.3637 : L 39 : T 1.9 sec
 - d_sub 200 : OOB 0.3639 : L 40 : T 1.9 sec
 - d_sub 200 : OOB 0.3608 : L 41 : T 1.9 sec
 - d_sub 200 : OOB 0.3631 : L 42 : T 2.0 sec
 - d_sub 200 : OOB 0.3603 : L 43 : T 2.0 sec
 - d_sub 200 : OOB 0.3600 : L 44 : T 2.0 sec
 - d_sub 200 : OOB 0.3587 : L 45 : T 2.1 sec
 - d_sub 200 : OOB 0.3593 : L 46 : T 2.1 sec
 - d_sub 200 : OOB 0.3605 : L 47 : T 2.1 sec
 - d_sub 200 : OOB 0.3570 : L 48 : T 2.2 sec
 - d_sub 200 : OOB 0.3588 : L 49 : T 2.2 sec
 - d_sub 200 : OOB 0.3591 : L 50 : T 2.2 sec
 - d_sub 200 : OOB 0.3591 : L 51 : T 2.3 sec
 - d_sub 200 : OOB 0.3579 : L 52 : T 2.3 sec
 - d_sub 200 : OOB 0.3557 : L 53 : T 2.3 sec
 - d_sub 200 : OOB 0.3544 : L 54 : T 2.4 sec
 - d_sub 200 : OOB 0.3557 : L 55 : T 2.4 sec
 - d_sub 200 : OOB 0.3561 : L 56 : T 2.4 sec
 - d_sub 200 : OOB 0.3569 : L 57 : T 2.5 sec
 - d_sub 200 : OOB 0.3573 : L 58 : T 2.5 sec
 - d_sub 200 : OOB 0.3575 : L 59 : T 2.5 sec
 - d_sub 200 : OOB 0.3585 : L 60 : T 2.5 sec
 - d_sub 200 : OOB 0.3560 : L 61 : T 2.6 sec
 - d_sub 200 : OOB 0.3572 : L 62 : T 2.6 sec
 - d_sub 200 : OOB 0.3579 : L 63 : T 2.6 sec
 - d_sub 200 : OOB 0.3568 : L 64 : T 2.7 sec
 - d_sub 200 : OOB 0.3563 : L 65 : T 2.7 sec
 - d_sub 200 : OOB 0.3587 : L 66 : T 2.7 sec
 - d_sub 200 : OOB 0.3585 : L 67 : T 2.8 sec
 - d_sub 200 : OOB 0.3588 : L 68 : T 2.8 sec
 - d_sub 200 : OOB 0.3588 : L 69 : T 2.8 sec
 - d_sub 200 : OOB 0.3586 : L 70 : T 2.9 sec
 - d_sub 200 : OOB 0.3602 : L 71 : T 2.9 sec
 - d_sub 200 : OOB 0.3584 : L 72 : T 2.9 sec
 - d_sub 200 : OOB 0.3573 : L 73 : T 2.9 sec
 - d_sub 200 : OOB 0.3592 : L 74 : T 3.0 sec
 - d_sub 200 : OOB 0.3573 : L 75 : T 3.0 sec
 - d_sub 200 : OOB 0.3579 : L 76 : T 3.0 sec
 - d_sub 200 : OOB 0.3563 : L 77 : T 3.1 sec
 - d_sub 200 : OOB 0.3566 : L 78 : T 3.1 sec
 - d_sub 200 : OOB 0.3557 : L 79 : T 3.1 sec
 - d_sub 200 : OOB 0.3564 : L 80 : T 3.2 sec
 - d_sub 200 : OOB 0.3577 : L 81 : T 3.2 sec
 - d_sub 200 : OOB 0.3570 : L 82 : T 3.2 sec
 - d_sub 200 : OOB 0.3565 : L 83 : T 3.3 sec
 - d_sub 200 : OOB 0.3557 : L 84 : T 3.3 sec
 - d_sub 200 : OOB 0.3554 : L 85 : T 3.3 sec
 - d_sub 200 : OOB 0.3546 : L 86 : T 3.4 sec
 - d_sub 200 : OOB 0.3552 : L 87 : T 3.4 sec
 - d_sub 200 : OOB 0.3556 : L 88 : T 3.4 sec
 - d_sub 200 : OOB 0.3569 : L 89 : T 3.4 sec
 - d_sub 200 : OOB 0.3568 : L 90 : T 3.5 sec
 - d_sub 200 : OOB 0.3540 : L 91 : T 3.5 sec

 - d_sub 400 : OOB 0.4490 : L 1 : T 0.1 sec
 - d_sub 400 : OOB 0.4129 : L 2 : T 0.1 sec
 - d_sub 400 : OOB 0.3913 : L 3 : T 0.2 sec
 - d_sub 400 : OOB 0.3846 : L 4 : T 0.3 sec
 - d_sub 400 : OOB 0.3731 : L 5 : T 0.3 sec
 - d_sub 400 : OOB 0.3705 : L 6 : T 0.4 sec
 - d_sub 400 : OOB 0.3612 : L 7 : T 0.4 sec
 - d_sub 400 : OOB 0.3559 : L 8 : T 0.5 sec
 - d_sub 400 : OOB 0.3553 : L 9 : T 0.6 sec
 - d_sub 400 : OOB 0.3512 : L 10 : T 0.6 sec
 - d_sub 400 : OOB 0.3462 : L 11 : T 0.7 sec
 - d_sub 400 : OOB 0.3466 : L 12 : T 0.7 sec
 - d_sub 400 : OOB 0.3456 : L 13 : T 0.8 sec
 - d_sub 400 : OOB 0.3417 : L 14 : T 0.8 sec
 - d_sub 400 : OOB 0.3453 : L 15 : T 0.9 sec
 - d_sub 400 : OOB 0.3381 : L 16 : T 1.0 sec
 - d_sub 400 : OOB 0.3398 : L 17 : T 1.0 sec
 - d_sub 400 : OOB 0.3375 : L 18 : T 1.1 sec
 - d_sub 400 : OOB 0.3364 : L 19 : T 1.1 sec
 - d_sub 400 : OOB 0.3375 : L 20 : T 1.2 sec
 - d_sub 400 : OOB 0.3387 : L 21 : T 1.3 sec
 - d_sub 400 : OOB 0.3381 : L 22 : T 1.3 sec
 - d_sub 400 : OOB 0.3380 : L 23 : T 1.4 sec
 - d_sub 400 : OOB 0.3379 : L 24 : T 1.4 sec
 - d_sub 400 : OOB 0.3375 : L 25 : T 1.5 sec
 - d_sub 400 : OOB 0.3347 : L 26 : T 1.6 sec
 - d_sub 400 : OOB 0.3351 : L 27 : T 1.6 sec
 - d_sub 400 : OOB 0.3346 : L 28 : T 1.7 sec
 - d_sub 400 : OOB 0.3350 : L 29 : T 1.8 sec
 - d_sub 400 : OOB 0.3365 : L 30 : T 1.8 sec
 - d_sub 400 : OOB 0.3387 : L 31 : T 1.9 sec
 - d_sub 400 : OOB 0.3369 : L 32 : T 1.9 sec
 - d_sub 400 : OOB 0.3359 : L 33 : T 2.0 sec
 - d_sub 400 : OOB 0.3350 : L 34 : T 2.0 sec
 - d_sub 400 : OOB 0.3344 : L 35 : T 2.1 sec
 - d_sub 400 : OOB 0.3351 : L 36 : T 2.2 sec
 - d_sub 400 : OOB 0.3330 : L 37 : T 2.2 sec
 - d_sub 400 : OOB 0.3341 : L 38 : T 2.3 sec
 - d_sub 400 : OOB 0.3334 : L 39 : T 2.3 sec
 - d_sub 400 : OOB 0.3333 : L 40 : T 2.4 sec
 - d_sub 400 : OOB 0.3317 : L 41 : T 2.5 sec
 - d_sub 400 : OOB 0.3333 : L 42 : T 2.5 sec
 - d_sub 400 : OOB 0.3321 : L 43 : T 2.6 sec
 - d_sub 400 : OOB 0.3333 : L 44 : T 2.6 sec
 - d_sub 400 : OOB 0.3324 : L 45 : T 2.7 sec
 - d_sub 400 : OOB 0.3333 : L 46 : T 2.8 sec
 - d_sub 400 : OOB 0.3316 : L 47 : T 2.8 sec
 - d_sub 400 : OOB 0.3319 : L 48 : T 2.9 sec
 - d_sub 400 : OOB 0.3319 : L 49 : T 2.9 sec
 - d_sub 400 : OOB 0.3311 : L 50 : T 3.0 sec
 - d_sub 400 : OOB 0.3304 : L 51 : T 3.1 sec
 - d_sub 400 : OOB 0.3299 : L 52 : T 3.1 sec
 - d_sub 400 : OOB 0.3295 : L 53 : T 3.2 sec
 - d_sub 400 : OOB 0.3274 : L 54 : T 3.2 sec
 - d_sub 400 : OOB 0.3299 : L 55 : T 3.3 sec
 - d_sub 400 : OOB 0.3298 : L 56 : T 3.4 sec
 - d_sub 400 : OOB 0.3315 : L 57 : T 3.4 sec
 - d_sub 400 : OOB 0.3303 : L 58 : T 3.5 sec
 - d_sub 400 : OOB 0.3291 : L 59 : T 3.5 sec
 - d_sub 400 : OOB 0.3293 : L 60 : T 3.6 sec
 - d_sub 400 : OOB 0.3295 : L 61 : T 3.7 sec
 - d_sub 400 : OOB 0.3279 : L 62 : T 3.7 sec
 - d_sub 400 : OOB 0.3290 : L 63 : T 3.8 sec
 - d_sub 400 : OOB 0.3272 : L 64 : T 3.9 sec
 - d_sub 400 : OOB 0.3283 : L 65 : T 3.9 sec
 - d_sub 400 : OOB 0.3292 : L 66 : T 4.0 sec
 - d_sub 400 : OOB 0.3278 : L 67 : T 4.0 sec
 - d_sub 400 : OOB 0.3283 : L 68 : T 4.1 sec
 - d_sub 400 : OOB 0.3279 : L 69 : T 4.2 sec
 - d_sub 400 : OOB 0.3266 : L 70 : T 4.2 sec
 - d_sub 400 : OOB 0.3256 : L 71 : T 4.3 sec
 - d_sub 400 : OOB 0.3279 : L 72 : T 4.3 sec
 - d_sub 400 : OOB 0.3284 : L 73 : T 4.4 sec
 - d_sub 400 : OOB 0.3274 : L 74 : T 4.5 sec
 - d_sub 400 : OOB 0.3286 : L 75 : T 4.5 sec
 - d_sub 400 : OOB 0.3269 : L 76 : T 4.6 sec
 - d_sub 400 : OOB 0.3281 : L 77 : T 4.6 sec
 - d_sub 400 : OOB 0.3263 : L 78 : T 4.7 sec
 - d_sub 400 : OOB 0.3276 : L 79 : T 4.8 sec
 - d_sub 400 : OOB 0.3265 : L 80 : T 4.8 sec
 - d_sub 400 : OOB 0.3279 : L 81 : T 4.9 sec
 - d_sub 400 : OOB 0.3274 : L 82 : T 4.9 sec
 - d_sub 400 : OOB 0.3269 : L 83 : T 5.0 sec
 - d_sub 400 : OOB 0.3286 : L 84 : T 5.0 sec
 - d_sub 400 : OOB 0.3283 : L 85 : T 5.1 sec
 - d_sub 400 : OOB 0.3293 : L 86 : T 5.2 sec
 - d_sub 400 : OOB 0.3288 : L 87 : T 5.2 sec
 - d_sub 400 : OOB 0.3279 : L 88 : T 5.3 sec
 - d_sub 400 : OOB 0.3288 : L 89 : T 5.3 sec
 - d_sub 400 : OOB 0.3272 : L 90 : T 5.4 sec
 - d_sub 400 : OOB 0.3271 : L 91 : T 5.5 sec
 - d_sub 400 : OOB 0.3275 : L 92 : T 5.5 sec
 - d_sub 400 : OOB 0.3271 : L 93 : T 5.6 sec
 - d_sub 400 : OOB 0.3269 : L 94 : T 5.7 sec
 - d_sub 400 : OOB 0.3275 : L 95 : T 5.7 sec

 - d_sub 600 : OOB 0.4425 : L 1 : T 0.1 sec
 - d_sub 600 : OOB 0.4107 : L 2 : T 0.2 sec
 - d_sub 600 : OOB 0.3959 : L 3 : T 0.3 sec
 - d_sub 600 : OOB 0.3782 : L 4 : T 0.4 sec
 - d_sub 600 : OOB 0.3626 : L 5 : T 0.5 sec
 - d_sub 600 : OOB 0.3595 : L 6 : T 0.6 sec
 - d_sub 600 : OOB 0.3485 : L 7 : T 0.7 sec
 - d_sub 600 : OOB 0.3448 : L 8 : T 0.8 sec
 - d_sub 600 : OOB 0.3435 : L 9 : T 0.9 sec
 - d_sub 600 : OOB 0.3400 : L 10 : T 1.0 sec
 - d_sub 600 : OOB 0.3343 : L 11 : T 1.1 sec
 - d_sub 600 : OOB 0.3334 : L 12 : T 1.2 sec
 - d_sub 600 : OOB 0.3332 : L 13 : T 1.3 sec
 - d_sub 600 : OOB 0.3292 : L 14 : T 1.4 sec
 - d_sub 600 : OOB 0.3294 : L 15 : T 1.5 sec
 - d_sub 600 : OOB 0.3231 : L 16 : T 1.6 sec
 - d_sub 600 : OOB 0.3233 : L 17 : T 1.7 sec
 - d_sub 600 : OOB 0.3212 : L 18 : T 1.9 sec
 - d_sub 600 : OOB 0.3210 : L 19 : T 2.0 sec
 - d_sub 600 : OOB 0.3217 : L 20 : T 2.1 sec
 - d_sub 600 : OOB 0.3214 : L 21 : T 2.2 sec
 - d_sub 600 : OOB 0.3201 : L 22 : T 2.3 sec
 - d_sub 600 : OOB 0.3170 : L 23 : T 2.4 sec
 - d_sub 600 : OOB 0.3169 : L 24 : T 2.5 sec
 - d_sub 600 : OOB 0.3185 : L 25 : T 2.6 sec
 - d_sub 600 : OOB 0.3180 : L 26 : T 2.8 sec
 - d_sub 600 : OOB 0.3177 : L 27 : T 2.9 sec
 - d_sub 600 : OOB 0.3178 : L 28 : T 3.0 sec
 - d_sub 600 : OOB 0.3167 : L 29 : T 3.1 sec
 - d_sub 600 : OOB 0.3170 : L 30 : T 3.2 sec
 - d_sub 600 : OOB 0.3163 : L 31 : T 3.3 sec
 - d_sub 600 : OOB 0.3162 : L 32 : T 3.4 sec
 - d_sub 600 : OOB 0.3202 : L 33 : T 3.5 sec
 - d_sub 600 : OOB 0.3181 : L 34 : T 3.6 sec
 - d_sub 600 : OOB 0.3164 : L 35 : T 3.7 sec
 - d_sub 600 : OOB 0.3169 : L 36 : T 3.8 sec
 - d_sub 600 : OOB 0.3167 : L 37 : T 3.9 sec
 - d_sub 600 : OOB 0.3175 : L 38 : T 4.0 sec
 - d_sub 600 : OOB 0.3174 : L 39 : T 4.1 sec
 - d_sub 600 : OOB 0.3153 : L 40 : T 4.2 sec
 - d_sub 600 : OOB 0.3168 : L 41 : T 4.3 sec
 - d_sub 600 : OOB 0.3140 : L 42 : T 4.4 sec
 - d_sub 600 : OOB 0.3146 : L 43 : T 4.5 sec
 - d_sub 600 : OOB 0.3149 : L 44 : T 4.6 sec
 - d_sub 600 : OOB 0.3148 : L 45 : T 4.7 sec
 - d_sub 600 : OOB 0.3134 : L 46 : T 4.8 sec
 - d_sub 600 : OOB 0.3126 : L 47 : T 4.9 sec
 - d_sub 600 : OOB 0.3143 : L 48 : T 5.0 sec
 - d_sub 600 : OOB 0.3137 : L 49 : T 5.1 sec
 - d_sub 600 : OOB 0.3130 : L 50 : T 5.2 sec
 - d_sub 600 : OOB 0.3120 : L 51 : T 5.3 sec
 - d_sub 600 : OOB 0.3134 : L 52 : T 5.4 sec
 - d_sub 600 : OOB 0.3109 : L 53 : T 5.5 sec
 - d_sub 600 : OOB 0.3141 : L 54 : T 5.6 sec
 - d_sub 600 : OOB 0.3127 : L 55 : T 5.7 sec
 - d_sub 600 : OOB 0.3129 : L 56 : T 5.8 sec
 - d_sub 600 : OOB 0.3109 : L 57 : T 5.9 sec
 - d_sub 600 : OOB 0.3142 : L 58 : T 6.0 sec
 - d_sub 600 : OOB 0.3124 : L 59 : T 6.1 sec
 - d_sub 600 : OOB 0.3123 : L 60 : T 6.2 sec
 - d_sub 600 : OOB 0.3107 : L 61 : T 6.3 sec
 - d_sub 600 : OOB 0.3096 : L 62 : T 6.4 sec
 - d_sub 600 : OOB 0.3109 : L 63 : T 6.5 sec
 - d_sub 600 : OOB 0.3104 : L 64 : T 6.6 sec
 - d_sub 600 : OOB 0.3112 : L 65 : T 6.7 sec
 - d_sub 600 : OOB 0.3107 : L 66 : T 6.8 sec
 - d_sub 600 : OOB 0.3129 : L 67 : T 6.9 sec
 - d_sub 600 : OOB 0.3114 : L 68 : T 7.0 sec
 - d_sub 600 : OOB 0.3127 : L 69 : T 7.1 sec
 - d_sub 600 : OOB 0.3147 : L 70 : T 7.2 sec
 - d_sub 600 : OOB 0.3137 : L 71 : T 7.3 sec
 - d_sub 600 : OOB 0.3134 : L 72 : T 7.4 sec
 - d_sub 600 : OOB 0.3135 : L 73 : T 7.5 sec
 - d_sub 600 : OOB 0.3129 : L 74 : T 7.6 sec
 - d_sub 600 : OOB 0.3141 : L 75 : T 7.7 sec
 - d_sub 600 : OOB 0.3143 : L 76 : T 7.8 sec
 - d_sub 600 : OOB 0.3125 : L 77 : T 7.9 sec
 - d_sub 600 : OOB 0.3132 : L 78 : T 8.0 sec
 - d_sub 600 : OOB 0.3114 : L 79 : T 8.1 sec
 - d_sub 600 : OOB 0.3129 : L 80 : T 8.2 sec
 - d_sub 600 : OOB 0.3131 : L 81 : T 8.3 sec
 - d_sub 600 : OOB 0.3116 : L 82 : T 8.4 sec
 - d_sub 600 : OOB 0.3138 : L 83 : T 8.5 sec
 - d_sub 600 : OOB 0.3122 : L 84 : T 8.6 sec
 - d_sub 600 : OOB 0.3129 : L 85 : T 8.7 sec
 - d_sub 600 : OOB 0.3132 : L 86 : T 8.8 sec
 - d_sub 600 : OOB 0.3130 : L 87 : T 8.9 sec
 - d_sub 600 : OOB 0.3127 : L 88 : T 9.0 sec
 - d_sub 600 : OOB 0.3109 : L 89 : T 9.1 sec

 - d_sub 800 : OOB 0.4483 : L 1 : T 0.1 sec
 - d_sub 800 : OOB 0.4067 : L 2 : T 0.3 sec
 - d_sub 800 : OOB 0.3884 : L 3 : T 0.4 sec
 - d_sub 800 : OOB 0.3765 : L 4 : T 0.6 sec
 - d_sub 800 : OOB 0.3600 : L 5 : T 0.7 sec
 - d_sub 800 : OOB 0.3578 : L 6 : T 0.8 sec
 - d_sub 800 : OOB 0.3482 : L 7 : T 1.0 sec
 - d_sub 800 : OOB 0.3443 : L 8 : T 1.1 sec
 - d_sub 800 : OOB 0.3392 : L 9 : T 1.2 sec
 - d_sub 800 : OOB 0.3404 : L 10 : T 1.4 sec
 - d_sub 800 : OOB 0.3319 : L 11 : T 1.5 sec
 - d_sub 800 : OOB 0.3313 : L 12 : T 1.7 sec
 - d_sub 800 : OOB 0.3310 : L 13 : T 1.8 sec
 - d_sub 800 : OOB 0.3254 : L 14 : T 2.0 sec
 - d_sub 800 : OOB 0.3275 : L 15 : T 2.1 sec
 - d_sub 800 : OOB 0.3265 : L 16 : T 2.2 sec
 - d_sub 800 : OOB 0.3249 : L 17 : T 2.4 sec
 - d_sub 800 : OOB 0.3235 : L 18 : T 2.5 sec
 - d_sub 800 : OOB 0.3229 : L 19 : T 2.6 sec
 - d_sub 800 : OOB 0.3226 : L 20 : T 2.8 sec
 - d_sub 800 : OOB 0.3233 : L 21 : T 2.9 sec
 - d_sub 800 : OOB 0.3211 : L 22 : T 3.1 sec
 - d_sub 800 : OOB 0.3187 : L 23 : T 3.2 sec
 - d_sub 800 : OOB 0.3203 : L 24 : T 3.3 sec
 - d_sub 800 : OOB 0.3196 : L 25 : T 3.5 sec
 - d_sub 800 : OOB 0.3193 : L 26 : T 3.6 sec
 - d_sub 800 : OOB 0.3189 : L 27 : T 3.8 sec
 - d_sub 800 : OOB 0.3183 : L 28 : T 3.9 sec
 - d_sub 800 : OOB 0.3162 : L 29 : T 4.1 sec
 - d_sub 800 : OOB 0.3155 : L 30 : T 4.2 sec
 - d_sub 800 : OOB 0.3139 : L 31 : T 4.3 sec
 - d_sub 800 : OOB 0.3175 : L 32 : T 4.5 sec
 - d_sub 800 : OOB 0.3144 : L 33 : T 4.6 sec
 - d_sub 800 : OOB 0.3135 : L 34 : T 4.8 sec
 - d_sub 800 : OOB 0.3129 : L 35 : T 4.9 sec
 - d_sub 800 : OOB 0.3111 : L 36 : T 5.1 sec
 - d_sub 800 : OOB 0.3122 : L 37 : T 5.2 sec
 - d_sub 800 : OOB 0.3094 : L 38 : T 5.3 sec
 - d_sub 800 : OOB 0.3113 : L 39 : T 5.5 sec
 - d_sub 800 : OOB 0.3122 : L 40 : T 5.7 sec
 - d_sub 800 : OOB 0.3124 : L 41 : T 5.8 sec
 - d_sub 800 : OOB 0.3116 : L 42 : T 6.0 sec
 - d_sub 800 : OOB 0.3122 : L 43 : T 6.1 sec
 - d_sub 800 : OOB 0.3135 : L 44 : T 6.3 sec
 - d_sub 800 : OOB 0.3116 : L 45 : T 6.4 sec
 - d_sub 800 : OOB 0.3126 : L 46 : T 6.5 sec
 - d_sub 800 : OOB 0.3122 : L 47 : T 6.7 sec
 - d_sub 800 : OOB 0.3121 : L 48 : T 6.8 sec
 - d_sub 800 : OOB 0.3110 : L 49 : T 7.0 sec
 - d_sub 800 : OOB 0.3114 : L 50 : T 7.1 sec
 - d_sub 800 : OOB 0.3104 : L 51 : T 7.3 sec
 - d_sub 800 : OOB 0.3081 : L 52 : T 7.4 sec
 - d_sub 800 : OOB 0.3101 : L 53 : T 7.6 sec
 - d_sub 800 : OOB 0.3085 : L 54 : T 7.7 sec
 - d_sub 800 : OOB 0.3096 : L 55 : T 7.9 sec
 - d_sub 800 : OOB 0.3095 : L 56 : T 8.0 sec
 - d_sub 800 : OOB 0.3093 : L 57 : T 8.1 sec
 - d_sub 800 : OOB 0.3108 : L 58 : T 8.3 sec
 - d_sub 800 : OOB 0.3098 : L 59 : T 8.4 sec
 - d_sub 800 : OOB 0.3086 : L 60 : T 8.6 sec
 - d_sub 800 : OOB 0.3096 : L 61 : T 8.7 sec
 - d_sub 800 : OOB 0.3092 : L 62 : T 8.9 sec
 - d_sub 800 : OOB 0.3102 : L 63 : T 9.0 sec
 - d_sub 800 : OOB 0.3093 : L 64 : T 9.2 sec
 - d_sub 800 : OOB 0.3092 : L 65 : T 9.3 sec
 - d_sub 800 : OOB 0.3077 : L 66 : T 9.4 sec
 - d_sub 800 : OOB 0.3093 : L 67 : T 9.6 sec
 - d_sub 800 : OOB 0.3078 : L 68 : T 9.7 sec
 - d_sub 800 : OOB 0.3085 : L 69 : T 9.9 sec
 - d_sub 800 : OOB 0.3094 : L 70 : T 10.0 sec
 - d_sub 800 : OOB 0.3089 : L 71 : T 10.2 sec
 - d_sub 800 : OOB 0.3091 : L 72 : T 10.3 sec
 - d_sub 800 : OOB 0.3088 : L 73 : T 10.5 sec
 - d_sub 800 : OOB 0.3099 : L 74 : T 10.6 sec
 - d_sub 800 : OOB 0.3082 : L 75 : T 10.8 sec
 - d_sub 800 : OOB 0.3079 : L 76 : T 10.9 sec
 - d_sub 800 : OOB 0.3076 : L 77 : T 11.1 sec
 - d_sub 800 : OOB 0.3082 : L 78 : T 11.2 sec
 - d_sub 800 : OOB 0.3063 : L 79 : T 11.4 sec
 - d_sub 800 : OOB 0.3065 : L 80 : T 11.5 sec
 - d_sub 800 : OOB 0.3052 : L 81 : T 11.7 sec
 - d_sub 800 : OOB 0.3073 : L 82 : T 11.8 sec
 - d_sub 800 : OOB 0.3079 : L 83 : T 12.0 sec
 - d_sub 800 : OOB 0.3061 : L 84 : T 12.1 sec
 - d_sub 800 : OOB 0.3085 : L 85 : T 12.3 sec
 - d_sub 800 : OOB 0.3057 : L 86 : T 12.4 sec
 - d_sub 800 : OOB 0.3035 : L 87 : T 12.5 sec
 - d_sub 800 : OOB 0.3047 : L 88 : T 12.7 sec
 - d_sub 800 : OOB 0.3048 : L 89 : T 12.8 sec
 - d_sub 800 : OOB 0.3050 : L 90 : T 12.9 sec
 - d_sub 800 : OOB 0.3048 : L 91 : T 13.1 sec
 - d_sub 800 : OOB 0.3048 : L 92 : T 13.2 sec
 - d_sub 800 : OOB 0.3045 : L 93 : T 13.4 sec
 - d_sub 800 : OOB 0.3053 : L 94 : T 13.5 sec
 - d_sub 800 : OOB 0.3052 : L 95 : T 13.6 sec
 - d_sub 800 : OOB 0.3051 : L 96 : T 13.7 sec
 - d_sub 800 : OOB 0.3053 : L 97 : T 13.9 sec
 - d_sub 800 : OOB 0.3058 : L 98 : T 14.0 sec
 - d_sub 800 : OOB 0.3060 : L 99 : T 14.2 sec
 - d_sub 800 : OOB 0.3051 : L 100 : T 14.3 sec
 - d_sub 800 : OOB 0.3055 : L 101 : T 14.5 sec
 - d_sub 800 : OOB 0.3045 : L 102 : T 14.6 sec
 - d_sub 800 : OOB 0.3054 : L 103 : T 14.7 sec
 - d_sub 800 : OOB 0.3041 : L 104 : T 14.9 sec
 - d_sub 800 : OOB 0.3058 : L 105 : T 15.0 sec
 - d_sub 800 : OOB 0.3038 : L 106 : T 15.1 sec
 - d_sub 800 : OOB 0.3034 : L 107 : T 15.3 sec
 - d_sub 800 : OOB 0.3049 : L 108 : T 15.4 sec
 - d_sub 800 : OOB 0.3037 : L 109 : T 15.6 sec
 - d_sub 800 : OOB 0.3040 : L 110 : T 15.7 sec
 - d_sub 800 : OOB 0.3036 : L 111 : T 15.8 sec
 - d_sub 800 : OOB 0.3029 : L 112 : T 16.0 sec
 - d_sub 800 : OOB 0.3041 : L 113 : T 16.1 sec
 - d_sub 800 : OOB 0.3040 : L 114 : T 16.2 sec
 - d_sub 800 : OOB 0.3037 : L 115 : T 16.4 sec
 - d_sub 800 : OOB 0.3024 : L 116 : T 16.5 sec
 - d_sub 800 : OOB 0.3034 : L 117 : T 16.7 sec
 - d_sub 800 : OOB 0.3041 : L 118 : T 16.8 sec
 - d_sub 800 : OOB 0.3033 : L 119 : T 17.0 sec
 - d_sub 800 : OOB 0.3033 : L 120 : T 17.1 sec
 - d_sub 800 : OOB 0.3036 : L 121 : T 17.3 sec
 - d_sub 800 : OOB 0.3033 : L 122 : T 17.4 sec
 - d_sub 800 : OOB 0.3031 : L 123 : T 17.6 sec
 - d_sub 800 : OOB 0.3038 : L 124 : T 17.7 sec

 - d_sub 1000 : OOB 0.4408 : L 1 : T 0.2 sec
 - d_sub 1000 : OOB 0.4045 : L 2 : T 0.4 sec
 - d_sub 1000 : OOB 0.3815 : L 3 : T 0.6 sec
 - d_sub 1000 : OOB 0.3713 : L 4 : T 0.8 sec
 - d_sub 1000 : OOB 0.3560 : L 5 : T 1.0 sec
 - d_sub 1000 : OOB 0.3488 : L 6 : T 1.2 sec
 - d_sub 1000 : OOB 0.3371 : L 7 : T 1.4 sec
 - d_sub 1000 : OOB 0.3315 : L 8 : T 1.6 sec
 - d_sub 1000 : OOB 0.3281 : L 9 : T 1.8 sec
 - d_sub 1000 : OOB 0.3264 : L 10 : T 2.0 sec
 - d_sub 1000 : OOB 0.3207 : L 11 : T 2.2 sec
 - d_sub 1000 : OOB 0.3201 : L 12 : T 2.4 sec
 - d_sub 1000 : OOB 0.3213 : L 13 : T 2.6 sec
 - d_sub 1000 : OOB 0.3154 : L 14 : T 2.8 sec
 - d_sub 1000 : OOB 0.3185 : L 15 : T 3.0 sec
 - d_sub 1000 : OOB 0.3127 : L 16 : T 3.2 sec
 - d_sub 1000 : OOB 0.3124 : L 17 : T 3.4 sec
 - d_sub 1000 : OOB 0.3093 : L 18 : T 3.6 sec
 - d_sub 1000 : OOB 0.3106 : L 19 : T 3.9 sec
 - d_sub 1000 : OOB 0.3105 : L 20 : T 4.1 sec
 - d_sub 1000 : OOB 0.3114 : L 21 : T 4.3 sec
 - d_sub 1000 : OOB 0.3075 : L 22 : T 4.5 sec
 - d_sub 1000 : OOB 0.3064 : L 23 : T 4.7 sec
 - d_sub 1000 : OOB 0.3086 : L 24 : T 4.9 sec
 - d_sub 1000 : OOB 0.3068 : L 25 : T 5.0 sec
 - d_sub 1000 : OOB 0.3065 : L 26 : T 5.2 sec
 - d_sub 1000 : OOB 0.3071 : L 27 : T 5.4 sec
 - d_sub 1000 : OOB 0.3072 : L 28 : T 5.6 sec
 - d_sub 1000 : OOB 0.3063 : L 29 : T 5.8 sec
 - d_sub 1000 : OOB 0.3058 : L 30 : T 5.9 sec
 - d_sub 1000 : OOB 0.3072 : L 31 : T 6.1 sec
 - d_sub 1000 : OOB 0.3050 : L 32 : T 6.3 sec
 - d_sub 1000 : OOB 0.3037 : L 33 : T 6.5 sec
 - d_sub 1000 : OOB 0.3031 : L 34 : T 6.7 sec
 - d_sub 1000 : OOB 0.3016 : L 35 : T 6.9 sec
 - d_sub 1000 : OOB 0.2998 : L 36 : T 7.1 sec
 - d_sub 1000 : OOB 0.3014 : L 37 : T 7.2 sec
 - d_sub 1000 : OOB 0.3026 : L 38 : T 7.4 sec
 - d_sub 1000 : OOB 0.3026 : L 39 : T 7.6 sec
 - d_sub 1000 : OOB 0.3011 : L 40 : T 7.8 sec
 - d_sub 1000 : OOB 0.2984 : L 41 : T 8.0 sec
 - d_sub 1000 : OOB 0.2998 : L 42 : T 8.1 sec
 - d_sub 1000 : OOB 0.2982 : L 43 : T 8.3 sec
 - d_sub 1000 : OOB 0.2994 : L 44 : T 8.5 sec
 - d_sub 1000 : OOB 0.2983 : L 45 : T 8.7 sec
 - d_sub 1000 : OOB 0.2995 : L 46 : T 8.9 sec
 - d_sub 1000 : OOB 0.3007 : L 47 : T 9.1 sec
 - d_sub 1000 : OOB 0.3001 : L 48 : T 9.3 sec
 - d_sub 1000 : OOB 0.3001 : L 49 : T 9.4 sec
 - d_sub 1000 : OOB 0.3012 : L 50 : T 9.6 sec
 - d_sub 1000 : OOB 0.2986 : L 51 : T 9.8 sec
 - d_sub 1000 : OOB 0.2978 : L 52 : T 10.0 sec
 - d_sub 1000 : OOB 0.2999 : L 53 : T 10.3 sec
 - d_sub 1000 : OOB 0.2991 : L 54 : T 10.5 sec
 - d_sub 1000 : OOB 0.2998 : L 55 : T 10.7 sec
 - d_sub 1000 : OOB 0.2985 : L 56 : T 10.9 sec
 - d_sub 1000 : OOB 0.2958 : L 57 : T 11.1 sec
 - d_sub 1000 : OOB 0.2966 : L 58 : T 11.3 sec
 - d_sub 1000 : OOB 0.2970 : L 59 : T 11.5 sec
 - d_sub 1000 : OOB 0.2989 : L 60 : T 11.7 sec
 - d_sub 1000 : OOB 0.2980 : L 61 : T 11.9 sec
 - d_sub 1000 : OOB 0.2966 : L 62 : T 12.1 sec
 - d_sub 1000 : OOB 0.2964 : L 63 : T 12.3 sec
 - d_sub 1000 : OOB 0.2951 : L 64 : T 12.5 sec
 - d_sub 1000 : OOB 0.2979 : L 65 : T 12.7 sec
 - d_sub 1000 : OOB 0.2957 : L 66 : T 12.9 sec
 - d_sub 1000 : OOB 0.2971 : L 67 : T 13.1 sec
 - d_sub 1000 : OOB 0.2984 : L 68 : T 13.3 sec
 - d_sub 1000 : OOB 0.2978 : L 69 : T 13.5 sec
 - d_sub 1000 : OOB 0.2992 : L 70 : T 13.7 sec
 - d_sub 1000 : OOB 0.2986 : L 71 : T 13.9 sec
 - d_sub 1000 : OOB 0.2966 : L 72 : T 14.1 sec
 - d_sub 1000 : OOB 0.2963 : L 73 : T 14.3 sec
 - d_sub 1000 : OOB 0.2980 : L 74 : T 14.5 sec
 - d_sub 1000 : OOB 0.2982 : L 75 : T 14.7 sec
 - d_sub 1000 : OOB 0.2977 : L 76 : T 14.9 sec
 - d_sub 1000 : OOB 0.2975 : L 77 : T 15.1 sec
 - d_sub 1000 : OOB 0.2966 : L 78 : T 15.3 sec
 - d_sub 1000 : OOB 0.2971 : L 79 : T 15.6 sec
 - d_sub 1000 : OOB 0.2970 : L 80 : T 15.7 sec
 - d_sub 1000 : OOB 0.2970 : L 81 : T 15.9 sec
 - d_sub 1000 : OOB 0.2962 : L 82 : T 16.1 sec
 - d_sub 1000 : OOB 0.2969 : L 83 : T 16.3 sec
 - d_sub 1000 : OOB 0.2974 : L 84 : T 16.5 sec
 - d_sub 1000 : OOB 0.2960 : L 85 : T 16.7 sec
 - d_sub 1000 : OOB 0.2962 : L 86 : T 16.9 sec

 - d_sub 1200 : OOB 0.4397 : L 1 : T 0.2 sec
 - d_sub 1200 : OOB 0.4026 : L 2 : T 0.5 sec
 - d_sub 1200 : OOB 0.3877 : L 3 : T 0.7 sec
 - d_sub 1200 : OOB 0.3686 : L 4 : T 1.0 sec
 - d_sub 1200 : OOB 0.3570 : L 5 : T 1.3 sec
 - d_sub 1200 : OOB 0.3539 : L 6 : T 1.5 sec
 - d_sub 1200 : OOB 0.3436 : L 7 : T 1.8 sec
 - d_sub 1200 : OOB 0.3385 : L 8 : T 2.1 sec
 - d_sub 1200 : OOB 0.3311 : L 9 : T 2.4 sec
 - d_sub 1200 : OOB 0.3296 : L 10 : T 2.7 sec
 - d_sub 1200 : OOB 0.3290 : L 11 : T 2.9 sec
 - d_sub 1200 : OOB 0.3241 : L 12 : T 3.2 sec
 - d_sub 1200 : OOB 0.3208 : L 13 : T 3.5 sec
 - d_sub 1200 : OOB 0.3149 : L 14 : T 3.7 sec
 - d_sub 1200 : OOB 0.3157 : L 15 : T 4.0 sec
 - d_sub 1200 : OOB 0.3138 : L 16 : T 4.3 sec
 - d_sub 1200 : OOB 0.3123 : L 17 : T 4.5 sec
 - d_sub 1200 : OOB 0.3113 : L 18 : T 4.8 sec
 - d_sub 1200 : OOB 0.3119 : L 19 : T 5.1 sec
 - d_sub 1200 : OOB 0.3114 : L 20 : T 5.3 sec
 - d_sub 1200 : OOB 0.3111 : L 21 : T 5.6 sec
 - d_sub 1200 : OOB 0.3105 : L 22 : T 5.9 sec
 - d_sub 1200 : OOB 0.3073 : L 23 : T 6.1 sec
 - d_sub 1200 : OOB 0.3070 : L 24 : T 6.4 sec
 - d_sub 1200 : OOB 0.3077 : L 25 : T 6.7 sec
 - d_sub 1200 : OOB 0.3058 : L 26 : T 7.0 sec
 - d_sub 1200 : OOB 0.3045 : L 27 : T 7.2 sec
 - d_sub 1200 : OOB 0.3042 : L 28 : T 7.5 sec
 - d_sub 1200 : OOB 0.3034 : L 29 : T 7.8 sec
 - d_sub 1200 : OOB 0.3055 : L 30 : T 8.1 sec
 - d_sub 1200 : OOB 0.3072 : L 31 : T 8.3 sec
 - d_sub 1200 : OOB 0.3054 : L 32 : T 8.6 sec
 - d_sub 1200 : OOB 0.3035 : L 33 : T 8.9 sec
 - d_sub 1200 : OOB 0.3015 : L 34 : T 9.2 sec
 - d_sub 1200 : OOB 0.3011 : L 35 : T 9.4 sec
 - d_sub 1200 : OOB 0.3004 : L 36 : T 9.7 sec
 - d_sub 1200 : OOB 0.3007 : L 37 : T 10.0 sec
 - d_sub 1200 : OOB 0.3009 : L 38 : T 10.3 sec
 - d_sub 1200 : OOB 0.3038 : L 39 : T 10.6 sec
 - d_sub 1200 : OOB 0.3038 : L 40 : T 10.9 sec
 - d_sub 1200 : OOB 0.3029 : L 41 : T 11.2 sec
 - d_sub 1200 : OOB 0.3025 : L 42 : T 11.5 sec
 - d_sub 1200 : OOB 0.3034 : L 43 : T 11.8 sec
 - d_sub 1200 : OOB 0.3052 : L 44 : T 12.1 sec
 - d_sub 1200 : OOB 0.3023 : L 45 : T 12.4 sec
 - d_sub 1200 : OOB 0.3040 : L 46 : T 12.7 sec
 - d_sub 1200 : OOB 0.3032 : L 47 : T 13.0 sec
 - d_sub 1200 : OOB 0.3023 : L 48 : T 13.2 sec
 - d_sub 1200 : OOB 0.3015 : L 49 : T 13.5 sec
 - d_sub 1200 : OOB 0.3007 : L 50 : T 13.8 sec
 - d_sub 1200 : OOB 0.2993 : L 51 : T 14.1 sec
 - d_sub 1200 : OOB 0.3000 : L 52 : T 14.4 sec
 - d_sub 1200 : OOB 0.2993 : L 53 : T 14.7 sec
 - d_sub 1200 : OOB 0.3024 : L 54 : T 15.0 sec
 - d_sub 1200 : OOB 0.3012 : L 55 : T 15.3 sec
 - d_sub 1200 : OOB 0.3034 : L 56 : T 15.5 sec
 - d_sub 1200 : OOB 0.3006 : L 57 : T 15.8 sec
 - d_sub 1200 : OOB 0.2984 : L 58 : T 16.1 sec
 - d_sub 1200 : OOB 0.2976 : L 59 : T 16.4 sec
 - d_sub 1200 : OOB 0.2969 : L 60 : T 16.6 sec
 - d_sub 1200 : OOB 0.2977 : L 61 : T 16.9 sec
 - d_sub 1200 : OOB 0.2986 : L 62 : T 17.2 sec
 - d_sub 1200 : OOB 0.2966 : L 63 : T 17.5 sec
 - d_sub 1200 : OOB 0.2969 : L 64 : T 17.7 sec
 - d_sub 1200 : OOB 0.2973 : L 65 : T 18.0 sec
 - d_sub 1200 : OOB 0.2951 : L 66 : T 18.3 sec
 - d_sub 1200 : OOB 0.2975 : L 67 : T 18.6 sec
 - d_sub 1200 : OOB 0.2983 : L 68 : T 18.9 sec
 - d_sub 1200 : OOB 0.2966 : L 69 : T 19.1 sec
 - d_sub 1200 : OOB 0.2971 : L 70 : T 19.4 sec
 - d_sub 1200 : OOB 0.2977 : L 71 : T 19.7 sec
 - d_sub 1200 : OOB 0.2963 : L 72 : T 20.0 sec
 - d_sub 1200 : OOB 0.2985 : L 73 : T 20.3 sec
 - d_sub 1200 : OOB 0.2967 : L 74 : T 20.6 sec
 - d_sub 1200 : OOB 0.2963 : L 75 : T 20.9 sec
 - d_sub 1200 : OOB 0.2981 : L 76 : T 21.1 sec
 - d_sub 1200 : OOB 0.2973 : L 77 : T 21.4 sec
 - d_sub 1200 : OOB 0.2975 : L 78 : T 21.7 sec
 - d_sub 1200 : OOB 0.2998 : L 79 : T 22.0 sec
 - d_sub 1200 : OOB 0.2983 : L 80 : T 22.3 sec
 - d_sub 1200 : OOB 0.2991 : L 81 : T 22.6 sec
 - d_sub 1200 : OOB 0.2981 : L 82 : T 22.9 sec
 - d_sub 1200 : OOB 0.2981 : L 83 : T 23.1 sec
 - d_sub 1200 : OOB 0.2989 : L 84 : T 23.4 sec
 - d_sub 1200 : OOB 0.2961 : L 85 : T 23.7 sec
 - d_sub 1200 : OOB 0.2974 : L 86 : T 24.0 sec
 - d_sub 1200 : OOB 0.2951 : L 87 : T 24.3 sec
 - d_sub 1200 : OOB 0.2953 : L 88 : T 24.6 sec
 - d_sub 1200 : OOB 0.2962 : L 89 : T 24.9 sec
 - d_sub 1200 : OOB 0.2962 : L 90 : T 25.2 sec
 - d_sub 1200 : OOB 0.2972 : L 91 : T 25.5 sec
 - d_sub 1200 : OOB 0.2979 : L 92 : T 25.8 sec
 - d_sub 1200 : OOB 0.2968 : L 93 : T 26.1 sec
 - d_sub 1200 : OOB 0.2981 : L 94 : T 26.4 sec
 - d_sub 1200 : OOB 0.2964 : L 95 : T 26.7 sec
 - d_sub 1200 : OOB 0.2965 : L 96 : T 26.9 sec
 - d_sub 1200 : OOB 0.2985 : L 97 : T 27.2 sec
 - d_sub 1200 : OOB 0.2983 : L 98 : T 27.5 sec
 - d_sub 1200 : OOB 0.2965 : L 99 : T 27.8 sec
 - d_sub 1200 : OOB 0.2988 : L 100 : T 28.1 sec
 - d_sub 1200 : OOB 0.2990 : L 101 : T 28.4 sec
 - d_sub 1200 : OOB 0.2993 : L 102 : T 28.7 sec
 - d_sub 1200 : OOB 0.2985 : L 103 : T 28.9 sec
 - d_sub 1200 : OOB 0.2978 : L 104 : T 29.2 sec

 - d_sub 1400 : OOB 0.4392 : L 1 : T 0.3 sec
 - d_sub 1400 : OOB 0.4009 : L 2 : T 0.7 sec
 - d_sub 1400 : OOB 0.3773 : L 3 : T 1.0 sec
 - d_sub 1400 : OOB 0.3658 : L 4 : T 1.4 sec
 - d_sub 1400 : OOB 0.3521 : L 5 : T 1.8 sec
 - d_sub 1400 : OOB 0.3473 : L 6 : T 2.1 sec
 - d_sub 1400 : OOB 0.3357 : L 7 : T 2.5 sec
 - d_sub 1400 : OOB 0.3305 : L 8 : T 2.8 sec
 - d_sub 1400 : OOB 0.3299 : L 9 : T 3.2 sec
 - d_sub 1400 : OOB 0.3249 : L 10 : T 3.5 sec
 - d_sub 1400 : OOB 0.3216 : L 11 : T 3.9 sec
 - d_sub 1400 : OOB 0.3218 : L 12 : T 4.2 sec
 - d_sub 1400 : OOB 0.3184 : L 13 : T 4.6 sec
 - d_sub 1400 : OOB 0.3180 : L 14 : T 5.0 sec
 - d_sub 1400 : OOB 0.3153 : L 15 : T 5.3 sec
 - d_sub 1400 : OOB 0.3161 : L 16 : T 5.7 sec
 - d_sub 1400 : OOB 0.3125 : L 17 : T 6.0 sec
 - d_sub 1400 : OOB 0.3126 : L 18 : T 6.4 sec
 - d_sub 1400 : OOB 0.3103 : L 19 : T 6.7 sec
 - d_sub 1400 : OOB 0.3100 : L 20 : T 7.0 sec
 - d_sub 1400 : OOB 0.3057 : L 21 : T 7.4 sec
 - d_sub 1400 : OOB 0.3051 : L 22 : T 7.7 sec
 - d_sub 1400 : OOB 0.3069 : L 23 : T 8.1 sec
 - d_sub 1400 : OOB 0.3058 : L 24 : T 8.4 sec
 - d_sub 1400 : OOB 0.3030 : L 25 : T 8.8 sec
 - d_sub 1400 : OOB 0.3047 : L 26 : T 9.2 sec
 - d_sub 1400 : OOB 0.3027 : L 27 : T 9.5 sec
 - d_sub 1400 : OOB 0.3036 : L 28 : T 9.9 sec
 - d_sub 1400 : OOB 0.2989 : L 29 : T 10.3 sec
 - d_sub 1400 : OOB 0.2995 : L 30 : T 10.6 sec
 - d_sub 1400 : OOB 0.3001 : L 31 : T 11.0 sec
 - d_sub 1400 : OOB 0.3008 : L 32 : T 11.3 sec
 - d_sub 1400 : OOB 0.2998 : L 33 : T 11.7 sec
 - d_sub 1400 : OOB 0.3021 : L 34 : T 12.0 sec
 - d_sub 1400 : OOB 0.3003 : L 35 : T 12.3 sec
 - d_sub 1400 : OOB 0.2990 : L 36 : T 12.7 sec
 - d_sub 1400 : OOB 0.2989 : L 37 : T 13.0 sec
 - d_sub 1400 : OOB 0.2983 : L 38 : T 13.4 sec
 - d_sub 1400 : OOB 0.2978 : L 39 : T 13.7 sec
 - d_sub 1400 : OOB 0.2983 : L 40 : T 14.1 sec
 - d_sub 1400 : OOB 0.2970 : L 41 : T 14.4 sec
 - d_sub 1400 : OOB 0.2957 : L 42 : T 14.7 sec
 - d_sub 1400 : OOB 0.2965 : L 43 : T 15.1 sec
 - d_sub 1400 : OOB 0.2973 : L 44 : T 15.4 sec
 - d_sub 1400 : OOB 0.2959 : L 45 : T 15.7 sec
 - d_sub 1400 : OOB 0.2945 : L 46 : T 16.1 sec
 - d_sub 1400 : OOB 0.2973 : L 47 : T 16.4 sec
 - d_sub 1400 : OOB 0.2957 : L 48 : T 16.8 sec
 - d_sub 1400 : OOB 0.2953 : L 49 : T 17.1 sec
 - d_sub 1400 : OOB 0.2953 : L 50 : T 17.4 sec
 - d_sub 1400 : OOB 0.2953 : L 51 : T 17.8 sec
 - d_sub 1400 : OOB 0.2958 : L 52 : T 18.1 sec
 - d_sub 1400 : OOB 0.2969 : L 53 : T 18.5 sec
 - d_sub 1400 : OOB 0.2971 : L 54 : T 18.8 sec
 - d_sub 1400 : OOB 0.2966 : L 55 : T 19.2 sec
 - d_sub 1400 : OOB 0.2973 : L 56 : T 19.5 sec
 - d_sub 1400 : OOB 0.2951 : L 57 : T 19.9 sec
 - d_sub 1400 : OOB 0.2960 : L 58 : T 20.2 sec
 - d_sub 1400 : OOB 0.2951 : L 59 : T 20.6 sec
 - d_sub 1400 : OOB 0.2944 : L 60 : T 20.9 sec
 - d_sub 1400 : OOB 0.2942 : L 61 : T 21.3 sec
 - d_sub 1400 : OOB 0.2932 : L 62 : T 21.6 sec
 - d_sub 1400 : OOB 0.2928 : L 63 : T 21.9 sec
 - d_sub 1400 : OOB 0.2929 : L 64 : T 22.3 sec
 - d_sub 1400 : OOB 0.2940 : L 65 : T 22.6 sec
 - d_sub 1400 : OOB 0.2941 : L 66 : T 23.0 sec
 - d_sub 1400 : OOB 0.2937 : L 67 : T 23.3 sec
 - d_sub 1400 : OOB 0.2943 : L 68 : T 23.7 sec
 - d_sub 1400 : OOB 0.2943 : L 69 : T 24.0 sec
 - d_sub 1400 : OOB 0.2928 : L 70 : T 24.3 sec
 - d_sub 1400 : OOB 0.2946 : L 71 : T 24.7 sec
 - d_sub 1400 : OOB 0.2927 : L 72 : T 25.0 sec
 - d_sub 1400 : OOB 0.2908 : L 73 : T 25.4 sec
 - d_sub 1400 : OOB 0.2932 : L 74 : T 25.7 sec
 - d_sub 1400 : OOB 0.2911 : L 75 : T 26.0 sec
 - d_sub 1400 : OOB 0.2921 : L 76 : T 26.4 sec
 - d_sub 1400 : OOB 0.2908 : L 77 : T 26.7 sec
 - d_sub 1400 : OOB 0.2901 : L 78 : T 27.1 sec
 - d_sub 1400 : OOB 0.2904 : L 79 : T 27.5 sec
 - d_sub 1400 : OOB 0.2917 : L 80 : T 27.8 sec
 - d_sub 1400 : OOB 0.2929 : L 81 : T 28.2 sec
 - d_sub 1400 : OOB 0.2919 : L 82 : T 28.5 sec
 - d_sub 1400 : OOB 0.2912 : L 83 : T 28.9 sec
 - d_sub 1400 : OOB 0.2910 : L 84 : T 29.2 sec
 - d_sub 1400 : OOB 0.2910 : L 85 : T 29.5 sec
 - d_sub 1400 : OOB 0.2918 : L 86 : T 29.8 sec
 - d_sub 1400 : OOB 0.2903 : L 87 : T 30.2 sec
 - d_sub 1400 : OOB 0.2914 : L 88 : T 30.5 sec
 - d_sub 1400 : OOB 0.2912 : L 89 : T 30.9 sec
 - d_sub 1400 : OOB 0.2890 : L 90 : T 31.2 sec
 - d_sub 1400 : OOB 0.2914 : L 91 : T 31.6 sec
 - d_sub 1400 : OOB 0.2908 : L 92 : T 31.9 sec
 - d_sub 1400 : OOB 0.2916 : L 93 : T 32.3 sec
 - d_sub 1400 : OOB 0.2906 : L 94 : T 32.6 sec
 - d_sub 1400 : OOB 0.2901 : L 95 : T 33.0 sec
 - d_sub 1400 : OOB 0.2908 : L 96 : T 33.3 sec
 - d_sub 1400 : OOB 0.2921 : L 97 : T 33.7 sec
 - d_sub 1400 : OOB 0.2920 : L 98 : T 34.0 sec
 - d_sub 1400 : OOB 0.2925 : L 99 : T 34.4 sec
 - d_sub 1400 : OOB 0.2921 : L 100 : T 34.7 sec
 - d_sub 1400 : OOB 0.2924 : L 101 : T 35.1 sec
 - d_sub 1400 : OOB 0.2926 : L 102 : T 35.4 sec
 - d_sub 1400 : OOB 0.2931 : L 103 : T 35.7 sec
 - d_sub 1400 : OOB 0.2929 : L 104 : T 36.1 sec
 - d_sub 1400 : OOB 0.2923 : L 105 : T 36.4 sec

 - d_sub 1600 : OOB 0.4403 : L 1 : T 0.4 sec
 - d_sub 1600 : OOB 0.4055 : L 2 : T 0.8 sec
 - d_sub 1600 : OOB 0.3827 : L 3 : T 1.1 sec
 - d_sub 1600 : OOB 0.3697 : L 4 : T 1.5 sec
 - d_sub 1600 : OOB 0.3575 : L 5 : T 1.9 sec
 - d_sub 1600 : OOB 0.3514 : L 6 : T 2.2 sec
 - d_sub 1600 : OOB 0.3443 : L 7 : T 2.6 sec
 - d_sub 1600 : OOB 0.3362 : L 8 : T 3.0 sec
 - d_sub 1600 : OOB 0.3329 : L 9 : T 3.3 sec
 - d_sub 1600 : OOB 0.3300 : L 10 : T 3.7 sec
 - d_sub 1600 : OOB 0.3272 : L 11 : T 4.1 sec
 - d_sub 1600 : OOB 0.3231 : L 12 : T 4.4 sec
 - d_sub 1600 : OOB 0.3216 : L 13 : T 4.8 sec
 - d_sub 1600 : OOB 0.3243 : L 14 : T 5.2 sec
 - d_sub 1600 : OOB 0.3183 : L 15 : T 5.5 sec
 - d_sub 1600 : OOB 0.3192 : L 16 : T 5.9 sec
 - d_sub 1600 : OOB 0.3142 : L 17 : T 6.3 sec
 - d_sub 1600 : OOB 0.3134 : L 18 : T 6.7 sec
 - d_sub 1600 : OOB 0.3128 : L 19 : T 7.0 sec
 - d_sub 1600 : OOB 0.3104 : L 20 : T 7.4 sec
 - d_sub 1600 : OOB 0.3084 : L 21 : T 7.8 sec
 - d_sub 1600 : OOB 0.3086 : L 22 : T 8.1 sec
 - d_sub 1600 : OOB 0.3050 : L 23 : T 8.5 sec
 - d_sub 1600 : OOB 0.3059 : L 24 : T 8.8 sec
 - d_sub 1600 : OOB 0.3063 : L 25 : T 9.3 sec
 - d_sub 1600 : OOB 0.3031 : L 26 : T 9.6 sec
 - d_sub 1600 : OOB 0.3041 : L 27 : T 10.0 sec
 - d_sub 1600 : OOB 0.2997 : L 28 : T 10.4 sec
 - d_sub 1600 : OOB 0.3033 : L 29 : T 10.8 sec
 - d_sub 1600 : OOB 0.3032 : L 30 : T 11.2 sec
 - d_sub 1600 : OOB 0.3035 : L 31 : T 11.6 sec
 - d_sub 1600 : OOB 0.3024 : L 32 : T 11.9 sec
 - d_sub 1600 : OOB 0.3055 : L 33 : T 12.3 sec
 - d_sub 1600 : OOB 0.3026 : L 34 : T 12.7 sec
 - d_sub 1600 : OOB 0.3037 : L 35 : T 13.0 sec
 - d_sub 1600 : OOB 0.3033 : L 36 : T 13.4 sec
 - d_sub 1600 : OOB 0.3040 : L 37 : T 13.7 sec
 - d_sub 1600 : OOB 0.3037 : L 38 : T 14.1 sec
 - d_sub 1600 : OOB 0.3012 : L 39 : T 14.5 sec
 - d_sub 1600 : OOB 0.3043 : L 40 : T 14.9 sec
 - d_sub 1600 : OOB 0.3028 : L 41 : T 15.2 sec
 - d_sub 1600 : OOB 0.3016 : L 42 : T 15.6 sec
 - d_sub 1600 : OOB 0.2998 : L 43 : T 15.9 sec
 - d_sub 1600 : OOB 0.2988 : L 44 : T 16.3 sec
 - d_sub 1600 : OOB 0.2969 : L 45 : T 16.6 sec
 - d_sub 1600 : OOB 0.2996 : L 46 : T 17.0 sec
 - d_sub 1600 : OOB 0.2999 : L 47 : T 17.4 sec
 - d_sub 1600 : OOB 0.3003 : L 48 : T 17.7 sec
 - d_sub 1600 : OOB 0.3001 : L 49 : T 18.1 sec
 - d_sub 1600 : OOB 0.2977 : L 50 : T 18.4 sec
 - d_sub 1600 : OOB 0.2965 : L 51 : T 18.8 sec
 - d_sub 1600 : OOB 0.2966 : L 52 : T 19.2 sec
 - d_sub 1600 : OOB 0.2964 : L 53 : T 19.6 sec
 - d_sub 1600 : OOB 0.2973 : L 54 : T 20.0 sec
 - d_sub 1600 : OOB 0.2972 : L 55 : T 20.4 sec
 - d_sub 1600 : OOB 0.2965 : L 56 : T 20.8 sec
 - d_sub 1600 : OOB 0.2986 : L 57 : T 21.2 sec
 - d_sub 1600 : OOB 0.2985 : L 58 : T 21.6 sec
 - d_sub 1600 : OOB 0.2961 : L 59 : T 22.0 sec
 - d_sub 1600 : OOB 0.2957 : L 60 : T 22.4 sec
 - d_sub 1600 : OOB 0.2945 : L 61 : T 22.8 sec
 - d_sub 1600 : OOB 0.2948 : L 62 : T 23.2 sec
 - d_sub 1600 : OOB 0.2952 : L 63 : T 23.7 sec
 - d_sub 1600 : OOB 0.2940 : L 64 : T 24.0 sec
 - d_sub 1600 : OOB 0.2968 : L 65 : T 24.5 sec
 - d_sub 1600 : OOB 0.2949 : L 66 : T 24.9 sec
 - d_sub 1600 : OOB 0.2927 : L 67 : T 25.3 sec
 - d_sub 1600 : OOB 0.2933 : L 68 : T 25.7 sec
 - d_sub 1600 : OOB 0.2926 : L 69 : T 26.1 sec
 - d_sub 1600 : OOB 0.2922 : L 70 : T 26.5 sec
 - d_sub 1600 : OOB 0.2932 : L 71 : T 26.8 sec
 - d_sub 1600 : OOB 0.2922 : L 72 : T 27.2 sec
 - d_sub 1600 : OOB 0.2916 : L 73 : T 27.6 sec
 - d_sub 1600 : OOB 0.2928 : L 74 : T 27.9 sec
 - d_sub 1600 : OOB 0.2923 : L 75 : T 28.3 sec
 - d_sub 1600 : OOB 0.2931 : L 76 : T 28.6 sec
 - d_sub 1600 : OOB 0.2921 : L 77 : T 29.0 sec
 - d_sub 1600 : OOB 0.2916 : L 78 : T 29.3 sec
 - d_sub 1600 : OOB 0.2937 : L 79 : T 29.8 sec
 - d_sub 1600 : OOB 0.2938 : L 80 : T 30.2 sec
 - d_sub 1600 : OOB 0.2924 : L 81 : T 30.5 sec
 - d_sub 1600 : OOB 0.2926 : L 82 : T 30.9 sec
 - d_sub 1600 : OOB 0.2941 : L 83 : T 31.2 sec
 - d_sub 1600 : OOB 0.2937 : L 84 : T 31.6 sec
 - d_sub 1600 : OOB 0.2932 : L 85 : T 32.0 sec
 - d_sub 1600 : OOB 0.2916 : L 86 : T 32.3 sec
 - d_sub 1600 : OOB 0.2918 : L 87 : T 32.6 sec
 - d_sub 1600 : OOB 0.2913 : L 88 : T 33.0 sec
 - d_sub 1600 : OOB 0.2903 : L 89 : T 33.3 sec
 - d_sub 1600 : OOB 0.2926 : L 90 : T 33.7 sec
 - d_sub 1600 : OOB 0.2917 : L 91 : T 34.1 sec
 - d_sub 1600 : OOB 0.2904 : L 92 : T 34.4 sec
 - d_sub 1600 : OOB 0.2921 : L 93 : T 34.8 sec
 - d_sub 1600 : OOB 0.2919 : L 94 : T 35.2 sec
 - d_sub 1600 : OOB 0.2924 : L 95 : T 35.6 sec
 - d_sub 1600 : OOB 0.2924 : L 96 : T 36.0 sec
 - d_sub 1600 : OOB 0.2921 : L 97 : T 36.4 sec
 - d_sub 1600 : OOB 0.2914 : L 98 : T 36.7 sec
 - d_sub 1600 : OOB 0.2920 : L 99 : T 37.1 sec
 - d_sub 1600 : OOB 0.2915 : L 100 : T 37.4 sec
 - d_sub 1600 : OOB 0.2905 : L 101 : T 37.9 sec
 - d_sub 1600 : OOB 0.2903 : L 102 : T 38.2 sec
 - d_sub 1600 : OOB 0.2912 : L 103 : T 38.6 sec
 - d_sub 1600 : OOB 0.2917 : L 104 : T 38.9 sec
 - d_sub 1600 : OOB 0.2921 : L 105 : T 39.4 sec
 - d_sub 1600 : OOB 0.2907 : L 106 : T 39.7 sec
 - d_sub 1600 : OOB 0.2917 : L 107 : T 40.1 sec

 - d_sub 1800 : OOB 0.4379 : L 1 : T 0.4 sec
 - d_sub 1800 : OOB 0.4033 : L 2 : T 0.8 sec
 - d_sub 1800 : OOB 0.3871 : L 3 : T 1.2 sec
 - d_sub 1800 : OOB 0.3780 : L 4 : T 1.7 sec
 - d_sub 1800 : OOB 0.3659 : L 5 : T 2.1 sec
 - d_sub 1800 : OOB 0.3540 : L 6 : T 2.5 sec
 - d_sub 1800 : OOB 0.3530 : L 7 : T 3.0 sec
 - d_sub 1800 : OOB 0.3434 : L 8 : T 3.5 sec
 - d_sub 1800 : OOB 0.3408 : L 9 : T 3.9 sec
 - d_sub 1800 : OOB 0.3323 : L 10 : T 4.4 sec
 - d_sub 1800 : OOB 0.3279 : L 11 : T 4.8 sec
 - d_sub 1800 : OOB 0.3243 : L 12 : T 5.2 sec
 - d_sub 1800 : OOB 0.3226 : L 13 : T 5.6 sec
 - d_sub 1800 : OOB 0.3187 : L 14 : T 6.1 sec
 - d_sub 1800 : OOB 0.3192 : L 15 : T 6.5 sec
 - d_sub 1800 : OOB 0.3178 : L 16 : T 6.9 sec
 - d_sub 1800 : OOB 0.3162 : L 17 : T 7.4 sec
 - d_sub 1800 : OOB 0.3144 : L 18 : T 7.8 sec
 - d_sub 1800 : OOB 0.3117 : L 19 : T 8.2 sec
 - d_sub 1800 : OOB 0.3118 : L 20 : T 8.7 sec
 - d_sub 1800 : OOB 0.3104 : L 21 : T 9.1 sec
 - d_sub 1800 : OOB 0.3067 : L 22 : T 9.5 sec
 - d_sub 1800 : OOB 0.3057 : L 23 : T 10.0 sec
 - d_sub 1800 : OOB 0.3063 : L 24 : T 10.5 sec
 - d_sub 1800 : OOB 0.3058 : L 25 : T 11.0 sec
 - d_sub 1800 : OOB 0.3058 : L 26 : T 11.4 sec
 - d_sub 1800 : OOB 0.3066 : L 27 : T 11.9 sec
 - d_sub 1800 : OOB 0.3065 : L 28 : T 12.3 sec
 - d_sub 1800 : OOB 0.3051 : L 29 : T 12.7 sec
 - d_sub 1800 : OOB 0.3072 : L 30 : T 13.2 sec
 - d_sub 1800 : OOB 0.3064 : L 31 : T 13.6 sec
 - d_sub 1800 : OOB 0.3052 : L 32 : T 14.0 sec
 - d_sub 1800 : OOB 0.3043 : L 33 : T 14.5 sec
 - d_sub 1800 : OOB 0.3045 : L 34 : T 14.9 sec
 - d_sub 1800 : OOB 0.3006 : L 35 : T 15.3 sec
 - d_sub 1800 : OOB 0.3018 : L 36 : T 15.7 sec
 - d_sub 1800 : OOB 0.3004 : L 37 : T 16.3 sec
 - d_sub 1800 : OOB 0.2999 : L 38 : T 16.8 sec
 - d_sub 1800 : OOB 0.2968 : L 39 : T 17.2 sec
 - d_sub 1800 : OOB 0.3024 : L 40 : T 17.6 sec
 - d_sub 1800 : OOB 0.2996 : L 41 : T 18.1 sec
 - d_sub 1800 : OOB 0.2999 : L 42 : T 18.6 sec
 - d_sub 1800 : OOB 0.2978 : L 43 : T 19.1 sec
 - d_sub 1800 : OOB 0.2976 : L 44 : T 19.5 sec
 - d_sub 1800 : OOB 0.2994 : L 45 : T 20.0 sec
 - d_sub 1800 : OOB 0.2989 : L 46 : T 20.4 sec
 - d_sub 1800 : OOB 0.2977 : L 47 : T 20.8 sec
 - d_sub 1800 : OOB 0.2974 : L 48 : T 21.3 sec
 - d_sub 1800 : OOB 0.2976 : L 49 : T 21.7 sec
 - d_sub 1800 : OOB 0.2974 : L 50 : T 22.1 sec
 - d_sub 1800 : OOB 0.2970 : L 51 : T 22.5 sec
 - d_sub 1800 : OOB 0.2966 : L 52 : T 22.9 sec
 - d_sub 1800 : OOB 0.3004 : L 53 : T 23.4 sec
 - d_sub 1800 : OOB 0.2991 : L 54 : T 23.8 sec
 - d_sub 1800 : OOB 0.2973 : L 55 : T 24.2 sec
 - d_sub 1800 : OOB 0.2973 : L 56 : T 24.6 sec
 - d_sub 1800 : OOB 0.2970 : L 57 : T 25.1 sec
 - d_sub 1800 : OOB 0.2948 : L 58 : T 25.5 sec
 - d_sub 1800 : OOB 0.2950 : L 59 : T 25.9 sec
 - d_sub 1800 : OOB 0.2958 : L 60 : T 26.3 sec
 - d_sub 1800 : OOB 0.2958 : L 61 : T 26.8 sec
 - d_sub 1800 : OOB 0.2949 : L 62 : T 27.3 sec
 - d_sub 1800 : OOB 0.2974 : L 63 : T 27.7 sec
 - d_sub 1800 : OOB 0.2962 : L 64 : T 28.2 sec
 - d_sub 1800 : OOB 0.2972 : L 65 : T 28.6 sec
 - d_sub 1800 : OOB 0.2973 : L 66 : T 29.0 sec
 - d_sub 1800 : OOB 0.2973 : L 67 : T 29.6 sec
 - d_sub 1800 : OOB 0.2934 : L 68 : T 30.0 sec
 - d_sub 1800 : OOB 0.2928 : L 69 : T 30.4 sec
 - d_sub 1800 : OOB 0.2949 : L 70 : T 30.9 sec
 - d_sub 1800 : OOB 0.2954 : L 71 : T 31.3 sec
 - d_sub 1800 : OOB 0.2942 : L 72 : T 31.7 sec
 - d_sub 1800 : OOB 0.2964 : L 73 : T 32.1 sec
 - d_sub 1800 : OOB 0.2946 : L 74 : T 32.6 sec
 - d_sub 1800 : OOB 0.2950 : L 75 : T 33.0 sec
 - d_sub 1800 : OOB 0.2949 : L 76 : T 33.4 sec
 - d_sub 1800 : OOB 0.2951 : L 77 : T 33.9 sec
 - d_sub 1800 : OOB 0.2942 : L 78 : T 34.4 sec
 - d_sub 1800 : OOB 0.2935 : L 79 : T 34.8 sec
 - d_sub 1800 : OOB 0.2966 : L 80 : T 35.2 sec
 - d_sub 1800 : OOB 0.2949 : L 81 : T 35.7 sec
 - d_sub 1800 : OOB 0.2953 : L 82 : T 36.1 sec
 - d_sub 1800 : OOB 0.2946 : L 83 : T 36.5 sec
 - d_sub 1800 : OOB 0.2942 : L 84 : T 37.0 sec
 - d_sub 1800 : OOB 0.2944 : L 85 : T 37.4 sec
 - d_sub 1800 : OOB 0.2937 : L 86 : T 37.9 sec
 - d_sub 1800 : OOB 0.2933 : L 87 : T 38.3 sec
 - d_sub 1800 : OOB 0.2924 : L 88 : T 38.8 sec
 - d_sub 1800 : OOB 0.2932 : L 89 : T 39.3 sec
 - d_sub 1800 : OOB 0.2920 : L 90 : T 39.7 sec
 - d_sub 1800 : OOB 0.2931 : L 91 : T 40.1 sec
 - d_sub 1800 : OOB 0.2916 : L 92 : T 40.6 sec
 - d_sub 1800 : OOB 0.2928 : L 93 : T 41.0 sec
 - d_sub 1800 : OOB 0.2931 : L 94 : T 41.5 sec
 - d_sub 1800 : OOB 0.2931 : L 95 : T 41.9 sec
 - d_sub 1800 : OOB 0.2918 : L 96 : T 42.3 sec
 - d_sub 1800 : OOB 0.2916 : L 97 : T 42.8 sec
 - d_sub 1800 : OOB 0.2929 : L 98 : T 43.3 sec
 - d_sub 1800 : OOB 0.2935 : L 99 : T 43.7 sec
 - d_sub 1800 : OOB 0.2911 : L 100 : T 44.1 sec
 - d_sub 1800 : OOB 0.2926 : L 101 : T 44.6 sec
 - d_sub 1800 : OOB 0.2927 : L 102 : T 45.0 sec
 - d_sub 1800 : OOB 0.2932 : L 103 : T 45.4 sec
# -------------------------
optimal d_sub 1600 : OOB 0.2917 : L 107 : T 204.3 sec
Testing error: 0.2941
# -------------------------
# Ensemble classification
#  - Training samples: 10000 (5000/5000)
#  - Feature-space dimensionality: 24157
#  - L : automatic (min 25, max 500, length 50, eps 0.00500)
#  - d_sub : 300
#  - Seed 1 (subspaces) : 209737872
#  - Seed 2 (bootstrap) : 256946409
# -------------------------

 - d_sub 300 : OOB 0.4556 : L 1 : T 0.0 sec
 - d_sub 300 : OOB 0.4201 : L 2 : T 0.1 sec
 - d_sub 300 : OOB 0.4049 : L 3 : T 0.1 sec
 - d_sub 300 : OOB 0.3916 : L 4 : T 0.2 sec
 - d_sub 300 : OOB 0.3782 : L 5 : T 0.2 sec
 - d_sub 300 : OOB 0.3782 : L 6 : T 0.3 sec
 - d_sub 300 : OOB 0.3675 : L 7 : T 0.3 sec
 - d_sub 300 : OOB 0.3654 : L 8 : T 0.4 sec
 - d_sub 300 : OOB 0.3624 : L 9 : T 0.4 sec
 - d_sub 300 : OOB 0.3568 : L 10 : T 0.5 sec
 - d_sub 300 : OOB 0.3568 : L 11 : T 0.5 sec
 - d_sub 300 : OOB 0.3525 : L 12 : T 0.6 sec
 - d_sub 300 : OOB 0.3500 : L 13 : T 0.6 sec
 - d_sub 300 : OOB 0.3494 : L 14 : T 0.7 sec
 - d_sub 300 : OOB 0.3498 : L 15 : T 0.7 sec
 - d_sub 300 : OOB 0.3498 : L 16 : T 0.8 sec
 - d_sub 300 : OOB 0.3508 : L 17 : T 0.8 sec
 - d_sub 300 : OOB 0.3499 : L 18 : T 0.8 sec
 - d_sub 300 : OOB 0.3505 : L 19 : T 0.9 sec
 - d_sub 300 : OOB 0.3497 : L 20 : T 0.9 sec
 - d_sub 300 : OOB 0.3512 : L 21 : T 1.0 sec
 - d_sub 300 : OOB 0.3491 : L 22 : T 1.0 sec
 - d_sub 300 : OOB 0.3465 : L 23 : T 1.1 sec
 - d_sub 300 : OOB 0.3481 : L 24 : T 1.1 sec
 - d_sub 300 : OOB 0.3505 : L 25 : T 1.2 sec
 - d_sub 300 : OOB 0.3498 : L 26 : T 1.2 sec
 - d_sub 300 : OOB 0.3478 : L 27 : T 1.3 sec
 - d_sub 300 : OOB 0.3471 : L 28 : T 1.3 sec
 - d_sub 300 : OOB 0.3473 : L 29 : T 1.3 sec
 - d_sub 300 : OOB 0.3467 : L 30 : T 1.4 sec
 - d_sub 300 : OOB 0.3458 : L 31 : T 1.4 sec
 - d_sub 300 : OOB 0.3489 : L 32 : T 1.5 sec
 - d_sub 300 : OOB 0.3476 : L 33 : T 1.5 sec
 - d_sub 300 : OOB 0.3444 : L 34 : T 1.6 sec
 - d_sub 300 : OOB 0.3445 : L 35 : T 1.6 sec
 - d_sub 300 : OOB 0.3436 : L 36 : T 1.7 sec
 - d_sub 300 : OOB 0.3463 : L 37 : T 1.7 sec
 - d_sub 300 : OOB 0.3442 : L 38 : T 1.7 sec
 - d_sub 300 : OOB 0.3427 : L 39 : T 1.8 sec
 - d_sub 300 : OOB 0.3428 : L 40 : T 1.8 sec
 - d_sub 300 : OOB 0.3434 : L 41 : T 1.9 sec
 - d_sub 300 : OOB 0.3446 : L 42 : T 1.9 sec
 - d_sub 300 : OOB 0.3433 : L 43 : T 2.0 sec
 - d_sub 300 : OOB 0.3423 : L 44 : T 2.0 sec
 - d_sub 300 : OOB 0.3419 : L 45 : T 2.0 sec
 - d_sub 300 : OOB 0.3406 : L 46 : T 2.1 sec
 - d_sub 300 : OOB 0.3399 : L 47 : T 2.1 sec
 - d_sub 300 : OOB 0.3414 : L 48 : T 2.2 sec
 - d_sub 300 : OOB 0.3385 : L 49 : T 2.2 sec
 - d_sub 300 : OOB 0.3407 : L 50 : T 2.3 sec
 - d_sub 300 : OOB 0.3410 : L 51 : T 2.3 sec
 - d_sub 300 : OOB 0.3396 : L 52 : T 2.4 sec
 - d_sub 300 : OOB 0.3404 : L 53 : T 2.4 sec
 - d_sub 300 : OOB 0.3399 : L 54 : T 2.5 sec
 - d_sub 300 : OOB 0.3401 : L 55 : T 2.5 sec
 - d_sub 300 : OOB 0.3411 : L 56 : T 2.6 sec
 - d_sub 300 : OOB 0.3408 : L 57 : T 2.6 sec
 - d_sub 300 : OOB 0.3420 : L 58 : T 2.7 sec
 - d_sub 300 : OOB 0.3404 : L 59 : T 2.7 sec
 - d_sub 300 : OOB 0.3393 : L 60 : T 2.7 sec
 - d_sub 300 : OOB 0.3398 : L 61 : T 2.8 sec
 - d_sub 300 : OOB 0.3400 : L 62 : T 2.8 sec
 - d_sub 300 : OOB 0.3389 : L 63 : T 2.9 sec
 - d_sub 300 : OOB 0.3393 : L 64 : T 2.9 sec
 - d_sub 300 : OOB 0.3389 : L 65 : T 3.0 sec
 - d_sub 300 : OOB 0.3395 : L 66 : T 3.0 sec
 - d_sub 300 : OOB 0.3400 : L 67 : T 3.1 sec
 - d_sub 300 : OOB 0.3373 : L 68 : T 3.1 sec
 - d_sub 300 : OOB 0.3384 : L 69 : T 3.2 sec
 - d_sub 300 : OOB 0.3375 : L 70 : T 3.2 sec
 - d_sub 300 : OOB 0.3391 : L 71 : T 3.3 sec
 - d_sub 300 : OOB 0.3398 : L 72 : T 3.3 sec
 - d_sub 300 : OOB 0.3404 : L 73 : T 3.4 sec
 - d_sub 300 : OOB 0.3385 : L 74 : T 3.4 sec
 - d_sub 300 : OOB 0.3395 : L 75 : T 3.4 sec
 - d_sub 300 : OOB 0.3401 : L 76 : T 3.5 sec
 - d_sub 300 : OOB 0.3385 : L 77 : T 3.5 sec
 - d_sub 300 : OOB 0.3396 : L 78 : T 3.6 sec
 - d_sub 300 : OOB 0.3365 : L 79 : T 3.6 sec
 - d_sub 300 : OOB 0.3375 : L 80 : T 3.7 sec
 - d_sub 300 : OOB 0.3364 : L 81 : T 3.7 sec
 - d_sub 300 : OOB 0.3375 : L 82 : T 3.8 sec
 - d_sub 300 : OOB 0.3373 : L 83 : T 3.8 sec
 - d_sub 300 : OOB 0.3388 : L 84 : T 3.8 sec
 - d_sub 300 : OOB 0.3364 : L 85 : T 3.9 sec
 - d_sub 300 : OOB 0.3367 : L 86 : T 3.9 sec
 - d_sub 300 : OOB 0.3379 : L 87 : T 4.0 sec
 - d_sub 300 : OOB 0.3375 : L 88 : T 4.0 sec
 - d_sub 300 : OOB 0.3391 : L 89 : T 4.1 sec
 - d_sub 300 : OOB 0.3378 : L 90 : T 4.1 sec
 - d_sub 300 : OOB 0.3367 : L 91 : T 4.2 sec
 - d_sub 300 : OOB 0.3368 : L 92 : T 4.2 sec
# -------------------------
optimal d_sub 300 : OOB 0.3368 : L 92 : T 4.2 sec
# -------------------------
# Ensemble classification
#  - Training samples: 10000 (5000/5000)
#  - Feature-space dimensionality: 24157
#  - L : 30
#  - d_sub : 300
#  - Seed 1 (subspaces) : 66507000
#  - Seed 2 (bootstrap) : 964919738
# -------------------------

 - d_sub 300 : OOB 0.4520 : L 1 : T 0.0 sec
 - d_sub 300 : OOB 0.4218 : L 2 : T 0.1 sec
 - d_sub 300 : OOB 0.4092 : L 3 : T 0.1 sec
 - d_sub 300 : OOB 0.3983 : L 4 : T 0.2 sec
 - d_sub 300 : OOB 0.3855 : L 5 : T 0.2 sec
 - d_sub 300 : OOB 0.3825 : L 6 : T 0.3 sec
 - d_sub 300 : OOB 0.3722 : L 7 : T 0.3 sec
 - d_sub 300 : OOB 0.3699 : L 8 : T 0.3 sec
 - d_sub 300 : OOB 0.3662 : L 9 : T 0.4 sec
 - d_sub 300 : OOB 0.3666 : L 10 : T 0.4 sec
 - d_sub 300 : OOB 0.3594 : L 11 : T 0.5 sec
 - d_sub 300 : OOB 0.3603 : L 12 : T 0.5 sec
 - d_sub 300 : OOB 0.3613 : L 13 : T 0.6 sec
 - d_sub 300 : OOB 0.3551 : L 14 : T 0.6 sec
 - d_sub 300 : OOB 0.3564 : L 15 : T 0.7 sec
 - d_sub 300 : OOB 0.3531 : L 16 : T 0.7 sec
 - d_sub 300 : OOB 0.3532 : L 17 : T 0.7 sec
 - d_sub 300 : OOB 0.3542 : L 18 : T 0.8 sec
 - d_sub 300 : OOB 0.3531 : L 19 : T 0.8 sec
 - d_sub 300 : OOB 0.3516 : L 20 : T 0.9 sec
 - d_sub 300 : OOB 0.3495 : L 21 : T 0.9 sec
 - d_sub 300 : OOB 0.3507 : L 22 : T 1.0 sec
 - d_sub 300 : OOB 0.3478 : L 23 : T 1.0 sec
 - d_sub 300 : OOB 0.3477 : L 24 : T 1.1 sec
 - d_sub 300 : OOB 0.3497 : L 25 : T 1.1 sec
 - d_sub 300 : OOB 0.3477 : L 26 : T 1.1 sec
 - d_sub 300 : OOB 0.3475 : L 27 : T 1.2 sec
 - d_sub 300 : OOB 0.3450 : L 28 : T 1.2 sec
 - d_sub 300 : OOB 0.3447 : L 29 : T 1.3 sec
 - d_sub 300 : OOB 0.3449 : L 30 : T 1.3 sec
# -------------------------
optimal d_sub 300 : OOB 0.3449 : L 30 : T 1.3 sec
# -------------------------
# Ensemble classification
#  - Training samples: 10000 (5000/5000)
#  - Feature-space dimensionality: 24157
#  - L : 30
#  - d_sub : 300
#  - Seed 1 (subspaces) : 131878017
#  - Seed 2 (bootstrap) : 479528875
# -------------------------

 - d_sub 300 : OOB 0.4513 : L 1 : T 0.0 sec
 - d_sub 300 : OOB 0.4208 : L 2 : T 0.1 sec
 - d_sub 300 : OOB 0.4042 : L 3 : T 0.1 sec
 - d_sub 300 : OOB 0.3978 : L 4 : T 0.2 sec
 - d_sub 300 : OOB 0.3849 : L 5 : T 0.2 sec
 - d_sub 300 : OOB 0.3825 : L 6 : T 0.3 sec
 - d_sub 300 : OOB 0.3715 : L 7 : T 0.3 sec
 - d_sub 300 : OOB 0.3669 : L 8 : T 0.3 sec
 - d_sub 300 : OOB 0.3671 : L 9 : T 0.4 sec
 - d_sub 300 : OOB 0.3636 : L 10 : T 0.4 sec
 - d_sub 300 : OOB 0.3554 : L 11 : T 0.5 sec
 - d_sub 300 : OOB 0.3564 : L 12 : T 0.5 sec
 - d_sub 300 : OOB 0.3574 : L 13 : T 0.6 sec
 - d_sub 300 : OOB 0.3494 : L 14 : T 0.6 sec
 - d_sub 300 : OOB 0.3539 : L 15 : T 0.6 sec
 - d_sub 300 : OOB 0.3507 : L 16 : T 0.7 sec
 - d_sub 300 : OOB 0.3514 : L 17 : T 0.7 sec
 - d_sub 300 : OOB 0.3476 : L 18 : T 0.8 sec
 - d_sub 300 : OOB 0.3460 : L 19 : T 0.8 sec
 - d_sub 300 : OOB 0.3447 : L 20 : T 0.9 sec
 - d_sub 300 : OOB 0.3445 : L 21 : T 0.9 sec
 - d_sub 300 : OOB 0.3432 : L 22 : T 0.9 sec
 - d_sub 300 : OOB 0.3439 : L 23 : T 1.0 sec
 - d_sub 300 : OOB 0.3455 : L 24 : T 1.0 sec
 - d_sub 300 : OOB 0.3449 : L 25 : T 1.1 sec
 - d_sub 300 : OOB 0.3433 : L 26 : T 1.1 sec
 - d_sub 300 : OOB 0.3429 : L 27 : T 1.2 sec
 - d_sub 300 : OOB 0.3423 : L 28 : T 1.2 sec
 - d_sub 300 : OOB 0.3420 : L 29 : T 1.3 sec
 - d_sub 300 : OOB 0.3398 : L 30 : T 1.3 sec
# -------------------------
optimal d_sub 300 : OOB 0.3398 : L 30 : T 1.3 sec
# -------------------------
# Ensemble classification
#  - Training samples: 10000 (5000/5000)
#  - Feature-space dimensionality: 24157
#  - L : 30
#  - d_sub : 300
#  - Seed 1 (subspaces) : 7884061
#  - Seed 2 (bootstrap) : 12204283
# -------------------------

 - d_sub 300 : OOB 0.4527 : L 1 : T 0.0 sec
 - d_sub 300 : OOB 0.4205 : L 2 : T 0.1 sec
 - d_sub 300 : OOB 0.4036 : L 3 : T 0.1 sec
 - d_sub 300 : OOB 0.3950 : L 4 : T 0.2 sec
 - d_sub 300 : OOB 0.3810 : L 5 : T 0.2 sec
 - d_sub 300 : OOB 0.3772 : L 6 : T 0.3 sec
 - d_sub 300 : OOB 0.3720 : L 7 : T 0.3 sec
 - d_sub 300 : OOB 0.3663 : L 8 : T 0.4 sec
 - d_sub 300 : OOB 0.3674 : L 9 : T 0.4 sec
 - d_sub 300 : OOB 0.3646 : L 10 : T 0.5 sec
 - d_sub 300 : OOB 0.3583 : L 11 : T 0.5 sec
 - d_sub 300 : OOB 0.3602 : L 12 : T 0.5 sec
 - d_sub 300 : OOB 0.3572 : L 13 : T 0.6 sec
 - d_sub 300 : OOB 0.3522 : L 14 : T 0.6 sec
 - d_sub 300 : OOB 0.3548 : L 15 : T 0.7 sec
 - d_sub 300 : OOB 0.3529 : L 16 : T 0.7 sec
 - d_sub 300 : OOB 0.3544 : L 17 : T 0.8 sec
 - d_sub 300 : OOB 0.3524 : L 18 : T 0.8 sec
 - d_sub 300 : OOB 0.3518 : L 19 : T 0.8 sec
 - d_sub 300 : OOB 0.3506 : L 20 : T 0.9 sec
 - d_sub 300 : OOB 0.3477 : L 21 : T 0.9 sec
 - d_sub 300 : OOB 0.3467 : L 22 : T 1.0 sec
 - d_sub 300 : OOB 0.3489 : L 23 : T 1.0 sec
 - d_sub 300 : OOB 0.3494 : L 24 : T 1.1 sec
 - d_sub 300 : OOB 0.3469 : L 25 : T 1.1 sec
 - d_sub 300 : OOB 0.3463 : L 26 : T 1.1 sec
 - d_sub 300 : OOB 0.3453 : L 27 : T 1.2 sec
 - d_sub 300 : OOB 0.3435 : L 28 : T 1.2 sec
 - d_sub 300 : OOB 0.3443 : L 29 : T 1.3 sec
 - d_sub 300 : OOB 0.3397 : L 30 : T 1.3 sec
# -------------------------
optimal d_sub 300 : OOB 0.3397 : L 30 : T 1.3 sec
# -------------------------
# Ensemble classification
#  - Training samples: 10000 (5000/5000)
#  - Feature-space dimensionality: 24157
#  - L : 30
#  - d_sub : 300
#  - Seed 1 (subspaces) : 8185357
#  - Seed 2 (bootstrap) : 447356329
# -------------------------

 - d_sub 300 : OOB 0.4519 : L 1 : T 0.0 sec
 - d_sub 300 : OOB 0.4174 : L 2 : T 0.1 sec
 - d_sub 300 : OOB 0.4050 : L 3 : T 0.1 sec
 - d_sub 300 : OOB 0.3941 : L 4 : T 0.2 sec
 - d_sub 300 : OOB 0.3808 : L 5 : T 0.2 sec
 - d_sub 300 : OOB 0.3802 : L 6 : T 0.3 sec
 - d_sub 300 : OOB 0.3705 : L 7 : T 0.3 sec
 - d_sub 300 : OOB 0.3689 : L 8 : T 0.4 sec
 - d_sub 300 : OOB 0.3651 : L 9 : T 0.4 sec
 - d_sub 300 : OOB 0.3652 : L 10 : T 0.4 sec
 - d_sub 300 : OOB 0.3577 : L 11 : T 0.5 sec
 - d_sub 300 : OOB 0.3580 : L 12 : T 0.5 sec
 - d_sub 300 : OOB 0.3587 : L 13 : T 0.6 sec
 - d_sub 300 : OOB 0.3536 : L 14 : T 0.6 sec
 - d_sub 300 : OOB 0.3572 : L 15 : T 0.7 sec
 - d_sub 300 : OOB 0.3524 : L 16 : T 0.7 sec
 - d_sub 300 : OOB 0.3535 : L 17 : T 0.7 sec
 - d_sub 300 : OOB 0.3511 : L 18 : T 0.8 sec
 - d_sub 300 : OOB 0.3532 : L 19 : T 0.8 sec
 - d_sub 300 : OOB 0.3522 : L 20 : T 0.9 sec
 - d_sub 300 : OOB 0.3505 : L 21 : T 0.9 sec
 - d_sub 300 : OOB 0.3500 : L 22 : T 1.0 sec
 - d_sub 300 : OOB 0.3472 : L 23 : T 1.0 sec
 - d_sub 300 : OOB 0.3453 : L 24 : T 1.0 sec
 - d_sub 300 : OOB 0.3476 : L 25 : T 1.1 sec
 - d_sub 300 : OOB 0.3468 : L 26 : T 1.1 sec
 - d_sub 300 : OOB 0.3453 : L 27 : T 1.2 sec
 - d_sub 300 : OOB 0.3456 : L 28 : T 1.2 sec
 - d_sub 300 : OOB 0.3456 : L 29 : T 1.3 sec
 - d_sub 300 : OOB 0.3466 : L 30 : T 1.3 sec
# -------------------------
optimal d_sub 300 : OOB 0.3466 : L 30 : T 1.3 sec
# -------------------------
# Ensemble classification
#  - Training samples: 10000 (5000/5000)
#  - Feature-space dimensionality: 24157
#  - L : 30
#  - d_sub : 300
#  - Seed 1 (subspaces) : 982516323
#  - Seed 2 (bootstrap) : 823334417
# -------------------------

 - d_sub 300 : OOB 0.4537 : L 1 : T 0.0 sec
 - d_sub 300 : OOB 0.4210 : L 2 : T 0.1 sec
 - d_sub 300 : OOB 0.4082 : L 3 : T 0.1 sec
 - d_sub 300 : OOB 0.3987 : L 4 : T 0.2 sec
 - d_sub 300 : OOB 0.3875 : L 5 : T 0.2 sec
 - d_sub 300 : OOB 0.3831 : L 6 : T 0.3 sec
 - d_sub 300 : OOB 0.3736 : L 7 : T 0.3 sec
 - d_sub 300 : OOB 0.3694 : L 8 : T 0.4 sec
 - d_sub 300 : OOB 0.3691 : L 9 : T 0.4 sec
 - d_sub 300 : OOB 0.3659 : L 10 : T 0.5 sec
 - d_sub 300 : OOB 0.3628 : L 11 : T 0.5 sec
 - d_sub 300 : OOB 0.3604 : L 12 : T 0.6 sec
 - d_sub 300 : OOB 0.3585 : L 13 : T 0.6 sec
 - d_sub 300 : OOB 0.3608 : L 14 : T 0.6 sec
 - d_sub 300 : OOB 0.3572 : L 15 : T 0.7 sec
 - d_sub 300 : OOB 0.3578 : L 16 : T 0.7 sec
 - d_sub 300 : OOB 0.3613 : L 17 : T 0.8 sec
 - d_sub 300 : OOB 0.3594 : L 18 : T 0.8 sec
 - d_sub 300 : OOB 0.3554 : L 19 : T 0.9 sec
 - d_sub 300 : OOB 0.3543 : L 20 : T 0.9 sec
 - d_sub 300 : OOB 0.3529 : L 21 : T 1.0 sec
 - d_sub 300 : OOB 0.3540 : L 22 : T 1.0 sec
 - d_sub 300 : OOB 0.3536 : L 23 : T 1.0 sec
 - d_sub 300 : OOB 0.3517 : L 24 : T 1.1 sec
 - d_sub 300 : OOB 0.3513 : L 25 : T 1.1 sec
 - d_sub 300 : OOB 0.3493 : L 26 : T 1.2 sec
 - d_sub 300 : OOB 0.3484 : L 27 : T 1.2 sec
 - d_sub 300 : OOB 0.3491 : L 28 : T 1.3 sec
 - d_sub 300 : OOB 0.3487 : L 29 : T 1.3 sec
 - d_sub 300 : OOB 0.3465 : L 30 : T 1.4 sec
# -------------------------
optimal d_sub 300 : OOB 0.3465 : L 30 : T 1.4 sec
# -------------------------
# Ensemble classification
#  - Training samples: 10000 (5000/5000)
#  - Feature-space dimensionality: 24157
#  - L : 30
#  - d_sub : 300
#  - Seed 1 (subspaces) : 461192944
#  - Seed 2 (bootstrap) : 107708299
# -------------------------

 - d_sub 300 : OOB 0.4543 : L 1 : T 0.0 sec
 - d_sub 300 : OOB 0.4254 : L 2 : T 0.1 sec
 - d_sub 300 : OOB 0.4084 : L 3 : T 0.1 sec
 - d_sub 300 : OOB 0.3927 : L 4 : T 0.2 sec
 - d_sub 300 : OOB 0.3828 : L 5 : T 0.2 sec
 - d_sub 300 : OOB 0.3809 : L 6 : T 0.3 sec
 - d_sub 300 : OOB 0.3723 : L 7 : T 0.3 sec
 - d_sub 300 : OOB 0.3727 : L 8 : T 0.4 sec
 - d_sub 300 : OOB 0.3703 : L 9 : T 0.4 sec
 - d_sub 300 : OOB 0.3672 : L 10 : T 0.4 sec
 - d_sub 300 : OOB 0.3661 : L 11 : T 0.5 sec
 - d_sub 300 : OOB 0.3632 : L 12 : T 0.5 sec
 - d_sub 300 : OOB 0.3609 : L 13 : T 0.6 sec
 - d_sub 300 : OOB 0.3567 : L 14 : T 0.6 sec
 - d_sub 300 : OOB 0.3567 : L 15 : T 0.7 sec
 - d_sub 300 : OOB 0.3562 : L 16 : T 0.7 sec
 - d_sub 300 : OOB 0.3545 : L 17 : T 0.8 sec
 - d_sub 300 : OOB 0.3568 : L 18 : T 0.8 sec
 - d_sub 300 : OOB 0.3543 : L 19 : T 0.9 sec
 - d_sub 300 : OOB 0.3536 : L 20 : T 0.9 sec
 - d_sub 300 : OOB 0.3511 : L 21 : T 1.0 sec
 - d_sub 300 : OOB 0.3503 : L 22 : T 1.0 sec
 - d_sub 300 : OOB 0.3478 : L 23 : T 1.0 sec
 - d_sub 300 : OOB 0.3494 : L 24 : T 1.1 sec
 - d_sub 300 : OOB 0.3488 : L 25 : T 1.1 sec
 - d_sub 300 : OOB 0.3467 : L 26 : T 1.2 sec
 - d_sub 300 : OOB 0.3461 : L 27 : T 1.2 sec
 - d_sub 300 : OOB 0.3450 : L 28 : T 1.3 sec
 - d_sub 300 : OOB 0.3446 : L 29 : T 1.3 sec
 - d_sub 300 : OOB 0.3447 : L 30 : T 1.4 sec
# -------------------------
optimal d_sub 300 : OOB 0.3447 : L 30 : T 1.4 sec
# -------------------------
# Ensemble classification
#  - Training samples: 10000 (5000/5000)
#  - Feature-space dimensionality: 24157
#  - L : 30
#  - d_sub : 300
#  - Seed 1 (subspaces) : 688450923
#  - Seed 2 (bootstrap) : 723770830
# -------------------------

 - d_sub 300 : OOB 0.4506 : L 1 : T 0.0 sec
 - d_sub 300 : OOB 0.4235 : L 2 : T 0.1 sec
 - d_sub 300 : OOB 0.4130 : L 3 : T 0.1 sec
 - d_sub 300 : OOB 0.4026 : L 4 : T 0.2 sec
 - d_sub 300 : OOB 0.3888 : L 5 : T 0.2 sec
 - d_sub 300 : OOB 0.3862 : L 6 : T 0.3 sec
 - d_sub 300 : OOB 0.3775 : L 7 : T 0.3 sec
 - d_sub 300 : OOB 0.3739 : L 8 : T 0.4 sec
 - d_sub 300 : OOB 0.3728 : L 9 : T 0.4 sec
 - d_sub 300 : OOB 0.3680 : L 10 : T 0.5 sec
 - d_sub 300 : OOB 0.3645 : L 11 : T 0.5 sec
 - d_sub 300 : OOB 0.3627 : L 12 : T 0.6 sec
 - d_sub 300 : OOB 0.3617 : L 13 : T 0.6 sec
 - d_sub 300 : OOB 0.3622 : L 14 : T 0.7 sec
 - d_sub 300 : OOB 0.3589 : L 15 : T 0.7 sec
 - d_sub 300 : OOB 0.3604 : L 16 : T 0.7 sec
 - d_sub 300 : OOB 0.3591 : L 17 : T 0.8 sec
 - d_sub 300 : OOB 0.3589 : L 18 : T 0.8 sec
 - d_sub 300 : OOB 0.3566 : L 19 : T 0.9 sec
 - d_sub 300 : OOB 0.3571 : L 20 : T 0.9 sec
 - d_sub 300 : OOB 0.3547 : L 21 : T 1.0 sec
 - d_sub 300 : OOB 0.3544 : L 22 : T 1.0 sec
 - d_sub 300 : OOB 0.3531 : L 23 : T 1.1 sec
 - d_sub 300 : OOB 0.3495 : L 24 : T 1.1 sec
 - d_sub 300 : OOB 0.3500 : L 25 : T 1.2 sec
 - d_sub 300 : OOB 0.3484 : L 26 : T 1.2 sec
 - d_sub 300 : OOB 0.3484 : L 27 : T 1.2 sec
 - d_sub 300 : OOB 0.3473 : L 28 : T 1.3 sec
 - d_sub 300 : OOB 0.3463 : L 29 : T 1.3 sec
 - d_sub 300 : OOB 0.3459 : L 30 : T 1.4 sec
# -------------------------
optimal d_sub 300 : OOB 0.3459 : L 30 : T 1.4 sec
# -------------------------
# Ensemble classification
#  - Training samples: 10000 (5000/5000)
#  - Feature-space dimensionality: 24157
#  - L : 30
#  - d_sub : 300
#  - Seed 1 (subspaces) : 505643016
#  - Seed 2 (bootstrap) : 467767012
# -------------------------

 - d_sub 300 : OOB 0.4515 : L 1 : T 0.0 sec
 - d_sub 300 : OOB 0.4224 : L 2 : T 0.1 sec
 - d_sub 300 : OOB 0.4052 : L 3 : T 0.1 sec
 - d_sub 300 : OOB 0.3955 : L 4 : T 0.2 sec
 - d_sub 300 : OOB 0.3828 : L 5 : T 0.2 sec
 - d_sub 300 : OOB 0.3768 : L 6 : T 0.3 sec
 - d_sub 300 : OOB 0.3700 : L 7 : T 0.3 sec
 - d_sub 300 : OOB 0.3652 : L 8 : T 0.4 sec
 - d_sub 300 : OOB 0.3626 : L 9 : T 0.4 sec
 - d_sub 300 : OOB 0.3624 : L 10 : T 0.5 sec
 - d_sub 300 : OOB 0.3553 : L 11 : T 0.5 sec
 - d_sub 300 : OOB 0.3560 : L 12 : T 0.5 sec
 - d_sub 300 : OOB 0.3584 : L 13 : T 0.6 sec
 - d_sub 300 : OOB 0.3532 : L 14 : T 0.6 sec
 - d_sub 300 : OOB 0.3566 : L 15 : T 0.7 sec
 - d_sub 300 : OOB 0.3512 : L 16 : T 0.7 sec
 - d_sub 300 : OOB 0.3519 : L 17 : T 0.8 sec
 - d_sub 300 : OOB 0.3489 : L 18 : T 0.8 sec
 - d_sub 300 : OOB 0.3471 : L 19 : T 0.9 sec
 - d_sub 300 : OOB 0.3479 : L 20 : T 0.9 sec
 - d_sub 300 : OOB 0.3486 : L 21 : T 1.0 sec
 - d_sub 300 : OOB 0.3479 : L 22 : T 1.0 sec
 - d_sub 300 : OOB 0.3483 : L 23 : T 1.0 sec
 - d_sub 300 : OOB 0.3491 : L 24 : T 1.1 sec
 - d_sub 300 : OOB 0.3472 : L 25 : T 1.1 sec
 - d_sub 300 : OOB 0.3489 : L 26 : T 1.2 sec
 - d_sub 300 : OOB 0.3483 : L 27 : T 1.2 sec
 - d_sub 300 : OOB 0.3464 : L 28 : T 1.3 sec
 - d_sub 300 : OOB 0.3477 : L 29 : T 1.3 sec
 - d_sub 300 : OOB 0.3465 : L 30 : T 1.3 sec
# -------------------------
optimal d_sub 300 : OOB 0.3465 : L 30 : T 1.3 sec
# -------------------------
# Ensemble classification
#  - Training samples: 10000 (5000/5000)
#  - Feature-space dimensionality: 24157
#  - L : 30
#  - d_sub : 300
#  - Seed 1 (subspaces) : 836020988
#  - Seed 2 (bootstrap) : 940866513
# -------------------------

 - d_sub 300 : OOB 0.4538 : L 1 : T 0.0 sec
 - d_sub 300 : OOB 0.4161 : L 2 : T 0.1 sec
 - d_sub 300 : OOB 0.3992 : L 3 : T 0.1 sec
 - d_sub 300 : OOB 0.3893 : L 4 : T 0.2 sec
 - d_sub 300 : OOB 0.3786 : L 5 : T 0.2 sec
 - d_sub 300 : OOB 0.3740 : L 6 : T 0.3 sec
 - d_sub 300 : OOB 0.3662 : L 7 : T 0.3 sec
 - d_sub 300 : OOB 0.3597 : L 8 : T 0.4 sec
 - d_sub 300 : OOB 0.3598 : L 9 : T 0.4 sec
 - d_sub 300 : OOB 0.3587 : L 10 : T 0.4 sec
 - d_sub 300 : OOB 0.3542 : L 11 : T 0.5 sec
 - d_sub 300 : OOB 0.3560 : L 12 : T 0.5 sec
 - d_sub 300 : OOB 0.3541 : L 13 : T 0.6 sec
 - d_sub 300 : OOB 0.3506 : L 14 : T 0.6 sec
 - d_sub 300 : OOB 0.3535 : L 15 : T 0.7 sec
 - d_sub 300 : OOB 0.3515 : L 16 : T 0.7 sec
 - d_sub 300 : OOB 0.3505 : L 17 : T 0.8 sec
 - d_sub 300 : OOB 0.3499 : L 18 : T 0.8 sec
 - d_sub 300 : OOB 0.3495 : L 19 : T 0.9 sec
 - d_sub 300 : OOB 0.3479 : L 20 : T 0.9 sec
 - d_sub 300 : OOB 0.3487 : L 21 : T 1.0 sec
 - d_sub 300 : OOB 0.3446 : L 22 : T 1.0 sec
 - d_sub 300 : OOB 0.3455 : L 23 : T 1.1 sec
 - d_sub 300 : OOB 0.3486 : L 24 : T 1.1 sec
 - d_sub 300 : OOB 0.3470 : L 25 : T 1.2 sec
 - d_sub 300 : OOB 0.3461 : L 26 : T 1.2 sec
 - d_sub 300 : OOB 0.3470 : L 27 : T 1.3 sec
 - d_sub 300 : OOB 0.3470 : L 28 : T 1.3 sec
 - d_sub 300 : OOB 0.3470 : L 29 : T 1.3 sec
 - d_sub 300 : OOB 0.3466 : L 30 : T 1.4 sec
# -------------------------
optimal d_sub 300 : OOB 0.3466 : L 30 : T 1.4 sec
# -------------------------
# Ensemble classification
#  - Training samples: 10000 (5000/5000)
#  - Feature-space dimensionality: 24157
#  - L : 30
#  - d_sub : 300
#  - Seed 1 (subspaces) : 192305667
#  - Seed 2 (bootstrap) : 384837822
# -------------------------

 - d_sub 300 : OOB 0.4534 : L 1 : T 0.0 sec
 - d_sub 300 : OOB 0.4210 : L 2 : T 0.1 sec
 - d_sub 300 : OOB 0.4095 : L 3 : T 0.1 sec
 - d_sub 300 : OOB 0.4035 : L 4 : T 0.2 sec
 - d_sub 300 : OOB 0.3918 : L 5 : T 0.2 sec
 - d_sub 300 : OOB 0.3863 : L 6 : T 0.3 sec
 - d_sub 300 : OOB 0.3806 : L 7 : T 0.3 sec
 - d_sub 300 : OOB 0.3745 : L 8 : T 0.4 sec
 - d_sub 300 : OOB 0.3737 : L 9 : T 0.4 sec
 - d_sub 300 : OOB 0.3701 : L 10 : T 0.5 sec
 - d_sub 300 : OOB 0.3612 : L 11 : T 0.5 sec
 - d_sub 300 : OOB 0.3627 : L 12 : T 0.6 sec
 - d_sub 300 : OOB 0.3639 : L 13 : T 0.6 sec
 - d_sub 300 : OOB 0.3587 : L 14 : T 0.6 sec
 - d_sub 300 : OOB 0.3605 : L 15 : T 0.7 sec
 - d_sub 300 : OOB 0.3546 : L 16 : T 0.7 sec
 - d_sub 300 : OOB 0.3564 : L 17 : T 0.8 sec
 - d_sub 300 : OOB 0.3539 : L 18 : T 0.8 sec
 - d_sub 300 : OOB 0.3535 : L 19 : T 0.9 sec
 - d_sub 300 : OOB 0.3504 : L 20 : T 0.9 sec
 - d_sub 300 : OOB 0.3496 : L 21 : T 0.9 sec
 - d_sub 300 : OOB 0.3486 : L 22 : T 1.0 sec
 - d_sub 300 : OOB 0.3504 : L 23 : T 1.0 sec
 - d_sub 300 : OOB 0.3496 : L 24 : T 1.1 sec
 - d_sub 300 : OOB 0.3474 : L 25 : T 1.1 sec
 - d_sub 300 : OOB 0.3452 : L 26 : T 1.2 sec
 - d_sub 300 : OOB 0.3456 : L 27 : T 1.2 sec
 - d_sub 300 : OOB 0.3439 : L 28 : T 1.3 sec
 - d_sub 300 : OOB 0.3438 : L 29 : T 1.3 sec
 - d_sub 300 : OOB 0.3450 : L 30 : T 1.3 sec
# -------------------------
optimal d_sub 300 : OOB 0.3450 : L 30 : T 1.3 sec
# -------------------------
# Ensemble classification
#  - Training samples: 10000 (5000/5000)
#  - Feature-space dimensionality: 24157
#  - L : 30
#  - d_sub : 300
#  - Seed 1 (subspaces) : 579305728
#  - Seed 2 (bootstrap) : 123060594
# -------------------------

 - d_sub 300 : OOB 0.4501 : L 1 : T 0.0 sec
 - d_sub 300 : OOB 0.4208 : L 2 : T 0.1 sec
 - d_sub 300 : OOB 0.4060 : L 3 : T 0.1 sec
 - d_sub 300 : OOB 0.3948 : L 4 : T 0.2 sec
 - d_sub 300 : OOB 0.3817 : L 5 : T 0.2 sec
 - d_sub 300 : OOB 0.3781 : L 6 : T 0.3 sec
 - d_sub 300 : OOB 0.3687 : L 7 : T 0.3 sec
 - d_sub 300 : OOB 0.3625 : L 8 : T 0.3 sec
 - d_sub 300 : OOB 0.3643 : L 9 : T 0.4 sec
 - d_sub 300 : OOB 0.3641 : L 10 : T 0.4 sec
 - d_sub 300 : OOB 0.3574 : L 11 : T 0.5 sec
 - d_sub 300 : OOB 0.3592 : L 12 : T 0.5 sec
 - d_sub 300 : OOB 0.3599 : L 13 : T 0.6 sec
 - d_sub 300 : OOB 0.3537 : L 14 : T 0.6 sec
 - d_sub 300 : OOB 0.3538 : L 15 : T 0.7 sec
 - d_sub 300 : OOB 0.3515 : L 16 : T 0.7 sec
 - d_sub 300 : OOB 0.3514 : L 17 : T 0.7 sec
 - d_sub 300 : OOB 0.3498 : L 18 : T 0.8 sec
 - d_sub 300 : OOB 0.3489 : L 19 : T 0.8 sec
 - d_sub 300 : OOB 0.3480 : L 20 : T 0.9 sec
 - d_sub 300 : OOB 0.3510 : L 21 : T 0.9 sec
 - d_sub 300 : OOB 0.3476 : L 22 : T 1.0 sec
 - d_sub 300 : OOB 0.3455 : L 23 : T 1.0 sec
 - d_sub 300 : OOB 0.3468 : L 24 : T 1.1 sec
 - d_sub 300 : OOB 0.3463 : L 25 : T 1.1 sec
 - d_sub 300 : OOB 0.3455 : L 26 : T 1.2 sec
 - d_sub 300 : OOB 0.3439 : L 27 : T 1.2 sec
 - d_sub 300 : OOB 0.3445 : L 28 : T 1.2 sec
 - d_sub 300 : OOB 0.3446 : L 29 : T 1.3 sec
 - d_sub 300 : OOB 0.3439 : L 30 : T 1.3 sec
# -------------------------
optimal d_sub 300 : OOB 0.3439 : L 30 : T 1.3 sec
# -------------------------
Average OOB error = 0.34452 (+/- 0.00268)
# -------------------------
# Ensemble classification
#  - Training samples: 10000 (5000/5000)
#  - Feature-space dimensionality: 24157
#  - L : 30
#  - d_sub : 300
#  - Seed 1 (subspaces) : 5
#  - Seed 2 (bootstrap) : 73
# -------------------------

 - d_sub 300 : OOB 0.4504 : L 1 : T 0.0 sec
 - d_sub 300 : OOB 0.4236 : L 2 : T 0.1 sec
 - d_sub 300 : OOB 0.4095 : L 3 : T 0.1 sec
 - d_sub 300 : OOB 0.3962 : L 4 : T 0.2 sec
 - d_sub 300 : OOB 0.3808 : L 5 : T 0.2 sec
 - d_sub 300 : OOB 0.3790 : L 6 : T 0.3 sec
 - d_sub 300 : OOB 0.3689 : L 7 : T 0.3 sec
 - d_sub 300 : OOB 0.3667 : L 8 : T 0.4 sec
 - d_sub 300 : OOB 0.3646 : L 9 : T 0.4 sec
 - d_sub 300 : OOB 0.3646 : L 10 : T 0.5 sec
 - d_sub 300 : OOB 0.3615 : L 11 : T 0.5 sec
 - d_sub 300 : OOB 0.3572 : L 12 : T 0.6 sec
 - d_sub 300 : OOB 0.3569 : L 13 : T 0.6 sec
 - d_sub 300 : OOB 0.3518 : L 14 : T 0.6 sec
 - d_sub 300 : OOB 0.3529 : L 15 : T 0.7 sec
 - d_sub 300 : OOB 0.3495 : L 16 : T 0.7 sec
 - d_sub 300 : OOB 0.3495 : L 17 : T 0.8 sec
 - d_sub 300 : OOB 0.3472 : L 18 : T 0.8 sec
 - d_sub 300 : OOB 0.3474 : L 19 : T 0.8 sec
 - d_sub 300 : OOB 0.3472 : L 20 : T 0.9 sec
 - d_sub 300 : OOB 0.3479 : L 21 : T 0.9 sec
 - d_sub 300 : OOB 0.3471 : L 22 : T 1.0 sec
 - d_sub 300 : OOB 0.3456 : L 23 : T 1.0 sec
 - d_sub 300 : OOB 0.3449 : L 24 : T 1.1 sec
 - d_sub 300 : OOB 0.3448 : L 25 : T 1.1 sec
 - d_sub 300 : OOB 0.3413 : L 26 : T 1.2 sec
 - d_sub 300 : OOB 0.3400 : L 27 : T 1.2 sec
 - d_sub 300 : OOB 0.3406 : L 28 : T 1.3 sec
 - d_sub 300 : OOB 0.3387 : L 29 : T 1.3 sec
 - d_sub 300 : OOB 0.3393 : L 30 : T 1.3 sec
# -------------------------
optimal d_sub 300 : OOB 0.3393 : L 30 : T 1.3 sec
OOB error = 0.3444
optimal d_sub 300 : OOB 0.3419 : L 30 : T 1.4 sec
optimal d_sub 300 : OOB 0.3386 : L 102 : T 4.4 sec
Testing error 1: 0.3347
optimal d_sub 300 : OOB 0.3437 : L 73 : T 3.2 sec
Testing error 2: 0.3379
optimal d_sub 300 : OOB 0.3422 : L 83 : T 3.6 sec
Testing error 3: 0.3337
optimal d_sub 300 : OOB 0.3441 : L 68 : T 3.1 sec
Testing error 4: 0.3373
optimal d_sub 300 : OOB 0.3374 : L 115 : T 5.1 sec
Testing error 5: 0.3392
optimal d_sub 300 : OOB 0.3402 : L 106 : T 4.6 sec
Testing error 6: 0.3421
optimal d_sub 300 : OOB 0.3427 : L 101 : T 4.4 sec
Testing error 7: 0.3414
optimal d_sub 300 : OOB 0.3404 : L 94 : T 3.9 sec
Testing error 8: 0.3370
optimal d_sub 300 : OOB 0.3476 : L 70 : T 2.9 sec
Testing error 9: 0.3378
optimal d_sub 300 : OOB 0.3421 : L 91 : T 3.9 sec
Testing error 10: 0.3379
---
Average testing error over 10 splits: 0.3379 (+/- 0.0026)
