# -------------------------
# Ensemble classification
#  - Training samples: 10000 (5000/5000)
#  - Feature-space dimensionality: 24157
#  - L : automatic (min 25, max 500, length 50, eps 0.00500)
#  - d_sub : automatic (Eoob tolerance 0.0200, step 200)
#  - Seed 1 (subspaces) : 903611540
#  - Seed 2 (bootstrap) : 238266146
# -------------------------

 - d_sub 200 : OOB 0.4248 : L 1 : T 0.0 sec
 - d_sub 200 : OOB 0.3790 : L 2 : T 0.1 sec
 - d_sub 200 : OOB 0.3527 : L 3 : T 0.1 sec
 - d_sub 200 : OOB 0.3367 : L 4 : T 0.2 sec
 - d_sub 200 : OOB 0.3215 : L 5 : T 0.2 sec
 - d_sub 200 : OOB 0.3164 : L 6 : T 0.2 sec
 - d_sub 200 : OOB 0.3011 : L 7 : T 0.3 sec
 - d_sub 200 : OOB 0.2986 : L 8 : T 0.3 sec
 - d_sub 200 : OOB 0.2876 : L 9 : T 0.3 sec
 - d_sub 200 : OOB 0.2869 : L 10 : T 0.4 sec
 - d_sub 200 : OOB 0.2857 : L 11 : T 0.4 sec
 - d_sub 200 : OOB 0.2808 : L 12 : T 0.5 sec
 - d_sub 200 : OOB 0.2790 : L 13 : T 0.5 sec
 - d_sub 200 : OOB 0.2773 : L 14 : T 0.5 sec
 - d_sub 200 : OOB 0.2733 : L 15 : T 0.6 sec
 - d_sub 200 : OOB 0.2732 : L 16 : T 0.6 sec
 - d_sub 200 : OOB 0.2709 : L 17 : T 0.7 sec
 - d_sub 200 : OOB 0.2717 : L 18 : T 0.7 sec
 - d_sub 200 : OOB 0.2711 : L 19 : T 0.7 sec
 - d_sub 200 : OOB 0.2680 : L 20 : T 0.8 sec
 - d_sub 200 : OOB 0.2665 : L 21 : T 0.8 sec
 - d_sub 200 : OOB 0.2682 : L 22 : T 0.9 sec
 - d_sub 200 : OOB 0.2676 : L 23 : T 0.9 sec
 - d_sub 200 : OOB 0.2670 : L 24 : T 0.9 sec
 - d_sub 200 : OOB 0.2673 : L 25 : T 1.0 sec
 - d_sub 200 : OOB 0.2666 : L 26 : T 1.0 sec
 - d_sub 200 : OOB 0.2670 : L 27 : T 1.0 sec
 - d_sub 200 : OOB 0.2666 : L 28 : T 1.1 sec
 - d_sub 200 : OOB 0.2655 : L 29 : T 1.1 sec
 - d_sub 200 : OOB 0.2650 : L 30 : T 1.2 sec
 - d_sub 200 : OOB 0.2618 : L 31 : T 1.2 sec
 - d_sub 200 : OOB 0.2638 : L 32 : T 1.2 sec
 - d_sub 200 : OOB 0.2629 : L 33 : T 1.3 sec
 - d_sub 200 : OOB 0.2627 : L 34 : T 1.3 sec
 - d_sub 200 : OOB 0.2629 : L 35 : T 1.4 sec
 - d_sub 200 : OOB 0.2621 : L 36 : T 1.4 sec
 - d_sub 200 : OOB 0.2616 : L 37 : T 1.4 sec
 - d_sub 200 : OOB 0.2623 : L 38 : T 1.5 sec
 - d_sub 200 : OOB 0.2603 : L 39 : T 1.5 sec
 - d_sub 200 : OOB 0.2622 : L 40 : T 1.6 sec
 - d_sub 200 : OOB 0.2615 : L 41 : T 1.6 sec
 - d_sub 200 : OOB 0.2605 : L 42 : T 1.6 sec
 - d_sub 200 : OOB 0.2579 : L 43 : T 1.7 sec
 - d_sub 200 : OOB 0.2589 : L 44 : T 1.7 sec
 - d_sub 200 : OOB 0.2591 : L 45 : T 1.7 sec
 - d_sub 200 : OOB 0.2607 : L 46 : T 1.8 sec
 - d_sub 200 : OOB 0.2601 : L 47 : T 1.8 sec
 - d_sub 200 : OOB 0.2598 : L 48 : T 1.9 sec
 - d_sub 200 : OOB 0.2608 : L 49 : T 1.9 sec
 - d_sub 200 : OOB 0.2607 : L 50 : T 1.9 sec
 - d_sub 200 : OOB 0.2610 : L 51 : T 2.0 sec
 - d_sub 200 : OOB 0.2631 : L 52 : T 2.0 sec
 - d_sub 200 : OOB 0.2630 : L 53 : T 2.1 sec
 - d_sub 200 : OOB 0.2621 : L 54 : T 2.1 sec
 - d_sub 200 : OOB 0.2627 : L 55 : T 2.1 sec
 - d_sub 200 : OOB 0.2610 : L 56 : T 2.2 sec
 - d_sub 200 : OOB 0.2611 : L 57 : T 2.2 sec
 - d_sub 200 : OOB 0.2602 : L 58 : T 2.3 sec
 - d_sub 200 : OOB 0.2609 : L 59 : T 2.3 sec
 - d_sub 200 : OOB 0.2618 : L 60 : T 2.3 sec
 - d_sub 200 : OOB 0.2610 : L 61 : T 2.4 sec
 - d_sub 200 : OOB 0.2607 : L 62 : T 2.4 sec
 - d_sub 200 : OOB 0.2620 : L 63 : T 2.5 sec
 - d_sub 200 : OOB 0.2606 : L 64 : T 2.5 sec
 - d_sub 200 : OOB 0.2613 : L 65 : T 2.5 sec
 - d_sub 200 : OOB 0.2611 : L 66 : T 2.6 sec
 - d_sub 200 : OOB 0.2611 : L 67 : T 2.6 sec
 - d_sub 200 : OOB 0.2611 : L 68 : T 2.7 sec
 - d_sub 200 : OOB 0.2609 : L 69 : T 2.7 sec
 - d_sub 200 : OOB 0.2601 : L 70 : T 2.7 sec
 - d_sub 200 : OOB 0.2605 : L 71 : T 2.8 sec
 - d_sub 200 : OOB 0.2596 : L 72 : T 2.8 sec
 - d_sub 200 : OOB 0.2608 : L 73 : T 2.9 sec
 - d_sub 200 : OOB 0.2615 : L 74 : T 2.9 sec
 - d_sub 200 : OOB 0.2608 : L 75 : T 2.9 sec
 - d_sub 200 : OOB 0.2605 : L 76 : T 3.0 sec
 - d_sub 200 : OOB 0.2620 : L 77 : T 3.0 sec
 - d_sub 200 : OOB 0.2596 : L 78 : T 3.1 sec

 - d_sub 400 : OOB 0.4109 : L 1 : T 0.1 sec
 - d_sub 400 : OOB 0.3572 : L 2 : T 1.1 sec
 - d_sub 400 : OOB 0.3305 : L 3 : T 1.9 sec
 - d_sub 400 : OOB 0.3021 : L 4 : T 2.0 sec
 - d_sub 400 : OOB 0.2845 : L 5 : T 2.0 sec
 - d_sub 400 : OOB 0.2715 : L 6 : T 2.1 sec
 - d_sub 400 : OOB 0.2648 : L 7 : T 2.2 sec
 - d_sub 400 : OOB 0.2569 : L 8 : T 2.9 sec
 - d_sub 400 : OOB 0.2559 : L 9 : T 2.9 sec
 - d_sub 400 : OOB 0.2507 : L 10 : T 3.0 sec
 - d_sub 400 : OOB 0.2520 : L 11 : T 3.9 sec
 - d_sub 400 : OOB 0.2479 : L 12 : T 4.0 sec
 - d_sub 400 : OOB 0.2498 : L 13 : T 5.0 sec
 - d_sub 400 : OOB 0.2489 : L 14 : T 5.0 sec
 - d_sub 400 : OOB 0.2474 : L 15 : T 5.1 sec
 - d_sub 400 : OOB 0.2470 : L 16 : T 5.2 sec
 - d_sub 400 : OOB 0.2459 : L 17 : T 6.2 sec
 - d_sub 400 : OOB 0.2465 : L 18 : T 6.2 sec
 - d_sub 400 : OOB 0.2432 : L 19 : T 6.3 sec
 - d_sub 400 : OOB 0.2435 : L 20 : T 6.4 sec
 - d_sub 400 : OOB 0.2444 : L 21 : T 6.5 sec
 - d_sub 400 : OOB 0.2427 : L 22 : T 6.6 sec
 - d_sub 400 : OOB 0.2407 : L 23 : T 6.6 sec
 - d_sub 400 : OOB 0.2399 : L 24 : T 7.5 sec
 - d_sub 400 : OOB 0.2394 : L 25 : T 8.2 sec
 - d_sub 400 : OOB 0.2401 : L 26 : T 8.3 sec
 - d_sub 400 : OOB 0.2394 : L 27 : T 8.4 sec
 - d_sub 400 : OOB 0.2397 : L 28 : T 8.5 sec
 - d_sub 400 : OOB 0.2407 : L 29 : T 8.5 sec
 - d_sub 400 : OOB 0.2416 : L 30 : T 9.4 sec
 - d_sub 400 : OOB 0.2385 : L 31 : T 9.5 sec
 - d_sub 400 : OOB 0.2397 : L 32 : T 9.5 sec
 - d_sub 400 : OOB 0.2397 : L 33 : T 9.6 sec
 - d_sub 400 : OOB 0.2384 : L 34 : T 9.7 sec
 - d_sub 400 : OOB 0.2406 : L 35 : T 10.3 sec
 - d_sub 400 : OOB 0.2394 : L 36 : T 11.2 sec
 - d_sub 400 : OOB 0.2396 : L 37 : T 11.2 sec
 - d_sub 400 : OOB 0.2386 : L 38 : T 11.3 sec
 - d_sub 400 : OOB 0.2384 : L 39 : T 11.4 sec
 - d_sub 400 : OOB 0.2359 : L 40 : T 11.5 sec
 - d_sub 400 : OOB 0.2364 : L 41 : T 11.5 sec
 - d_sub 400 : OOB 0.2379 : L 42 : T 11.6 sec
 - d_sub 400 : OOB 0.2364 : L 43 : T 11.7 sec
 - d_sub 400 : OOB 0.2368 : L 44 : T 11.8 sec
 - d_sub 400 : OOB 0.2360 : L 45 : T 13.1 sec
 - d_sub 400 : OOB 0.2368 : L 46 : T 13.8 sec
 - d_sub 400 : OOB 0.2358 : L 47 : T 14.3 sec
 - d_sub 400 : OOB 0.2374 : L 48 : T 14.4 sec
 - d_sub 400 : OOB 0.2362 : L 49 : T 14.5 sec
 - d_sub 400 : OOB 0.2374 : L 50 : T 14.6 sec
 - d_sub 400 : OOB 0.2355 : L 51 : T 14.6 sec
 - d_sub 400 : OOB 0.2339 : L 52 : T 14.7 sec
 - d_sub 400 : OOB 0.2348 : L 53 : T 14.8 sec
 - d_sub 400 : OOB 0.2340 : L 54 : T 14.8 sec
 - d_sub 400 : OOB 0.2344 : L 55 : T 14.9 sec
 - d_sub 400 : OOB 0.2337 : L 56 : T 15.4 sec
 - d_sub 400 : OOB 0.2348 : L 57 : T 16.2 sec
 - d_sub 400 : OOB 0.2329 : L 58 : T 16.3 sec
 - d_sub 400 : OOB 0.2342 : L 59 : T 16.4 sec
 - d_sub 400 : OOB 0.2338 : L 60 : T 16.4 sec
 - d_sub 400 : OOB 0.2340 : L 61 : T 16.5 sec
 - d_sub 400 : OOB 0.2331 : L 62 : T 16.6 sec
 - d_sub 400 : OOB 0.2340 : L 63 : T 16.7 sec
 - d_sub 400 : OOB 0.2345 : L 64 : T 16.8 sec
 - d_sub 400 : OOB 0.2359 : L 65 : T 16.8 sec
 - d_sub 400 : OOB 0.2351 : L 66 : T 16.9 sec
 - d_sub 400 : OOB 0.2347 : L 67 : T 18.0 sec
 - d_sub 400 : OOB 0.2367 : L 68 : T 18.1 sec
 - d_sub 400 : OOB 0.2352 : L 69 : T 18.2 sec
 - d_sub 400 : OOB 0.2354 : L 70 : T 19.0 sec
 - d_sub 400 : OOB 0.2345 : L 71 : T 19.0 sec
 - d_sub 400 : OOB 0.2358 : L 72 : T 19.1 sec
 - d_sub 400 : OOB 0.2360 : L 73 : T 20.0 sec
 - d_sub 400 : OOB 0.2353 : L 74 : T 20.1 sec
 - d_sub 400 : OOB 0.2361 : L 75 : T 20.2 sec
 - d_sub 400 : OOB 0.2361 : L 76 : T 20.9 sec
 - d_sub 400 : OOB 0.2350 : L 77 : T 21.0 sec
 - d_sub 400 : OOB 0.2362 : L 78 : T 21.0 sec
 - d_sub 400 : OOB 0.2354 : L 79 : T 21.1 sec
 - d_sub 400 : OOB 0.2366 : L 80 : T 21.2 sec
 - d_sub 400 : OOB 0.2352 : L 81 : T 21.9 sec
 - d_sub 400 : OOB 0.2350 : L 82 : T 22.0 sec
 - d_sub 400 : OOB 0.2361 : L 83 : T 22.0 sec
 - d_sub 400 : OOB 0.2373 : L 84 : T 22.1 sec
 - d_sub 400 : OOB 0.2375 : L 85 : T 22.2 sec

 - d_sub 600 : OOB 0.4114 : L 1 : T 0.1 sec
 - d_sub 600 : OOB 0.3558 : L 2 : T 0.7 sec
 - d_sub 600 : OOB 0.3263 : L 3 : T 0.9 sec
 - d_sub 600 : OOB 0.2978 : L 4 : T 1.9 sec
 - d_sub 600 : OOB 0.2783 : L 5 : T 2.0 sec
 - d_sub 600 : OOB 0.2695 : L 6 : T 2.1 sec
 - d_sub 600 : OOB 0.2597 : L 7 : T 2.2 sec
 - d_sub 600 : OOB 0.2539 : L 8 : T 4.0 sec
 - d_sub 600 : OOB 0.2537 : L 9 : T 4.1 sec
 - d_sub 600 : OOB 0.2440 : L 10 : T 4.2 sec
 - d_sub 600 : OOB 0.2444 : L 11 : T 4.4 sec
 - d_sub 600 : OOB 0.2401 : L 12 : T 5.1 sec
 - d_sub 600 : OOB 0.2412 : L 13 : T 5.2 sec
 - d_sub 600 : OOB 0.2395 : L 14 : T 5.3 sec
 - d_sub 600 : OOB 0.2367 : L 15 : T 6.1 sec
 - d_sub 600 : OOB 0.2357 : L 16 : T 7.2 sec
 - d_sub 600 : OOB 0.2333 : L 17 : T 7.3 sec
 - d_sub 600 : OOB 0.2330 : L 18 : T 7.4 sec
 - d_sub 600 : OOB 0.2320 : L 19 : T 7.5 sec
 - d_sub 600 : OOB 0.2321 : L 20 : T 9.4 sec
 - d_sub 600 : OOB 0.2296 : L 21 : T 10.5 sec
 - d_sub 600 : OOB 0.2300 : L 22 : T 10.6 sec
 - d_sub 600 : OOB 0.2296 : L 23 : T 10.7 sec
 - d_sub 600 : OOB 0.2275 : L 24 : T 10.8 sec
 - d_sub 600 : OOB 0.2266 : L 25 : T 11.6 sec
 - d_sub 600 : OOB 0.2255 : L 26 : T 12.6 sec
 - d_sub 600 : OOB 0.2264 : L 27 : T 12.8 sec
 - d_sub 600 : OOB 0.2264 : L 28 : T 12.9 sec
 - d_sub 600 : OOB 0.2265 : L 29 : T 13.9 sec
 - d_sub 600 : OOB 0.2231 : L 30 : T 14.1 sec
 - d_sub 600 : OOB 0.2236 : L 31 : T 14.2 sec
 - d_sub 600 : OOB 0.2246 : L 32 : T 14.3 sec
 - d_sub 600 : OOB 0.2237 : L 33 : T 15.0 sec
 - d_sub 600 : OOB 0.2234 : L 34 : T 16.3 sec
 - d_sub 600 : OOB 0.2233 : L 35 : T 16.4 sec
 - d_sub 600 : OOB 0.2239 : L 36 : T 16.6 sec
 - d_sub 600 : OOB 0.2240 : L 37 : T 16.7 sec
 - d_sub 600 : OOB 0.2217 : L 38 : T 17.6 sec
 - d_sub 600 : OOB 0.2219 : L 39 : T 19.0 sec
 - d_sub 600 : OOB 0.2238 : L 40 : T 19.8 sec
 - d_sub 600 : OOB 0.2237 : L 41 : T 20.8 sec
 - d_sub 600 : OOB 0.2225 : L 42 : T 20.9 sec
 - d_sub 600 : OOB 0.2224 : L 43 : T 21.0 sec
 - d_sub 600 : OOB 0.2233 : L 44 : T 21.7 sec
 - d_sub 600 : OOB 0.2232 : L 45 : T 21.9 sec
 - d_sub 600 : OOB 0.2247 : L 46 : T 22.0 sec
 - d_sub 600 : OOB 0.2235 : L 47 : T 22.1 sec
 - d_sub 600 : OOB 0.2240 : L 48 : T 22.9 sec
 - d_sub 600 : OOB 0.2232 : L 49 : T 23.7 sec
 - d_sub 600 : OOB 0.2228 : L 50 : T 23.8 sec
 - d_sub 600 : OOB 0.2230 : L 51 : T 24.0 sec
 - d_sub 600 : OOB 0.2221 : L 52 : T 24.6 sec
 - d_sub 600 : OOB 0.2227 : L 53 : T 24.8 sec
 - d_sub 600 : OOB 0.2239 : L 54 : T 24.9 sec
 - d_sub 600 : OOB 0.2233 : L 55 : T 25.0 sec
 - d_sub 600 : OOB 0.2237 : L 56 : T 25.9 sec
 - d_sub 600 : OOB 0.2245 : L 57 : T 26.0 sec
 - d_sub 600 : OOB 0.2244 : L 58 : T 26.1 sec
 - d_sub 600 : OOB 0.2237 : L 59 : T 26.9 sec
 - d_sub 600 : OOB 0.2243 : L 60 : T 27.8 sec
 - d_sub 600 : OOB 0.2239 : L 61 : T 27.9 sec
 - d_sub 600 : OOB 0.2228 : L 62 : T 28.0 sec
 - d_sub 600 : OOB 0.2236 : L 63 : T 28.1 sec
 - d_sub 600 : OOB 0.2247 : L 64 : T 28.8 sec
 - d_sub 600 : OOB 0.2252 : L 65 : T 28.9 sec
 - d_sub 600 : OOB 0.2231 : L 66 : T 29.1 sec
 - d_sub 600 : OOB 0.2240 : L 67 : T 29.2 sec
 - d_sub 600 : OOB 0.2250 : L 68 : T 29.8 sec
 - d_sub 600 : OOB 0.2254 : L 69 : T 30.5 sec
 - d_sub 600 : OOB 0.2244 : L 70 : T 30.7 sec
 - d_sub 600 : OOB 0.2252 : L 71 : T 31.6 sec
 - d_sub 600 : OOB 0.2247 : L 72 : T 31.7 sec

 - d_sub 800 : OOB 0.4035 : L 1 : T 0.2 sec
 - d_sub 800 : OOB 0.3461 : L 2 : T 1.2 sec
 - d_sub 800 : OOB 0.3191 : L 3 : T 2.3 sec
 - d_sub 800 : OOB 0.2915 : L 4 : T 2.4 sec
 - d_sub 800 : OOB 0.2750 : L 5 : T 2.6 sec
 - d_sub 800 : OOB 0.2666 : L 6 : T 3.6 sec
 - d_sub 800 : OOB 0.2547 : L 7 : T 4.0 sec
 - d_sub 800 : OOB 0.2528 : L 8 : T 4.2 sec
 - d_sub 800 : OOB 0.2467 : L 9 : T 4.8 sec
 - d_sub 800 : OOB 0.2402 : L 10 : T 5.0 sec
 - d_sub 800 : OOB 0.2400 : L 11 : T 5.9 sec
 - d_sub 800 : OOB 0.2376 : L 12 : T 6.8 sec
 - d_sub 800 : OOB 0.2366 : L 13 : T 7.0 sec
 - d_sub 800 : OOB 0.2323 : L 14 : T 7.2 sec
 - d_sub 800 : OOB 0.2297 : L 15 : T 7.4 sec
 - d_sub 800 : OOB 0.2287 : L 16 : T 9.3 sec
 - d_sub 800 : OOB 0.2303 : L 17 : T 10.2 sec
 - d_sub 800 : OOB 0.2278 : L 18 : T 10.4 sec
 - d_sub 800 : OOB 0.2267 : L 19 : T 11.6 sec
 - d_sub 800 : OOB 0.2259 : L 20 : T 12.5 sec
 - d_sub 800 : OOB 0.2276 : L 21 : T 13.3 sec
 - d_sub 800 : OOB 0.2264 : L 22 : T 13.5 sec
 - d_sub 800 : OOB 0.2270 : L 23 : T 15.1 sec
 - d_sub 800 : OOB 0.2246 : L 24 : T 16.7 sec
 - d_sub 800 : OOB 0.2215 : L 25 : T 16.8 sec
 - d_sub 800 : OOB 0.2228 : L 26 : T 19.1 sec
 - d_sub 800 : OOB 0.2221 : L 27 : T 20.1 sec
 - d_sub 800 : OOB 0.2224 : L 28 : T 20.2 sec
 - d_sub 800 : OOB 0.2224 : L 29 : T 20.4 sec
 - d_sub 800 : OOB 0.2217 : L 30 : T 21.8 sec
 - d_sub 800 : OOB 0.2203 : L 31 : T 22.8 sec
 - d_sub 800 : OOB 0.2187 : L 32 : T 22.9 sec
 - d_sub 800 : OOB 0.2194 : L 33 : T 23.1 sec
 - d_sub 800 : OOB 0.2168 : L 34 : T 23.3 sec
 - d_sub 800 : OOB 0.2179 : L 35 : T 25.5 sec
 - d_sub 800 : OOB 0.2174 : L 36 : T 25.6 sec
 - d_sub 800 : OOB 0.2180 : L 37 : T 25.8 sec
 - d_sub 800 : OOB 0.2167 : L 38 : T 26.3 sec
 - d_sub 800 : OOB 0.2176 : L 39 : T 26.5 sec
 - d_sub 800 : OOB 0.2156 : L 40 : T 26.6 sec
 - d_sub 800 : OOB 0.2157 : L 41 : T 27.0 sec
 - d_sub 800 : OOB 0.2174 : L 42 : T 27.6 sec
 - d_sub 800 : OOB 0.2156 : L 43 : T 27.8 sec
 - d_sub 800 : OOB 0.2145 : L 44 : T 28.5 sec
 - d_sub 800 : OOB 0.2162 : L 45 : T 29.3 sec
 - d_sub 800 : OOB 0.2151 : L 46 : T 29.5 sec
 - d_sub 800 : OOB 0.2175 : L 47 : T 30.7 sec
 - d_sub 800 : OOB 0.2168 : L 48 : T 31.0 sec
 - d_sub 800 : OOB 0.2150 : L 49 : T 31.6 sec
 - d_sub 800 : OOB 0.2161 : L 50 : T 31.8 sec
 - d_sub 800 : OOB 0.2154 : L 51 : T 32.6 sec
 - d_sub 800 : OOB 0.2145 : L 52 : T 33.5 sec
 - d_sub 800 : OOB 0.2142 : L 53 : T 33.7 sec
 - d_sub 800 : OOB 0.2153 : L 54 : T 33.8 sec
 - d_sub 800 : OOB 0.2155 : L 55 : T 34.4 sec
 - d_sub 800 : OOB 0.2154 : L 56 : T 34.6 sec
 - d_sub 800 : OOB 0.2141 : L 57 : T 34.8 sec
 - d_sub 800 : OOB 0.2143 : L 58 : T 36.8 sec
 - d_sub 800 : OOB 0.2144 : L 59 : T 38.1 sec
 - d_sub 800 : OOB 0.2164 : L 60 : T 39.6 sec
 - d_sub 800 : OOB 0.2167 : L 61 : T 39.7 sec
 - d_sub 800 : OOB 0.2165 : L 62 : T 39.9 sec
 - d_sub 800 : OOB 0.2165 : L 63 : T 41.9 sec
 - d_sub 800 : OOB 0.2168 : L 64 : T 42.8 sec
 - d_sub 800 : OOB 0.2170 : L 65 : T 43.0 sec
 - d_sub 800 : OOB 0.2159 : L 66 : T 43.2 sec
 - d_sub 800 : OOB 0.2160 : L 67 : T 45.1 sec
 - d_sub 800 : OOB 0.2165 : L 68 : T 45.3 sec
 - d_sub 800 : OOB 0.2168 : L 69 : T 45.9 sec
 - d_sub 800 : OOB 0.2139 : L 70 : T 46.1 sec
 - d_sub 800 : OOB 0.2143 : L 71 : T 46.3 sec
 - d_sub 800 : OOB 0.2154 : L 72 : T 47.4 sec
 - d_sub 800 : OOB 0.2154 : L 73 : T 48.5 sec
 - d_sub 800 : OOB 0.2140 : L 74 : T 48.6 sec
 - d_sub 800 : OOB 0.2137 : L 75 : T 50.6 sec
 - d_sub 800 : OOB 0.2135 : L 76 : T 51.7 sec
 - d_sub 800 : OOB 0.2143 : L 77 : T 51.8 sec
 - d_sub 800 : OOB 0.2137 : L 78 : T 52.0 sec
 - d_sub 800 : OOB 0.2140 : L 79 : T 53.5 sec
 - d_sub 800 : OOB 0.2146 : L 80 : T 54.5 sec

 - d_sub 1000 : OOB 0.4081 : L 1 : T 0.2 sec
 - d_sub 1000 : OOB 0.3481 : L 2 : T 1.4 sec
 - d_sub 1000 : OOB 0.3157 : L 3 : T 4.1 sec
 - d_sub 1000 : OOB 0.2880 : L 4 : T 4.3 sec
 - d_sub 1000 : OOB 0.2703 : L 5 : T 6.7 sec
 - d_sub 1000 : OOB 0.2578 : L 6 : T 6.9 sec
 - d_sub 1000 : OOB 0.2526 : L 7 : T 7.2 sec
 - d_sub 1000 : OOB 0.2470 : L 8 : T 9.5 sec
 - d_sub 1000 : OOB 0.2429 : L 9 : T 9.7 sec
 - d_sub 1000 : OOB 0.2380 : L 10 : T 10.0 sec
 - d_sub 1000 : OOB 0.2374 : L 11 : T 11.0 sec
 - d_sub 1000 : OOB 0.2324 : L 12 : T 12.5 sec
 - d_sub 1000 : OOB 0.2293 : L 13 : T 12.7 sec
 - d_sub 1000 : OOB 0.2302 : L 14 : T 13.0 sec
 - d_sub 1000 : OOB 0.2310 : L 15 : T 14.0 sec
 - d_sub 1000 : OOB 0.2283 : L 16 : T 15.4 sec
 - d_sub 1000 : OOB 0.2283 : L 17 : T 15.6 sec
 - d_sub 1000 : OOB 0.2258 : L 18 : T 16.5 sec
 - d_sub 1000 : OOB 0.2247 : L 19 : T 16.8 sec
 - d_sub 1000 : OOB 0.2238 : L 20 : T 17.6 sec
 - d_sub 1000 : OOB 0.2207 : L 21 : T 17.8 sec
 - d_sub 1000 : OOB 0.2183 : L 22 : T 18.4 sec
 - d_sub 1000 : OOB 0.2204 : L 23 : T 18.6 sec
 - d_sub 1000 : OOB 0.2186 : L 24 : T 19.7 sec
 - d_sub 1000 : OOB 0.2187 : L 25 : T 20.2 sec
 - d_sub 1000 : OOB 0.2178 : L 26 : T 21.2 sec
 - d_sub 1000 : OOB 0.2184 : L 27 : T 21.5 sec
 - d_sub 1000 : OOB 0.2193 : L 28 : T 22.4 sec
 - d_sub 1000 : OOB 0.2188 : L 29 : T 22.7 sec
 - d_sub 1000 : OOB 0.2187 : L 30 : T 23.4 sec
 - d_sub 1000 : OOB 0.2197 : L 31 : T 24.3 sec
 - d_sub 1000 : OOB 0.2190 : L 32 : T 24.6 sec
 - d_sub 1000 : OOB 0.2157 : L 33 : T 26.7 sec
 - d_sub 1000 : OOB 0.2170 : L 34 : T 26.9 sec
 - d_sub 1000 : OOB 0.2177 : L 35 : T 28.2 sec
 - d_sub 1000 : OOB 0.2162 : L 36 : T 29.3 sec
 - d_sub 1000 : OOB 0.2156 : L 37 : T 29.6 sec
 - d_sub 1000 : OOB 0.2135 : L 38 : T 30.8 sec
 - d_sub 1000 : OOB 0.2155 : L 39 : T 33.0 sec
 - d_sub 1000 : OOB 0.2138 : L 40 : T 34.0 sec
 - d_sub 1000 : OOB 0.2139 : L 41 : T 34.2 sec
 - d_sub 1000 : OOB 0.2158 : L 42 : T 34.5 sec
 - d_sub 1000 : OOB 0.2154 : L 43 : T 36.1 sec
 - d_sub 1000 : OOB 0.2134 : L 44 : T 36.4 sec
 - d_sub 1000 : OOB 0.2155 : L 45 : T 37.4 sec
 - d_sub 1000 : OOB 0.2143 : L 46 : T 38.9 sec
 - d_sub 1000 : OOB 0.2153 : L 47 : T 39.1 sec
 - d_sub 1000 : OOB 0.2137 : L 48 : T 39.3 sec
 - d_sub 1000 : OOB 0.2124 : L 49 : T 40.3 sec
 - d_sub 1000 : OOB 0.2124 : L 50 : T 41.3 sec
 - d_sub 1000 : OOB 0.2135 : L 51 : T 41.6 sec
 - d_sub 1000 : OOB 0.2118 : L 52 : T 42.5 sec
 - d_sub 1000 : OOB 0.2122 : L 53 : T 42.9 sec
 - d_sub 1000 : OOB 0.2126 : L 54 : T 44.2 sec
 - d_sub 1000 : OOB 0.2130 : L 55 : T 44.5 sec
 - d_sub 1000 : OOB 0.2117 : L 56 : T 45.5 sec
 - d_sub 1000 : OOB 0.2126 : L 57 : T 45.8 sec
 - d_sub 1000 : OOB 0.2130 : L 58 : T 48.1 sec
 - d_sub 1000 : OOB 0.2124 : L 59 : T 48.3 sec
 - d_sub 1000 : OOB 0.2127 : L 60 : T 49.8 sec
 - d_sub 1000 : OOB 0.2109 : L 61 : T 50.1 sec
 - d_sub 1000 : OOB 0.2112 : L 62 : T 51.1 sec
 - d_sub 1000 : OOB 0.2115 : L 63 : T 52.4 sec
 - d_sub 1000 : OOB 0.2118 : L 64 : T 52.6 sec
 - d_sub 1000 : OOB 0.2116 : L 65 : T 53.8 sec
 - d_sub 1000 : OOB 0.2108 : L 66 : T 56.4 sec
 - d_sub 1000 : OOB 0.2097 : L 67 : T 56.7 sec
 - d_sub 1000 : OOB 0.2096 : L 68 : T 58.4 sec
 - d_sub 1000 : OOB 0.2086 : L 69 : T 58.6 sec
 - d_sub 1000 : OOB 0.2079 : L 70 : T 58.9 sec
 - d_sub 1000 : OOB 0.2077 : L 71 : T 59.5 sec
 - d_sub 1000 : OOB 0.2086 : L 72 : T 59.8 sec
 - d_sub 1000 : OOB 0.2090 : L 73 : T 60.5 sec
 - d_sub 1000 : OOB 0.2087 : L 74 : T 61.7 sec
 - d_sub 1000 : OOB 0.2086 : L 75 : T 62.6 sec
 - d_sub 1000 : OOB 0.2078 : L 76 : T 63.7 sec
 - d_sub 1000 : OOB 0.2078 : L 77 : T 64.9 sec
 - d_sub 1000 : OOB 0.2060 : L 78 : T 65.1 sec
 - d_sub 1000 : OOB 0.2051 : L 79 : T 65.4 sec
 - d_sub 1000 : OOB 0.2060 : L 80 : T 66.5 sec
 - d_sub 1000 : OOB 0.2053 : L 81 : T 67.3 sec
 - d_sub 1000 : OOB 0.2061 : L 82 : T 67.6 sec
 - d_sub 1000 : OOB 0.2049 : L 83 : T 67.8 sec
 - d_sub 1000 : OOB 0.2055 : L 84 : T 68.7 sec
 - d_sub 1000 : OOB 0.2047 : L 85 : T 69.0 sec
 - d_sub 1000 : OOB 0.2062 : L 86 : T 69.8 sec
 - d_sub 1000 : OOB 0.2044 : L 87 : T 70.1 sec
 - d_sub 1000 : OOB 0.2048 : L 88 : T 70.8 sec
 - d_sub 1000 : OOB 0.2045 : L 89 : T 71.0 sec
 - d_sub 1000 : OOB 0.2053 : L 90 : T 72.0 sec
 - d_sub 1000 : OOB 0.2043 : L 91 : T 72.2 sec
 - d_sub 1000 : OOB 0.2044 : L 92 : T 72.8 sec
 - d_sub 1000 : OOB 0.2050 : L 93 : T 73.1 sec
 - d_sub 1000 : OOB 0.2046 : L 94 : T 73.3 sec
 - d_sub 1000 : OOB 0.2051 : L 95 : T 74.2 sec
 - d_sub 1000 : OOB 0.2050 : L 96 : T 75.2 sec
 - d_sub 1000 : OOB 0.2050 : L 97 : T 75.5 sec
 - d_sub 1000 : OOB 0.2036 : L 98 : T 75.8 sec
 - d_sub 1000 : OOB 0.2044 : L 99 : T 77.2 sec
 - d_sub 1000 : OOB 0.2043 : L 100 : T 77.4 sec
 - d_sub 1000 : OOB 0.2041 : L 101 : T 77.7 sec
 - d_sub 1000 : OOB 0.2047 : L 102 : T 79.4 sec
 - d_sub 1000 : OOB 0.2048 : L 103 : T 80.5 sec
 - d_sub 1000 : OOB 0.2051 : L 104 : T 82.0 sec
 - d_sub 1000 : OOB 0.2039 : L 105 : T 84.0 sec
 - d_sub 1000 : OOB 0.2047 : L 106 : T 84.2 sec
 - d_sub 1000 : OOB 0.2051 : L 107 : T 85.4 sec
 - d_sub 1000 : OOB 0.2058 : L 108 : T 85.7 sec
 - d_sub 1000 : OOB 0.2046 : L 109 : T 86.5 sec
 - d_sub 1000 : OOB 0.2059 : L 110 : T 87.5 sec
 - d_sub 1000 : OOB 0.2058 : L 111 : T 88.5 sec
 - d_sub 1000 : OOB 0.2054 : L 112 : T 89.7 sec
 - d_sub 1000 : OOB 0.2056 : L 113 : T 89.9 sec
 - d_sub 1000 : OOB 0.2048 : L 114 : T 90.2 sec
 - d_sub 1000 : OOB 0.2058 : L 115 : T 91.1 sec
 - d_sub 1000 : OOB 0.2037 : L 116 : T 93.1 sec

 - d_sub 1200 : OOB 0.4103 : L 1 : T 0.3 sec
 - d_sub 1200 : OOB 0.3497 : L 2 : T 1.4 sec
 - d_sub 1200 : OOB 0.3199 : L 3 : T 2.7 sec
 - d_sub 1200 : OOB 0.2992 : L 4 : T 4.0 sec
 - d_sub 1200 : OOB 0.2809 : L 5 : T 5.0 sec
 - d_sub 1200 : OOB 0.2669 : L 6 : T 6.6 sec
 - d_sub 1200 : OOB 0.2564 : L 7 : T 7.3 sec
 - d_sub 1200 : OOB 0.2472 : L 8 : T 8.4 sec
 - d_sub 1200 : OOB 0.2462 : L 9 : T 9.3 sec
 - d_sub 1200 : OOB 0.2414 : L 10 : T 11.5 sec
 - d_sub 1200 : OOB 0.2356 : L 11 : T 11.8 sec
 - d_sub 1200 : OOB 0.2327 : L 12 : T 14.6 sec
 - d_sub 1200 : OOB 0.2275 : L 13 : T 14.9 sec
 - d_sub 1200 : OOB 0.2243 : L 14 : T 15.9 sec
 - d_sub 1200 : OOB 0.2224 : L 15 : T 16.7 sec
 - d_sub 1200 : OOB 0.2211 : L 16 : T 19.4 sec
 - d_sub 1200 : OOB 0.2200 : L 17 : T 20.5 sec
 - d_sub 1200 : OOB 0.2177 : L 18 : T 22.1 sec
 - d_sub 1200 : OOB 0.2185 : L 19 : T 24.4 sec
 - d_sub 1200 : OOB 0.2170 : L 20 : T 24.7 sec
 - d_sub 1200 : OOB 0.2165 : L 21 : T 27.3 sec
 - d_sub 1200 : OOB 0.2154 : L 22 : T 27.6 sec
 - d_sub 1200 : OOB 0.2146 : L 23 : T 30.5 sec
 - d_sub 1200 : OOB 0.2148 : L 24 : T 31.5 sec
 - d_sub 1200 : OOB 0.2145 : L 25 : T 33.4 sec
 - d_sub 1200 : OOB 0.2131 : L 26 : T 34.3 sec
 - d_sub 1200 : OOB 0.2114 : L 27 : T 35.6 sec
 - d_sub 1200 : OOB 0.2129 : L 28 : T 37.5 sec
 - d_sub 1200 : OOB 0.2120 : L 29 : T 37.8 sec
 - d_sub 1200 : OOB 0.2099 : L 30 : T 38.7 sec
 - d_sub 1200 : OOB 0.2105 : L 31 : T 39.9 sec
 - d_sub 1200 : OOB 0.2088 : L 32 : T 41.7 sec
 - d_sub 1200 : OOB 0.2083 : L 33 : T 42.5 sec
 - d_sub 1200 : OOB 0.2080 : L 34 : T 42.8 sec
 - d_sub 1200 : OOB 0.2071 : L 35 : T 43.5 sec
 - d_sub 1200 : OOB 0.2061 : L 36 : T 44.3 sec
 - d_sub 1200 : OOB 0.2059 : L 37 : T 46.2 sec
 - d_sub 1200 : OOB 0.2057 : L 38 : T 47.3 sec
 - d_sub 1200 : OOB 0.2076 : L 39 : T 48.6 sec
 - d_sub 1200 : OOB 0.2061 : L 40 : T 50.5 sec
 - d_sub 1200 : OOB 0.2065 : L 41 : T 51.5 sec
 - d_sub 1200 : OOB 0.2067 : L 42 : T 53.4 sec
 - d_sub 1200 : OOB 0.2060 : L 43 : T 53.7 sec
 - d_sub 1200 : OOB 0.2060 : L 44 : T 55.3 sec
 - d_sub 1200 : OOB 0.2069 : L 45 : T 55.8 sec
 - d_sub 1200 : OOB 0.2069 : L 46 : T 56.9 sec
 - d_sub 1200 : OOB 0.2068 : L 47 : T 58.8 sec
 - d_sub 1200 : OOB 0.2052 : L 48 : T 60.7 sec
 - d_sub 1200 : OOB 0.2075 : L 49 : T 61.8 sec
 - d_sub 1200 : OOB 0.2072 : L 50 : T 62.9 sec
 - d_sub 1200 : OOB 0.2058 : L 51 : T 64.1 sec
 - d_sub 1200 : OOB 0.2066 : L 52 : T 66.5 sec
 - d_sub 1200 : OOB 0.2068 : L 53 : T 66.9 sec
 - d_sub 1200 : OOB 0.2055 : L 54 : T 68.0 sec
 - d_sub 1200 : OOB 0.2074 : L 55 : T 68.8 sec
 - d_sub 1200 : OOB 0.2071 : L 56 : T 69.5 sec
 - d_sub 1200 : OOB 0.2070 : L 57 : T 71.2 sec
 - d_sub 1200 : OOB 0.2088 : L 58 : T 73.1 sec
 - d_sub 1200 : OOB 0.2088 : L 59 : T 75.5 sec
 - d_sub 1200 : OOB 0.2084 : L 60 : T 75.8 sec
 - d_sub 1200 : OOB 0.2075 : L 61 : T 78.5 sec
 - d_sub 1200 : OOB 0.2085 : L 62 : T 81.0 sec
 - d_sub 1200 : OOB 0.2077 : L 63 : T 82.5 sec
 - d_sub 1200 : OOB 0.2072 : L 64 : T 84.3 sec
 - d_sub 1200 : OOB 0.2086 : L 65 : T 84.7 sec
 - d_sub 1200 : OOB 0.2076 : L 66 : T 86.7 sec
 - d_sub 1200 : OOB 0.2072 : L 67 : T 87.5 sec
 - d_sub 1200 : OOB 0.2070 : L 68 : T 89.1 sec
 - d_sub 1200 : OOB 0.2064 : L 69 : T 90.2 sec
 - d_sub 1200 : OOB 0.2057 : L 70 : T 92.2 sec
 - d_sub 1200 : OOB 0.2056 : L 71 : T 95.2 sec
 - d_sub 1200 : OOB 0.2048 : L 72 : T 95.5 sec
 - d_sub 1200 : OOB 0.2059 : L 73 : T 96.9 sec
 - d_sub 1200 : OOB 0.2056 : L 74 : T 99.0 sec
 - d_sub 1200 : OOB 0.2063 : L 75 : T 101.0 sec
 - d_sub 1200 : OOB 0.2082 : L 76 : T 103.0 sec
 - d_sub 1200 : OOB 0.2069 : L 77 : T 103.9 sec
 - d_sub 1200 : OOB 0.2065 : L 78 : T 105.7 sec

 - d_sub 1400 : OOB 0.4149 : L 1 : T 1.2 sec
 - d_sub 1400 : OOB 0.3549 : L 2 : T 3.0 sec
 - d_sub 1400 : OOB 0.3196 : L 3 : T 4.1 sec
 - d_sub 1400 : OOB 0.2886 : L 4 : T 5.9 sec
 - d_sub 1400 : OOB 0.2706 : L 5 : T 7.1 sec
 - d_sub 1400 : OOB 0.2590 : L 6 : T 7.9 sec
 - d_sub 1400 : OOB 0.2452 : L 7 : T 9.7 sec
 - d_sub 1400 : OOB 0.2382 : L 8 : T 10.6 sec
 - d_sub 1400 : OOB 0.2311 : L 9 : T 11.0 sec
 - d_sub 1400 : OOB 0.2263 : L 10 : T 14.5 sec
 - d_sub 1400 : OOB 0.2336 : L 11 : T 16.8 sec
 - d_sub 1400 : OOB 0.2294 : L 12 : T 18.1 sec
 - d_sub 1400 : OOB 0.2277 : L 13 : T 20.0 sec
 - d_sub 1400 : OOB 0.2227 : L 14 : T 23.9 sec
 - d_sub 1400 : OOB 0.2225 : L 15 : T 24.3 sec
 - d_sub 1400 : OOB 0.2197 : L 16 : T 26.6 sec
 - d_sub 1400 : OOB 0.2190 : L 17 : T 27.9 sec
 - d_sub 1400 : OOB 0.2177 : L 18 : T 30.1 sec
 - d_sub 1400 : OOB 0.2158 : L 19 : T 31.2 sec
 - d_sub 1400 : OOB 0.2136 : L 20 : T 32.4 sec
 - d_sub 1400 : OOB 0.2165 : L 21 : T 35.6 sec
 - d_sub 1400 : OOB 0.2175 : L 22 : T 36.9 sec
 - d_sub 1400 : OOB 0.2151 : L 23 : T 37.9 sec
 - d_sub 1400 : OOB 0.2126 : L 24 : T 39.0 sec
 - d_sub 1400 : OOB 0.2137 : L 25 : T 41.2 sec
 - d_sub 1400 : OOB 0.2138 : L 26 : T 44.1 sec
 - d_sub 1400 : OOB 0.2146 : L 27 : T 45.3 sec
 - d_sub 1400 : OOB 0.2110 : L 28 : T 46.4 sec
 - d_sub 1400 : OOB 0.2112 : L 29 : T 47.2 sec
 - d_sub 1400 : OOB 0.2105 : L 30 : T 48.5 sec
 - d_sub 1400 : OOB 0.2102 : L 31 : T 50.6 sec
 - d_sub 1400 : OOB 0.2105 : L 32 : T 53.4 sec
 - d_sub 1400 : OOB 0.2098 : L 33 : T 54.1 sec
 - d_sub 1400 : OOB 0.2110 : L 34 : T 55.8 sec
 - d_sub 1400 : OOB 0.2097 : L 35 : T 57.0 sec
 - d_sub 1400 : OOB 0.2113 : L 36 : T 59.2 sec
 - d_sub 1400 : OOB 0.2101 : L 37 : T 59.6 sec
 - d_sub 1400 : OOB 0.2090 : L 38 : T 62.4 sec
 - d_sub 1400 : OOB 0.2110 : L 39 : T 63.9 sec
 - d_sub 1400 : OOB 0.2085 : L 40 : T 65.7 sec
 - d_sub 1400 : OOB 0.2090 : L 41 : T 67.0 sec
 - d_sub 1400 : OOB 0.2085 : L 42 : T 68.9 sec
 - d_sub 1400 : OOB 0.2079 : L 43 : T 70.1 sec
 - d_sub 1400 : OOB 0.2070 : L 44 : T 71.3 sec
 - d_sub 1400 : OOB 0.2076 : L 45 : T 73.2 sec
 - d_sub 1400 : OOB 0.2073 : L 46 : T 74.5 sec
 - d_sub 1400 : OOB 0.2076 : L 47 : T 75.6 sec
 - d_sub 1400 : OOB 0.2047 : L 48 : T 77.5 sec
 - d_sub 1400 : OOB 0.2048 : L 49 : T 79.3 sec
 - d_sub 1400 : OOB 0.2062 : L 50 : T 80.6 sec
 - d_sub 1400 : OOB 0.2066 : L 51 : T 81.8 sec
 - d_sub 1400 : OOB 0.2048 : L 52 : T 84.8 sec
 - d_sub 1400 : OOB 0.2053 : L 53 : T 86.0 sec
 - d_sub 1400 : OOB 0.2050 : L 54 : T 88.4 sec
 - d_sub 1400 : OOB 0.2046 : L 55 : T 89.7 sec
 - d_sub 1400 : OOB 0.2047 : L 56 : T 90.8 sec
 - d_sub 1400 : OOB 0.2054 : L 57 : T 92.4 sec
 - d_sub 1400 : OOB 0.2052 : L 58 : T 92.9 sec
 - d_sub 1400 : OOB 0.2051 : L 59 : T 94.4 sec
 - d_sub 1400 : OOB 0.2036 : L 60 : T 96.7 sec
 - d_sub 1400 : OOB 0.2044 : L 61 : T 98.1 sec
 - d_sub 1400 : OOB 0.2043 : L 62 : T 99.0 sec
 - d_sub 1400 : OOB 0.2036 : L 63 : T 100.8 sec
 - d_sub 1400 : OOB 0.2049 : L 64 : T 103.2 sec
 - d_sub 1400 : OOB 0.2038 : L 65 : T 105.7 sec
 - d_sub 1400 : OOB 0.2028 : L 66 : T 107.7 sec
 - d_sub 1400 : OOB 0.2042 : L 67 : T 109.5 sec
 - d_sub 1400 : OOB 0.2021 : L 68 : T 111.2 sec
 - d_sub 1400 : OOB 0.2018 : L 69 : T 112.4 sec
 - d_sub 1400 : OOB 0.2033 : L 70 : T 113.8 sec
 - d_sub 1400 : OOB 0.2025 : L 71 : T 114.7 sec
 - d_sub 1400 : OOB 0.2020 : L 72 : T 116.2 sec
 - d_sub 1400 : OOB 0.2032 : L 73 : T 117.2 sec
 - d_sub 1400 : OOB 0.2033 : L 74 : T 117.9 sec
 - d_sub 1400 : OOB 0.2036 : L 75 : T 120.9 sec
 - d_sub 1400 : OOB 0.2042 : L 76 : T 123.4 sec
 - d_sub 1400 : OOB 0.2046 : L 77 : T 123.8 sec
 - d_sub 1400 : OOB 0.2030 : L 78 : T 125.7 sec
 - d_sub 1400 : OOB 0.2028 : L 79 : T 126.7 sec
 - d_sub 1400 : OOB 0.2028 : L 80 : T 128.6 sec
 - d_sub 1400 : OOB 0.2027 : L 81 : T 129.8 sec
 - d_sub 1400 : OOB 0.2024 : L 82 : T 133.4 sec
 - d_sub 1400 : OOB 0.2015 : L 83 : T 135.0 sec
 - d_sub 1400 : OOB 0.2015 : L 84 : T 135.9 sec
 - d_sub 1400 : OOB 0.2041 : L 85 : T 136.7 sec
 - d_sub 1400 : OOB 0.2031 : L 86 : T 137.7 sec
 - d_sub 1400 : OOB 0.2029 : L 87 : T 139.2 sec
 - d_sub 1400 : OOB 0.2026 : L 88 : T 143.3 sec
 - d_sub 1400 : OOB 0.2022 : L 89 : T 144.2 sec
 - d_sub 1400 : OOB 0.2026 : L 90 : T 145.5 sec
 - d_sub 1400 : OOB 0.2020 : L 91 : T 148.1 sec
 - d_sub 1400 : OOB 0.2022 : L 92 : T 149.2 sec
 - d_sub 1400 : OOB 0.2030 : L 93 : T 151.2 sec

 - d_sub 1600 : OOB 0.4077 : L 1 : T 1.4 sec
 - d_sub 1600 : OOB 0.3501 : L 2 : T 2.8 sec
 - d_sub 1600 : OOB 0.3160 : L 3 : T 4.0 sec
 - d_sub 1600 : OOB 0.2880 : L 4 : T 6.1 sec
 - d_sub 1600 : OOB 0.2728 : L 5 : T 7.8 sec
 - d_sub 1600 : OOB 0.2562 : L 6 : T 12.0 sec
 - d_sub 1600 : OOB 0.2465 : L 7 : T 14.6 sec
 - d_sub 1600 : OOB 0.2397 : L 8 : T 16.4 sec
 - d_sub 1600 : OOB 0.2342 : L 9 : T 20.0 sec
 - d_sub 1600 : OOB 0.2271 : L 10 : T 21.1 sec
 - d_sub 1600 : OOB 0.2273 : L 11 : T 22.6 sec
 - d_sub 1600 : OOB 0.2237 : L 12 : T 24.0 sec
 - d_sub 1600 : OOB 0.2224 : L 13 : T 25.2 sec
 - d_sub 1600 : OOB 0.2201 : L 14 : T 27.3 sec
 - d_sub 1600 : OOB 0.2181 : L 15 : T 29.3 sec
 - d_sub 1600 : OOB 0.2187 : L 16 : T 31.3 sec
 - d_sub 1600 : OOB 0.2164 : L 17 : T 32.5 sec
 - d_sub 1600 : OOB 0.2181 : L 18 : T 34.1 sec
 - d_sub 1600 : OOB 0.2165 : L 19 : T 36.6 sec
 - d_sub 1600 : OOB 0.2162 : L 20 : T 38.3 sec
 - d_sub 1600 : OOB 0.2180 : L 21 : T 39.3 sec
 - d_sub 1600 : OOB 0.2158 : L 22 : T 41.5 sec
 - d_sub 1600 : OOB 0.2124 : L 23 : T 43.8 sec
 - d_sub 1600 : OOB 0.2126 : L 24 : T 44.4 sec
 - d_sub 1600 : OOB 0.2115 : L 25 : T 46.5 sec
 - d_sub 1600 : OOB 0.2113 : L 26 : T 47.7 sec
 - d_sub 1600 : OOB 0.2115 : L 27 : T 48.9 sec
 - d_sub 1600 : OOB 0.2100 : L 28 : T 50.2 sec
 - d_sub 1600 : OOB 0.2102 : L 29 : T 51.8 sec
 - d_sub 1600 : OOB 0.2113 : L 30 : T 53.0 sec
 - d_sub 1600 : OOB 0.2109 : L 31 : T 54.5 sec
 - d_sub 1600 : OOB 0.2104 : L 32 : T 56.5 sec
 - d_sub 1600 : OOB 0.2087 : L 33 : T 58.8 sec
 - d_sub 1600 : OOB 0.2085 : L 34 : T 60.2 sec
 - d_sub 1600 : OOB 0.2087 : L 35 : T 63.4 sec
 - d_sub 1600 : OOB 0.2090 : L 36 : T 64.8 sec
 - d_sub 1600 : OOB 0.2087 : L 37 : T 66.1 sec
 - d_sub 1600 : OOB 0.2082 : L 38 : T 68.9 sec
 - d_sub 1600 : OOB 0.2099 : L 39 : T 70.3 sec
 - d_sub 1600 : OOB 0.2072 : L 40 : T 72.7 sec
 - d_sub 1600 : OOB 0.2081 : L 41 : T 75.1 sec
 - d_sub 1600 : OOB 0.2061 : L 42 : T 78.9 sec
 - d_sub 1600 : OOB 0.2065 : L 43 : T 81.8 sec
 - d_sub 1600 : OOB 0.2063 : L 44 : T 83.1 sec
 - d_sub 1600 : OOB 0.2071 : L 45 : T 84.4 sec
 - d_sub 1600 : OOB 0.2055 : L 46 : T 86.3 sec
 - d_sub 1600 : OOB 0.2047 : L 47 : T 88.3 sec
 - d_sub 1600 : OOB 0.2045 : L 48 : T 89.6 sec
 - d_sub 1600 : OOB 0.2054 : L 49 : T 92.3 sec
 - d_sub 1600 : OOB 0.2056 : L 50 : T 93.5 sec
 - d_sub 1600 : OOB 0.2039 : L 51 : T 95.0 sec
 - d_sub 1600 : OOB 0.2055 : L 52 : T 96.4 sec
 - d_sub 1600 : OOB 0.2049 : L 53 : T 98.6 sec
 - d_sub 1600 : OOB 0.2031 : L 54 : T 100.7 sec
 - d_sub 1600 : OOB 0.2027 : L 55 : T 101.9 sec
 - d_sub 1600 : OOB 0.2018 : L 56 : T 104.2 sec
 - d_sub 1600 : OOB 0.2024 : L 57 : T 107.4 sec
 - d_sub 1600 : OOB 0.2023 : L 58 : T 109.4 sec
 - d_sub 1600 : OOB 0.2027 : L 59 : T 111.2 sec
 - d_sub 1600 : OOB 0.2042 : L 60 : T 112.6 sec
 - d_sub 1600 : OOB 0.2026 : L 61 : T 115.3 sec
 - d_sub 1600 : OOB 0.2027 : L 62 : T 117.6 sec
 - d_sub 1600 : OOB 0.2033 : L 63 : T 119.1 sec
 - d_sub 1600 : OOB 0.2030 : L 64 : T 121.4 sec
 - d_sub 1600 : OOB 0.2036 : L 65 : T 122.9 sec
 - d_sub 1600 : OOB 0.2035 : L 66 : T 124.1 sec
 - d_sub 1600 : OOB 0.2021 : L 67 : T 125.2 sec
 - d_sub 1600 : OOB 0.2023 : L 68 : T 130.6 sec
 - d_sub 1600 : OOB 0.2016 : L 69 : T 133.5 sec
 - d_sub 1600 : OOB 0.2018 : L 70 : T 134.9 sec
 - d_sub 1600 : OOB 0.2007 : L 71 : T 136.8 sec
 - d_sub 1600 : OOB 0.1995 : L 72 : T 137.9 sec
 - d_sub 1600 : OOB 0.2000 : L 73 : T 139.5 sec
 - d_sub 1600 : OOB 0.2004 : L 74 : T 142.9 sec
 - d_sub 1600 : OOB 0.2006 : L 75 : T 145.0 sec
 - d_sub 1600 : OOB 0.2007 : L 76 : T 148.2 sec
 - d_sub 1600 : OOB 0.2013 : L 77 : T 151.2 sec
 - d_sub 1600 : OOB 0.2020 : L 78 : T 152.5 sec
 - d_sub 1600 : OOB 0.2009 : L 79 : T 154.5 sec
 - d_sub 1600 : OOB 0.2013 : L 80 : T 156.6 sec
 - d_sub 1600 : OOB 0.2019 : L 81 : T 158.8 sec
 - d_sub 1600 : OOB 0.2004 : L 82 : T 161.8 sec
 - d_sub 1600 : OOB 0.1999 : L 83 : T 163.7 sec
 - d_sub 1600 : OOB 0.1997 : L 84 : T 164.5 sec
 - d_sub 1600 : OOB 0.1999 : L 85 : T 166.4 sec
 - d_sub 1600 : OOB 0.1997 : L 86 : T 169.4 sec
 - d_sub 1600 : OOB 0.2003 : L 87 : T 172.2 sec
 - d_sub 1600 : OOB 0.2000 : L 88 : T 173.2 sec
 - d_sub 1600 : OOB 0.2002 : L 89 : T 175.2 sec
 - d_sub 1600 : OOB 0.2004 : L 90 : T 177.1 sec
 - d_sub 1600 : OOB 0.1997 : L 91 : T 178.2 sec
 - d_sub 1600 : OOB 0.2000 : L 92 : T 179.5 sec
 - d_sub 1600 : OOB 0.1999 : L 93 : T 184.1 sec
 - d_sub 1600 : OOB 0.2002 : L 94 : T 186.6 sec
 - d_sub 1600 : OOB 0.1985 : L 95 : T 188.5 sec
 - d_sub 1600 : OOB 0.1997 : L 96 : T 189.5 sec
 - d_sub 1600 : OOB 0.2000 : L 97 : T 191.6 sec
 - d_sub 1600 : OOB 0.2007 : L 98 : T 192.9 sec
 - d_sub 1600 : OOB 0.1997 : L 99 : T 195.6 sec

 - d_sub 1800 : OOB 0.4089 : L 1 : T 2.5 sec
 - d_sub 1800 : OOB 0.3545 : L 2 : T 4.3 sec
 - d_sub 1800 : OOB 0.3204 : L 3 : T 7.1 sec
 - d_sub 1800 : OOB 0.2976 : L 4 : T 9.7 sec
 - d_sub 1800 : OOB 0.2782 : L 5 : T 11.6 sec
 - d_sub 1800 : OOB 0.2675 : L 6 : T 13.2 sec
 - d_sub 1800 : OOB 0.2530 : L 7 : T 18.6 sec
 - d_sub 1800 : OOB 0.2500 : L 8 : T 21.4 sec
 - d_sub 1800 : OOB 0.2430 : L 9 : T 22.8 sec
 - d_sub 1800 : OOB 0.2385 : L 10 : T 24.9 sec
 - d_sub 1800 : OOB 0.2353 : L 11 : T 27.7 sec
 - d_sub 1800 : OOB 0.2346 : L 12 : T 29.1 sec
 - d_sub 1800 : OOB 0.2324 : L 13 : T 31.7 sec
 - d_sub 1800 : OOB 0.2282 : L 14 : T 35.5 sec
 - d_sub 1800 : OOB 0.2292 : L 15 : T 36.9 sec
 - d_sub 1800 : OOB 0.2250 : L 16 : T 39.1 sec
 - d_sub 1800 : OOB 0.2227 : L 17 : T 40.6 sec
 - d_sub 1800 : OOB 0.2226 : L 18 : T 42.0 sec
 - d_sub 1800 : OOB 0.2215 : L 19 : T 44.5 sec
 - d_sub 1800 : OOB 0.2206 : L 20 : T 46.8 sec
 - d_sub 1800 : OOB 0.2176 : L 21 : T 48.7 sec
 - d_sub 1800 : OOB 0.2194 : L 22 : T 50.3 sec
 - d_sub 1800 : OOB 0.2198 : L 23 : T 52.3 sec
 - d_sub 1800 : OOB 0.2178 : L 24 : T 55.1 sec
 - d_sub 1800 : OOB 0.2165 : L 25 : T 56.5 sec
 - d_sub 1800 : OOB 0.2159 : L 26 : T 57.9 sec
 - d_sub 1800 : OOB 0.2162 : L 27 : T 59.3 sec
 - d_sub 1800 : OOB 0.2157 : L 28 : T 62.2 sec
 - d_sub 1800 : OOB 0.2162 : L 29 : T 63.5 sec
 - d_sub 1800 : OOB 0.2153 : L 30 : T 64.9 sec
 - d_sub 1800 : OOB 0.2130 : L 31 : T 67.6 sec
 - d_sub 1800 : OOB 0.2137 : L 32 : T 69.6 sec
 - d_sub 1800 : OOB 0.2133 : L 33 : T 71.0 sec
 - d_sub 1800 : OOB 0.2128 : L 34 : T 73.6 sec
 - d_sub 1800 : OOB 0.2120 : L 35 : T 74.5 sec
 - d_sub 1800 : OOB 0.2128 : L 36 : T 76.7 sec
 - d_sub 1800 : OOB 0.2126 : L 37 : T 78.8 sec
 - d_sub 1800 : OOB 0.2127 : L 38 : T 80.7 sec
 - d_sub 1800 : OOB 0.2124 : L 39 : T 82.9 sec
 - d_sub 1800 : OOB 0.2096 : L 40 : T 85.1 sec
 - d_sub 1800 : OOB 0.2106 : L 41 : T 86.6 sec
 - d_sub 1800 : OOB 0.2078 : L 42 : T 88.3 sec
 - d_sub 1800 : OOB 0.2077 : L 43 : T 90.4 sec
 - d_sub 1800 : OOB 0.2079 : L 44 : T 92.6 sec
 - d_sub 1800 : OOB 0.2086 : L 45 : T 95.2 sec
 - d_sub 1800 : OOB 0.2078 : L 46 : T 97.9 sec
 - d_sub 1800 : OOB 0.2069 : L 47 : T 100.0 sec
 - d_sub 1800 : OOB 0.2062 : L 48 : T 102.8 sec
 - d_sub 1800 : OOB 0.2058 : L 49 : T 106.4 sec
 - d_sub 1800 : OOB 0.2059 : L 50 : T 107.5 sec
 - d_sub 1800 : OOB 0.2048 : L 51 : T 108.6 sec
 - d_sub 1800 : OOB 0.2047 : L 52 : T 110.5 sec
 - d_sub 1800 : OOB 0.2056 : L 53 : T 112.7 sec
 - d_sub 1800 : OOB 0.2038 : L 54 : T 115.4 sec
 - d_sub 1800 : OOB 0.2050 : L 55 : T 117.5 sec
 - d_sub 1800 : OOB 0.2050 : L 56 : T 120.9 sec
 - d_sub 1800 : OOB 0.2066 : L 57 : T 122.4 sec
 - d_sub 1800 : OOB 0.2046 : L 58 : T 124.5 sec
 - d_sub 1800 : OOB 0.2036 : L 59 : T 126.5 sec
 - d_sub 1800 : OOB 0.2031 : L 60 : T 128.0 sec
 - d_sub 1800 : OOB 0.2048 : L 61 : T 130.1 sec
 - d_sub 1800 : OOB 0.2036 : L 62 : T 131.8 sec
 - d_sub 1800 : OOB 0.2034 : L 63 : T 133.2 sec
 - d_sub 1800 : OOB 0.2035 : L 64 : T 135.0 sec
 - d_sub 1800 : OOB 0.2038 : L 65 : T 136.4 sec
 - d_sub 1800 : OOB 0.2023 : L 66 : T 137.7 sec
 - d_sub 1800 : OOB 0.2020 : L 67 : T 140.8 sec
 - d_sub 1800 : OOB 0.2015 : L 68 : T 142.3 sec
 - d_sub 1800 : OOB 0.2032 : L 69 : T 144.3 sec
 - d_sub 1800 : OOB 0.2024 : L 70 : T 146.4 sec
 - d_sub 1800 : OOB 0.2023 : L 71 : T 148.0 sec
 - d_sub 1800 : OOB 0.2015 : L 72 : T 150.6 sec
 - d_sub 1800 : OOB 0.2011 : L 73 : T 152.3 sec
 - d_sub 1800 : OOB 0.2012 : L 74 : T 154.6 sec
 - d_sub 1800 : OOB 0.2028 : L 75 : T 156.9 sec
 - d_sub 1800 : OOB 0.2015 : L 76 : T 158.4 sec
 - d_sub 1800 : OOB 0.2006 : L 77 : T 161.1 sec
 - d_sub 1800 : OOB 0.2011 : L 78 : T 163.3 sec
 - d_sub 1800 : OOB 0.2024 : L 79 : T 164.7 sec
 - d_sub 1800 : OOB 0.2027 : L 80 : T 166.8 sec
 - d_sub 1800 : OOB 0.2025 : L 81 : T 167.7 sec
 - d_sub 1800 : OOB 0.2003 : L 82 : T 169.3 sec
 - d_sub 1800 : OOB 0.2009 : L 83 : T 171.4 sec
 - d_sub 1800 : OOB 0.2018 : L 84 : T 172.9 sec
 - d_sub 1800 : OOB 0.2015 : L 85 : T 175.7 sec
 - d_sub 1800 : OOB 0.2012 : L 86 : T 177.8 sec
 - d_sub 1800 : OOB 0.2017 : L 87 : T 179.8 sec
 - d_sub 1800 : OOB 0.2014 : L 88 : T 182.8 sec
 - d_sub 1800 : OOB 0.2024 : L 89 : T 187.2 sec
 - d_sub 1800 : OOB 0.2025 : L 90 : T 189.8 sec
 - d_sub 1800 : OOB 0.2020 : L 91 : T 192.7 sec
 - d_sub 1800 : OOB 0.2019 : L 92 : T 194.7 sec
 - d_sub 1800 : OOB 0.2006 : L 93 : T 196.1 sec
 - d_sub 1800 : OOB 0.2020 : L 94 : T 197.7 sec
 - d_sub 1800 : OOB 0.2032 : L 95 : T 199.0 sec
 - d_sub 1800 : OOB 0.2021 : L 96 : T 201.6 sec

 - d_sub 2000 : OOB 0.4106 : L 1 : T 1.4 sec
 - d_sub 2000 : OOB 0.3535 : L 2 : T 3.0 sec
 - d_sub 2000 : OOB 0.3248 : L 3 : T 6.4 sec
 - d_sub 2000 : OOB 0.2974 : L 4 : T 8.7 sec
 - d_sub 2000 : OOB 0.2816 : L 5 : T 12.4 sec
 - d_sub 2000 : OOB 0.2690 : L 6 : T 13.6 sec
 - d_sub 2000 : OOB 0.2558 : L 7 : T 16.2 sec
 - d_sub 2000 : OOB 0.2492 : L 8 : T 18.7 sec
 - d_sub 2000 : OOB 0.2455 : L 9 : T 20.3 sec
 - d_sub 2000 : OOB 0.2404 : L 10 : T 21.8 sec
 - d_sub 2000 : OOB 0.2398 : L 11 : T 23.3 sec
 - d_sub 2000 : OOB 0.2402 : L 12 : T 24.8 sec
 - d_sub 2000 : OOB 0.2360 : L 13 : T 26.9 sec
 - d_sub 2000 : OOB 0.2312 : L 14 : T 28.7 sec
 - d_sub 2000 : OOB 0.2272 : L 15 : T 30.8 sec
 - d_sub 2000 : OOB 0.2285 : L 16 : T 34.1 sec
 - d_sub 2000 : OOB 0.2219 : L 17 : T 36.8 sec
 - d_sub 2000 : OOB 0.2214 : L 18 : T 40.0 sec
 - d_sub 2000 : OOB 0.2212 : L 19 : T 41.6 sec
 - d_sub 2000 : OOB 0.2197 : L 20 : T 43.9 sec
 - d_sub 2000 : OOB 0.2174 : L 21 : T 46.0 sec
 - d_sub 2000 : OOB 0.2207 : L 22 : T 48.0 sec
 - d_sub 2000 : OOB 0.2213 : L 23 : T 51.8 sec
 - d_sub 2000 : OOB 0.2181 : L 24 : T 54.2 sec
 - d_sub 2000 : OOB 0.2154 : L 25 : T 56.4 sec
 - d_sub 2000 : OOB 0.2129 : L 26 : T 57.9 sec
 - d_sub 2000 : OOB 0.2137 : L 27 : T 59.4 sec
 - d_sub 2000 : OOB 0.2124 : L 28 : T 60.9 sec
 - d_sub 2000 : OOB 0.2149 : L 29 : T 64.1 sec
 - d_sub 2000 : OOB 0.2126 : L 30 : T 67.5 sec
 - d_sub 2000 : OOB 0.2114 : L 31 : T 70.2 sec
 - d_sub 2000 : OOB 0.2090 : L 32 : T 71.7 sec
 - d_sub 2000 : OOB 0.2096 : L 33 : T 73.7 sec
 - d_sub 2000 : OOB 0.2109 : L 34 : T 77.9 sec
 - d_sub 2000 : OOB 0.2106 : L 35 : T 79.2 sec
 - d_sub 2000 : OOB 0.2103 : L 36 : T 81.3 sec
 - d_sub 2000 : OOB 0.2090 : L 37 : T 83.6 sec
 - d_sub 2000 : OOB 0.2086 : L 38 : T 85.9 sec
 - d_sub 2000 : OOB 0.2103 : L 39 : T 90.0 sec
 - d_sub 2000 : OOB 0.2094 : L 40 : T 92.3 sec
 - d_sub 2000 : OOB 0.2078 : L 41 : T 96.5 sec
 - d_sub 2000 : OOB 0.2069 : L 42 : T 101.0 sec
 - d_sub 2000 : OOB 0.2064 : L 43 : T 103.5 sec
 - d_sub 2000 : OOB 0.2066 : L 44 : T 105.8 sec
 - d_sub 2000 : OOB 0.2062 : L 45 : T 107.7 sec
 - d_sub 2000 : OOB 0.2060 : L 46 : T 111.0 sec
 - d_sub 2000 : OOB 0.2072 : L 47 : T 113.5 sec
 - d_sub 2000 : OOB 0.2048 : L 48 : T 116.4 sec
 - d_sub 2000 : OOB 0.2065 : L 49 : T 120.0 sec
 - d_sub 2000 : OOB 0.2045 : L 50 : T 122.9 sec
 - d_sub 2000 : OOB 0.2028 : L 51 : T 126.0 sec
 - d_sub 2000 : OOB 0.2019 : L 52 : T 129.4 sec
 - d_sub 2000 : OOB 0.2038 : L 53 : T 132.3 sec
 - d_sub 2000 : OOB 0.2032 : L 54 : T 133.6 sec
 - d_sub 2000 : OOB 0.2042 : L 55 : T 136.2 sec
 - d_sub 2000 : OOB 0.2036 : L 56 : T 139.2 sec
 - d_sub 2000 : OOB 0.2030 : L 57 : T 141.9 sec
 - d_sub 2000 : OOB 0.2014 : L 58 : T 144.5 sec
 - d_sub 2000 : OOB 0.2016 : L 59 : T 146.0 sec
 - d_sub 2000 : OOB 0.2026 : L 60 : T 150.7 sec
 - d_sub 2000 : OOB 0.2014 : L 61 : T 153.5 sec
 - d_sub 2000 : OOB 0.2021 : L 62 : T 155.8 sec
 - d_sub 2000 : OOB 0.2024 : L 63 : T 158.8 sec
 - d_sub 2000 : OOB 0.2031 : L 64 : T 160.1 sec
 - d_sub 2000 : OOB 0.2018 : L 65 : T 163.4 sec
 - d_sub 2000 : OOB 0.2019 : L 66 : T 165.6 sec
 - d_sub 2000 : OOB 0.2029 : L 67 : T 167.6 sec
 - d_sub 2000 : OOB 0.2022 : L 68 : T 169.8 sec
 - d_sub 2000 : OOB 0.2021 : L 69 : T 171.3 sec
 - d_sub 2000 : OOB 0.2023 : L 70 : T 172.8 sec
 - d_sub 2000 : OOB 0.2027 : L 71 : T 175.3 sec
 - d_sub 2000 : OOB 0.2031 : L 72 : T 177.4 sec
 - d_sub 2000 : OOB 0.2033 : L 73 : T 181.6 sec
 - d_sub 2000 : OOB 0.2038 : L 74 : T 183.0 sec
 - d_sub 2000 : OOB 0.2027 : L 75 : T 185.8 sec
 - d_sub 2000 : OOB 0.2015 : L 76 : T 187.0 sec
 - d_sub 2000 : OOB 0.2026 : L 77 : T 188.3 sec
 - d_sub 2000 : OOB 0.2022 : L 78 : T 192.3 sec
 - d_sub 2000 : OOB 0.2038 : L 79 : T 195.4 sec
 - d_sub 2000 : OOB 0.2015 : L 80 : T 196.6 sec
 - d_sub 2000 : OOB 0.2025 : L 81 : T 199.0 sec
 - d_sub 2000 : OOB 0.2022 : L 82 : T 202.4 sec
 - d_sub 2000 : OOB 0.2020 : L 83 : T 204.5 sec
 - d_sub 2000 : OOB 0.2016 : L 84 : T 208.2 sec
 - d_sub 2000 : OOB 0.2002 : L 85 : T 209.5 sec
 - d_sub 2000 : OOB 0.2018 : L 86 : T 210.9 sec
 - d_sub 2000 : OOB 0.2018 : L 87 : T 213.0 sec
 - d_sub 2000 : OOB 0.2022 : L 88 : T 216.8 sec
 - d_sub 2000 : OOB 0.2023 : L 89 : T 219.4 sec
 - d_sub 2000 : OOB 0.2010 : L 90 : T 221.0 sec
 - d_sub 2000 : OOB 0.2009 : L 91 : T 223.9 sec
 - d_sub 2000 : OOB 0.2016 : L 92 : T 226.5 sec
 - d_sub 2000 : OOB 0.2024 : L 93 : T 229.2 sec
# -------------------------
optimal d_sub 1600 : OOB 0.1997 : L 99 : T 1087.9 sec
Testing error: 0.1975
# -------------------------
# Ensemble classification
#  - Training samples: 10000 (5000/5000)
#  - Feature-space dimensionality: 24157
#  - L : automatic (min 25, max 500, length 50, eps 0.00500)
#  - d_sub : 300
#  - Seed 1 (subspaces) : 648249125
#  - Seed 2 (bootstrap) : 369184694
# -------------------------

 - d_sub 300 : OOB 0.4185 : L 1 : T 0.1 sec
 - d_sub 300 : OOB 0.3679 : L 2 : T 0.1 sec
 - d_sub 300 : OOB 0.3406 : L 3 : T 0.2 sec
 - d_sub 300 : OOB 0.3151 : L 4 : T 0.2 sec
 - d_sub 300 : OOB 0.3023 : L 5 : T 0.3 sec
 - d_sub 300 : OOB 0.2930 : L 6 : T 0.3 sec
 - d_sub 300 : OOB 0.2854 : L 7 : T 0.4 sec
 - d_sub 300 : OOB 0.2817 : L 8 : T 0.5 sec
 - d_sub 300 : OOB 0.2765 : L 9 : T 0.5 sec
 - d_sub 300 : OOB 0.2700 : L 10 : T 0.6 sec
 - d_sub 300 : OOB 0.2697 : L 11 : T 0.6 sec
 - d_sub 300 : OOB 0.2681 : L 12 : T 0.7 sec
 - d_sub 300 : OOB 0.2672 : L 13 : T 0.7 sec
 - d_sub 300 : OOB 0.2626 : L 14 : T 0.8 sec
 - d_sub 300 : OOB 0.2579 : L 15 : T 0.8 sec
 - d_sub 300 : OOB 0.2588 : L 16 : T 0.9 sec
 - d_sub 300 : OOB 0.2564 : L 17 : T 1.0 sec
 - d_sub 300 : OOB 0.2559 : L 18 : T 1.0 sec
 - d_sub 300 : OOB 0.2543 : L 19 : T 1.1 sec
 - d_sub 300 : OOB 0.2541 : L 20 : T 1.1 sec
 - d_sub 300 : OOB 0.2521 : L 21 : T 1.2 sec
 - d_sub 300 : OOB 0.2537 : L 22 : T 1.2 sec
 - d_sub 300 : OOB 0.2547 : L 23 : T 1.3 sec
 - d_sub 300 : OOB 0.2522 : L 24 : T 1.3 sec
 - d_sub 300 : OOB 0.2523 : L 25 : T 1.4 sec
 - d_sub 300 : OOB 0.2528 : L 26 : T 1.5 sec
 - d_sub 300 : OOB 0.2518 : L 27 : T 1.5 sec
 - d_sub 300 : OOB 0.2508 : L 28 : T 1.6 sec
 - d_sub 300 : OOB 0.2491 : L 29 : T 1.6 sec
 - d_sub 300 : OOB 0.2489 : L 30 : T 1.7 sec
 - d_sub 300 : OOB 0.2494 : L 31 : T 1.8 sec
 - d_sub 300 : OOB 0.2485 : L 32 : T 1.8 sec
 - d_sub 300 : OOB 0.2499 : L 33 : T 1.9 sec
 - d_sub 300 : OOB 0.2499 : L 34 : T 2.0 sec
 - d_sub 300 : OOB 0.2486 : L 35 : T 2.1 sec
 - d_sub 300 : OOB 0.2481 : L 36 : T 2.2 sec
 - d_sub 300 : OOB 0.2488 : L 37 : T 2.3 sec
 - d_sub 300 : OOB 0.2486 : L 38 : T 2.3 sec
 - d_sub 300 : OOB 0.2466 : L 39 : T 2.4 sec
 - d_sub 300 : OOB 0.2448 : L 40 : T 2.5 sec
 - d_sub 300 : OOB 0.2476 : L 41 : T 2.6 sec
 - d_sub 300 : OOB 0.2471 : L 42 : T 2.7 sec
 - d_sub 300 : OOB 0.2459 : L 43 : T 2.7 sec
 - d_sub 300 : OOB 0.2470 : L 44 : T 2.8 sec
 - d_sub 300 : OOB 0.2466 : L 45 : T 2.9 sec
 - d_sub 300 : OOB 0.2448 : L 46 : T 3.0 sec
 - d_sub 300 : OOB 0.2459 : L 47 : T 3.1 sec
 - d_sub 300 : OOB 0.2463 : L 48 : T 3.5 sec
 - d_sub 300 : OOB 0.2466 : L 49 : T 3.5 sec
 - d_sub 300 : OOB 0.2455 : L 50 : T 3.6 sec
 - d_sub 300 : OOB 0.2462 : L 51 : T 3.8 sec
 - d_sub 300 : OOB 0.2454 : L 52 : T 4.5 sec
 - d_sub 300 : OOB 0.2441 : L 53 : T 4.6 sec
 - d_sub 300 : OOB 0.2445 : L 54 : T 4.6 sec
 - d_sub 300 : OOB 0.2442 : L 55 : T 4.7 sec
 - d_sub 300 : OOB 0.2430 : L 56 : T 4.7 sec
 - d_sub 300 : OOB 0.2435 : L 57 : T 4.8 sec
 - d_sub 300 : OOB 0.2442 : L 58 : T 4.9 sec
 - d_sub 300 : OOB 0.2447 : L 59 : T 4.9 sec
 - d_sub 300 : OOB 0.2447 : L 60 : T 5.0 sec
 - d_sub 300 : OOB 0.2446 : L 61 : T 5.0 sec
 - d_sub 300 : OOB 0.2439 : L 62 : T 5.1 sec
 - d_sub 300 : OOB 0.2437 : L 63 : T 5.1 sec
 - d_sub 300 : OOB 0.2439 : L 64 : T 5.2 sec
 - d_sub 300 : OOB 0.2429 : L 65 : T 5.3 sec
 - d_sub 300 : OOB 0.2447 : L 66 : T 5.3 sec
 - d_sub 300 : OOB 0.2441 : L 67 : T 6.0 sec
 - d_sub 300 : OOB 0.2443 : L 68 : T 6.1 sec
 - d_sub 300 : OOB 0.2444 : L 69 : T 6.9 sec
 - d_sub 300 : OOB 0.2434 : L 70 : T 7.6 sec
 - d_sub 300 : OOB 0.2435 : L 71 : T 7.6 sec
 - d_sub 300 : OOB 0.2429 : L 72 : T 8.4 sec
 - d_sub 300 : OOB 0.2432 : L 73 : T 8.5 sec
 - d_sub 300 : OOB 0.2432 : L 74 : T 8.6 sec
 - d_sub 300 : OOB 0.2438 : L 75 : T 8.6 sec
 - d_sub 300 : OOB 0.2428 : L 76 : T 8.7 sec
 - d_sub 300 : OOB 0.2439 : L 77 : T 8.7 sec
 - d_sub 300 : OOB 0.2436 : L 78 : T 8.8 sec
 - d_sub 300 : OOB 0.2429 : L 79 : T 8.9 sec
 - d_sub 300 : OOB 0.2434 : L 80 : T 8.9 sec
 - d_sub 300 : OOB 0.2429 : L 81 : T 9.0 sec
 - d_sub 300 : OOB 0.2425 : L 82 : T 9.0 sec
 - d_sub 300 : OOB 0.2436 : L 83 : T 9.1 sec
 - d_sub 300 : OOB 0.2439 : L 84 : T 9.1 sec
 - d_sub 300 : OOB 0.2435 : L 85 : T 9.2 sec
# -------------------------
optimal d_sub 300 : OOB 0.2435 : L 85 : T 9.2 sec
# -------------------------
# Ensemble classification
#  - Training samples: 10000 (5000/5000)
#  - Feature-space dimensionality: 24157
#  - L : 30
#  - d_sub : 300
#  - Seed 1 (subspaces) : 509321382
#  - Seed 2 (bootstrap) : 235545384
# -------------------------

 - d_sub 300 : OOB 0.4188 : L 1 : T 0.1 sec
 - d_sub 300 : OOB 0.3655 : L 2 : T 0.1 sec
 - d_sub 300 : OOB 0.3374 : L 3 : T 0.2 sec
 - d_sub 300 : OOB 0.3136 : L 4 : T 0.2 sec
 - d_sub 300 : OOB 0.2987 : L 5 : T 0.3 sec
 - d_sub 300 : OOB 0.2897 : L 6 : T 0.3 sec
 - d_sub 300 : OOB 0.2858 : L 7 : T 0.4 sec
 - d_sub 300 : OOB 0.2791 : L 8 : T 0.4 sec
 - d_sub 300 : OOB 0.2745 : L 9 : T 0.5 sec
 - d_sub 300 : OOB 0.2675 : L 10 : T 0.6 sec
 - d_sub 300 : OOB 0.2672 : L 11 : T 0.6 sec
 - d_sub 300 : OOB 0.2655 : L 12 : T 0.7 sec
 - d_sub 300 : OOB 0.2654 : L 13 : T 1.3 sec
 - d_sub 300 : OOB 0.2587 : L 14 : T 2.1 sec
 - d_sub 300 : OOB 0.2563 : L 15 : T 2.1 sec
 - d_sub 300 : OOB 0.2573 : L 16 : T 2.2 sec
 - d_sub 300 : OOB 0.2557 : L 17 : T 2.3 sec
 - d_sub 300 : OOB 0.2548 : L 18 : T 2.3 sec
 - d_sub 300 : OOB 0.2533 : L 19 : T 2.4 sec
 - d_sub 300 : OOB 0.2517 : L 20 : T 2.4 sec
 - d_sub 300 : OOB 0.2503 : L 21 : T 2.5 sec
 - d_sub 300 : OOB 0.2520 : L 22 : T 2.5 sec
 - d_sub 300 : OOB 0.2511 : L 23 : T 2.6 sec
 - d_sub 300 : OOB 0.2476 : L 24 : T 2.6 sec
 - d_sub 300 : OOB 0.2492 : L 25 : T 2.7 sec
 - d_sub 300 : OOB 0.2495 : L 26 : T 2.8 sec
 - d_sub 300 : OOB 0.2477 : L 27 : T 2.8 sec
 - d_sub 300 : OOB 0.2463 : L 28 : T 2.9 sec
 - d_sub 300 : OOB 0.2455 : L 29 : T 2.9 sec
 - d_sub 300 : OOB 0.2479 : L 30 : T 3.0 sec
# -------------------------
optimal d_sub 300 : OOB 0.2479 : L 30 : T 3.0 sec
# -------------------------
# Ensemble classification
#  - Training samples: 10000 (5000/5000)
#  - Feature-space dimensionality: 24157
#  - L : 30
#  - d_sub : 300
#  - Seed 1 (subspaces) : 432799396
#  - Seed 2 (bootstrap) : 407632319
# -------------------------

 - d_sub 300 : OOB 0.4116 : L 1 : T 0.1 sec
 - d_sub 300 : OOB 0.3619 : L 2 : T 0.1 sec
 - d_sub 300 : OOB 0.3328 : L 3 : T 0.2 sec
 - d_sub 300 : OOB 0.3079 : L 4 : T 0.2 sec
 - d_sub 300 : OOB 0.2936 : L 5 : T 0.3 sec
 - d_sub 300 : OOB 0.2860 : L 6 : T 0.4 sec
 - d_sub 300 : OOB 0.2805 : L 7 : T 0.4 sec
 - d_sub 300 : OOB 0.2784 : L 8 : T 0.5 sec
 - d_sub 300 : OOB 0.2781 : L 9 : T 0.5 sec
 - d_sub 300 : OOB 0.2716 : L 10 : T 1.2 sec
 - d_sub 300 : OOB 0.2689 : L 11 : T 1.2 sec
 - d_sub 300 : OOB 0.2659 : L 12 : T 1.3 sec
 - d_sub 300 : OOB 0.2636 : L 13 : T 1.3 sec
 - d_sub 300 : OOB 0.2598 : L 14 : T 1.4 sec
 - d_sub 300 : OOB 0.2612 : L 15 : T 1.4 sec
 - d_sub 300 : OOB 0.2600 : L 16 : T 1.5 sec
 - d_sub 300 : OOB 0.2590 : L 17 : T 1.6 sec
 - d_sub 300 : OOB 0.2573 : L 18 : T 1.6 sec
 - d_sub 300 : OOB 0.2571 : L 19 : T 2.5 sec
 - d_sub 300 : OOB 0.2553 : L 20 : T 2.5 sec
 - d_sub 300 : OOB 0.2574 : L 21 : T 2.6 sec
 - d_sub 300 : OOB 0.2534 : L 22 : T 2.6 sec
 - d_sub 300 : OOB 0.2537 : L 23 : T 2.7 sec
 - d_sub 300 : OOB 0.2559 : L 24 : T 2.8 sec
 - d_sub 300 : OOB 0.2521 : L 25 : T 2.8 sec
 - d_sub 300 : OOB 0.2522 : L 26 : T 2.9 sec
 - d_sub 300 : OOB 0.2517 : L 27 : T 2.9 sec
 - d_sub 300 : OOB 0.2507 : L 28 : T 3.0 sec
 - d_sub 300 : OOB 0.2492 : L 29 : T 3.0 sec
 - d_sub 300 : OOB 0.2502 : L 30 : T 3.1 sec
# -------------------------
optimal d_sub 300 : OOB 0.2502 : L 30 : T 3.1 sec
# -------------------------
# Ensemble classification
#  - Training samples: 10000 (5000/5000)
#  - Feature-space dimensionality: 24157
#  - L : 30
#  - d_sub : 300
#  - Seed 1 (subspaces) : 575426680
#  - Seed 2 (bootstrap) : 167235789
# -------------------------

 - d_sub 300 : OOB 0.4175 : L 1 : T 0.1 sec
 - d_sub 300 : OOB 0.3643 : L 2 : T 0.1 sec
 - d_sub 300 : OOB 0.3355 : L 3 : T 0.2 sec
 - d_sub 300 : OOB 0.3098 : L 4 : T 0.2 sec
 - d_sub 300 : OOB 0.2942 : L 5 : T 0.3 sec
 - d_sub 300 : OOB 0.2859 : L 6 : T 0.3 sec
 - d_sub 300 : OOB 0.2760 : L 7 : T 0.4 sec
 - d_sub 300 : OOB 0.2724 : L 8 : T 0.5 sec
 - d_sub 300 : OOB 0.2700 : L 9 : T 0.5 sec
 - d_sub 300 : OOB 0.2643 : L 10 : T 0.6 sec
 - d_sub 300 : OOB 0.2637 : L 11 : T 0.6 sec
 - d_sub 300 : OOB 0.2654 : L 12 : T 0.7 sec
 - d_sub 300 : OOB 0.2657 : L 13 : T 0.7 sec
 - d_sub 300 : OOB 0.2612 : L 14 : T 0.8 sec
 - d_sub 300 : OOB 0.2612 : L 15 : T 0.9 sec
 - d_sub 300 : OOB 0.2584 : L 16 : T 0.9 sec
 - d_sub 300 : OOB 0.2568 : L 17 : T 1.0 sec
 - d_sub 300 : OOB 0.2554 : L 18 : T 1.0 sec
 - d_sub 300 : OOB 0.2544 : L 19 : T 1.1 sec
 - d_sub 300 : OOB 0.2541 : L 20 : T 1.1 sec
 - d_sub 300 : OOB 0.2517 : L 21 : T 1.2 sec
 - d_sub 300 : OOB 0.2518 : L 22 : T 1.3 sec
 - d_sub 300 : OOB 0.2539 : L 23 : T 1.3 sec
 - d_sub 300 : OOB 0.2525 : L 24 : T 1.4 sec
 - d_sub 300 : OOB 0.2521 : L 25 : T 2.2 sec
 - d_sub 300 : OOB 0.2508 : L 26 : T 3.1 sec
 - d_sub 300 : OOB 0.2511 : L 27 : T 3.2 sec
 - d_sub 300 : OOB 0.2486 : L 28 : T 3.2 sec
 - d_sub 300 : OOB 0.2504 : L 29 : T 3.3 sec
 - d_sub 300 : OOB 0.2486 : L 30 : T 3.3 sec
# -------------------------
optimal d_sub 300 : OOB 0.2486 : L 30 : T 3.3 sec
# -------------------------
# Ensemble classification
#  - Training samples: 10000 (5000/5000)
#  - Feature-space dimensionality: 24157
#  - L : 30
#  - d_sub : 300
#  - Seed 1 (subspaces) : 565772882
#  - Seed 2 (bootstrap) : 692982149
# -------------------------

 - d_sub 300 : OOB 0.4095 : L 1 : T 0.1 sec
 - d_sub 300 : OOB 0.3593 : L 2 : T 0.1 sec
 - d_sub 300 : OOB 0.3318 : L 3 : T 0.2 sec
 - d_sub 300 : OOB 0.3118 : L 4 : T 0.2 sec
 - d_sub 300 : OOB 0.2927 : L 5 : T 0.3 sec
 - d_sub 300 : OOB 0.2840 : L 6 : T 0.3 sec
 - d_sub 300 : OOB 0.2791 : L 7 : T 0.4 sec
 - d_sub 300 : OOB 0.2749 : L 8 : T 0.5 sec
 - d_sub 300 : OOB 0.2722 : L 9 : T 0.5 sec
 - d_sub 300 : OOB 0.2651 : L 10 : T 0.6 sec
 - d_sub 300 : OOB 0.2626 : L 11 : T 0.6 sec
 - d_sub 300 : OOB 0.2615 : L 12 : T 0.7 sec
 - d_sub 300 : OOB 0.2621 : L 13 : T 0.7 sec
 - d_sub 300 : OOB 0.2620 : L 14 : T 0.8 sec
 - d_sub 300 : OOB 0.2592 : L 15 : T 0.9 sec
 - d_sub 300 : OOB 0.2590 : L 16 : T 0.9 sec
 - d_sub 300 : OOB 0.2593 : L 17 : T 1.0 sec
 - d_sub 300 : OOB 0.2597 : L 18 : T 1.0 sec
 - d_sub 300 : OOB 0.2563 : L 19 : T 1.1 sec
 - d_sub 300 : OOB 0.2562 : L 20 : T 1.2 sec
 - d_sub 300 : OOB 0.2576 : L 21 : T 1.2 sec
 - d_sub 300 : OOB 0.2547 : L 22 : T 1.3 sec
 - d_sub 300 : OOB 0.2533 : L 23 : T 1.3 sec
 - d_sub 300 : OOB 0.2535 : L 24 : T 1.4 sec
 - d_sub 300 : OOB 0.2534 : L 25 : T 1.4 sec
 - d_sub 300 : OOB 0.2522 : L 26 : T 1.5 sec
 - d_sub 300 : OOB 0.2520 : L 27 : T 1.6 sec
 - d_sub 300 : OOB 0.2527 : L 28 : T 1.6 sec
 - d_sub 300 : OOB 0.2502 : L 29 : T 1.7 sec
 - d_sub 300 : OOB 0.2505 : L 30 : T 1.7 sec
# -------------------------
optimal d_sub 300 : OOB 0.2505 : L 30 : T 1.7 sec
# -------------------------
# Ensemble classification
#  - Training samples: 10000 (5000/5000)
#  - Feature-space dimensionality: 24157
#  - L : 30
#  - d_sub : 300
#  - Seed 1 (subspaces) : 822289475
#  - Seed 2 (bootstrap) : 607774787
# -------------------------

 - d_sub 300 : OOB 0.4189 : L 1 : T 0.1 sec
 - d_sub 300 : OOB 0.3662 : L 2 : T 0.1 sec
 - d_sub 300 : OOB 0.3369 : L 3 : T 0.2 sec
 - d_sub 300 : OOB 0.3132 : L 4 : T 0.2 sec
 - d_sub 300 : OOB 0.2983 : L 5 : T 0.3 sec
 - d_sub 300 : OOB 0.2885 : L 6 : T 0.3 sec
 - d_sub 300 : OOB 0.2824 : L 7 : T 0.4 sec
 - d_sub 300 : OOB 0.2772 : L 8 : T 0.5 sec
 - d_sub 300 : OOB 0.2732 : L 9 : T 0.5 sec
 - d_sub 300 : OOB 0.2693 : L 10 : T 0.6 sec
 - d_sub 300 : OOB 0.2656 : L 11 : T 0.6 sec
 - d_sub 300 : OOB 0.2633 : L 12 : T 0.7 sec
 - d_sub 300 : OOB 0.2605 : L 13 : T 0.8 sec
 - d_sub 300 : OOB 0.2597 : L 14 : T 1.6 sec
 - d_sub 300 : OOB 0.2596 : L 15 : T 2.2 sec
 - d_sub 300 : OOB 0.2565 : L 16 : T 2.3 sec
 - d_sub 300 : OOB 0.2544 : L 17 : T 2.3 sec
 - d_sub 300 : OOB 0.2541 : L 18 : T 2.4 sec
 - d_sub 300 : OOB 0.2555 : L 19 : T 2.4 sec
 - d_sub 300 : OOB 0.2535 : L 20 : T 2.5 sec
 - d_sub 300 : OOB 0.2534 : L 21 : T 2.6 sec
 - d_sub 300 : OOB 0.2532 : L 22 : T 2.6 sec
 - d_sub 300 : OOB 0.2527 : L 23 : T 2.7 sec
 - d_sub 300 : OOB 0.2521 : L 24 : T 2.7 sec
 - d_sub 300 : OOB 0.2516 : L 25 : T 2.8 sec
 - d_sub 300 : OOB 0.2511 : L 26 : T 2.9 sec
 - d_sub 300 : OOB 0.2537 : L 27 : T 2.9 sec
 - d_sub 300 : OOB 0.2529 : L 28 : T 3.0 sec
 - d_sub 300 : OOB 0.2524 : L 29 : T 3.0 sec
 - d_sub 300 : OOB 0.2518 : L 30 : T 3.1 sec
# -------------------------
optimal d_sub 300 : OOB 0.2518 : L 30 : T 3.1 sec
# -------------------------
# Ensemble classification
#  - Training samples: 10000 (5000/5000)
#  - Feature-space dimensionality: 24157
#  - L : 30
#  - d_sub : 300
#  - Seed 1 (subspaces) : 842616142
#  - Seed 2 (bootstrap) : 927918179
# -------------------------

 - d_sub 300 : OOB 0.4222 : L 1 : T 0.1 sec
 - d_sub 300 : OOB 0.3709 : L 2 : T 0.1 sec
 - d_sub 300 : OOB 0.3427 : L 3 : T 0.2 sec
 - d_sub 300 : OOB 0.3192 : L 4 : T 0.2 sec
 - d_sub 300 : OOB 0.3024 : L 5 : T 0.3 sec
 - d_sub 300 : OOB 0.2915 : L 6 : T 0.3 sec
 - d_sub 300 : OOB 0.2803 : L 7 : T 0.4 sec
 - d_sub 300 : OOB 0.2762 : L 8 : T 0.4 sec
 - d_sub 300 : OOB 0.2742 : L 9 : T 0.5 sec
 - d_sub 300 : OOB 0.2692 : L 10 : T 0.6 sec
 - d_sub 300 : OOB 0.2676 : L 11 : T 0.6 sec
 - d_sub 300 : OOB 0.2663 : L 12 : T 0.7 sec
 - d_sub 300 : OOB 0.2662 : L 13 : T 0.7 sec
 - d_sub 300 : OOB 0.2628 : L 14 : T 0.8 sec
 - d_sub 300 : OOB 0.2591 : L 15 : T 0.8 sec
 - d_sub 300 : OOB 0.2604 : L 16 : T 0.9 sec
 - d_sub 300 : OOB 0.2592 : L 17 : T 1.0 sec
 - d_sub 300 : OOB 0.2595 : L 18 : T 1.0 sec
 - d_sub 300 : OOB 0.2571 : L 19 : T 1.1 sec
 - d_sub 300 : OOB 0.2566 : L 20 : T 1.1 sec
 - d_sub 300 : OOB 0.2534 : L 21 : T 2.0 sec
 - d_sub 300 : OOB 0.2551 : L 22 : T 2.8 sec
 - d_sub 300 : OOB 0.2579 : L 23 : T 2.8 sec
 - d_sub 300 : OOB 0.2553 : L 24 : T 2.9 sec
 - d_sub 300 : OOB 0.2542 : L 25 : T 2.9 sec
 - d_sub 300 : OOB 0.2538 : L 26 : T 3.0 sec
 - d_sub 300 : OOB 0.2541 : L 27 : T 3.1 sec
 - d_sub 300 : OOB 0.2524 : L 28 : T 3.1 sec
 - d_sub 300 : OOB 0.2502 : L 29 : T 3.2 sec
 - d_sub 300 : OOB 0.2507 : L 30 : T 3.2 sec
# -------------------------
optimal d_sub 300 : OOB 0.2507 : L 30 : T 3.2 sec
# -------------------------
# Ensemble classification
#  - Training samples: 10000 (5000/5000)
#  - Feature-space dimensionality: 24157
#  - L : 30
#  - d_sub : 300
#  - Seed 1 (subspaces) : 521331002
#  - Seed 2 (bootstrap) : 369379684
# -------------------------

 - d_sub 300 : OOB 0.4151 : L 1 : T 0.1 sec
 - d_sub 300 : OOB 0.3626 : L 2 : T 0.1 sec
 - d_sub 300 : OOB 0.3334 : L 3 : T 0.2 sec
 - d_sub 300 : OOB 0.3062 : L 4 : T 0.2 sec
 - d_sub 300 : OOB 0.2883 : L 5 : T 0.3 sec
 - d_sub 300 : OOB 0.2829 : L 6 : T 0.3 sec
 - d_sub 300 : OOB 0.2787 : L 7 : T 0.4 sec
 - d_sub 300 : OOB 0.2738 : L 8 : T 0.5 sec
 - d_sub 300 : OOB 0.2718 : L 9 : T 0.5 sec
 - d_sub 300 : OOB 0.2643 : L 10 : T 0.6 sec
 - d_sub 300 : OOB 0.2612 : L 11 : T 0.6 sec
 - d_sub 300 : OOB 0.2613 : L 12 : T 0.7 sec
 - d_sub 300 : OOB 0.2618 : L 13 : T 0.7 sec
 - d_sub 300 : OOB 0.2570 : L 14 : T 0.8 sec
 - d_sub 300 : OOB 0.2547 : L 15 : T 0.9 sec
 - d_sub 300 : OOB 0.2557 : L 16 : T 0.9 sec
 - d_sub 300 : OOB 0.2546 : L 17 : T 1.0 sec
 - d_sub 300 : OOB 0.2539 : L 18 : T 1.0 sec
 - d_sub 300 : OOB 0.2537 : L 19 : T 1.1 sec
 - d_sub 300 : OOB 0.2523 : L 20 : T 1.1 sec
 - d_sub 300 : OOB 0.2511 : L 21 : T 1.2 sec
 - d_sub 300 : OOB 0.2527 : L 22 : T 1.3 sec
 - d_sub 300 : OOB 0.2518 : L 23 : T 1.3 sec
 - d_sub 300 : OOB 0.2507 : L 24 : T 1.4 sec
 - d_sub 300 : OOB 0.2499 : L 25 : T 1.4 sec
 - d_sub 300 : OOB 0.2485 : L 26 : T 1.5 sec
 - d_sub 300 : OOB 0.2485 : L 27 : T 1.5 sec
 - d_sub 300 : OOB 0.2470 : L 28 : T 1.6 sec
 - d_sub 300 : OOB 0.2478 : L 29 : T 1.7 sec
 - d_sub 300 : OOB 0.2468 : L 30 : T 1.7 sec
# -------------------------
optimal d_sub 300 : OOB 0.2468 : L 30 : T 1.7 sec
# -------------------------
# Ensemble classification
#  - Training samples: 10000 (5000/5000)
#  - Feature-space dimensionality: 24157
#  - L : 30
#  - d_sub : 300
#  - Seed 1 (subspaces) : 38776594
#  - Seed 2 (bootstrap) : 427417147
# -------------------------

 - d_sub 300 : OOB 0.4181 : L 1 : T 0.1 sec
 - d_sub 300 : OOB 0.3659 : L 2 : T 0.1 sec
 - d_sub 300 : OOB 0.3422 : L 3 : T 0.2 sec
 - d_sub 300 : OOB 0.3140 : L 4 : T 0.2 sec
 - d_sub 300 : OOB 0.2949 : L 5 : T 0.3 sec
 - d_sub 300 : OOB 0.2863 : L 6 : T 0.3 sec
 - d_sub 300 : OOB 0.2818 : L 7 : T 1.0 sec
 - d_sub 300 : OOB 0.2745 : L 8 : T 1.0 sec
 - d_sub 300 : OOB 0.2707 : L 9 : T 1.9 sec
 - d_sub 300 : OOB 0.2690 : L 10 : T 2.0 sec
 - d_sub 300 : OOB 0.2668 : L 11 : T 2.0 sec
 - d_sub 300 : OOB 0.2664 : L 12 : T 2.1 sec
 - d_sub 300 : OOB 0.2614 : L 13 : T 2.1 sec
 - d_sub 300 : OOB 0.2571 : L 14 : T 2.2 sec
 - d_sub 300 : OOB 0.2602 : L 15 : T 2.3 sec
 - d_sub 300 : OOB 0.2589 : L 16 : T 2.3 sec
 - d_sub 300 : OOB 0.2596 : L 17 : T 2.4 sec
 - d_sub 300 : OOB 0.2552 : L 18 : T 2.4 sec
 - d_sub 300 : OOB 0.2551 : L 19 : T 2.5 sec
 - d_sub 300 : OOB 0.2553 : L 20 : T 2.6 sec
 - d_sub 300 : OOB 0.2545 : L 21 : T 2.6 sec
 - d_sub 300 : OOB 0.2528 : L 22 : T 2.7 sec
 - d_sub 300 : OOB 0.2519 : L 23 : T 2.7 sec
 - d_sub 300 : OOB 0.2509 : L 24 : T 2.8 sec
 - d_sub 300 : OOB 0.2523 : L 25 : T 2.8 sec
 - d_sub 300 : OOB 0.2517 : L 26 : T 2.9 sec
 - d_sub 300 : OOB 0.2508 : L 27 : T 3.0 sec
 - d_sub 300 : OOB 0.2503 : L 28 : T 3.0 sec
 - d_sub 300 : OOB 0.2492 : L 29 : T 3.1 sec
 - d_sub 300 : OOB 0.2484 : L 30 : T 3.1 sec
# -------------------------
optimal d_sub 300 : OOB 0.2484 : L 30 : T 3.1 sec
# -------------------------
# Ensemble classification
#  - Training samples: 10000 (5000/5000)
#  - Feature-space dimensionality: 24157
#  - L : 30
#  - d_sub : 300
#  - Seed 1 (subspaces) : 558962968
#  - Seed 2 (bootstrap) : 528998064
# -------------------------

 - d_sub 300 : OOB 0.4168 : L 1 : T 0.1 sec
 - d_sub 300 : OOB 0.3661 : L 2 : T 0.1 sec
 - d_sub 300 : OOB 0.3428 : L 3 : T 0.2 sec
 - d_sub 300 : OOB 0.3178 : L 4 : T 0.2 sec
 - d_sub 300 : OOB 0.3023 : L 5 : T 0.3 sec
 - d_sub 300 : OOB 0.2953 : L 6 : T 0.3 sec
 - d_sub 300 : OOB 0.2821 : L 7 : T 0.4 sec
 - d_sub 300 : OOB 0.2756 : L 8 : T 0.4 sec
 - d_sub 300 : OOB 0.2745 : L 9 : T 0.5 sec
 - d_sub 300 : OOB 0.2712 : L 10 : T 0.6 sec
 - d_sub 300 : OOB 0.2678 : L 11 : T 0.6 sec
 - d_sub 300 : OOB 0.2672 : L 12 : T 0.7 sec
 - d_sub 300 : OOB 0.2619 : L 13 : T 1.4 sec
 - d_sub 300 : OOB 0.2585 : L 14 : T 2.3 sec
 - d_sub 300 : OOB 0.2591 : L 15 : T 2.4 sec
 - d_sub 300 : OOB 0.2569 : L 16 : T 2.5 sec
 - d_sub 300 : OOB 0.2582 : L 17 : T 2.5 sec
 - d_sub 300 : OOB 0.2553 : L 18 : T 2.6 sec
 - d_sub 300 : OOB 0.2569 : L 19 : T 3.4 sec
 - d_sub 300 : OOB 0.2562 : L 20 : T 4.1 sec
 - d_sub 300 : OOB 0.2573 : L 21 : T 4.9 sec
 - d_sub 300 : OOB 0.2529 : L 22 : T 5.0 sec
 - d_sub 300 : OOB 0.2539 : L 23 : T 5.0 sec
 - d_sub 300 : OOB 0.2527 : L 24 : T 5.1 sec
 - d_sub 300 : OOB 0.2525 : L 25 : T 5.2 sec
 - d_sub 300 : OOB 0.2513 : L 26 : T 5.2 sec
 - d_sub 300 : OOB 0.2489 : L 27 : T 5.3 sec
 - d_sub 300 : OOB 0.2491 : L 28 : T 5.3 sec
 - d_sub 300 : OOB 0.2477 : L 29 : T 5.4 sec
 - d_sub 300 : OOB 0.2502 : L 30 : T 5.5 sec
# -------------------------
optimal d_sub 300 : OOB 0.2502 : L 30 : T 5.5 sec
# -------------------------
# Ensemble classification
#  - Training samples: 10000 (5000/5000)
#  - Feature-space dimensionality: 24157
#  - L : 30
#  - d_sub : 300
#  - Seed 1 (subspaces) : 195585940
#  - Seed 2 (bootstrap) : 292297206
# -------------------------

 - d_sub 300 : OOB 0.4154 : L 1 : T 0.1 sec
 - d_sub 300 : OOB 0.3630 : L 2 : T 0.1 sec
 - d_sub 300 : OOB 0.3364 : L 3 : T 0.2 sec
 - d_sub 300 : OOB 0.3110 : L 4 : T 0.2 sec
 - d_sub 300 : OOB 0.2903 : L 5 : T 0.3 sec
 - d_sub 300 : OOB 0.2867 : L 6 : T 0.3 sec
 - d_sub 300 : OOB 0.2779 : L 7 : T 0.4 sec
 - d_sub 300 : OOB 0.2715 : L 8 : T 0.5 sec
 - d_sub 300 : OOB 0.2659 : L 9 : T 0.5 sec
 - d_sub 300 : OOB 0.2613 : L 10 : T 0.6 sec
 - d_sub 300 : OOB 0.2596 : L 11 : T 0.6 sec
 - d_sub 300 : OOB 0.2554 : L 12 : T 0.7 sec
 - d_sub 300 : OOB 0.2539 : L 13 : T 0.7 sec
 - d_sub 300 : OOB 0.2548 : L 14 : T 0.8 sec
 - d_sub 300 : OOB 0.2527 : L 15 : T 0.9 sec
 - d_sub 300 : OOB 0.2530 : L 16 : T 0.9 sec
 - d_sub 300 : OOB 0.2538 : L 17 : T 1.0 sec
 - d_sub 300 : OOB 0.2520 : L 18 : T 1.8 sec
 - d_sub 300 : OOB 0.2539 : L 19 : T 2.6 sec
 - d_sub 300 : OOB 0.2527 : L 20 : T 2.6 sec
 - d_sub 300 : OOB 0.2513 : L 21 : T 2.7 sec
 - d_sub 300 : OOB 0.2483 : L 22 : T 2.8 sec
 - d_sub 300 : OOB 0.2503 : L 23 : T 2.8 sec
 - d_sub 300 : OOB 0.2501 : L 24 : T 2.9 sec
 - d_sub 300 : OOB 0.2512 : L 25 : T 2.9 sec
 - d_sub 300 : OOB 0.2503 : L 26 : T 3.0 sec
 - d_sub 300 : OOB 0.2481 : L 27 : T 3.0 sec
 - d_sub 300 : OOB 0.2494 : L 28 : T 3.1 sec
 - d_sub 300 : OOB 0.2489 : L 29 : T 3.2 sec
 - d_sub 300 : OOB 0.2493 : L 30 : T 3.2 sec
# -------------------------
optimal d_sub 300 : OOB 0.2493 : L 30 : T 3.2 sec
# -------------------------
# Ensemble classification
#  - Training samples: 10000 (5000/5000)
#  - Feature-space dimensionality: 24157
#  - L : 30
#  - d_sub : 300
#  - Seed 1 (subspaces) : 801074950
#  - Seed 2 (bootstrap) : 992847387
# -------------------------

 - d_sub 300 : OOB 0.4151 : L 1 : T 0.1 sec
 - d_sub 300 : OOB 0.3625 : L 2 : T 0.1 sec
 - d_sub 300 : OOB 0.3342 : L 3 : T 0.2 sec
 - d_sub 300 : OOB 0.3032 : L 4 : T 0.2 sec
 - d_sub 300 : OOB 0.2880 : L 5 : T 0.3 sec
 - d_sub 300 : OOB 0.2806 : L 6 : T 0.4 sec
 - d_sub 300 : OOB 0.2737 : L 7 : T 0.4 sec
 - d_sub 300 : OOB 0.2684 : L 8 : T 0.5 sec
 - d_sub 300 : OOB 0.2634 : L 9 : T 0.5 sec
 - d_sub 300 : OOB 0.2572 : L 10 : T 0.6 sec
 - d_sub 300 : OOB 0.2573 : L 11 : T 0.6 sec
 - d_sub 300 : OOB 0.2562 : L 12 : T 0.7 sec
 - d_sub 300 : OOB 0.2558 : L 13 : T 0.8 sec
 - d_sub 300 : OOB 0.2562 : L 14 : T 1.5 sec
 - d_sub 300 : OOB 0.2522 : L 15 : T 1.5 sec
 - d_sub 300 : OOB 0.2509 : L 16 : T 1.6 sec
 - d_sub 300 : OOB 0.2492 : L 17 : T 1.6 sec
 - d_sub 300 : OOB 0.2491 : L 18 : T 1.7 sec
 - d_sub 300 : OOB 0.2480 : L 19 : T 1.7 sec
 - d_sub 300 : OOB 0.2471 : L 20 : T 1.8 sec
 - d_sub 300 : OOB 0.2485 : L 21 : T 1.9 sec
 - d_sub 300 : OOB 0.2467 : L 22 : T 1.9 sec
 - d_sub 300 : OOB 0.2466 : L 23 : T 2.0 sec
 - d_sub 300 : OOB 0.2469 : L 24 : T 2.9 sec
 - d_sub 300 : OOB 0.2454 : L 25 : T 3.0 sec
 - d_sub 300 : OOB 0.2465 : L 26 : T 3.1 sec
 - d_sub 300 : OOB 0.2445 : L 27 : T 3.1 sec
 - d_sub 300 : OOB 0.2452 : L 28 : T 3.2 sec
 - d_sub 300 : OOB 0.2453 : L 29 : T 3.2 sec
 - d_sub 300 : OOB 0.2441 : L 30 : T 3.3 sec
# -------------------------
optimal d_sub 300 : OOB 0.2441 : L 30 : T 3.3 sec
# -------------------------
Average OOB error = 0.24906 (+/- 0.00224)
# -------------------------
# Ensemble classification
#  - Training samples: 10000 (5000/5000)
#  - Feature-space dimensionality: 24157
#  - L : 30
#  - d_sub : 300
#  - Seed 1 (subspaces) : 5
#  - Seed 2 (bootstrap) : 73
# -------------------------

 - d_sub 300 : OOB 0.4142 : L 1 : T 0.1 sec
 - d_sub 300 : OOB 0.3656 : L 2 : T 0.1 sec
 - d_sub 300 : OOB 0.3366 : L 3 : T 0.2 sec
 - d_sub 300 : OOB 0.3125 : L 4 : T 0.2 sec
 - d_sub 300 : OOB 0.2957 : L 5 : T 0.3 sec
 - d_sub 300 : OOB 0.2857 : L 6 : T 0.4 sec
 - d_sub 300 : OOB 0.2810 : L 7 : T 0.4 sec
 - d_sub 300 : OOB 0.2748 : L 8 : T 0.5 sec
 - d_sub 300 : OOB 0.2699 : L 9 : T 0.5 sec
 - d_sub 300 : OOB 0.2630 : L 10 : T 0.6 sec
 - d_sub 300 : OOB 0.2631 : L 11 : T 0.6 sec
 - d_sub 300 : OOB 0.2613 : L 12 : T 0.7 sec
 - d_sub 300 : OOB 0.2608 : L 13 : T 0.7 sec
 - d_sub 300 : OOB 0.2574 : L 14 : T 0.8 sec
 - d_sub 300 : OOB 0.2537 : L 15 : T 0.8 sec
 - d_sub 300 : OOB 0.2560 : L 16 : T 0.9 sec
 - d_sub 300 : OOB 0.2546 : L 17 : T 1.0 sec
 - d_sub 300 : OOB 0.2533 : L 18 : T 1.7 sec
 - d_sub 300 : OOB 0.2561 : L 19 : T 2.7 sec
 - d_sub 300 : OOB 0.2545 : L 20 : T 2.7 sec
 - d_sub 300 : OOB 0.2528 : L 21 : T 2.8 sec
 - d_sub 300 : OOB 0.2534 : L 22 : T 2.8 sec
 - d_sub 300 : OOB 0.2536 : L 23 : T 2.9 sec
 - d_sub 300 : OOB 0.2510 : L 24 : T 2.9 sec
 - d_sub 300 : OOB 0.2510 : L 25 : T 3.0 sec
 - d_sub 300 : OOB 0.2495 : L 26 : T 3.1 sec
 - d_sub 300 : OOB 0.2485 : L 27 : T 3.1 sec
 - d_sub 300 : OOB 0.2476 : L 28 : T 3.2 sec
 - d_sub 300 : OOB 0.2492 : L 29 : T 3.2 sec
 - d_sub 300 : OOB 0.2497 : L 30 : T 3.3 sec
# -------------------------
optimal d_sub 300 : OOB 0.2497 : L 30 : T 3.3 sec
OOB error = 0.2442
optimal d_sub 300 : OOB 0.2505 : L 30 : T 1.7 sec
optimal d_sub 300 : OOB 0.2389 : L 81 : T 10.0 sec
Testing error 1: 0.2460
optimal d_sub 300 : OOB 0.2468 : L 83 : T 9.1 sec
Testing error 2: 0.2388
optimal d_sub 300 : OOB 0.2453 : L 89 : T 9.4 sec
Testing error 3: 0.2389
optimal d_sub 300 : OOB 0.2461 : L 81 : T 4.8 sec
Testing error 4: 0.2426
optimal d_sub 300 : OOB 0.2439 : L 112 : T 13.9 sec
Testing error 5: 0.2333
optimal d_sub 300 : OOB 0.2436 : L 106 : T 6.1 sec
Testing error 6: 0.2406
optimal d_sub 300 : OOB 0.2440 : L 87 : T 9.5 sec
Testing error 7: 0.2389
optimal d_sub 300 : OOB 0.2419 : L 81 : T 10.7 sec
Testing error 8: 0.2352
optimal d_sub 300 : OOB 0.2486 : L 76 : T 4.7 sec
Testing error 9: 0.2368
optimal d_sub 300 : OOB 0.2479 : L 86 : T 12.4 sec
Testing error 10: 0.2347
---
Average testing error over 10 splits: 0.2386 (+/- 0.0038)
