# -------------------------
# Ensemble classification
#  - Training samples: 10000 (5000/5000)
#  - Feature-space dimensionality: 24157
#  - L : automatic (min 25, max 500, length 50, eps 0.00500)
#  - d_sub : automatic (Eoob tolerance 0.0200, step 200)
#  - Seed 1 (subspaces) : 886115218
#  - Seed 2 (bootstrap) : 709101241
# -------------------------

 - d_sub 200 : OOB 0.4085 : L 1 : T 0.0 sec
 - d_sub 200 : OOB 0.3430 : L 2 : T 0.1 sec
 - d_sub 200 : OOB 0.3115 : L 3 : T 0.1 sec
 - d_sub 200 : OOB 0.2775 : L 4 : T 0.1 sec
 - d_sub 200 : OOB 0.2520 : L 5 : T 0.2 sec
 - d_sub 200 : OOB 0.2457 : L 6 : T 0.2 sec
 - d_sub 200 : OOB 0.2410 : L 7 : T 0.2 sec
 - d_sub 200 : OOB 0.2353 : L 8 : T 0.3 sec
 - d_sub 200 : OOB 0.2317 : L 9 : T 0.3 sec
 - d_sub 200 : OOB 0.2226 : L 10 : T 0.3 sec
 - d_sub 200 : OOB 0.2200 : L 11 : T 0.4 sec
 - d_sub 200 : OOB 0.2195 : L 12 : T 0.4 sec
 - d_sub 200 : OOB 0.2165 : L 13 : T 0.4 sec
 - d_sub 200 : OOB 0.2161 : L 14 : T 0.5 sec
 - d_sub 200 : OOB 0.2165 : L 15 : T 0.5 sec
 - d_sub 200 : OOB 0.2140 : L 16 : T 0.5 sec
 - d_sub 200 : OOB 0.2115 : L 17 : T 0.6 sec
 - d_sub 200 : OOB 0.2102 : L 18 : T 0.6 sec
 - d_sub 200 : OOB 0.2101 : L 19 : T 0.6 sec
 - d_sub 200 : OOB 0.2112 : L 20 : T 0.7 sec
 - d_sub 200 : OOB 0.2094 : L 21 : T 0.7 sec
 - d_sub 200 : OOB 0.2097 : L 22 : T 0.7 sec
 - d_sub 200 : OOB 0.2082 : L 23 : T 0.8 sec
 - d_sub 200 : OOB 0.2101 : L 24 : T 0.8 sec
 - d_sub 200 : OOB 0.2091 : L 25 : T 0.9 sec
 - d_sub 200 : OOB 0.2098 : L 26 : T 0.9 sec
 - d_sub 200 : OOB 0.2090 : L 27 : T 0.9 sec
 - d_sub 200 : OOB 0.2081 : L 28 : T 1.0 sec
 - d_sub 200 : OOB 0.2071 : L 29 : T 1.0 sec
 - d_sub 200 : OOB 0.2072 : L 30 : T 1.0 sec
 - d_sub 200 : OOB 0.2086 : L 31 : T 1.1 sec
 - d_sub 200 : OOB 0.2084 : L 32 : T 1.1 sec
 - d_sub 200 : OOB 0.2062 : L 33 : T 1.1 sec
 - d_sub 200 : OOB 0.2059 : L 34 : T 1.2 sec
 - d_sub 200 : OOB 0.2074 : L 35 : T 1.2 sec
 - d_sub 200 : OOB 0.2075 : L 36 : T 1.2 sec
 - d_sub 200 : OOB 0.2049 : L 37 : T 1.3 sec
 - d_sub 200 : OOB 0.2057 : L 38 : T 1.3 sec
 - d_sub 200 : OOB 0.2065 : L 39 : T 1.3 sec
 - d_sub 200 : OOB 0.2053 : L 40 : T 1.4 sec
 - d_sub 200 : OOB 0.2054 : L 41 : T 1.4 sec
 - d_sub 200 : OOB 0.2073 : L 42 : T 1.4 sec
 - d_sub 200 : OOB 0.2072 : L 43 : T 1.5 sec
 - d_sub 200 : OOB 0.2047 : L 44 : T 1.5 sec
 - d_sub 200 : OOB 0.2041 : L 45 : T 1.5 sec
 - d_sub 200 : OOB 0.2038 : L 46 : T 1.6 sec
 - d_sub 200 : OOB 0.2040 : L 47 : T 1.6 sec
 - d_sub 200 : OOB 0.2059 : L 48 : T 1.6 sec
 - d_sub 200 : OOB 0.2061 : L 49 : T 1.7 sec
 - d_sub 200 : OOB 0.2055 : L 50 : T 1.7 sec
 - d_sub 200 : OOB 0.2058 : L 51 : T 1.8 sec
 - d_sub 200 : OOB 0.2043 : L 52 : T 1.8 sec
 - d_sub 200 : OOB 0.2028 : L 53 : T 1.8 sec
 - d_sub 200 : OOB 0.2030 : L 54 : T 1.9 sec
 - d_sub 200 : OOB 0.2034 : L 55 : T 1.9 sec
 - d_sub 200 : OOB 0.2028 : L 56 : T 2.0 sec
 - d_sub 200 : OOB 0.2027 : L 57 : T 2.0 sec
 - d_sub 200 : OOB 0.2030 : L 58 : T 2.0 sec
 - d_sub 200 : OOB 0.2035 : L 59 : T 2.1 sec
 - d_sub 200 : OOB 0.2022 : L 60 : T 2.1 sec
 - d_sub 200 : OOB 0.2026 : L 61 : T 2.1 sec
 - d_sub 200 : OOB 0.2024 : L 62 : T 2.2 sec
 - d_sub 200 : OOB 0.2032 : L 63 : T 2.2 sec
 - d_sub 200 : OOB 0.2028 : L 64 : T 2.3 sec
 - d_sub 200 : OOB 0.2028 : L 65 : T 2.3 sec
 - d_sub 200 : OOB 0.2032 : L 66 : T 2.3 sec
 - d_sub 200 : OOB 0.2028 : L 67 : T 2.4 sec
 - d_sub 200 : OOB 0.2008 : L 68 : T 2.4 sec
 - d_sub 200 : OOB 0.2012 : L 69 : T 2.4 sec
 - d_sub 200 : OOB 0.2005 : L 70 : T 2.5 sec
 - d_sub 200 : OOB 0.2006 : L 71 : T 2.5 sec
 - d_sub 200 : OOB 0.2004 : L 72 : T 2.6 sec
 - d_sub 200 : OOB 0.2002 : L 73 : T 2.6 sec
 - d_sub 200 : OOB 0.1996 : L 74 : T 2.6 sec
 - d_sub 200 : OOB 0.2002 : L 75 : T 2.7 sec
 - d_sub 200 : OOB 0.2005 : L 76 : T 2.7 sec
 - d_sub 200 : OOB 0.2005 : L 77 : T 2.7 sec
 - d_sub 200 : OOB 0.2006 : L 78 : T 2.8 sec
 - d_sub 200 : OOB 0.1998 : L 79 : T 2.8 sec
 - d_sub 200 : OOB 0.2008 : L 80 : T 2.8 sec
 - d_sub 200 : OOB 0.2004 : L 81 : T 2.9 sec
 - d_sub 200 : OOB 0.2014 : L 82 : T 2.9 sec
 - d_sub 200 : OOB 0.2015 : L 83 : T 3.0 sec
 - d_sub 200 : OOB 0.2002 : L 84 : T 3.0 sec
 - d_sub 200 : OOB 0.2007 : L 85 : T 3.0 sec
 - d_sub 200 : OOB 0.2000 : L 86 : T 3.1 sec
 - d_sub 200 : OOB 0.2008 : L 87 : T 3.1 sec
 - d_sub 200 : OOB 0.2012 : L 88 : T 3.2 sec
 - d_sub 200 : OOB 0.2008 : L 89 : T 3.2 sec
 - d_sub 200 : OOB 0.2016 : L 90 : T 3.2 sec
 - d_sub 200 : OOB 0.2009 : L 91 : T 3.3 sec
 - d_sub 200 : OOB 0.2012 : L 92 : T 3.3 sec
 - d_sub 200 : OOB 0.2006 : L 93 : T 3.4 sec
 - d_sub 200 : OOB 0.2003 : L 94 : T 3.4 sec
 - d_sub 200 : OOB 0.2003 : L 95 : T 3.4 sec
 - d_sub 200 : OOB 0.2016 : L 96 : T 3.5 sec
 - d_sub 200 : OOB 0.2011 : L 97 : T 3.5 sec
 - d_sub 200 : OOB 0.2009 : L 98 : T 3.5 sec

 - d_sub 400 : OOB 0.3894 : L 1 : T 0.1 sec
 - d_sub 400 : OOB 0.3208 : L 2 : T 0.2 sec
 - d_sub 400 : OOB 0.2892 : L 3 : T 0.2 sec
 - d_sub 400 : OOB 0.2564 : L 4 : T 0.3 sec
 - d_sub 400 : OOB 0.2334 : L 5 : T 0.4 sec
 - d_sub 400 : OOB 0.2259 : L 6 : T 0.5 sec
 - d_sub 400 : OOB 0.2211 : L 7 : T 0.5 sec
 - d_sub 400 : OOB 0.2108 : L 8 : T 0.6 sec
 - d_sub 400 : OOB 0.2064 : L 9 : T 0.7 sec
 - d_sub 400 : OOB 0.2018 : L 10 : T 0.8 sec
 - d_sub 400 : OOB 0.1997 : L 11 : T 0.8 sec
 - d_sub 400 : OOB 0.2011 : L 12 : T 0.9 sec
 - d_sub 400 : OOB 0.1961 : L 13 : T 1.0 sec
 - d_sub 400 : OOB 0.1950 : L 14 : T 1.1 sec
 - d_sub 400 : OOB 0.1943 : L 15 : T 1.1 sec
 - d_sub 400 : OOB 0.1928 : L 16 : T 1.2 sec
 - d_sub 400 : OOB 0.1925 : L 17 : T 1.3 sec
 - d_sub 400 : OOB 0.1905 : L 18 : T 1.4 sec
 - d_sub 400 : OOB 0.1904 : L 19 : T 1.4 sec
 - d_sub 400 : OOB 0.1910 : L 20 : T 1.5 sec
 - d_sub 400 : OOB 0.1888 : L 21 : T 1.6 sec
 - d_sub 400 : OOB 0.1917 : L 22 : T 1.7 sec
 - d_sub 400 : OOB 0.1900 : L 23 : T 1.7 sec
 - d_sub 400 : OOB 0.1889 : L 24 : T 1.8 sec
 - d_sub 400 : OOB 0.1864 : L 25 : T 1.9 sec
 - d_sub 400 : OOB 0.1865 : L 26 : T 2.0 sec
 - d_sub 400 : OOB 0.1847 : L 27 : T 2.0 sec
 - d_sub 400 : OOB 0.1852 : L 28 : T 2.1 sec
 - d_sub 400 : OOB 0.1859 : L 29 : T 2.2 sec
 - d_sub 400 : OOB 0.1861 : L 30 : T 2.3 sec
 - d_sub 400 : OOB 0.1866 : L 31 : T 2.3 sec
 - d_sub 400 : OOB 0.1871 : L 32 : T 2.4 sec
 - d_sub 400 : OOB 0.1846 : L 33 : T 2.5 sec
 - d_sub 400 : OOB 0.1846 : L 34 : T 2.6 sec
 - d_sub 400 : OOB 0.1842 : L 35 : T 2.7 sec
 - d_sub 400 : OOB 0.1828 : L 36 : T 2.7 sec
 - d_sub 400 : OOB 0.1843 : L 37 : T 2.8 sec
 - d_sub 400 : OOB 0.1814 : L 38 : T 2.9 sec
 - d_sub 400 : OOB 0.1834 : L 39 : T 3.0 sec
 - d_sub 400 : OOB 0.1831 : L 40 : T 3.0 sec
 - d_sub 400 : OOB 0.1832 : L 41 : T 3.1 sec
 - d_sub 400 : OOB 0.1814 : L 42 : T 3.2 sec
 - d_sub 400 : OOB 0.1824 : L 43 : T 3.3 sec
 - d_sub 400 : OOB 0.1820 : L 44 : T 3.3 sec
 - d_sub 400 : OOB 0.1829 : L 45 : T 3.4 sec
 - d_sub 400 : OOB 0.1827 : L 46 : T 3.5 sec
 - d_sub 400 : OOB 0.1812 : L 47 : T 3.6 sec
 - d_sub 400 : OOB 0.1821 : L 48 : T 3.6 sec
 - d_sub 400 : OOB 0.1818 : L 49 : T 3.7 sec
 - d_sub 400 : OOB 0.1821 : L 50 : T 3.8 sec
 - d_sub 400 : OOB 0.1831 : L 51 : T 3.8 sec
 - d_sub 400 : OOB 0.1826 : L 52 : T 3.9 sec
 - d_sub 400 : OOB 0.1819 : L 53 : T 4.0 sec
 - d_sub 400 : OOB 0.1821 : L 54 : T 4.1 sec
 - d_sub 400 : OOB 0.1823 : L 55 : T 4.2 sec
 - d_sub 400 : OOB 0.1820 : L 56 : T 4.2 sec
 - d_sub 400 : OOB 0.1822 : L 57 : T 4.3 sec
 - d_sub 400 : OOB 0.1806 : L 58 : T 4.4 sec
 - d_sub 400 : OOB 0.1812 : L 59 : T 4.5 sec
 - d_sub 400 : OOB 0.1804 : L 60 : T 4.5 sec
 - d_sub 400 : OOB 0.1814 : L 61 : T 4.6 sec
 - d_sub 400 : OOB 0.1806 : L 62 : T 4.7 sec
 - d_sub 400 : OOB 0.1799 : L 63 : T 4.8 sec
 - d_sub 400 : OOB 0.1791 : L 64 : T 4.8 sec
 - d_sub 400 : OOB 0.1783 : L 65 : T 4.9 sec
 - d_sub 400 : OOB 0.1791 : L 66 : T 5.0 sec
 - d_sub 400 : OOB 0.1779 : L 67 : T 5.1 sec
 - d_sub 400 : OOB 0.1775 : L 68 : T 5.2 sec
 - d_sub 400 : OOB 0.1779 : L 69 : T 5.2 sec
 - d_sub 400 : OOB 0.1771 : L 70 : T 5.3 sec
 - d_sub 400 : OOB 0.1765 : L 71 : T 5.4 sec
 - d_sub 400 : OOB 0.1772 : L 72 : T 5.5 sec
 - d_sub 400 : OOB 0.1770 : L 73 : T 5.5 sec
 - d_sub 400 : OOB 0.1754 : L 74 : T 5.6 sec
 - d_sub 400 : OOB 0.1757 : L 75 : T 5.7 sec
 - d_sub 400 : OOB 0.1759 : L 76 : T 5.8 sec
 - d_sub 400 : OOB 0.1758 : L 77 : T 5.8 sec
 - d_sub 400 : OOB 0.1749 : L 78 : T 5.9 sec
 - d_sub 400 : OOB 0.1750 : L 79 : T 6.0 sec
 - d_sub 400 : OOB 0.1749 : L 80 : T 6.0 sec
 - d_sub 400 : OOB 0.1752 : L 81 : T 6.1 sec
 - d_sub 400 : OOB 0.1757 : L 82 : T 6.2 sec
 - d_sub 400 : OOB 0.1762 : L 83 : T 6.2 sec
 - d_sub 400 : OOB 0.1747 : L 84 : T 6.3 sec
 - d_sub 400 : OOB 0.1743 : L 85 : T 6.4 sec
 - d_sub 400 : OOB 0.1745 : L 86 : T 6.4 sec
 - d_sub 400 : OOB 0.1739 : L 87 : T 6.5 sec
 - d_sub 400 : OOB 0.1747 : L 88 : T 6.6 sec
 - d_sub 400 : OOB 0.1747 : L 89 : T 6.6 sec
 - d_sub 400 : OOB 0.1746 : L 90 : T 6.7 sec
 - d_sub 400 : OOB 0.1742 : L 91 : T 6.8 sec
 - d_sub 400 : OOB 0.1743 : L 92 : T 6.8 sec
 - d_sub 400 : OOB 0.1733 : L 93 : T 6.9 sec
 - d_sub 400 : OOB 0.1733 : L 94 : T 7.0 sec
 - d_sub 400 : OOB 0.1737 : L 95 : T 7.0 sec
 - d_sub 400 : OOB 0.1745 : L 96 : T 7.1 sec
 - d_sub 400 : OOB 0.1751 : L 97 : T 7.2 sec
 - d_sub 400 : OOB 0.1764 : L 98 : T 7.2 sec
 - d_sub 400 : OOB 0.1754 : L 99 : T 7.3 sec
 - d_sub 400 : OOB 0.1764 : L 100 : T 7.4 sec
 - d_sub 400 : OOB 0.1748 : L 101 : T 7.5 sec
 - d_sub 400 : OOB 0.1750 : L 102 : T 7.5 sec
 - d_sub 400 : OOB 0.1752 : L 103 : T 7.6 sec
 - d_sub 400 : OOB 0.1751 : L 104 : T 7.7 sec
 - d_sub 400 : OOB 0.1749 : L 105 : T 7.7 sec
 - d_sub 400 : OOB 0.1747 : L 106 : T 7.8 sec
 - d_sub 400 : OOB 0.1736 : L 107 : T 7.8 sec
 - d_sub 400 : OOB 0.1741 : L 108 : T 7.9 sec
 - d_sub 400 : OOB 0.1728 : L 109 : T 8.0 sec
 - d_sub 400 : OOB 0.1748 : L 110 : T 8.0 sec
 - d_sub 400 : OOB 0.1747 : L 111 : T 8.1 sec
 - d_sub 400 : OOB 0.1746 : L 112 : T 8.2 sec
 - d_sub 400 : OOB 0.1741 : L 113 : T 8.2 sec

 - d_sub 600 : OOB 0.3959 : L 1 : T 0.1 sec
 - d_sub 600 : OOB 0.3258 : L 2 : T 0.2 sec
 - d_sub 600 : OOB 0.2854 : L 3 : T 0.3 sec
 - d_sub 600 : OOB 0.2492 : L 4 : T 0.4 sec
 - d_sub 600 : OOB 0.2233 : L 5 : T 0.5 sec
 - d_sub 600 : OOB 0.2135 : L 6 : T 0.6 sec
 - d_sub 600 : OOB 0.2074 : L 7 : T 0.7 sec
 - d_sub 600 : OOB 0.1959 : L 8 : T 0.9 sec
 - d_sub 600 : OOB 0.1922 : L 9 : T 1.0 sec
 - d_sub 600 : OOB 0.1892 : L 10 : T 1.1 sec
 - d_sub 600 : OOB 0.1861 : L 11 : T 1.2 sec
 - d_sub 600 : OOB 0.1830 : L 12 : T 1.3 sec
 - d_sub 600 : OOB 0.1791 : L 13 : T 1.4 sec
 - d_sub 600 : OOB 0.1773 : L 14 : T 1.5 sec
 - d_sub 600 : OOB 0.1785 : L 15 : T 1.6 sec
 - d_sub 600 : OOB 0.1754 : L 16 : T 1.7 sec
 - d_sub 600 : OOB 0.1768 : L 17 : T 1.8 sec
 - d_sub 600 : OOB 0.1726 : L 18 : T 1.9 sec
 - d_sub 600 : OOB 0.1723 : L 19 : T 2.0 sec
 - d_sub 600 : OOB 0.1713 : L 20 : T 2.1 sec
 - d_sub 600 : OOB 0.1709 : L 21 : T 2.2 sec
 - d_sub 600 : OOB 0.1688 : L 22 : T 2.4 sec
 - d_sub 600 : OOB 0.1679 : L 23 : T 2.4 sec
 - d_sub 600 : OOB 0.1670 : L 24 : T 2.6 sec
 - d_sub 600 : OOB 0.1667 : L 25 : T 2.7 sec
 - d_sub 600 : OOB 0.1654 : L 26 : T 2.8 sec
 - d_sub 600 : OOB 0.1666 : L 27 : T 2.9 sec
 - d_sub 600 : OOB 0.1647 : L 28 : T 3.0 sec
 - d_sub 600 : OOB 0.1636 : L 29 : T 3.1 sec
 - d_sub 600 : OOB 0.1649 : L 30 : T 3.3 sec
 - d_sub 600 : OOB 0.1632 : L 31 : T 3.4 sec
 - d_sub 600 : OOB 0.1631 : L 32 : T 3.5 sec
 - d_sub 600 : OOB 0.1630 : L 33 : T 3.6 sec
 - d_sub 600 : OOB 0.1628 : L 34 : T 3.7 sec
 - d_sub 600 : OOB 0.1635 : L 35 : T 3.9 sec
 - d_sub 600 : OOB 0.1628 : L 36 : T 4.0 sec
 - d_sub 600 : OOB 0.1628 : L 37 : T 4.1 sec
 - d_sub 600 : OOB 0.1636 : L 38 : T 4.2 sec
 - d_sub 600 : OOB 0.1620 : L 39 : T 4.4 sec
 - d_sub 600 : OOB 0.1600 : L 40 : T 4.5 sec
 - d_sub 600 : OOB 0.1618 : L 41 : T 4.7 sec
 - d_sub 600 : OOB 0.1605 : L 42 : T 4.8 sec
 - d_sub 600 : OOB 0.1612 : L 43 : T 4.9 sec
 - d_sub 600 : OOB 0.1604 : L 44 : T 5.0 sec
 - d_sub 600 : OOB 0.1608 : L 45 : T 5.2 sec
 - d_sub 600 : OOB 0.1610 : L 46 : T 5.3 sec
 - d_sub 600 : OOB 0.1595 : L 47 : T 5.4 sec
 - d_sub 600 : OOB 0.1596 : L 48 : T 5.5 sec
 - d_sub 600 : OOB 0.1604 : L 49 : T 5.6 sec
 - d_sub 600 : OOB 0.1593 : L 50 : T 5.8 sec
 - d_sub 600 : OOB 0.1605 : L 51 : T 5.9 sec
 - d_sub 600 : OOB 0.1611 : L 52 : T 6.0 sec
 - d_sub 600 : OOB 0.1594 : L 53 : T 6.1 sec
 - d_sub 600 : OOB 0.1594 : L 54 : T 6.2 sec
 - d_sub 600 : OOB 0.1586 : L 55 : T 6.3 sec
 - d_sub 600 : OOB 0.1588 : L 56 : T 6.5 sec
 - d_sub 600 : OOB 0.1585 : L 57 : T 6.6 sec
 - d_sub 600 : OOB 0.1582 : L 58 : T 6.7 sec
 - d_sub 600 : OOB 0.1582 : L 59 : T 6.8 sec
 - d_sub 600 : OOB 0.1565 : L 60 : T 7.0 sec
 - d_sub 600 : OOB 0.1580 : L 61 : T 7.1 sec
 - d_sub 600 : OOB 0.1586 : L 62 : T 7.2 sec
 - d_sub 600 : OOB 0.1572 : L 63 : T 7.4 sec
 - d_sub 600 : OOB 0.1571 : L 64 : T 7.5 sec
 - d_sub 600 : OOB 0.1576 : L 65 : T 7.6 sec
 - d_sub 600 : OOB 0.1568 : L 66 : T 7.7 sec
 - d_sub 600 : OOB 0.1574 : L 67 : T 7.8 sec
 - d_sub 600 : OOB 0.1563 : L 68 : T 7.9 sec
 - d_sub 600 : OOB 0.1571 : L 69 : T 8.1 sec
 - d_sub 600 : OOB 0.1581 : L 70 : T 8.2 sec
 - d_sub 600 : OOB 0.1582 : L 71 : T 8.3 sec
 - d_sub 600 : OOB 0.1571 : L 72 : T 8.4 sec
 - d_sub 600 : OOB 0.1591 : L 73 : T 8.6 sec
 - d_sub 600 : OOB 0.1575 : L 74 : T 8.7 sec
 - d_sub 600 : OOB 0.1583 : L 75 : T 8.8 sec
 - d_sub 600 : OOB 0.1581 : L 76 : T 8.9 sec
 - d_sub 600 : OOB 0.1578 : L 77 : T 9.0 sec
 - d_sub 600 : OOB 0.1576 : L 78 : T 9.1 sec
 - d_sub 600 : OOB 0.1586 : L 79 : T 9.3 sec
 - d_sub 600 : OOB 0.1578 : L 80 : T 9.4 sec
 - d_sub 600 : OOB 0.1595 : L 81 : T 9.5 sec
 - d_sub 600 : OOB 0.1587 : L 82 : T 9.6 sec
 - d_sub 600 : OOB 0.1582 : L 83 : T 9.7 sec
 - d_sub 600 : OOB 0.1581 : L 84 : T 9.9 sec
 - d_sub 600 : OOB 0.1591 : L 85 : T 10.0 sec
 - d_sub 600 : OOB 0.1583 : L 86 : T 10.1 sec
 - d_sub 600 : OOB 0.1588 : L 87 : T 10.2 sec

 - d_sub 800 : OOB 0.3889 : L 1 : T 0.2 sec
 - d_sub 800 : OOB 0.3330 : L 2 : T 0.3 sec
 - d_sub 800 : OOB 0.2949 : L 3 : T 0.5 sec
 - d_sub 800 : OOB 0.2573 : L 4 : T 0.6 sec
 - d_sub 800 : OOB 0.2281 : L 5 : T 0.8 sec
 - d_sub 800 : OOB 0.2139 : L 6 : T 0.9 sec
 - d_sub 800 : OOB 0.2073 : L 7 : T 1.1 sec
 - d_sub 800 : OOB 0.1919 : L 8 : T 1.2 sec
 - d_sub 800 : OOB 0.1863 : L 9 : T 1.4 sec
 - d_sub 800 : OOB 0.1837 : L 10 : T 1.5 sec
 - d_sub 800 : OOB 0.1812 : L 11 : T 1.6 sec
 - d_sub 800 : OOB 0.1770 : L 12 : T 1.8 sec
 - d_sub 800 : OOB 0.1730 : L 13 : T 2.0 sec
 - d_sub 800 : OOB 0.1727 : L 14 : T 2.1 sec
 - d_sub 800 : OOB 0.1674 : L 15 : T 2.3 sec
 - d_sub 800 : OOB 0.1678 : L 16 : T 2.4 sec
 - d_sub 800 : OOB 0.1662 : L 17 : T 2.6 sec
 - d_sub 800 : OOB 0.1666 : L 18 : T 2.7 sec
 - d_sub 800 : OOB 0.1637 : L 19 : T 2.9 sec
 - d_sub 800 : OOB 0.1646 : L 20 : T 3.1 sec
 - d_sub 800 : OOB 0.1653 : L 21 : T 3.2 sec
 - d_sub 800 : OOB 0.1651 : L 22 : T 3.4 sec
 - d_sub 800 : OOB 0.1639 : L 23 : T 3.5 sec
 - d_sub 800 : OOB 0.1637 : L 24 : T 3.7 sec
 - d_sub 800 : OOB 0.1640 : L 25 : T 3.8 sec
 - d_sub 800 : OOB 0.1628 : L 26 : T 4.0 sec
 - d_sub 800 : OOB 0.1608 : L 27 : T 4.1 sec
 - d_sub 800 : OOB 0.1600 : L 28 : T 4.3 sec
 - d_sub 800 : OOB 0.1585 : L 29 : T 4.4 sec
 - d_sub 800 : OOB 0.1601 : L 30 : T 4.6 sec
 - d_sub 800 : OOB 0.1587 : L 31 : T 4.7 sec
 - d_sub 800 : OOB 0.1572 : L 32 : T 4.9 sec
 - d_sub 800 : OOB 0.1575 : L 33 : T 5.0 sec
 - d_sub 800 : OOB 0.1581 : L 34 : T 5.2 sec
 - d_sub 800 : OOB 0.1557 : L 35 : T 5.3 sec
 - d_sub 800 : OOB 0.1554 : L 36 : T 5.5 sec
 - d_sub 800 : OOB 0.1558 : L 37 : T 5.6 sec
 - d_sub 800 : OOB 0.1548 : L 38 : T 5.8 sec
 - d_sub 800 : OOB 0.1560 : L 39 : T 6.0 sec
 - d_sub 800 : OOB 0.1552 : L 40 : T 6.1 sec
 - d_sub 800 : OOB 0.1575 : L 41 : T 6.3 sec
 - d_sub 800 : OOB 0.1573 : L 42 : T 6.5 sec
 - d_sub 800 : OOB 0.1531 : L 43 : T 6.7 sec
 - d_sub 800 : OOB 0.1550 : L 44 : T 6.8 sec
 - d_sub 800 : OOB 0.1555 : L 45 : T 7.0 sec
 - d_sub 800 : OOB 0.1553 : L 46 : T 7.2 sec
 - d_sub 800 : OOB 0.1553 : L 47 : T 7.4 sec
 - d_sub 800 : OOB 0.1551 : L 48 : T 7.6 sec
 - d_sub 800 : OOB 0.1537 : L 49 : T 7.8 sec
 - d_sub 800 : OOB 0.1549 : L 50 : T 8.0 sec
 - d_sub 800 : OOB 0.1535 : L 51 : T 8.1 sec
 - d_sub 800 : OOB 0.1546 : L 52 : T 8.3 sec
 - d_sub 800 : OOB 0.1542 : L 53 : T 8.5 sec
 - d_sub 800 : OOB 0.1539 : L 54 : T 8.7 sec
 - d_sub 800 : OOB 0.1536 : L 55 : T 8.9 sec
 - d_sub 800 : OOB 0.1540 : L 56 : T 9.1 sec
 - d_sub 800 : OOB 0.1539 : L 57 : T 9.2 sec
 - d_sub 800 : OOB 0.1531 : L 58 : T 9.4 sec
 - d_sub 800 : OOB 0.1533 : L 59 : T 9.6 sec
 - d_sub 800 : OOB 0.1530 : L 60 : T 9.8 sec
 - d_sub 800 : OOB 0.1530 : L 61 : T 10.0 sec
 - d_sub 800 : OOB 0.1528 : L 62 : T 10.2 sec
 - d_sub 800 : OOB 0.1523 : L 63 : T 10.4 sec
 - d_sub 800 : OOB 0.1524 : L 64 : T 10.6 sec
 - d_sub 800 : OOB 0.1523 : L 65 : T 10.7 sec
 - d_sub 800 : OOB 0.1531 : L 66 : T 11.0 sec
 - d_sub 800 : OOB 0.1526 : L 67 : T 11.1 sec
 - d_sub 800 : OOB 0.1536 : L 68 : T 11.3 sec
 - d_sub 800 : OOB 0.1519 : L 69 : T 11.5 sec
 - d_sub 800 : OOB 0.1521 : L 70 : T 11.7 sec
 - d_sub 800 : OOB 0.1528 : L 71 : T 11.9 sec
 - d_sub 800 : OOB 0.1527 : L 72 : T 12.1 sec
 - d_sub 800 : OOB 0.1529 : L 73 : T 12.3 sec
 - d_sub 800 : OOB 0.1536 : L 74 : T 12.4 sec
 - d_sub 800 : OOB 0.1526 : L 75 : T 12.6 sec
 - d_sub 800 : OOB 0.1532 : L 76 : T 12.8 sec
 - d_sub 800 : OOB 0.1542 : L 77 : T 13.0 sec
 - d_sub 800 : OOB 0.1541 : L 78 : T 13.2 sec
 - d_sub 800 : OOB 0.1525 : L 79 : T 13.4 sec
 - d_sub 800 : OOB 0.1530 : L 80 : T 13.6 sec

 - d_sub 1000 : OOB 0.3916 : L 1 : T 0.2 sec
 - d_sub 1000 : OOB 0.3165 : L 2 : T 0.5 sec
 - d_sub 1000 : OOB 0.2787 : L 3 : T 0.7 sec
 - d_sub 1000 : OOB 0.2487 : L 4 : T 0.9 sec
 - d_sub 1000 : OOB 0.2230 : L 5 : T 1.1 sec
 - d_sub 1000 : OOB 0.2073 : L 6 : T 1.4 sec
 - d_sub 1000 : OOB 0.2031 : L 7 : T 1.5 sec
 - d_sub 1000 : OOB 0.1867 : L 8 : T 1.8 sec
 - d_sub 1000 : OOB 0.1806 : L 9 : T 2.0 sec
 - d_sub 1000 : OOB 0.1781 : L 10 : T 2.2 sec
 - d_sub 1000 : OOB 0.1764 : L 11 : T 2.4 sec
 - d_sub 1000 : OOB 0.1746 : L 12 : T 2.6 sec
 - d_sub 1000 : OOB 0.1703 : L 13 : T 2.9 sec
 - d_sub 1000 : OOB 0.1663 : L 14 : T 3.1 sec
 - d_sub 1000 : OOB 0.1657 : L 15 : T 3.3 sec
 - d_sub 1000 : OOB 0.1628 : L 16 : T 3.5 sec
 - d_sub 1000 : OOB 0.1618 : L 17 : T 3.7 sec
 - d_sub 1000 : OOB 0.1621 : L 18 : T 4.0 sec
 - d_sub 1000 : OOB 0.1590 : L 19 : T 4.2 sec
 - d_sub 1000 : OOB 0.1590 : L 20 : T 4.4 sec
 - d_sub 1000 : OOB 0.1571 : L 21 : T 4.6 sec
 - d_sub 1000 : OOB 0.1573 : L 22 : T 4.8 sec
 - d_sub 1000 : OOB 0.1565 : L 23 : T 5.1 sec
 - d_sub 1000 : OOB 0.1572 : L 24 : T 5.3 sec
 - d_sub 1000 : OOB 0.1572 : L 25 : T 5.5 sec
 - d_sub 1000 : OOB 0.1577 : L 26 : T 5.7 sec
 - d_sub 1000 : OOB 0.1562 : L 27 : T 6.0 sec
 - d_sub 1000 : OOB 0.1566 : L 28 : T 6.2 sec
 - d_sub 1000 : OOB 0.1537 : L 29 : T 6.5 sec
 - d_sub 1000 : OOB 0.1548 : L 30 : T 6.8 sec
 - d_sub 1000 : OOB 0.1536 : L 31 : T 7.0 sec
 - d_sub 1000 : OOB 0.1535 : L 32 : T 7.3 sec
 - d_sub 1000 : OOB 0.1549 : L 33 : T 7.5 sec
 - d_sub 1000 : OOB 0.1529 : L 34 : T 7.8 sec
 - d_sub 1000 : OOB 0.1543 : L 35 : T 8.1 sec
 - d_sub 1000 : OOB 0.1525 : L 36 : T 8.3 sec
 - d_sub 1000 : OOB 0.1512 : L 37 : T 8.6 sec
 - d_sub 1000 : OOB 0.1499 : L 38 : T 8.8 sec
 - d_sub 1000 : OOB 0.1509 : L 39 : T 9.1 sec
 - d_sub 1000 : OOB 0.1510 : L 40 : T 9.4 sec
 - d_sub 1000 : OOB 0.1511 : L 41 : T 9.6 sec
 - d_sub 1000 : OOB 0.1506 : L 42 : T 9.9 sec
 - d_sub 1000 : OOB 0.1516 : L 43 : T 10.1 sec
 - d_sub 1000 : OOB 0.1515 : L 44 : T 10.4 sec
 - d_sub 1000 : OOB 0.1499 : L 45 : T 10.6 sec
 - d_sub 1000 : OOB 0.1494 : L 46 : T 10.9 sec
 - d_sub 1000 : OOB 0.1495 : L 47 : T 11.1 sec
 - d_sub 1000 : OOB 0.1492 : L 48 : T 11.4 sec
 - d_sub 1000 : OOB 0.1482 : L 49 : T 11.6 sec
 - d_sub 1000 : OOB 0.1498 : L 50 : T 11.9 sec
 - d_sub 1000 : OOB 0.1492 : L 51 : T 12.1 sec
 - d_sub 1000 : OOB 0.1495 : L 52 : T 12.4 sec
 - d_sub 1000 : OOB 0.1492 : L 53 : T 12.7 sec
 - d_sub 1000 : OOB 0.1484 : L 54 : T 12.9 sec
 - d_sub 1000 : OOB 0.1489 : L 55 : T 13.1 sec
 - d_sub 1000 : OOB 0.1496 : L 56 : T 13.4 sec
 - d_sub 1000 : OOB 0.1489 : L 57 : T 13.6 sec
 - d_sub 1000 : OOB 0.1499 : L 58 : T 13.8 sec
 - d_sub 1000 : OOB 0.1493 : L 59 : T 14.0 sec
 - d_sub 1000 : OOB 0.1494 : L 60 : T 14.2 sec
 - d_sub 1000 : OOB 0.1491 : L 61 : T 14.4 sec
 - d_sub 1000 : OOB 0.1497 : L 62 : T 14.6 sec
 - d_sub 1000 : OOB 0.1480 : L 63 : T 14.8 sec
 - d_sub 1000 : OOB 0.1484 : L 64 : T 15.0 sec
 - d_sub 1000 : OOB 0.1479 : L 65 : T 15.3 sec
 - d_sub 1000 : OOB 0.1477 : L 66 : T 15.5 sec
 - d_sub 1000 : OOB 0.1474 : L 67 : T 15.7 sec
 - d_sub 1000 : OOB 0.1467 : L 68 : T 15.9 sec
 - d_sub 1000 : OOB 0.1473 : L 69 : T 16.1 sec
 - d_sub 1000 : OOB 0.1456 : L 70 : T 16.4 sec
 - d_sub 1000 : OOB 0.1453 : L 71 : T 16.6 sec
 - d_sub 1000 : OOB 0.1467 : L 72 : T 16.8 sec
 - d_sub 1000 : OOB 0.1473 : L 73 : T 17.0 sec
 - d_sub 1000 : OOB 0.1448 : L 74 : T 17.2 sec
 - d_sub 1000 : OOB 0.1461 : L 75 : T 17.4 sec
 - d_sub 1000 : OOB 0.1466 : L 76 : T 17.7 sec
 - d_sub 1000 : OOB 0.1453 : L 77 : T 17.9 sec
 - d_sub 1000 : OOB 0.1452 : L 78 : T 18.1 sec
 - d_sub 1000 : OOB 0.1453 : L 79 : T 18.3 sec
 - d_sub 1000 : OOB 0.1451 : L 80 : T 18.5 sec
 - d_sub 1000 : OOB 0.1446 : L 81 : T 18.7 sec
 - d_sub 1000 : OOB 0.1450 : L 82 : T 18.9 sec
 - d_sub 1000 : OOB 0.1454 : L 83 : T 19.2 sec
 - d_sub 1000 : OOB 0.1458 : L 84 : T 19.4 sec
 - d_sub 1000 : OOB 0.1449 : L 85 : T 19.7 sec
 - d_sub 1000 : OOB 0.1452 : L 86 : T 19.9 sec
 - d_sub 1000 : OOB 0.1452 : L 87 : T 20.1 sec
 - d_sub 1000 : OOB 0.1451 : L 88 : T 20.3 sec
 - d_sub 1000 : OOB 0.1449 : L 89 : T 20.6 sec
 - d_sub 1000 : OOB 0.1432 : L 90 : T 20.8 sec
 - d_sub 1000 : OOB 0.1447 : L 91 : T 21.0 sec
 - d_sub 1000 : OOB 0.1439 : L 92 : T 21.3 sec
 - d_sub 1000 : OOB 0.1440 : L 93 : T 21.6 sec
 - d_sub 1000 : OOB 0.1442 : L 94 : T 21.8 sec
 - d_sub 1000 : OOB 0.1432 : L 95 : T 22.1 sec
 - d_sub 1000 : OOB 0.1436 : L 96 : T 22.3 sec
 - d_sub 1000 : OOB 0.1428 : L 97 : T 22.5 sec
 - d_sub 1000 : OOB 0.1436 : L 98 : T 22.8 sec
 - d_sub 1000 : OOB 0.1440 : L 99 : T 23.1 sec
 - d_sub 1000 : OOB 0.1445 : L 100 : T 23.3 sec
 - d_sub 1000 : OOB 0.1444 : L 101 : T 23.6 sec
 - d_sub 1000 : OOB 0.1446 : L 102 : T 23.8 sec
 - d_sub 1000 : OOB 0.1452 : L 103 : T 24.1 sec
 - d_sub 1000 : OOB 0.1449 : L 104 : T 24.3 sec
 - d_sub 1000 : OOB 0.1440 : L 105 : T 24.6 sec
 - d_sub 1000 : OOB 0.1432 : L 106 : T 24.8 sec
 - d_sub 1000 : OOB 0.1445 : L 107 : T 25.1 sec
 - d_sub 1000 : OOB 0.1441 : L 108 : T 25.3 sec
 - d_sub 1000 : OOB 0.1433 : L 109 : T 25.6 sec
 - d_sub 1000 : OOB 0.1435 : L 110 : T 25.8 sec
 - d_sub 1000 : OOB 0.1428 : L 111 : T 26.0 sec

 - d_sub 1200 : OOB 0.3880 : L 1 : T 0.3 sec
 - d_sub 1200 : OOB 0.3178 : L 2 : T 0.6 sec
 - d_sub 1200 : OOB 0.2734 : L 3 : T 0.9 sec
 - d_sub 1200 : OOB 0.2366 : L 4 : T 1.2 sec
 - d_sub 1200 : OOB 0.2155 : L 5 : T 1.5 sec
 - d_sub 1200 : OOB 0.2015 : L 6 : T 1.8 sec
 - d_sub 1200 : OOB 0.1961 : L 7 : T 2.1 sec
 - d_sub 1200 : OOB 0.1869 : L 8 : T 2.3 sec
 - d_sub 1200 : OOB 0.1808 : L 9 : T 2.6 sec
 - d_sub 1200 : OOB 0.1723 : L 10 : T 2.9 sec
 - d_sub 1200 : OOB 0.1667 : L 11 : T 3.2 sec
 - d_sub 1200 : OOB 0.1644 : L 12 : T 3.5 sec
 - d_sub 1200 : OOB 0.1619 : L 13 : T 3.7 sec
 - d_sub 1200 : OOB 0.1604 : L 14 : T 4.0 sec
 - d_sub 1200 : OOB 0.1592 : L 15 : T 4.3 sec
 - d_sub 1200 : OOB 0.1571 : L 16 : T 4.6 sec
 - d_sub 1200 : OOB 0.1593 : L 17 : T 4.9 sec
 - d_sub 1200 : OOB 0.1556 : L 18 : T 5.2 sec
 - d_sub 1200 : OOB 0.1552 : L 19 : T 5.5 sec
 - d_sub 1200 : OOB 0.1566 : L 20 : T 5.7 sec
 - d_sub 1200 : OOB 0.1530 : L 21 : T 6.0 sec
 - d_sub 1200 : OOB 0.1531 : L 22 : T 6.3 sec
 - d_sub 1200 : OOB 0.1519 : L 23 : T 6.6 sec
 - d_sub 1200 : OOB 0.1506 : L 24 : T 6.9 sec
 - d_sub 1200 : OOB 0.1487 : L 25 : T 7.3 sec
 - d_sub 1200 : OOB 0.1483 : L 26 : T 7.7 sec
 - d_sub 1200 : OOB 0.1486 : L 27 : T 8.0 sec
 - d_sub 1200 : OOB 0.1454 : L 28 : T 8.4 sec
 - d_sub 1200 : OOB 0.1453 : L 29 : T 8.7 sec
 - d_sub 1200 : OOB 0.1446 : L 30 : T 9.0 sec
 - d_sub 1200 : OOB 0.1456 : L 31 : T 9.3 sec
 - d_sub 1200 : OOB 0.1461 : L 32 : T 9.6 sec
 - d_sub 1200 : OOB 0.1441 : L 33 : T 9.9 sec
 - d_sub 1200 : OOB 0.1444 : L 34 : T 10.3 sec
 - d_sub 1200 : OOB 0.1434 : L 35 : T 10.6 sec
 - d_sub 1200 : OOB 0.1442 : L 36 : T 10.9 sec
 - d_sub 1200 : OOB 0.1439 : L 37 : T 11.2 sec
 - d_sub 1200 : OOB 0.1449 : L 38 : T 11.6 sec
 - d_sub 1200 : OOB 0.1450 : L 39 : T 11.9 sec
 - d_sub 1200 : OOB 0.1451 : L 40 : T 12.2 sec
 - d_sub 1200 : OOB 0.1448 : L 41 : T 12.5 sec
 - d_sub 1200 : OOB 0.1430 : L 42 : T 12.8 sec
 - d_sub 1200 : OOB 0.1450 : L 43 : T 13.1 sec
 - d_sub 1200 : OOB 0.1446 : L 44 : T 13.5 sec
 - d_sub 1200 : OOB 0.1434 : L 45 : T 13.8 sec
 - d_sub 1200 : OOB 0.1429 : L 46 : T 14.1 sec
 - d_sub 1200 : OOB 0.1419 : L 47 : T 14.4 sec
 - d_sub 1200 : OOB 0.1406 : L 48 : T 14.7 sec
 - d_sub 1200 : OOB 0.1428 : L 49 : T 15.0 sec
 - d_sub 1200 : OOB 0.1428 : L 50 : T 15.3 sec
 - d_sub 1200 : OOB 0.1433 : L 51 : T 15.6 sec
 - d_sub 1200 : OOB 0.1430 : L 52 : T 15.9 sec
 - d_sub 1200 : OOB 0.1423 : L 53 : T 16.1 sec
 - d_sub 1200 : OOB 0.1434 : L 54 : T 16.4 sec
 - d_sub 1200 : OOB 0.1442 : L 55 : T 16.7 sec
 - d_sub 1200 : OOB 0.1440 : L 56 : T 17.0 sec
 - d_sub 1200 : OOB 0.1438 : L 57 : T 17.3 sec
 - d_sub 1200 : OOB 0.1435 : L 58 : T 17.5 sec
 - d_sub 1200 : OOB 0.1439 : L 59 : T 17.8 sec
 - d_sub 1200 : OOB 0.1444 : L 60 : T 18.1 sec
 - d_sub 1200 : OOB 0.1431 : L 61 : T 18.3 sec
 - d_sub 1200 : OOB 0.1423 : L 62 : T 18.6 sec
 - d_sub 1200 : OOB 0.1426 : L 63 : T 18.9 sec
 - d_sub 1200 : OOB 0.1421 : L 64 : T 19.2 sec
 - d_sub 1200 : OOB 0.1430 : L 65 : T 19.5 sec
 - d_sub 1200 : OOB 0.1430 : L 66 : T 19.7 sec
 - d_sub 1200 : OOB 0.1435 : L 67 : T 20.0 sec
 - d_sub 1200 : OOB 0.1432 : L 68 : T 20.3 sec
 - d_sub 1200 : OOB 0.1426 : L 69 : T 20.7 sec
 - d_sub 1200 : OOB 0.1439 : L 70 : T 21.0 sec
 - d_sub 1200 : OOB 0.1432 : L 71 : T 21.3 sec
 - d_sub 1200 : OOB 0.1424 : L 72 : T 21.6 sec
 - d_sub 1200 : OOB 0.1419 : L 73 : T 21.9 sec
 - d_sub 1200 : OOB 0.1428 : L 74 : T 22.3 sec
 - d_sub 1200 : OOB 0.1440 : L 75 : T 22.6 sec

 - d_sub 1400 : OOB 0.3831 : L 1 : T 0.4 sec
 - d_sub 1400 : OOB 0.3127 : L 2 : T 0.8 sec
 - d_sub 1400 : OOB 0.2722 : L 3 : T 1.3 sec
 - d_sub 1400 : OOB 0.2399 : L 4 : T 1.7 sec
 - d_sub 1400 : OOB 0.2162 : L 5 : T 2.1 sec
 - d_sub 1400 : OOB 0.2016 : L 6 : T 2.5 sec
 - d_sub 1400 : OOB 0.1953 : L 7 : T 2.9 sec
 - d_sub 1400 : OOB 0.1817 : L 8 : T 3.2 sec
 - d_sub 1400 : OOB 0.1746 : L 9 : T 3.6 sec
 - d_sub 1400 : OOB 0.1717 : L 10 : T 4.0 sec
 - d_sub 1400 : OOB 0.1688 : L 11 : T 4.4 sec
 - d_sub 1400 : OOB 0.1670 : L 12 : T 4.8 sec
 - d_sub 1400 : OOB 0.1647 : L 13 : T 5.2 sec
 - d_sub 1400 : OOB 0.1619 : L 14 : T 5.5 sec
 - d_sub 1400 : OOB 0.1618 : L 15 : T 5.9 sec
 - d_sub 1400 : OOB 0.1581 : L 16 : T 6.3 sec
 - d_sub 1400 : OOB 0.1614 : L 17 : T 6.6 sec
 - d_sub 1400 : OOB 0.1602 : L 18 : T 7.0 sec
 - d_sub 1400 : OOB 0.1567 : L 19 : T 7.4 sec
 - d_sub 1400 : OOB 0.1578 : L 20 : T 7.7 sec
 - d_sub 1400 : OOB 0.1561 : L 21 : T 8.1 sec
 - d_sub 1400 : OOB 0.1542 : L 22 : T 8.4 sec
 - d_sub 1400 : OOB 0.1527 : L 23 : T 8.8 sec
 - d_sub 1400 : OOB 0.1508 : L 24 : T 9.2 sec
 - d_sub 1400 : OOB 0.1485 : L 25 : T 9.5 sec
 - d_sub 1400 : OOB 0.1473 : L 26 : T 9.9 sec
 - d_sub 1400 : OOB 0.1476 : L 27 : T 10.3 sec
 - d_sub 1400 : OOB 0.1482 : L 28 : T 10.7 sec
 - d_sub 1400 : OOB 0.1488 : L 29 : T 11.0 sec
 - d_sub 1400 : OOB 0.1487 : L 30 : T 11.4 sec
 - d_sub 1400 : OOB 0.1459 : L 31 : T 11.8 sec
 - d_sub 1400 : OOB 0.1469 : L 32 : T 12.2 sec
 - d_sub 1400 : OOB 0.1466 : L 33 : T 12.6 sec
 - d_sub 1400 : OOB 0.1455 : L 34 : T 13.1 sec
 - d_sub 1400 : OOB 0.1460 : L 35 : T 13.5 sec
 - d_sub 1400 : OOB 0.1451 : L 36 : T 13.9 sec
 - d_sub 1400 : OOB 0.1460 : L 37 : T 14.3 sec
 - d_sub 1400 : OOB 0.1449 : L 38 : T 14.7 sec
 - d_sub 1400 : OOB 0.1435 : L 39 : T 15.1 sec
 - d_sub 1400 : OOB 0.1436 : L 40 : T 15.5 sec
 - d_sub 1400 : OOB 0.1453 : L 41 : T 15.8 sec
 - d_sub 1400 : OOB 0.1428 : L 42 : T 16.2 sec
 - d_sub 1400 : OOB 0.1436 : L 43 : T 16.6 sec
 - d_sub 1400 : OOB 0.1423 : L 44 : T 17.0 sec
 - d_sub 1400 : OOB 0.1419 : L 45 : T 17.4 sec
 - d_sub 1400 : OOB 0.1413 : L 46 : T 17.9 sec
 - d_sub 1400 : OOB 0.1413 : L 47 : T 18.2 sec
 - d_sub 1400 : OOB 0.1417 : L 48 : T 18.7 sec
 - d_sub 1400 : OOB 0.1416 : L 49 : T 19.1 sec
 - d_sub 1400 : OOB 0.1421 : L 50 : T 19.6 sec
 - d_sub 1400 : OOB 0.1429 : L 51 : T 20.0 sec
 - d_sub 1400 : OOB 0.1426 : L 52 : T 20.3 sec
 - d_sub 1400 : OOB 0.1425 : L 53 : T 20.7 sec
 - d_sub 1400 : OOB 0.1415 : L 54 : T 21.1 sec
 - d_sub 1400 : OOB 0.1424 : L 55 : T 21.4 sec
 - d_sub 1400 : OOB 0.1426 : L 56 : T 21.8 sec
 - d_sub 1400 : OOB 0.1416 : L 57 : T 22.1 sec
 - d_sub 1400 : OOB 0.1412 : L 58 : T 22.5 sec
 - d_sub 1400 : OOB 0.1415 : L 59 : T 22.9 sec
 - d_sub 1400 : OOB 0.1419 : L 60 : T 23.2 sec
 - d_sub 1400 : OOB 0.1417 : L 61 : T 23.6 sec
 - d_sub 1400 : OOB 0.1417 : L 62 : T 23.9 sec
 - d_sub 1400 : OOB 0.1413 : L 63 : T 24.3 sec
 - d_sub 1400 : OOB 0.1406 : L 64 : T 24.6 sec
 - d_sub 1400 : OOB 0.1416 : L 65 : T 25.0 sec
 - d_sub 1400 : OOB 0.1424 : L 66 : T 25.4 sec
 - d_sub 1400 : OOB 0.1432 : L 67 : T 25.8 sec
 - d_sub 1400 : OOB 0.1416 : L 68 : T 26.2 sec
 - d_sub 1400 : OOB 0.1422 : L 69 : T 26.6 sec
 - d_sub 1400 : OOB 0.1416 : L 70 : T 26.9 sec
 - d_sub 1400 : OOB 0.1429 : L 71 : T 27.3 sec
 - d_sub 1400 : OOB 0.1427 : L 72 : T 27.7 sec
 - d_sub 1400 : OOB 0.1431 : L 73 : T 28.1 sec
 - d_sub 1400 : OOB 0.1417 : L 74 : T 28.5 sec
 - d_sub 1400 : OOB 0.1428 : L 75 : T 28.9 sec
 - d_sub 1400 : OOB 0.1424 : L 76 : T 29.3 sec
 - d_sub 1400 : OOB 0.1412 : L 77 : T 29.8 sec
 - d_sub 1400 : OOB 0.1414 : L 78 : T 30.2 sec
 - d_sub 1400 : OOB 0.1417 : L 79 : T 30.6 sec
 - d_sub 1400 : OOB 0.1413 : L 80 : T 31.0 sec

 - d_sub 1600 : OOB 0.3873 : L 1 : T 0.5 sec
 - d_sub 1600 : OOB 0.3144 : L 2 : T 1.0 sec
 - d_sub 1600 : OOB 0.2743 : L 3 : T 1.4 sec
 - d_sub 1600 : OOB 0.2462 : L 4 : T 1.9 sec
 - d_sub 1600 : OOB 0.2229 : L 5 : T 2.4 sec
 - d_sub 1600 : OOB 0.2248 : L 6 : T 2.9 sec
 - d_sub 1600 : OOB 0.2155 : L 7 : T 3.3 sec
 - d_sub 1600 : OOB 0.2020 : L 8 : T 3.7 sec
 - d_sub 1600 : OOB 0.1948 : L 9 : T 4.2 sec
 - d_sub 1600 : OOB 0.1873 : L 10 : T 4.6 sec
 - d_sub 1600 : OOB 0.1828 : L 11 : T 5.0 sec
 - d_sub 1600 : OOB 0.1751 : L 12 : T 5.4 sec
 - d_sub 1600 : OOB 0.1696 : L 13 : T 5.9 sec
 - d_sub 1600 : OOB 0.1669 : L 14 : T 6.3 sec
 - d_sub 1600 : OOB 0.1658 : L 15 : T 6.8 sec
 - d_sub 1600 : OOB 0.1607 : L 16 : T 7.2 sec
 - d_sub 1600 : OOB 0.1628 : L 17 : T 7.6 sec
 - d_sub 1600 : OOB 0.1619 : L 18 : T 8.0 sec
 - d_sub 1600 : OOB 0.1579 : L 19 : T 8.5 sec
 - d_sub 1600 : OOB 0.1574 : L 20 : T 9.0 sec
 - d_sub 1600 : OOB 0.1553 : L 21 : T 9.5 sec
 - d_sub 1600 : OOB 0.1562 : L 22 : T 10.0 sec
 - d_sub 1600 : OOB 0.1528 : L 23 : T 10.4 sec
 - d_sub 1600 : OOB 0.1528 : L 24 : T 11.0 sec
 - d_sub 1600 : OOB 0.1518 : L 25 : T 11.4 sec
 - d_sub 1600 : OOB 0.1531 : L 26 : T 11.9 sec
 - d_sub 1600 : OOB 0.1525 : L 27 : T 12.4 sec
 - d_sub 1600 : OOB 0.1505 : L 28 : T 12.9 sec
 - d_sub 1600 : OOB 0.1496 : L 29 : T 13.3 sec
 - d_sub 1600 : OOB 0.1506 : L 30 : T 13.8 sec
 - d_sub 1600 : OOB 0.1493 : L 31 : T 14.3 sec
 - d_sub 1600 : OOB 0.1472 : L 32 : T 14.8 sec
 - d_sub 1600 : OOB 0.1492 : L 33 : T 15.3 sec
 - d_sub 1600 : OOB 0.1479 : L 34 : T 15.9 sec
 - d_sub 1600 : OOB 0.1493 : L 35 : T 16.4 sec
 - d_sub 1600 : OOB 0.1477 : L 36 : T 16.8 sec
 - d_sub 1600 : OOB 0.1483 : L 37 : T 17.2 sec
 - d_sub 1600 : OOB 0.1479 : L 38 : T 17.7 sec
 - d_sub 1600 : OOB 0.1467 : L 39 : T 18.1 sec
 - d_sub 1600 : OOB 0.1469 : L 40 : T 18.5 sec
 - d_sub 1600 : OOB 0.1478 : L 41 : T 19.0 sec
 - d_sub 1600 : OOB 0.1454 : L 42 : T 19.4 sec
 - d_sub 1600 : OOB 0.1465 : L 43 : T 19.8 sec
 - d_sub 1600 : OOB 0.1471 : L 44 : T 20.2 sec
 - d_sub 1600 : OOB 0.1460 : L 45 : T 20.7 sec
 - d_sub 1600 : OOB 0.1465 : L 46 : T 21.1 sec
 - d_sub 1600 : OOB 0.1466 : L 47 : T 21.5 sec
 - d_sub 1600 : OOB 0.1456 : L 48 : T 22.0 sec
 - d_sub 1600 : OOB 0.1462 : L 49 : T 22.5 sec
 - d_sub 1600 : OOB 0.1457 : L 50 : T 23.0 sec
 - d_sub 1600 : OOB 0.1457 : L 51 : T 23.5 sec
 - d_sub 1600 : OOB 0.1443 : L 52 : T 24.1 sec
 - d_sub 1600 : OOB 0.1451 : L 53 : T 24.7 sec
 - d_sub 1600 : OOB 0.1467 : L 54 : T 25.2 sec
 - d_sub 1600 : OOB 0.1463 : L 55 : T 25.8 sec
 - d_sub 1600 : OOB 0.1466 : L 56 : T 26.3 sec
 - d_sub 1600 : OOB 0.1453 : L 57 : T 26.8 sec
 - d_sub 1600 : OOB 0.1443 : L 58 : T 27.3 sec
 - d_sub 1600 : OOB 0.1443 : L 59 : T 27.9 sec
 - d_sub 1600 : OOB 0.1441 : L 60 : T 28.4 sec
 - d_sub 1600 : OOB 0.1424 : L 61 : T 29.0 sec
 - d_sub 1600 : OOB 0.1419 : L 62 : T 29.5 sec
 - d_sub 1600 : OOB 0.1423 : L 63 : T 30.0 sec
 - d_sub 1600 : OOB 0.1423 : L 64 : T 30.6 sec
 - d_sub 1600 : OOB 0.1418 : L 65 : T 31.0 sec
 - d_sub 1600 : OOB 0.1408 : L 66 : T 31.5 sec
 - d_sub 1600 : OOB 0.1412 : L 67 : T 32.0 sec
 - d_sub 1600 : OOB 0.1416 : L 68 : T 32.5 sec
 - d_sub 1600 : OOB 0.1421 : L 69 : T 33.0 sec
 - d_sub 1600 : OOB 0.1421 : L 70 : T 33.5 sec
 - d_sub 1600 : OOB 0.1415 : L 71 : T 33.9 sec
 - d_sub 1600 : OOB 0.1420 : L 72 : T 34.4 sec
 - d_sub 1600 : OOB 0.1417 : L 73 : T 34.9 sec
 - d_sub 1600 : OOB 0.1412 : L 74 : T 35.4 sec
 - d_sub 1600 : OOB 0.1424 : L 75 : T 35.9 sec
 - d_sub 1600 : OOB 0.1419 : L 76 : T 36.4 sec
 - d_sub 1600 : OOB 0.1407 : L 77 : T 37.0 sec
 - d_sub 1600 : OOB 0.1418 : L 78 : T 37.5 sec
 - d_sub 1600 : OOB 0.1414 : L 79 : T 38.0 sec
 - d_sub 1600 : OOB 0.1410 : L 80 : T 38.5 sec
 - d_sub 1600 : OOB 0.1412 : L 81 : T 39.0 sec
 - d_sub 1600 : OOB 0.1411 : L 82 : T 39.4 sec
 - d_sub 1600 : OOB 0.1403 : L 83 : T 40.0 sec
 - d_sub 1600 : OOB 0.1402 : L 84 : T 40.5 sec
 - d_sub 1600 : OOB 0.1411 : L 85 : T 41.0 sec
 - d_sub 1600 : OOB 0.1413 : L 86 : T 41.6 sec
 - d_sub 1600 : OOB 0.1406 : L 87 : T 42.2 sec
 - d_sub 1600 : OOB 0.1411 : L 88 : T 42.8 sec
 - d_sub 1600 : OOB 0.1404 : L 89 : T 43.3 sec
 - d_sub 1600 : OOB 0.1402 : L 90 : T 43.8 sec
 - d_sub 1600 : OOB 0.1407 : L 91 : T 44.3 sec
 - d_sub 1600 : OOB 0.1412 : L 92 : T 44.8 sec
 - d_sub 1600 : OOB 0.1411 : L 93 : T 45.2 sec
 - d_sub 1600 : OOB 0.1408 : L 94 : T 45.7 sec
 - d_sub 1600 : OOB 0.1407 : L 95 : T 46.2 sec
 - d_sub 1600 : OOB 0.1417 : L 96 : T 46.7 sec
 - d_sub 1600 : OOB 0.1414 : L 97 : T 47.2 sec
 - d_sub 1600 : OOB 0.1415 : L 98 : T 47.7 sec
 - d_sub 1600 : OOB 0.1416 : L 99 : T 48.1 sec
 - d_sub 1600 : OOB 0.1408 : L 100 : T 48.6 sec
 - d_sub 1600 : OOB 0.1410 : L 101 : T 49.1 sec
 - d_sub 1600 : OOB 0.1414 : L 102 : T 49.6 sec
 - d_sub 1600 : OOB 0.1408 : L 103 : T 50.1 sec
 - d_sub 1600 : OOB 0.1400 : L 104 : T 50.6 sec

 - d_sub 1800 : OOB 0.3851 : L 1 : T 0.7 sec
 - d_sub 1800 : OOB 0.3163 : L 2 : T 1.3 sec
 - d_sub 1800 : OOB 0.2722 : L 3 : T 2.0 sec
 - d_sub 1800 : OOB 0.2438 : L 4 : T 2.7 sec
 - d_sub 1800 : OOB 0.2231 : L 5 : T 3.4 sec
 - d_sub 1800 : OOB 0.2111 : L 6 : T 4.0 sec
 - d_sub 1800 : OOB 0.2047 : L 7 : T 4.6 sec
 - d_sub 1800 : OOB 0.1904 : L 8 : T 5.2 sec
 - d_sub 1800 : OOB 0.1843 : L 9 : T 5.8 sec
 - d_sub 1800 : OOB 0.1810 : L 10 : T 6.5 sec
 - d_sub 1800 : OOB 0.1758 : L 11 : T 7.0 sec
 - d_sub 1800 : OOB 0.1728 : L 12 : T 7.5 sec
 - d_sub 1800 : OOB 0.1711 : L 13 : T 8.1 sec
 - d_sub 1800 : OOB 0.1690 : L 14 : T 8.6 sec
 - d_sub 1800 : OOB 0.1645 : L 15 : T 9.1 sec
 - d_sub 1800 : OOB 0.1656 : L 16 : T 9.7 sec
 - d_sub 1800 : OOB 0.1650 : L 17 : T 10.2 sec
 - d_sub 1800 : OOB 0.1638 : L 18 : T 10.8 sec
 - d_sub 1800 : OOB 0.1607 : L 19 : T 11.3 sec
 - d_sub 1800 : OOB 0.1603 : L 20 : T 11.8 sec
 - d_sub 1800 : OOB 0.1617 : L 21 : T 12.4 sec
 - d_sub 1800 : OOB 0.1580 : L 22 : T 13.1 sec
 - d_sub 1800 : OOB 0.1572 : L 23 : T 13.7 sec
 - d_sub 1800 : OOB 0.1554 : L 24 : T 14.4 sec
 - d_sub 1800 : OOB 0.1561 : L 25 : T 15.0 sec
 - d_sub 1800 : OOB 0.1549 : L 26 : T 15.6 sec
 - d_sub 1800 : OOB 0.1546 : L 27 : T 16.2 sec
 - d_sub 1800 : OOB 0.1512 : L 28 : T 16.9 sec
 - d_sub 1800 : OOB 0.1512 : L 29 : T 17.5 sec
 - d_sub 1800 : OOB 0.1529 : L 30 : T 18.2 sec
 - d_sub 1800 : OOB 0.1530 : L 31 : T 18.8 sec
 - d_sub 1800 : OOB 0.1524 : L 32 : T 19.5 sec
 - d_sub 1800 : OOB 0.1499 : L 33 : T 20.1 sec
 - d_sub 1800 : OOB 0.1507 : L 34 : T 20.6 sec
 - d_sub 1800 : OOB 0.1495 : L 35 : T 21.2 sec
 - d_sub 1800 : OOB 0.1492 : L 36 : T 21.7 sec
 - d_sub 1800 : OOB 0.1489 : L 37 : T 22.3 sec
 - d_sub 1800 : OOB 0.1481 : L 38 : T 22.8 sec
 - d_sub 1800 : OOB 0.1480 : L 39 : T 23.4 sec
 - d_sub 1800 : OOB 0.1475 : L 40 : T 23.9 sec
 - d_sub 1800 : OOB 0.1462 : L 41 : T 24.5 sec
 - d_sub 1800 : OOB 0.1456 : L 42 : T 25.0 sec
 - d_sub 1800 : OOB 0.1455 : L 43 : T 25.7 sec
 - d_sub 1800 : OOB 0.1450 : L 44 : T 26.2 sec
 - d_sub 1800 : OOB 0.1455 : L 45 : T 26.9 sec
 - d_sub 1800 : OOB 0.1460 : L 46 : T 27.5 sec
 - d_sub 1800 : OOB 0.1457 : L 47 : T 28.1 sec
 - d_sub 1800 : OOB 0.1468 : L 48 : T 28.7 sec
 - d_sub 1800 : OOB 0.1453 : L 49 : T 29.3 sec
 - d_sub 1800 : OOB 0.1439 : L 50 : T 29.8 sec
 - d_sub 1800 : OOB 0.1456 : L 51 : T 30.4 sec
 - d_sub 1800 : OOB 0.1428 : L 52 : T 31.1 sec
 - d_sub 1800 : OOB 0.1438 : L 53 : T 31.7 sec
 - d_sub 1800 : OOB 0.1438 : L 54 : T 32.4 sec
 - d_sub 1800 : OOB 0.1433 : L 55 : T 33.0 sec
 - d_sub 1800 : OOB 0.1441 : L 56 : T 33.6 sec
 - d_sub 1800 : OOB 0.1453 : L 57 : T 34.1 sec
 - d_sub 1800 : OOB 0.1456 : L 58 : T 34.6 sec
 - d_sub 1800 : OOB 0.1444 : L 59 : T 35.2 sec
 - d_sub 1800 : OOB 0.1452 : L 60 : T 35.7 sec
 - d_sub 1800 : OOB 0.1455 : L 61 : T 36.2 sec
 - d_sub 1800 : OOB 0.1444 : L 62 : T 36.8 sec
 - d_sub 1800 : OOB 0.1435 : L 63 : T 37.3 sec
 - d_sub 1800 : OOB 0.1442 : L 64 : T 37.8 sec
 - d_sub 1800 : OOB 0.1424 : L 65 : T 38.4 sec
 - d_sub 1800 : OOB 0.1428 : L 66 : T 39.0 sec
 - d_sub 1800 : OOB 0.1409 : L 67 : T 39.6 sec
 - d_sub 1800 : OOB 0.1409 : L 68 : T 40.2 sec
 - d_sub 1800 : OOB 0.1407 : L 69 : T 40.8 sec
 - d_sub 1800 : OOB 0.1412 : L 70 : T 41.5 sec
 - d_sub 1800 : OOB 0.1401 : L 71 : T 42.1 sec
 - d_sub 1800 : OOB 0.1417 : L 72 : T 42.7 sec
 - d_sub 1800 : OOB 0.1417 : L 73 : T 43.4 sec
 - d_sub 1800 : OOB 0.1407 : L 74 : T 44.0 sec
 - d_sub 1800 : OOB 0.1408 : L 75 : T 44.6 sec
 - d_sub 1800 : OOB 0.1401 : L 76 : T 45.2 sec
 - d_sub 1800 : OOB 0.1403 : L 77 : T 45.9 sec
 - d_sub 1800 : OOB 0.1415 : L 78 : T 46.5 sec
 - d_sub 1800 : OOB 0.1412 : L 79 : T 47.0 sec
 - d_sub 1800 : OOB 0.1408 : L 80 : T 47.6 sec
 - d_sub 1800 : OOB 0.1414 : L 81 : T 48.1 sec
 - d_sub 1800 : OOB 0.1422 : L 82 : T 48.7 sec
 - d_sub 1800 : OOB 0.1418 : L 83 : T 49.3 sec
 - d_sub 1800 : OOB 0.1414 : L 84 : T 49.9 sec
 - d_sub 1800 : OOB 0.1409 : L 85 : T 50.4 sec
 - d_sub 1800 : OOB 0.1412 : L 86 : T 51.0 sec
 - d_sub 1800 : OOB 0.1425 : L 87 : T 51.5 sec
 - d_sub 1800 : OOB 0.1417 : L 88 : T 52.0 sec
 - d_sub 1800 : OOB 0.1419 : L 89 : T 52.6 sec
 - d_sub 1800 : OOB 0.1417 : L 90 : T 53.2 sec
 - d_sub 1800 : OOB 0.1419 : L 91 : T 53.8 sec
 - d_sub 1800 : OOB 0.1413 : L 92 : T 54.5 sec
 - d_sub 1800 : OOB 0.1413 : L 93 : T 55.1 sec
 - d_sub 1800 : OOB 0.1417 : L 94 : T 55.8 sec
 - d_sub 1800 : OOB 0.1410 : L 95 : T 56.5 sec

 - d_sub 2000 : OOB 0.3911 : L 1 : T 0.8 sec
 - d_sub 2000 : OOB 0.3192 : L 2 : T 1.6 sec
 - d_sub 2000 : OOB 0.2791 : L 3 : T 2.3 sec
 - d_sub 2000 : OOB 0.2456 : L 4 : T 3.0 sec
 - d_sub 2000 : OOB 0.2258 : L 5 : T 3.7 sec
 - d_sub 2000 : OOB 0.2096 : L 6 : T 4.4 sec
 - d_sub 2000 : OOB 0.1995 : L 7 : T 5.0 sec
 - d_sub 2000 : OOB 0.1924 : L 8 : T 5.7 sec
 - d_sub 2000 : OOB 0.1884 : L 9 : T 6.5 sec
 - d_sub 2000 : OOB 0.1792 : L 10 : T 7.3 sec
 - d_sub 2000 : OOB 0.1763 : L 11 : T 8.0 sec
 - d_sub 2000 : OOB 0.1741 : L 12 : T 8.5 sec
 - d_sub 2000 : OOB 0.1712 : L 13 : T 9.2 sec
 - d_sub 2000 : OOB 0.1644 : L 14 : T 9.8 sec
 - d_sub 2000 : OOB 0.1642 : L 15 : T 10.6 sec
 - d_sub 2000 : OOB 0.1643 : L 16 : T 11.3 sec
 - d_sub 2000 : OOB 0.1619 : L 17 : T 12.1 sec
 - d_sub 2000 : OOB 0.1611 : L 18 : T 12.8 sec
 - d_sub 2000 : OOB 0.1623 : L 19 : T 13.6 sec
 - d_sub 2000 : OOB 0.1572 : L 20 : T 14.4 sec
 - d_sub 2000 : OOB 0.1585 : L 21 : T 15.2 sec
 - d_sub 2000 : OOB 0.1569 : L 22 : T 15.9 sec
 - d_sub 2000 : OOB 0.1586 : L 23 : T 16.7 sec
 - d_sub 2000 : OOB 0.1571 : L 24 : T 17.4 sec
 - d_sub 2000 : OOB 0.1571 : L 25 : T 18.1 sec
 - d_sub 2000 : OOB 0.1552 : L 26 : T 18.7 sec
 - d_sub 2000 : OOB 0.1559 : L 27 : T 19.3 sec
 - d_sub 2000 : OOB 0.1561 : L 28 : T 19.9 sec
 - d_sub 2000 : OOB 0.1548 : L 29 : T 20.6 sec
 - d_sub 2000 : OOB 0.1528 : L 30 : T 21.2 sec
 - d_sub 2000 : OOB 0.1543 : L 31 : T 21.9 sec
 - d_sub 2000 : OOB 0.1501 : L 32 : T 22.5 sec
 - d_sub 2000 : OOB 0.1523 : L 33 : T 23.2 sec
 - d_sub 2000 : OOB 0.1522 : L 34 : T 23.9 sec
 - d_sub 2000 : OOB 0.1526 : L 35 : T 24.7 sec
 - d_sub 2000 : OOB 0.1510 : L 36 : T 25.4 sec
 - d_sub 2000 : OOB 0.1489 : L 37 : T 26.1 sec
 - d_sub 2000 : OOB 0.1492 : L 38 : T 26.9 sec
 - d_sub 2000 : OOB 0.1509 : L 39 : T 27.6 sec
 - d_sub 2000 : OOB 0.1510 : L 40 : T 28.4 sec
 - d_sub 2000 : OOB 0.1506 : L 41 : T 29.2 sec
 - d_sub 2000 : OOB 0.1490 : L 42 : T 30.0 sec
 - d_sub 2000 : OOB 0.1485 : L 43 : T 30.7 sec
 - d_sub 2000 : OOB 0.1485 : L 44 : T 31.4 sec
 - d_sub 2000 : OOB 0.1466 : L 45 : T 32.1 sec
 - d_sub 2000 : OOB 0.1474 : L 46 : T 32.7 sec
 - d_sub 2000 : OOB 0.1477 : L 47 : T 33.3 sec
 - d_sub 2000 : OOB 0.1480 : L 48 : T 33.8 sec
 - d_sub 2000 : OOB 0.1472 : L 49 : T 34.4 sec
 - d_sub 2000 : OOB 0.1470 : L 50 : T 35.0 sec
 - d_sub 2000 : OOB 0.1482 : L 51 : T 35.6 sec
 - d_sub 2000 : OOB 0.1481 : L 52 : T 36.2 sec
 - d_sub 2000 : OOB 0.1472 : L 53 : T 36.7 sec
 - d_sub 2000 : OOB 0.1470 : L 54 : T 37.3 sec
 - d_sub 2000 : OOB 0.1474 : L 55 : T 38.0 sec
 - d_sub 2000 : OOB 0.1460 : L 56 : T 38.6 sec
 - d_sub 2000 : OOB 0.1464 : L 57 : T 39.4 sec
 - d_sub 2000 : OOB 0.1458 : L 58 : T 40.1 sec
 - d_sub 2000 : OOB 0.1455 : L 59 : T 40.8 sec
 - d_sub 2000 : OOB 0.1446 : L 60 : T 41.6 sec
 - d_sub 2000 : OOB 0.1443 : L 61 : T 42.4 sec
 - d_sub 2000 : OOB 0.1441 : L 62 : T 43.1 sec
 - d_sub 2000 : OOB 0.1430 : L 63 : T 43.8 sec
 - d_sub 2000 : OOB 0.1444 : L 64 : T 44.5 sec
 - d_sub 2000 : OOB 0.1444 : L 65 : T 45.3 sec
 - d_sub 2000 : OOB 0.1436 : L 66 : T 46.0 sec
 - d_sub 2000 : OOB 0.1435 : L 67 : T 46.7 sec
 - d_sub 2000 : OOB 0.1429 : L 68 : T 47.3 sec
 - d_sub 2000 : OOB 0.1429 : L 69 : T 48.0 sec
 - d_sub 2000 : OOB 0.1427 : L 70 : T 48.6 sec
 - d_sub 2000 : OOB 0.1431 : L 71 : T 49.3 sec
 - d_sub 2000 : OOB 0.1425 : L 72 : T 49.9 sec
 - d_sub 2000 : OOB 0.1422 : L 73 : T 50.5 sec
 - d_sub 2000 : OOB 0.1419 : L 74 : T 51.2 sec
 - d_sub 2000 : OOB 0.1426 : L 75 : T 52.0 sec
 - d_sub 2000 : OOB 0.1427 : L 76 : T 52.7 sec
 - d_sub 2000 : OOB 0.1423 : L 77 : T 53.5 sec
 - d_sub 2000 : OOB 0.1432 : L 78 : T 54.3 sec
 - d_sub 2000 : OOB 0.1434 : L 79 : T 55.0 sec
 - d_sub 2000 : OOB 0.1427 : L 80 : T 55.8 sec
 - d_sub 2000 : OOB 0.1418 : L 81 : T 56.6 sec
 - d_sub 2000 : OOB 0.1428 : L 82 : T 57.4 sec
 - d_sub 2000 : OOB 0.1424 : L 83 : T 58.1 sec
 - d_sub 2000 : OOB 0.1422 : L 84 : T 58.9 sec
 - d_sub 2000 : OOB 0.1421 : L 85 : T 59.5 sec
 - d_sub 2000 : OOB 0.1432 : L 86 : T 60.2 sec
 - d_sub 2000 : OOB 0.1421 : L 87 : T 60.8 sec
 - d_sub 2000 : OOB 0.1430 : L 88 : T 61.5 sec
 - d_sub 2000 : OOB 0.1433 : L 89 : T 62.1 sec
 - d_sub 2000 : OOB 0.1436 : L 90 : T 62.7 sec
 - d_sub 2000 : OOB 0.1424 : L 91 : T 63.3 sec
 - d_sub 2000 : OOB 0.1429 : L 92 : T 64.0 sec
 - d_sub 2000 : OOB 0.1422 : L 93 : T 64.6 sec
 - d_sub 2000 : OOB 0.1426 : L 94 : T 65.3 sec
 - d_sub 2000 : OOB 0.1424 : L 95 : T 66.1 sec
 - d_sub 2000 : OOB 0.1429 : L 96 : T 66.8 sec
 - d_sub 2000 : OOB 0.1433 : L 97 : T 67.5 sec
 - d_sub 2000 : OOB 0.1430 : L 98 : T 68.2 sec
 - d_sub 2000 : OOB 0.1420 : L 99 : T 69.0 sec
 - d_sub 2000 : OOB 0.1430 : L 100 : T 69.8 sec
 - d_sub 2000 : OOB 0.1419 : L 101 : T 70.6 sec
# -------------------------
optimal d_sub 1600 : OOB 0.1400 : L 104 : T 292.8 sec
Testing error: 0.1450
# -------------------------
# Ensemble classification
#  - Training samples: 10000 (5000/5000)
#  - Feature-space dimensionality: 24157
#  - L : automatic (min 25, max 500, length 50, eps 0.00500)
#  - d_sub : 300
#  - Seed 1 (subspaces) : 382029950
#  - Seed 2 (bootstrap) : 991460144
# -------------------------

 - d_sub 300 : OOB 0.3972 : L 1 : T 0.0 sec
 - d_sub 300 : OOB 0.3385 : L 2 : T 0.1 sec
 - d_sub 300 : OOB 0.3040 : L 3 : T 0.1 sec
 - d_sub 300 : OOB 0.2770 : L 4 : T 0.2 sec
 - d_sub 300 : OOB 0.2555 : L 5 : T 0.2 sec
 - d_sub 300 : OOB 0.2388 : L 6 : T 0.3 sec
 - d_sub 300 : OOB 0.2352 : L 7 : T 0.3 sec
 - d_sub 300 : OOB 0.2298 : L 8 : T 0.4 sec
 - d_sub 300 : OOB 0.2265 : L 9 : T 0.4 sec
 - d_sub 300 : OOB 0.2200 : L 10 : T 0.5 sec
 - d_sub 300 : OOB 0.2170 : L 11 : T 0.5 sec
 - d_sub 300 : OOB 0.2125 : L 12 : T 0.6 sec
 - d_sub 300 : OOB 0.2094 : L 13 : T 0.6 sec
 - d_sub 300 : OOB 0.2089 : L 14 : T 0.7 sec
 - d_sub 300 : OOB 0.2052 : L 15 : T 0.7 sec
 - d_sub 300 : OOB 0.2072 : L 16 : T 0.8 sec
 - d_sub 300 : OOB 0.2044 : L 17 : T 0.8 sec
 - d_sub 300 : OOB 0.2020 : L 18 : T 0.9 sec
 - d_sub 300 : OOB 0.1992 : L 19 : T 1.0 sec
 - d_sub 300 : OOB 0.1970 : L 20 : T 1.0 sec
 - d_sub 300 : OOB 0.2013 : L 21 : T 1.1 sec
 - d_sub 300 : OOB 0.1977 : L 22 : T 1.1 sec
 - d_sub 300 : OOB 0.1992 : L 23 : T 1.2 sec
 - d_sub 300 : OOB 0.1964 : L 24 : T 1.2 sec
 - d_sub 300 : OOB 0.1969 : L 25 : T 1.2 sec
 - d_sub 300 : OOB 0.1956 : L 26 : T 1.3 sec
 - d_sub 300 : OOB 0.1955 : L 27 : T 1.3 sec
 - d_sub 300 : OOB 0.1961 : L 28 : T 1.4 sec
 - d_sub 300 : OOB 0.1947 : L 29 : T 1.4 sec
 - d_sub 300 : OOB 0.1946 : L 30 : T 1.5 sec
 - d_sub 300 : OOB 0.1929 : L 31 : T 1.5 sec
 - d_sub 300 : OOB 0.1947 : L 32 : T 1.6 sec
 - d_sub 300 : OOB 0.1951 : L 33 : T 1.6 sec
 - d_sub 300 : OOB 0.1944 : L 34 : T 1.7 sec
 - d_sub 300 : OOB 0.1939 : L 35 : T 1.7 sec
 - d_sub 300 : OOB 0.1908 : L 36 : T 1.8 sec
 - d_sub 300 : OOB 0.1928 : L 37 : T 1.8 sec
 - d_sub 300 : OOB 0.1918 : L 38 : T 1.9 sec
 - d_sub 300 : OOB 0.1924 : L 39 : T 1.9 sec
 - d_sub 300 : OOB 0.1921 : L 40 : T 2.0 sec
 - d_sub 300 : OOB 0.1939 : L 41 : T 2.0 sec
 - d_sub 300 : OOB 0.1917 : L 42 : T 2.1 sec
 - d_sub 300 : OOB 0.1904 : L 43 : T 2.1 sec
 - d_sub 300 : OOB 0.1903 : L 44 : T 2.2 sec
 - d_sub 300 : OOB 0.1909 : L 45 : T 2.2 sec
 - d_sub 300 : OOB 0.1907 : L 46 : T 2.3 sec
 - d_sub 300 : OOB 0.1914 : L 47 : T 2.3 sec
 - d_sub 300 : OOB 0.1911 : L 48 : T 2.4 sec
 - d_sub 300 : OOB 0.1914 : L 49 : T 2.4 sec
 - d_sub 300 : OOB 0.1906 : L 50 : T 2.5 sec
 - d_sub 300 : OOB 0.1913 : L 51 : T 2.5 sec
 - d_sub 300 : OOB 0.1912 : L 52 : T 2.6 sec
 - d_sub 300 : OOB 0.1906 : L 53 : T 2.6 sec
 - d_sub 300 : OOB 0.1908 : L 54 : T 2.7 sec
 - d_sub 300 : OOB 0.1905 : L 55 : T 2.7 sec
 - d_sub 300 : OOB 0.1900 : L 56 : T 2.8 sec
 - d_sub 300 : OOB 0.1891 : L 57 : T 2.8 sec
 - d_sub 300 : OOB 0.1899 : L 58 : T 2.9 sec
 - d_sub 300 : OOB 0.1891 : L 59 : T 2.9 sec
 - d_sub 300 : OOB 0.1892 : L 60 : T 3.0 sec
 - d_sub 300 : OOB 0.1891 : L 61 : T 3.1 sec
 - d_sub 300 : OOB 0.1883 : L 62 : T 3.1 sec
 - d_sub 300 : OOB 0.1886 : L 63 : T 3.2 sec
 - d_sub 300 : OOB 0.1884 : L 64 : T 3.3 sec
 - d_sub 300 : OOB 0.1880 : L 65 : T 3.3 sec
 - d_sub 300 : OOB 0.1877 : L 66 : T 3.4 sec
 - d_sub 300 : OOB 0.1880 : L 67 : T 3.4 sec
 - d_sub 300 : OOB 0.1886 : L 68 : T 3.5 sec
 - d_sub 300 : OOB 0.1884 : L 69 : T 3.5 sec
 - d_sub 300 : OOB 0.1877 : L 70 : T 3.6 sec
 - d_sub 300 : OOB 0.1871 : L 71 : T 3.6 sec
 - d_sub 300 : OOB 0.1880 : L 72 : T 3.7 sec
 - d_sub 300 : OOB 0.1885 : L 73 : T 3.7 sec
 - d_sub 300 : OOB 0.1882 : L 74 : T 3.8 sec
 - d_sub 300 : OOB 0.1876 : L 75 : T 3.8 sec
 - d_sub 300 : OOB 0.1880 : L 76 : T 3.9 sec
 - d_sub 300 : OOB 0.1882 : L 77 : T 3.9 sec
 - d_sub 300 : OOB 0.1888 : L 78 : T 4.0 sec
 - d_sub 300 : OOB 0.1872 : L 79 : T 4.0 sec
 - d_sub 300 : OOB 0.1871 : L 80 : T 4.1 sec
 - d_sub 300 : OOB 0.1866 : L 81 : T 4.1 sec
 - d_sub 300 : OOB 0.1850 : L 82 : T 4.2 sec
 - d_sub 300 : OOB 0.1844 : L 83 : T 4.2 sec
 - d_sub 300 : OOB 0.1849 : L 84 : T 4.3 sec
 - d_sub 300 : OOB 0.1853 : L 85 : T 4.3 sec
 - d_sub 300 : OOB 0.1857 : L 86 : T 4.4 sec
 - d_sub 300 : OOB 0.1852 : L 87 : T 4.4 sec
 - d_sub 300 : OOB 0.1849 : L 88 : T 4.5 sec
 - d_sub 300 : OOB 0.1853 : L 89 : T 4.5 sec
 - d_sub 300 : OOB 0.1866 : L 90 : T 4.6 sec
 - d_sub 300 : OOB 0.1863 : L 91 : T 4.6 sec
 - d_sub 300 : OOB 0.1864 : L 92 : T 4.7 sec
 - d_sub 300 : OOB 0.1862 : L 93 : T 4.8 sec
 - d_sub 300 : OOB 0.1865 : L 94 : T 4.8 sec
 - d_sub 300 : OOB 0.1871 : L 95 : T 4.9 sec
 - d_sub 300 : OOB 0.1863 : L 96 : T 5.0 sec
 - d_sub 300 : OOB 0.1862 : L 97 : T 5.0 sec
 - d_sub 300 : OOB 0.1863 : L 98 : T 5.1 sec
 - d_sub 300 : OOB 0.1855 : L 99 : T 5.2 sec
 - d_sub 300 : OOB 0.1855 : L 100 : T 5.3 sec
 - d_sub 300 : OOB 0.1844 : L 101 : T 5.4 sec
 - d_sub 300 : OOB 0.1840 : L 102 : T 5.5 sec
 - d_sub 300 : OOB 0.1847 : L 103 : T 5.6 sec
 - d_sub 300 : OOB 0.1849 : L 104 : T 5.6 sec
 - d_sub 300 : OOB 0.1848 : L 105 : T 5.7 sec
# -------------------------
optimal d_sub 300 : OOB 0.1848 : L 105 : T 5.7 sec
# -------------------------
# Ensemble classification
#  - Training samples: 10000 (5000/5000)
#  - Feature-space dimensionality: 24157
#  - L : 30
#  - d_sub : 300
#  - Seed 1 (subspaces) : 465731768
#  - Seed 2 (bootstrap) : 238726698
# -------------------------

 - d_sub 300 : OOB 0.3955 : L 1 : T 0.1 sec
 - d_sub 300 : OOB 0.3339 : L 2 : T 0.1 sec
 - d_sub 300 : OOB 0.3032 : L 3 : T 0.2 sec
 - d_sub 300 : OOB 0.2734 : L 4 : T 0.3 sec
 - d_sub 300 : OOB 0.2511 : L 5 : T 0.4 sec
 - d_sub 300 : OOB 0.2384 : L 6 : T 0.5 sec
 - d_sub 300 : OOB 0.2354 : L 7 : T 0.5 sec
 - d_sub 300 : OOB 0.2247 : L 8 : T 0.6 sec
 - d_sub 300 : OOB 0.2184 : L 9 : T 0.6 sec
 - d_sub 300 : OOB 0.2148 : L 10 : T 0.7 sec
 - d_sub 300 : OOB 0.2129 : L 11 : T 0.7 sec
 - d_sub 300 : OOB 0.2120 : L 12 : T 0.8 sec
 - d_sub 300 : OOB 0.2086 : L 13 : T 0.9 sec
 - d_sub 300 : OOB 0.2067 : L 14 : T 0.9 sec
 - d_sub 300 : OOB 0.2063 : L 15 : T 1.0 sec
 - d_sub 300 : OOB 0.2027 : L 16 : T 1.0 sec
 - d_sub 300 : OOB 0.2041 : L 17 : T 1.1 sec
 - d_sub 300 : OOB 0.2012 : L 18 : T 1.2 sec
 - d_sub 300 : OOB 0.2010 : L 19 : T 1.2 sec
 - d_sub 300 : OOB 0.2003 : L 20 : T 1.3 sec
 - d_sub 300 : OOB 0.1992 : L 21 : T 1.3 sec
 - d_sub 300 : OOB 0.1992 : L 22 : T 1.4 sec
 - d_sub 300 : OOB 0.1954 : L 23 : T 1.5 sec
 - d_sub 300 : OOB 0.1958 : L 24 : T 1.5 sec
 - d_sub 300 : OOB 0.1945 : L 25 : T 1.6 sec
 - d_sub 300 : OOB 0.1937 : L 26 : T 1.6 sec
 - d_sub 300 : OOB 0.1948 : L 27 : T 1.7 sec
 - d_sub 300 : OOB 0.1970 : L 28 : T 1.7 sec
 - d_sub 300 : OOB 0.1976 : L 29 : T 1.8 sec
 - d_sub 300 : OOB 0.1955 : L 30 : T 1.9 sec
# -------------------------
optimal d_sub 300 : OOB 0.1955 : L 30 : T 1.9 sec
# -------------------------
# Ensemble classification
#  - Training samples: 10000 (5000/5000)
#  - Feature-space dimensionality: 24157
#  - L : 30
#  - d_sub : 300
#  - Seed 1 (subspaces) : 540113941
#  - Seed 2 (bootstrap) : 416095808
# -------------------------

 - d_sub 300 : OOB 0.3947 : L 1 : T 0.1 sec
 - d_sub 300 : OOB 0.3230 : L 2 : T 0.1 sec
 - d_sub 300 : OOB 0.2868 : L 3 : T 0.2 sec
 - d_sub 300 : OOB 0.2614 : L 4 : T 0.3 sec
 - d_sub 300 : OOB 0.2428 : L 5 : T 0.3 sec
 - d_sub 300 : OOB 0.2355 : L 6 : T 0.4 sec
 - d_sub 300 : OOB 0.2274 : L 7 : T 0.4 sec
 - d_sub 300 : OOB 0.2185 : L 8 : T 0.5 sec
 - d_sub 300 : OOB 0.2158 : L 9 : T 0.6 sec
 - d_sub 300 : OOB 0.2143 : L 10 : T 0.6 sec
 - d_sub 300 : OOB 0.2084 : L 11 : T 0.7 sec
 - d_sub 300 : OOB 0.2020 : L 12 : T 0.7 sec
 - d_sub 300 : OOB 0.2020 : L 13 : T 0.8 sec
 - d_sub 300 : OOB 0.2023 : L 14 : T 0.9 sec
 - d_sub 300 : OOB 0.1984 : L 15 : T 0.9 sec
 - d_sub 300 : OOB 0.1991 : L 16 : T 1.0 sec
 - d_sub 300 : OOB 0.1961 : L 17 : T 1.0 sec
 - d_sub 300 : OOB 0.1942 : L 18 : T 1.1 sec
 - d_sub 300 : OOB 0.1965 : L 19 : T 1.2 sec
 - d_sub 300 : OOB 0.1933 : L 20 : T 1.2 sec
 - d_sub 300 : OOB 0.1935 : L 21 : T 1.3 sec
 - d_sub 300 : OOB 0.1930 : L 22 : T 1.3 sec
 - d_sub 300 : OOB 0.1933 : L 23 : T 1.4 sec
 - d_sub 300 : OOB 0.1922 : L 24 : T 1.4 sec
 - d_sub 300 : OOB 0.1908 : L 25 : T 1.5 sec
 - d_sub 300 : OOB 0.1896 : L 26 : T 1.6 sec
 - d_sub 300 : OOB 0.1898 : L 27 : T 1.6 sec
 - d_sub 300 : OOB 0.1893 : L 28 : T 1.7 sec
 - d_sub 300 : OOB 0.1895 : L 29 : T 1.7 sec
 - d_sub 300 : OOB 0.1900 : L 30 : T 1.8 sec
# -------------------------
optimal d_sub 300 : OOB 0.1900 : L 30 : T 1.8 sec
# -------------------------
# Ensemble classification
#  - Training samples: 10000 (5000/5000)
#  - Feature-space dimensionality: 24157
#  - L : 30
#  - d_sub : 300
#  - Seed 1 (subspaces) : 173313532
#  - Seed 2 (bootstrap) : 451996198
# -------------------------

 - d_sub 300 : OOB 0.4023 : L 1 : T 0.1 sec
 - d_sub 300 : OOB 0.3364 : L 2 : T 0.1 sec
 - d_sub 300 : OOB 0.2994 : L 3 : T 0.2 sec
 - d_sub 300 : OOB 0.2696 : L 4 : T 0.2 sec
 - d_sub 300 : OOB 0.2515 : L 5 : T 0.3 sec
 - d_sub 300 : OOB 0.2360 : L 6 : T 0.4 sec
 - d_sub 300 : OOB 0.2280 : L 7 : T 0.4 sec
 - d_sub 300 : OOB 0.2216 : L 8 : T 0.5 sec
 - d_sub 300 : OOB 0.2177 : L 9 : T 0.5 sec
 - d_sub 300 : OOB 0.2131 : L 10 : T 0.6 sec
 - d_sub 300 : OOB 0.2113 : L 11 : T 0.7 sec
 - d_sub 300 : OOB 0.2065 : L 12 : T 0.7 sec
 - d_sub 300 : OOB 0.2027 : L 13 : T 0.8 sec
 - d_sub 300 : OOB 0.2068 : L 14 : T 0.8 sec
 - d_sub 300 : OOB 0.2016 : L 15 : T 0.9 sec
 - d_sub 300 : OOB 0.2042 : L 16 : T 1.0 sec
 - d_sub 300 : OOB 0.2036 : L 17 : T 1.0 sec
 - d_sub 300 : OOB 0.2024 : L 18 : T 1.1 sec
 - d_sub 300 : OOB 0.1995 : L 19 : T 1.1 sec
 - d_sub 300 : OOB 0.1971 : L 20 : T 1.2 sec
 - d_sub 300 : OOB 0.1970 : L 21 : T 1.2 sec
 - d_sub 300 : OOB 0.1964 : L 22 : T 1.3 sec
 - d_sub 300 : OOB 0.1959 : L 23 : T 1.4 sec
 - d_sub 300 : OOB 0.1950 : L 24 : T 1.4 sec
 - d_sub 300 : OOB 0.1949 : L 25 : T 1.5 sec
 - d_sub 300 : OOB 0.1958 : L 26 : T 1.5 sec
 - d_sub 300 : OOB 0.1943 : L 27 : T 1.6 sec
 - d_sub 300 : OOB 0.1922 : L 28 : T 1.6 sec
 - d_sub 300 : OOB 0.1940 : L 29 : T 1.7 sec
 - d_sub 300 : OOB 0.1926 : L 30 : T 1.8 sec
# -------------------------
optimal d_sub 300 : OOB 0.1926 : L 30 : T 1.8 sec
# -------------------------
# Ensemble classification
#  - Training samples: 10000 (5000/5000)
#  - Feature-space dimensionality: 24157
#  - L : 30
#  - d_sub : 300
#  - Seed 1 (subspaces) : 377787785
#  - Seed 2 (bootstrap) : 358270869
# -------------------------

 - d_sub 300 : OOB 0.3928 : L 1 : T 0.1 sec
 - d_sub 300 : OOB 0.3302 : L 2 : T 0.1 sec
 - d_sub 300 : OOB 0.2971 : L 3 : T 0.2 sec
 - d_sub 300 : OOB 0.2644 : L 4 : T 0.2 sec
 - d_sub 300 : OOB 0.2400 : L 5 : T 0.3 sec
 - d_sub 300 : OOB 0.2294 : L 6 : T 0.3 sec
 - d_sub 300 : OOB 0.2246 : L 7 : T 0.4 sec
 - d_sub 300 : OOB 0.2204 : L 8 : T 0.5 sec
 - d_sub 300 : OOB 0.2145 : L 9 : T 0.5 sec
 - d_sub 300 : OOB 0.2108 : L 10 : T 0.6 sec
 - d_sub 300 : OOB 0.2072 : L 11 : T 0.6 sec
 - d_sub 300 : OOB 0.2025 : L 12 : T 0.7 sec
 - d_sub 300 : OOB 0.1989 : L 13 : T 0.8 sec
 - d_sub 300 : OOB 0.2003 : L 14 : T 0.8 sec
 - d_sub 300 : OOB 0.1949 : L 15 : T 0.9 sec
 - d_sub 300 : OOB 0.1948 : L 16 : T 0.9 sec
 - d_sub 300 : OOB 0.1923 : L 17 : T 1.0 sec
 - d_sub 300 : OOB 0.1932 : L 18 : T 1.0 sec
 - d_sub 300 : OOB 0.1940 : L 19 : T 1.1 sec
 - d_sub 300 : OOB 0.1927 : L 20 : T 1.1 sec
 - d_sub 300 : OOB 0.1936 : L 21 : T 1.2 sec
 - d_sub 300 : OOB 0.1947 : L 22 : T 1.2 sec
 - d_sub 300 : OOB 0.1921 : L 23 : T 1.3 sec
 - d_sub 300 : OOB 0.1923 : L 24 : T 1.3 sec
 - d_sub 300 : OOB 0.1909 : L 25 : T 1.4 sec
 - d_sub 300 : OOB 0.1912 : L 26 : T 1.4 sec
 - d_sub 300 : OOB 0.1914 : L 27 : T 1.5 sec
 - d_sub 300 : OOB 0.1913 : L 28 : T 1.5 sec
 - d_sub 300 : OOB 0.1905 : L 29 : T 1.6 sec
 - d_sub 300 : OOB 0.1877 : L 30 : T 1.6 sec
# -------------------------
optimal d_sub 300 : OOB 0.1877 : L 30 : T 1.6 sec
# -------------------------
# Ensemble classification
#  - Training samples: 10000 (5000/5000)
#  - Feature-space dimensionality: 24157
#  - L : 30
#  - d_sub : 300
#  - Seed 1 (subspaces) : 884616615
#  - Seed 2 (bootstrap) : 97242559
# -------------------------

 - d_sub 300 : OOB 0.3993 : L 1 : T 0.1 sec
 - d_sub 300 : OOB 0.3376 : L 2 : T 0.1 sec
 - d_sub 300 : OOB 0.2984 : L 3 : T 0.2 sec
 - d_sub 300 : OOB 0.2646 : L 4 : T 0.2 sec
 - d_sub 300 : OOB 0.2428 : L 5 : T 0.3 sec
 - d_sub 300 : OOB 0.2287 : L 6 : T 0.3 sec
 - d_sub 300 : OOB 0.2254 : L 7 : T 0.4 sec
 - d_sub 300 : OOB 0.2126 : L 8 : T 0.4 sec
 - d_sub 300 : OOB 0.2076 : L 9 : T 0.5 sec
 - d_sub 300 : OOB 0.2029 : L 10 : T 0.5 sec
 - d_sub 300 : OOB 0.1969 : L 11 : T 0.6 sec
 - d_sub 300 : OOB 0.1960 : L 12 : T 0.6 sec
 - d_sub 300 : OOB 0.1962 : L 13 : T 0.7 sec
 - d_sub 300 : OOB 0.1936 : L 14 : T 0.7 sec
 - d_sub 300 : OOB 0.1924 : L 15 : T 0.8 sec
 - d_sub 300 : OOB 0.1902 : L 16 : T 0.8 sec
 - d_sub 300 : OOB 0.1879 : L 17 : T 0.9 sec
 - d_sub 300 : OOB 0.1888 : L 18 : T 0.9 sec
 - d_sub 300 : OOB 0.1889 : L 19 : T 1.0 sec
 - d_sub 300 : OOB 0.1871 : L 20 : T 1.0 sec
 - d_sub 300 : OOB 0.1875 : L 21 : T 1.1 sec
 - d_sub 300 : OOB 0.1912 : L 22 : T 1.1 sec
 - d_sub 300 : OOB 0.1896 : L 23 : T 1.2 sec
 - d_sub 300 : OOB 0.1904 : L 24 : T 1.2 sec
 - d_sub 300 : OOB 0.1907 : L 25 : T 1.3 sec
 - d_sub 300 : OOB 0.1882 : L 26 : T 1.4 sec
 - d_sub 300 : OOB 0.1883 : L 27 : T 1.4 sec
 - d_sub 300 : OOB 0.1859 : L 28 : T 1.5 sec
 - d_sub 300 : OOB 0.1874 : L 29 : T 1.5 sec
 - d_sub 300 : OOB 0.1876 : L 30 : T 1.6 sec
# -------------------------
optimal d_sub 300 : OOB 0.1876 : L 30 : T 1.6 sec
# -------------------------
# Ensemble classification
#  - Training samples: 10000 (5000/5000)
#  - Feature-space dimensionality: 24157
#  - L : 30
#  - d_sub : 300
#  - Seed 1 (subspaces) : 61233771
#  - Seed 2 (bootstrap) : 669734947
# -------------------------

 - d_sub 300 : OOB 0.4008 : L 1 : T 0.1 sec
 - d_sub 300 : OOB 0.3350 : L 2 : T 0.1 sec
 - d_sub 300 : OOB 0.2981 : L 3 : T 0.2 sec
 - d_sub 300 : OOB 0.2645 : L 4 : T 0.2 sec
 - d_sub 300 : OOB 0.2456 : L 5 : T 0.3 sec
 - d_sub 300 : OOB 0.2326 : L 6 : T 0.3 sec
 - d_sub 300 : OOB 0.2266 : L 7 : T 0.4 sec
 - d_sub 300 : OOB 0.2187 : L 8 : T 0.4 sec
 - d_sub 300 : OOB 0.2125 : L 9 : T 0.5 sec
 - d_sub 300 : OOB 0.2113 : L 10 : T 0.5 sec
 - d_sub 300 : OOB 0.2076 : L 11 : T 0.6 sec
 - d_sub 300 : OOB 0.2028 : L 12 : T 0.6 sec
 - d_sub 300 : OOB 0.2030 : L 13 : T 0.7 sec
 - d_sub 300 : OOB 0.2011 : L 14 : T 0.7 sec
 - d_sub 300 : OOB 0.2000 : L 15 : T 0.8 sec
 - d_sub 300 : OOB 0.1981 : L 16 : T 0.8 sec
 - d_sub 300 : OOB 0.1958 : L 17 : T 0.9 sec
 - d_sub 300 : OOB 0.1952 : L 18 : T 0.9 sec
 - d_sub 300 : OOB 0.1941 : L 19 : T 1.0 sec
 - d_sub 300 : OOB 0.1927 : L 20 : T 1.0 sec
 - d_sub 300 : OOB 0.1928 : L 21 : T 1.1 sec
 - d_sub 300 : OOB 0.1953 : L 22 : T 1.1 sec
 - d_sub 300 : OOB 0.1952 : L 23 : T 1.2 sec
 - d_sub 300 : OOB 0.1943 : L 24 : T 1.2 sec
 - d_sub 300 : OOB 0.1944 : L 25 : T 1.3 sec
 - d_sub 300 : OOB 0.1928 : L 26 : T 1.3 sec
 - d_sub 300 : OOB 0.1925 : L 27 : T 1.4 sec
 - d_sub 300 : OOB 0.1901 : L 28 : T 1.4 sec
 - d_sub 300 : OOB 0.1911 : L 29 : T 1.5 sec
 - d_sub 300 : OOB 0.1882 : L 30 : T 1.6 sec
# -------------------------
optimal d_sub 300 : OOB 0.1882 : L 30 : T 1.6 sec
# -------------------------
# Ensemble classification
#  - Training samples: 10000 (5000/5000)
#  - Feature-space dimensionality: 24157
#  - L : 30
#  - d_sub : 300
#  - Seed 1 (subspaces) : 533147036
#  - Seed 2 (bootstrap) : 660815873
# -------------------------

 - d_sub 300 : OOB 0.3989 : L 1 : T 0.1 sec
 - d_sub 300 : OOB 0.3368 : L 2 : T 0.1 sec
 - d_sub 300 : OOB 0.3016 : L 3 : T 0.2 sec
 - d_sub 300 : OOB 0.2754 : L 4 : T 0.2 sec
 - d_sub 300 : OOB 0.2556 : L 5 : T 0.3 sec
 - d_sub 300 : OOB 0.2415 : L 6 : T 0.3 sec
 - d_sub 300 : OOB 0.2370 : L 7 : T 0.4 sec
 - d_sub 300 : OOB 0.2243 : L 8 : T 0.4 sec
 - d_sub 300 : OOB 0.2190 : L 9 : T 0.5 sec
 - d_sub 300 : OOB 0.2165 : L 10 : T 0.5 sec
 - d_sub 300 : OOB 0.2111 : L 11 : T 0.6 sec
 - d_sub 300 : OOB 0.2103 : L 12 : T 0.6 sec
 - d_sub 300 : OOB 0.2092 : L 13 : T 0.7 sec
 - d_sub 300 : OOB 0.2055 : L 14 : T 0.7 sec
 - d_sub 300 : OOB 0.2060 : L 15 : T 0.8 sec
 - d_sub 300 : OOB 0.2050 : L 16 : T 0.8 sec
 - d_sub 300 : OOB 0.2034 : L 17 : T 0.9 sec
 - d_sub 300 : OOB 0.2048 : L 18 : T 0.9 sec
 - d_sub 300 : OOB 0.2035 : L 19 : T 1.0 sec
 - d_sub 300 : OOB 0.2012 : L 20 : T 1.1 sec
 - d_sub 300 : OOB 0.1990 : L 21 : T 1.1 sec
 - d_sub 300 : OOB 0.1988 : L 22 : T 1.2 sec
 - d_sub 300 : OOB 0.1966 : L 23 : T 1.2 sec
 - d_sub 300 : OOB 0.1965 : L 24 : T 1.3 sec
 - d_sub 300 : OOB 0.1954 : L 25 : T 1.3 sec
 - d_sub 300 : OOB 0.1970 : L 26 : T 1.3 sec
 - d_sub 300 : OOB 0.1967 : L 27 : T 1.4 sec
 - d_sub 300 : OOB 0.1952 : L 28 : T 1.5 sec
 - d_sub 300 : OOB 0.1928 : L 29 : T 1.5 sec
 - d_sub 300 : OOB 0.1922 : L 30 : T 1.6 sec
# -------------------------
optimal d_sub 300 : OOB 0.1922 : L 30 : T 1.6 sec
# -------------------------
# Ensemble classification
#  - Training samples: 10000 (5000/5000)
#  - Feature-space dimensionality: 24157
#  - L : 30
#  - d_sub : 300
#  - Seed 1 (subspaces) : 983332490
#  - Seed 2 (bootstrap) : 870568548
# -------------------------

 - d_sub 300 : OOB 0.3953 : L 1 : T 0.0 sec
 - d_sub 300 : OOB 0.3329 : L 2 : T 0.1 sec
 - d_sub 300 : OOB 0.2959 : L 3 : T 0.2 sec
 - d_sub 300 : OOB 0.2700 : L 4 : T 0.2 sec
 - d_sub 300 : OOB 0.2466 : L 5 : T 0.3 sec
 - d_sub 300 : OOB 0.2358 : L 6 : T 0.3 sec
 - d_sub 300 : OOB 0.2301 : L 7 : T 0.4 sec
 - d_sub 300 : OOB 0.2197 : L 8 : T 0.4 sec
 - d_sub 300 : OOB 0.2137 : L 9 : T 0.5 sec
 - d_sub 300 : OOB 0.2094 : L 10 : T 0.6 sec
 - d_sub 300 : OOB 0.2107 : L 11 : T 0.6 sec
 - d_sub 300 : OOB 0.2093 : L 12 : T 0.7 sec
 - d_sub 300 : OOB 0.2051 : L 13 : T 0.7 sec
 - d_sub 300 : OOB 0.2049 : L 14 : T 0.8 sec
 - d_sub 300 : OOB 0.2054 : L 15 : T 0.9 sec
 - d_sub 300 : OOB 0.2030 : L 16 : T 0.9 sec
 - d_sub 300 : OOB 0.2026 : L 17 : T 1.0 sec
 - d_sub 300 : OOB 0.1985 : L 18 : T 1.0 sec
 - d_sub 300 : OOB 0.1991 : L 19 : T 1.1 sec
 - d_sub 300 : OOB 0.1982 : L 20 : T 1.2 sec
 - d_sub 300 : OOB 0.2000 : L 21 : T 1.2 sec
 - d_sub 300 : OOB 0.1981 : L 22 : T 1.3 sec
 - d_sub 300 : OOB 0.1998 : L 23 : T 1.4 sec
 - d_sub 300 : OOB 0.1978 : L 24 : T 1.4 sec
 - d_sub 300 : OOB 0.2003 : L 25 : T 1.5 sec
 - d_sub 300 : OOB 0.1969 : L 26 : T 1.5 sec
 - d_sub 300 : OOB 0.1983 : L 27 : T 1.6 sec
 - d_sub 300 : OOB 0.1966 : L 28 : T 1.7 sec
 - d_sub 300 : OOB 0.1973 : L 29 : T 1.7 sec
 - d_sub 300 : OOB 0.1978 : L 30 : T 1.8 sec
# -------------------------
optimal d_sub 300 : OOB 0.1978 : L 30 : T 1.8 sec
# -------------------------
# Ensemble classification
#  - Training samples: 10000 (5000/5000)
#  - Feature-space dimensionality: 24157
#  - L : 30
#  - d_sub : 300
#  - Seed 1 (subspaces) : 646734987
#  - Seed 2 (bootstrap) : 8918875
# -------------------------

 - d_sub 300 : OOB 0.4027 : L 1 : T 0.1 sec
 - d_sub 300 : OOB 0.3388 : L 2 : T 0.1 sec
 - d_sub 300 : OOB 0.3008 : L 3 : T 0.2 sec
 - d_sub 300 : OOB 0.2683 : L 4 : T 0.2 sec
 - d_sub 300 : OOB 0.2459 : L 5 : T 0.3 sec
 - d_sub 300 : OOB 0.2362 : L 6 : T 0.4 sec
 - d_sub 300 : OOB 0.2332 : L 7 : T 0.4 sec
 - d_sub 300 : OOB 0.2226 : L 8 : T 0.5 sec
 - d_sub 300 : OOB 0.2181 : L 9 : T 0.5 sec
 - d_sub 300 : OOB 0.2172 : L 10 : T 0.6 sec
 - d_sub 300 : OOB 0.2150 : L 11 : T 0.7 sec
 - d_sub 300 : OOB 0.2138 : L 12 : T 0.7 sec
 - d_sub 300 : OOB 0.2082 : L 13 : T 0.8 sec
 - d_sub 300 : OOB 0.2051 : L 14 : T 0.8 sec
 - d_sub 300 : OOB 0.2036 : L 15 : T 0.9 sec
 - d_sub 300 : OOB 0.1991 : L 16 : T 0.9 sec
 - d_sub 300 : OOB 0.2013 : L 17 : T 1.0 sec
 - d_sub 300 : OOB 0.1971 : L 18 : T 1.0 sec
 - d_sub 300 : OOB 0.1985 : L 19 : T 1.1 sec
 - d_sub 300 : OOB 0.1991 : L 20 : T 1.2 sec
 - d_sub 300 : OOB 0.2008 : L 21 : T 1.2 sec
 - d_sub 300 : OOB 0.2002 : L 22 : T 1.3 sec
 - d_sub 300 : OOB 0.1986 : L 23 : T 1.3 sec
 - d_sub 300 : OOB 0.1969 : L 24 : T 1.4 sec
 - d_sub 300 : OOB 0.1978 : L 25 : T 1.4 sec
 - d_sub 300 : OOB 0.1942 : L 26 : T 1.5 sec
 - d_sub 300 : OOB 0.1963 : L 27 : T 1.6 sec
 - d_sub 300 : OOB 0.1938 : L 28 : T 1.6 sec
 - d_sub 300 : OOB 0.1946 : L 29 : T 1.7 sec
 - d_sub 300 : OOB 0.1938 : L 30 : T 1.8 sec
# -------------------------
optimal d_sub 300 : OOB 0.1938 : L 30 : T 1.8 sec
# -------------------------
# Ensemble classification
#  - Training samples: 10000 (5000/5000)
#  - Feature-space dimensionality: 24157
#  - L : 30
#  - d_sub : 300
#  - Seed 1 (subspaces) : 444022640
#  - Seed 2 (bootstrap) : 859298807
# -------------------------

 - d_sub 300 : OOB 0.3959 : L 1 : T 0.1 sec
 - d_sub 300 : OOB 0.3325 : L 2 : T 0.1 sec
 - d_sub 300 : OOB 0.2971 : L 3 : T 0.2 sec
 - d_sub 300 : OOB 0.2646 : L 4 : T 0.2 sec
 - d_sub 300 : OOB 0.2406 : L 5 : T 0.3 sec
 - d_sub 300 : OOB 0.2308 : L 6 : T 0.3 sec
 - d_sub 300 : OOB 0.2257 : L 7 : T 0.4 sec
 - d_sub 300 : OOB 0.2180 : L 8 : T 0.5 sec
 - d_sub 300 : OOB 0.2153 : L 9 : T 0.5 sec
 - d_sub 300 : OOB 0.2138 : L 10 : T 0.6 sec
 - d_sub 300 : OOB 0.2093 : L 11 : T 0.6 sec
 - d_sub 300 : OOB 0.2057 : L 12 : T 0.7 sec
 - d_sub 300 : OOB 0.2052 : L 13 : T 0.8 sec
 - d_sub 300 : OOB 0.2038 : L 14 : T 0.8 sec
 - d_sub 300 : OOB 0.1996 : L 15 : T 0.9 sec
 - d_sub 300 : OOB 0.1992 : L 16 : T 1.0 sec
 - d_sub 300 : OOB 0.1994 : L 17 : T 1.0 sec
 - d_sub 300 : OOB 0.1990 : L 18 : T 1.1 sec
 - d_sub 300 : OOB 0.1966 : L 19 : T 1.1 sec
 - d_sub 300 : OOB 0.1961 : L 20 : T 1.2 sec
 - d_sub 300 : OOB 0.1978 : L 21 : T 1.3 sec
 - d_sub 300 : OOB 0.1946 : L 22 : T 1.3 sec
 - d_sub 300 : OOB 0.1946 : L 23 : T 1.4 sec
 - d_sub 300 : OOB 0.1908 : L 24 : T 1.5 sec
 - d_sub 300 : OOB 0.1923 : L 25 : T 1.5 sec
 - d_sub 300 : OOB 0.1928 : L 26 : T 1.6 sec
 - d_sub 300 : OOB 0.1947 : L 27 : T 1.6 sec
 - d_sub 300 : OOB 0.1934 : L 28 : T 1.7 sec
 - d_sub 300 : OOB 0.1932 : L 29 : T 1.7 sec
 - d_sub 300 : OOB 0.1922 : L 30 : T 1.8 sec
# -------------------------
optimal d_sub 300 : OOB 0.1922 : L 30 : T 1.8 sec
# -------------------------
# Ensemble classification
#  - Training samples: 10000 (5000/5000)
#  - Feature-space dimensionality: 24157
#  - L : 30
#  - d_sub : 300
#  - Seed 1 (subspaces) : 499890693
#  - Seed 2 (bootstrap) : 722379752
# -------------------------

 - d_sub 300 : OOB 0.3909 : L 1 : T 0.1 sec
 - d_sub 300 : OOB 0.3292 : L 2 : T 0.1 sec
 - d_sub 300 : OOB 0.2932 : L 3 : T 0.2 sec
 - d_sub 300 : OOB 0.2647 : L 4 : T 0.3 sec
 - d_sub 300 : OOB 0.2430 : L 5 : T 0.3 sec
 - d_sub 300 : OOB 0.2300 : L 6 : T 0.4 sec
 - d_sub 300 : OOB 0.2279 : L 7 : T 0.4 sec
 - d_sub 300 : OOB 0.2157 : L 8 : T 0.5 sec
 - d_sub 300 : OOB 0.2100 : L 9 : T 0.5 sec
 - d_sub 300 : OOB 0.2077 : L 10 : T 0.6 sec
 - d_sub 300 : OOB 0.2078 : L 11 : T 0.7 sec
 - d_sub 300 : OOB 0.2083 : L 12 : T 0.7 sec
 - d_sub 300 : OOB 0.2025 : L 13 : T 0.8 sec
 - d_sub 300 : OOB 0.2005 : L 14 : T 0.8 sec
 - d_sub 300 : OOB 0.1990 : L 15 : T 0.9 sec
 - d_sub 300 : OOB 0.1960 : L 16 : T 1.0 sec
 - d_sub 300 : OOB 0.1961 : L 17 : T 1.0 sec
 - d_sub 300 : OOB 0.1957 : L 18 : T 1.1 sec
 - d_sub 300 : OOB 0.1954 : L 19 : T 1.1 sec
 - d_sub 300 : OOB 0.1951 : L 20 : T 1.2 sec
 - d_sub 300 : OOB 0.1935 : L 21 : T 1.2 sec
 - d_sub 300 : OOB 0.1953 : L 22 : T 1.3 sec
 - d_sub 300 : OOB 0.1942 : L 23 : T 1.4 sec
 - d_sub 300 : OOB 0.1937 : L 24 : T 1.4 sec
 - d_sub 300 : OOB 0.1914 : L 25 : T 1.5 sec
 - d_sub 300 : OOB 0.1918 : L 26 : T 1.5 sec
 - d_sub 300 : OOB 0.1916 : L 27 : T 1.6 sec
 - d_sub 300 : OOB 0.1912 : L 28 : T 1.7 sec
 - d_sub 300 : OOB 0.1917 : L 29 : T 1.7 sec
 - d_sub 300 : OOB 0.1901 : L 30 : T 1.8 sec
# -------------------------
optimal d_sub 300 : OOB 0.1901 : L 30 : T 1.8 sec
# -------------------------
Average OOB error = 0.19122 (+/- 0.00318)
# -------------------------
# Ensemble classification
#  - Training samples: 10000 (5000/5000)
#  - Feature-space dimensionality: 24157
#  - L : 30
#  - d_sub : 300
#  - Seed 1 (subspaces) : 5
#  - Seed 2 (bootstrap) : 73
# -------------------------

 - d_sub 300 : OOB 0.3939 : L 1 : T 0.1 sec
 - d_sub 300 : OOB 0.3353 : L 2 : T 0.1 sec
 - d_sub 300 : OOB 0.2959 : L 3 : T 0.2 sec
 - d_sub 300 : OOB 0.2659 : L 4 : T 0.2 sec
 - d_sub 300 : OOB 0.2410 : L 5 : T 0.3 sec
 - d_sub 300 : OOB 0.2265 : L 6 : T 0.4 sec
 - d_sub 300 : OOB 0.2249 : L 7 : T 0.4 sec
 - d_sub 300 : OOB 0.2143 : L 8 : T 0.5 sec
 - d_sub 300 : OOB 0.2081 : L 9 : T 0.5 sec
 - d_sub 300 : OOB 0.2074 : L 10 : T 0.6 sec
 - d_sub 300 : OOB 0.2048 : L 11 : T 0.7 sec
 - d_sub 300 : OOB 0.2030 : L 12 : T 0.7 sec
 - d_sub 300 : OOB 0.2007 : L 13 : T 0.8 sec
 - d_sub 300 : OOB 0.1999 : L 14 : T 0.9 sec
 - d_sub 300 : OOB 0.1993 : L 15 : T 0.9 sec
 - d_sub 300 : OOB 0.1963 : L 16 : T 1.0 sec
 - d_sub 300 : OOB 0.1954 : L 17 : T 1.1 sec
 - d_sub 300 : OOB 0.1912 : L 18 : T 1.1 sec
 - d_sub 300 : OOB 0.1922 : L 19 : T 1.2 sec
 - d_sub 300 : OOB 0.1925 : L 20 : T 1.2 sec
 - d_sub 300 : OOB 0.1900 : L 21 : T 1.3 sec
 - d_sub 300 : OOB 0.1884 : L 22 : T 1.3 sec
 - d_sub 300 : OOB 0.1902 : L 23 : T 1.4 sec
 - d_sub 300 : OOB 0.1878 : L 24 : T 1.5 sec
 - d_sub 300 : OOB 0.1870 : L 25 : T 1.5 sec
 - d_sub 300 : OOB 0.1875 : L 26 : T 1.6 sec
 - d_sub 300 : OOB 0.1860 : L 27 : T 1.7 sec
 - d_sub 300 : OOB 0.1880 : L 28 : T 1.7 sec
 - d_sub 300 : OOB 0.1877 : L 29 : T 1.8 sec
 - d_sub 300 : OOB 0.1861 : L 30 : T 1.9 sec
# -------------------------
optimal d_sub 300 : OOB 0.1861 : L 30 : T 1.9 sec
OOB error = 0.1931
optimal d_sub 300 : OOB 0.1901 : L 30 : T 1.5 sec
optimal d_sub 300 : OOB 0.1816 : L 84 : T 4.8 sec
Testing error 1: 0.1875
optimal d_sub 300 : OOB 0.1872 : L 85 : T 4.6 sec
Testing error 2: 0.1824
optimal d_sub 300 : OOB 0.1872 : L 87 : T 5.2 sec
Testing error 3: 0.1769
optimal d_sub 300 : OOB 0.1839 : L 92 : T 4.7 sec
Testing error 4: 0.1846
optimal d_sub 300 : OOB 0.1879 : L 83 : T 5.0 sec
Testing error 5: 0.1838
optimal d_sub 300 : OOB 0.1841 : L 80 : T 4.1 sec
Testing error 6: 0.1838
optimal d_sub 300 : OOB 0.1879 : L 91 : T 5.4 sec
Testing error 7: 0.1840
optimal d_sub 300 : OOB 0.1886 : L 81 : T 4.0 sec
Testing error 8: 0.1758
optimal d_sub 300 : OOB 0.1897 : L 84 : T 5.1 sec
Testing error 9: 0.1792
optimal d_sub 300 : OOB 0.1907 : L 77 : T 3.8 sec
Testing error 10: 0.1763
---
Average testing error over 10 splits: 0.1814 (+/- 0.0041)
