# -------------------------
# Ensemble classification
#  - Training samples: 10000 (5000/5000)
#  - Feature-space dimensionality: 24157
#  - L : automatic (min 25, max 500, length 50, eps 0.00500)
#  - d_sub : automatic (Eoob tolerance 0.0200, step 200)
#  - Seed 1 (subspaces) : 291834628
#  - Seed 2 (bootstrap) : 194520405
# -------------------------

 - d_sub 200 : OOB 0.4907 : L 1 : T 0.0 sec
 - d_sub 200 : OOB 0.4848 : L 2 : T 0.1 sec
 - d_sub 200 : OOB 0.4846 : L 3 : T 0.1 sec
 - d_sub 200 : OOB 0.4872 : L 4 : T 0.1 sec
 - d_sub 200 : OOB 0.4797 : L 5 : T 0.2 sec
 - d_sub 200 : OOB 0.4751 : L 6 : T 0.2 sec
 - d_sub 200 : OOB 0.4754 : L 7 : T 0.2 sec
 - d_sub 200 : OOB 0.4781 : L 8 : T 0.2 sec
 - d_sub 200 : OOB 0.4752 : L 9 : T 0.3 sec
 - d_sub 200 : OOB 0.4758 : L 10 : T 0.3 sec
 - d_sub 200 : OOB 0.4737 : L 11 : T 0.3 sec
 - d_sub 200 : OOB 0.4745 : L 12 : T 0.4 sec
 - d_sub 200 : OOB 0.4757 : L 13 : T 0.4 sec
 - d_sub 200 : OOB 0.4733 : L 14 : T 0.4 sec
 - d_sub 200 : OOB 0.4747 : L 15 : T 0.4 sec
 - d_sub 200 : OOB 0.4727 : L 16 : T 0.5 sec
 - d_sub 200 : OOB 0.4709 : L 17 : T 0.5 sec
 - d_sub 200 : OOB 0.4705 : L 18 : T 0.5 sec
 - d_sub 200 : OOB 0.4713 : L 19 : T 0.6 sec
 - d_sub 200 : OOB 0.4722 : L 20 : T 0.6 sec
 - d_sub 200 : OOB 0.4715 : L 21 : T 0.6 sec
 - d_sub 200 : OOB 0.4732 : L 22 : T 0.6 sec
 - d_sub 200 : OOB 0.4713 : L 23 : T 0.7 sec
 - d_sub 200 : OOB 0.4715 : L 24 : T 0.7 sec
 - d_sub 200 : OOB 0.4709 : L 25 : T 0.7 sec
 - d_sub 200 : OOB 0.4721 : L 26 : T 0.8 sec
 - d_sub 200 : OOB 0.4735 : L 27 : T 0.8 sec
 - d_sub 200 : OOB 0.4700 : L 28 : T 0.8 sec
 - d_sub 200 : OOB 0.4675 : L 29 : T 0.8 sec
 - d_sub 200 : OOB 0.4712 : L 30 : T 0.9 sec
 - d_sub 200 : OOB 0.4712 : L 31 : T 0.9 sec
 - d_sub 200 : OOB 0.4707 : L 32 : T 0.9 sec
 - d_sub 200 : OOB 0.4703 : L 33 : T 1.0 sec
 - d_sub 200 : OOB 0.4697 : L 34 : T 1.0 sec
 - d_sub 200 : OOB 0.4716 : L 35 : T 1.0 sec
 - d_sub 200 : OOB 0.4679 : L 36 : T 1.0 sec
 - d_sub 200 : OOB 0.4673 : L 37 : T 1.1 sec
 - d_sub 200 : OOB 0.4704 : L 38 : T 1.1 sec
 - d_sub 200 : OOB 0.4692 : L 39 : T 1.1 sec
 - d_sub 200 : OOB 0.4686 : L 40 : T 1.2 sec
 - d_sub 200 : OOB 0.4658 : L 41 : T 1.2 sec
 - d_sub 200 : OOB 0.4656 : L 42 : T 1.2 sec
 - d_sub 200 : OOB 0.4670 : L 43 : T 1.2 sec
 - d_sub 200 : OOB 0.4659 : L 44 : T 1.3 sec
 - d_sub 200 : OOB 0.4709 : L 45 : T 1.3 sec
 - d_sub 200 : OOB 0.4683 : L 46 : T 1.3 sec
 - d_sub 200 : OOB 0.4715 : L 47 : T 1.4 sec
 - d_sub 200 : OOB 0.4706 : L 48 : T 1.4 sec
 - d_sub 200 : OOB 0.4708 : L 49 : T 1.4 sec
 - d_sub 200 : OOB 0.4693 : L 50 : T 1.5 sec
 - d_sub 200 : OOB 0.4699 : L 51 : T 1.5 sec
 - d_sub 200 : OOB 0.4693 : L 52 : T 1.5 sec
 - d_sub 200 : OOB 0.4706 : L 53 : T 1.6 sec
 - d_sub 200 : OOB 0.4685 : L 54 : T 1.6 sec
 - d_sub 200 : OOB 0.4689 : L 55 : T 1.6 sec
 - d_sub 200 : OOB 0.4692 : L 56 : T 1.6 sec
 - d_sub 200 : OOB 0.4696 : L 57 : T 1.7 sec
 - d_sub 200 : OOB 0.4698 : L 58 : T 1.7 sec
 - d_sub 200 : OOB 0.4688 : L 59 : T 1.7 sec
 - d_sub 200 : OOB 0.4708 : L 60 : T 1.8 sec
 - d_sub 200 : OOB 0.4686 : L 61 : T 1.8 sec
 - d_sub 200 : OOB 0.4692 : L 62 : T 1.8 sec
 - d_sub 200 : OOB 0.4701 : L 63 : T 1.9 sec
 - d_sub 200 : OOB 0.4691 : L 64 : T 1.9 sec
 - d_sub 200 : OOB 0.4690 : L 65 : T 1.9 sec
 - d_sub 200 : OOB 0.4682 : L 66 : T 1.9 sec
 - d_sub 200 : OOB 0.4706 : L 67 : T 2.0 sec
 - d_sub 200 : OOB 0.4687 : L 68 : T 2.0 sec
 - d_sub 200 : OOB 0.4701 : L 69 : T 2.0 sec
 - d_sub 200 : OOB 0.4692 : L 70 : T 2.1 sec
 - d_sub 200 : OOB 0.4674 : L 71 : T 2.1 sec
 - d_sub 200 : OOB 0.4693 : L 72 : T 2.1 sec
 - d_sub 200 : OOB 0.4677 : L 73 : T 2.1 sec
 - d_sub 200 : OOB 0.4683 : L 74 : T 2.2 sec

 - d_sub 400 : OOB 0.4881 : L 1 : T 0.1 sec
 - d_sub 400 : OOB 0.4785 : L 2 : T 0.1 sec
 - d_sub 400 : OOB 0.4784 : L 3 : T 0.2 sec
 - d_sub 400 : OOB 0.4816 : L 4 : T 0.2 sec
 - d_sub 400 : OOB 0.4710 : L 5 : T 0.3 sec
 - d_sub 400 : OOB 0.4701 : L 6 : T 0.4 sec
 - d_sub 400 : OOB 0.4732 : L 7 : T 0.4 sec
 - d_sub 400 : OOB 0.4674 : L 8 : T 0.5 sec
 - d_sub 400 : OOB 0.4661 : L 9 : T 0.5 sec
 - d_sub 400 : OOB 0.4674 : L 10 : T 0.6 sec
 - d_sub 400 : OOB 0.4648 : L 11 : T 0.7 sec
 - d_sub 400 : OOB 0.4699 : L 12 : T 0.7 sec
 - d_sub 400 : OOB 0.4636 : L 13 : T 0.8 sec
 - d_sub 400 : OOB 0.4620 : L 14 : T 0.8 sec
 - d_sub 400 : OOB 0.4642 : L 15 : T 0.9 sec
 - d_sub 400 : OOB 0.4633 : L 16 : T 1.0 sec
 - d_sub 400 : OOB 0.4612 : L 17 : T 1.0 sec
 - d_sub 400 : OOB 0.4587 : L 18 : T 1.1 sec
 - d_sub 400 : OOB 0.4583 : L 19 : T 1.1 sec
 - d_sub 400 : OOB 0.4583 : L 20 : T 1.2 sec
 - d_sub 400 : OOB 0.4596 : L 21 : T 1.3 sec
 - d_sub 400 : OOB 0.4586 : L 22 : T 1.3 sec
 - d_sub 400 : OOB 0.4599 : L 23 : T 1.4 sec
 - d_sub 400 : OOB 0.4601 : L 24 : T 1.5 sec
 - d_sub 400 : OOB 0.4589 : L 25 : T 1.5 sec
 - d_sub 400 : OOB 0.4589 : L 26 : T 1.6 sec
 - d_sub 400 : OOB 0.4605 : L 27 : T 1.6 sec
 - d_sub 400 : OOB 0.4595 : L 28 : T 1.7 sec
 - d_sub 400 : OOB 0.4599 : L 29 : T 1.7 sec
 - d_sub 400 : OOB 0.4586 : L 30 : T 1.8 sec
 - d_sub 400 : OOB 0.4573 : L 31 : T 1.9 sec
 - d_sub 400 : OOB 0.4611 : L 32 : T 1.9 sec
 - d_sub 400 : OOB 0.4587 : L 33 : T 2.0 sec
 - d_sub 400 : OOB 0.4572 : L 34 : T 2.0 sec
 - d_sub 400 : OOB 0.4622 : L 35 : T 2.1 sec
 - d_sub 400 : OOB 0.4585 : L 36 : T 2.2 sec
 - d_sub 400 : OOB 0.4588 : L 37 : T 2.2 sec
 - d_sub 400 : OOB 0.4617 : L 38 : T 2.3 sec
 - d_sub 400 : OOB 0.4592 : L 39 : T 2.3 sec
 - d_sub 400 : OOB 0.4591 : L 40 : T 2.4 sec
 - d_sub 400 : OOB 0.4613 : L 41 : T 2.4 sec
 - d_sub 400 : OOB 0.4573 : L 42 : T 2.5 sec
 - d_sub 400 : OOB 0.4587 : L 43 : T 2.6 sec
 - d_sub 400 : OOB 0.4591 : L 44 : T 2.6 sec
 - d_sub 400 : OOB 0.4573 : L 45 : T 2.7 sec
 - d_sub 400 : OOB 0.4568 : L 46 : T 2.7 sec
 - d_sub 400 : OOB 0.4623 : L 47 : T 2.8 sec
 - d_sub 400 : OOB 0.4598 : L 48 : T 2.9 sec
 - d_sub 400 : OOB 0.4583 : L 49 : T 2.9 sec
 - d_sub 400 : OOB 0.4608 : L 50 : T 3.0 sec
 - d_sub 400 : OOB 0.4583 : L 51 : T 3.0 sec
 - d_sub 400 : OOB 0.4586 : L 52 : T 3.1 sec
 - d_sub 400 : OOB 0.4570 : L 53 : T 3.1 sec
 - d_sub 400 : OOB 0.4555 : L 54 : T 3.2 sec
 - d_sub 400 : OOB 0.4579 : L 55 : T 3.3 sec
 - d_sub 400 : OOB 0.4579 : L 56 : T 3.3 sec
 - d_sub 400 : OOB 0.4565 : L 57 : T 3.4 sec
 - d_sub 400 : OOB 0.4561 : L 58 : T 3.4 sec
 - d_sub 400 : OOB 0.4581 : L 59 : T 3.5 sec
 - d_sub 400 : OOB 0.4583 : L 60 : T 3.5 sec
 - d_sub 400 : OOB 0.4558 : L 61 : T 3.6 sec
 - d_sub 400 : OOB 0.4562 : L 62 : T 3.7 sec
 - d_sub 400 : OOB 0.4554 : L 63 : T 3.7 sec
 - d_sub 400 : OOB 0.4569 : L 64 : T 3.8 sec

 - d_sub 600 : OOB 0.4856 : L 1 : T 0.1 sec
 - d_sub 600 : OOB 0.4749 : L 2 : T 0.2 sec
 - d_sub 600 : OOB 0.4742 : L 3 : T 0.3 sec
 - d_sub 600 : OOB 0.4780 : L 4 : T 0.4 sec
 - d_sub 600 : OOB 0.4662 : L 5 : T 0.5 sec
 - d_sub 600 : OOB 0.4659 : L 6 : T 0.6 sec
 - d_sub 600 : OOB 0.4693 : L 7 : T 0.7 sec
 - d_sub 600 : OOB 0.4667 : L 8 : T 0.8 sec
 - d_sub 600 : OOB 0.4638 : L 9 : T 0.9 sec
 - d_sub 600 : OOB 0.4651 : L 10 : T 1.0 sec
 - d_sub 600 : OOB 0.4640 : L 11 : T 1.1 sec
 - d_sub 600 : OOB 0.4646 : L 12 : T 1.2 sec
 - d_sub 600 : OOB 0.4590 : L 13 : T 1.2 sec
 - d_sub 600 : OOB 0.4602 : L 14 : T 1.3 sec
 - d_sub 600 : OOB 0.4599 : L 15 : T 1.5 sec
 - d_sub 600 : OOB 0.4604 : L 16 : T 1.5 sec
 - d_sub 600 : OOB 0.4550 : L 17 : T 1.6 sec
 - d_sub 600 : OOB 0.4571 : L 18 : T 1.7 sec
 - d_sub 600 : OOB 0.4555 : L 19 : T 1.8 sec
 - d_sub 600 : OOB 0.4544 : L 20 : T 1.9 sec
 - d_sub 600 : OOB 0.4584 : L 21 : T 2.0 sec
 - d_sub 600 : OOB 0.4611 : L 22 : T 2.1 sec
 - d_sub 600 : OOB 0.4559 : L 23 : T 2.2 sec
 - d_sub 600 : OOB 0.4563 : L 24 : T 2.3 sec
 - d_sub 600 : OOB 0.4560 : L 25 : T 2.4 sec
 - d_sub 600 : OOB 0.4576 : L 26 : T 2.5 sec
 - d_sub 600 : OOB 0.4571 : L 27 : T 2.6 sec
 - d_sub 600 : OOB 0.4564 : L 28 : T 2.7 sec
 - d_sub 600 : OOB 0.4551 : L 29 : T 2.8 sec
 - d_sub 600 : OOB 0.4553 : L 30 : T 2.9 sec
 - d_sub 600 : OOB 0.4528 : L 31 : T 3.0 sec
 - d_sub 600 : OOB 0.4518 : L 32 : T 3.1 sec
 - d_sub 600 : OOB 0.4556 : L 33 : T 3.2 sec
 - d_sub 600 : OOB 0.4538 : L 34 : T 3.3 sec
 - d_sub 600 : OOB 0.4526 : L 35 : T 3.4 sec
 - d_sub 600 : OOB 0.4550 : L 36 : T 3.5 sec
 - d_sub 600 : OOB 0.4527 : L 37 : T 3.6 sec
 - d_sub 600 : OOB 0.4527 : L 38 : T 3.7 sec
 - d_sub 600 : OOB 0.4520 : L 39 : T 3.8 sec
 - d_sub 600 : OOB 0.4516 : L 40 : T 3.9 sec
 - d_sub 600 : OOB 0.4516 : L 41 : T 4.0 sec
 - d_sub 600 : OOB 0.4518 : L 42 : T 4.1 sec
 - d_sub 600 : OOB 0.4514 : L 43 : T 4.2 sec
 - d_sub 600 : OOB 0.4514 : L 44 : T 4.3 sec
 - d_sub 600 : OOB 0.4521 : L 45 : T 4.4 sec
 - d_sub 600 : OOB 0.4516 : L 46 : T 4.5 sec
 - d_sub 600 : OOB 0.4516 : L 47 : T 4.6 sec
 - d_sub 600 : OOB 0.4528 : L 48 : T 4.7 sec
 - d_sub 600 : OOB 0.4499 : L 49 : T 4.8 sec
 - d_sub 600 : OOB 0.4494 : L 50 : T 4.9 sec
 - d_sub 600 : OOB 0.4512 : L 51 : T 5.0 sec
 - d_sub 600 : OOB 0.4503 : L 52 : T 5.1 sec
 - d_sub 600 : OOB 0.4502 : L 53 : T 5.2 sec
 - d_sub 600 : OOB 0.4528 : L 54 : T 5.3 sec
 - d_sub 600 : OOB 0.4497 : L 55 : T 5.3 sec
 - d_sub 600 : OOB 0.4498 : L 56 : T 5.4 sec
 - d_sub 600 : OOB 0.4516 : L 57 : T 5.5 sec
 - d_sub 600 : OOB 0.4509 : L 58 : T 5.6 sec
 - d_sub 600 : OOB 0.4498 : L 59 : T 5.7 sec
 - d_sub 600 : OOB 0.4502 : L 60 : T 5.8 sec
 - d_sub 600 : OOB 0.4518 : L 61 : T 5.9 sec
 - d_sub 600 : OOB 0.4509 : L 62 : T 6.0 sec
 - d_sub 600 : OOB 0.4525 : L 63 : T 6.1 sec
 - d_sub 600 : OOB 0.4513 : L 64 : T 6.2 sec
 - d_sub 600 : OOB 0.4512 : L 65 : T 6.3 sec
 - d_sub 600 : OOB 0.4524 : L 66 : T 6.4 sec
 - d_sub 600 : OOB 0.4500 : L 67 : T 6.5 sec
 - d_sub 600 : OOB 0.4498 : L 68 : T 6.6 sec
 - d_sub 600 : OOB 0.4504 : L 69 : T 6.7 sec
 - d_sub 600 : OOB 0.4522 : L 70 : T 6.8 sec
 - d_sub 600 : OOB 0.4497 : L 71 : T 6.9 sec
 - d_sub 600 : OOB 0.4498 : L 72 : T 7.0 sec
 - d_sub 600 : OOB 0.4505 : L 73 : T 7.1 sec
 - d_sub 600 : OOB 0.4508 : L 74 : T 7.2 sec
 - d_sub 600 : OOB 0.4501 : L 75 : T 7.3 sec
 - d_sub 600 : OOB 0.4509 : L 76 : T 7.4 sec
 - d_sub 600 : OOB 0.4502 : L 77 : T 7.5 sec

 - d_sub 800 : OOB 0.4829 : L 1 : T 0.1 sec
 - d_sub 800 : OOB 0.4743 : L 2 : T 0.3 sec
 - d_sub 800 : OOB 0.4726 : L 3 : T 0.4 sec
 - d_sub 800 : OOB 0.4719 : L 4 : T 0.6 sec
 - d_sub 800 : OOB 0.4635 : L 5 : T 0.7 sec
 - d_sub 800 : OOB 0.4654 : L 6 : T 0.9 sec
 - d_sub 800 : OOB 0.4666 : L 7 : T 1.0 sec
 - d_sub 800 : OOB 0.4636 : L 8 : T 1.2 sec
 - d_sub 800 : OOB 0.4615 : L 9 : T 1.3 sec
 - d_sub 800 : OOB 0.4614 : L 10 : T 1.4 sec
 - d_sub 800 : OOB 0.4600 : L 11 : T 1.6 sec
 - d_sub 800 : OOB 0.4627 : L 12 : T 1.7 sec
 - d_sub 800 : OOB 0.4590 : L 13 : T 1.9 sec
 - d_sub 800 : OOB 0.4581 : L 14 : T 2.0 sec
 - d_sub 800 : OOB 0.4581 : L 15 : T 2.2 sec
 - d_sub 800 : OOB 0.4583 : L 16 : T 2.3 sec
 - d_sub 800 : OOB 0.4588 : L 17 : T 2.5 sec
 - d_sub 800 : OOB 0.4571 : L 18 : T 2.6 sec
 - d_sub 800 : OOB 0.4536 : L 19 : T 2.8 sec
 - d_sub 800 : OOB 0.4530 : L 20 : T 2.9 sec
 - d_sub 800 : OOB 0.4542 : L 21 : T 3.1 sec
 - d_sub 800 : OOB 0.4516 : L 22 : T 3.2 sec
 - d_sub 800 : OOB 0.4521 : L 23 : T 3.4 sec
 - d_sub 800 : OOB 0.4543 : L 24 : T 3.5 sec
 - d_sub 800 : OOB 0.4508 : L 25 : T 3.6 sec
 - d_sub 800 : OOB 0.4530 : L 26 : T 3.8 sec
 - d_sub 800 : OOB 0.4516 : L 27 : T 3.9 sec
 - d_sub 800 : OOB 0.4546 : L 28 : T 4.1 sec
 - d_sub 800 : OOB 0.4524 : L 29 : T 4.2 sec
 - d_sub 800 : OOB 0.4526 : L 30 : T 4.4 sec
 - d_sub 800 : OOB 0.4505 : L 31 : T 4.5 sec
 - d_sub 800 : OOB 0.4521 : L 32 : T 4.7 sec
 - d_sub 800 : OOB 0.4477 : L 33 : T 4.8 sec
 - d_sub 800 : OOB 0.4482 : L 34 : T 5.0 sec
 - d_sub 800 : OOB 0.4497 : L 35 : T 5.1 sec
 - d_sub 800 : OOB 0.4492 : L 36 : T 5.3 sec
 - d_sub 800 : OOB 0.4470 : L 37 : T 5.4 sec
 - d_sub 800 : OOB 0.4490 : L 38 : T 5.6 sec
 - d_sub 800 : OOB 0.4486 : L 39 : T 5.7 sec
 - d_sub 800 : OOB 0.4460 : L 40 : T 5.8 sec
 - d_sub 800 : OOB 0.4492 : L 41 : T 6.0 sec
 - d_sub 800 : OOB 0.4477 : L 42 : T 6.1 sec
 - d_sub 800 : OOB 0.4478 : L 43 : T 6.2 sec
 - d_sub 800 : OOB 0.4498 : L 44 : T 6.4 sec
 - d_sub 800 : OOB 0.4493 : L 45 : T 6.5 sec
 - d_sub 800 : OOB 0.4520 : L 46 : T 6.7 sec
 - d_sub 800 : OOB 0.4487 : L 47 : T 6.8 sec
 - d_sub 800 : OOB 0.4467 : L 48 : T 7.0 sec
 - d_sub 800 : OOB 0.4477 : L 49 : T 7.1 sec
 - d_sub 800 : OOB 0.4484 : L 50 : T 7.3 sec
 - d_sub 800 : OOB 0.4461 : L 51 : T 7.4 sec
 - d_sub 800 : OOB 0.4470 : L 52 : T 7.5 sec
 - d_sub 800 : OOB 0.4468 : L 53 : T 7.7 sec
 - d_sub 800 : OOB 0.4475 : L 54 : T 7.8 sec
 - d_sub 800 : OOB 0.4487 : L 55 : T 8.0 sec
 - d_sub 800 : OOB 0.4470 : L 56 : T 8.1 sec
 - d_sub 800 : OOB 0.4456 : L 57 : T 8.2 sec
 - d_sub 800 : OOB 0.4459 : L 58 : T 8.4 sec
 - d_sub 800 : OOB 0.4475 : L 59 : T 8.5 sec
 - d_sub 800 : OOB 0.4472 : L 60 : T 8.6 sec
 - d_sub 800 : OOB 0.4482 : L 61 : T 8.8 sec
 - d_sub 800 : OOB 0.4494 : L 62 : T 8.9 sec
 - d_sub 800 : OOB 0.4502 : L 63 : T 9.1 sec
 - d_sub 800 : OOB 0.4479 : L 64 : T 9.2 sec
 - d_sub 800 : OOB 0.4464 : L 65 : T 9.4 sec
 - d_sub 800 : OOB 0.4491 : L 66 : T 9.5 sec
 - d_sub 800 : OOB 0.4478 : L 67 : T 9.7 sec
 - d_sub 800 : OOB 0.4472 : L 68 : T 9.8 sec
 - d_sub 800 : OOB 0.4484 : L 69 : T 10.0 sec
 - d_sub 800 : OOB 0.4479 : L 70 : T 10.1 sec
 - d_sub 800 : OOB 0.4473 : L 71 : T 10.2 sec
 - d_sub 800 : OOB 0.4459 : L 72 : T 10.4 sec
 - d_sub 800 : OOB 0.4448 : L 73 : T 10.5 sec
 - d_sub 800 : OOB 0.4468 : L 74 : T 10.7 sec
 - d_sub 800 : OOB 0.4451 : L 75 : T 10.8 sec
 - d_sub 800 : OOB 0.4480 : L 76 : T 11.0 sec
 - d_sub 800 : OOB 0.4477 : L 77 : T 11.1 sec
 - d_sub 800 : OOB 0.4471 : L 78 : T 11.3 sec
 - d_sub 800 : OOB 0.4480 : L 79 : T 11.4 sec

 - d_sub 1000 : OOB 0.4876 : L 1 : T 0.2 sec
 - d_sub 1000 : OOB 0.4769 : L 2 : T 0.4 sec
 - d_sub 1000 : OOB 0.4757 : L 3 : T 0.7 sec
 - d_sub 1000 : OOB 0.4738 : L 4 : T 0.9 sec
 - d_sub 1000 : OOB 0.4619 : L 5 : T 1.1 sec
 - d_sub 1000 : OOB 0.4602 : L 6 : T 1.3 sec
 - d_sub 1000 : OOB 0.4600 : L 7 : T 1.5 sec
 - d_sub 1000 : OOB 0.4605 : L 8 : T 1.7 sec
 - d_sub 1000 : OOB 0.4569 : L 9 : T 2.0 sec
 - d_sub 1000 : OOB 0.4570 : L 10 : T 2.2 sec
 - d_sub 1000 : OOB 0.4532 : L 11 : T 2.4 sec
 - d_sub 1000 : OOB 0.4562 : L 12 : T 2.6 sec
 - d_sub 1000 : OOB 0.4540 : L 13 : T 2.8 sec
 - d_sub 1000 : OOB 0.4523 : L 14 : T 3.0 sec
 - d_sub 1000 : OOB 0.4523 : L 15 : T 3.7 sec
 - d_sub 1000 : OOB 0.4506 : L 16 : T 3.9 sec
 - d_sub 1000 : OOB 0.4561 : L 17 : T 4.1 sec
 - d_sub 1000 : OOB 0.4544 : L 18 : T 4.3 sec
 - d_sub 1000 : OOB 0.4521 : L 19 : T 4.5 sec
 - d_sub 1000 : OOB 0.4503 : L 20 : T 4.8 sec
 - d_sub 1000 : OOB 0.4506 : L 21 : T 5.0 sec
 - d_sub 1000 : OOB 0.4492 : L 22 : T 5.2 sec
 - d_sub 1000 : OOB 0.4483 : L 23 : T 5.4 sec
 - d_sub 1000 : OOB 0.4470 : L 24 : T 5.6 sec
 - d_sub 1000 : OOB 0.4501 : L 25 : T 5.8 sec
 - d_sub 1000 : OOB 0.4508 : L 26 : T 6.0 sec
 - d_sub 1000 : OOB 0.4497 : L 27 : T 6.2 sec
 - d_sub 1000 : OOB 0.4480 : L 28 : T 6.5 sec
 - d_sub 1000 : OOB 0.4513 : L 29 : T 6.7 sec
 - d_sub 1000 : OOB 0.4480 : L 30 : T 6.9 sec
 - d_sub 1000 : OOB 0.4477 : L 31 : T 7.1 sec
 - d_sub 1000 : OOB 0.4487 : L 32 : T 7.3 sec
 - d_sub 1000 : OOB 0.4486 : L 33 : T 8.6 sec
 - d_sub 1000 : OOB 0.4478 : L 34 : T 9.7 sec
 - d_sub 1000 : OOB 0.4487 : L 35 : T 9.9 sec
 - d_sub 1000 : OOB 0.4497 : L 36 : T 10.6 sec
 - d_sub 1000 : OOB 0.4474 : L 37 : T 10.8 sec
 - d_sub 1000 : OOB 0.4476 : L 38 : T 11.0 sec
 - d_sub 1000 : OOB 0.4473 : L 39 : T 11.2 sec
 - d_sub 1000 : OOB 0.4465 : L 40 : T 13.2 sec
 - d_sub 1000 : OOB 0.4494 : L 41 : T 13.4 sec
 - d_sub 1000 : OOB 0.4498 : L 42 : T 13.6 sec
 - d_sub 1000 : OOB 0.4489 : L 43 : T 13.8 sec
 - d_sub 1000 : OOB 0.4491 : L 44 : T 14.0 sec
 - d_sub 1000 : OOB 0.4480 : L 45 : T 14.2 sec
 - d_sub 1000 : OOB 0.4468 : L 46 : T 14.4 sec
 - d_sub 1000 : OOB 0.4466 : L 47 : T 14.6 sec
 - d_sub 1000 : OOB 0.4445 : L 48 : T 14.9 sec
 - d_sub 1000 : OOB 0.4464 : L 49 : T 15.1 sec
 - d_sub 1000 : OOB 0.4472 : L 50 : T 15.3 sec
 - d_sub 1000 : OOB 0.4472 : L 51 : T 15.5 sec
 - d_sub 1000 : OOB 0.4480 : L 52 : T 15.7 sec
 - d_sub 1000 : OOB 0.4465 : L 53 : T 15.9 sec
 - d_sub 1000 : OOB 0.4474 : L 54 : T 16.1 sec
 - d_sub 1000 : OOB 0.4464 : L 55 : T 16.3 sec
 - d_sub 1000 : OOB 0.4482 : L 56 : T 17.6 sec
 - d_sub 1000 : OOB 0.4499 : L 57 : T 17.8 sec
 - d_sub 1000 : OOB 0.4479 : L 58 : T 18.1 sec
 - d_sub 1000 : OOB 0.4465 : L 59 : T 18.2 sec
 - d_sub 1000 : OOB 0.4462 : L 60 : T 18.5 sec
 - d_sub 1000 : OOB 0.4485 : L 61 : T 18.7 sec
 - d_sub 1000 : OOB 0.4491 : L 62 : T 18.9 sec
 - d_sub 1000 : OOB 0.4486 : L 63 : T 19.1 sec
 - d_sub 1000 : OOB 0.4481 : L 64 : T 19.3 sec
 - d_sub 1000 : OOB 0.4468 : L 65 : T 19.5 sec
 - d_sub 1000 : OOB 0.4453 : L 66 : T 19.8 sec
 - d_sub 1000 : OOB 0.4482 : L 67 : T 20.0 sec
 - d_sub 1000 : OOB 0.4477 : L 68 : T 20.2 sec

 - d_sub 1200 : OOB 0.4841 : L 1 : T 0.3 sec
 - d_sub 1200 : OOB 0.4735 : L 2 : T 0.5 sec
 - d_sub 1200 : OOB 0.4709 : L 3 : T 1.2 sec
 - d_sub 1200 : OOB 0.4693 : L 4 : T 1.4 sec
 - d_sub 1200 : OOB 0.4600 : L 5 : T 1.7 sec
 - d_sub 1200 : OOB 0.4575 : L 6 : T 2.0 sec
 - d_sub 1200 : OOB 0.4590 : L 7 : T 2.2 sec
 - d_sub 1200 : OOB 0.4578 : L 8 : T 2.5 sec
 - d_sub 1200 : OOB 0.4534 : L 9 : T 2.7 sec
 - d_sub 1200 : OOB 0.4530 : L 10 : T 3.0 sec
 - d_sub 1200 : OOB 0.4477 : L 11 : T 3.3 sec
 - d_sub 1200 : OOB 0.4556 : L 12 : T 3.6 sec
 - d_sub 1200 : OOB 0.4504 : L 13 : T 4.3 sec
 - d_sub 1200 : OOB 0.4493 : L 14 : T 4.5 sec
 - d_sub 1200 : OOB 0.4478 : L 15 : T 4.8 sec
 - d_sub 1200 : OOB 0.4457 : L 16 : T 5.1 sec
 - d_sub 1200 : OOB 0.4501 : L 17 : T 5.3 sec
 - d_sub 1200 : OOB 0.4478 : L 18 : T 5.6 sec
 - d_sub 1200 : OOB 0.4472 : L 19 : T 5.8 sec
 - d_sub 1200 : OOB 0.4491 : L 20 : T 6.0 sec
 - d_sub 1200 : OOB 0.4507 : L 21 : T 6.3 sec
 - d_sub 1200 : OOB 0.4452 : L 22 : T 6.6 sec
 - d_sub 1200 : OOB 0.4448 : L 23 : T 7.3 sec
 - d_sub 1200 : OOB 0.4431 : L 24 : T 7.5 sec
 - d_sub 1200 : OOB 0.4451 : L 25 : T 7.8 sec
 - d_sub 1200 : OOB 0.4455 : L 26 : T 8.1 sec
 - d_sub 1200 : OOB 0.4432 : L 27 : T 8.3 sec
 - d_sub 1200 : OOB 0.4422 : L 28 : T 8.6 sec
 - d_sub 1200 : OOB 0.4455 : L 29 : T 8.9 sec
 - d_sub 1200 : OOB 0.4431 : L 30 : T 9.1 sec
 - d_sub 1200 : OOB 0.4431 : L 31 : T 9.4 sec
 - d_sub 1200 : OOB 0.4465 : L 32 : T 10.1 sec
 - d_sub 1200 : OOB 0.4462 : L 33 : T 10.3 sec
 - d_sub 1200 : OOB 0.4463 : L 34 : T 10.6 sec
 - d_sub 1200 : OOB 0.4461 : L 35 : T 10.9 sec
 - d_sub 1200 : OOB 0.4459 : L 36 : T 11.1 sec
 - d_sub 1200 : OOB 0.4432 : L 37 : T 11.4 sec
 - d_sub 1200 : OOB 0.4443 : L 38 : T 11.6 sec
 - d_sub 1200 : OOB 0.4454 : L 39 : T 11.9 sec
 - d_sub 1200 : OOB 0.4452 : L 40 : T 12.2 sec
 - d_sub 1200 : OOB 0.4440 : L 41 : T 13.4 sec
 - d_sub 1200 : OOB 0.4451 : L 42 : T 13.7 sec
 - d_sub 1200 : OOB 0.4460 : L 43 : T 13.9 sec
 - d_sub 1200 : OOB 0.4452 : L 44 : T 14.2 sec
 - d_sub 1200 : OOB 0.4425 : L 45 : T 14.5 sec
 - d_sub 1200 : OOB 0.4461 : L 46 : T 14.7 sec
 - d_sub 1200 : OOB 0.4456 : L 47 : T 15.0 sec
 - d_sub 1200 : OOB 0.4439 : L 48 : T 15.2 sec
 - d_sub 1200 : OOB 0.4455 : L 49 : T 15.5 sec
 - d_sub 1200 : OOB 0.4427 : L 50 : T 15.7 sec
 - d_sub 1200 : OOB 0.4442 : L 51 : T 16.5 sec
 - d_sub 1200 : OOB 0.4447 : L 52 : T 16.7 sec
 - d_sub 1200 : OOB 0.4452 : L 53 : T 17.0 sec
 - d_sub 1200 : OOB 0.4448 : L 54 : T 17.3 sec
 - d_sub 1200 : OOB 0.4441 : L 55 : T 17.5 sec
 - d_sub 1200 : OOB 0.4428 : L 56 : T 17.8 sec
 - d_sub 1200 : OOB 0.4426 : L 57 : T 18.1 sec
 - d_sub 1200 : OOB 0.4426 : L 58 : T 18.3 sec
 - d_sub 1200 : OOB 0.4413 : L 59 : T 18.6 sec
 - d_sub 1200 : OOB 0.4414 : L 60 : T 19.3 sec
 - d_sub 1200 : OOB 0.4425 : L 61 : T 19.6 sec
 - d_sub 1200 : OOB 0.4438 : L 62 : T 19.8 sec
 - d_sub 1200 : OOB 0.4437 : L 63 : T 20.1 sec
 - d_sub 1200 : OOB 0.4426 : L 64 : T 20.4 sec
 - d_sub 1200 : OOB 0.4442 : L 65 : T 20.7 sec
 - d_sub 1200 : OOB 0.4437 : L 66 : T 20.9 sec
 - d_sub 1200 : OOB 0.4456 : L 67 : T 21.2 sec
 - d_sub 1200 : OOB 0.4433 : L 68 : T 21.5 sec
 - d_sub 1200 : OOB 0.4441 : L 69 : T 21.8 sec

 - d_sub 1400 : OOB 0.4819 : L 1 : T 1.6 sec
 - d_sub 1400 : OOB 0.4727 : L 2 : T 3.8 sec
 - d_sub 1400 : OOB 0.4716 : L 3 : T 4.2 sec
 - d_sub 1400 : OOB 0.4716 : L 4 : T 4.5 sec
 - d_sub 1400 : OOB 0.4595 : L 5 : T 6.3 sec
 - d_sub 1400 : OOB 0.4573 : L 6 : T 6.6 sec
 - d_sub 1400 : OOB 0.4610 : L 7 : T 7.9 sec
 - d_sub 1400 : OOB 0.4569 : L 8 : T 8.3 sec
 - d_sub 1400 : OOB 0.4559 : L 9 : T 10.2 sec
 - d_sub 1400 : OOB 0.4571 : L 10 : T 10.5 sec
 - d_sub 1400 : OOB 0.4540 : L 11 : T 11.7 sec
 - d_sub 1400 : OOB 0.4609 : L 12 : T 12.0 sec
 - d_sub 1400 : OOB 0.4555 : L 13 : T 13.0 sec
 - d_sub 1400 : OOB 0.4558 : L 14 : T 13.3 sec
 - d_sub 1400 : OOB 0.4548 : L 15 : T 14.2 sec
 - d_sub 1400 : OOB 0.4501 : L 16 : T 15.2 sec
 - d_sub 1400 : OOB 0.4559 : L 17 : T 17.4 sec
 - d_sub 1400 : OOB 0.4538 : L 18 : T 17.8 sec
 - d_sub 1400 : OOB 0.4509 : L 19 : T 18.2 sec
 - d_sub 1400 : OOB 0.4546 : L 20 : T 19.4 sec
 - d_sub 1400 : OOB 0.4553 : L 21 : T 19.8 sec
 - d_sub 1400 : OOB 0.4498 : L 22 : T 20.6 sec
 - d_sub 1400 : OOB 0.4512 : L 23 : T 22.0 sec
 - d_sub 1400 : OOB 0.4514 : L 24 : T 22.4 sec
 - d_sub 1400 : OOB 0.4514 : L 25 : T 24.1 sec
 - d_sub 1400 : OOB 0.4496 : L 26 : T 24.4 sec
 - d_sub 1400 : OOB 0.4483 : L 27 : T 24.8 sec
 - d_sub 1400 : OOB 0.4474 : L 28 : T 26.7 sec
 - d_sub 1400 : OOB 0.4477 : L 29 : T 27.0 sec
 - d_sub 1400 : OOB 0.4469 : L 30 : T 28.4 sec
 - d_sub 1400 : OOB 0.4493 : L 31 : T 29.4 sec
 - d_sub 1400 : OOB 0.4480 : L 32 : T 30.4 sec
 - d_sub 1400 : OOB 0.4481 : L 33 : T 30.7 sec
 - d_sub 1400 : OOB 0.4477 : L 34 : T 31.4 sec
 - d_sub 1400 : OOB 0.4469 : L 35 : T 32.3 sec
 - d_sub 1400 : OOB 0.4496 : L 36 : T 32.6 sec
 - d_sub 1400 : OOB 0.4470 : L 37 : T 34.9 sec
 - d_sub 1400 : OOB 0.4459 : L 38 : T 35.9 sec
 - d_sub 1400 : OOB 0.4486 : L 39 : T 36.3 sec
 - d_sub 1400 : OOB 0.4478 : L 40 : T 37.4 sec
 - d_sub 1400 : OOB 0.4478 : L 41 : T 37.7 sec
 - d_sub 1400 : OOB 0.4461 : L 42 : T 39.4 sec
 - d_sub 1400 : OOB 0.4443 : L 43 : T 39.8 sec
 - d_sub 1400 : OOB 0.4467 : L 44 : T 41.0 sec
 - d_sub 1400 : OOB 0.4442 : L 45 : T 41.9 sec
 - d_sub 1400 : OOB 0.4458 : L 46 : T 42.6 sec
 - d_sub 1400 : OOB 0.4430 : L 47 : T 42.9 sec
 - d_sub 1400 : OOB 0.4458 : L 48 : T 43.2 sec
 - d_sub 1400 : OOB 0.4442 : L 49 : T 43.9 sec
 - d_sub 1400 : OOB 0.4451 : L 50 : T 45.2 sec
 - d_sub 1400 : OOB 0.4416 : L 51 : T 46.3 sec
 - d_sub 1400 : OOB 0.4421 : L 52 : T 47.7 sec
 - d_sub 1400 : OOB 0.4422 : L 53 : T 48.1 sec
 - d_sub 1400 : OOB 0.4418 : L 54 : T 49.0 sec
 - d_sub 1400 : OOB 0.4415 : L 55 : T 49.9 sec
 - d_sub 1400 : OOB 0.4421 : L 56 : T 51.1 sec
 - d_sub 1400 : OOB 0.4424 : L 57 : T 51.4 sec
 - d_sub 1400 : OOB 0.4428 : L 58 : T 52.1 sec
 - d_sub 1400 : OOB 0.4415 : L 59 : T 52.5 sec
 - d_sub 1400 : OOB 0.4396 : L 60 : T 54.3 sec
 - d_sub 1400 : OOB 0.4431 : L 61 : T 54.6 sec
 - d_sub 1400 : OOB 0.4413 : L 62 : T 55.8 sec
 - d_sub 1400 : OOB 0.4420 : L 63 : T 56.1 sec
 - d_sub 1400 : OOB 0.4429 : L 64 : T 56.8 sec
 - d_sub 1400 : OOB 0.4416 : L 65 : T 57.2 sec
 - d_sub 1400 : OOB 0.4411 : L 66 : T 58.8 sec
 - d_sub 1400 : OOB 0.4427 : L 67 : T 59.1 sec
 - d_sub 1400 : OOB 0.4433 : L 68 : T 59.4 sec
 - d_sub 1400 : OOB 0.4397 : L 69 : T 61.6 sec
 - d_sub 1400 : OOB 0.4415 : L 70 : T 62.7 sec
 - d_sub 1400 : OOB 0.4404 : L 71 : T 63.0 sec
 - d_sub 1400 : OOB 0.4404 : L 72 : T 63.8 sec
 - d_sub 1400 : OOB 0.4411 : L 73 : T 64.1 sec
 - d_sub 1400 : OOB 0.4395 : L 74 : T 65.2 sec
 - d_sub 1400 : OOB 0.4416 : L 75 : T 66.4 sec
 - d_sub 1400 : OOB 0.4413 : L 76 : T 67.6 sec
 - d_sub 1400 : OOB 0.4395 : L 77 : T 67.9 sec
 - d_sub 1400 : OOB 0.4393 : L 78 : T 68.8 sec
 - d_sub 1400 : OOB 0.4368 : L 79 : T 69.2 sec
 - d_sub 1400 : OOB 0.4372 : L 80 : T 70.3 sec
 - d_sub 1400 : OOB 0.4393 : L 81 : T 72.3 sec
 - d_sub 1400 : OOB 0.4389 : L 82 : T 72.6 sec
 - d_sub 1400 : OOB 0.4399 : L 83 : T 73.9 sec
 - d_sub 1400 : OOB 0.4389 : L 84 : T 74.2 sec
 - d_sub 1400 : OOB 0.4391 : L 85 : T 76.1 sec
 - d_sub 1400 : OOB 0.4389 : L 86 : T 76.4 sec
 - d_sub 1400 : OOB 0.4383 : L 87 : T 76.8 sec
 - d_sub 1400 : OOB 0.4393 : L 88 : T 78.0 sec
 - d_sub 1400 : OOB 0.4401 : L 89 : T 79.9 sec
 - d_sub 1400 : OOB 0.4371 : L 90 : T 80.2 sec
 - d_sub 1400 : OOB 0.4373 : L 91 : T 81.9 sec
 - d_sub 1400 : OOB 0.4379 : L 92 : T 82.2 sec
 - d_sub 1400 : OOB 0.4387 : L 93 : T 83.3 sec
 - d_sub 1400 : OOB 0.4399 : L 94 : T 83.7 sec
 - d_sub 1400 : OOB 0.4381 : L 95 : T 84.4 sec
 - d_sub 1400 : OOB 0.4392 : L 96 : T 84.7 sec
 - d_sub 1400 : OOB 0.4376 : L 97 : T 86.8 sec
 - d_sub 1400 : OOB 0.4377 : L 98 : T 87.2 sec

 - d_sub 1600 : OOB 0.4894 : L 1 : T 1.3 sec
 - d_sub 1600 : OOB 0.4760 : L 2 : T 3.4 sec
 - d_sub 1600 : OOB 0.4724 : L 3 : T 3.8 sec
 - d_sub 1600 : OOB 0.4719 : L 4 : T 5.8 sec
 - d_sub 1600 : OOB 0.4631 : L 5 : T 6.2 sec
 - d_sub 1600 : OOB 0.4591 : L 6 : T 7.2 sec
 - d_sub 1600 : OOB 0.4595 : L 7 : T 7.6 sec
 - d_sub 1600 : OOB 0.4589 : L 8 : T 9.5 sec
 - d_sub 1600 : OOB 0.4545 : L 9 : T 9.9 sec
 - d_sub 1600 : OOB 0.4561 : L 10 : T 11.3 sec
 - d_sub 1600 : OOB 0.4513 : L 11 : T 13.1 sec
 - d_sub 1600 : OOB 0.4528 : L 12 : T 13.5 sec
 - d_sub 1600 : OOB 0.4549 : L 13 : T 14.8 sec
 - d_sub 1600 : OOB 0.4540 : L 14 : T 15.8 sec
 - d_sub 1600 : OOB 0.4565 : L 15 : T 16.2 sec
 - d_sub 1600 : OOB 0.4532 : L 16 : T 18.5 sec
 - d_sub 1600 : OOB 0.4505 : L 17 : T 18.9 sec
 - d_sub 1600 : OOB 0.4498 : L 18 : T 21.2 sec
 - d_sub 1600 : OOB 0.4499 : L 19 : T 21.7 sec
 - d_sub 1600 : OOB 0.4511 : L 20 : T 23.0 sec
 - d_sub 1600 : OOB 0.4499 : L 21 : T 24.2 sec
 - d_sub 1600 : OOB 0.4515 : L 22 : T 25.5 sec
 - d_sub 1600 : OOB 0.4514 : L 23 : T 25.9 sec
 - d_sub 1600 : OOB 0.4505 : L 24 : T 26.8 sec
 - d_sub 1600 : OOB 0.4504 : L 25 : T 27.2 sec
 - d_sub 1600 : OOB 0.4496 : L 26 : T 29.1 sec
 - d_sub 1600 : OOB 0.4505 : L 27 : T 29.6 sec
 - d_sub 1600 : OOB 0.4493 : L 28 : T 30.7 sec
 - d_sub 1600 : OOB 0.4510 : L 29 : T 31.2 sec
 - d_sub 1600 : OOB 0.4489 : L 30 : T 34.3 sec
 - d_sub 1600 : OOB 0.4509 : L 31 : T 34.7 sec
 - d_sub 1600 : OOB 0.4472 : L 32 : T 35.9 sec
 - d_sub 1600 : OOB 0.4457 : L 33 : T 37.2 sec
 - d_sub 1600 : OOB 0.4474 : L 34 : T 37.6 sec
 - d_sub 1600 : OOB 0.4463 : L 35 : T 38.8 sec
 - d_sub 1600 : OOB 0.4482 : L 36 : T 39.2 sec
 - d_sub 1600 : OOB 0.4454 : L 37 : T 40.0 sec
 - d_sub 1600 : OOB 0.4465 : L 38 : T 40.4 sec
 - d_sub 1600 : OOB 0.4463 : L 39 : T 42.9 sec
 - d_sub 1600 : OOB 0.4474 : L 40 : T 43.4 sec
 - d_sub 1600 : OOB 0.4435 : L 41 : T 45.1 sec
 - d_sub 1600 : OOB 0.4490 : L 42 : T 46.6 sec
 - d_sub 1600 : OOB 0.4448 : L 43 : T 48.9 sec
 - d_sub 1600 : OOB 0.4473 : L 44 : T 49.4 sec
 - d_sub 1600 : OOB 0.4455 : L 45 : T 49.8 sec
 - d_sub 1600 : OOB 0.4461 : L 46 : T 51.3 sec
 - d_sub 1600 : OOB 0.4458 : L 47 : T 52.3 sec
 - d_sub 1600 : OOB 0.4449 : L 48 : T 52.7 sec
 - d_sub 1600 : OOB 0.4459 : L 49 : T 54.6 sec
 - d_sub 1600 : OOB 0.4438 : L 50 : T 55.1 sec
 - d_sub 1600 : OOB 0.4467 : L 51 : T 55.8 sec
 - d_sub 1600 : OOB 0.4453 : L 52 : T 56.2 sec
 - d_sub 1600 : OOB 0.4452 : L 53 : T 58.6 sec
 - d_sub 1600 : OOB 0.4430 : L 54 : T 59.7 sec
 - d_sub 1600 : OOB 0.4422 : L 55 : T 60.1 sec
 - d_sub 1600 : OOB 0.4414 : L 56 : T 61.5 sec
 - d_sub 1600 : OOB 0.4439 : L 57 : T 61.9 sec
 - d_sub 1600 : OOB 0.4428 : L 58 : T 64.3 sec
 - d_sub 1600 : OOB 0.4438 : L 59 : T 66.1 sec
 - d_sub 1600 : OOB 0.4450 : L 60 : T 67.9 sec
 - d_sub 1600 : OOB 0.4430 : L 61 : T 68.3 sec
 - d_sub 1600 : OOB 0.4447 : L 62 : T 71.1 sec
 - d_sub 1600 : OOB 0.4436 : L 63 : T 71.5 sec
 - d_sub 1600 : OOB 0.4416 : L 64 : T 73.6 sec
 - d_sub 1600 : OOB 0.4425 : L 65 : T 74.7 sec
 - d_sub 1600 : OOB 0.4437 : L 66 : T 75.2 sec
 - d_sub 1600 : OOB 0.4416 : L 67 : T 76.3 sec
 - d_sub 1600 : OOB 0.4420 : L 68 : T 77.7 sec
 - d_sub 1600 : OOB 0.4410 : L 69 : T 78.5 sec
 - d_sub 1600 : OOB 0.4414 : L 70 : T 79.0 sec
 - d_sub 1600 : OOB 0.4411 : L 71 : T 79.8 sec
 - d_sub 1600 : OOB 0.4411 : L 72 : T 81.9 sec
 - d_sub 1600 : OOB 0.4415 : L 73 : T 82.3 sec
 - d_sub 1600 : OOB 0.4414 : L 74 : T 83.6 sec
 - d_sub 1600 : OOB 0.4442 : L 75 : T 84.1 sec
 - d_sub 1600 : OOB 0.4438 : L 76 : T 84.5 sec
 - d_sub 1600 : OOB 0.4427 : L 77 : T 86.1 sec
 - d_sub 1600 : OOB 0.4431 : L 78 : T 86.7 sec
 - d_sub 1600 : OOB 0.4436 : L 79 : T 87.2 sec
 - d_sub 1600 : OOB 0.4432 : L 80 : T 88.3 sec
 - d_sub 1600 : OOB 0.4439 : L 81 : T 88.7 sec
 - d_sub 1600 : OOB 0.4447 : L 82 : T 91.1 sec
 - d_sub 1600 : OOB 0.4434 : L 83 : T 91.5 sec
 - d_sub 1600 : OOB 0.4438 : L 84 : T 93.0 sec
 - d_sub 1600 : OOB 0.4430 : L 85 : T 93.5 sec
 - d_sub 1600 : OOB 0.4410 : L 86 : T 95.9 sec
 - d_sub 1600 : OOB 0.4423 : L 87 : T 96.4 sec
 - d_sub 1600 : OOB 0.4412 : L 88 : T 97.8 sec
 - d_sub 1600 : OOB 0.4416 : L 89 : T 99.1 sec
 - d_sub 1600 : OOB 0.4412 : L 90 : T 100.2 sec
 - d_sub 1600 : OOB 0.4390 : L 91 : T 101.1 sec
 - d_sub 1600 : OOB 0.4404 : L 92 : T 101.5 sec
 - d_sub 1600 : OOB 0.4413 : L 93 : T 102.9 sec
 - d_sub 1600 : OOB 0.4417 : L 94 : T 104.0 sec

 - d_sub 1800 : OOB 0.4838 : L 1 : T 1.2 sec
 - d_sub 1800 : OOB 0.4708 : L 2 : T 3.9 sec
 - d_sub 1800 : OOB 0.4681 : L 3 : T 5.8 sec
 - d_sub 1800 : OOB 0.4756 : L 4 : T 7.2 sec
 - d_sub 1800 : OOB 0.4689 : L 5 : T 9.8 sec
 - d_sub 1800 : OOB 0.4634 : L 6 : T 10.8 sec
 - d_sub 1800 : OOB 0.4594 : L 7 : T 13.9 sec
 - d_sub 1800 : OOB 0.4638 : L 8 : T 15.4 sec
 - d_sub 1800 : OOB 0.4558 : L 9 : T 17.4 sec
 - d_sub 1800 : OOB 0.4593 : L 10 : T 18.9 sec
 - d_sub 1800 : OOB 0.4626 : L 11 : T 21.6 sec
 - d_sub 1800 : OOB 0.4583 : L 12 : T 23.1 sec
 - d_sub 1800 : OOB 0.4561 : L 13 : T 25.1 sec
 - d_sub 1800 : OOB 0.4567 : L 14 : T 26.6 sec
 - d_sub 1800 : OOB 0.4535 : L 15 : T 29.8 sec
 - d_sub 1800 : OOB 0.4525 : L 16 : T 30.8 sec
 - d_sub 1800 : OOB 0.4520 : L 17 : T 33.4 sec
 - d_sub 1800 : OOB 0.4530 : L 18 : T 35.4 sec
 - d_sub 1800 : OOB 0.4564 : L 19 : T 37.3 sec
 - d_sub 1800 : OOB 0.4526 : L 20 : T 38.5 sec
 - d_sub 1800 : OOB 0.4564 : L 21 : T 40.3 sec
 - d_sub 1800 : OOB 0.4533 : L 22 : T 43.7 sec
 - d_sub 1800 : OOB 0.4521 : L 23 : T 45.8 sec
 - d_sub 1800 : OOB 0.4550 : L 24 : T 47.4 sec
 - d_sub 1800 : OOB 0.4554 : L 25 : T 48.4 sec
 - d_sub 1800 : OOB 0.4538 : L 26 : T 51.6 sec
 - d_sub 1800 : OOB 0.4528 : L 27 : T 53.6 sec
 - d_sub 1800 : OOB 0.4518 : L 28 : T 55.8 sec
 - d_sub 1800 : OOB 0.4507 : L 29 : T 57.1 sec
 - d_sub 1800 : OOB 0.4473 : L 30 : T 60.3 sec
 - d_sub 1800 : OOB 0.4481 : L 31 : T 61.9 sec
 - d_sub 1800 : OOB 0.4493 : L 32 : T 64.7 sec
 - d_sub 1800 : OOB 0.4498 : L 33 : T 66.6 sec
 - d_sub 1800 : OOB 0.4491 : L 34 : T 68.3 sec
 - d_sub 1800 : OOB 0.4461 : L 35 : T 70.8 sec
 - d_sub 1800 : OOB 0.4476 : L 36 : T 73.1 sec
 - d_sub 1800 : OOB 0.4475 : L 37 : T 75.2 sec
 - d_sub 1800 : OOB 0.4487 : L 38 : T 77.7 sec
 - d_sub 1800 : OOB 0.4459 : L 39 : T 80.1 sec
 - d_sub 1800 : OOB 0.4483 : L 40 : T 82.6 sec
 - d_sub 1800 : OOB 0.4466 : L 41 : T 85.1 sec
 - d_sub 1800 : OOB 0.4517 : L 42 : T 86.5 sec
 - d_sub 1800 : OOB 0.4454 : L 43 : T 88.8 sec
 - d_sub 1800 : OOB 0.4467 : L 44 : T 91.6 sec
 - d_sub 1800 : OOB 0.4457 : L 45 : T 94.0 sec
 - d_sub 1800 : OOB 0.4454 : L 46 : T 96.7 sec
 - d_sub 1800 : OOB 0.4491 : L 47 : T 99.5 sec
 - d_sub 1800 : OOB 0.4481 : L 48 : T 101.5 sec
 - d_sub 1800 : OOB 0.4484 : L 49 : T 103.4 sec
 - d_sub 1800 : OOB 0.4467 : L 50 : T 105.3 sec
 - d_sub 1800 : OOB 0.4455 : L 51 : T 106.3 sec
 - d_sub 1800 : OOB 0.4471 : L 52 : T 108.8 sec
 - d_sub 1800 : OOB 0.4441 : L 53 : T 110.3 sec
 - d_sub 1800 : OOB 0.4451 : L 54 : T 112.9 sec
 - d_sub 1800 : OOB 0.4450 : L 55 : T 116.3 sec
 - d_sub 1800 : OOB 0.4445 : L 56 : T 117.6 sec
 - d_sub 1800 : OOB 0.4444 : L 57 : T 120.9 sec
 - d_sub 1800 : OOB 0.4438 : L 58 : T 123.4 sec
 - d_sub 1800 : OOB 0.4423 : L 59 : T 125.7 sec
 - d_sub 1800 : OOB 0.4448 : L 60 : T 126.8 sec
 - d_sub 1800 : OOB 0.4467 : L 61 : T 128.5 sec
 - d_sub 1800 : OOB 0.4450 : L 62 : T 130.5 sec
 - d_sub 1800 : OOB 0.4446 : L 63 : T 132.1 sec
 - d_sub 1800 : OOB 0.4444 : L 64 : T 134.3 sec
 - d_sub 1800 : OOB 0.4441 : L 65 : T 135.9 sec
 - d_sub 1800 : OOB 0.4424 : L 66 : T 138.1 sec
 - d_sub 1800 : OOB 0.4441 : L 67 : T 140.4 sec
 - d_sub 1800 : OOB 0.4432 : L 68 : T 142.0 sec
 - d_sub 1800 : OOB 0.4408 : L 69 : T 143.9 sec
 - d_sub 1800 : OOB 0.4423 : L 70 : T 145.3 sec
 - d_sub 1800 : OOB 0.4416 : L 71 : T 147.2 sec
 - d_sub 1800 : OOB 0.4432 : L 72 : T 149.4 sec
 - d_sub 1800 : OOB 0.4441 : L 73 : T 151.1 sec
 - d_sub 1800 : OOB 0.4437 : L 74 : T 154.2 sec
 - d_sub 1800 : OOB 0.4431 : L 75 : T 156.3 sec
 - d_sub 1800 : OOB 0.4423 : L 76 : T 157.9 sec
 - d_sub 1800 : OOB 0.4419 : L 77 : T 159.7 sec
 - d_sub 1800 : OOB 0.4431 : L 78 : T 161.5 sec
 - d_sub 1800 : OOB 0.4420 : L 79 : T 163.4 sec
 - d_sub 1800 : OOB 0.4425 : L 80 : T 166.5 sec
 - d_sub 1800 : OOB 0.4424 : L 81 : T 170.0 sec
 - d_sub 1800 : OOB 0.4425 : L 82 : T 171.4 sec
 - d_sub 1800 : OOB 0.4428 : L 83 : T 173.7 sec
 - d_sub 1800 : OOB 0.4407 : L 84 : T 175.8 sec
 - d_sub 1800 : OOB 0.4417 : L 85 : T 178.2 sec
 - d_sub 1800 : OOB 0.4413 : L 86 : T 181.7 sec
 - d_sub 1800 : OOB 0.4406 : L 87 : T 183.4 sec
 - d_sub 1800 : OOB 0.4419 : L 88 : T 186.9 sec
 - d_sub 1800 : OOB 0.4402 : L 89 : T 190.1 sec
 - d_sub 1800 : OOB 0.4415 : L 90 : T 191.9 sec
 - d_sub 1800 : OOB 0.4414 : L 91 : T 195.9 sec
 - d_sub 1800 : OOB 0.4426 : L 92 : T 197.3 sec
 - d_sub 1800 : OOB 0.4436 : L 93 : T 200.7 sec
 - d_sub 1800 : OOB 0.4419 : L 94 : T 202.4 sec
 - d_sub 1800 : OOB 0.4402 : L 95 : T 206.0 sec
 - d_sub 1800 : OOB 0.4408 : L 96 : T 207.0 sec
 - d_sub 1800 : OOB 0.4403 : L 97 : T 209.6 sec
 - d_sub 1800 : OOB 0.4417 : L 98 : T 211.5 sec
 - d_sub 1800 : OOB 0.4402 : L 99 : T 213.5 sec
 - d_sub 1800 : OOB 0.4410 : L 100 : T 215.9 sec
# -------------------------
optimal d_sub 1400 : OOB 0.4377 : L 98 : T 473.9 sec
Testing error: 0.4449
# -------------------------
# Ensemble classification
#  - Training samples: 10000 (5000/5000)
#  - Feature-space dimensionality: 24157
#  - L : automatic (min 25, max 500, length 50, eps 0.00500)
#  - d_sub : 300
#  - Seed 1 (subspaces) : 484926141
#  - Seed 2 (bootstrap) : 820719654
# -------------------------

 - d_sub 300 : OOB 0.4888 : L 1 : T 0.1 sec
 - d_sub 300 : OOB 0.4807 : L 2 : T 0.1 sec
 - d_sub 300 : OOB 0.4802 : L 3 : T 0.1 sec
 - d_sub 300 : OOB 0.4825 : L 4 : T 0.2 sec
 - d_sub 300 : OOB 0.4729 : L 5 : T 0.2 sec
 - d_sub 300 : OOB 0.4707 : L 6 : T 0.3 sec
 - d_sub 300 : OOB 0.4723 : L 7 : T 0.3 sec
 - d_sub 300 : OOB 0.4733 : L 8 : T 0.4 sec
 - d_sub 300 : OOB 0.4713 : L 9 : T 0.4 sec
 - d_sub 300 : OOB 0.4697 : L 10 : T 0.4 sec
 - d_sub 300 : OOB 0.4674 : L 11 : T 0.5 sec
 - d_sub 300 : OOB 0.4731 : L 12 : T 0.5 sec
 - d_sub 300 : OOB 0.4708 : L 13 : T 0.6 sec
 - d_sub 300 : OOB 0.4715 : L 14 : T 0.6 sec
 - d_sub 300 : OOB 0.4733 : L 15 : T 0.6 sec
 - d_sub 300 : OOB 0.4685 : L 16 : T 0.7 sec
 - d_sub 300 : OOB 0.4712 : L 17 : T 0.7 sec
 - d_sub 300 : OOB 0.4664 : L 18 : T 0.8 sec
 - d_sub 300 : OOB 0.4673 : L 19 : T 0.8 sec
 - d_sub 300 : OOB 0.4675 : L 20 : T 0.9 sec
 - d_sub 300 : OOB 0.4665 : L 21 : T 0.9 sec
 - d_sub 300 : OOB 0.4673 : L 22 : T 1.0 sec
 - d_sub 300 : OOB 0.4666 : L 23 : T 1.0 sec
 - d_sub 300 : OOB 0.4680 : L 24 : T 1.0 sec
 - d_sub 300 : OOB 0.4662 : L 25 : T 1.1 sec
 - d_sub 300 : OOB 0.4678 : L 26 : T 1.1 sec
 - d_sub 300 : OOB 0.4671 : L 27 : T 1.2 sec
 - d_sub 300 : OOB 0.4654 : L 28 : T 1.2 sec
 - d_sub 300 : OOB 0.4623 : L 29 : T 1.2 sec
 - d_sub 300 : OOB 0.4664 : L 30 : T 1.3 sec
 - d_sub 300 : OOB 0.4648 : L 31 : T 1.3 sec
 - d_sub 300 : OOB 0.4646 : L 32 : T 1.4 sec
 - d_sub 300 : OOB 0.4636 : L 33 : T 1.4 sec
 - d_sub 300 : OOB 0.4655 : L 34 : T 1.5 sec
 - d_sub 300 : OOB 0.4670 : L 35 : T 1.5 sec
 - d_sub 300 : OOB 0.4639 : L 36 : T 1.6 sec
 - d_sub 300 : OOB 0.4649 : L 37 : T 1.6 sec
 - d_sub 300 : OOB 0.4658 : L 38 : T 1.7 sec
 - d_sub 300 : OOB 0.4645 : L 39 : T 1.7 sec
 - d_sub 300 : OOB 0.4653 : L 40 : T 1.7 sec
 - d_sub 300 : OOB 0.4629 : L 41 : T 1.8 sec
 - d_sub 300 : OOB 0.4617 : L 42 : T 1.8 sec
 - d_sub 300 : OOB 0.4641 : L 43 : T 1.9 sec
 - d_sub 300 : OOB 0.4616 : L 44 : T 1.9 sec
 - d_sub 300 : OOB 0.4637 : L 45 : T 2.0 sec
 - d_sub 300 : OOB 0.4636 : L 46 : T 2.0 sec
 - d_sub 300 : OOB 0.4624 : L 47 : T 2.1 sec
 - d_sub 300 : OOB 0.4625 : L 48 : T 2.1 sec
 - d_sub 300 : OOB 0.4644 : L 49 : T 2.1 sec
 - d_sub 300 : OOB 0.4664 : L 50 : T 2.2 sec
 - d_sub 300 : OOB 0.4647 : L 51 : T 2.2 sec
 - d_sub 300 : OOB 0.4639 : L 52 : T 2.3 sec
 - d_sub 300 : OOB 0.4598 : L 53 : T 2.3 sec
 - d_sub 300 : OOB 0.4606 : L 54 : T 2.4 sec
 - d_sub 300 : OOB 0.4600 : L 55 : T 2.4 sec
 - d_sub 300 : OOB 0.4626 : L 56 : T 2.5 sec
 - d_sub 300 : OOB 0.4622 : L 57 : T 2.5 sec
 - d_sub 300 : OOB 0.4617 : L 58 : T 2.5 sec
 - d_sub 300 : OOB 0.4620 : L 59 : T 2.6 sec
 - d_sub 300 : OOB 0.4633 : L 60 : T 2.6 sec
 - d_sub 300 : OOB 0.4604 : L 61 : T 2.7 sec
 - d_sub 300 : OOB 0.4602 : L 62 : T 2.7 sec
 - d_sub 300 : OOB 0.4599 : L 63 : T 2.8 sec
 - d_sub 300 : OOB 0.4611 : L 64 : T 2.8 sec
 - d_sub 300 : OOB 0.4614 : L 65 : T 2.9 sec
 - d_sub 300 : OOB 0.4625 : L 66 : T 2.9 sec
 - d_sub 300 : OOB 0.4636 : L 67 : T 2.9 sec
 - d_sub 300 : OOB 0.4600 : L 68 : T 3.0 sec
 - d_sub 300 : OOB 0.4627 : L 69 : T 3.0 sec
 - d_sub 300 : OOB 0.4610 : L 70 : T 3.1 sec
 - d_sub 300 : OOB 0.4608 : L 71 : T 3.1 sec
 - d_sub 300 : OOB 0.4626 : L 72 : T 3.2 sec
 - d_sub 300 : OOB 0.4614 : L 73 : T 3.2 sec
 - d_sub 300 : OOB 0.4616 : L 74 : T 3.2 sec
 - d_sub 300 : OOB 0.4627 : L 75 : T 3.3 sec
 - d_sub 300 : OOB 0.4642 : L 76 : T 3.3 sec
# -------------------------
optimal d_sub 300 : OOB 0.4642 : L 76 : T 3.3 sec
# -------------------------
# Ensemble classification
#  - Training samples: 10000 (5000/5000)
#  - Feature-space dimensionality: 24157
#  - L : 30
#  - d_sub : 300
#  - Seed 1 (subspaces) : 248014184
#  - Seed 2 (bootstrap) : 330330046
# -------------------------

 - d_sub 300 : OOB 0.4894 : L 1 : T 0.0 sec
 - d_sub 300 : OOB 0.4816 : L 2 : T 0.1 sec
 - d_sub 300 : OOB 0.4806 : L 3 : T 0.1 sec
 - d_sub 300 : OOB 0.4812 : L 4 : T 0.2 sec
 - d_sub 300 : OOB 0.4737 : L 5 : T 0.2 sec
 - d_sub 300 : OOB 0.4712 : L 6 : T 0.3 sec
 - d_sub 300 : OOB 0.4703 : L 7 : T 0.3 sec
 - d_sub 300 : OOB 0.4720 : L 8 : T 0.3 sec
 - d_sub 300 : OOB 0.4706 : L 9 : T 0.4 sec
 - d_sub 300 : OOB 0.4715 : L 10 : T 0.4 sec
 - d_sub 300 : OOB 0.4689 : L 11 : T 0.5 sec
 - d_sub 300 : OOB 0.4747 : L 12 : T 0.5 sec
 - d_sub 300 : OOB 0.4687 : L 13 : T 0.6 sec
 - d_sub 300 : OOB 0.4681 : L 14 : T 0.6 sec
 - d_sub 300 : OOB 0.4694 : L 15 : T 0.7 sec
 - d_sub 300 : OOB 0.4711 : L 16 : T 0.7 sec
 - d_sub 300 : OOB 0.4702 : L 17 : T 0.8 sec
 - d_sub 300 : OOB 0.4699 : L 18 : T 0.8 sec
 - d_sub 300 : OOB 0.4679 : L 19 : T 0.8 sec
 - d_sub 300 : OOB 0.4691 : L 20 : T 0.9 sec
 - d_sub 300 : OOB 0.4722 : L 21 : T 0.9 sec
 - d_sub 300 : OOB 0.4712 : L 22 : T 1.0 sec
 - d_sub 300 : OOB 0.4693 : L 23 : T 1.0 sec
 - d_sub 300 : OOB 0.4707 : L 24 : T 1.1 sec
 - d_sub 300 : OOB 0.4690 : L 25 : T 1.1 sec
 - d_sub 300 : OOB 0.4693 : L 26 : T 1.1 sec
 - d_sub 300 : OOB 0.4677 : L 27 : T 1.2 sec
 - d_sub 300 : OOB 0.4683 : L 28 : T 1.2 sec
 - d_sub 300 : OOB 0.4694 : L 29 : T 1.3 sec
 - d_sub 300 : OOB 0.4673 : L 30 : T 1.3 sec
# -------------------------
optimal d_sub 300 : OOB 0.4673 : L 30 : T 1.3 sec
# -------------------------
# Ensemble classification
#  - Training samples: 10000 (5000/5000)
#  - Feature-space dimensionality: 24157
#  - L : 30
#  - d_sub : 300
#  - Seed 1 (subspaces) : 923876255
#  - Seed 2 (bootstrap) : 984921641
# -------------------------

 - d_sub 300 : OOB 0.4903 : L 1 : T 0.0 sec
 - d_sub 300 : OOB 0.4799 : L 2 : T 0.1 sec
 - d_sub 300 : OOB 0.4804 : L 3 : T 0.1 sec
 - d_sub 300 : OOB 0.4845 : L 4 : T 0.2 sec
 - d_sub 300 : OOB 0.4762 : L 5 : T 0.2 sec
 - d_sub 300 : OOB 0.4757 : L 6 : T 0.3 sec
 - d_sub 300 : OOB 0.4715 : L 7 : T 0.3 sec
 - d_sub 300 : OOB 0.4719 : L 8 : T 0.4 sec
 - d_sub 300 : OOB 0.4709 : L 9 : T 0.4 sec
 - d_sub 300 : OOB 0.4708 : L 10 : T 0.4 sec
 - d_sub 300 : OOB 0.4667 : L 11 : T 0.5 sec
 - d_sub 300 : OOB 0.4730 : L 12 : T 0.5 sec
 - d_sub 300 : OOB 0.4689 : L 13 : T 0.6 sec
 - d_sub 300 : OOB 0.4670 : L 14 : T 0.6 sec
 - d_sub 300 : OOB 0.4689 : L 15 : T 0.7 sec
 - d_sub 300 : OOB 0.4682 : L 16 : T 0.7 sec
 - d_sub 300 : OOB 0.4683 : L 17 : T 0.7 sec
 - d_sub 300 : OOB 0.4674 : L 18 : T 0.8 sec
 - d_sub 300 : OOB 0.4669 : L 19 : T 0.8 sec
 - d_sub 300 : OOB 0.4650 : L 20 : T 0.9 sec
 - d_sub 300 : OOB 0.4675 : L 21 : T 0.9 sec
 - d_sub 300 : OOB 0.4674 : L 22 : T 1.0 sec
 - d_sub 300 : OOB 0.4640 : L 23 : T 1.0 sec
 - d_sub 300 : OOB 0.4628 : L 24 : T 1.1 sec
 - d_sub 300 : OOB 0.4625 : L 25 : T 1.1 sec
 - d_sub 300 : OOB 0.4633 : L 26 : T 1.1 sec
 - d_sub 300 : OOB 0.4633 : L 27 : T 1.2 sec
 - d_sub 300 : OOB 0.4616 : L 28 : T 1.2 sec
 - d_sub 300 : OOB 0.4606 : L 29 : T 1.3 sec
 - d_sub 300 : OOB 0.4635 : L 30 : T 1.3 sec
# -------------------------
optimal d_sub 300 : OOB 0.4635 : L 30 : T 1.3 sec
# -------------------------
# Ensemble classification
#  - Training samples: 10000 (5000/5000)
#  - Feature-space dimensionality: 24157
#  - L : 30
#  - d_sub : 300
#  - Seed 1 (subspaces) : 696060835
#  - Seed 2 (bootstrap) : 572136526
# -------------------------

 - d_sub 300 : OOB 0.4880 : L 1 : T 0.0 sec
 - d_sub 300 : OOB 0.4808 : L 2 : T 0.1 sec
 - d_sub 300 : OOB 0.4799 : L 3 : T 0.1 sec
 - d_sub 300 : OOB 0.4808 : L 4 : T 0.2 sec
 - d_sub 300 : OOB 0.4718 : L 5 : T 0.2 sec
 - d_sub 300 : OOB 0.4715 : L 6 : T 0.3 sec
 - d_sub 300 : OOB 0.4740 : L 7 : T 0.3 sec
 - d_sub 300 : OOB 0.4716 : L 8 : T 0.4 sec
 - d_sub 300 : OOB 0.4697 : L 9 : T 0.4 sec
 - d_sub 300 : OOB 0.4698 : L 10 : T 0.4 sec
 - d_sub 300 : OOB 0.4656 : L 11 : T 0.5 sec
 - d_sub 300 : OOB 0.4712 : L 12 : T 0.5 sec
 - d_sub 300 : OOB 0.4676 : L 13 : T 0.6 sec
 - d_sub 300 : OOB 0.4672 : L 14 : T 0.6 sec
 - d_sub 300 : OOB 0.4656 : L 15 : T 0.7 sec
 - d_sub 300 : OOB 0.4664 : L 16 : T 0.7 sec
 - d_sub 300 : OOB 0.4655 : L 17 : T 0.8 sec
 - d_sub 300 : OOB 0.4647 : L 18 : T 0.8 sec
 - d_sub 300 : OOB 0.4627 : L 19 : T 0.9 sec
 - d_sub 300 : OOB 0.4620 : L 20 : T 0.9 sec
 - d_sub 300 : OOB 0.4608 : L 21 : T 1.0 sec
 - d_sub 300 : OOB 0.4621 : L 22 : T 1.0 sec
 - d_sub 300 : OOB 0.4612 : L 23 : T 1.1 sec
 - d_sub 300 : OOB 0.4615 : L 24 : T 1.1 sec
 - d_sub 300 : OOB 0.4631 : L 25 : T 1.1 sec
 - d_sub 300 : OOB 0.4614 : L 26 : T 1.2 sec
 - d_sub 300 : OOB 0.4616 : L 27 : T 1.2 sec
 - d_sub 300 : OOB 0.4608 : L 28 : T 1.3 sec
 - d_sub 300 : OOB 0.4635 : L 29 : T 1.3 sec
 - d_sub 300 : OOB 0.4633 : L 30 : T 1.4 sec
# -------------------------
optimal d_sub 300 : OOB 0.4633 : L 30 : T 1.4 sec
# -------------------------
# Ensemble classification
#  - Training samples: 10000 (5000/5000)
#  - Feature-space dimensionality: 24157
#  - L : 30
#  - d_sub : 300
#  - Seed 1 (subspaces) : 582719708
#  - Seed 2 (bootstrap) : 600436755
# -------------------------

 - d_sub 300 : OOB 0.4889 : L 1 : T 0.0 sec
 - d_sub 300 : OOB 0.4808 : L 2 : T 0.1 sec
 - d_sub 300 : OOB 0.4813 : L 3 : T 0.1 sec
 - d_sub 300 : OOB 0.4879 : L 4 : T 0.2 sec
 - d_sub 300 : OOB 0.4817 : L 5 : T 0.2 sec
 - d_sub 300 : OOB 0.4778 : L 6 : T 0.3 sec
 - d_sub 300 : OOB 0.4743 : L 7 : T 0.3 sec
 - d_sub 300 : OOB 0.4769 : L 8 : T 0.4 sec
 - d_sub 300 : OOB 0.4699 : L 9 : T 0.4 sec
 - d_sub 300 : OOB 0.4711 : L 10 : T 0.4 sec
 - d_sub 300 : OOB 0.4673 : L 11 : T 0.5 sec
 - d_sub 300 : OOB 0.4702 : L 12 : T 0.5 sec
 - d_sub 300 : OOB 0.4734 : L 13 : T 0.6 sec
 - d_sub 300 : OOB 0.4726 : L 14 : T 0.6 sec
 - d_sub 300 : OOB 0.4747 : L 15 : T 0.7 sec
 - d_sub 300 : OOB 0.4699 : L 16 : T 0.7 sec
 - d_sub 300 : OOB 0.4724 : L 17 : T 0.8 sec
 - d_sub 300 : OOB 0.4673 : L 18 : T 0.8 sec
 - d_sub 300 : OOB 0.4651 : L 19 : T 0.9 sec
 - d_sub 300 : OOB 0.4674 : L 20 : T 0.9 sec
 - d_sub 300 : OOB 0.4672 : L 21 : T 0.9 sec
 - d_sub 300 : OOB 0.4652 : L 22 : T 1.0 sec
 - d_sub 300 : OOB 0.4668 : L 23 : T 1.0 sec
 - d_sub 300 : OOB 0.4634 : L 24 : T 1.1 sec
 - d_sub 300 : OOB 0.4651 : L 25 : T 1.1 sec
 - d_sub 300 : OOB 0.4653 : L 26 : T 1.2 sec
 - d_sub 300 : OOB 0.4638 : L 27 : T 1.2 sec
 - d_sub 300 : OOB 0.4644 : L 28 : T 1.2 sec
 - d_sub 300 : OOB 0.4623 : L 29 : T 1.3 sec
 - d_sub 300 : OOB 0.4609 : L 30 : T 1.3 sec
# -------------------------
optimal d_sub 300 : OOB 0.4609 : L 30 : T 1.3 sec
# -------------------------
# Ensemble classification
#  - Training samples: 10000 (5000/5000)
#  - Feature-space dimensionality: 24157
#  - L : 30
#  - d_sub : 300
#  - Seed 1 (subspaces) : 193038388
#  - Seed 2 (bootstrap) : 661667280
# -------------------------

 - d_sub 300 : OOB 0.4906 : L 1 : T 0.0 sec
 - d_sub 300 : OOB 0.4785 : L 2 : T 0.1 sec
 - d_sub 300 : OOB 0.4809 : L 3 : T 0.1 sec
 - d_sub 300 : OOB 0.4854 : L 4 : T 0.2 sec
 - d_sub 300 : OOB 0.4782 : L 5 : T 0.2 sec
 - d_sub 300 : OOB 0.4776 : L 6 : T 0.3 sec
 - d_sub 300 : OOB 0.4724 : L 7 : T 0.3 sec
 - d_sub 300 : OOB 0.4762 : L 8 : T 0.4 sec
 - d_sub 300 : OOB 0.4714 : L 9 : T 0.4 sec
 - d_sub 300 : OOB 0.4761 : L 10 : T 0.5 sec
 - d_sub 300 : OOB 0.4707 : L 11 : T 0.5 sec
 - d_sub 300 : OOB 0.4684 : L 12 : T 0.5 sec
 - d_sub 300 : OOB 0.4691 : L 13 : T 0.6 sec
 - d_sub 300 : OOB 0.4680 : L 14 : T 0.6 sec
 - d_sub 300 : OOB 0.4681 : L 15 : T 0.7 sec
 - d_sub 300 : OOB 0.4674 : L 16 : T 0.7 sec
 - d_sub 300 : OOB 0.4659 : L 17 : T 0.8 sec
 - d_sub 300 : OOB 0.4641 : L 18 : T 0.8 sec
 - d_sub 300 : OOB 0.4638 : L 19 : T 0.9 sec
 - d_sub 300 : OOB 0.4642 : L 20 : T 0.9 sec
 - d_sub 300 : OOB 0.4665 : L 21 : T 1.0 sec
 - d_sub 300 : OOB 0.4673 : L 22 : T 1.0 sec
 - d_sub 300 : OOB 0.4668 : L 23 : T 1.0 sec
 - d_sub 300 : OOB 0.4681 : L 24 : T 1.1 sec
 - d_sub 300 : OOB 0.4679 : L 25 : T 1.1 sec
 - d_sub 300 : OOB 0.4683 : L 26 : T 1.2 sec
 - d_sub 300 : OOB 0.4686 : L 27 : T 1.2 sec
 - d_sub 300 : OOB 0.4677 : L 28 : T 1.3 sec
 - d_sub 300 : OOB 0.4643 : L 29 : T 1.3 sec
 - d_sub 300 : OOB 0.4633 : L 30 : T 1.4 sec
# -------------------------
optimal d_sub 300 : OOB 0.4633 : L 30 : T 1.4 sec
# -------------------------
# Ensemble classification
#  - Training samples: 10000 (5000/5000)
#  - Feature-space dimensionality: 24157
#  - L : 30
#  - d_sub : 300
#  - Seed 1 (subspaces) : 668747098
#  - Seed 2 (bootstrap) : 989700944
# -------------------------

 - d_sub 300 : OOB 0.4851 : L 1 : T 0.0 sec
 - d_sub 300 : OOB 0.4761 : L 2 : T 0.1 sec
 - d_sub 300 : OOB 0.4772 : L 3 : T 0.1 sec
 - d_sub 300 : OOB 0.4784 : L 4 : T 0.2 sec
 - d_sub 300 : OOB 0.4686 : L 5 : T 0.2 sec
 - d_sub 300 : OOB 0.4678 : L 6 : T 0.2 sec
 - d_sub 300 : OOB 0.4706 : L 7 : T 0.3 sec
 - d_sub 300 : OOB 0.4715 : L 8 : T 0.3 sec
 - d_sub 300 : OOB 0.4698 : L 9 : T 0.4 sec
 - d_sub 300 : OOB 0.4698 : L 10 : T 0.4 sec
 - d_sub 300 : OOB 0.4650 : L 11 : T 0.5 sec
 - d_sub 300 : OOB 0.4712 : L 12 : T 0.5 sec
 - d_sub 300 : OOB 0.4693 : L 13 : T 0.5 sec
 - d_sub 300 : OOB 0.4686 : L 14 : T 0.6 sec
 - d_sub 300 : OOB 0.4673 : L 15 : T 0.6 sec
 - d_sub 300 : OOB 0.4655 : L 16 : T 0.7 sec
 - d_sub 300 : OOB 0.4694 : L 17 : T 0.7 sec
 - d_sub 300 : OOB 0.4688 : L 18 : T 0.8 sec
 - d_sub 300 : OOB 0.4673 : L 19 : T 0.8 sec
 - d_sub 300 : OOB 0.4665 : L 20 : T 0.8 sec
 - d_sub 300 : OOB 0.4662 : L 21 : T 0.9 sec
 - d_sub 300 : OOB 0.4654 : L 22 : T 0.9 sec
 - d_sub 300 : OOB 0.4641 : L 23 : T 1.0 sec
 - d_sub 300 : OOB 0.4626 : L 24 : T 1.0 sec
 - d_sub 300 : OOB 0.4653 : L 25 : T 1.1 sec
 - d_sub 300 : OOB 0.4651 : L 26 : T 1.1 sec
 - d_sub 300 : OOB 0.4652 : L 27 : T 1.1 sec
 - d_sub 300 : OOB 0.4626 : L 28 : T 1.2 sec
 - d_sub 300 : OOB 0.4656 : L 29 : T 1.2 sec
 - d_sub 300 : OOB 0.4621 : L 30 : T 1.3 sec
# -------------------------
optimal d_sub 300 : OOB 0.4621 : L 30 : T 1.3 sec
# -------------------------
# Ensemble classification
#  - Training samples: 10000 (5000/5000)
#  - Feature-space dimensionality: 24157
#  - L : 30
#  - d_sub : 300
#  - Seed 1 (subspaces) : 461576946
#  - Seed 2 (bootstrap) : 627765579
# -------------------------

 - d_sub 300 : OOB 0.4893 : L 1 : T 0.0 sec
 - d_sub 300 : OOB 0.4810 : L 2 : T 0.1 sec
 - d_sub 300 : OOB 0.4808 : L 3 : T 0.1 sec
 - d_sub 300 : OOB 0.4831 : L 4 : T 0.2 sec
 - d_sub 300 : OOB 0.4738 : L 5 : T 0.2 sec
 - d_sub 300 : OOB 0.4746 : L 6 : T 0.3 sec
 - d_sub 300 : OOB 0.4770 : L 7 : T 0.3 sec
 - d_sub 300 : OOB 0.4746 : L 8 : T 0.4 sec
 - d_sub 300 : OOB 0.4732 : L 9 : T 0.4 sec
 - d_sub 300 : OOB 0.4723 : L 10 : T 0.4 sec
 - d_sub 300 : OOB 0.4717 : L 11 : T 0.5 sec
 - d_sub 300 : OOB 0.4729 : L 12 : T 0.5 sec
 - d_sub 300 : OOB 0.4678 : L 13 : T 0.6 sec
 - d_sub 300 : OOB 0.4692 : L 14 : T 0.6 sec
 - d_sub 300 : OOB 0.4669 : L 15 : T 0.7 sec
 - d_sub 300 : OOB 0.4682 : L 16 : T 0.7 sec
 - d_sub 300 : OOB 0.4674 : L 17 : T 0.7 sec
 - d_sub 300 : OOB 0.4662 : L 18 : T 0.8 sec
 - d_sub 300 : OOB 0.4639 : L 19 : T 0.8 sec
 - d_sub 300 : OOB 0.4642 : L 20 : T 0.9 sec
 - d_sub 300 : OOB 0.4669 : L 21 : T 0.9 sec
 - d_sub 300 : OOB 0.4674 : L 22 : T 1.0 sec
 - d_sub 300 : OOB 0.4631 : L 23 : T 1.0 sec
 - d_sub 300 : OOB 0.4643 : L 24 : T 1.1 sec
 - d_sub 300 : OOB 0.4629 : L 25 : T 1.1 sec
 - d_sub 300 : OOB 0.4643 : L 26 : T 1.1 sec
 - d_sub 300 : OOB 0.4617 : L 27 : T 1.2 sec
 - d_sub 300 : OOB 0.4621 : L 28 : T 1.2 sec
 - d_sub 300 : OOB 0.4625 : L 29 : T 1.3 sec
 - d_sub 300 : OOB 0.4649 : L 30 : T 1.3 sec
# -------------------------
optimal d_sub 300 : OOB 0.4649 : L 30 : T 1.3 sec
# -------------------------
# Ensemble classification
#  - Training samples: 10000 (5000/5000)
#  - Feature-space dimensionality: 24157
#  - L : 30
#  - d_sub : 300
#  - Seed 1 (subspaces) : 175395357
#  - Seed 2 (bootstrap) : 584481728
# -------------------------

 - d_sub 300 : OOB 0.4883 : L 1 : T 0.0 sec
 - d_sub 300 : OOB 0.4791 : L 2 : T 0.1 sec
 - d_sub 300 : OOB 0.4791 : L 3 : T 0.1 sec
 - d_sub 300 : OOB 0.4781 : L 4 : T 0.2 sec
 - d_sub 300 : OOB 0.4714 : L 5 : T 0.2 sec
 - d_sub 300 : OOB 0.4707 : L 6 : T 0.3 sec
 - d_sub 300 : OOB 0.4720 : L 7 : T 0.3 sec
 - d_sub 300 : OOB 0.4691 : L 8 : T 0.3 sec
 - d_sub 300 : OOB 0.4689 : L 9 : T 0.4 sec
 - d_sub 300 : OOB 0.4691 : L 10 : T 0.4 sec
 - d_sub 300 : OOB 0.4656 : L 11 : T 0.5 sec
 - d_sub 300 : OOB 0.4724 : L 12 : T 0.5 sec
 - d_sub 300 : OOB 0.4680 : L 13 : T 0.5 sec
 - d_sub 300 : OOB 0.4671 : L 14 : T 0.6 sec
 - d_sub 300 : OOB 0.4674 : L 15 : T 0.6 sec
 - d_sub 300 : OOB 0.4654 : L 16 : T 0.7 sec
 - d_sub 300 : OOB 0.4659 : L 17 : T 0.7 sec
 - d_sub 300 : OOB 0.4640 : L 18 : T 0.7 sec
 - d_sub 300 : OOB 0.4638 : L 19 : T 0.8 sec
 - d_sub 300 : OOB 0.4635 : L 20 : T 0.8 sec
 - d_sub 300 : OOB 0.4646 : L 21 : T 0.9 sec
 - d_sub 300 : OOB 0.4651 : L 22 : T 0.9 sec
 - d_sub 300 : OOB 0.4649 : L 23 : T 1.0 sec
 - d_sub 300 : OOB 0.4642 : L 24 : T 1.0 sec
 - d_sub 300 : OOB 0.4670 : L 25 : T 1.0 sec
 - d_sub 300 : OOB 0.4664 : L 26 : T 1.1 sec
 - d_sub 300 : OOB 0.4677 : L 27 : T 1.1 sec
 - d_sub 300 : OOB 0.4656 : L 28 : T 1.2 sec
 - d_sub 300 : OOB 0.4658 : L 29 : T 1.2 sec
 - d_sub 300 : OOB 0.4630 : L 30 : T 1.3 sec
# -------------------------
optimal d_sub 300 : OOB 0.4630 : L 30 : T 1.3 sec
# -------------------------
# Ensemble classification
#  - Training samples: 10000 (5000/5000)
#  - Feature-space dimensionality: 24157
#  - L : 30
#  - d_sub : 300
#  - Seed 1 (subspaces) : 386117913
#  - Seed 2 (bootstrap) : 849105522
# -------------------------

 - d_sub 300 : OOB 0.4889 : L 1 : T 0.0 sec
 - d_sub 300 : OOB 0.4799 : L 2 : T 0.1 sec
 - d_sub 300 : OOB 0.4797 : L 3 : T 0.1 sec
 - d_sub 300 : OOB 0.4786 : L 4 : T 0.2 sec
 - d_sub 300 : OOB 0.4707 : L 5 : T 0.2 sec
 - d_sub 300 : OOB 0.4703 : L 6 : T 0.3 sec
 - d_sub 300 : OOB 0.4752 : L 7 : T 0.3 sec
 - d_sub 300 : OOB 0.4713 : L 8 : T 0.3 sec
 - d_sub 300 : OOB 0.4695 : L 9 : T 0.4 sec
 - d_sub 300 : OOB 0.4689 : L 10 : T 0.4 sec
 - d_sub 300 : OOB 0.4665 : L 11 : T 0.5 sec
 - d_sub 300 : OOB 0.4721 : L 12 : T 0.5 sec
 - d_sub 300 : OOB 0.4641 : L 13 : T 0.5 sec
 - d_sub 300 : OOB 0.4626 : L 14 : T 0.6 sec
 - d_sub 300 : OOB 0.4630 : L 15 : T 0.6 sec
 - d_sub 300 : OOB 0.4622 : L 16 : T 0.7 sec
 - d_sub 300 : OOB 0.4635 : L 17 : T 0.7 sec
 - d_sub 300 : OOB 0.4605 : L 18 : T 0.8 sec
 - d_sub 300 : OOB 0.4628 : L 19 : T 0.8 sec
 - d_sub 300 : OOB 0.4632 : L 20 : T 0.8 sec
 - d_sub 300 : OOB 0.4654 : L 21 : T 0.9 sec
 - d_sub 300 : OOB 0.4622 : L 22 : T 0.9 sec
 - d_sub 300 : OOB 0.4632 : L 23 : T 1.0 sec
 - d_sub 300 : OOB 0.4603 : L 24 : T 1.0 sec
 - d_sub 300 : OOB 0.4627 : L 25 : T 1.1 sec
 - d_sub 300 : OOB 0.4600 : L 26 : T 1.1 sec
 - d_sub 300 : OOB 0.4615 : L 27 : T 1.2 sec
 - d_sub 300 : OOB 0.4609 : L 28 : T 1.2 sec
 - d_sub 300 : OOB 0.4624 : L 29 : T 1.2 sec
 - d_sub 300 : OOB 0.4615 : L 30 : T 1.3 sec
# -------------------------
optimal d_sub 300 : OOB 0.4615 : L 30 : T 1.3 sec
# -------------------------
# Ensemble classification
#  - Training samples: 10000 (5000/5000)
#  - Feature-space dimensionality: 24157
#  - L : 30
#  - d_sub : 300
#  - Seed 1 (subspaces) : 767367923
#  - Seed 2 (bootstrap) : 407179755
# -------------------------

 - d_sub 300 : OOB 0.4873 : L 1 : T 0.0 sec
 - d_sub 300 : OOB 0.4789 : L 2 : T 0.1 sec
 - d_sub 300 : OOB 0.4797 : L 3 : T 0.1 sec
 - d_sub 300 : OOB 0.4834 : L 4 : T 0.2 sec
 - d_sub 300 : OOB 0.4767 : L 5 : T 0.2 sec
 - d_sub 300 : OOB 0.4724 : L 6 : T 0.3 sec
 - d_sub 300 : OOB 0.4698 : L 7 : T 0.3 sec
 - d_sub 300 : OOB 0.4729 : L 8 : T 0.4 sec
 - d_sub 300 : OOB 0.4654 : L 9 : T 0.4 sec
 - d_sub 300 : OOB 0.4727 : L 10 : T 0.5 sec
 - d_sub 300 : OOB 0.4720 : L 11 : T 0.5 sec
 - d_sub 300 : OOB 0.4677 : L 12 : T 0.5 sec
 - d_sub 300 : OOB 0.4690 : L 13 : T 0.6 sec
 - d_sub 300 : OOB 0.4677 : L 14 : T 0.6 sec
 - d_sub 300 : OOB 0.4657 : L 15 : T 0.7 sec
 - d_sub 300 : OOB 0.4702 : L 16 : T 0.7 sec
 - d_sub 300 : OOB 0.4671 : L 17 : T 0.8 sec
 - d_sub 300 : OOB 0.4658 : L 18 : T 0.8 sec
 - d_sub 300 : OOB 0.4679 : L 19 : T 0.9 sec
 - d_sub 300 : OOB 0.4673 : L 20 : T 0.9 sec
 - d_sub 300 : OOB 0.4659 : L 21 : T 1.0 sec
 - d_sub 300 : OOB 0.4659 : L 22 : T 1.0 sec
 - d_sub 300 : OOB 0.4643 : L 23 : T 1.0 sec
 - d_sub 300 : OOB 0.4655 : L 24 : T 1.1 sec
 - d_sub 300 : OOB 0.4637 : L 25 : T 1.1 sec
 - d_sub 300 : OOB 0.4632 : L 26 : T 1.2 sec
 - d_sub 300 : OOB 0.4639 : L 27 : T 1.2 sec
 - d_sub 300 : OOB 0.4628 : L 28 : T 1.3 sec
 - d_sub 300 : OOB 0.4655 : L 29 : T 1.3 sec
 - d_sub 300 : OOB 0.4623 : L 30 : T 1.4 sec
# -------------------------
optimal d_sub 300 : OOB 0.4623 : L 30 : T 1.4 sec
# -------------------------
# Ensemble classification
#  - Training samples: 10000 (5000/5000)
#  - Feature-space dimensionality: 24157
#  - L : 30
#  - d_sub : 300
#  - Seed 1 (subspaces) : 835120507
#  - Seed 2 (bootstrap) : 382301813
# -------------------------

 - d_sub 300 : OOB 0.4882 : L 1 : T 0.1 sec
 - d_sub 300 : OOB 0.4770 : L 2 : T 0.1 sec
 - d_sub 300 : OOB 0.4784 : L 3 : T 0.1 sec
 - d_sub 300 : OOB 0.4800 : L 4 : T 0.2 sec
 - d_sub 300 : OOB 0.4730 : L 5 : T 0.2 sec
 - d_sub 300 : OOB 0.4724 : L 6 : T 0.3 sec
 - d_sub 300 : OOB 0.4760 : L 7 : T 0.3 sec
 - d_sub 300 : OOB 0.4735 : L 8 : T 0.4 sec
 - d_sub 300 : OOB 0.4732 : L 9 : T 0.4 sec
 - d_sub 300 : OOB 0.4732 : L 10 : T 0.4 sec
 - d_sub 300 : OOB 0.4709 : L 11 : T 0.5 sec
 - d_sub 300 : OOB 0.4734 : L 12 : T 0.5 sec
 - d_sub 300 : OOB 0.4668 : L 13 : T 0.6 sec
 - d_sub 300 : OOB 0.4668 : L 14 : T 0.6 sec
 - d_sub 300 : OOB 0.4670 : L 15 : T 0.7 sec
 - d_sub 300 : OOB 0.4676 : L 16 : T 0.7 sec
 - d_sub 300 : OOB 0.4661 : L 17 : T 0.8 sec
 - d_sub 300 : OOB 0.4659 : L 18 : T 0.8 sec
 - d_sub 300 : OOB 0.4647 : L 19 : T 0.9 sec
 - d_sub 300 : OOB 0.4637 : L 20 : T 0.9 sec
 - d_sub 300 : OOB 0.4671 : L 21 : T 0.9 sec
 - d_sub 300 : OOB 0.4686 : L 22 : T 1.0 sec
 - d_sub 300 : OOB 0.4635 : L 23 : T 1.0 sec
 - d_sub 300 : OOB 0.4642 : L 24 : T 1.1 sec
 - d_sub 300 : OOB 0.4632 : L 25 : T 1.1 sec
 - d_sub 300 : OOB 0.4656 : L 26 : T 1.2 sec
 - d_sub 300 : OOB 0.4632 : L 27 : T 1.2 sec
 - d_sub 300 : OOB 0.4629 : L 28 : T 1.2 sec
 - d_sub 300 : OOB 0.4627 : L 29 : T 1.3 sec
 - d_sub 300 : OOB 0.4630 : L 30 : T 1.3 sec
# -------------------------
optimal d_sub 300 : OOB 0.4630 : L 30 : T 1.3 sec
# -------------------------
Average OOB error = 0.46278 (+/- 0.00113)
# -------------------------
# Ensemble classification
#  - Training samples: 10000 (5000/5000)
#  - Feature-space dimensionality: 24157
#  - L : 30
#  - d_sub : 300
#  - Seed 1 (subspaces) : 5
#  - Seed 2 (bootstrap) : 73
# -------------------------

 - d_sub 300 : OOB 0.4894 : L 1 : T 0.0 sec
 - d_sub 300 : OOB 0.4819 : L 2 : T 0.1 sec
 - d_sub 300 : OOB 0.4805 : L 3 : T 0.2 sec
 - d_sub 300 : OOB 0.4791 : L 4 : T 0.2 sec
 - d_sub 300 : OOB 0.4723 : L 5 : T 0.2 sec
 - d_sub 300 : OOB 0.4742 : L 6 : T 0.3 sec
 - d_sub 300 : OOB 0.4776 : L 7 : T 0.4 sec
 - d_sub 300 : OOB 0.4757 : L 8 : T 0.4 sec
 - d_sub 300 : OOB 0.4725 : L 9 : T 0.4 sec
 - d_sub 300 : OOB 0.4717 : L 10 : T 0.5 sec
 - d_sub 300 : OOB 0.4723 : L 11 : T 0.5 sec
 - d_sub 300 : OOB 0.4726 : L 12 : T 0.6 sec
 - d_sub 300 : OOB 0.4685 : L 13 : T 0.6 sec
 - d_sub 300 : OOB 0.4688 : L 14 : T 0.7 sec
 - d_sub 300 : OOB 0.4674 : L 15 : T 0.7 sec
 - d_sub 300 : OOB 0.4693 : L 16 : T 0.8 sec
 - d_sub 300 : OOB 0.4661 : L 17 : T 0.8 sec
 - d_sub 300 : OOB 0.4676 : L 18 : T 0.9 sec
 - d_sub 300 : OOB 0.4657 : L 19 : T 0.9 sec
 - d_sub 300 : OOB 0.4644 : L 20 : T 0.9 sec
 - d_sub 300 : OOB 0.4665 : L 21 : T 1.0 sec
 - d_sub 300 : OOB 0.4668 : L 22 : T 1.0 sec
 - d_sub 300 : OOB 0.4625 : L 23 : T 1.1 sec
 - d_sub 300 : OOB 0.4643 : L 24 : T 1.1 sec
 - d_sub 300 : OOB 0.4634 : L 25 : T 1.2 sec
 - d_sub 300 : OOB 0.4652 : L 26 : T 1.2 sec
 - d_sub 300 : OOB 0.4659 : L 27 : T 1.3 sec
 - d_sub 300 : OOB 0.4654 : L 28 : T 1.3 sec
 - d_sub 300 : OOB 0.4650 : L 29 : T 1.4 sec
 - d_sub 300 : OOB 0.4647 : L 30 : T 1.4 sec
# -------------------------
optimal d_sub 300 : OOB 0.4647 : L 30 : T 1.4 sec
OOB error = 0.4584
optimal d_sub 300 : OOB 0.4621 : L 30 : T 1.4 sec
optimal d_sub 300 : OOB 0.4613 : L 81 : T 3.6 sec
Testing error 1: 0.4622
optimal d_sub 300 : OOB 0.4595 : L 76 : T 3.3 sec
Testing error 2: 0.4628
optimal d_sub 300 : OOB 0.4657 : L 65 : T 2.9 sec
Testing error 3: 0.4612
optimal d_sub 300 : OOB 0.4637 : L 64 : T 2.9 sec
Testing error 4: 0.4611
optimal d_sub 300 : OOB 0.4638 : L 77 : T 3.3 sec
Testing error 5: 0.4598
optimal d_sub 300 : OOB 0.4671 : L 56 : T 2.5 sec
Testing error 6: 0.4575
optimal d_sub 300 : OOB 0.4596 : L 69 : T 3.1 sec
Testing error 7: 0.4617
optimal d_sub 300 : OOB 0.4622 : L 64 : T 2.9 sec
Testing error 8: 0.4606
optimal d_sub 300 : OOB 0.4623 : L 66 : T 2.9 sec
Testing error 9: 0.4624
optimal d_sub 300 : OOB 0.4615 : L 67 : T 2.9 sec
Testing error 10: 0.4598
---
Average testing error over 10 splits: 0.4609 (+/- 0.0016)
