# -------------------------
# Ensemble classification
#  - Training samples: 10000 (5000/5000)
#  - Feature-space dimensionality: 18157
#  - L : automatic (min 25, max 500, length 50, eps 0.00500)
#  - d_sub : automatic (Eoob tolerance 0.0200, step 200)
#  - Seed 1 (subspaces) : 170998606
#  - Seed 2 (bootstrap) : 176596985
# -------------------------

 - d_sub 200 : OOB 0.4167 : L 1 : T 0.0 sec
 - d_sub 200 : OOB 0.3656 : L 2 : T 0.1 sec
 - d_sub 200 : OOB 0.3332 : L 3 : T 0.1 sec
 - d_sub 200 : OOB 0.3097 : L 4 : T 0.1 sec
 - d_sub 200 : OOB 0.2921 : L 5 : T 0.1 sec
 - d_sub 200 : OOB 0.2840 : L 6 : T 0.2 sec
 - d_sub 200 : OOB 0.2686 : L 7 : T 0.2 sec
 - d_sub 200 : OOB 0.2673 : L 8 : T 0.2 sec
 - d_sub 200 : OOB 0.2620 : L 9 : T 0.2 sec
 - d_sub 200 : OOB 0.2585 : L 10 : T 0.3 sec
 - d_sub 200 : OOB 0.2555 : L 11 : T 0.3 sec
 - d_sub 200 : OOB 0.2550 : L 12 : T 0.3 sec
 - d_sub 200 : OOB 0.2508 : L 13 : T 0.3 sec
 - d_sub 200 : OOB 0.2484 : L 14 : T 0.4 sec
 - d_sub 200 : OOB 0.2475 : L 15 : T 0.4 sec
 - d_sub 200 : OOB 0.2434 : L 16 : T 0.4 sec
 - d_sub 200 : OOB 0.2433 : L 17 : T 0.5 sec
 - d_sub 200 : OOB 0.2400 : L 18 : T 0.5 sec
 - d_sub 200 : OOB 0.2390 : L 19 : T 0.5 sec
 - d_sub 200 : OOB 0.2397 : L 20 : T 0.6 sec
 - d_sub 200 : OOB 0.2396 : L 21 : T 0.6 sec
 - d_sub 200 : OOB 0.2392 : L 22 : T 0.6 sec
 - d_sub 200 : OOB 0.2390 : L 23 : T 0.6 sec
 - d_sub 200 : OOB 0.2370 : L 24 : T 0.7 sec
 - d_sub 200 : OOB 0.2371 : L 25 : T 0.7 sec
 - d_sub 200 : OOB 0.2363 : L 26 : T 0.7 sec
 - d_sub 200 : OOB 0.2324 : L 27 : T 0.8 sec
 - d_sub 200 : OOB 0.2339 : L 28 : T 0.8 sec
 - d_sub 200 : OOB 0.2340 : L 29 : T 0.8 sec
 - d_sub 200 : OOB 0.2353 : L 30 : T 0.8 sec
 - d_sub 200 : OOB 0.2336 : L 31 : T 0.9 sec
 - d_sub 200 : OOB 0.2324 : L 32 : T 0.9 sec
 - d_sub 200 : OOB 0.2333 : L 33 : T 0.9 sec
 - d_sub 200 : OOB 0.2334 : L 34 : T 1.0 sec
 - d_sub 200 : OOB 0.2352 : L 35 : T 1.0 sec
 - d_sub 200 : OOB 0.2340 : L 36 : T 1.0 sec
 - d_sub 200 : OOB 0.2335 : L 37 : T 1.1 sec
 - d_sub 200 : OOB 0.2360 : L 38 : T 1.1 sec
 - d_sub 200 : OOB 0.2345 : L 39 : T 1.1 sec
 - d_sub 200 : OOB 0.2349 : L 40 : T 1.1 sec
 - d_sub 200 : OOB 0.2354 : L 41 : T 1.2 sec
 - d_sub 200 : OOB 0.2353 : L 42 : T 1.2 sec
 - d_sub 200 : OOB 0.2325 : L 43 : T 1.2 sec
 - d_sub 200 : OOB 0.2335 : L 44 : T 1.3 sec
 - d_sub 200 : OOB 0.2339 : L 45 : T 1.3 sec
 - d_sub 200 : OOB 0.2344 : L 46 : T 1.3 sec
 - d_sub 200 : OOB 0.2335 : L 47 : T 1.4 sec
 - d_sub 200 : OOB 0.2325 : L 48 : T 1.4 sec
 - d_sub 200 : OOB 0.2324 : L 49 : T 1.4 sec
 - d_sub 200 : OOB 0.2330 : L 50 : T 1.5 sec
 - d_sub 200 : OOB 0.2330 : L 51 : T 1.5 sec
 - d_sub 200 : OOB 0.2319 : L 52 : T 1.5 sec
 - d_sub 200 : OOB 0.2335 : L 53 : T 1.5 sec
 - d_sub 200 : OOB 0.2337 : L 54 : T 1.6 sec
 - d_sub 200 : OOB 0.2322 : L 55 : T 1.6 sec
 - d_sub 200 : OOB 0.2343 : L 56 : T 1.6 sec
 - d_sub 200 : OOB 0.2327 : L 57 : T 1.7 sec
 - d_sub 200 : OOB 0.2329 : L 58 : T 1.7 sec
 - d_sub 200 : OOB 0.2320 : L 59 : T 1.7 sec
 - d_sub 200 : OOB 0.2326 : L 60 : T 1.8 sec
 - d_sub 200 : OOB 0.2327 : L 61 : T 1.8 sec
 - d_sub 200 : OOB 0.2331 : L 62 : T 1.8 sec
 - d_sub 200 : OOB 0.2324 : L 63 : T 1.9 sec
 - d_sub 200 : OOB 0.2319 : L 64 : T 1.9 sec
 - d_sub 200 : OOB 0.2344 : L 65 : T 1.9 sec
 - d_sub 200 : OOB 0.2333 : L 66 : T 2.0 sec
 - d_sub 200 : OOB 0.2339 : L 67 : T 2.0 sec
 - d_sub 200 : OOB 0.2343 : L 68 : T 2.0 sec
 - d_sub 200 : OOB 0.2335 : L 69 : T 2.0 sec
 - d_sub 200 : OOB 0.2330 : L 70 : T 2.1 sec
 - d_sub 200 : OOB 0.2333 : L 71 : T 2.1 sec
 - d_sub 200 : OOB 0.2332 : L 72 : T 2.1 sec

 - d_sub 400 : OOB 0.4071 : L 1 : T 1.0 sec
 - d_sub 400 : OOB 0.3473 : L 2 : T 1.9 sec
 - d_sub 400 : OOB 0.3126 : L 3 : T 2.0 sec
 - d_sub 400 : OOB 0.2842 : L 4 : T 2.0 sec
 - d_sub 400 : OOB 0.2640 : L 5 : T 3.0 sec
 - d_sub 400 : OOB 0.2534 : L 6 : T 3.0 sec
 - d_sub 400 : OOB 0.2497 : L 7 : T 3.1 sec
 - d_sub 400 : OOB 0.2433 : L 8 : T 3.2 sec
 - d_sub 400 : OOB 0.2413 : L 9 : T 3.2 sec
 - d_sub 400 : OOB 0.2324 : L 10 : T 4.2 sec
 - d_sub 400 : OOB 0.2293 : L 11 : T 4.3 sec
 - d_sub 400 : OOB 0.2261 : L 12 : T 4.3 sec
 - d_sub 400 : OOB 0.2237 : L 13 : T 4.4 sec
 - d_sub 400 : OOB 0.2198 : L 14 : T 4.4 sec
 - d_sub 400 : OOB 0.2197 : L 15 : T 4.5 sec
 - d_sub 400 : OOB 0.2158 : L 16 : T 4.6 sec
 - d_sub 400 : OOB 0.2157 : L 17 : T 4.6 sec
 - d_sub 400 : OOB 0.2129 : L 18 : T 4.7 sec
 - d_sub 400 : OOB 0.2134 : L 19 : T 4.7 sec
 - d_sub 400 : OOB 0.2111 : L 20 : T 4.8 sec
 - d_sub 400 : OOB 0.2089 : L 21 : T 5.7 sec
 - d_sub 400 : OOB 0.2087 : L 22 : T 5.8 sec
 - d_sub 400 : OOB 0.2079 : L 23 : T 5.9 sec
 - d_sub 400 : OOB 0.2078 : L 24 : T 5.9 sec
 - d_sub 400 : OOB 0.2090 : L 25 : T 6.0 sec
 - d_sub 400 : OOB 0.2074 : L 26 : T 6.0 sec
 - d_sub 400 : OOB 0.2072 : L 27 : T 6.1 sec
 - d_sub 400 : OOB 0.2060 : L 28 : T 6.1 sec
 - d_sub 400 : OOB 0.2072 : L 29 : T 6.2 sec
 - d_sub 400 : OOB 0.2077 : L 30 : T 6.3 sec
 - d_sub 400 : OOB 0.2087 : L 31 : T 6.3 sec
 - d_sub 400 : OOB 0.2068 : L 32 : T 6.4 sec
 - d_sub 400 : OOB 0.2068 : L 33 : T 6.4 sec
 - d_sub 400 : OOB 0.2078 : L 34 : T 6.5 sec
 - d_sub 400 : OOB 0.2049 : L 35 : T 6.5 sec
 - d_sub 400 : OOB 0.2053 : L 36 : T 6.6 sec
 - d_sub 400 : OOB 0.2059 : L 37 : T 6.7 sec
 - d_sub 400 : OOB 0.2061 : L 38 : T 7.6 sec
 - d_sub 400 : OOB 0.2044 : L 39 : T 7.7 sec
 - d_sub 400 : OOB 0.2042 : L 40 : T 7.7 sec
 - d_sub 400 : OOB 0.2043 : L 41 : T 7.8 sec
 - d_sub 400 : OOB 0.2038 : L 42 : T 7.9 sec
 - d_sub 400 : OOB 0.2034 : L 43 : T 7.9 sec
 - d_sub 400 : OOB 0.2038 : L 44 : T 8.0 sec
 - d_sub 400 : OOB 0.2032 : L 45 : T 8.0 sec
 - d_sub 400 : OOB 0.2018 : L 46 : T 8.1 sec
 - d_sub 400 : OOB 0.2028 : L 47 : T 8.2 sec
 - d_sub 400 : OOB 0.2025 : L 48 : T 8.2 sec
 - d_sub 400 : OOB 0.2041 : L 49 : T 8.3 sec
 - d_sub 400 : OOB 0.2045 : L 50 : T 8.3 sec
 - d_sub 400 : OOB 0.2044 : L 51 : T 8.4 sec
 - d_sub 400 : OOB 0.2039 : L 52 : T 8.4 sec
 - d_sub 400 : OOB 0.2028 : L 53 : T 8.5 sec
 - d_sub 400 : OOB 0.2023 : L 54 : T 8.5 sec
 - d_sub 400 : OOB 0.2010 : L 55 : T 8.6 sec
 - d_sub 400 : OOB 0.2008 : L 56 : T 8.7 sec
 - d_sub 400 : OOB 0.2036 : L 57 : T 8.7 sec
 - d_sub 400 : OOB 0.2029 : L 58 : T 8.8 sec
 - d_sub 400 : OOB 0.2024 : L 59 : T 9.7 sec
 - d_sub 400 : OOB 0.2017 : L 60 : T 9.8 sec
 - d_sub 400 : OOB 0.2009 : L 61 : T 9.8 sec
 - d_sub 400 : OOB 0.2022 : L 62 : T 9.9 sec
 - d_sub 400 : OOB 0.2030 : L 63 : T 9.9 sec
 - d_sub 400 : OOB 0.2032 : L 64 : T 10.0 sec
 - d_sub 400 : OOB 0.2029 : L 65 : T 10.1 sec
 - d_sub 400 : OOB 0.2029 : L 66 : T 10.1 sec
 - d_sub 400 : OOB 0.2024 : L 67 : T 10.2 sec
 - d_sub 400 : OOB 0.2034 : L 68 : T 10.2 sec
 - d_sub 400 : OOB 0.2015 : L 69 : T 10.3 sec
 - d_sub 400 : OOB 0.2018 : L 70 : T 10.4 sec
 - d_sub 400 : OOB 0.2025 : L 71 : T 10.4 sec
 - d_sub 400 : OOB 0.2018 : L 72 : T 10.5 sec
 - d_sub 400 : OOB 0.2018 : L 73 : T 10.5 sec
 - d_sub 400 : OOB 0.2016 : L 74 : T 10.6 sec
 - d_sub 400 : OOB 0.2021 : L 75 : T 10.6 sec
 - d_sub 400 : OOB 0.2017 : L 76 : T 10.7 sec
 - d_sub 400 : OOB 0.2014 : L 77 : T 10.7 sec
 - d_sub 400 : OOB 0.2006 : L 78 : T 10.8 sec
 - d_sub 400 : OOB 0.2008 : L 79 : T 10.9 sec
 - d_sub 400 : OOB 0.2011 : L 80 : T 11.9 sec
 - d_sub 400 : OOB 0.2013 : L 81 : T 12.0 sec
 - d_sub 400 : OOB 0.2001 : L 82 : T 12.1 sec
 - d_sub 400 : OOB 0.2008 : L 83 : T 12.1 sec
 - d_sub 400 : OOB 0.2009 : L 84 : T 12.2 sec

 - d_sub 600 : OOB 0.4007 : L 1 : T 0.1 sec
 - d_sub 600 : OOB 0.3361 : L 2 : T 0.2 sec
 - d_sub 600 : OOB 0.3000 : L 3 : T 0.3 sec
 - d_sub 600 : OOB 0.2708 : L 4 : T 0.4 sec
 - d_sub 600 : OOB 0.2484 : L 5 : T 0.5 sec
 - d_sub 600 : OOB 0.2381 : L 6 : T 0.6 sec
 - d_sub 600 : OOB 0.2351 : L 7 : T 2.5 sec
 - d_sub 600 : OOB 0.2263 : L 8 : T 2.6 sec
 - d_sub 600 : OOB 0.2236 : L 9 : T 2.7 sec
 - d_sub 600 : OOB 0.2171 : L 10 : T 2.8 sec
 - d_sub 600 : OOB 0.2138 : L 11 : T 2.9 sec
 - d_sub 600 : OOB 0.2103 : L 12 : T 3.0 sec
 - d_sub 600 : OOB 0.2083 : L 13 : T 3.8 sec
 - d_sub 600 : OOB 0.2077 : L 14 : T 5.8 sec
 - d_sub 600 : OOB 0.2062 : L 15 : T 5.9 sec
 - d_sub 600 : OOB 0.2015 : L 16 : T 6.0 sec
 - d_sub 600 : OOB 0.2024 : L 17 : T 6.1 sec
 - d_sub 600 : OOB 0.2022 : L 18 : T 6.2 sec
 - d_sub 600 : OOB 0.2011 : L 19 : T 6.3 sec
 - d_sub 600 : OOB 0.2021 : L 20 : T 6.4 sec
 - d_sub 600 : OOB 0.2001 : L 21 : T 6.5 sec
 - d_sub 600 : OOB 0.1989 : L 22 : T 6.6 sec
 - d_sub 600 : OOB 0.1978 : L 23 : T 6.7 sec
 - d_sub 600 : OOB 0.1983 : L 24 : T 7.8 sec
 - d_sub 600 : OOB 0.1984 : L 25 : T 7.9 sec
 - d_sub 600 : OOB 0.1978 : L 26 : T 8.0 sec
 - d_sub 600 : OOB 0.1958 : L 27 : T 8.1 sec
 - d_sub 600 : OOB 0.1950 : L 28 : T 8.2 sec
 - d_sub 600 : OOB 0.1955 : L 29 : T 8.3 sec
 - d_sub 600 : OOB 0.1962 : L 30 : T 8.4 sec
 - d_sub 600 : OOB 0.1960 : L 31 : T 8.5 sec
 - d_sub 600 : OOB 0.1952 : L 32 : T 8.6 sec
 - d_sub 600 : OOB 0.1950 : L 33 : T 8.7 sec
 - d_sub 600 : OOB 0.1960 : L 34 : T 9.7 sec
 - d_sub 600 : OOB 0.1928 : L 35 : T 10.6 sec
 - d_sub 600 : OOB 0.1935 : L 36 : T 10.7 sec
 - d_sub 600 : OOB 0.1944 : L 37 : T 11.8 sec
 - d_sub 600 : OOB 0.1922 : L 38 : T 11.9 sec
 - d_sub 600 : OOB 0.1919 : L 39 : T 12.0 sec
 - d_sub 600 : OOB 0.1902 : L 40 : T 12.1 sec
 - d_sub 600 : OOB 0.1886 : L 41 : T 12.2 sec
 - d_sub 600 : OOB 0.1891 : L 42 : T 12.3 sec
 - d_sub 600 : OOB 0.1887 : L 43 : T 12.4 sec
 - d_sub 600 : OOB 0.1894 : L 44 : T 12.5 sec
 - d_sub 600 : OOB 0.1888 : L 45 : T 14.1 sec
 - d_sub 600 : OOB 0.1887 : L 46 : T 14.2 sec
 - d_sub 600 : OOB 0.1899 : L 47 : T 14.3 sec
 - d_sub 600 : OOB 0.1881 : L 48 : T 14.4 sec
 - d_sub 600 : OOB 0.1886 : L 49 : T 14.5 sec
 - d_sub 600 : OOB 0.1896 : L 50 : T 14.6 sec
 - d_sub 600 : OOB 0.1889 : L 51 : T 14.7 sec
 - d_sub 600 : OOB 0.1891 : L 52 : T 14.8 sec
 - d_sub 600 : OOB 0.1879 : L 53 : T 14.9 sec
 - d_sub 600 : OOB 0.1885 : L 54 : T 16.9 sec
 - d_sub 600 : OOB 0.1884 : L 55 : T 17.0 sec
 - d_sub 600 : OOB 0.1882 : L 56 : T 17.1 sec
 - d_sub 600 : OOB 0.1876 : L 57 : T 17.2 sec
 - d_sub 600 : OOB 0.1876 : L 58 : T 17.3 sec
 - d_sub 600 : OOB 0.1871 : L 59 : T 17.4 sec
 - d_sub 600 : OOB 0.1874 : L 60 : T 18.5 sec
 - d_sub 600 : OOB 0.1880 : L 61 : T 19.6 sec
 - d_sub 600 : OOB 0.1865 : L 62 : T 19.7 sec
 - d_sub 600 : OOB 0.1877 : L 63 : T 19.8 sec
 - d_sub 600 : OOB 0.1871 : L 64 : T 19.9 sec
 - d_sub 600 : OOB 0.1872 : L 65 : T 20.0 sec
 - d_sub 600 : OOB 0.1862 : L 66 : T 20.1 sec
 - d_sub 600 : OOB 0.1861 : L 67 : T 20.2 sec
 - d_sub 600 : OOB 0.1865 : L 68 : T 20.3 sec
 - d_sub 600 : OOB 0.1866 : L 69 : T 20.4 sec
 - d_sub 600 : OOB 0.1860 : L 70 : T 22.4 sec
 - d_sub 600 : OOB 0.1862 : L 71 : T 23.5 sec
 - d_sub 600 : OOB 0.1867 : L 72 : T 23.6 sec
 - d_sub 600 : OOB 0.1870 : L 73 : T 23.7 sec
 - d_sub 600 : OOB 0.1881 : L 74 : T 23.7 sec
 - d_sub 600 : OOB 0.1875 : L 75 : T 23.8 sec
 - d_sub 600 : OOB 0.1876 : L 76 : T 23.9 sec
 - d_sub 600 : OOB 0.1876 : L 77 : T 24.0 sec
 - d_sub 600 : OOB 0.1863 : L 78 : T 24.1 sec
 - d_sub 600 : OOB 0.1883 : L 79 : T 25.1 sec
 - d_sub 600 : OOB 0.1875 : L 80 : T 25.2 sec
 - d_sub 600 : OOB 0.1874 : L 81 : T 25.3 sec
 - d_sub 600 : OOB 0.1859 : L 82 : T 26.2 sec
 - d_sub 600 : OOB 0.1871 : L 83 : T 26.3 sec
 - d_sub 600 : OOB 0.1874 : L 84 : T 26.3 sec
 - d_sub 600 : OOB 0.1863 : L 85 : T 27.3 sec
 - d_sub 600 : OOB 0.1864 : L 86 : T 27.4 sec
 - d_sub 600 : OOB 0.1861 : L 87 : T 27.5 sec

 - d_sub 800 : OOB 0.3986 : L 1 : T 0.2 sec
 - d_sub 800 : OOB 0.3342 : L 2 : T 0.3 sec
 - d_sub 800 : OOB 0.2972 : L 3 : T 0.4 sec
 - d_sub 800 : OOB 0.2631 : L 4 : T 0.5 sec
 - d_sub 800 : OOB 0.2438 : L 5 : T 0.7 sec
 - d_sub 800 : OOB 0.2347 : L 6 : T 1.9 sec
 - d_sub 800 : OOB 0.2271 : L 7 : T 2.0 sec
 - d_sub 800 : OOB 0.2186 : L 8 : T 2.1 sec
 - d_sub 800 : OOB 0.2146 : L 9 : T 2.3 sec
 - d_sub 800 : OOB 0.2090 : L 10 : T 2.4 sec
 - d_sub 800 : OOB 0.2076 : L 11 : T 2.5 sec
 - d_sub 800 : OOB 0.2033 : L 12 : T 3.7 sec
 - d_sub 800 : OOB 0.1989 : L 13 : T 3.8 sec
 - d_sub 800 : OOB 0.2003 : L 14 : T 3.9 sec
 - d_sub 800 : OOB 0.1980 : L 15 : T 4.1 sec
 - d_sub 800 : OOB 0.1954 : L 16 : T 4.2 sec
 - d_sub 800 : OOB 0.1958 : L 17 : T 4.3 sec
 - d_sub 800 : OOB 0.1942 : L 18 : T 4.4 sec
 - d_sub 800 : OOB 0.1935 : L 19 : T 4.5 sec
 - d_sub 800 : OOB 0.1935 : L 20 : T 4.7 sec
 - d_sub 800 : OOB 0.1916 : L 21 : T 4.8 sec
 - d_sub 800 : OOB 0.1899 : L 22 : T 4.9 sec
 - d_sub 800 : OOB 0.1900 : L 23 : T 6.0 sec
 - d_sub 800 : OOB 0.1890 : L 24 : T 6.1 sec
 - d_sub 800 : OOB 0.1895 : L 25 : T 6.2 sec
 - d_sub 800 : OOB 0.1893 : L 26 : T 6.3 sec
 - d_sub 800 : OOB 0.1900 : L 27 : T 6.5 sec
 - d_sub 800 : OOB 0.1890 : L 28 : T 6.6 sec
 - d_sub 800 : OOB 0.1874 : L 29 : T 6.7 sec
 - d_sub 800 : OOB 0.1885 : L 30 : T 6.8 sec
 - d_sub 800 : OOB 0.1881 : L 31 : T 7.0 sec
 - d_sub 800 : OOB 0.1860 : L 32 : T 7.1 sec
 - d_sub 800 : OOB 0.1860 : L 33 : T 8.0 sec
 - d_sub 800 : OOB 0.1850 : L 34 : T 8.1 sec
 - d_sub 800 : OOB 0.1828 : L 35 : T 8.2 sec
 - d_sub 800 : OOB 0.1824 : L 36 : T 8.3 sec
 - d_sub 800 : OOB 0.1816 : L 37 : T 8.4 sec
 - d_sub 800 : OOB 0.1821 : L 38 : T 8.6 sec
 - d_sub 800 : OOB 0.1817 : L 39 : T 8.7 sec
 - d_sub 800 : OOB 0.1814 : L 40 : T 8.8 sec
 - d_sub 800 : OOB 0.1821 : L 41 : T 8.9 sec
 - d_sub 800 : OOB 0.1816 : L 42 : T 9.0 sec
 - d_sub 800 : OOB 0.1801 : L 43 : T 9.2 sec
 - d_sub 800 : OOB 0.1812 : L 44 : T 10.4 sec
 - d_sub 800 : OOB 0.1815 : L 45 : T 10.6 sec
 - d_sub 800 : OOB 0.1809 : L 46 : T 10.7 sec
 - d_sub 800 : OOB 0.1812 : L 47 : T 10.8 sec
 - d_sub 800 : OOB 0.1820 : L 48 : T 10.9 sec
 - d_sub 800 : OOB 0.1800 : L 49 : T 11.1 sec
 - d_sub 800 : OOB 0.1798 : L 50 : T 12.4 sec
 - d_sub 800 : OOB 0.1803 : L 51 : T 12.5 sec
 - d_sub 800 : OOB 0.1816 : L 52 : T 12.6 sec
 - d_sub 800 : OOB 0.1818 : L 53 : T 12.8 sec
 - d_sub 800 : OOB 0.1822 : L 54 : T 12.9 sec
 - d_sub 800 : OOB 0.1817 : L 55 : T 13.0 sec
 - d_sub 800 : OOB 0.1815 : L 56 : T 13.2 sec
 - d_sub 800 : OOB 0.1814 : L 57 : T 13.3 sec
 - d_sub 800 : OOB 0.1825 : L 58 : T 13.4 sec
 - d_sub 800 : OOB 0.1827 : L 59 : T 13.6 sec
 - d_sub 800 : OOB 0.1827 : L 60 : T 14.6 sec
 - d_sub 800 : OOB 0.1826 : L 61 : T 14.7 sec
 - d_sub 800 : OOB 0.1832 : L 62 : T 14.9 sec
 - d_sub 800 : OOB 0.1830 : L 63 : T 15.0 sec
 - d_sub 800 : OOB 0.1821 : L 64 : T 15.1 sec
 - d_sub 800 : OOB 0.1815 : L 65 : T 15.3 sec
 - d_sub 800 : OOB 0.1813 : L 66 : T 15.4 sec
 - d_sub 800 : OOB 0.1821 : L 67 : T 15.5 sec
 - d_sub 800 : OOB 0.1811 : L 68 : T 15.7 sec
 - d_sub 800 : OOB 0.1825 : L 69 : T 15.8 sec
 - d_sub 800 : OOB 0.1819 : L 70 : T 15.9 sec
 - d_sub 800 : OOB 0.1808 : L 71 : T 17.0 sec
 - d_sub 800 : OOB 0.1811 : L 72 : T 17.2 sec
 - d_sub 800 : OOB 0.1800 : L 73 : T 17.3 sec
 - d_sub 800 : OOB 0.1812 : L 74 : T 17.4 sec
 - d_sub 800 : OOB 0.1809 : L 75 : T 17.6 sec
 - d_sub 800 : OOB 0.1816 : L 76 : T 17.7 sec
 - d_sub 800 : OOB 0.1812 : L 77 : T 17.8 sec
 - d_sub 800 : OOB 0.1812 : L 78 : T 18.0 sec
 - d_sub 800 : OOB 0.1807 : L 79 : T 18.1 sec
 - d_sub 800 : OOB 0.1792 : L 80 : T 18.2 sec

 - d_sub 1000 : OOB 0.3947 : L 1 : T 1.2 sec
 - d_sub 1000 : OOB 0.3330 : L 2 : T 2.4 sec
 - d_sub 1000 : OOB 0.2964 : L 3 : T 4.4 sec
 - d_sub 1000 : OOB 0.2680 : L 4 : T 5.6 sec
 - d_sub 1000 : OOB 0.2437 : L 5 : T 5.8 sec
 - d_sub 1000 : OOB 0.2353 : L 6 : T 7.0 sec
 - d_sub 1000 : OOB 0.2300 : L 7 : T 7.2 sec
 - d_sub 1000 : OOB 0.2225 : L 8 : T 9.0 sec
 - d_sub 1000 : OOB 0.2164 : L 9 : T 9.2 sec
 - d_sub 1000 : OOB 0.2080 : L 10 : T 10.4 sec
 - d_sub 1000 : OOB 0.2060 : L 11 : T 10.6 sec
 - d_sub 1000 : OOB 0.2036 : L 12 : T 13.5 sec
 - d_sub 1000 : OOB 0.2018 : L 13 : T 13.7 sec
 - d_sub 1000 : OOB 0.1976 : L 14 : T 14.7 sec
 - d_sub 1000 : OOB 0.1986 : L 15 : T 16.6 sec
 - d_sub 1000 : OOB 0.1977 : L 16 : T 16.8 sec
 - d_sub 1000 : OOB 0.1965 : L 17 : T 18.1 sec
 - d_sub 1000 : OOB 0.1960 : L 18 : T 18.3 sec
 - d_sub 1000 : OOB 0.1945 : L 19 : T 19.6 sec
 - d_sub 1000 : OOB 0.1926 : L 20 : T 19.8 sec
 - d_sub 1000 : OOB 0.1936 : L 21 : T 21.8 sec
 - d_sub 1000 : OOB 0.1904 : L 22 : T 22.0 sec
 - d_sub 1000 : OOB 0.1913 : L 23 : T 23.2 sec
 - d_sub 1000 : OOB 0.1903 : L 24 : T 25.1 sec
 - d_sub 1000 : OOB 0.1872 : L 25 : T 25.3 sec
 - d_sub 1000 : OOB 0.1894 : L 26 : T 26.4 sec
 - d_sub 1000 : OOB 0.1874 : L 27 : T 26.6 sec
 - d_sub 1000 : OOB 0.1855 : L 28 : T 27.4 sec
 - d_sub 1000 : OOB 0.1875 : L 29 : T 27.6 sec
 - d_sub 1000 : OOB 0.1886 : L 30 : T 27.8 sec
 - d_sub 1000 : OOB 0.1855 : L 31 : T 29.0 sec
 - d_sub 1000 : OOB 0.1866 : L 32 : T 30.6 sec
 - d_sub 1000 : OOB 0.1874 : L 33 : T 30.8 sec
 - d_sub 1000 : OOB 0.1880 : L 34 : T 31.0 sec
 - d_sub 1000 : OOB 0.1882 : L 35 : T 33.5 sec
 - d_sub 1000 : OOB 0.1871 : L 36 : T 33.7 sec
 - d_sub 1000 : OOB 0.1871 : L 37 : T 35.1 sec
 - d_sub 1000 : OOB 0.1866 : L 38 : T 35.3 sec
 - d_sub 1000 : OOB 0.1848 : L 39 : T 35.5 sec
 - d_sub 1000 : OOB 0.1845 : L 40 : T 37.4 sec
 - d_sub 1000 : OOB 0.1852 : L 41 : T 38.4 sec
 - d_sub 1000 : OOB 0.1852 : L 42 : T 38.6 sec
 - d_sub 1000 : OOB 0.1841 : L 43 : T 39.5 sec
 - d_sub 1000 : OOB 0.1855 : L 44 : T 39.7 sec
 - d_sub 1000 : OOB 0.1832 : L 45 : T 41.7 sec
 - d_sub 1000 : OOB 0.1830 : L 46 : T 41.9 sec
 - d_sub 1000 : OOB 0.1832 : L 47 : T 43.8 sec
 - d_sub 1000 : OOB 0.1839 : L 48 : T 44.0 sec
 - d_sub 1000 : OOB 0.1833 : L 49 : T 44.1 sec
 - d_sub 1000 : OOB 0.1821 : L 50 : T 45.4 sec
 - d_sub 1000 : OOB 0.1837 : L 51 : T 45.6 sec
 - d_sub 1000 : OOB 0.1845 : L 52 : T 48.5 sec
 - d_sub 1000 : OOB 0.1825 : L 53 : T 48.7 sec
 - d_sub 1000 : OOB 0.1827 : L 54 : T 49.6 sec
 - d_sub 1000 : OOB 0.1822 : L 55 : T 51.5 sec
 - d_sub 1000 : OOB 0.1834 : L 56 : T 51.7 sec
 - d_sub 1000 : OOB 0.1827 : L 57 : T 52.8 sec
 - d_sub 1000 : OOB 0.1823 : L 58 : T 53.0 sec
 - d_sub 1000 : OOB 0.1828 : L 59 : T 53.9 sec
 - d_sub 1000 : OOB 0.1826 : L 60 : T 54.1 sec
 - d_sub 1000 : OOB 0.1814 : L 61 : T 55.3 sec
 - d_sub 1000 : OOB 0.1814 : L 62 : T 55.5 sec
 - d_sub 1000 : OOB 0.1818 : L 63 : T 55.7 sec
 - d_sub 1000 : OOB 0.1809 : L 64 : T 58.2 sec
 - d_sub 1000 : OOB 0.1812 : L 65 : T 58.4 sec
 - d_sub 1000 : OOB 0.1815 : L 66 : T 59.5 sec
 - d_sub 1000 : OOB 0.1823 : L 67 : T 59.7 sec
 - d_sub 1000 : OOB 0.1819 : L 68 : T 60.8 sec
 - d_sub 1000 : OOB 0.1817 : L 69 : T 61.0 sec
 - d_sub 1000 : OOB 0.1812 : L 70 : T 64.0 sec
 - d_sub 1000 : OOB 0.1813 : L 71 : T 64.2 sec
 - d_sub 1000 : OOB 0.1813 : L 72 : T 65.3 sec
 - d_sub 1000 : OOB 0.1800 : L 73 : T 65.5 sec
 - d_sub 1000 : OOB 0.1805 : L 74 : T 66.6 sec
 - d_sub 1000 : OOB 0.1813 : L 75 : T 67.7 sec
 - d_sub 1000 : OOB 0.1815 : L 76 : T 67.9 sec
 - d_sub 1000 : OOB 0.1801 : L 77 : T 68.1 sec
 - d_sub 1000 : OOB 0.1802 : L 78 : T 70.6 sec
 - d_sub 1000 : OOB 0.1795 : L 79 : T 70.8 sec
 - d_sub 1000 : OOB 0.1788 : L 80 : T 71.0 sec
 - d_sub 1000 : OOB 0.1801 : L 81 : T 72.2 sec
 - d_sub 1000 : OOB 0.1797 : L 82 : T 73.3 sec
 - d_sub 1000 : OOB 0.1795 : L 83 : T 74.6 sec
 - d_sub 1000 : OOB 0.1785 : L 84 : T 74.8 sec
 - d_sub 1000 : OOB 0.1803 : L 85 : T 75.0 sec
 - d_sub 1000 : OOB 0.1796 : L 86 : T 77.2 sec
 - d_sub 1000 : OOB 0.1803 : L 87 : T 77.4 sec
 - d_sub 1000 : OOB 0.1798 : L 88 : T 78.7 sec
 - d_sub 1000 : OOB 0.1791 : L 89 : T 78.9 sec
 - d_sub 1000 : OOB 0.1792 : L 90 : T 79.6 sec
 - d_sub 1000 : OOB 0.1786 : L 91 : T 79.8 sec

 - d_sub 1200 : OOB 0.3998 : L 1 : T 1.1 sec
 - d_sub 1200 : OOB 0.3375 : L 2 : T 2.9 sec
 - d_sub 1200 : OOB 0.2998 : L 3 : T 3.2 sec
 - d_sub 1200 : OOB 0.2670 : L 4 : T 5.4 sec
 - d_sub 1200 : OOB 0.2475 : L 5 : T 5.7 sec
 - d_sub 1200 : OOB 0.2376 : L 6 : T 9.6 sec
 - d_sub 1200 : OOB 0.2320 : L 7 : T 14.0 sec
 - d_sub 1200 : OOB 0.2254 : L 8 : T 14.3 sec
 - d_sub 1200 : OOB 0.2209 : L 9 : T 15.4 sec
 - d_sub 1200 : OOB 0.2116 : L 10 : T 17.5 sec
 - d_sub 1200 : OOB 0.2092 : L 11 : T 17.8 sec
 - d_sub 1200 : OOB 0.2100 : L 12 : T 19.0 sec
 - d_sub 1200 : OOB 0.2062 : L 13 : T 19.2 sec
 - d_sub 1200 : OOB 0.2026 : L 14 : T 22.3 sec
 - d_sub 1200 : OOB 0.2025 : L 15 : T 22.5 sec
 - d_sub 1200 : OOB 0.2012 : L 16 : T 22.8 sec
 - d_sub 1200 : OOB 0.1998 : L 17 : T 25.9 sec
 - d_sub 1200 : OOB 0.1991 : L 18 : T 26.2 sec
 - d_sub 1200 : OOB 0.1978 : L 19 : T 29.4 sec
 - d_sub 1200 : OOB 0.1926 : L 20 : T 31.3 sec
 - d_sub 1200 : OOB 0.1928 : L 21 : T 36.7 sec
 - d_sub 1200 : OOB 0.1904 : L 22 : T 38.8 sec
 - d_sub 1200 : OOB 0.1917 : L 23 : T 39.1 sec
 - d_sub 1200 : OOB 0.1919 : L 24 : T 40.3 sec
 - d_sub 1200 : OOB 0.1906 : L 25 : T 40.5 sec
 - d_sub 1200 : OOB 0.1901 : L 26 : T 43.0 sec
 - d_sub 1200 : OOB 0.1903 : L 27 : T 43.3 sec
 - d_sub 1200 : OOB 0.1916 : L 28 : T 44.4 sec
 - d_sub 1200 : OOB 0.1908 : L 29 : T 44.6 sec
 - d_sub 1200 : OOB 0.1885 : L 30 : T 45.7 sec
 - d_sub 1200 : OOB 0.1876 : L 31 : T 46.7 sec
 - d_sub 1200 : OOB 0.1873 : L 32 : T 48.3 sec
 - d_sub 1200 : OOB 0.1872 : L 33 : T 48.5 sec
 - d_sub 1200 : OOB 0.1861 : L 34 : T 49.7 sec
 - d_sub 1200 : OOB 0.1867 : L 35 : T 49.9 sec
 - d_sub 1200 : OOB 0.1851 : L 36 : T 51.7 sec
 - d_sub 1200 : OOB 0.1841 : L 37 : T 53.0 sec
 - d_sub 1200 : OOB 0.1846 : L 38 : T 53.3 sec
 - d_sub 1200 : OOB 0.1831 : L 39 : T 55.9 sec
 - d_sub 1200 : OOB 0.1835 : L 40 : T 56.1 sec
 - d_sub 1200 : OOB 0.1848 : L 41 : T 58.8 sec
 - d_sub 1200 : OOB 0.1835 : L 42 : T 59.0 sec
 - d_sub 1200 : OOB 0.1832 : L 43 : T 61.2 sec
 - d_sub 1200 : OOB 0.1850 : L 44 : T 61.4 sec
 - d_sub 1200 : OOB 0.1843 : L 45 : T 62.7 sec
 - d_sub 1200 : OOB 0.1841 : L 46 : T 64.9 sec
 - d_sub 1200 : OOB 0.1821 : L 47 : T 65.2 sec
 - d_sub 1200 : OOB 0.1822 : L 48 : T 66.8 sec
 - d_sub 1200 : OOB 0.1826 : L 49 : T 67.0 sec
 - d_sub 1200 : OOB 0.1814 : L 50 : T 70.7 sec
 - d_sub 1200 : OOB 0.1825 : L 51 : T 71.5 sec
 - d_sub 1200 : OOB 0.1813 : L 52 : T 71.7 sec
 - d_sub 1200 : OOB 0.1813 : L 53 : T 74.6 sec
 - d_sub 1200 : OOB 0.1797 : L 54 : T 74.9 sec
 - d_sub 1200 : OOB 0.1804 : L 55 : T 75.9 sec
 - d_sub 1200 : OOB 0.1799 : L 56 : T 76.1 sec
 - d_sub 1200 : OOB 0.1794 : L 57 : T 78.5 sec
 - d_sub 1200 : OOB 0.1793 : L 58 : T 78.8 sec
 - d_sub 1200 : OOB 0.1799 : L 59 : T 79.7 sec
 - d_sub 1200 : OOB 0.1784 : L 60 : T 80.0 sec
 - d_sub 1200 : OOB 0.1784 : L 61 : T 81.1 sec
 - d_sub 1200 : OOB 0.1781 : L 62 : T 82.8 sec
 - d_sub 1200 : OOB 0.1776 : L 63 : T 83.0 sec
 - d_sub 1200 : OOB 0.1775 : L 64 : T 85.5 sec
 - d_sub 1200 : OOB 0.1766 : L 65 : T 85.8 sec
 - d_sub 1200 : OOB 0.1780 : L 66 : T 86.9 sec
 - d_sub 1200 : OOB 0.1780 : L 67 : T 88.7 sec
 - d_sub 1200 : OOB 0.1759 : L 68 : T 89.0 sec
 - d_sub 1200 : OOB 0.1761 : L 69 : T 91.1 sec
 - d_sub 1200 : OOB 0.1778 : L 70 : T 91.4 sec
 - d_sub 1200 : OOB 0.1773 : L 71 : T 92.6 sec
 - d_sub 1200 : OOB 0.1774 : L 72 : T 92.8 sec
 - d_sub 1200 : OOB 0.1769 : L 73 : T 95.3 sec
 - d_sub 1200 : OOB 0.1757 : L 74 : T 95.5 sec
 - d_sub 1200 : OOB 0.1768 : L 75 : T 96.7 sec
 - d_sub 1200 : OOB 0.1774 : L 76 : T 97.0 sec
 - d_sub 1200 : OOB 0.1770 : L 77 : T 98.1 sec
 - d_sub 1200 : OOB 0.1766 : L 78 : T 102.3 sec
 - d_sub 1200 : OOB 0.1764 : L 79 : T 103.5 sec
 - d_sub 1200 : OOB 0.1763 : L 80 : T 103.7 sec
 - d_sub 1200 : OOB 0.1752 : L 81 : T 104.0 sec
 - d_sub 1200 : OOB 0.1759 : L 82 : T 107.0 sec
 - d_sub 1200 : OOB 0.1759 : L 83 : T 107.2 sec
 - d_sub 1200 : OOB 0.1746 : L 84 : T 108.4 sec
 - d_sub 1200 : OOB 0.1740 : L 85 : T 110.6 sec
 - d_sub 1200 : OOB 0.1754 : L 86 : T 112.1 sec
 - d_sub 1200 : OOB 0.1744 : L 87 : T 112.3 sec
 - d_sub 1200 : OOB 0.1750 : L 88 : T 113.4 sec
 - d_sub 1200 : OOB 0.1742 : L 89 : T 115.0 sec
 - d_sub 1200 : OOB 0.1754 : L 90 : T 115.2 sec
 - d_sub 1200 : OOB 0.1747 : L 91 : T 117.7 sec
 - d_sub 1200 : OOB 0.1747 : L 92 : T 117.9 sec
 - d_sub 1200 : OOB 0.1756 : L 93 : T 119.2 sec
 - d_sub 1200 : OOB 0.1761 : L 94 : T 120.5 sec
 - d_sub 1200 : OOB 0.1763 : L 95 : T 121.8 sec
 - d_sub 1200 : OOB 0.1755 : L 96 : T 122.9 sec
 - d_sub 1200 : OOB 0.1749 : L 97 : T 123.1 sec
 - d_sub 1200 : OOB 0.1760 : L 98 : T 124.0 sec
 - d_sub 1200 : OOB 0.1757 : L 99 : T 125.1 sec
 - d_sub 1200 : OOB 0.1745 : L 100 : T 125.3 sec
 - d_sub 1200 : OOB 0.1751 : L 101 : T 126.8 sec
 - d_sub 1200 : OOB 0.1757 : L 102 : T 127.1 sec
 - d_sub 1200 : OOB 0.1752 : L 103 : T 129.2 sec
 - d_sub 1200 : OOB 0.1739 : L 104 : T 129.4 sec
 - d_sub 1200 : OOB 0.1747 : L 105 : T 132.4 sec

 - d_sub 1400 : OOB 0.3997 : L 1 : T 2.1 sec
 - d_sub 1400 : OOB 0.3325 : L 2 : T 3.4 sec
 - d_sub 1400 : OOB 0.2982 : L 3 : T 4.6 sec
 - d_sub 1400 : OOB 0.2682 : L 4 : T 5.6 sec
 - d_sub 1400 : OOB 0.2484 : L 5 : T 6.8 sec
 - d_sub 1400 : OOB 0.2375 : L 6 : T 8.6 sec
 - d_sub 1400 : OOB 0.2254 : L 7 : T 11.4 sec
 - d_sub 1400 : OOB 0.2201 : L 8 : T 12.6 sec
 - d_sub 1400 : OOB 0.2155 : L 9 : T 14.6 sec
 - d_sub 1400 : OOB 0.2108 : L 10 : T 17.4 sec
 - d_sub 1400 : OOB 0.2084 : L 11 : T 18.6 sec
 - d_sub 1400 : OOB 0.2036 : L 12 : T 20.5 sec
 - d_sub 1400 : OOB 0.2048 : L 13 : T 21.8 sec
 - d_sub 1400 : OOB 0.2028 : L 14 : T 23.2 sec
 - d_sub 1400 : OOB 0.1989 : L 15 : T 24.9 sec
 - d_sub 1400 : OOB 0.1975 : L 16 : T 26.1 sec
 - d_sub 1400 : OOB 0.1952 : L 17 : T 27.2 sec
 - d_sub 1400 : OOB 0.1932 : L 18 : T 28.3 sec
 - d_sub 1400 : OOB 0.1903 : L 19 : T 30.0 sec
 - d_sub 1400 : OOB 0.1910 : L 20 : T 31.4 sec
 - d_sub 1400 : OOB 0.1919 : L 21 : T 32.6 sec
 - d_sub 1400 : OOB 0.1902 : L 22 : T 34.5 sec
 - d_sub 1400 : OOB 0.1896 : L 23 : T 36.9 sec
 - d_sub 1400 : OOB 0.1888 : L 24 : T 37.2 sec
 - d_sub 1400 : OOB 0.1876 : L 25 : T 40.1 sec
 - d_sub 1400 : OOB 0.1871 : L 26 : T 42.8 sec
 - d_sub 1400 : OOB 0.1857 : L 27 : T 43.8 sec
 - d_sub 1400 : OOB 0.1854 : L 28 : T 44.7 sec
 - d_sub 1400 : OOB 0.1837 : L 29 : T 46.4 sec
 - d_sub 1400 : OOB 0.1846 : L 30 : T 48.2 sec
 - d_sub 1400 : OOB 0.1823 : L 31 : T 49.4 sec
 - d_sub 1400 : OOB 0.1829 : L 32 : T 50.7 sec
 - d_sub 1400 : OOB 0.1818 : L 33 : T 52.7 sec
 - d_sub 1400 : OOB 0.1826 : L 34 : T 53.0 sec
 - d_sub 1400 : OOB 0.1824 : L 35 : T 56.2 sec
 - d_sub 1400 : OOB 0.1823 : L 36 : T 56.5 sec
 - d_sub 1400 : OOB 0.1817 : L 37 : T 59.5 sec
 - d_sub 1400 : OOB 0.1790 : L 38 : T 62.8 sec
 - d_sub 1400 : OOB 0.1786 : L 39 : T 64.0 sec
 - d_sub 1400 : OOB 0.1808 : L 40 : T 65.2 sec
 - d_sub 1400 : OOB 0.1786 : L 41 : T 67.5 sec
 - d_sub 1400 : OOB 0.1789 : L 42 : T 69.0 sec
 - d_sub 1400 : OOB 0.1780 : L 43 : T 69.3 sec
 - d_sub 1400 : OOB 0.1788 : L 44 : T 72.3 sec
 - d_sub 1400 : OOB 0.1778 : L 45 : T 75.2 sec
 - d_sub 1400 : OOB 0.1777 : L 46 : T 76.6 sec
 - d_sub 1400 : OOB 0.1773 : L 47 : T 77.8 sec
 - d_sub 1400 : OOB 0.1793 : L 48 : T 79.8 sec
 - d_sub 1400 : OOB 0.1779 : L 49 : T 81.1 sec
 - d_sub 1400 : OOB 0.1780 : L 50 : T 82.2 sec
 - d_sub 1400 : OOB 0.1783 : L 51 : T 84.2 sec
 - d_sub 1400 : OOB 0.1785 : L 52 : T 86.4 sec
 - d_sub 1400 : OOB 0.1773 : L 53 : T 86.7 sec
 - d_sub 1400 : OOB 0.1772 : L 54 : T 89.7 sec
 - d_sub 1400 : OOB 0.1776 : L 55 : T 92.6 sec
 - d_sub 1400 : OOB 0.1766 : L 56 : T 92.9 sec
 - d_sub 1400 : OOB 0.1762 : L 57 : T 94.4 sec
 - d_sub 1400 : OOB 0.1764 : L 58 : T 96.5 sec
 - d_sub 1400 : OOB 0.1757 : L 59 : T 98.0 sec
 - d_sub 1400 : OOB 0.1745 : L 60 : T 100.8 sec
 - d_sub 1400 : OOB 0.1751 : L 61 : T 101.1 sec
 - d_sub 1400 : OOB 0.1759 : L 62 : T 103.8 sec
 - d_sub 1400 : OOB 0.1757 : L 63 : T 105.0 sec
 - d_sub 1400 : OOB 0.1742 : L 64 : T 106.7 sec
 - d_sub 1400 : OOB 0.1739 : L 65 : T 108.9 sec
 - d_sub 1400 : OOB 0.1753 : L 66 : T 110.4 sec
 - d_sub 1400 : OOB 0.1746 : L 67 : T 111.5 sec
 - d_sub 1400 : OOB 0.1768 : L 68 : T 112.9 sec
 - d_sub 1400 : OOB 0.1736 : L 69 : T 113.2 sec
 - d_sub 1400 : OOB 0.1738 : L 70 : T 116.4 sec
 - d_sub 1400 : OOB 0.1744 : L 71 : T 118.9 sec
 - d_sub 1400 : OOB 0.1739 : L 72 : T 119.8 sec
 - d_sub 1400 : OOB 0.1747 : L 73 : T 125.3 sec
 - d_sub 1400 : OOB 0.1736 : L 74 : T 128.2 sec
 - d_sub 1400 : OOB 0.1745 : L 75 : T 130.9 sec
 - d_sub 1400 : OOB 0.1740 : L 76 : T 132.7 sec
 - d_sub 1400 : OOB 0.1740 : L 77 : T 134.6 sec
 - d_sub 1400 : OOB 0.1736 : L 78 : T 136.1 sec
 - d_sub 1400 : OOB 0.1743 : L 79 : T 137.4 sec
 - d_sub 1400 : OOB 0.1736 : L 80 : T 138.8 sec
 - d_sub 1400 : OOB 0.1746 : L 81 : T 140.3 sec
 - d_sub 1400 : OOB 0.1736 : L 82 : T 142.8 sec
 - d_sub 1400 : OOB 0.1732 : L 83 : T 144.3 sec
 - d_sub 1400 : OOB 0.1731 : L 84 : T 146.8 sec
 - d_sub 1400 : OOB 0.1747 : L 85 : T 149.2 sec
 - d_sub 1400 : OOB 0.1750 : L 86 : T 150.5 sec
 - d_sub 1400 : OOB 0.1747 : L 87 : T 150.9 sec
 - d_sub 1400 : OOB 0.1745 : L 88 : T 153.2 sec
 - d_sub 1400 : OOB 0.1752 : L 89 : T 154.6 sec
 - d_sub 1400 : OOB 0.1742 : L 90 : T 157.4 sec

 - d_sub 1600 : OOB 0.4052 : L 1 : T 1.9 sec
 - d_sub 1600 : OOB 0.3417 : L 2 : T 3.7 sec
 - d_sub 1600 : OOB 0.3064 : L 3 : T 5.5 sec
 - d_sub 1600 : OOB 0.2745 : L 4 : T 7.8 sec
 - d_sub 1600 : OOB 0.2539 : L 5 : T 9.7 sec
 - d_sub 1600 : OOB 0.2426 : L 6 : T 10.8 sec
 - d_sub 1600 : OOB 0.2294 : L 7 : T 11.8 sec
 - d_sub 1600 : OOB 0.2216 : L 8 : T 14.4 sec
 - d_sub 1600 : OOB 0.2170 : L 9 : T 14.8 sec
 - d_sub 1600 : OOB 0.2129 : L 10 : T 17.4 sec
 - d_sub 1600 : OOB 0.2119 : L 11 : T 20.6 sec
 - d_sub 1600 : OOB 0.2072 : L 12 : T 21.8 sec
 - d_sub 1600 : OOB 0.2048 : L 13 : T 23.5 sec
 - d_sub 1600 : OOB 0.2047 : L 14 : T 24.7 sec
 - d_sub 1600 : OOB 0.1990 : L 15 : T 28.5 sec
 - d_sub 1600 : OOB 0.1988 : L 16 : T 30.0 sec
 - d_sub 1600 : OOB 0.1952 : L 17 : T 31.8 sec
 - d_sub 1600 : OOB 0.1957 : L 18 : T 34.3 sec
 - d_sub 1600 : OOB 0.1911 : L 19 : T 35.6 sec
 - d_sub 1600 : OOB 0.1920 : L 20 : T 37.8 sec
 - d_sub 1600 : OOB 0.1915 : L 21 : T 39.2 sec
 - d_sub 1600 : OOB 0.1908 : L 22 : T 40.5 sec
 - d_sub 1600 : OOB 0.1905 : L 23 : T 42.6 sec
 - d_sub 1600 : OOB 0.1888 : L 24 : T 44.4 sec
 - d_sub 1600 : OOB 0.1873 : L 25 : T 45.8 sec
 - d_sub 1600 : OOB 0.1858 : L 26 : T 48.1 sec
 - d_sub 1600 : OOB 0.1857 : L 27 : T 50.2 sec
 - d_sub 1600 : OOB 0.1877 : L 28 : T 53.1 sec
 - d_sub 1600 : OOB 0.1877 : L 29 : T 55.2 sec
 - d_sub 1600 : OOB 0.1869 : L 30 : T 58.1 sec
 - d_sub 1600 : OOB 0.1863 : L 31 : T 59.3 sec
 - d_sub 1600 : OOB 0.1853 : L 32 : T 61.5 sec
 - d_sub 1600 : OOB 0.1865 : L 33 : T 63.9 sec
 - d_sub 1600 : OOB 0.1844 : L 34 : T 66.4 sec
 - d_sub 1600 : OOB 0.1848 : L 35 : T 67.5 sec
 - d_sub 1600 : OOB 0.1835 : L 36 : T 69.1 sec
 - d_sub 1600 : OOB 0.1838 : L 37 : T 71.9 sec
 - d_sub 1600 : OOB 0.1830 : L 38 : T 73.7 sec
 - d_sub 1600 : OOB 0.1832 : L 39 : T 75.5 sec
 - d_sub 1600 : OOB 0.1824 : L 40 : T 78.4 sec
 - d_sub 1600 : OOB 0.1816 : L 41 : T 79.7 sec
 - d_sub 1600 : OOB 0.1828 : L 42 : T 81.9 sec
 - d_sub 1600 : OOB 0.1827 : L 43 : T 83.0 sec
 - d_sub 1600 : OOB 0.1825 : L 44 : T 85.0 sec
 - d_sub 1600 : OOB 0.1820 : L 45 : T 88.8 sec
 - d_sub 1600 : OOB 0.1836 : L 46 : T 89.8 sec
 - d_sub 1600 : OOB 0.1817 : L 47 : T 92.1 sec
 - d_sub 1600 : OOB 0.1810 : L 48 : T 93.5 sec
 - d_sub 1600 : OOB 0.1798 : L 49 : T 95.9 sec
 - d_sub 1600 : OOB 0.1802 : L 50 : T 98.5 sec
 - d_sub 1600 : OOB 0.1809 : L 51 : T 99.7 sec
 - d_sub 1600 : OOB 0.1806 : L 52 : T 102.1 sec
 - d_sub 1600 : OOB 0.1795 : L 53 : T 103.0 sec
 - d_sub 1600 : OOB 0.1787 : L 54 : T 104.9 sec
 - d_sub 1600 : OOB 0.1795 : L 55 : T 107.6 sec
 - d_sub 1600 : OOB 0.1796 : L 56 : T 108.8 sec
 - d_sub 1600 : OOB 0.1776 : L 57 : T 111.1 sec
 - d_sub 1600 : OOB 0.1786 : L 58 : T 112.4 sec
 - d_sub 1600 : OOB 0.1795 : L 59 : T 114.4 sec
 - d_sub 1600 : OOB 0.1794 : L 60 : T 116.1 sec
 - d_sub 1600 : OOB 0.1785 : L 61 : T 118.6 sec
 - d_sub 1600 : OOB 0.1793 : L 62 : T 120.7 sec
 - d_sub 1600 : OOB 0.1802 : L 63 : T 122.1 sec
 - d_sub 1600 : OOB 0.1802 : L 64 : T 123.4 sec
 - d_sub 1600 : OOB 0.1797 : L 65 : T 124.9 sec
 - d_sub 1600 : OOB 0.1790 : L 66 : T 127.4 sec
 - d_sub 1600 : OOB 0.1796 : L 67 : T 130.1 sec
 - d_sub 1600 : OOB 0.1792 : L 68 : T 131.2 sec
 - d_sub 1600 : OOB 0.1774 : L 69 : T 133.7 sec
 - d_sub 1600 : OOB 0.1772 : L 70 : T 135.7 sec
 - d_sub 1600 : OOB 0.1768 : L 71 : T 137.1 sec
 - d_sub 1600 : OOB 0.1767 : L 72 : T 138.3 sec
 - d_sub 1600 : OOB 0.1781 : L 73 : T 140.3 sec
 - d_sub 1600 : OOB 0.1773 : L 74 : T 142.5 sec
 - d_sub 1600 : OOB 0.1775 : L 75 : T 143.6 sec
 - d_sub 1600 : OOB 0.1766 : L 76 : T 145.2 sec
 - d_sub 1600 : OOB 0.1768 : L 77 : T 148.3 sec
 - d_sub 1600 : OOB 0.1769 : L 78 : T 150.0 sec
 - d_sub 1600 : OOB 0.1765 : L 79 : T 152.2 sec
 - d_sub 1600 : OOB 0.1770 : L 80 : T 154.4 sec
 - d_sub 1600 : OOB 0.1765 : L 81 : T 156.0 sec
 - d_sub 1600 : OOB 0.1752 : L 82 : T 158.8 sec
 - d_sub 1600 : OOB 0.1743 : L 83 : T 161.0 sec
 - d_sub 1600 : OOB 0.1728 : L 84 : T 163.2 sec
 - d_sub 1600 : OOB 0.1733 : L 85 : T 164.4 sec
 - d_sub 1600 : OOB 0.1735 : L 86 : T 166.3 sec
 - d_sub 1600 : OOB 0.1754 : L 87 : T 169.0 sec
 - d_sub 1600 : OOB 0.1733 : L 88 : T 174.0 sec
 - d_sub 1600 : OOB 0.1733 : L 89 : T 175.5 sec
 - d_sub 1600 : OOB 0.1735 : L 90 : T 178.1 sec
 - d_sub 1600 : OOB 0.1719 : L 91 : T 179.8 sec
 - d_sub 1600 : OOB 0.1731 : L 92 : T 181.2 sec
 - d_sub 1600 : OOB 0.1726 : L 93 : T 184.1 sec
 - d_sub 1600 : OOB 0.1716 : L 94 : T 186.8 sec
 - d_sub 1600 : OOB 0.1722 : L 95 : T 188.2 sec
 - d_sub 1600 : OOB 0.1722 : L 96 : T 192.5 sec
 - d_sub 1600 : OOB 0.1721 : L 97 : T 193.9 sec
 - d_sub 1600 : OOB 0.1731 : L 98 : T 196.6 sec
 - d_sub 1600 : OOB 0.1707 : L 99 : T 197.8 sec
 - d_sub 1600 : OOB 0.1719 : L 100 : T 199.0 sec
 - d_sub 1600 : OOB 0.1722 : L 101 : T 201.9 sec
 - d_sub 1600 : OOB 0.1726 : L 102 : T 203.7 sec
 - d_sub 1600 : OOB 0.1726 : L 103 : T 206.1 sec
 - d_sub 1600 : OOB 0.1717 : L 104 : T 207.4 sec
 - d_sub 1600 : OOB 0.1726 : L 105 : T 209.3 sec
 - d_sub 1600 : OOB 0.1720 : L 106 : T 210.7 sec
 - d_sub 1600 : OOB 0.1717 : L 107 : T 212.8 sec
 - d_sub 1600 : OOB 0.1730 : L 108 : T 214.2 sec
 - d_sub 1600 : OOB 0.1726 : L 109 : T 216.0 sec
 - d_sub 1600 : OOB 0.1732 : L 110 : T 218.0 sec
 - d_sub 1600 : OOB 0.1731 : L 111 : T 219.5 sec
 - d_sub 1600 : OOB 0.1733 : L 112 : T 222.7 sec
 - d_sub 1600 : OOB 0.1729 : L 113 : T 224.2 sec
 - d_sub 1600 : OOB 0.1731 : L 114 : T 226.5 sec
 - d_sub 1600 : OOB 0.1729 : L 115 : T 227.9 sec
 - d_sub 1600 : OOB 0.1730 : L 116 : T 229.3 sec
 - d_sub 1600 : OOB 0.1723 : L 117 : T 232.4 sec
 - d_sub 1600 : OOB 0.1739 : L 118 : T 233.5 sec
 - d_sub 1600 : OOB 0.1723 : L 119 : T 235.6 sec
 - d_sub 1600 : OOB 0.1729 : L 120 : T 238.2 sec
 - d_sub 1600 : OOB 0.1736 : L 121 : T 239.5 sec
 - d_sub 1600 : OOB 0.1748 : L 122 : T 240.8 sec
 - d_sub 1600 : OOB 0.1748 : L 123 : T 242.3 sec
 - d_sub 1600 : OOB 0.1753 : L 124 : T 245.5 sec
# -------------------------
optimal d_sub 1400 : OOB 0.1742 : L 90 : T 675.2 sec
Testing error: 0.1771
# -------------------------
# Ensemble classification
#  - Training samples: 10000 (5000/5000)
#  - Feature-space dimensionality: 18157
#  - L : automatic (min 25, max 500, length 50, eps 0.00500)
#  - d_sub : 300
#  - Seed 1 (subspaces) : 592551328
#  - Seed 2 (bootstrap) : 458691886
# -------------------------

 - d_sub 300 : OOB 0.4070 : L 1 : T 0.0 sec
 - d_sub 300 : OOB 0.3487 : L 2 : T 0.1 sec
 - d_sub 300 : OOB 0.3121 : L 3 : T 0.1 sec
 - d_sub 300 : OOB 0.2870 : L 4 : T 0.2 sec
 - d_sub 300 : OOB 0.2701 : L 5 : T 0.2 sec
 - d_sub 300 : OOB 0.2615 : L 6 : T 0.3 sec
 - d_sub 300 : OOB 0.2564 : L 7 : T 0.3 sec
 - d_sub 300 : OOB 0.2510 : L 8 : T 0.3 sec
 - d_sub 300 : OOB 0.2466 : L 9 : T 0.4 sec
 - d_sub 300 : OOB 0.2406 : L 10 : T 0.4 sec
 - d_sub 300 : OOB 0.2392 : L 11 : T 0.5 sec
 - d_sub 300 : OOB 0.2365 : L 12 : T 0.5 sec
 - d_sub 300 : OOB 0.2332 : L 13 : T 0.6 sec
 - d_sub 300 : OOB 0.2327 : L 14 : T 0.6 sec
 - d_sub 300 : OOB 0.2325 : L 15 : T 0.6 sec
 - d_sub 300 : OOB 0.2266 : L 16 : T 0.7 sec
 - d_sub 300 : OOB 0.2281 : L 17 : T 0.7 sec
 - d_sub 300 : OOB 0.2281 : L 18 : T 0.8 sec
 - d_sub 300 : OOB 0.2269 : L 19 : T 0.8 sec
 - d_sub 300 : OOB 0.2261 : L 20 : T 0.9 sec
 - d_sub 300 : OOB 0.2238 : L 21 : T 2.0 sec
 - d_sub 300 : OOB 0.2229 : L 22 : T 2.0 sec
 - d_sub 300 : OOB 0.2225 : L 23 : T 2.1 sec
 - d_sub 300 : OOB 0.2235 : L 24 : T 2.1 sec
 - d_sub 300 : OOB 0.2228 : L 25 : T 2.2 sec
 - d_sub 300 : OOB 0.2236 : L 26 : T 2.2 sec
 - d_sub 300 : OOB 0.2212 : L 27 : T 2.2 sec
 - d_sub 300 : OOB 0.2200 : L 28 : T 2.3 sec
 - d_sub 300 : OOB 0.2198 : L 29 : T 2.3 sec
 - d_sub 300 : OOB 0.2207 : L 30 : T 2.3 sec
 - d_sub 300 : OOB 0.2192 : L 31 : T 2.4 sec
 - d_sub 300 : OOB 0.2190 : L 32 : T 2.4 sec
 - d_sub 300 : OOB 0.2199 : L 33 : T 2.5 sec
 - d_sub 300 : OOB 0.2206 : L 34 : T 2.5 sec
 - d_sub 300 : OOB 0.2203 : L 35 : T 2.6 sec
 - d_sub 300 : OOB 0.2196 : L 36 : T 2.6 sec
 - d_sub 300 : OOB 0.2181 : L 37 : T 2.6 sec
 - d_sub 300 : OOB 0.2175 : L 38 : T 2.7 sec
 - d_sub 300 : OOB 0.2172 : L 39 : T 2.7 sec
 - d_sub 300 : OOB 0.2175 : L 40 : T 2.8 sec
 - d_sub 300 : OOB 0.2170 : L 41 : T 2.8 sec
 - d_sub 300 : OOB 0.2169 : L 42 : T 2.8 sec
 - d_sub 300 : OOB 0.2153 : L 43 : T 2.9 sec
 - d_sub 300 : OOB 0.2157 : L 44 : T 3.8 sec
 - d_sub 300 : OOB 0.2172 : L 45 : T 3.9 sec
 - d_sub 300 : OOB 0.2168 : L 46 : T 3.9 sec
 - d_sub 300 : OOB 0.2177 : L 47 : T 3.9 sec
 - d_sub 300 : OOB 0.2168 : L 48 : T 4.0 sec
 - d_sub 300 : OOB 0.2176 : L 49 : T 4.0 sec
 - d_sub 300 : OOB 0.2168 : L 50 : T 4.1 sec
 - d_sub 300 : OOB 0.2150 : L 51 : T 4.1 sec
 - d_sub 300 : OOB 0.2154 : L 52 : T 4.1 sec
 - d_sub 300 : OOB 0.2155 : L 53 : T 4.2 sec
 - d_sub 300 : OOB 0.2150 : L 54 : T 4.2 sec
 - d_sub 300 : OOB 0.2148 : L 55 : T 4.3 sec
 - d_sub 300 : OOB 0.2136 : L 56 : T 4.3 sec
 - d_sub 300 : OOB 0.2148 : L 57 : T 4.3 sec
 - d_sub 300 : OOB 0.2153 : L 58 : T 4.4 sec
 - d_sub 300 : OOB 0.2141 : L 59 : T 4.4 sec
 - d_sub 300 : OOB 0.2131 : L 60 : T 4.5 sec
 - d_sub 300 : OOB 0.2142 : L 61 : T 4.5 sec
 - d_sub 300 : OOB 0.2130 : L 62 : T 4.5 sec
 - d_sub 300 : OOB 0.2131 : L 63 : T 4.6 sec
 - d_sub 300 : OOB 0.2131 : L 64 : T 4.6 sec
 - d_sub 300 : OOB 0.2131 : L 65 : T 4.6 sec
 - d_sub 300 : OOB 0.2124 : L 66 : T 4.7 sec
 - d_sub 300 : OOB 0.2130 : L 67 : T 4.7 sec
 - d_sub 300 : OOB 0.2130 : L 68 : T 4.8 sec
 - d_sub 300 : OOB 0.2120 : L 69 : T 4.8 sec
 - d_sub 300 : OOB 0.2122 : L 70 : T 4.8 sec
 - d_sub 300 : OOB 0.2122 : L 71 : T 4.9 sec
 - d_sub 300 : OOB 0.2116 : L 72 : T 4.9 sec
 - d_sub 300 : OOB 0.2107 : L 73 : T 5.0 sec
 - d_sub 300 : OOB 0.2110 : L 74 : T 5.0 sec
 - d_sub 300 : OOB 0.2092 : L 75 : T 5.0 sec
 - d_sub 300 : OOB 0.2082 : L 76 : T 5.9 sec
 - d_sub 300 : OOB 0.2102 : L 77 : T 6.0 sec
 - d_sub 300 : OOB 0.2094 : L 78 : T 6.0 sec
 - d_sub 300 : OOB 0.2094 : L 79 : T 6.0 sec
 - d_sub 300 : OOB 0.2089 : L 80 : T 6.1 sec
 - d_sub 300 : OOB 0.2093 : L 81 : T 6.1 sec
 - d_sub 300 : OOB 0.2090 : L 82 : T 6.1 sec
 - d_sub 300 : OOB 0.2082 : L 83 : T 6.2 sec
 - d_sub 300 : OOB 0.2077 : L 84 : T 6.2 sec
 - d_sub 300 : OOB 0.2069 : L 85 : T 6.3 sec
 - d_sub 300 : OOB 0.2061 : L 86 : T 6.3 sec
 - d_sub 300 : OOB 0.2070 : L 87 : T 6.3 sec
 - d_sub 300 : OOB 0.2069 : L 88 : T 6.4 sec
 - d_sub 300 : OOB 0.2078 : L 89 : T 6.4 sec
 - d_sub 300 : OOB 0.2071 : L 90 : T 6.5 sec
 - d_sub 300 : OOB 0.2080 : L 91 : T 6.5 sec
 - d_sub 300 : OOB 0.2082 : L 92 : T 6.5 sec
 - d_sub 300 : OOB 0.2073 : L 93 : T 6.6 sec
 - d_sub 300 : OOB 0.2065 : L 94 : T 6.6 sec
 - d_sub 300 : OOB 0.2072 : L 95 : T 6.7 sec
 - d_sub 300 : OOB 0.2081 : L 96 : T 6.7 sec
 - d_sub 300 : OOB 0.2087 : L 97 : T 6.7 sec
 - d_sub 300 : OOB 0.2094 : L 98 : T 6.8 sec
 - d_sub 300 : OOB 0.2096 : L 99 : T 6.8 sec
 - d_sub 300 : OOB 0.2090 : L 100 : T 6.9 sec
 - d_sub 300 : OOB 0.2091 : L 101 : T 6.9 sec
 - d_sub 300 : OOB 0.2084 : L 102 : T 6.9 sec
 - d_sub 300 : OOB 0.2086 : L 103 : T 7.0 sec
 - d_sub 300 : OOB 0.2079 : L 104 : T 7.0 sec
 - d_sub 300 : OOB 0.2075 : L 105 : T 7.1 sec
 - d_sub 300 : OOB 0.2069 : L 106 : T 7.1 sec
 - d_sub 300 : OOB 0.2079 : L 107 : T 7.1 sec
 - d_sub 300 : OOB 0.2091 : L 108 : T 8.2 sec
 - d_sub 300 : OOB 0.2071 : L 109 : T 8.2 sec
 - d_sub 300 : OOB 0.2084 : L 110 : T 8.2 sec
 - d_sub 300 : OOB 0.2080 : L 111 : T 8.3 sec
 - d_sub 300 : OOB 0.2075 : L 112 : T 8.3 sec
 - d_sub 300 : OOB 0.2066 : L 113 : T 8.4 sec
 - d_sub 300 : OOB 0.2065 : L 114 : T 8.4 sec
 - d_sub 300 : OOB 0.2066 : L 115 : T 8.4 sec
 - d_sub 300 : OOB 0.2063 : L 116 : T 8.5 sec
 - d_sub 300 : OOB 0.2074 : L 117 : T 8.5 sec
 - d_sub 300 : OOB 0.2073 : L 118 : T 8.6 sec
 - d_sub 300 : OOB 0.2072 : L 119 : T 8.6 sec
# -------------------------
optimal d_sub 300 : OOB 0.2072 : L 119 : T 8.6 sec
# -------------------------
# Ensemble classification
#  - Training samples: 10000 (5000/5000)
#  - Feature-space dimensionality: 18157
#  - L : 30
#  - d_sub : 300
#  - Seed 1 (subspaces) : 785890947
#  - Seed 2 (bootstrap) : 42599023
# -------------------------

 - d_sub 300 : OOB 0.4025 : L 1 : T 0.0 sec
 - d_sub 300 : OOB 0.3433 : L 2 : T 0.1 sec
 - d_sub 300 : OOB 0.3101 : L 3 : T 0.1 sec
 - d_sub 300 : OOB 0.2818 : L 4 : T 0.2 sec
 - d_sub 300 : OOB 0.2671 : L 5 : T 0.2 sec
 - d_sub 300 : OOB 0.2581 : L 6 : T 0.2 sec
 - d_sub 300 : OOB 0.2539 : L 7 : T 0.3 sec
 - d_sub 300 : OOB 0.2441 : L 8 : T 0.3 sec
 - d_sub 300 : OOB 0.2440 : L 9 : T 0.3 sec
 - d_sub 300 : OOB 0.2390 : L 10 : T 0.4 sec
 - d_sub 300 : OOB 0.2378 : L 11 : T 0.4 sec
 - d_sub 300 : OOB 0.2328 : L 12 : T 0.5 sec
 - d_sub 300 : OOB 0.2315 : L 13 : T 0.5 sec
 - d_sub 300 : OOB 0.2315 : L 14 : T 0.5 sec
 - d_sub 300 : OOB 0.2268 : L 15 : T 0.6 sec
 - d_sub 300 : OOB 0.2254 : L 16 : T 0.6 sec
 - d_sub 300 : OOB 0.2262 : L 17 : T 0.7 sec
 - d_sub 300 : OOB 0.2259 : L 18 : T 0.7 sec
 - d_sub 300 : OOB 0.2266 : L 19 : T 0.7 sec
 - d_sub 300 : OOB 0.2254 : L 20 : T 0.8 sec
 - d_sub 300 : OOB 0.2234 : L 21 : T 1.6 sec
 - d_sub 300 : OOB 0.2233 : L 22 : T 1.6 sec
 - d_sub 300 : OOB 0.2253 : L 23 : T 1.7 sec
 - d_sub 300 : OOB 0.2232 : L 24 : T 1.7 sec
 - d_sub 300 : OOB 0.2242 : L 25 : T 1.8 sec
 - d_sub 300 : OOB 0.2233 : L 26 : T 1.8 sec
 - d_sub 300 : OOB 0.2198 : L 27 : T 1.8 sec
 - d_sub 300 : OOB 0.2194 : L 28 : T 1.9 sec
 - d_sub 300 : OOB 0.2186 : L 29 : T 1.9 sec
 - d_sub 300 : OOB 0.2204 : L 30 : T 1.9 sec
# -------------------------
optimal d_sub 300 : OOB 0.2204 : L 30 : T 1.9 sec
# -------------------------
# Ensemble classification
#  - Training samples: 10000 (5000/5000)
#  - Feature-space dimensionality: 18157
#  - L : 30
#  - d_sub : 300
#  - Seed 1 (subspaces) : 344694640
#  - Seed 2 (bootstrap) : 760278247
# -------------------------

 - d_sub 300 : OOB 0.4069 : L 1 : T 0.0 sec
 - d_sub 300 : OOB 0.3458 : L 2 : T 0.1 sec
 - d_sub 300 : OOB 0.3129 : L 3 : T 0.1 sec
 - d_sub 300 : OOB 0.2889 : L 4 : T 0.2 sec
 - d_sub 300 : OOB 0.2698 : L 5 : T 0.2 sec
 - d_sub 300 : OOB 0.2622 : L 6 : T 0.2 sec
 - d_sub 300 : OOB 0.2566 : L 7 : T 0.3 sec
 - d_sub 300 : OOB 0.2480 : L 8 : T 0.3 sec
 - d_sub 300 : OOB 0.2456 : L 9 : T 0.4 sec
 - d_sub 300 : OOB 0.2398 : L 10 : T 0.4 sec
 - d_sub 300 : OOB 0.2356 : L 11 : T 0.4 sec
 - d_sub 300 : OOB 0.2309 : L 12 : T 0.5 sec
 - d_sub 300 : OOB 0.2281 : L 13 : T 0.5 sec
 - d_sub 300 : OOB 0.2306 : L 14 : T 0.6 sec
 - d_sub 300 : OOB 0.2282 : L 15 : T 0.6 sec
 - d_sub 300 : OOB 0.2252 : L 16 : T 0.7 sec
 - d_sub 300 : OOB 0.2269 : L 17 : T 0.7 sec
 - d_sub 300 : OOB 0.2259 : L 18 : T 0.7 sec
 - d_sub 300 : OOB 0.2231 : L 19 : T 0.8 sec
 - d_sub 300 : OOB 0.2229 : L 20 : T 0.8 sec
 - d_sub 300 : OOB 0.2222 : L 21 : T 0.9 sec
 - d_sub 300 : OOB 0.2224 : L 22 : T 0.9 sec
 - d_sub 300 : OOB 0.2189 : L 23 : T 1.9 sec
 - d_sub 300 : OOB 0.2191 : L 24 : T 1.9 sec
 - d_sub 300 : OOB 0.2207 : L 25 : T 2.0 sec
 - d_sub 300 : OOB 0.2188 : L 26 : T 2.0 sec
 - d_sub 300 : OOB 0.2187 : L 27 : T 2.1 sec
 - d_sub 300 : OOB 0.2193 : L 28 : T 2.1 sec
 - d_sub 300 : OOB 0.2190 : L 29 : T 2.1 sec
 - d_sub 300 : OOB 0.2208 : L 30 : T 2.2 sec
# -------------------------
optimal d_sub 300 : OOB 0.2208 : L 30 : T 2.2 sec
# -------------------------
# Ensemble classification
#  - Training samples: 10000 (5000/5000)
#  - Feature-space dimensionality: 18157
#  - L : 30
#  - d_sub : 300
#  - Seed 1 (subspaces) : 554422049
#  - Seed 2 (bootstrap) : 13770467
# -------------------------

 - d_sub 300 : OOB 0.4102 : L 1 : T 0.0 sec
 - d_sub 300 : OOB 0.3514 : L 2 : T 0.1 sec
 - d_sub 300 : OOB 0.3206 : L 3 : T 0.1 sec
 - d_sub 300 : OOB 0.2923 : L 4 : T 0.2 sec
 - d_sub 300 : OOB 0.2761 : L 5 : T 0.2 sec
 - d_sub 300 : OOB 0.2635 : L 6 : T 0.2 sec
 - d_sub 300 : OOB 0.2574 : L 7 : T 0.3 sec
 - d_sub 300 : OOB 0.2535 : L 8 : T 0.3 sec
 - d_sub 300 : OOB 0.2509 : L 9 : T 0.4 sec
 - d_sub 300 : OOB 0.2420 : L 10 : T 0.4 sec
 - d_sub 300 : OOB 0.2400 : L 11 : T 0.4 sec
 - d_sub 300 : OOB 0.2358 : L 12 : T 0.5 sec
 - d_sub 300 : OOB 0.2310 : L 13 : T 0.5 sec
 - d_sub 300 : OOB 0.2321 : L 14 : T 0.6 sec
 - d_sub 300 : OOB 0.2319 : L 15 : T 0.6 sec
 - d_sub 300 : OOB 0.2289 : L 16 : T 0.6 sec
 - d_sub 300 : OOB 0.2273 : L 17 : T 0.7 sec
 - d_sub 300 : OOB 0.2240 : L 18 : T 0.7 sec
 - d_sub 300 : OOB 0.2251 : L 19 : T 0.8 sec
 - d_sub 300 : OOB 0.2231 : L 20 : T 0.8 sec
 - d_sub 300 : OOB 0.2225 : L 21 : T 0.8 sec
 - d_sub 300 : OOB 0.2194 : L 22 : T 0.9 sec
 - d_sub 300 : OOB 0.2226 : L 23 : T 0.9 sec
 - d_sub 300 : OOB 0.2221 : L 24 : T 2.1 sec
 - d_sub 300 : OOB 0.2193 : L 25 : T 2.1 sec
 - d_sub 300 : OOB 0.2202 : L 26 : T 2.2 sec
 - d_sub 300 : OOB 0.2201 : L 27 : T 2.2 sec
 - d_sub 300 : OOB 0.2193 : L 28 : T 2.2 sec
 - d_sub 300 : OOB 0.2221 : L 29 : T 2.3 sec
 - d_sub 300 : OOB 0.2192 : L 30 : T 2.3 sec
# -------------------------
optimal d_sub 300 : OOB 0.2192 : L 30 : T 2.3 sec
# -------------------------
# Ensemble classification
#  - Training samples: 10000 (5000/5000)
#  - Feature-space dimensionality: 18157
#  - L : 30
#  - d_sub : 300
#  - Seed 1 (subspaces) : 80285618
#  - Seed 2 (bootstrap) : 385183574
# -------------------------

 - d_sub 300 : OOB 0.4096 : L 1 : T 0.0 sec
 - d_sub 300 : OOB 0.3518 : L 2 : T 0.1 sec
 - d_sub 300 : OOB 0.3180 : L 3 : T 0.1 sec
 - d_sub 300 : OOB 0.2905 : L 4 : T 0.2 sec
 - d_sub 300 : OOB 0.2677 : L 5 : T 0.2 sec
 - d_sub 300 : OOB 0.2601 : L 6 : T 0.2 sec
 - d_sub 300 : OOB 0.2554 : L 7 : T 0.3 sec
 - d_sub 300 : OOB 0.2460 : L 8 : T 0.3 sec
 - d_sub 300 : OOB 0.2426 : L 9 : T 0.4 sec
 - d_sub 300 : OOB 0.2396 : L 10 : T 0.4 sec
 - d_sub 300 : OOB 0.2341 : L 11 : T 0.5 sec
 - d_sub 300 : OOB 0.2328 : L 12 : T 0.5 sec
 - d_sub 300 : OOB 0.2315 : L 13 : T 0.5 sec
 - d_sub 300 : OOB 0.2313 : L 14 : T 0.6 sec
 - d_sub 300 : OOB 0.2283 : L 15 : T 0.6 sec
 - d_sub 300 : OOB 0.2279 : L 16 : T 0.7 sec
 - d_sub 300 : OOB 0.2287 : L 17 : T 0.7 sec
 - d_sub 300 : OOB 0.2266 : L 18 : T 0.7 sec
 - d_sub 300 : OOB 0.2233 : L 19 : T 0.8 sec
 - d_sub 300 : OOB 0.2217 : L 20 : T 0.8 sec
 - d_sub 300 : OOB 0.2224 : L 21 : T 0.9 sec
 - d_sub 300 : OOB 0.2212 : L 22 : T 0.9 sec
 - d_sub 300 : OOB 0.2230 : L 23 : T 1.0 sec
 - d_sub 300 : OOB 0.2217 : L 24 : T 1.0 sec
 - d_sub 300 : OOB 0.2241 : L 25 : T 1.0 sec
 - d_sub 300 : OOB 0.2231 : L 26 : T 1.9 sec
 - d_sub 300 : OOB 0.2226 : L 27 : T 2.0 sec
 - d_sub 300 : OOB 0.2207 : L 28 : T 2.0 sec
 - d_sub 300 : OOB 0.2201 : L 29 : T 2.1 sec
 - d_sub 300 : OOB 0.2193 : L 30 : T 2.1 sec
# -------------------------
optimal d_sub 300 : OOB 0.2193 : L 30 : T 2.1 sec
# -------------------------
# Ensemble classification
#  - Training samples: 10000 (5000/5000)
#  - Feature-space dimensionality: 18157
#  - L : 30
#  - d_sub : 300
#  - Seed 1 (subspaces) : 928962572
#  - Seed 2 (bootstrap) : 680140779
# -------------------------

 - d_sub 300 : OOB 0.4050 : L 1 : T 0.0 sec
 - d_sub 300 : OOB 0.3486 : L 2 : T 0.1 sec
 - d_sub 300 : OOB 0.3190 : L 3 : T 0.1 sec
 - d_sub 300 : OOB 0.2897 : L 4 : T 0.2 sec
 - d_sub 300 : OOB 0.2709 : L 5 : T 0.2 sec
 - d_sub 300 : OOB 0.2626 : L 6 : T 0.2 sec
 - d_sub 300 : OOB 0.2554 : L 7 : T 0.3 sec
 - d_sub 300 : OOB 0.2507 : L 8 : T 0.3 sec
 - d_sub 300 : OOB 0.2479 : L 9 : T 0.4 sec
 - d_sub 300 : OOB 0.2383 : L 10 : T 0.4 sec
 - d_sub 300 : OOB 0.2394 : L 11 : T 0.4 sec
 - d_sub 300 : OOB 0.2387 : L 12 : T 0.5 sec
 - d_sub 300 : OOB 0.2347 : L 13 : T 0.5 sec
 - d_sub 300 : OOB 0.2284 : L 14 : T 0.6 sec
 - d_sub 300 : OOB 0.2279 : L 15 : T 0.6 sec
 - d_sub 300 : OOB 0.2280 : L 16 : T 0.6 sec
 - d_sub 300 : OOB 0.2264 : L 17 : T 0.7 sec
 - d_sub 300 : OOB 0.2259 : L 18 : T 0.7 sec
 - d_sub 300 : OOB 0.2246 : L 19 : T 0.8 sec
 - d_sub 300 : OOB 0.2235 : L 20 : T 0.8 sec
 - d_sub 300 : OOB 0.2229 : L 21 : T 0.8 sec
 - d_sub 300 : OOB 0.2206 : L 22 : T 0.9 sec
 - d_sub 300 : OOB 0.2204 : L 23 : T 0.9 sec
 - d_sub 300 : OOB 0.2203 : L 24 : T 1.0 sec
 - d_sub 300 : OOB 0.2204 : L 25 : T 1.0 sec
 - d_sub 300 : OOB 0.2195 : L 26 : T 1.0 sec
 - d_sub 300 : OOB 0.2203 : L 27 : T 1.1 sec
 - d_sub 300 : OOB 0.2209 : L 28 : T 2.0 sec
 - d_sub 300 : OOB 0.2208 : L 29 : T 2.0 sec
 - d_sub 300 : OOB 0.2223 : L 30 : T 2.0 sec
# -------------------------
optimal d_sub 300 : OOB 0.2223 : L 30 : T 2.0 sec
# -------------------------
# Ensemble classification
#  - Training samples: 10000 (5000/5000)
#  - Feature-space dimensionality: 18157
#  - L : 30
#  - d_sub : 300
#  - Seed 1 (subspaces) : 664682968
#  - Seed 2 (bootstrap) : 531164987
# -------------------------

 - d_sub 300 : OOB 0.4088 : L 1 : T 0.0 sec
 - d_sub 300 : OOB 0.3471 : L 2 : T 0.1 sec
 - d_sub 300 : OOB 0.3161 : L 3 : T 0.1 sec
 - d_sub 300 : OOB 0.2880 : L 4 : T 0.1 sec
 - d_sub 300 : OOB 0.2710 : L 5 : T 0.2 sec
 - d_sub 300 : OOB 0.2625 : L 6 : T 0.2 sec
 - d_sub 300 : OOB 0.2576 : L 7 : T 0.3 sec
 - d_sub 300 : OOB 0.2513 : L 8 : T 0.3 sec
 - d_sub 300 : OOB 0.2463 : L 9 : T 0.4 sec
 - d_sub 300 : OOB 0.2367 : L 10 : T 0.4 sec
 - d_sub 300 : OOB 0.2360 : L 11 : T 0.4 sec
 - d_sub 300 : OOB 0.2358 : L 12 : T 0.5 sec
 - d_sub 300 : OOB 0.2329 : L 13 : T 0.5 sec
 - d_sub 300 : OOB 0.2262 : L 14 : T 0.6 sec
 - d_sub 300 : OOB 0.2232 : L 15 : T 0.6 sec
 - d_sub 300 : OOB 0.2219 : L 16 : T 0.6 sec
 - d_sub 300 : OOB 0.2225 : L 17 : T 0.7 sec
 - d_sub 300 : OOB 0.2232 : L 18 : T 0.7 sec
 - d_sub 300 : OOB 0.2257 : L 19 : T 0.8 sec
 - d_sub 300 : OOB 0.2227 : L 20 : T 0.8 sec
 - d_sub 300 : OOB 0.2235 : L 21 : T 0.8 sec
 - d_sub 300 : OOB 0.2185 : L 22 : T 0.9 sec
 - d_sub 300 : OOB 0.2179 : L 23 : T 0.9 sec
 - d_sub 300 : OOB 0.2183 : L 24 : T 1.0 sec
 - d_sub 300 : OOB 0.2153 : L 25 : T 1.0 sec
 - d_sub 300 : OOB 0.2159 : L 26 : T 1.0 sec
 - d_sub 300 : OOB 0.2155 : L 27 : T 1.1 sec
 - d_sub 300 : OOB 0.2147 : L 28 : T 1.1 sec
 - d_sub 300 : OOB 0.2154 : L 29 : T 1.2 sec
 - d_sub 300 : OOB 0.2150 : L 30 : T 2.3 sec
# -------------------------
optimal d_sub 300 : OOB 0.2150 : L 30 : T 2.3 sec
# -------------------------
# Ensemble classification
#  - Training samples: 10000 (5000/5000)
#  - Feature-space dimensionality: 18157
#  - L : 30
#  - d_sub : 300
#  - Seed 1 (subspaces) : 249102194
#  - Seed 2 (bootstrap) : 659908559
# -------------------------

 - d_sub 300 : OOB 0.4025 : L 1 : T 0.0 sec
 - d_sub 300 : OOB 0.3471 : L 2 : T 0.1 sec
 - d_sub 300 : OOB 0.3159 : L 3 : T 0.1 sec
 - d_sub 300 : OOB 0.2891 : L 4 : T 0.2 sec
 - d_sub 300 : OOB 0.2681 : L 5 : T 0.2 sec
 - d_sub 300 : OOB 0.2582 : L 6 : T 0.3 sec
 - d_sub 300 : OOB 0.2520 : L 7 : T 0.3 sec
 - d_sub 300 : OOB 0.2474 : L 8 : T 0.3 sec
 - d_sub 300 : OOB 0.2452 : L 9 : T 0.4 sec
 - d_sub 300 : OOB 0.2394 : L 10 : T 0.4 sec
 - d_sub 300 : OOB 0.2370 : L 11 : T 0.5 sec
 - d_sub 300 : OOB 0.2325 : L 12 : T 0.5 sec
 - d_sub 300 : OOB 0.2309 : L 13 : T 0.6 sec
 - d_sub 300 : OOB 0.2302 : L 14 : T 1.5 sec
 - d_sub 300 : OOB 0.2288 : L 15 : T 1.5 sec
 - d_sub 300 : OOB 0.2267 : L 16 : T 1.6 sec
 - d_sub 300 : OOB 0.2260 : L 17 : T 1.6 sec
 - d_sub 300 : OOB 0.2239 : L 18 : T 1.7 sec
 - d_sub 300 : OOB 0.2248 : L 19 : T 1.7 sec
 - d_sub 300 : OOB 0.2227 : L 20 : T 1.8 sec
 - d_sub 300 : OOB 0.2216 : L 21 : T 1.8 sec
 - d_sub 300 : OOB 0.2200 : L 22 : T 1.9 sec
 - d_sub 300 : OOB 0.2212 : L 23 : T 1.9 sec
 - d_sub 300 : OOB 0.2196 : L 24 : T 1.9 sec
 - d_sub 300 : OOB 0.2189 : L 25 : T 2.0 sec
 - d_sub 300 : OOB 0.2188 : L 26 : T 2.0 sec
 - d_sub 300 : OOB 0.2197 : L 27 : T 2.1 sec
 - d_sub 300 : OOB 0.2203 : L 28 : T 2.1 sec
 - d_sub 300 : OOB 0.2217 : L 29 : T 2.2 sec
 - d_sub 300 : OOB 0.2212 : L 30 : T 2.2 sec
# -------------------------
optimal d_sub 300 : OOB 0.2212 : L 30 : T 2.2 sec
# -------------------------
# Ensemble classification
#  - Training samples: 10000 (5000/5000)
#  - Feature-space dimensionality: 18157
#  - L : 30
#  - d_sub : 300
#  - Seed 1 (subspaces) : 794252132
#  - Seed 2 (bootstrap) : 908238202
# -------------------------

 - d_sub 300 : OOB 0.4109 : L 1 : T 0.0 sec
 - d_sub 300 : OOB 0.3524 : L 2 : T 0.1 sec
 - d_sub 300 : OOB 0.3180 : L 3 : T 0.1 sec
 - d_sub 300 : OOB 0.2885 : L 4 : T 0.2 sec
 - d_sub 300 : OOB 0.2706 : L 5 : T 0.2 sec
 - d_sub 300 : OOB 0.2620 : L 6 : T 0.3 sec
 - d_sub 300 : OOB 0.2507 : L 7 : T 0.3 sec
 - d_sub 300 : OOB 0.2422 : L 8 : T 0.4 sec
 - d_sub 300 : OOB 0.2404 : L 9 : T 0.4 sec
 - d_sub 300 : OOB 0.2346 : L 10 : T 0.4 sec
 - d_sub 300 : OOB 0.2341 : L 11 : T 0.5 sec
 - d_sub 300 : OOB 0.2292 : L 12 : T 0.5 sec
 - d_sub 300 : OOB 0.2315 : L 13 : T 0.6 sec
 - d_sub 300 : OOB 0.2310 : L 14 : T 0.6 sec
 - d_sub 300 : OOB 0.2270 : L 15 : T 0.7 sec
 - d_sub 300 : OOB 0.2268 : L 16 : T 0.7 sec
 - d_sub 300 : OOB 0.2267 : L 17 : T 0.7 sec
 - d_sub 300 : OOB 0.2283 : L 18 : T 0.8 sec
 - d_sub 300 : OOB 0.2258 : L 19 : T 1.8 sec
 - d_sub 300 : OOB 0.2252 : L 20 : T 1.8 sec
 - d_sub 300 : OOB 0.2216 : L 21 : T 1.8 sec
 - d_sub 300 : OOB 0.2224 : L 22 : T 1.9 sec
 - d_sub 300 : OOB 0.2221 : L 23 : T 1.9 sec
 - d_sub 300 : OOB 0.2212 : L 24 : T 2.0 sec
 - d_sub 300 : OOB 0.2199 : L 25 : T 2.0 sec
 - d_sub 300 : OOB 0.2182 : L 26 : T 2.1 sec
 - d_sub 300 : OOB 0.2187 : L 27 : T 2.1 sec
 - d_sub 300 : OOB 0.2174 : L 28 : T 2.1 sec
 - d_sub 300 : OOB 0.2181 : L 29 : T 2.2 sec
 - d_sub 300 : OOB 0.2183 : L 30 : T 2.2 sec
# -------------------------
optimal d_sub 300 : OOB 0.2183 : L 30 : T 2.2 sec
# -------------------------
# Ensemble classification
#  - Training samples: 10000 (5000/5000)
#  - Feature-space dimensionality: 18157
#  - L : 30
#  - d_sub : 300
#  - Seed 1 (subspaces) : 322504608
#  - Seed 2 (bootstrap) : 659692050
# -------------------------

 - d_sub 300 : OOB 0.4083 : L 1 : T 0.0 sec
 - d_sub 300 : OOB 0.3497 : L 2 : T 0.1 sec
 - d_sub 300 : OOB 0.3220 : L 3 : T 0.1 sec
 - d_sub 300 : OOB 0.2923 : L 4 : T 0.2 sec
 - d_sub 300 : OOB 0.2722 : L 5 : T 0.2 sec
 - d_sub 300 : OOB 0.2596 : L 6 : T 0.3 sec
 - d_sub 300 : OOB 0.2528 : L 7 : T 0.3 sec
 - d_sub 300 : OOB 0.2467 : L 8 : T 0.4 sec
 - d_sub 300 : OOB 0.2441 : L 9 : T 0.4 sec
 - d_sub 300 : OOB 0.2378 : L 10 : T 0.4 sec
 - d_sub 300 : OOB 0.2367 : L 11 : T 0.5 sec
 - d_sub 300 : OOB 0.2372 : L 12 : T 0.5 sec
 - d_sub 300 : OOB 0.2356 : L 13 : T 0.6 sec
 - d_sub 300 : OOB 0.2320 : L 14 : T 0.6 sec
 - d_sub 300 : OOB 0.2339 : L 15 : T 0.7 sec
 - d_sub 300 : OOB 0.2332 : L 16 : T 0.7 sec
 - d_sub 300 : OOB 0.2323 : L 17 : T 0.7 sec
 - d_sub 300 : OOB 0.2293 : L 18 : T 0.8 sec
 - d_sub 300 : OOB 0.2305 : L 19 : T 0.8 sec
 - d_sub 300 : OOB 0.2250 : L 20 : T 0.9 sec
 - d_sub 300 : OOB 0.2254 : L 21 : T 2.0 sec
 - d_sub 300 : OOB 0.2224 : L 22 : T 2.1 sec
 - d_sub 300 : OOB 0.2223 : L 23 : T 2.1 sec
 - d_sub 300 : OOB 0.2223 : L 24 : T 2.2 sec
 - d_sub 300 : OOB 0.2192 : L 25 : T 2.2 sec
 - d_sub 300 : OOB 0.2192 : L 26 : T 2.3 sec
 - d_sub 300 : OOB 0.2181 : L 27 : T 2.3 sec
 - d_sub 300 : OOB 0.2172 : L 28 : T 2.4 sec
 - d_sub 300 : OOB 0.2165 : L 29 : T 2.4 sec
 - d_sub 300 : OOB 0.2155 : L 30 : T 2.5 sec
# -------------------------
optimal d_sub 300 : OOB 0.2155 : L 30 : T 2.5 sec
# -------------------------
# Ensemble classification
#  - Training samples: 10000 (5000/5000)
#  - Feature-space dimensionality: 18157
#  - L : 30
#  - d_sub : 300
#  - Seed 1 (subspaces) : 339033478
#  - Seed 2 (bootstrap) : 148484136
# -------------------------

 - d_sub 300 : OOB 0.4001 : L 1 : T 0.0 sec
 - d_sub 300 : OOB 0.3428 : L 2 : T 0.1 sec
 - d_sub 300 : OOB 0.3105 : L 3 : T 0.1 sec
 - d_sub 300 : OOB 0.2845 : L 4 : T 0.2 sec
 - d_sub 300 : OOB 0.2625 : L 5 : T 0.2 sec
 - d_sub 300 : OOB 0.2545 : L 6 : T 0.3 sec
 - d_sub 300 : OOB 0.2501 : L 7 : T 0.3 sec
 - d_sub 300 : OOB 0.2437 : L 8 : T 0.4 sec
 - d_sub 300 : OOB 0.2438 : L 9 : T 0.4 sec
 - d_sub 300 : OOB 0.2367 : L 10 : T 0.5 sec
 - d_sub 300 : OOB 0.2356 : L 11 : T 0.5 sec
 - d_sub 300 : OOB 0.2308 : L 12 : T 0.6 sec
 - d_sub 300 : OOB 0.2256 : L 13 : T 0.6 sec
 - d_sub 300 : OOB 0.2270 : L 14 : T 0.7 sec
 - d_sub 300 : OOB 0.2260 : L 15 : T 0.7 sec
 - d_sub 300 : OOB 0.2212 : L 16 : T 0.8 sec
 - d_sub 300 : OOB 0.2226 : L 17 : T 0.8 sec
 - d_sub 300 : OOB 0.2218 : L 18 : T 0.8 sec
 - d_sub 300 : OOB 0.2214 : L 19 : T 0.9 sec
 - d_sub 300 : OOB 0.2217 : L 20 : T 0.9 sec
 - d_sub 300 : OOB 0.2201 : L 21 : T 1.0 sec
 - d_sub 300 : OOB 0.2191 : L 22 : T 1.0 sec
 - d_sub 300 : OOB 0.2198 : L 23 : T 2.5 sec
 - d_sub 300 : OOB 0.2176 : L 24 : T 2.5 sec
 - d_sub 300 : OOB 0.2170 : L 25 : T 2.6 sec
 - d_sub 300 : OOB 0.2167 : L 26 : T 2.6 sec
 - d_sub 300 : OOB 0.2159 : L 27 : T 2.7 sec
 - d_sub 300 : OOB 0.2170 : L 28 : T 2.7 sec
 - d_sub 300 : OOB 0.2180 : L 29 : T 2.7 sec
 - d_sub 300 : OOB 0.2168 : L 30 : T 2.8 sec
# -------------------------
optimal d_sub 300 : OOB 0.2168 : L 30 : T 2.8 sec
# -------------------------
# Ensemble classification
#  - Training samples: 10000 (5000/5000)
#  - Feature-space dimensionality: 18157
#  - L : 30
#  - d_sub : 300
#  - Seed 1 (subspaces) : 279236863
#  - Seed 2 (bootstrap) : 108747329
# -------------------------

 - d_sub 300 : OOB 0.4088 : L 1 : T 0.0 sec
 - d_sub 300 : OOB 0.3530 : L 2 : T 0.1 sec
 - d_sub 300 : OOB 0.3218 : L 3 : T 0.1 sec
 - d_sub 300 : OOB 0.2916 : L 4 : T 0.2 sec
 - d_sub 300 : OOB 0.2719 : L 5 : T 0.2 sec
 - d_sub 300 : OOB 0.2626 : L 6 : T 0.3 sec
 - d_sub 300 : OOB 0.2530 : L 7 : T 0.3 sec
 - d_sub 300 : OOB 0.2500 : L 8 : T 0.3 sec
 - d_sub 300 : OOB 0.2451 : L 9 : T 0.4 sec
 - d_sub 300 : OOB 0.2378 : L 10 : T 0.4 sec
 - d_sub 300 : OOB 0.2374 : L 11 : T 0.5 sec
 - d_sub 300 : OOB 0.2355 : L 12 : T 0.5 sec
 - d_sub 300 : OOB 0.2339 : L 13 : T 0.6 sec
 - d_sub 300 : OOB 0.2307 : L 14 : T 0.6 sec
 - d_sub 300 : OOB 0.2269 : L 15 : T 0.7 sec
 - d_sub 300 : OOB 0.2303 : L 16 : T 0.7 sec
 - d_sub 300 : OOB 0.2285 : L 17 : T 0.7 sec
 - d_sub 300 : OOB 0.2286 : L 18 : T 0.8 sec
 - d_sub 300 : OOB 0.2249 : L 19 : T 0.8 sec
 - d_sub 300 : OOB 0.2264 : L 20 : T 0.9 sec
 - d_sub 300 : OOB 0.2244 : L 21 : T 0.9 sec
 - d_sub 300 : OOB 0.2253 : L 22 : T 1.0 sec
 - d_sub 300 : OOB 0.2270 : L 23 : T 1.0 sec
 - d_sub 300 : OOB 0.2239 : L 24 : T 1.1 sec
 - d_sub 300 : OOB 0.2225 : L 25 : T 1.9 sec
 - d_sub 300 : OOB 0.2216 : L 26 : T 2.0 sec
 - d_sub 300 : OOB 0.2218 : L 27 : T 2.0 sec
 - d_sub 300 : OOB 0.2214 : L 28 : T 2.0 sec
 - d_sub 300 : OOB 0.2208 : L 29 : T 2.1 sec
 - d_sub 300 : OOB 0.2213 : L 30 : T 2.1 sec
# -------------------------
optimal d_sub 300 : OOB 0.2213 : L 30 : T 2.1 sec
# -------------------------
Average OOB error = 0.21897 (+/- 0.00254)
# -------------------------
# Ensemble classification
#  - Training samples: 10000 (5000/5000)
#  - Feature-space dimensionality: 18157
#  - L : 30
#  - d_sub : 300
#  - Seed 1 (subspaces) : 5
#  - Seed 2 (bootstrap) : 73
# -------------------------

 - d_sub 300 : OOB 0.4037 : L 1 : T 0.0 sec
 - d_sub 300 : OOB 0.3525 : L 2 : T 0.1 sec
 - d_sub 300 : OOB 0.3211 : L 3 : T 0.1 sec
 - d_sub 300 : OOB 0.2955 : L 4 : T 0.2 sec
 - d_sub 300 : OOB 0.2727 : L 5 : T 0.2 sec
 - d_sub 300 : OOB 0.2624 : L 6 : T 0.2 sec
 - d_sub 300 : OOB 0.2590 : L 7 : T 0.3 sec
 - d_sub 300 : OOB 0.2552 : L 8 : T 1.2 sec
 - d_sub 300 : OOB 0.2490 : L 9 : T 1.3 sec
 - d_sub 300 : OOB 0.2403 : L 10 : T 1.3 sec
 - d_sub 300 : OOB 0.2383 : L 11 : T 1.4 sec
 - d_sub 300 : OOB 0.2387 : L 12 : T 1.4 sec
 - d_sub 300 : OOB 0.2370 : L 13 : T 1.4 sec
 - d_sub 300 : OOB 0.2308 : L 14 : T 1.5 sec
 - d_sub 300 : OOB 0.2309 : L 15 : T 1.5 sec
 - d_sub 300 : OOB 0.2298 : L 16 : T 1.6 sec
 - d_sub 300 : OOB 0.2294 : L 17 : T 1.6 sec
 - d_sub 300 : OOB 0.2266 : L 18 : T 1.6 sec
 - d_sub 300 : OOB 0.2281 : L 19 : T 1.7 sec
 - d_sub 300 : OOB 0.2223 : L 20 : T 1.7 sec
 - d_sub 300 : OOB 0.2230 : L 21 : T 1.8 sec
 - d_sub 300 : OOB 0.2216 : L 22 : T 1.8 sec
 - d_sub 300 : OOB 0.2233 : L 23 : T 1.8 sec
 - d_sub 300 : OOB 0.2237 : L 24 : T 1.9 sec
 - d_sub 300 : OOB 0.2210 : L 25 : T 1.9 sec
 - d_sub 300 : OOB 0.2212 : L 26 : T 2.0 sec
 - d_sub 300 : OOB 0.2208 : L 27 : T 2.0 sec
 - d_sub 300 : OOB 0.2207 : L 28 : T 2.1 sec
 - d_sub 300 : OOB 0.2193 : L 29 : T 2.1 sec
 - d_sub 300 : OOB 0.2180 : L 30 : T 2.1 sec
# -------------------------
optimal d_sub 300 : OOB 0.2180 : L 30 : T 2.1 sec
OOB error = 0.2205
optimal d_sub 300 : OOB 0.2217 : L 30 : T 2.0 sec
optimal d_sub 300 : OOB 0.2112 : L 90 : T 6.6 sec
Testing error 1: 0.2131
optimal d_sub 300 : OOB 0.2165 : L 84 : T 5.7 sec
Testing error 2: 0.2083
optimal d_sub 300 : OOB 0.2161 : L 93 : T 7.2 sec
Testing error 3: 0.2048
optimal d_sub 300 : OOB 0.2106 : L 103 : T 4.7 sec
Testing error 4: 0.2108
optimal d_sub 300 : OOB 0.2121 : L 79 : T 5.9 sec
Testing error 5: 0.2039
optimal d_sub 300 : OOB 0.2151 : L 94 : T 7.9 sec
Testing error 6: 0.2099
optimal d_sub 300 : OOB 0.2152 : L 91 : T 6.5 sec
Testing error 7: 0.2058
optimal d_sub 300 : OOB 0.2175 : L 88 : T 6.7 sec
Testing error 8: 0.2059
optimal d_sub 300 : OOB 0.2158 : L 93 : T 3.8 sec
Testing error 9: 0.2095
optimal d_sub 300 : OOB 0.2195 : L 95 : T 6.7 sec
Testing error 10: 0.2066
---
Average testing error over 10 splits: 0.2079 (+/- 0.0029)
