# -------------------------
# Ensemble classification
#  - Training samples: 10000 (5000/5000)
#  - Feature-space dimensionality: 24157
#  - L : automatic (min 25, max 500, length 50, eps 0.00500)
#  - d_sub : automatic (Eoob tolerance 0.0200, step 200)
#  - Seed 1 (subspaces) : 187520808
#  - Seed 2 (bootstrap) : 979878690
# -------------------------

 - d_sub 200 : OOB 0.4879 : L 1 : T 1.4 sec
 - d_sub 200 : OOB 0.4830 : L 2 : T 1.5 sec
 - d_sub 200 : OOB 0.4827 : L 3 : T 1.5 sec
 - d_sub 200 : OOB 0.4857 : L 4 : T 1.6 sec
 - d_sub 200 : OOB 0.4782 : L 5 : T 1.6 sec
 - d_sub 200 : OOB 0.4776 : L 6 : T 1.7 sec
 - d_sub 200 : OOB 0.4806 : L 7 : T 1.7 sec
 - d_sub 200 : OOB 0.4809 : L 8 : T 1.7 sec
 - d_sub 200 : OOB 0.4787 : L 9 : T 1.8 sec
 - d_sub 200 : OOB 0.4804 : L 10 : T 1.8 sec
 - d_sub 200 : OOB 0.4758 : L 11 : T 1.9 sec
 - d_sub 200 : OOB 0.4744 : L 12 : T 1.9 sec
 - d_sub 200 : OOB 0.4775 : L 13 : T 1.9 sec
 - d_sub 200 : OOB 0.4747 : L 14 : T 2.0 sec
 - d_sub 200 : OOB 0.4756 : L 15 : T 2.0 sec
 - d_sub 200 : OOB 0.4748 : L 16 : T 2.1 sec
 - d_sub 200 : OOB 0.4756 : L 17 : T 2.1 sec
 - d_sub 200 : OOB 0.4725 : L 18 : T 2.2 sec
 - d_sub 200 : OOB 0.4730 : L 19 : T 2.2 sec
 - d_sub 200 : OOB 0.4754 : L 20 : T 2.2 sec
 - d_sub 200 : OOB 0.4729 : L 21 : T 2.3 sec
 - d_sub 200 : OOB 0.4731 : L 22 : T 2.3 sec
 - d_sub 200 : OOB 0.4711 : L 23 : T 2.4 sec
 - d_sub 200 : OOB 0.4719 : L 24 : T 2.4 sec
 - d_sub 200 : OOB 0.4701 : L 25 : T 2.7 sec
 - d_sub 200 : OOB 0.4727 : L 26 : T 2.8 sec
 - d_sub 200 : OOB 0.4739 : L 27 : T 2.9 sec
 - d_sub 200 : OOB 0.4713 : L 28 : T 2.9 sec
 - d_sub 200 : OOB 0.4693 : L 29 : T 3.0 sec
 - d_sub 200 : OOB 0.4731 : L 30 : T 3.0 sec
 - d_sub 200 : OOB 0.4716 : L 31 : T 3.1 sec
 - d_sub 200 : OOB 0.4713 : L 32 : T 3.1 sec
 - d_sub 200 : OOB 0.4696 : L 33 : T 3.1 sec
 - d_sub 200 : OOB 0.4704 : L 34 : T 3.2 sec
 - d_sub 200 : OOB 0.4720 : L 35 : T 3.2 sec
 - d_sub 200 : OOB 0.4703 : L 36 : T 3.3 sec
 - d_sub 200 : OOB 0.4690 : L 37 : T 3.3 sec
 - d_sub 200 : OOB 0.4705 : L 38 : T 3.4 sec
 - d_sub 200 : OOB 0.4696 : L 39 : T 3.4 sec
 - d_sub 200 : OOB 0.4701 : L 40 : T 3.4 sec
 - d_sub 200 : OOB 0.4686 : L 41 : T 3.5 sec
 - d_sub 200 : OOB 0.4684 : L 42 : T 3.5 sec
 - d_sub 200 : OOB 0.4682 : L 43 : T 3.6 sec
 - d_sub 200 : OOB 0.4672 : L 44 : T 3.6 sec
 - d_sub 200 : OOB 0.4694 : L 45 : T 3.7 sec
 - d_sub 200 : OOB 0.4698 : L 46 : T 3.7 sec
 - d_sub 200 : OOB 0.4678 : L 47 : T 3.7 sec
 - d_sub 200 : OOB 0.4683 : L 48 : T 3.8 sec
 - d_sub 200 : OOB 0.4665 : L 49 : T 3.8 sec
 - d_sub 200 : OOB 0.4679 : L 50 : T 3.8 sec
 - d_sub 200 : OOB 0.4690 : L 51 : T 3.9 sec
 - d_sub 200 : OOB 0.4698 : L 52 : T 3.9 sec
 - d_sub 200 : OOB 0.4670 : L 53 : T 4.0 sec
 - d_sub 200 : OOB 0.4666 : L 54 : T 4.0 sec
 - d_sub 200 : OOB 0.4671 : L 55 : T 4.0 sec
 - d_sub 200 : OOB 0.4678 : L 56 : T 4.1 sec
 - d_sub 200 : OOB 0.4661 : L 57 : T 4.1 sec
 - d_sub 200 : OOB 0.4656 : L 58 : T 4.1 sec
 - d_sub 200 : OOB 0.4684 : L 59 : T 4.2 sec
 - d_sub 200 : OOB 0.4662 : L 60 : T 4.2 sec
 - d_sub 200 : OOB 0.4689 : L 61 : T 4.3 sec
 - d_sub 200 : OOB 0.4684 : L 62 : T 4.3 sec
 - d_sub 200 : OOB 0.4685 : L 63 : T 4.3 sec
 - d_sub 200 : OOB 0.4691 : L 64 : T 4.4 sec
 - d_sub 200 : OOB 0.4686 : L 65 : T 4.4 sec
 - d_sub 200 : OOB 0.4681 : L 66 : T 4.4 sec
 - d_sub 200 : OOB 0.4693 : L 67 : T 4.5 sec
 - d_sub 200 : OOB 0.4679 : L 68 : T 4.5 sec
 - d_sub 200 : OOB 0.4657 : L 69 : T 4.6 sec
 - d_sub 200 : OOB 0.4689 : L 70 : T 4.6 sec
 - d_sub 200 : OOB 0.4680 : L 71 : T 4.6 sec
 - d_sub 200 : OOB 0.4685 : L 72 : T 4.7 sec
 - d_sub 200 : OOB 0.4698 : L 73 : T 4.7 sec
 - d_sub 200 : OOB 0.4688 : L 74 : T 4.7 sec
 - d_sub 200 : OOB 0.4710 : L 75 : T 4.8 sec
 - d_sub 200 : OOB 0.4711 : L 76 : T 4.8 sec
 - d_sub 200 : OOB 0.4722 : L 77 : T 4.9 sec

 - d_sub 400 : OOB 0.4859 : L 1 : T 0.1 sec
 - d_sub 400 : OOB 0.4785 : L 2 : T 0.8 sec
 - d_sub 400 : OOB 0.4766 : L 3 : T 1.5 sec
 - d_sub 400 : OOB 0.4772 : L 4 : T 1.6 sec
 - d_sub 400 : OOB 0.4679 : L 5 : T 1.6 sec
 - d_sub 400 : OOB 0.4698 : L 6 : T 1.7 sec
 - d_sub 400 : OOB 0.4719 : L 7 : T 1.8 sec
 - d_sub 400 : OOB 0.4682 : L 8 : T 1.9 sec
 - d_sub 400 : OOB 0.4652 : L 9 : T 1.9 sec
 - d_sub 400 : OOB 0.4653 : L 10 : T 2.0 sec
 - d_sub 400 : OOB 0.4653 : L 11 : T 2.1 sec
 - d_sub 400 : OOB 0.4637 : L 12 : T 2.2 sec
 - d_sub 400 : OOB 0.4593 : L 13 : T 3.2 sec
 - d_sub 400 : OOB 0.4614 : L 14 : T 4.1 sec
 - d_sub 400 : OOB 0.4604 : L 15 : T 4.2 sec
 - d_sub 400 : OOB 0.4623 : L 16 : T 4.2 sec
 - d_sub 400 : OOB 0.4595 : L 17 : T 4.3 sec
 - d_sub 400 : OOB 0.4623 : L 18 : T 4.4 sec
 - d_sub 400 : OOB 0.4614 : L 19 : T 4.5 sec
 - d_sub 400 : OOB 0.4599 : L 20 : T 4.5 sec
 - d_sub 400 : OOB 0.4604 : L 21 : T 4.6 sec
 - d_sub 400 : OOB 0.4583 : L 22 : T 4.7 sec
 - d_sub 400 : OOB 0.4609 : L 23 : T 5.7 sec
 - d_sub 400 : OOB 0.4580 : L 24 : T 5.7 sec
 - d_sub 400 : OOB 0.4604 : L 25 : T 6.7 sec
 - d_sub 400 : OOB 0.4590 : L 26 : T 6.7 sec
 - d_sub 400 : OOB 0.4585 : L 27 : T 7.6 sec
 - d_sub 400 : OOB 0.4573 : L 28 : T 7.7 sec
 - d_sub 400 : OOB 0.4571 : L 29 : T 7.8 sec
 - d_sub 400 : OOB 0.4578 : L 30 : T 7.8 sec
 - d_sub 400 : OOB 0.4596 : L 31 : T 7.9 sec
 - d_sub 400 : OOB 0.4570 : L 32 : T 8.0 sec
 - d_sub 400 : OOB 0.4576 : L 33 : T 8.1 sec
 - d_sub 400 : OOB 0.4618 : L 34 : T 8.8 sec
 - d_sub 400 : OOB 0.4606 : L 35 : T 8.9 sec
 - d_sub 400 : OOB 0.4614 : L 36 : T 9.0 sec
 - d_sub 400 : OOB 0.4602 : L 37 : T 9.1 sec
 - d_sub 400 : OOB 0.4591 : L 38 : T 9.8 sec
 - d_sub 400 : OOB 0.4563 : L 39 : T 9.9 sec
 - d_sub 400 : OOB 0.4595 : L 40 : T 9.9 sec
 - d_sub 400 : OOB 0.4597 : L 41 : T 10.0 sec
 - d_sub 400 : OOB 0.4573 : L 42 : T 11.3 sec
 - d_sub 400 : OOB 0.4599 : L 43 : T 11.3 sec
 - d_sub 400 : OOB 0.4576 : L 44 : T 11.4 sec
 - d_sub 400 : OOB 0.4600 : L 45 : T 11.5 sec
 - d_sub 400 : OOB 0.4607 : L 46 : T 11.6 sec
 - d_sub 400 : OOB 0.4575 : L 47 : T 12.6 sec
 - d_sub 400 : OOB 0.4592 : L 48 : T 13.4 sec
 - d_sub 400 : OOB 0.4592 : L 49 : T 13.5 sec
 - d_sub 400 : OOB 0.4587 : L 50 : T 13.6 sec
 - d_sub 400 : OOB 0.4588 : L 51 : T 13.6 sec
 - d_sub 400 : OOB 0.4591 : L 52 : T 13.7 sec
 - d_sub 400 : OOB 0.4583 : L 53 : T 13.8 sec
 - d_sub 400 : OOB 0.4572 : L 54 : T 13.9 sec
 - d_sub 400 : OOB 0.4575 : L 55 : T 13.9 sec
 - d_sub 400 : OOB 0.4586 : L 56 : T 14.9 sec
 - d_sub 400 : OOB 0.4580 : L 57 : T 15.6 sec
 - d_sub 400 : OOB 0.4579 : L 58 : T 15.7 sec
 - d_sub 400 : OOB 0.4583 : L 59 : T 15.8 sec
 - d_sub 400 : OOB 0.4593 : L 60 : T 15.8 sec

 - d_sub 600 : OOB 0.4879 : L 1 : T 1.3 sec
 - d_sub 600 : OOB 0.4734 : L 2 : T 1.4 sec
 - d_sub 600 : OOB 0.4745 : L 3 : T 1.5 sec
 - d_sub 600 : OOB 0.4755 : L 4 : T 2.6 sec
 - d_sub 600 : OOB 0.4663 : L 5 : T 3.1 sec
 - d_sub 600 : OOB 0.4628 : L 6 : T 3.2 sec
 - d_sub 600 : OOB 0.4646 : L 7 : T 3.4 sec
 - d_sub 600 : OOB 0.4638 : L 8 : T 3.5 sec
 - d_sub 600 : OOB 0.4614 : L 9 : T 5.4 sec
 - d_sub 600 : OOB 0.4601 : L 10 : T 6.2 sec
 - d_sub 600 : OOB 0.4586 : L 11 : T 6.3 sec
 - d_sub 600 : OOB 0.4630 : L 12 : T 6.5 sec
 - d_sub 600 : OOB 0.4586 : L 13 : T 7.4 sec
 - d_sub 600 : OOB 0.4600 : L 14 : T 8.3 sec
 - d_sub 600 : OOB 0.4592 : L 15 : T 9.3 sec
 - d_sub 600 : OOB 0.4549 : L 16 : T 9.5 sec
 - d_sub 600 : OOB 0.4572 : L 17 : T 9.6 sec
 - d_sub 600 : OOB 0.4558 : L 18 : T 9.7 sec
 - d_sub 600 : OOB 0.4563 : L 19 : T 11.2 sec
 - d_sub 600 : OOB 0.4564 : L 20 : T 11.3 sec
 - d_sub 600 : OOB 0.4598 : L 21 : T 11.4 sec
 - d_sub 600 : OOB 0.4566 : L 22 : T 11.6 sec
 - d_sub 600 : OOB 0.4547 : L 23 : T 12.2 sec
 - d_sub 600 : OOB 0.4530 : L 24 : T 12.3 sec
 - d_sub 600 : OOB 0.4546 : L 25 : T 13.1 sec
 - d_sub 600 : OOB 0.4536 : L 26 : T 13.2 sec
 - d_sub 600 : OOB 0.4517 : L 27 : T 13.4 sec
 - d_sub 600 : OOB 0.4509 : L 28 : T 14.2 sec
 - d_sub 600 : OOB 0.4525 : L 29 : T 14.3 sec
 - d_sub 600 : OOB 0.4497 : L 30 : T 14.5 sec
 - d_sub 600 : OOB 0.4496 : L 31 : T 15.4 sec
 - d_sub 600 : OOB 0.4538 : L 32 : T 15.5 sec
 - d_sub 600 : OOB 0.4519 : L 33 : T 15.7 sec
 - d_sub 600 : OOB 0.4512 : L 34 : T 17.8 sec
 - d_sub 600 : OOB 0.4516 : L 35 : T 17.9 sec
 - d_sub 600 : OOB 0.4522 : L 36 : T 18.0 sec
 - d_sub 600 : OOB 0.4521 : L 37 : T 18.1 sec
 - d_sub 600 : OOB 0.4521 : L 38 : T 19.0 sec
 - d_sub 600 : OOB 0.4535 : L 39 : T 19.1 sec
 - d_sub 600 : OOB 0.4517 : L 40 : T 19.2 sec
 - d_sub 600 : OOB 0.4548 : L 41 : T 19.3 sec
 - d_sub 600 : OOB 0.4522 : L 42 : T 21.2 sec
 - d_sub 600 : OOB 0.4525 : L 43 : T 21.3 sec
 - d_sub 600 : OOB 0.4532 : L 44 : T 21.4 sec
 - d_sub 600 : OOB 0.4517 : L 45 : T 21.5 sec
 - d_sub 600 : OOB 0.4503 : L 46 : T 22.3 sec
 - d_sub 600 : OOB 0.4549 : L 47 : T 22.4 sec
 - d_sub 600 : OOB 0.4525 : L 48 : T 23.4 sec
 - d_sub 600 : OOB 0.4502 : L 49 : T 23.6 sec
 - d_sub 600 : OOB 0.4519 : L 50 : T 24.6 sec
 - d_sub 600 : OOB 0.4524 : L 51 : T 24.7 sec
 - d_sub 600 : OOB 0.4515 : L 52 : T 24.9 sec
 - d_sub 600 : OOB 0.4529 : L 53 : T 25.0 sec
 - d_sub 600 : OOB 0.4528 : L 54 : T 26.7 sec
 - d_sub 600 : OOB 0.4518 : L 55 : T 26.8 sec
 - d_sub 600 : OOB 0.4499 : L 56 : T 26.9 sec
 - d_sub 600 : OOB 0.4495 : L 57 : T 27.0 sec
 - d_sub 600 : OOB 0.4516 : L 58 : T 27.1 sec
 - d_sub 600 : OOB 0.4503 : L 59 : T 28.3 sec
 - d_sub 600 : OOB 0.4486 : L 60 : T 28.4 sec
 - d_sub 600 : OOB 0.4492 : L 61 : T 28.5 sec
 - d_sub 600 : OOB 0.4506 : L 62 : T 28.6 sec
 - d_sub 600 : OOB 0.4511 : L 63 : T 28.8 sec
 - d_sub 600 : OOB 0.4509 : L 64 : T 29.3 sec
 - d_sub 600 : OOB 0.4497 : L 65 : T 29.4 sec
 - d_sub 600 : OOB 0.4499 : L 66 : T 30.3 sec
 - d_sub 600 : OOB 0.4487 : L 67 : T 31.0 sec
 - d_sub 600 : OOB 0.4509 : L 68 : T 31.1 sec
 - d_sub 600 : OOB 0.4499 : L 69 : T 31.3 sec
 - d_sub 600 : OOB 0.4482 : L 70 : T 31.4 sec
 - d_sub 600 : OOB 0.4492 : L 71 : T 32.0 sec
 - d_sub 600 : OOB 0.4504 : L 72 : T 32.1 sec

 - d_sub 800 : OOB 0.4867 : L 1 : T 1.0 sec
 - d_sub 800 : OOB 0.4742 : L 2 : T 1.8 sec
 - d_sub 800 : OOB 0.4722 : L 3 : T 2.0 sec
 - d_sub 800 : OOB 0.4726 : L 4 : T 2.2 sec
 - d_sub 800 : OOB 0.4646 : L 5 : T 3.8 sec
 - d_sub 800 : OOB 0.4649 : L 6 : T 4.4 sec
 - d_sub 800 : OOB 0.4673 : L 7 : T 4.6 sec
 - d_sub 800 : OOB 0.4632 : L 8 : T 5.8 sec
 - d_sub 800 : OOB 0.4607 : L 9 : T 5.9 sec
 - d_sub 800 : OOB 0.4592 : L 10 : T 6.1 sec
 - d_sub 800 : OOB 0.4588 : L 11 : T 7.8 sec
 - d_sub 800 : OOB 0.4601 : L 12 : T 9.1 sec
 - d_sub 800 : OOB 0.4540 : L 13 : T 9.3 sec
 - d_sub 800 : OOB 0.4552 : L 14 : T 9.5 sec
 - d_sub 800 : OOB 0.4565 : L 15 : T 11.4 sec
 - d_sub 800 : OOB 0.4559 : L 16 : T 11.6 sec
 - d_sub 800 : OOB 0.4564 : L 17 : T 11.8 sec
 - d_sub 800 : OOB 0.4538 : L 18 : T 12.0 sec
 - d_sub 800 : OOB 0.4537 : L 19 : T 13.6 sec
 - d_sub 800 : OOB 0.4534 : L 20 : T 14.6 sec
 - d_sub 800 : OOB 0.4537 : L 21 : T 14.7 sec
 - d_sub 800 : OOB 0.4518 : L 22 : T 14.9 sec
 - d_sub 800 : OOB 0.4500 : L 23 : T 16.0 sec
 - d_sub 800 : OOB 0.4516 : L 24 : T 16.2 sec
 - d_sub 800 : OOB 0.4500 : L 25 : T 16.4 sec
 - d_sub 800 : OOB 0.4504 : L 26 : T 16.6 sec
 - d_sub 800 : OOB 0.4506 : L 27 : T 18.1 sec
 - d_sub 800 : OOB 0.4515 : L 28 : T 18.2 sec
 - d_sub 800 : OOB 0.4490 : L 29 : T 18.4 sec
 - d_sub 800 : OOB 0.4466 : L 30 : T 18.6 sec
 - d_sub 800 : OOB 0.4467 : L 31 : T 20.3 sec
 - d_sub 800 : OOB 0.4488 : L 32 : T 20.5 sec
 - d_sub 800 : OOB 0.4462 : L 33 : T 20.7 sec
 - d_sub 800 : OOB 0.4474 : L 34 : T 22.4 sec
 - d_sub 800 : OOB 0.4474 : L 35 : T 22.6 sec
 - d_sub 800 : OOB 0.4477 : L 36 : T 22.8 sec
 - d_sub 800 : OOB 0.4462 : L 37 : T 23.0 sec
 - d_sub 800 : OOB 0.4481 : L 38 : T 24.0 sec
 - d_sub 800 : OOB 0.4480 : L 39 : T 25.0 sec
 - d_sub 800 : OOB 0.4457 : L 40 : T 25.7 sec
 - d_sub 800 : OOB 0.4486 : L 41 : T 25.9 sec
 - d_sub 800 : OOB 0.4477 : L 42 : T 26.8 sec
 - d_sub 800 : OOB 0.4458 : L 43 : T 27.0 sec
 - d_sub 800 : OOB 0.4461 : L 44 : T 27.2 sec
 - d_sub 800 : OOB 0.4455 : L 45 : T 28.3 sec
 - d_sub 800 : OOB 0.4451 : L 46 : T 28.5 sec
 - d_sub 800 : OOB 0.4483 : L 47 : T 28.7 sec
 - d_sub 800 : OOB 0.4452 : L 48 : T 28.9 sec
 - d_sub 800 : OOB 0.4480 : L 49 : T 29.9 sec
 - d_sub 800 : OOB 0.4482 : L 50 : T 30.1 sec
 - d_sub 800 : OOB 0.4476 : L 51 : T 30.2 sec
 - d_sub 800 : OOB 0.4484 : L 52 : T 30.4 sec
 - d_sub 800 : OOB 0.4483 : L 53 : T 32.3 sec
 - d_sub 800 : OOB 0.4464 : L 54 : T 33.3 sec
 - d_sub 800 : OOB 0.4467 : L 55 : T 33.5 sec
 - d_sub 800 : OOB 0.4467 : L 56 : T 33.6 sec
 - d_sub 800 : OOB 0.4476 : L 57 : T 35.6 sec
 - d_sub 800 : OOB 0.4459 : L 58 : T 35.8 sec
 - d_sub 800 : OOB 0.4447 : L 59 : T 36.0 sec
 - d_sub 800 : OOB 0.4467 : L 60 : T 36.2 sec
 - d_sub 800 : OOB 0.4467 : L 61 : T 38.2 sec
 - d_sub 800 : OOB 0.4468 : L 62 : T 38.4 sec
 - d_sub 800 : OOB 0.4470 : L 63 : T 38.6 sec
 - d_sub 800 : OOB 0.4459 : L 64 : T 38.8 sec
 - d_sub 800 : OOB 0.4463 : L 65 : T 39.9 sec
 - d_sub 800 : OOB 0.4454 : L 66 : T 40.9 sec
 - d_sub 800 : OOB 0.4482 : L 67 : T 41.1 sec
 - d_sub 800 : OOB 0.4451 : L 68 : T 42.1 sec
 - d_sub 800 : OOB 0.4449 : L 69 : T 43.1 sec
 - d_sub 800 : OOB 0.4455 : L 70 : T 43.2 sec
 - d_sub 800 : OOB 0.4447 : L 71 : T 43.4 sec
 - d_sub 800 : OOB 0.4467 : L 72 : T 44.0 sec
 - d_sub 800 : OOB 0.4457 : L 73 : T 44.1 sec
 - d_sub 800 : OOB 0.4435 : L 74 : T 45.1 sec
 - d_sub 800 : OOB 0.4452 : L 75 : T 45.9 sec

 - d_sub 1000 : OOB 0.4871 : L 1 : T 0.9 sec
 - d_sub 1000 : OOB 0.4736 : L 2 : T 1.2 sec
 - d_sub 1000 : OOB 0.4698 : L 3 : T 2.8 sec
 - d_sub 1000 : OOB 0.4722 : L 4 : T 3.0 sec
 - d_sub 1000 : OOB 0.4635 : L 5 : T 3.3 sec
 - d_sub 1000 : OOB 0.4595 : L 6 : T 4.8 sec
 - d_sub 1000 : OOB 0.4614 : L 7 : T 5.0 sec
 - d_sub 1000 : OOB 0.4598 : L 8 : T 7.0 sec
 - d_sub 1000 : OOB 0.4544 : L 9 : T 7.8 sec
 - d_sub 1000 : OOB 0.4539 : L 10 : T 8.0 sec
 - d_sub 1000 : OOB 0.4495 : L 11 : T 9.4 sec
 - d_sub 1000 : OOB 0.4511 : L 12 : T 9.6 sec
 - d_sub 1000 : OOB 0.4535 : L 13 : T 10.6 sec
 - d_sub 1000 : OOB 0.4492 : L 14 : T 10.8 sec
 - d_sub 1000 : OOB 0.4530 : L 15 : T 12.2 sec
 - d_sub 1000 : OOB 0.4483 : L 16 : T 12.4 sec
 - d_sub 1000 : OOB 0.4510 : L 17 : T 13.4 sec
 - d_sub 1000 : OOB 0.4480 : L 18 : T 14.1 sec
 - d_sub 1000 : OOB 0.4473 : L 19 : T 14.3 sec
 - d_sub 1000 : OOB 0.4500 : L 20 : T 15.4 sec
 - d_sub 1000 : OOB 0.4513 : L 21 : T 15.6 sec
 - d_sub 1000 : OOB 0.4474 : L 22 : T 16.4 sec
 - d_sub 1000 : OOB 0.4482 : L 23 : T 16.6 sec
 - d_sub 1000 : OOB 0.4486 : L 24 : T 18.1 sec
 - d_sub 1000 : OOB 0.4504 : L 25 : T 20.5 sec
 - d_sub 1000 : OOB 0.4492 : L 26 : T 20.7 sec
 - d_sub 1000 : OOB 0.4477 : L 27 : T 21.0 sec
 - d_sub 1000 : OOB 0.4472 : L 28 : T 21.8 sec
 - d_sub 1000 : OOB 0.4487 : L 29 : T 23.8 sec
 - d_sub 1000 : OOB 0.4478 : L 30 : T 24.1 sec
 - d_sub 1000 : OOB 0.4478 : L 31 : T 25.3 sec
 - d_sub 1000 : OOB 0.4497 : L 32 : T 25.5 sec
 - d_sub 1000 : OOB 0.4487 : L 33 : T 27.2 sec
 - d_sub 1000 : OOB 0.4478 : L 34 : T 27.5 sec
 - d_sub 1000 : OOB 0.4489 : L 35 : T 27.8 sec
 - d_sub 1000 : OOB 0.4495 : L 36 : T 29.6 sec
 - d_sub 1000 : OOB 0.4472 : L 37 : T 30.7 sec
 - d_sub 1000 : OOB 0.4507 : L 38 : T 32.1 sec
 - d_sub 1000 : OOB 0.4511 : L 39 : T 32.4 sec
 - d_sub 1000 : OOB 0.4520 : L 40 : T 33.6 sec
 - d_sub 1000 : OOB 0.4509 : L 41 : T 34.6 sec
 - d_sub 1000 : OOB 0.4520 : L 42 : T 35.7 sec
 - d_sub 1000 : OOB 0.4528 : L 43 : T 37.1 sec
 - d_sub 1000 : OOB 0.4491 : L 44 : T 37.3 sec
 - d_sub 1000 : OOB 0.4471 : L 45 : T 38.3 sec
 - d_sub 1000 : OOB 0.4492 : L 46 : T 38.5 sec
 - d_sub 1000 : OOB 0.4491 : L 47 : T 40.5 sec
 - d_sub 1000 : OOB 0.4495 : L 48 : T 40.8 sec
 - d_sub 1000 : OOB 0.4524 : L 49 : T 42.0 sec
 - d_sub 1000 : OOB 0.4494 : L 50 : T 42.2 sec
 - d_sub 1000 : OOB 0.4519 : L 51 : T 43.3 sec
 - d_sub 1000 : OOB 0.4507 : L 52 : T 43.5 sec
 - d_sub 1000 : OOB 0.4487 : L 53 : T 44.5 sec
 - d_sub 1000 : OOB 0.4493 : L 54 : T 44.8 sec
 - d_sub 1000 : OOB 0.4482 : L 55 : T 45.4 sec
 - d_sub 1000 : OOB 0.4481 : L 56 : T 47.2 sec
 - d_sub 1000 : OOB 0.4465 : L 57 : T 47.5 sec
 - d_sub 1000 : OOB 0.4472 : L 58 : T 49.2 sec

 - d_sub 1200 : OOB 0.4847 : L 1 : T 0.4 sec
 - d_sub 1200 : OOB 0.4718 : L 2 : T 2.3 sec
 - d_sub 1200 : OOB 0.4681 : L 3 : T 5.0 sec
 - d_sub 1200 : OOB 0.4687 : L 4 : T 6.0 sec
 - d_sub 1200 : OOB 0.4603 : L 5 : T 6.3 sec
 - d_sub 1200 : OOB 0.4590 : L 6 : T 7.0 sec
 - d_sub 1200 : OOB 0.4611 : L 7 : T 8.2 sec
 - d_sub 1200 : OOB 0.4614 : L 8 : T 8.5 sec
 - d_sub 1200 : OOB 0.4557 : L 9 : T 9.5 sec
 - d_sub 1200 : OOB 0.4582 : L 10 : T 9.7 sec
 - d_sub 1200 : OOB 0.4514 : L 11 : T 10.0 sec
 - d_sub 1200 : OOB 0.4559 : L 12 : T 11.0 sec
 - d_sub 1200 : OOB 0.4590 : L 13 : T 11.3 sec
 - d_sub 1200 : OOB 0.4546 : L 14 : T 11.5 sec
 - d_sub 1200 : OOB 0.4548 : L 15 : T 13.2 sec
 - d_sub 1200 : OOB 0.4509 : L 16 : T 13.4 sec
 - d_sub 1200 : OOB 0.4548 : L 17 : T 13.7 sec
 - d_sub 1200 : OOB 0.4547 : L 18 : T 14.0 sec
 - d_sub 1200 : OOB 0.4535 : L 19 : T 14.8 sec
 - d_sub 1200 : OOB 0.4539 : L 20 : T 15.1 sec
 - d_sub 1200 : OOB 0.4550 : L 21 : T 15.3 sec
 - d_sub 1200 : OOB 0.4509 : L 22 : T 16.6 sec
 - d_sub 1200 : OOB 0.4503 : L 23 : T 17.3 sec
 - d_sub 1200 : OOB 0.4499 : L 24 : T 17.6 sec
 - d_sub 1200 : OOB 0.4511 : L 25 : T 18.8 sec
 - d_sub 1200 : OOB 0.4497 : L 26 : T 19.9 sec
 - d_sub 1200 : OOB 0.4468 : L 27 : T 20.2 sec
 - d_sub 1200 : OOB 0.4479 : L 28 : T 21.9 sec
 - d_sub 1200 : OOB 0.4501 : L 29 : T 22.2 sec
 - d_sub 1200 : OOB 0.4461 : L 30 : T 22.4 sec
 - d_sub 1200 : OOB 0.4460 : L 31 : T 22.7 sec
 - d_sub 1200 : OOB 0.4476 : L 32 : T 23.0 sec
 - d_sub 1200 : OOB 0.4460 : L 33 : T 23.2 sec
 - d_sub 1200 : OOB 0.4436 : L 34 : T 23.5 sec
 - d_sub 1200 : OOB 0.4440 : L 35 : T 23.7 sec
 - d_sub 1200 : OOB 0.4427 : L 36 : T 24.0 sec
 - d_sub 1200 : OOB 0.4455 : L 37 : T 24.3 sec
 - d_sub 1200 : OOB 0.4429 : L 38 : T 24.5 sec
 - d_sub 1200 : OOB 0.4432 : L 39 : T 24.8 sec
 - d_sub 1200 : OOB 0.4459 : L 40 : T 25.1 sec
 - d_sub 1200 : OOB 0.4460 : L 41 : T 25.3 sec
 - d_sub 1200 : OOB 0.4420 : L 42 : T 25.6 sec
 - d_sub 1200 : OOB 0.4448 : L 43 : T 25.8 sec
 - d_sub 1200 : OOB 0.4452 : L 44 : T 26.1 sec
 - d_sub 1200 : OOB 0.4474 : L 45 : T 26.3 sec
 - d_sub 1200 : OOB 0.4451 : L 46 : T 26.6 sec
 - d_sub 1200 : OOB 0.4443 : L 47 : T 26.9 sec
 - d_sub 1200 : OOB 0.4456 : L 48 : T 27.1 sec
 - d_sub 1200 : OOB 0.4423 : L 49 : T 27.4 sec
 - d_sub 1200 : OOB 0.4430 : L 50 : T 27.6 sec
 - d_sub 1200 : OOB 0.4428 : L 51 : T 27.9 sec
 - d_sub 1200 : OOB 0.4438 : L 52 : T 28.2 sec
 - d_sub 1200 : OOB 0.4461 : L 53 : T 28.4 sec
 - d_sub 1200 : OOB 0.4452 : L 54 : T 28.7 sec
 - d_sub 1200 : OOB 0.4457 : L 55 : T 28.9 sec
 - d_sub 1200 : OOB 0.4444 : L 56 : T 29.2 sec
 - d_sub 1200 : OOB 0.4441 : L 57 : T 29.5 sec
 - d_sub 1200 : OOB 0.4439 : L 58 : T 29.7 sec
 - d_sub 1200 : OOB 0.4452 : L 59 : T 30.0 sec
 - d_sub 1200 : OOB 0.4445 : L 60 : T 30.3 sec
 - d_sub 1200 : OOB 0.4432 : L 61 : T 30.5 sec
 - d_sub 1200 : OOB 0.4450 : L 62 : T 30.8 sec
 - d_sub 1200 : OOB 0.4425 : L 63 : T 31.0 sec
 - d_sub 1200 : OOB 0.4440 : L 64 : T 31.3 sec
 - d_sub 1200 : OOB 0.4413 : L 65 : T 31.5 sec
 - d_sub 1200 : OOB 0.4423 : L 66 : T 31.8 sec
 - d_sub 1200 : OOB 0.4425 : L 67 : T 32.1 sec
 - d_sub 1200 : OOB 0.4412 : L 68 : T 32.3 sec
 - d_sub 1200 : OOB 0.4420 : L 69 : T 32.6 sec
 - d_sub 1200 : OOB 0.4433 : L 70 : T 32.9 sec
 - d_sub 1200 : OOB 0.4423 : L 71 : T 33.2 sec
 - d_sub 1200 : OOB 0.4435 : L 72 : T 33.5 sec
 - d_sub 1200 : OOB 0.4427 : L 73 : T 33.9 sec
 - d_sub 1200 : OOB 0.4425 : L 74 : T 34.2 sec
 - d_sub 1200 : OOB 0.4414 : L 75 : T 34.5 sec
 - d_sub 1200 : OOB 0.4411 : L 76 : T 34.9 sec
 - d_sub 1200 : OOB 0.4420 : L 77 : T 35.2 sec
 - d_sub 1200 : OOB 0.4415 : L 78 : T 35.5 sec
 - d_sub 1200 : OOB 0.4416 : L 79 : T 35.9 sec

 - d_sub 1400 : OOB 0.4853 : L 1 : T 0.4 sec
 - d_sub 1400 : OOB 0.4732 : L 2 : T 0.9 sec
 - d_sub 1400 : OOB 0.4708 : L 3 : T 1.3 sec
 - d_sub 1400 : OOB 0.4727 : L 4 : T 2.7 sec
 - d_sub 1400 : OOB 0.4641 : L 5 : T 3.2 sec
 - d_sub 1400 : OOB 0.4606 : L 6 : T 3.6 sec
 - d_sub 1400 : OOB 0.4610 : L 7 : T 4.0 sec
 - d_sub 1400 : OOB 0.4616 : L 8 : T 5.5 sec
 - d_sub 1400 : OOB 0.4554 : L 9 : T 5.8 sec
 - d_sub 1400 : OOB 0.4554 : L 10 : T 6.2 sec
 - d_sub 1400 : OOB 0.4500 : L 11 : T 7.2 sec
 - d_sub 1400 : OOB 0.4531 : L 12 : T 7.6 sec
 - d_sub 1400 : OOB 0.4554 : L 13 : T 8.7 sec
 - d_sub 1400 : OOB 0.4520 : L 14 : T 9.1 sec
 - d_sub 1400 : OOB 0.4516 : L 15 : T 9.4 sec
 - d_sub 1400 : OOB 0.4512 : L 16 : T 10.4 sec
 - d_sub 1400 : OOB 0.4500 : L 17 : T 11.5 sec
 - d_sub 1400 : OOB 0.4496 : L 18 : T 11.9 sec
 - d_sub 1400 : OOB 0.4514 : L 19 : T 12.3 sec
 - d_sub 1400 : OOB 0.4537 : L 20 : T 12.6 sec
 - d_sub 1400 : OOB 0.4499 : L 21 : T 13.0 sec
 - d_sub 1400 : OOB 0.4515 : L 22 : T 14.5 sec
 - d_sub 1400 : OOB 0.4480 : L 23 : T 14.9 sec
 - d_sub 1400 : OOB 0.4468 : L 24 : T 15.3 sec
 - d_sub 1400 : OOB 0.4490 : L 25 : T 15.7 sec
 - d_sub 1400 : OOB 0.4451 : L 26 : T 16.1 sec
 - d_sub 1400 : OOB 0.4476 : L 27 : T 17.5 sec
 - d_sub 1400 : OOB 0.4466 : L 28 : T 17.9 sec
 - d_sub 1400 : OOB 0.4520 : L 29 : T 20.0 sec
 - d_sub 1400 : OOB 0.4447 : L 30 : T 20.4 sec
 - d_sub 1400 : OOB 0.4450 : L 31 : T 20.8 sec
 - d_sub 1400 : OOB 0.4444 : L 32 : T 21.2 sec
 - d_sub 1400 : OOB 0.4432 : L 33 : T 22.5 sec
 - d_sub 1400 : OOB 0.4437 : L 34 : T 22.8 sec
 - d_sub 1400 : OOB 0.4433 : L 35 : T 23.2 sec
 - d_sub 1400 : OOB 0.4469 : L 36 : T 24.5 sec
 - d_sub 1400 : OOB 0.4435 : L 37 : T 24.9 sec
 - d_sub 1400 : OOB 0.4427 : L 38 : T 25.2 sec
 - d_sub 1400 : OOB 0.4424 : L 39 : T 25.6 sec
 - d_sub 1400 : OOB 0.4436 : L 40 : T 25.9 sec
 - d_sub 1400 : OOB 0.4401 : L 41 : T 26.7 sec
 - d_sub 1400 : OOB 0.4417 : L 42 : T 28.0 sec
 - d_sub 1400 : OOB 0.4397 : L 43 : T 28.3 sec
 - d_sub 1400 : OOB 0.4437 : L 44 : T 28.7 sec
 - d_sub 1400 : OOB 0.4428 : L 45 : T 29.8 sec
 - d_sub 1400 : OOB 0.4427 : L 46 : T 30.1 sec
 - d_sub 1400 : OOB 0.4419 : L 47 : T 30.5 sec
 - d_sub 1400 : OOB 0.4426 : L 48 : T 30.8 sec
 - d_sub 1400 : OOB 0.4430 : L 49 : T 31.8 sec
 - d_sub 1400 : OOB 0.4429 : L 50 : T 33.0 sec
 - d_sub 1400 : OOB 0.4429 : L 51 : T 33.3 sec
 - d_sub 1400 : OOB 0.4420 : L 52 : T 33.7 sec
 - d_sub 1400 : OOB 0.4427 : L 53 : T 34.8 sec
 - d_sub 1400 : OOB 0.4424 : L 54 : T 36.8 sec
 - d_sub 1400 : OOB 0.4419 : L 55 : T 37.1 sec
 - d_sub 1400 : OOB 0.4405 : L 56 : T 37.5 sec
 - d_sub 1400 : OOB 0.4405 : L 57 : T 38.7 sec
 - d_sub 1400 : OOB 0.4424 : L 58 : T 39.7 sec
 - d_sub 1400 : OOB 0.4400 : L 59 : T 40.1 sec
 - d_sub 1400 : OOB 0.4395 : L 60 : T 40.4 sec
 - d_sub 1400 : OOB 0.4383 : L 61 : T 40.8 sec
 - d_sub 1400 : OOB 0.4403 : L 62 : T 42.5 sec
 - d_sub 1400 : OOB 0.4419 : L 63 : T 42.9 sec
 - d_sub 1400 : OOB 0.4420 : L 64 : T 43.2 sec
 - d_sub 1400 : OOB 0.4420 : L 65 : T 43.6 sec
 - d_sub 1400 : OOB 0.4413 : L 66 : T 43.9 sec
 - d_sub 1400 : OOB 0.4394 : L 67 : T 45.1 sec
 - d_sub 1400 : OOB 0.4414 : L 68 : T 45.4 sec
 - d_sub 1400 : OOB 0.4385 : L 69 : T 45.8 sec
 - d_sub 1400 : OOB 0.4410 : L 70 : T 46.1 sec
 - d_sub 1400 : OOB 0.4415 : L 71 : T 47.2 sec
 - d_sub 1400 : OOB 0.4387 : L 72 : T 48.3 sec
 - d_sub 1400 : OOB 0.4412 : L 73 : T 48.6 sec
 - d_sub 1400 : OOB 0.4395 : L 74 : T 49.4 sec
 - d_sub 1400 : OOB 0.4396 : L 75 : T 49.7 sec
 - d_sub 1400 : OOB 0.4405 : L 76 : T 50.9 sec
 - d_sub 1400 : OOB 0.4409 : L 77 : T 51.3 sec
 - d_sub 1400 : OOB 0.4417 : L 78 : T 51.7 sec
 - d_sub 1400 : OOB 0.4407 : L 79 : T 52.1 sec

 - d_sub 1600 : OOB 0.4833 : L 1 : T 1.3 sec
 - d_sub 1600 : OOB 0.4673 : L 2 : T 1.8 sec
 - d_sub 1600 : OOB 0.4650 : L 3 : T 3.3 sec
 - d_sub 1600 : OOB 0.4701 : L 4 : T 5.2 sec
 - d_sub 1600 : OOB 0.4650 : L 5 : T 5.7 sec
 - d_sub 1600 : OOB 0.4619 : L 6 : T 6.1 sec
 - d_sub 1600 : OOB 0.4593 : L 7 : T 7.7 sec
 - d_sub 1600 : OOB 0.4650 : L 8 : T 8.1 sec
 - d_sub 1600 : OOB 0.4564 : L 9 : T 8.6 sec
 - d_sub 1600 : OOB 0.4593 : L 10 : T 10.0 sec
 - d_sub 1600 : OOB 0.4605 : L 11 : T 10.5 sec
 - d_sub 1600 : OOB 0.4565 : L 12 : T 10.9 sec
 - d_sub 1600 : OOB 0.4540 : L 13 : T 17.7 sec
 - d_sub 1600 : OOB 0.4539 : L 14 : T 19.0 sec
 - d_sub 1600 : OOB 0.4498 : L 15 : T 20.1 sec
 - d_sub 1600 : OOB 0.4489 : L 16 : T 20.5 sec
 - d_sub 1600 : OOB 0.4471 : L 17 : T 20.9 sec
 - d_sub 1600 : OOB 0.4495 : L 18 : T 22.0 sec
 - d_sub 1600 : OOB 0.4472 : L 19 : T 22.4 sec
 - d_sub 1600 : OOB 0.4446 : L 20 : T 22.8 sec
 - d_sub 1600 : OOB 0.4440 : L 21 : T 25.5 sec
 - d_sub 1600 : OOB 0.4480 : L 22 : T 25.9 sec
 - d_sub 1600 : OOB 0.4487 : L 23 : T 27.2 sec
 - d_sub 1600 : OOB 0.4487 : L 24 : T 28.7 sec
 - d_sub 1600 : OOB 0.4491 : L 25 : T 29.1 sec
 - d_sub 1600 : OOB 0.4483 : L 26 : T 30.5 sec
 - d_sub 1600 : OOB 0.4534 : L 27 : T 32.8 sec
 - d_sub 1600 : OOB 0.4445 : L 28 : T 33.3 sec
 - d_sub 1600 : OOB 0.4484 : L 29 : T 35.1 sec
 - d_sub 1600 : OOB 0.4477 : L 30 : T 35.5 sec
 - d_sub 1600 : OOB 0.4504 : L 31 : T 36.8 sec
 - d_sub 1600 : OOB 0.4470 : L 32 : T 37.3 sec
 - d_sub 1600 : OOB 0.4470 : L 33 : T 39.1 sec
 - d_sub 1600 : OOB 0.4441 : L 34 : T 41.0 sec
 - d_sub 1600 : OOB 0.4453 : L 35 : T 41.9 sec
 - d_sub 1600 : OOB 0.4422 : L 36 : T 44.5 sec
 - d_sub 1600 : OOB 0.4456 : L 37 : T 45.0 sec
 - d_sub 1600 : OOB 0.4395 : L 38 : T 46.3 sec
 - d_sub 1600 : OOB 0.4436 : L 39 : T 47.8 sec
 - d_sub 1600 : OOB 0.4400 : L 40 : T 48.3 sec
 - d_sub 1600 : OOB 0.4420 : L 41 : T 49.9 sec
 - d_sub 1600 : OOB 0.4419 : L 42 : T 50.3 sec
 - d_sub 1600 : OOB 0.4389 : L 43 : T 51.5 sec
 - d_sub 1600 : OOB 0.4381 : L 44 : T 52.7 sec
 - d_sub 1600 : OOB 0.4395 : L 45 : T 53.1 sec
 - d_sub 1600 : OOB 0.4404 : L 46 : T 54.1 sec
 - d_sub 1600 : OOB 0.4410 : L 47 : T 54.6 sec
 - d_sub 1600 : OOB 0.4438 : L 48 : T 55.8 sec
 - d_sub 1600 : OOB 0.4417 : L 49 : T 56.2 sec
 - d_sub 1600 : OOB 0.4411 : L 50 : T 57.9 sec
 - d_sub 1600 : OOB 0.4415 : L 51 : T 59.3 sec
 - d_sub 1600 : OOB 0.4394 : L 52 : T 59.8 sec
 - d_sub 1600 : OOB 0.4390 : L 53 : T 61.6 sec
 - d_sub 1600 : OOB 0.4403 : L 54 : T 62.1 sec
 - d_sub 1600 : OOB 0.4399 : L 55 : T 63.1 sec
 - d_sub 1600 : OOB 0.4406 : L 56 : T 63.6 sec
 - d_sub 1600 : OOB 0.4408 : L 57 : T 65.1 sec
 - d_sub 1600 : OOB 0.4370 : L 58 : T 66.0 sec
 - d_sub 1600 : OOB 0.4406 : L 59 : T 68.0 sec
 - d_sub 1600 : OOB 0.4396 : L 60 : T 69.0 sec
 - d_sub 1600 : OOB 0.4401 : L 61 : T 70.8 sec
 - d_sub 1600 : OOB 0.4403 : L 62 : T 71.3 sec
 - d_sub 1600 : OOB 0.4407 : L 63 : T 73.1 sec
 - d_sub 1600 : OOB 0.4410 : L 64 : T 73.6 sec
 - d_sub 1600 : OOB 0.4414 : L 65 : T 74.0 sec
 - d_sub 1600 : OOB 0.4411 : L 66 : T 75.3 sec
 - d_sub 1600 : OOB 0.4427 : L 67 : T 75.7 sec
 - d_sub 1600 : OOB 0.4431 : L 68 : T 76.1 sec
 - d_sub 1600 : OOB 0.4422 : L 69 : T 77.6 sec
 - d_sub 1600 : OOB 0.4422 : L 70 : T 78.0 sec
 - d_sub 1600 : OOB 0.4422 : L 71 : T 79.3 sec
 - d_sub 1600 : OOB 0.4419 : L 72 : T 81.2 sec
 - d_sub 1600 : OOB 0.4406 : L 73 : T 81.6 sec
 - d_sub 1600 : OOB 0.4406 : L 74 : T 82.2 sec
 - d_sub 1600 : OOB 0.4416 : L 75 : T 83.4 sec
 - d_sub 1600 : OOB 0.4405 : L 76 : T 84.4 sec
 - d_sub 1600 : OOB 0.4405 : L 77 : T 84.8 sec
 - d_sub 1600 : OOB 0.4412 : L 78 : T 86.7 sec
 - d_sub 1600 : OOB 0.4398 : L 79 : T 87.2 sec
 - d_sub 1600 : OOB 0.4407 : L 80 : T 88.3 sec
 - d_sub 1600 : OOB 0.4384 : L 81 : T 89.5 sec
 - d_sub 1600 : OOB 0.4397 : L 82 : T 90.5 sec
 - d_sub 1600 : OOB 0.4371 : L 83 : T 90.9 sec

 - d_sub 1800 : OOB 0.4815 : L 1 : T 1.6 sec
 - d_sub 1800 : OOB 0.4708 : L 2 : T 2.4 sec
 - d_sub 1800 : OOB 0.4660 : L 3 : T 4.8 sec
 - d_sub 1800 : OOB 0.4712 : L 4 : T 6.2 sec
 - d_sub 1800 : OOB 0.4701 : L 5 : T 7.6 sec
 - d_sub 1800 : OOB 0.4670 : L 6 : T 10.5 sec
 - d_sub 1800 : OOB 0.4597 : L 7 : T 12.2 sec
 - d_sub 1800 : OOB 0.4634 : L 8 : T 13.9 sec
 - d_sub 1800 : OOB 0.4596 : L 9 : T 15.5 sec
 - d_sub 1800 : OOB 0.4537 : L 10 : T 17.4 sec
 - d_sub 1800 : OOB 0.4557 : L 11 : T 20.3 sec
 - d_sub 1800 : OOB 0.4564 : L 12 : T 22.8 sec
 - d_sub 1800 : OOB 0.4563 : L 13 : T 25.1 sec
 - d_sub 1800 : OOB 0.4542 : L 14 : T 29.1 sec
 - d_sub 1800 : OOB 0.4554 : L 15 : T 30.4 sec
 - d_sub 1800 : OOB 0.4487 : L 16 : T 32.6 sec
 - d_sub 1800 : OOB 0.4507 : L 17 : T 34.2 sec
 - d_sub 1800 : OOB 0.4540 : L 18 : T 35.9 sec
 - d_sub 1800 : OOB 0.4504 : L 19 : T 37.5 sec
 - d_sub 1800 : OOB 0.4469 : L 20 : T 40.5 sec
 - d_sub 1800 : OOB 0.4494 : L 21 : T 42.8 sec
 - d_sub 1800 : OOB 0.4485 : L 22 : T 43.4 sec
 - d_sub 1800 : OOB 0.4497 : L 23 : T 46.2 sec
 - d_sub 1800 : OOB 0.4496 : L 24 : T 47.8 sec
 - d_sub 1800 : OOB 0.4486 : L 25 : T 50.4 sec
 - d_sub 1800 : OOB 0.4518 : L 26 : T 52.0 sec
 - d_sub 1800 : OOB 0.4436 : L 27 : T 57.9 sec
 - d_sub 1800 : OOB 0.4482 : L 28 : T 59.5 sec
 - d_sub 1800 : OOB 0.4467 : L 29 : T 63.7 sec
 - d_sub 1800 : OOB 0.4470 : L 30 : T 66.6 sec
 - d_sub 1800 : OOB 0.4455 : L 31 : T 68.2 sec
 - d_sub 1800 : OOB 0.4435 : L 32 : T 70.7 sec
 - d_sub 1800 : OOB 0.4436 : L 33 : T 72.5 sec
 - d_sub 1800 : OOB 0.4417 : L 34 : T 74.3 sec
 - d_sub 1800 : OOB 0.4410 : L 35 : T 76.4 sec
 - d_sub 1800 : OOB 0.4407 : L 36 : T 78.4 sec
 - d_sub 1800 : OOB 0.4423 : L 37 : T 81.7 sec
 - d_sub 1800 : OOB 0.4428 : L 38 : T 83.3 sec
 - d_sub 1800 : OOB 0.4434 : L 39 : T 86.2 sec
 - d_sub 1800 : OOB 0.4414 : L 40 : T 87.9 sec
 - d_sub 1800 : OOB 0.4429 : L 41 : T 90.2 sec
 - d_sub 1800 : OOB 0.4439 : L 42 : T 91.8 sec
 - d_sub 1800 : OOB 0.4420 : L 43 : T 93.8 sec
 - d_sub 1800 : OOB 0.4400 : L 44 : T 96.3 sec
 - d_sub 1800 : OOB 0.4423 : L 45 : T 97.9 sec
 - d_sub 1800 : OOB 0.4426 : L 46 : T 100.0 sec
 - d_sub 1800 : OOB 0.4425 : L 47 : T 101.5 sec
 - d_sub 1800 : OOB 0.4427 : L 48 : T 103.4 sec
 - d_sub 1800 : OOB 0.4423 : L 49 : T 105.1 sec
 - d_sub 1800 : OOB 0.4455 : L 50 : T 107.3 sec
 - d_sub 1800 : OOB 0.4422 : L 51 : T 109.5 sec
 - d_sub 1800 : OOB 0.4435 : L 52 : T 111.8 sec
 - d_sub 1800 : OOB 0.4433 : L 53 : T 112.8 sec
 - d_sub 1800 : OOB 0.4448 : L 54 : T 114.4 sec
 - d_sub 1800 : OOB 0.4451 : L 55 : T 116.0 sec
 - d_sub 1800 : OOB 0.4409 : L 56 : T 117.3 sec
 - d_sub 1800 : OOB 0.4439 : L 57 : T 119.4 sec
 - d_sub 1800 : OOB 0.4421 : L 58 : T 121.2 sec
 - d_sub 1800 : OOB 0.4433 : L 59 : T 122.2 sec
 - d_sub 1800 : OOB 0.4434 : L 60 : T 123.9 sec
 - d_sub 1800 : OOB 0.4422 : L 61 : T 125.4 sec
 - d_sub 1800 : OOB 0.4428 : L 62 : T 127.3 sec
 - d_sub 1800 : OOB 0.4414 : L 63 : T 130.2 sec
 - d_sub 1800 : OOB 0.4396 : L 64 : T 132.9 sec
 - d_sub 1800 : OOB 0.4396 : L 65 : T 134.3 sec
 - d_sub 1800 : OOB 0.4400 : L 66 : T 135.8 sec
 - d_sub 1800 : OOB 0.4401 : L 67 : T 137.2 sec
 - d_sub 1800 : OOB 0.4406 : L 68 : T 139.7 sec
 - d_sub 1800 : OOB 0.4398 : L 69 : T 141.6 sec
 - d_sub 1800 : OOB 0.4403 : L 70 : T 143.2 sec
 - d_sub 1800 : OOB 0.4411 : L 71 : T 144.8 sec
 - d_sub 1800 : OOB 0.4408 : L 72 : T 146.6 sec
 - d_sub 1800 : OOB 0.4417 : L 73 : T 148.2 sec
 - d_sub 1800 : OOB 0.4423 : L 74 : T 150.4 sec
 - d_sub 1800 : OOB 0.4428 : L 75 : T 153.1 sec
 - d_sub 1800 : OOB 0.4429 : L 76 : T 154.3 sec
 - d_sub 1800 : OOB 0.4430 : L 77 : T 155.5 sec
 - d_sub 1800 : OOB 0.4445 : L 78 : T 157.6 sec
 - d_sub 1800 : OOB 0.4423 : L 79 : T 160.1 sec
# -------------------------
optimal d_sub 1600 : OOB 0.4371 : L 83 : T 486.9 sec
Testing error: 0.4420
# -------------------------
# Ensemble classification
#  - Training samples: 10000 (5000/5000)
#  - Feature-space dimensionality: 24157
#  - L : automatic (min 25, max 500, length 50, eps 0.00500)
#  - d_sub : 300
#  - Seed 1 (subspaces) : 578851384
#  - Seed 2 (bootstrap) : 129747680
# -------------------------

 - d_sub 300 : OOB 0.4872 : L 1 : T 0.0 sec
 - d_sub 300 : OOB 0.4796 : L 2 : T 0.1 sec
 - d_sub 300 : OOB 0.4795 : L 3 : T 0.1 sec
 - d_sub 300 : OOB 0.4776 : L 4 : T 0.2 sec
 - d_sub 300 : OOB 0.4699 : L 5 : T 0.2 sec
 - d_sub 300 : OOB 0.4719 : L 6 : T 0.3 sec
 - d_sub 300 : OOB 0.4754 : L 7 : T 0.3 sec
 - d_sub 300 : OOB 0.4710 : L 8 : T 0.4 sec
 - d_sub 300 : OOB 0.4703 : L 9 : T 0.4 sec
 - d_sub 300 : OOB 0.4705 : L 10 : T 0.5 sec
 - d_sub 300 : OOB 0.4685 : L 11 : T 0.5 sec
 - d_sub 300 : OOB 0.4725 : L 12 : T 0.6 sec
 - d_sub 300 : OOB 0.4659 : L 13 : T 0.6 sec
 - d_sub 300 : OOB 0.4672 : L 14 : T 0.7 sec
 - d_sub 300 : OOB 0.4680 : L 15 : T 0.7 sec
 - d_sub 300 : OOB 0.4688 : L 16 : T 0.8 sec
 - d_sub 300 : OOB 0.4674 : L 17 : T 0.8 sec
 - d_sub 300 : OOB 0.4651 : L 18 : T 0.9 sec
 - d_sub 300 : OOB 0.4647 : L 19 : T 0.9 sec
 - d_sub 300 : OOB 0.4638 : L 20 : T 1.0 sec
 - d_sub 300 : OOB 0.4645 : L 21 : T 1.0 sec
 - d_sub 300 : OOB 0.4634 : L 22 : T 1.1 sec
 - d_sub 300 : OOB 0.4618 : L 23 : T 1.1 sec
 - d_sub 300 : OOB 0.4610 : L 24 : T 1.2 sec
 - d_sub 300 : OOB 0.4635 : L 25 : T 1.2 sec
 - d_sub 300 : OOB 0.4617 : L 26 : T 1.3 sec
 - d_sub 300 : OOB 0.4613 : L 27 : T 1.3 sec
 - d_sub 300 : OOB 0.4601 : L 28 : T 1.4 sec
 - d_sub 300 : OOB 0.4606 : L 29 : T 1.4 sec
 - d_sub 300 : OOB 0.4597 : L 30 : T 1.5 sec
 - d_sub 300 : OOB 0.4606 : L 31 : T 1.5 sec
 - d_sub 300 : OOB 0.4637 : L 32 : T 1.6 sec
 - d_sub 300 : OOB 0.4603 : L 33 : T 1.6 sec
 - d_sub 300 : OOB 0.4614 : L 34 : T 1.7 sec
 - d_sub 300 : OOB 0.4602 : L 35 : T 1.7 sec
 - d_sub 300 : OOB 0.4586 : L 36 : T 1.7 sec
 - d_sub 300 : OOB 0.4596 : L 37 : T 1.8 sec
 - d_sub 300 : OOB 0.4608 : L 38 : T 1.8 sec
 - d_sub 300 : OOB 0.4610 : L 39 : T 1.9 sec
 - d_sub 300 : OOB 0.4618 : L 40 : T 1.9 sec
 - d_sub 300 : OOB 0.4611 : L 41 : T 2.0 sec
 - d_sub 300 : OOB 0.4620 : L 42 : T 2.0 sec
 - d_sub 300 : OOB 0.4641 : L 43 : T 2.1 sec
 - d_sub 300 : OOB 0.4629 : L 44 : T 2.1 sec
 - d_sub 300 : OOB 0.4611 : L 45 : T 2.2 sec
 - d_sub 300 : OOB 0.4637 : L 46 : T 2.2 sec
 - d_sub 300 : OOB 0.4626 : L 47 : T 2.3 sec
 - d_sub 300 : OOB 0.4624 : L 48 : T 2.3 sec
 - d_sub 300 : OOB 0.4637 : L 49 : T 2.4 sec
 - d_sub 300 : OOB 0.4611 : L 50 : T 2.4 sec
 - d_sub 300 : OOB 0.4628 : L 51 : T 2.5 sec
 - d_sub 300 : OOB 0.4630 : L 52 : T 2.5 sec
 - d_sub 300 : OOB 0.4629 : L 53 : T 2.6 sec
 - d_sub 300 : OOB 0.4603 : L 54 : T 2.6 sec
 - d_sub 300 : OOB 0.4600 : L 55 : T 2.7 sec
 - d_sub 300 : OOB 0.4585 : L 56 : T 2.7 sec
 - d_sub 300 : OOB 0.4592 : L 57 : T 2.8 sec
 - d_sub 300 : OOB 0.4590 : L 58 : T 2.8 sec
 - d_sub 300 : OOB 0.4591 : L 59 : T 2.8 sec
 - d_sub 300 : OOB 0.4590 : L 60 : T 2.9 sec
 - d_sub 300 : OOB 0.4579 : L 61 : T 2.9 sec
 - d_sub 300 : OOB 0.4580 : L 62 : T 3.0 sec
 - d_sub 300 : OOB 0.4565 : L 63 : T 3.0 sec
 - d_sub 300 : OOB 0.4601 : L 64 : T 3.1 sec
 - d_sub 300 : OOB 0.4577 : L 65 : T 3.1 sec
 - d_sub 300 : OOB 0.4562 : L 66 : T 3.2 sec
 - d_sub 300 : OOB 0.4581 : L 67 : T 3.2 sec
 - d_sub 300 : OOB 0.4561 : L 68 : T 3.3 sec
 - d_sub 300 : OOB 0.4578 : L 69 : T 3.3 sec
 - d_sub 300 : OOB 0.4587 : L 70 : T 3.4 sec
 - d_sub 300 : OOB 0.4590 : L 71 : T 3.4 sec
 - d_sub 300 : OOB 0.4574 : L 72 : T 3.5 sec
 - d_sub 300 : OOB 0.4603 : L 73 : T 3.5 sec
 - d_sub 300 : OOB 0.4612 : L 74 : T 3.6 sec
 - d_sub 300 : OOB 0.4608 : L 75 : T 3.6 sec
 - d_sub 300 : OOB 0.4587 : L 76 : T 3.7 sec
 - d_sub 300 : OOB 0.4604 : L 77 : T 3.7 sec
 - d_sub 300 : OOB 0.4604 : L 78 : T 3.8 sec
 - d_sub 300 : OOB 0.4596 : L 79 : T 3.8 sec
 - d_sub 300 : OOB 0.4597 : L 80 : T 3.9 sec
 - d_sub 300 : OOB 0.4608 : L 81 : T 3.9 sec
 - d_sub 300 : OOB 0.4607 : L 82 : T 4.0 sec
 - d_sub 300 : OOB 0.4597 : L 83 : T 4.0 sec
 - d_sub 300 : OOB 0.4610 : L 84 : T 4.1 sec
 - d_sub 300 : OOB 0.4612 : L 85 : T 4.1 sec
 - d_sub 300 : OOB 0.4599 : L 86 : T 4.1 sec
 - d_sub 300 : OOB 0.4597 : L 87 : T 4.2 sec
 - d_sub 300 : OOB 0.4611 : L 88 : T 4.2 sec
 - d_sub 300 : OOB 0.4635 : L 89 : T 4.3 sec
 - d_sub 300 : OOB 0.4630 : L 90 : T 4.3 sec
 - d_sub 300 : OOB 0.4619 : L 91 : T 4.4 sec
 - d_sub 300 : OOB 0.4630 : L 92 : T 4.5 sec
 - d_sub 300 : OOB 0.4626 : L 93 : T 4.5 sec
 - d_sub 300 : OOB 0.4624 : L 94 : T 4.6 sec
 - d_sub 300 : OOB 0.4608 : L 95 : T 4.6 sec
 - d_sub 300 : OOB 0.4602 : L 96 : T 4.6 sec
 - d_sub 300 : OOB 0.4624 : L 97 : T 4.7 sec
 - d_sub 300 : OOB 0.4613 : L 98 : T 4.7 sec
 - d_sub 300 : OOB 0.4626 : L 99 : T 4.8 sec
 - d_sub 300 : OOB 0.4633 : L 100 : T 4.8 sec
 - d_sub 300 : OOB 0.4631 : L 101 : T 4.9 sec
 - d_sub 300 : OOB 0.4615 : L 102 : T 4.9 sec
 - d_sub 300 : OOB 0.4618 : L 103 : T 5.0 sec
 - d_sub 300 : OOB 0.4618 : L 104 : T 5.0 sec
 - d_sub 300 : OOB 0.4606 : L 105 : T 5.1 sec
 - d_sub 300 : OOB 0.4601 : L 106 : T 5.1 sec
 - d_sub 300 : OOB 0.4601 : L 107 : T 5.2 sec
 - d_sub 300 : OOB 0.4620 : L 108 : T 5.2 sec
 - d_sub 300 : OOB 0.4613 : L 109 : T 5.3 sec
 - d_sub 300 : OOB 0.4627 : L 110 : T 5.3 sec
 - d_sub 300 : OOB 0.4611 : L 111 : T 5.4 sec
 - d_sub 300 : OOB 0.4613 : L 112 : T 5.4 sec
 - d_sub 300 : OOB 0.4598 : L 113 : T 5.5 sec
 - d_sub 300 : OOB 0.4604 : L 114 : T 5.5 sec
 - d_sub 300 : OOB 0.4608 : L 115 : T 5.6 sec
 - d_sub 300 : OOB 0.4610 : L 116 : T 5.6 sec
 - d_sub 300 : OOB 0.4605 : L 117 : T 5.7 sec
 - d_sub 300 : OOB 0.4612 : L 118 : T 5.7 sec
# -------------------------
optimal d_sub 300 : OOB 0.4612 : L 118 : T 5.7 sec
# -------------------------
# Ensemble classification
#  - Training samples: 10000 (5000/5000)
#  - Feature-space dimensionality: 24157
#  - L : 30
#  - d_sub : 300
#  - Seed 1 (subspaces) : 663217744
#  - Seed 2 (bootstrap) : 225521507
# -------------------------

 - d_sub 300 : OOB 0.4891 : L 1 : T 0.1 sec
 - d_sub 300 : OOB 0.4824 : L 2 : T 0.1 sec
 - d_sub 300 : OOB 0.4836 : L 3 : T 0.2 sec
 - d_sub 300 : OOB 0.4829 : L 4 : T 0.2 sec
 - d_sub 300 : OOB 0.4733 : L 5 : T 0.3 sec
 - d_sub 300 : OOB 0.4720 : L 6 : T 0.3 sec
 - d_sub 300 : OOB 0.4757 : L 7 : T 0.4 sec
 - d_sub 300 : OOB 0.4749 : L 8 : T 0.4 sec
 - d_sub 300 : OOB 0.4721 : L 9 : T 0.5 sec
 - d_sub 300 : OOB 0.4720 : L 10 : T 0.5 sec
 - d_sub 300 : OOB 0.4674 : L 11 : T 0.6 sec
 - d_sub 300 : OOB 0.4698 : L 12 : T 0.6 sec
 - d_sub 300 : OOB 0.4696 : L 13 : T 0.7 sec
 - d_sub 300 : OOB 0.4675 : L 14 : T 0.7 sec
 - d_sub 300 : OOB 0.4702 : L 15 : T 0.7 sec
 - d_sub 300 : OOB 0.4691 : L 16 : T 0.8 sec
 - d_sub 300 : OOB 0.4663 : L 17 : T 0.8 sec
 - d_sub 300 : OOB 0.4647 : L 18 : T 0.9 sec
 - d_sub 300 : OOB 0.4632 : L 19 : T 0.9 sec
 - d_sub 300 : OOB 0.4646 : L 20 : T 1.0 sec
 - d_sub 300 : OOB 0.4642 : L 21 : T 1.0 sec
 - d_sub 300 : OOB 0.4650 : L 22 : T 1.1 sec
 - d_sub 300 : OOB 0.4649 : L 23 : T 1.1 sec
 - d_sub 300 : OOB 0.4661 : L 24 : T 1.2 sec
 - d_sub 300 : OOB 0.4645 : L 25 : T 1.2 sec
 - d_sub 300 : OOB 0.4626 : L 26 : T 1.3 sec
 - d_sub 300 : OOB 0.4633 : L 27 : T 1.3 sec
 - d_sub 300 : OOB 0.4640 : L 28 : T 1.4 sec
 - d_sub 300 : OOB 0.4632 : L 29 : T 1.4 sec
 - d_sub 300 : OOB 0.4643 : L 30 : T 1.5 sec
# -------------------------
optimal d_sub 300 : OOB 0.4643 : L 30 : T 1.5 sec
# -------------------------
# Ensemble classification
#  - Training samples: 10000 (5000/5000)
#  - Feature-space dimensionality: 24157
#  - L : 30
#  - d_sub : 300
#  - Seed 1 (subspaces) : 179072373
#  - Seed 2 (bootstrap) : 844509046
# -------------------------

 - d_sub 300 : OOB 0.4877 : L 1 : T 0.0 sec
 - d_sub 300 : OOB 0.4807 : L 2 : T 0.1 sec
 - d_sub 300 : OOB 0.4801 : L 3 : T 0.1 sec
 - d_sub 300 : OOB 0.4817 : L 4 : T 0.2 sec
 - d_sub 300 : OOB 0.4728 : L 5 : T 0.2 sec
 - d_sub 300 : OOB 0.4727 : L 6 : T 0.3 sec
 - d_sub 300 : OOB 0.4749 : L 7 : T 0.3 sec
 - d_sub 300 : OOB 0.4758 : L 8 : T 0.4 sec
 - d_sub 300 : OOB 0.4692 : L 9 : T 0.4 sec
 - d_sub 300 : OOB 0.4706 : L 10 : T 0.5 sec
 - d_sub 300 : OOB 0.4674 : L 11 : T 0.5 sec
 - d_sub 300 : OOB 0.4669 : L 12 : T 0.6 sec
 - d_sub 300 : OOB 0.4685 : L 13 : T 0.6 sec
 - d_sub 300 : OOB 0.4688 : L 14 : T 0.7 sec
 - d_sub 300 : OOB 0.4692 : L 15 : T 0.7 sec
 - d_sub 300 : OOB 0.4672 : L 16 : T 0.8 sec
 - d_sub 300 : OOB 0.4668 : L 17 : T 0.8 sec
 - d_sub 300 : OOB 0.4646 : L 18 : T 0.9 sec
 - d_sub 300 : OOB 0.4655 : L 19 : T 0.9 sec
 - d_sub 300 : OOB 0.4653 : L 20 : T 0.9 sec
 - d_sub 300 : OOB 0.4639 : L 21 : T 1.0 sec
 - d_sub 300 : OOB 0.4623 : L 22 : T 1.0 sec
 - d_sub 300 : OOB 0.4623 : L 23 : T 1.1 sec
 - d_sub 300 : OOB 0.4656 : L 24 : T 1.1 sec
 - d_sub 300 : OOB 0.4648 : L 25 : T 1.2 sec
 - d_sub 300 : OOB 0.4635 : L 26 : T 1.2 sec
 - d_sub 300 : OOB 0.4625 : L 27 : T 1.3 sec
 - d_sub 300 : OOB 0.4632 : L 28 : T 1.3 sec
 - d_sub 300 : OOB 0.4652 : L 29 : T 1.4 sec
 - d_sub 300 : OOB 0.4669 : L 30 : T 1.4 sec
# -------------------------
optimal d_sub 300 : OOB 0.4669 : L 30 : T 1.5 sec
# -------------------------
# Ensemble classification
#  - Training samples: 10000 (5000/5000)
#  - Feature-space dimensionality: 24157
#  - L : 30
#  - d_sub : 300
#  - Seed 1 (subspaces) : 682872492
#  - Seed 2 (bootstrap) : 623586617
# -------------------------

 - d_sub 300 : OOB 0.4915 : L 1 : T 0.0 sec
 - d_sub 300 : OOB 0.4818 : L 2 : T 0.1 sec
 - d_sub 300 : OOB 0.4800 : L 3 : T 0.1 sec
 - d_sub 300 : OOB 0.4831 : L 4 : T 0.2 sec
 - d_sub 300 : OOB 0.4725 : L 5 : T 0.2 sec
 - d_sub 300 : OOB 0.4707 : L 6 : T 0.3 sec
 - d_sub 300 : OOB 0.4750 : L 7 : T 0.3 sec
 - d_sub 300 : OOB 0.4712 : L 8 : T 0.4 sec
 - d_sub 300 : OOB 0.4702 : L 9 : T 0.4 sec
 - d_sub 300 : OOB 0.4717 : L 10 : T 0.5 sec
 - d_sub 300 : OOB 0.4683 : L 11 : T 0.5 sec
 - d_sub 300 : OOB 0.4716 : L 12 : T 0.6 sec
 - d_sub 300 : OOB 0.4643 : L 13 : T 0.6 sec
 - d_sub 300 : OOB 0.4627 : L 14 : T 0.7 sec
 - d_sub 300 : OOB 0.4639 : L 15 : T 0.7 sec
 - d_sub 300 : OOB 0.4646 : L 16 : T 0.8 sec
 - d_sub 300 : OOB 0.4637 : L 17 : T 0.8 sec
 - d_sub 300 : OOB 0.4636 : L 18 : T 0.9 sec
 - d_sub 300 : OOB 0.4637 : L 19 : T 0.9 sec
 - d_sub 300 : OOB 0.4639 : L 20 : T 0.9 sec
 - d_sub 300 : OOB 0.4661 : L 21 : T 1.0 sec
 - d_sub 300 : OOB 0.4647 : L 22 : T 1.1 sec
 - d_sub 300 : OOB 0.4644 : L 23 : T 1.1 sec
 - d_sub 300 : OOB 0.4661 : L 24 : T 1.2 sec
 - d_sub 300 : OOB 0.4636 : L 25 : T 1.2 sec
 - d_sub 300 : OOB 0.4645 : L 26 : T 1.3 sec
 - d_sub 300 : OOB 0.4657 : L 27 : T 1.3 sec
 - d_sub 300 : OOB 0.4671 : L 28 : T 1.4 sec
 - d_sub 300 : OOB 0.4654 : L 29 : T 1.4 sec
 - d_sub 300 : OOB 0.4647 : L 30 : T 1.5 sec
# -------------------------
optimal d_sub 300 : OOB 0.4647 : L 30 : T 1.5 sec
# -------------------------
# Ensemble classification
#  - Training samples: 10000 (5000/5000)
#  - Feature-space dimensionality: 24157
#  - L : 30
#  - d_sub : 300
#  - Seed 1 (subspaces) : 156607347
#  - Seed 2 (bootstrap) : 981349370
# -------------------------

 - d_sub 300 : OOB 0.4887 : L 1 : T 0.0 sec
 - d_sub 300 : OOB 0.4792 : L 2 : T 0.1 sec
 - d_sub 300 : OOB 0.4776 : L 3 : T 0.1 sec
 - d_sub 300 : OOB 0.4813 : L 4 : T 0.2 sec
 - d_sub 300 : OOB 0.4755 : L 5 : T 0.2 sec
 - d_sub 300 : OOB 0.4748 : L 6 : T 0.3 sec
 - d_sub 300 : OOB 0.4759 : L 7 : T 0.3 sec
 - d_sub 300 : OOB 0.4734 : L 8 : T 0.4 sec
 - d_sub 300 : OOB 0.4728 : L 9 : T 0.4 sec
 - d_sub 300 : OOB 0.4719 : L 10 : T 0.5 sec
 - d_sub 300 : OOB 0.4723 : L 11 : T 0.5 sec
 - d_sub 300 : OOB 0.4746 : L 12 : T 0.6 sec
 - d_sub 300 : OOB 0.4680 : L 13 : T 0.6 sec
 - d_sub 300 : OOB 0.4686 : L 14 : T 0.7 sec
 - d_sub 300 : OOB 0.4673 : L 15 : T 0.7 sec
 - d_sub 300 : OOB 0.4673 : L 16 : T 0.8 sec
 - d_sub 300 : OOB 0.4678 : L 17 : T 0.8 sec
 - d_sub 300 : OOB 0.4664 : L 18 : T 0.9 sec
 - d_sub 300 : OOB 0.4634 : L 19 : T 0.9 sec
 - d_sub 300 : OOB 0.4644 : L 20 : T 1.0 sec
 - d_sub 300 : OOB 0.4659 : L 21 : T 1.0 sec
 - d_sub 300 : OOB 0.4677 : L 22 : T 1.0 sec
 - d_sub 300 : OOB 0.4669 : L 23 : T 1.1 sec
 - d_sub 300 : OOB 0.4672 : L 24 : T 1.1 sec
 - d_sub 300 : OOB 0.4667 : L 25 : T 1.2 sec
 - d_sub 300 : OOB 0.4670 : L 26 : T 1.2 sec
 - d_sub 300 : OOB 0.4658 : L 27 : T 1.3 sec
 - d_sub 300 : OOB 0.4638 : L 28 : T 1.3 sec
 - d_sub 300 : OOB 0.4656 : L 29 : T 1.4 sec
 - d_sub 300 : OOB 0.4680 : L 30 : T 1.4 sec
# -------------------------
optimal d_sub 300 : OOB 0.4680 : L 30 : T 1.4 sec
# -------------------------
# Ensemble classification
#  - Training samples: 10000 (5000/5000)
#  - Feature-space dimensionality: 24157
#  - L : 30
#  - d_sub : 300
#  - Seed 1 (subspaces) : 318342844
#  - Seed 2 (bootstrap) : 814919596
# -------------------------

 - d_sub 300 : OOB 0.4880 : L 1 : T 0.1 sec
 - d_sub 300 : OOB 0.4818 : L 2 : T 0.1 sec
 - d_sub 300 : OOB 0.4825 : L 3 : T 0.2 sec
 - d_sub 300 : OOB 0.4795 : L 4 : T 0.2 sec
 - d_sub 300 : OOB 0.4729 : L 5 : T 0.3 sec
 - d_sub 300 : OOB 0.4711 : L 6 : T 0.3 sec
 - d_sub 300 : OOB 0.4723 : L 7 : T 0.3 sec
 - d_sub 300 : OOB 0.4725 : L 8 : T 0.4 sec
 - d_sub 300 : OOB 0.4702 : L 9 : T 0.4 sec
 - d_sub 300 : OOB 0.4710 : L 10 : T 0.5 sec
 - d_sub 300 : OOB 0.4669 : L 11 : T 0.5 sec
 - d_sub 300 : OOB 0.4723 : L 12 : T 0.6 sec
 - d_sub 300 : OOB 0.4691 : L 13 : T 0.6 sec
 - d_sub 300 : OOB 0.4658 : L 14 : T 0.7 sec
 - d_sub 300 : OOB 0.4655 : L 15 : T 0.7 sec
 - d_sub 300 : OOB 0.4651 : L 16 : T 0.8 sec
 - d_sub 300 : OOB 0.4689 : L 17 : T 0.8 sec
 - d_sub 300 : OOB 0.4664 : L 18 : T 0.9 sec
 - d_sub 300 : OOB 0.4664 : L 19 : T 0.9 sec
 - d_sub 300 : OOB 0.4667 : L 20 : T 1.0 sec
 - d_sub 300 : OOB 0.4642 : L 21 : T 1.0 sec
 - d_sub 300 : OOB 0.4664 : L 22 : T 1.1 sec
 - d_sub 300 : OOB 0.4665 : L 23 : T 1.1 sec
 - d_sub 300 : OOB 0.4676 : L 24 : T 1.2 sec
 - d_sub 300 : OOB 0.4652 : L 25 : T 1.2 sec
 - d_sub 300 : OOB 0.4646 : L 26 : T 1.3 sec
 - d_sub 300 : OOB 0.4641 : L 27 : T 1.3 sec
 - d_sub 300 : OOB 0.4626 : L 28 : T 1.4 sec
 - d_sub 300 : OOB 0.4620 : L 29 : T 1.4 sec
 - d_sub 300 : OOB 0.4628 : L 30 : T 1.5 sec
# -------------------------
optimal d_sub 300 : OOB 0.4628 : L 30 : T 1.5 sec
# -------------------------
# Ensemble classification
#  - Training samples: 10000 (5000/5000)
#  - Feature-space dimensionality: 24157
#  - L : 30
#  - d_sub : 300
#  - Seed 1 (subspaces) : 615023631
#  - Seed 2 (bootstrap) : 658149932
# -------------------------

 - d_sub 300 : OOB 0.4895 : L 1 : T 0.0 sec
 - d_sub 300 : OOB 0.4799 : L 2 : T 0.1 sec
 - d_sub 300 : OOB 0.4790 : L 3 : T 0.1 sec
 - d_sub 300 : OOB 0.4830 : L 4 : T 0.2 sec
 - d_sub 300 : OOB 0.4792 : L 5 : T 0.2 sec
 - d_sub 300 : OOB 0.4756 : L 6 : T 0.3 sec
 - d_sub 300 : OOB 0.4708 : L 7 : T 0.3 sec
 - d_sub 300 : OOB 0.4731 : L 8 : T 0.4 sec
 - d_sub 300 : OOB 0.4671 : L 9 : T 0.4 sec
 - d_sub 300 : OOB 0.4729 : L 10 : T 0.5 sec
 - d_sub 300 : OOB 0.4675 : L 11 : T 0.5 sec
 - d_sub 300 : OOB 0.4691 : L 12 : T 0.6 sec
 - d_sub 300 : OOB 0.4710 : L 13 : T 0.6 sec
 - d_sub 300 : OOB 0.4680 : L 14 : T 0.7 sec
 - d_sub 300 : OOB 0.4703 : L 15 : T 0.7 sec
 - d_sub 300 : OOB 0.4671 : L 16 : T 0.8 sec
 - d_sub 300 : OOB 0.4682 : L 17 : T 0.8 sec
 - d_sub 300 : OOB 0.4650 : L 18 : T 0.9 sec
 - d_sub 300 : OOB 0.4642 : L 19 : T 0.9 sec
 - d_sub 300 : OOB 0.4678 : L 20 : T 1.0 sec
 - d_sub 300 : OOB 0.4681 : L 21 : T 1.0 sec
 - d_sub 300 : OOB 0.4667 : L 22 : T 1.0 sec
 - d_sub 300 : OOB 0.4698 : L 23 : T 1.1 sec
 - d_sub 300 : OOB 0.4661 : L 24 : T 1.1 sec
 - d_sub 300 : OOB 0.4655 : L 25 : T 1.2 sec
 - d_sub 300 : OOB 0.4636 : L 26 : T 1.3 sec
 - d_sub 300 : OOB 0.4636 : L 27 : T 1.3 sec
 - d_sub 300 : OOB 0.4631 : L 28 : T 1.4 sec
 - d_sub 300 : OOB 0.4639 : L 29 : T 1.4 sec
 - d_sub 300 : OOB 0.4646 : L 30 : T 1.5 sec
# -------------------------
optimal d_sub 300 : OOB 0.4646 : L 30 : T 1.5 sec
# -------------------------
# Ensemble classification
#  - Training samples: 10000 (5000/5000)
#  - Feature-space dimensionality: 24157
#  - L : 30
#  - d_sub : 300
#  - Seed 1 (subspaces) : 815131068
#  - Seed 2 (bootstrap) : 463764484
# -------------------------

 - d_sub 300 : OOB 0.4871 : L 1 : T 0.0 sec
 - d_sub 300 : OOB 0.4795 : L 2 : T 0.1 sec
 - d_sub 300 : OOB 0.4787 : L 3 : T 0.1 sec
 - d_sub 300 : OOB 0.4782 : L 4 : T 0.2 sec
 - d_sub 300 : OOB 0.4709 : L 5 : T 0.2 sec
 - d_sub 300 : OOB 0.4707 : L 6 : T 0.3 sec
 - d_sub 300 : OOB 0.4739 : L 7 : T 0.3 sec
 - d_sub 300 : OOB 0.4728 : L 8 : T 0.4 sec
 - d_sub 300 : OOB 0.4700 : L 9 : T 0.4 sec
 - d_sub 300 : OOB 0.4710 : L 10 : T 0.5 sec
 - d_sub 300 : OOB 0.4664 : L 11 : T 0.5 sec
 - d_sub 300 : OOB 0.4736 : L 12 : T 0.6 sec
 - d_sub 300 : OOB 0.4666 : L 13 : T 0.6 sec
 - d_sub 300 : OOB 0.4688 : L 14 : T 0.7 sec
 - d_sub 300 : OOB 0.4665 : L 15 : T 0.7 sec
 - d_sub 300 : OOB 0.4651 : L 16 : T 0.8 sec
 - d_sub 300 : OOB 0.4665 : L 17 : T 0.8 sec
 - d_sub 300 : OOB 0.4634 : L 18 : T 0.9 sec
 - d_sub 300 : OOB 0.4629 : L 19 : T 0.9 sec
 - d_sub 300 : OOB 0.4616 : L 20 : T 1.0 sec
 - d_sub 300 : OOB 0.4614 : L 21 : T 1.0 sec
 - d_sub 300 : OOB 0.4629 : L 22 : T 1.0 sec
 - d_sub 300 : OOB 0.4624 : L 23 : T 1.1 sec
 - d_sub 300 : OOB 0.4630 : L 24 : T 1.1 sec
 - d_sub 300 : OOB 0.4623 : L 25 : T 1.2 sec
 - d_sub 300 : OOB 0.4632 : L 26 : T 1.3 sec
 - d_sub 300 : OOB 0.4645 : L 27 : T 1.3 sec
 - d_sub 300 : OOB 0.4636 : L 28 : T 1.4 sec
 - d_sub 300 : OOB 0.4647 : L 29 : T 1.4 sec
 - d_sub 300 : OOB 0.4618 : L 30 : T 1.5 sec
# -------------------------
optimal d_sub 300 : OOB 0.4618 : L 30 : T 1.5 sec
# -------------------------
# Ensemble classification
#  - Training samples: 10000 (5000/5000)
#  - Feature-space dimensionality: 24157
#  - L : 30
#  - d_sub : 300
#  - Seed 1 (subspaces) : 194428715
#  - Seed 2 (bootstrap) : 300128852
# -------------------------

 - d_sub 300 : OOB 0.4881 : L 1 : T 0.0 sec
 - d_sub 300 : OOB 0.4737 : L 2 : T 0.1 sec
 - d_sub 300 : OOB 0.4759 : L 3 : T 0.1 sec
 - d_sub 300 : OOB 0.4818 : L 4 : T 0.2 sec
 - d_sub 300 : OOB 0.4749 : L 5 : T 0.2 sec
 - d_sub 300 : OOB 0.4728 : L 6 : T 0.3 sec
 - d_sub 300 : OOB 0.4688 : L 7 : T 0.3 sec
 - d_sub 300 : OOB 0.4699 : L 8 : T 0.4 sec
 - d_sub 300 : OOB 0.4659 : L 9 : T 0.4 sec
 - d_sub 300 : OOB 0.4691 : L 10 : T 0.5 sec
 - d_sub 300 : OOB 0.4639 : L 11 : T 0.5 sec
 - d_sub 300 : OOB 0.4646 : L 12 : T 0.6 sec
 - d_sub 300 : OOB 0.4672 : L 13 : T 0.6 sec
 - d_sub 300 : OOB 0.4666 : L 14 : T 0.7 sec
 - d_sub 300 : OOB 0.4690 : L 15 : T 0.7 sec
 - d_sub 300 : OOB 0.4673 : L 16 : T 0.8 sec
 - d_sub 300 : OOB 0.4668 : L 17 : T 0.8 sec
 - d_sub 300 : OOB 0.4626 : L 18 : T 0.9 sec
 - d_sub 300 : OOB 0.4622 : L 19 : T 0.9 sec
 - d_sub 300 : OOB 0.4662 : L 20 : T 1.0 sec
 - d_sub 300 : OOB 0.4678 : L 21 : T 1.0 sec
 - d_sub 300 : OOB 0.4632 : L 22 : T 1.1 sec
 - d_sub 300 : OOB 0.4656 : L 23 : T 1.1 sec
 - d_sub 300 : OOB 0.4630 : L 24 : T 1.2 sec
 - d_sub 300 : OOB 0.4631 : L 25 : T 1.2 sec
 - d_sub 300 : OOB 0.4636 : L 26 : T 1.3 sec
 - d_sub 300 : OOB 0.4631 : L 27 : T 1.3 sec
 - d_sub 300 : OOB 0.4635 : L 28 : T 1.4 sec
 - d_sub 300 : OOB 0.4622 : L 29 : T 1.4 sec
 - d_sub 300 : OOB 0.4629 : L 30 : T 1.4 sec
# -------------------------
optimal d_sub 300 : OOB 0.4629 : L 30 : T 1.4 sec
# -------------------------
# Ensemble classification
#  - Training samples: 10000 (5000/5000)
#  - Feature-space dimensionality: 24157
#  - L : 30
#  - d_sub : 300
#  - Seed 1 (subspaces) : 34087609
#  - Seed 2 (bootstrap) : 550897396
# -------------------------

 - d_sub 300 : OOB 0.4882 : L 1 : T 0.1 sec
 - d_sub 300 : OOB 0.4788 : L 2 : T 0.1 sec
 - d_sub 300 : OOB 0.4796 : L 3 : T 0.2 sec
 - d_sub 300 : OOB 0.4804 : L 4 : T 0.2 sec
 - d_sub 300 : OOB 0.4723 : L 5 : T 0.3 sec
 - d_sub 300 : OOB 0.4720 : L 6 : T 0.3 sec
 - d_sub 300 : OOB 0.4735 : L 7 : T 0.4 sec
 - d_sub 300 : OOB 0.4732 : L 8 : T 0.4 sec
 - d_sub 300 : OOB 0.4687 : L 9 : T 0.4 sec
 - d_sub 300 : OOB 0.4699 : L 10 : T 0.5 sec
 - d_sub 300 : OOB 0.4676 : L 11 : T 0.5 sec
 - d_sub 300 : OOB 0.4694 : L 12 : T 0.6 sec
 - d_sub 300 : OOB 0.4716 : L 13 : T 0.6 sec
 - d_sub 300 : OOB 0.4706 : L 14 : T 0.7 sec
 - d_sub 300 : OOB 0.4713 : L 15 : T 0.7 sec
 - d_sub 300 : OOB 0.4664 : L 16 : T 0.8 sec
 - d_sub 300 : OOB 0.4686 : L 17 : T 0.8 sec
 - d_sub 300 : OOB 0.4681 : L 18 : T 0.9 sec
 - d_sub 300 : OOB 0.4638 : L 19 : T 0.9 sec
 - d_sub 300 : OOB 0.4656 : L 20 : T 1.0 sec
 - d_sub 300 : OOB 0.4672 : L 21 : T 1.0 sec
 - d_sub 300 : OOB 0.4660 : L 22 : T 1.1 sec
 - d_sub 300 : OOB 0.4667 : L 23 : T 1.1 sec
 - d_sub 300 : OOB 0.4650 : L 24 : T 1.2 sec
 - d_sub 300 : OOB 0.4678 : L 25 : T 1.2 sec
 - d_sub 300 : OOB 0.4680 : L 26 : T 1.3 sec
 - d_sub 300 : OOB 0.4662 : L 27 : T 1.3 sec
 - d_sub 300 : OOB 0.4652 : L 28 : T 1.4 sec
 - d_sub 300 : OOB 0.4672 : L 29 : T 1.4 sec
 - d_sub 300 : OOB 0.4636 : L 30 : T 1.5 sec
# -------------------------
optimal d_sub 300 : OOB 0.4636 : L 30 : T 1.5 sec
# -------------------------
# Ensemble classification
#  - Training samples: 10000 (5000/5000)
#  - Feature-space dimensionality: 24157
#  - L : 30
#  - d_sub : 300
#  - Seed 1 (subspaces) : 997300377
#  - Seed 2 (bootstrap) : 579298678
# -------------------------

 - d_sub 300 : OOB 0.4884 : L 1 : T 0.0 sec
 - d_sub 300 : OOB 0.4812 : L 2 : T 0.1 sec
 - d_sub 300 : OOB 0.4814 : L 3 : T 0.1 sec
 - d_sub 300 : OOB 0.4806 : L 4 : T 0.2 sec
 - d_sub 300 : OOB 0.4740 : L 5 : T 0.2 sec
 - d_sub 300 : OOB 0.4732 : L 6 : T 0.3 sec
 - d_sub 300 : OOB 0.4755 : L 7 : T 0.3 sec
 - d_sub 300 : OOB 0.4746 : L 8 : T 0.4 sec
 - d_sub 300 : OOB 0.4710 : L 9 : T 0.4 sec
 - d_sub 300 : OOB 0.4725 : L 10 : T 0.5 sec
 - d_sub 300 : OOB 0.4690 : L 11 : T 0.5 sec
 - d_sub 300 : OOB 0.4706 : L 12 : T 0.6 sec
 - d_sub 300 : OOB 0.4730 : L 13 : T 0.6 sec
 - d_sub 300 : OOB 0.4710 : L 14 : T 0.7 sec
 - d_sub 300 : OOB 0.4724 : L 15 : T 0.7 sec
 - d_sub 300 : OOB 0.4679 : L 16 : T 0.8 sec
 - d_sub 300 : OOB 0.4694 : L 17 : T 0.8 sec
 - d_sub 300 : OOB 0.4676 : L 18 : T 0.9 sec
 - d_sub 300 : OOB 0.4697 : L 19 : T 0.9 sec
 - d_sub 300 : OOB 0.4719 : L 20 : T 1.0 sec
 - d_sub 300 : OOB 0.4695 : L 21 : T 1.0 sec
 - d_sub 300 : OOB 0.4685 : L 22 : T 1.1 sec
 - d_sub 300 : OOB 0.4699 : L 23 : T 1.1 sec
 - d_sub 300 : OOB 0.4687 : L 24 : T 1.2 sec
 - d_sub 300 : OOB 0.4682 : L 25 : T 1.2 sec
 - d_sub 300 : OOB 0.4682 : L 26 : T 1.3 sec
 - d_sub 300 : OOB 0.4677 : L 27 : T 1.3 sec
 - d_sub 300 : OOB 0.4690 : L 28 : T 1.4 sec
 - d_sub 300 : OOB 0.4637 : L 29 : T 1.4 sec
 - d_sub 300 : OOB 0.4632 : L 30 : T 1.5 sec
# -------------------------
optimal d_sub 300 : OOB 0.4632 : L 30 : T 1.5 sec
# -------------------------
# Ensemble classification
#  - Training samples: 10000 (5000/5000)
#  - Feature-space dimensionality: 24157
#  - L : 30
#  - d_sub : 300
#  - Seed 1 (subspaces) : 731827181
#  - Seed 2 (bootstrap) : 141973794
# -------------------------

 - d_sub 300 : OOB 0.4872 : L 1 : T 0.0 sec
 - d_sub 300 : OOB 0.4802 : L 2 : T 0.1 sec
 - d_sub 300 : OOB 0.4812 : L 3 : T 0.1 sec
 - d_sub 300 : OOB 0.4835 : L 4 : T 0.2 sec
 - d_sub 300 : OOB 0.4746 : L 5 : T 0.2 sec
 - d_sub 300 : OOB 0.4721 : L 6 : T 0.3 sec
 - d_sub 300 : OOB 0.4720 : L 7 : T 0.3 sec
 - d_sub 300 : OOB 0.4711 : L 8 : T 0.4 sec
 - d_sub 300 : OOB 0.4694 : L 9 : T 0.5 sec
 - d_sub 300 : OOB 0.4697 : L 10 : T 0.5 sec
 - d_sub 300 : OOB 0.4668 : L 11 : T 0.6 sec
 - d_sub 300 : OOB 0.4727 : L 12 : T 0.6 sec
 - d_sub 300 : OOB 0.4686 : L 13 : T 0.7 sec
 - d_sub 300 : OOB 0.4659 : L 14 : T 0.7 sec
 - d_sub 300 : OOB 0.4656 : L 15 : T 0.8 sec
 - d_sub 300 : OOB 0.4668 : L 16 : T 0.8 sec
 - d_sub 300 : OOB 0.4651 : L 17 : T 0.8 sec
 - d_sub 300 : OOB 0.4653 : L 18 : T 0.9 sec
 - d_sub 300 : OOB 0.4664 : L 19 : T 0.9 sec
 - d_sub 300 : OOB 0.4656 : L 20 : T 1.0 sec
 - d_sub 300 : OOB 0.4650 : L 21 : T 1.0 sec
 - d_sub 300 : OOB 0.4638 : L 22 : T 1.1 sec
 - d_sub 300 : OOB 0.4652 : L 23 : T 1.1 sec
 - d_sub 300 : OOB 0.4659 : L 24 : T 1.2 sec
 - d_sub 300 : OOB 0.4675 : L 25 : T 1.2 sec
 - d_sub 300 : OOB 0.4657 : L 26 : T 1.3 sec
 - d_sub 300 : OOB 0.4670 : L 27 : T 1.3 sec
 - d_sub 300 : OOB 0.4664 : L 28 : T 1.4 sec
 - d_sub 300 : OOB 0.4651 : L 29 : T 1.4 sec
 - d_sub 300 : OOB 0.4658 : L 30 : T 1.5 sec
# -------------------------
optimal d_sub 300 : OOB 0.4658 : L 30 : T 1.5 sec
# -------------------------
Average OOB error = 0.46443 (+/- 0.00197)
# -------------------------
# Ensemble classification
#  - Training samples: 10000 (5000/5000)
#  - Feature-space dimensionality: 24157
#  - L : 30
#  - d_sub : 300
#  - Seed 1 (subspaces) : 5
#  - Seed 2 (bootstrap) : 73
# -------------------------

 - d_sub 300 : OOB 0.4871 : L 1 : T 0.0 sec
 - d_sub 300 : OOB 0.4782 : L 2 : T 0.1 sec
 - d_sub 300 : OOB 0.4778 : L 3 : T 0.1 sec
 - d_sub 300 : OOB 0.4801 : L 4 : T 0.2 sec
 - d_sub 300 : OOB 0.4748 : L 5 : T 0.2 sec
 - d_sub 300 : OOB 0.4722 : L 6 : T 0.3 sec
 - d_sub 300 : OOB 0.4784 : L 7 : T 0.3 sec
 - d_sub 300 : OOB 0.4732 : L 8 : T 0.4 sec
 - d_sub 300 : OOB 0.4739 : L 9 : T 0.4 sec
 - d_sub 300 : OOB 0.4686 : L 10 : T 0.5 sec
 - d_sub 300 : OOB 0.4686 : L 11 : T 0.5 sec
 - d_sub 300 : OOB 0.4647 : L 12 : T 0.6 sec
 - d_sub 300 : OOB 0.4674 : L 13 : T 0.6 sec
 - d_sub 300 : OOB 0.4707 : L 14 : T 0.7 sec
 - d_sub 300 : OOB 0.4683 : L 15 : T 0.8 sec
 - d_sub 300 : OOB 0.4668 : L 16 : T 0.8 sec
 - d_sub 300 : OOB 0.4666 : L 17 : T 0.9 sec
 - d_sub 300 : OOB 0.4693 : L 18 : T 0.9 sec
 - d_sub 300 : OOB 0.4666 : L 19 : T 1.0 sec
 - d_sub 300 : OOB 0.4661 : L 20 : T 1.0 sec
 - d_sub 300 : OOB 0.4655 : L 21 : T 1.1 sec
 - d_sub 300 : OOB 0.4676 : L 22 : T 1.1 sec
 - d_sub 300 : OOB 0.4672 : L 23 : T 1.2 sec
 - d_sub 300 : OOB 0.4668 : L 24 : T 1.2 sec
 - d_sub 300 : OOB 0.4668 : L 25 : T 1.3 sec
 - d_sub 300 : OOB 0.4668 : L 26 : T 1.3 sec
 - d_sub 300 : OOB 0.4680 : L 27 : T 1.4 sec
 - d_sub 300 : OOB 0.4697 : L 28 : T 1.4 sec
 - d_sub 300 : OOB 0.4689 : L 29 : T 1.5 sec
 - d_sub 300 : OOB 0.4677 : L 30 : T 1.5 sec
# -------------------------
optimal d_sub 300 : OOB 0.4677 : L 30 : T 1.5 sec
OOB error = 0.4662
optimal d_sub 300 : OOB 0.4628 : L 30 : T 1.5 sec
optimal d_sub 300 : OOB 0.4633 : L 68 : T 3.1 sec
Testing error 1: 0.4622
optimal d_sub 300 : OOB 0.4605 : L 103 : T 4.7 sec
Testing error 2: 0.4599
optimal d_sub 300 : OOB 0.4618 : L 59 : T 2.6 sec
Testing error 3: 0.4590
optimal d_sub 300 : OOB 0.4606 : L 63 : T 3.1 sec
Testing error 4: 0.4637
optimal d_sub 300 : OOB 0.4620 : L 70 : T 3.1 sec
Testing error 5: 0.4606
optimal d_sub 300 : OOB 0.4646 : L 67 : T 3.1 sec
Testing error 6: 0.4606
optimal d_sub 300 : OOB 0.4626 : L 72 : T 3.1 sec
Testing error 7: 0.4626
optimal d_sub 300 : OOB 0.4616 : L 64 : T 2.8 sec
Testing error 8: 0.4600
optimal d_sub 300 : OOB 0.4638 : L 65 : T 2.9 sec
Testing error 9: 0.4596
optimal d_sub 300 : OOB 0.4633 : L 69 : T 3.0 sec
Testing error 10: 0.4589
---
Average testing error over 10 splits: 0.4607 (+/- 0.0016)
