# -------------------------
# Ensemble classification
#  - Training samples: 10000 (5000/5000)
#  - Feature-space dimensionality: 18157
#  - L : automatic (min 25, max 500, length 50, eps 0.00500)
#  - d_sub : automatic (Eoob tolerance 0.0200, step 200)
#  - Seed 1 (subspaces) : 576497471
#  - Seed 2 (bootstrap) : 837644258
# -------------------------

 - d_sub 200 : OOB 0.4154 : L 1 : T 0.0 sec
 - d_sub 200 : OOB 0.3680 : L 2 : T 0.1 sec
 - d_sub 200 : OOB 0.3397 : L 3 : T 0.1 sec
 - d_sub 200 : OOB 0.3219 : L 4 : T 0.1 sec
 - d_sub 200 : OOB 0.3056 : L 5 : T 0.1 sec
 - d_sub 200 : OOB 0.2932 : L 6 : T 0.2 sec
 - d_sub 200 : OOB 0.2811 : L 7 : T 0.2 sec
 - d_sub 200 : OOB 0.2778 : L 8 : T 0.2 sec
 - d_sub 200 : OOB 0.2747 : L 9 : T 0.3 sec
 - d_sub 200 : OOB 0.2697 : L 10 : T 0.3 sec
 - d_sub 200 : OOB 0.2669 : L 11 : T 0.3 sec
 - d_sub 200 : OOB 0.2655 : L 12 : T 0.4 sec
 - d_sub 200 : OOB 0.2615 : L 13 : T 0.4 sec
 - d_sub 200 : OOB 0.2614 : L 14 : T 0.4 sec
 - d_sub 200 : OOB 0.2602 : L 15 : T 0.4 sec
 - d_sub 200 : OOB 0.2593 : L 16 : T 0.5 sec
 - d_sub 200 : OOB 0.2577 : L 17 : T 0.5 sec
 - d_sub 200 : OOB 0.2606 : L 18 : T 0.5 sec
 - d_sub 200 : OOB 0.2574 : L 19 : T 0.6 sec
 - d_sub 200 : OOB 0.2558 : L 20 : T 0.6 sec
 - d_sub 200 : OOB 0.2579 : L 21 : T 0.6 sec
 - d_sub 200 : OOB 0.2586 : L 22 : T 0.6 sec
 - d_sub 200 : OOB 0.2567 : L 23 : T 0.7 sec
 - d_sub 200 : OOB 0.2550 : L 24 : T 0.7 sec
 - d_sub 200 : OOB 0.2559 : L 25 : T 0.7 sec
 - d_sub 200 : OOB 0.2556 : L 26 : T 0.8 sec
 - d_sub 200 : OOB 0.2575 : L 27 : T 0.8 sec
 - d_sub 200 : OOB 0.2548 : L 28 : T 0.8 sec
 - d_sub 200 : OOB 0.2534 : L 29 : T 0.8 sec
 - d_sub 200 : OOB 0.2540 : L 30 : T 0.9 sec
 - d_sub 200 : OOB 0.2556 : L 31 : T 0.9 sec
 - d_sub 200 : OOB 0.2536 : L 32 : T 0.9 sec
 - d_sub 200 : OOB 0.2525 : L 33 : T 1.0 sec
 - d_sub 200 : OOB 0.2523 : L 34 : T 1.0 sec
 - d_sub 200 : OOB 0.2517 : L 35 : T 1.0 sec
 - d_sub 200 : OOB 0.2504 : L 36 : T 1.0 sec
 - d_sub 200 : OOB 0.2515 : L 37 : T 1.1 sec
 - d_sub 200 : OOB 0.2509 : L 38 : T 1.1 sec
 - d_sub 200 : OOB 0.2499 : L 39 : T 1.1 sec
 - d_sub 200 : OOB 0.2518 : L 40 : T 1.2 sec
 - d_sub 200 : OOB 0.2505 : L 41 : T 1.2 sec
 - d_sub 200 : OOB 0.2511 : L 42 : T 1.2 sec
 - d_sub 200 : OOB 0.2497 : L 43 : T 1.2 sec
 - d_sub 200 : OOB 0.2482 : L 44 : T 1.3 sec
 - d_sub 200 : OOB 0.2502 : L 45 : T 1.3 sec
 - d_sub 200 : OOB 0.2504 : L 46 : T 1.3 sec
 - d_sub 200 : OOB 0.2496 : L 47 : T 1.4 sec
 - d_sub 200 : OOB 0.2489 : L 48 : T 1.4 sec
 - d_sub 200 : OOB 0.2489 : L 49 : T 1.4 sec
 - d_sub 200 : OOB 0.2468 : L 50 : T 1.4 sec
 - d_sub 200 : OOB 0.2472 : L 51 : T 1.5 sec
 - d_sub 200 : OOB 0.2482 : L 52 : T 1.5 sec
 - d_sub 200 : OOB 0.2485 : L 53 : T 1.5 sec
 - d_sub 200 : OOB 0.2488 : L 54 : T 1.6 sec
 - d_sub 200 : OOB 0.2483 : L 55 : T 1.6 sec
 - d_sub 200 : OOB 0.2469 : L 56 : T 1.6 sec
 - d_sub 200 : OOB 0.2471 : L 57 : T 1.7 sec
 - d_sub 200 : OOB 0.2467 : L 58 : T 1.7 sec
 - d_sub 200 : OOB 0.2458 : L 59 : T 1.7 sec
 - d_sub 200 : OOB 0.2462 : L 60 : T 1.7 sec
 - d_sub 200 : OOB 0.2471 : L 61 : T 1.8 sec
 - d_sub 200 : OOB 0.2463 : L 62 : T 1.8 sec
 - d_sub 200 : OOB 0.2473 : L 63 : T 1.8 sec
 - d_sub 200 : OOB 0.2463 : L 64 : T 1.9 sec
 - d_sub 200 : OOB 0.2471 : L 65 : T 1.9 sec
 - d_sub 200 : OOB 0.2459 : L 66 : T 1.9 sec
 - d_sub 200 : OOB 0.2457 : L 67 : T 2.0 sec
 - d_sub 200 : OOB 0.2462 : L 68 : T 2.0 sec
 - d_sub 200 : OOB 0.2475 : L 69 : T 2.0 sec
 - d_sub 200 : OOB 0.2463 : L 70 : T 2.0 sec
 - d_sub 200 : OOB 0.2465 : L 71 : T 2.1 sec
 - d_sub 200 : OOB 0.2455 : L 72 : T 2.1 sec
 - d_sub 200 : OOB 0.2465 : L 73 : T 2.1 sec
 - d_sub 200 : OOB 0.2471 : L 74 : T 2.2 sec
 - d_sub 200 : OOB 0.2451 : L 75 : T 2.2 sec
 - d_sub 200 : OOB 0.2457 : L 76 : T 2.2 sec
 - d_sub 200 : OOB 0.2450 : L 77 : T 2.3 sec
 - d_sub 200 : OOB 0.2455 : L 78 : T 2.3 sec
 - d_sub 200 : OOB 0.2459 : L 79 : T 2.3 sec
 - d_sub 200 : OOB 0.2451 : L 80 : T 2.3 sec
 - d_sub 200 : OOB 0.2442 : L 81 : T 2.4 sec
 - d_sub 200 : OOB 0.2449 : L 82 : T 2.4 sec
 - d_sub 200 : OOB 0.2441 : L 83 : T 2.4 sec
 - d_sub 200 : OOB 0.2436 : L 84 : T 2.4 sec
 - d_sub 200 : OOB 0.2442 : L 85 : T 2.5 sec
 - d_sub 200 : OOB 0.2443 : L 86 : T 2.5 sec
 - d_sub 200 : OOB 0.2435 : L 87 : T 2.5 sec
 - d_sub 200 : OOB 0.2430 : L 88 : T 2.6 sec
 - d_sub 200 : OOB 0.2447 : L 89 : T 2.6 sec
 - d_sub 200 : OOB 0.2453 : L 90 : T 2.6 sec
 - d_sub 200 : OOB 0.2454 : L 91 : T 2.7 sec
 - d_sub 200 : OOB 0.2452 : L 92 : T 2.7 sec
 - d_sub 200 : OOB 0.2444 : L 93 : T 2.7 sec
 - d_sub 200 : OOB 0.2448 : L 94 : T 2.7 sec
 - d_sub 200 : OOB 0.2443 : L 95 : T 2.8 sec
 - d_sub 200 : OOB 0.2448 : L 96 : T 2.8 sec

 - d_sub 400 : OOB 0.4124 : L 1 : T 1.9 sec
 - d_sub 400 : OOB 0.3563 : L 2 : T 1.9 sec
 - d_sub 400 : OOB 0.3248 : L 3 : T 2.0 sec
 - d_sub 400 : OOB 0.3048 : L 4 : T 2.0 sec
 - d_sub 400 : OOB 0.2867 : L 5 : T 2.1 sec
 - d_sub 400 : OOB 0.2761 : L 6 : T 3.8 sec
 - d_sub 400 : OOB 0.2605 : L 7 : T 4.6 sec
 - d_sub 400 : OOB 0.2527 : L 8 : T 5.3 sec
 - d_sub 400 : OOB 0.2505 : L 9 : T 5.4 sec
 - d_sub 400 : OOB 0.2438 : L 10 : T 5.7 sec
 - d_sub 400 : OOB 0.2448 : L 11 : T 5.9 sec
 - d_sub 400 : OOB 0.2398 : L 12 : T 6.1 sec
 - d_sub 400 : OOB 0.2387 : L 13 : T 6.5 sec
 - d_sub 400 : OOB 0.2373 : L 14 : T 6.8 sec
 - d_sub 400 : OOB 0.2351 : L 15 : T 6.8 sec
 - d_sub 400 : OOB 0.2354 : L 16 : T 7.2 sec
 - d_sub 400 : OOB 0.2330 : L 17 : T 7.5 sec
 - d_sub 400 : OOB 0.2333 : L 18 : T 7.5 sec
 - d_sub 400 : OOB 0.2336 : L 19 : T 8.0 sec
 - d_sub 400 : OOB 0.2300 : L 20 : T 8.3 sec
 - d_sub 400 : OOB 0.2307 : L 21 : T 8.5 sec
 - d_sub 400 : OOB 0.2281 : L 22 : T 8.7 sec
 - d_sub 400 : OOB 0.2292 : L 23 : T 8.8 sec
 - d_sub 400 : OOB 0.2287 : L 24 : T 8.9 sec
 - d_sub 400 : OOB 0.2270 : L 25 : T 9.2 sec
 - d_sub 400 : OOB 0.2278 : L 26 : T 9.4 sec
 - d_sub 400 : OOB 0.2272 : L 27 : T 9.8 sec
 - d_sub 400 : OOB 0.2282 : L 28 : T 10.0 sec
 - d_sub 400 : OOB 0.2292 : L 29 : T 10.2 sec
 - d_sub 400 : OOB 0.2279 : L 30 : T 10.4 sec
 - d_sub 400 : OOB 0.2276 : L 31 : T 10.8 sec
 - d_sub 400 : OOB 0.2266 : L 32 : T 11.0 sec
 - d_sub 400 : OOB 0.2280 : L 33 : T 11.3 sec
 - d_sub 400 : OOB 0.2272 : L 34 : T 11.6 sec
 - d_sub 400 : OOB 0.2265 : L 35 : T 11.7 sec
 - d_sub 400 : OOB 0.2268 : L 36 : T 11.8 sec
 - d_sub 400 : OOB 0.2246 : L 37 : T 12.0 sec
 - d_sub 400 : OOB 0.2258 : L 38 : T 12.2 sec
 - d_sub 400 : OOB 0.2245 : L 39 : T 12.6 sec
 - d_sub 400 : OOB 0.2229 : L 40 : T 12.8 sec
 - d_sub 400 : OOB 0.2235 : L 41 : T 13.3 sec
 - d_sub 400 : OOB 0.2221 : L 42 : T 13.5 sec
 - d_sub 400 : OOB 0.2208 : L 43 : T 13.6 sec
 - d_sub 400 : OOB 0.2238 : L 44 : T 13.8 sec
 - d_sub 400 : OOB 0.2227 : L 45 : T 13.9 sec
 - d_sub 400 : OOB 0.2243 : L 46 : T 14.2 sec
 - d_sub 400 : OOB 0.2245 : L 47 : T 14.6 sec
 - d_sub 400 : OOB 0.2235 : L 48 : T 14.9 sec
 - d_sub 400 : OOB 0.2242 : L 49 : T 15.4 sec
 - d_sub 400 : OOB 0.2237 : L 50 : T 15.8 sec
 - d_sub 400 : OOB 0.2244 : L 51 : T 16.3 sec
 - d_sub 400 : OOB 0.2234 : L 52 : T 16.8 sec
 - d_sub 400 : OOB 0.2229 : L 53 : T 17.0 sec
 - d_sub 400 : OOB 0.2218 : L 54 : T 17.2 sec
 - d_sub 400 : OOB 0.2209 : L 55 : T 17.4 sec
 - d_sub 400 : OOB 0.2219 : L 56 : T 17.8 sec
 - d_sub 400 : OOB 0.2224 : L 57 : T 18.2 sec
 - d_sub 400 : OOB 0.2223 : L 58 : T 18.5 sec
 - d_sub 400 : OOB 0.2215 : L 59 : T 18.9 sec
 - d_sub 400 : OOB 0.2206 : L 60 : T 19.4 sec
 - d_sub 400 : OOB 0.2203 : L 61 : T 19.6 sec
 - d_sub 400 : OOB 0.2197 : L 62 : T 19.9 sec
 - d_sub 400 : OOB 0.2204 : L 63 : T 20.2 sec
 - d_sub 400 : OOB 0.2199 : L 64 : T 20.3 sec
 - d_sub 400 : OOB 0.2205 : L 65 : T 20.6 sec
 - d_sub 400 : OOB 0.2200 : L 66 : T 21.0 sec
 - d_sub 400 : OOB 0.2214 : L 67 : T 21.3 sec
 - d_sub 400 : OOB 0.2202 : L 68 : T 21.6 sec
 - d_sub 400 : OOB 0.2195 : L 69 : T 22.0 sec
 - d_sub 400 : OOB 0.2194 : L 70 : T 22.1 sec
 - d_sub 400 : OOB 0.2197 : L 71 : T 22.3 sec
 - d_sub 400 : OOB 0.2213 : L 72 : T 22.5 sec
 - d_sub 400 : OOB 0.2213 : L 73 : T 22.8 sec
 - d_sub 400 : OOB 0.2201 : L 74 : T 23.0 sec
 - d_sub 400 : OOB 0.2212 : L 75 : T 23.3 sec
 - d_sub 400 : OOB 0.2202 : L 76 : T 23.7 sec
 - d_sub 400 : OOB 0.2207 : L 77 : T 23.8 sec
 - d_sub 400 : OOB 0.2210 : L 78 : T 24.2 sec
 - d_sub 400 : OOB 0.2199 : L 79 : T 24.6 sec
 - d_sub 400 : OOB 0.2202 : L 80 : T 24.8 sec
 - d_sub 400 : OOB 0.2197 : L 81 : T 25.0 sec
 - d_sub 400 : OOB 0.2203 : L 82 : T 25.2 sec
 - d_sub 400 : OOB 0.2208 : L 83 : T 25.4 sec
 - d_sub 400 : OOB 0.2206 : L 84 : T 25.8 sec
 - d_sub 400 : OOB 0.2199 : L 85 : T 26.3 sec

 - d_sub 600 : OOB 0.4060 : L 1 : T 2.2 sec
 - d_sub 600 : OOB 0.3438 : L 2 : T 2.3 sec
 - d_sub 600 : OOB 0.3148 : L 3 : T 2.4 sec
 - d_sub 600 : OOB 0.2856 : L 4 : T 2.9 sec
 - d_sub 600 : OOB 0.2694 : L 5 : T 4.2 sec
 - d_sub 600 : OOB 0.2604 : L 6 : T 5.2 sec
 - d_sub 600 : OOB 0.2550 : L 7 : T 5.9 sec
 - d_sub 600 : OOB 0.2498 : L 8 : T 6.4 sec
 - d_sub 600 : OOB 0.2444 : L 9 : T 6.6 sec
 - d_sub 600 : OOB 0.2366 : L 10 : T 6.9 sec
 - d_sub 600 : OOB 0.2342 : L 11 : T 7.1 sec
 - d_sub 600 : OOB 0.2311 : L 12 : T 7.5 sec
 - d_sub 600 : OOB 0.2273 : L 13 : T 7.8 sec
 - d_sub 600 : OOB 0.2278 : L 14 : T 8.2 sec
 - d_sub 600 : OOB 0.2262 : L 15 : T 9.0 sec
 - d_sub 600 : OOB 0.2207 : L 16 : T 9.3 sec
 - d_sub 600 : OOB 0.2206 : L 17 : T 9.5 sec
 - d_sub 600 : OOB 0.2226 : L 18 : T 9.7 sec
 - d_sub 600 : OOB 0.2223 : L 19 : T 9.9 sec
 - d_sub 600 : OOB 0.2232 : L 20 : T 10.1 sec
 - d_sub 600 : OOB 0.2209 : L 21 : T 10.2 sec
 - d_sub 600 : OOB 0.2202 : L 22 : T 10.3 sec
 - d_sub 600 : OOB 0.2202 : L 23 : T 10.4 sec
 - d_sub 600 : OOB 0.2194 : L 24 : T 10.6 sec
 - d_sub 600 : OOB 0.2204 : L 25 : T 10.6 sec
 - d_sub 600 : OOB 0.2204 : L 26 : T 10.9 sec
 - d_sub 600 : OOB 0.2190 : L 27 : T 10.9 sec
 - d_sub 600 : OOB 0.2195 : L 28 : T 11.3 sec
 - d_sub 600 : OOB 0.2166 : L 29 : T 11.4 sec
 - d_sub 600 : OOB 0.2151 : L 30 : T 11.7 sec
 - d_sub 600 : OOB 0.2158 : L 31 : T 11.9 sec
 - d_sub 600 : OOB 0.2165 : L 32 : T 11.9 sec
 - d_sub 600 : OOB 0.2164 : L 33 : T 12.1 sec
 - d_sub 600 : OOB 0.2132 : L 34 : T 12.2 sec
 - d_sub 600 : OOB 0.2129 : L 35 : T 12.3 sec
 - d_sub 600 : OOB 0.2151 : L 36 : T 12.5 sec
 - d_sub 600 : OOB 0.2142 : L 37 : T 12.6 sec
 - d_sub 600 : OOB 0.2150 : L 38 : T 12.8 sec
 - d_sub 600 : OOB 0.2146 : L 39 : T 12.9 sec
 - d_sub 600 : OOB 0.2150 : L 40 : T 13.2 sec
 - d_sub 600 : OOB 0.2158 : L 41 : T 13.4 sec
 - d_sub 600 : OOB 0.2161 : L 42 : T 13.7 sec
 - d_sub 600 : OOB 0.2150 : L 43 : T 13.8 sec
 - d_sub 600 : OOB 0.2153 : L 44 : T 13.9 sec
 - d_sub 600 : OOB 0.2157 : L 45 : T 14.0 sec
 - d_sub 600 : OOB 0.2143 : L 46 : T 14.2 sec
 - d_sub 600 : OOB 0.2150 : L 47 : T 14.7 sec
 - d_sub 600 : OOB 0.2143 : L 48 : T 14.8 sec
 - d_sub 600 : OOB 0.2152 : L 49 : T 15.0 sec
 - d_sub 600 : OOB 0.2140 : L 50 : T 15.1 sec
 - d_sub 600 : OOB 0.2148 : L 51 : T 15.3 sec
 - d_sub 600 : OOB 0.2123 : L 52 : T 15.4 sec
 - d_sub 600 : OOB 0.2126 : L 53 : T 15.5 sec
 - d_sub 600 : OOB 0.2122 : L 54 : T 15.6 sec
 - d_sub 600 : OOB 0.2117 : L 55 : T 15.7 sec
 - d_sub 600 : OOB 0.2111 : L 56 : T 16.0 sec
 - d_sub 600 : OOB 0.2104 : L 57 : T 16.1 sec
 - d_sub 600 : OOB 0.2112 : L 58 : T 16.2 sec
 - d_sub 600 : OOB 0.2115 : L 59 : T 16.5 sec
 - d_sub 600 : OOB 0.2109 : L 60 : T 16.6 sec
 - d_sub 600 : OOB 0.2113 : L 61 : T 16.7 sec
 - d_sub 600 : OOB 0.2099 : L 62 : T 16.8 sec
 - d_sub 600 : OOB 0.2109 : L 63 : T 17.0 sec
 - d_sub 600 : OOB 0.2108 : L 64 : T 17.1 sec
 - d_sub 600 : OOB 0.2109 : L 65 : T 17.2 sec
 - d_sub 600 : OOB 0.2109 : L 66 : T 17.4 sec
 - d_sub 600 : OOB 0.2103 : L 67 : T 17.5 sec
 - d_sub 600 : OOB 0.2099 : L 68 : T 17.8 sec
 - d_sub 600 : OOB 0.2096 : L 69 : T 18.1 sec
 - d_sub 600 : OOB 0.2089 : L 70 : T 18.5 sec
 - d_sub 600 : OOB 0.2096 : L 71 : T 18.6 sec
 - d_sub 600 : OOB 0.2099 : L 72 : T 18.7 sec
 - d_sub 600 : OOB 0.2111 : L 73 : T 19.0 sec
 - d_sub 600 : OOB 0.2106 : L 74 : T 19.1 sec
 - d_sub 600 : OOB 0.2103 : L 75 : T 19.4 sec
 - d_sub 600 : OOB 0.2096 : L 76 : T 19.8 sec
 - d_sub 600 : OOB 0.2111 : L 77 : T 20.0 sec
 - d_sub 600 : OOB 0.2114 : L 78 : T 20.4 sec
 - d_sub 600 : OOB 0.2108 : L 79 : T 20.6 sec
 - d_sub 600 : OOB 0.2114 : L 80 : T 20.8 sec
 - d_sub 600 : OOB 0.2115 : L 81 : T 21.0 sec
 - d_sub 600 : OOB 0.2110 : L 82 : T 21.3 sec
 - d_sub 600 : OOB 0.2104 : L 83 : T 21.5 sec
 - d_sub 600 : OOB 0.2089 : L 84 : T 21.7 sec
 - d_sub 600 : OOB 0.2101 : L 85 : T 21.8 sec
 - d_sub 600 : OOB 0.2103 : L 86 : T 22.2 sec
 - d_sub 600 : OOB 0.2102 : L 87 : T 22.4 sec
 - d_sub 600 : OOB 0.2096 : L 88 : T 22.6 sec
 - d_sub 600 : OOB 0.2096 : L 89 : T 22.8 sec
 - d_sub 600 : OOB 0.2095 : L 90 : T 23.1 sec
 - d_sub 600 : OOB 0.2099 : L 91 : T 23.3 sec
 - d_sub 600 : OOB 0.2096 : L 92 : T 23.5 sec
 - d_sub 600 : OOB 0.2100 : L 93 : T 23.6 sec
 - d_sub 600 : OOB 0.2089 : L 94 : T 23.7 sec
 - d_sub 600 : OOB 0.2078 : L 95 : T 24.0 sec
 - d_sub 600 : OOB 0.2085 : L 96 : T 24.1 sec
 - d_sub 600 : OOB 0.2088 : L 97 : T 24.3 sec
 - d_sub 600 : OOB 0.2096 : L 98 : T 24.6 sec
 - d_sub 600 : OOB 0.2093 : L 99 : T 24.8 sec

 - d_sub 800 : OOB 0.4080 : L 1 : T 0.3 sec
 - d_sub 800 : OOB 0.3480 : L 2 : T 0.6 sec
 - d_sub 800 : OOB 0.3163 : L 3 : T 0.9 sec
 - d_sub 800 : OOB 0.2892 : L 4 : T 1.2 sec
 - d_sub 800 : OOB 0.2677 : L 5 : T 1.5 sec
 - d_sub 800 : OOB 0.2545 : L 6 : T 1.8 sec
 - d_sub 800 : OOB 0.2495 : L 7 : T 2.0 sec
 - d_sub 800 : OOB 0.2450 : L 8 : T 2.3 sec
 - d_sub 800 : OOB 0.2393 : L 9 : T 2.6 sec
 - d_sub 800 : OOB 0.2342 : L 10 : T 3.1 sec
 - d_sub 800 : OOB 0.2324 : L 11 : T 3.5 sec
 - d_sub 800 : OOB 0.2255 : L 12 : T 4.0 sec
 - d_sub 800 : OOB 0.2232 : L 13 : T 4.2 sec
 - d_sub 800 : OOB 0.2232 : L 14 : T 4.7 sec
 - d_sub 800 : OOB 0.2209 : L 15 : T 4.9 sec
 - d_sub 800 : OOB 0.2173 : L 16 : T 5.3 sec
 - d_sub 800 : OOB 0.2153 : L 17 : T 5.6 sec
 - d_sub 800 : OOB 0.2153 : L 18 : T 5.9 sec
 - d_sub 800 : OOB 0.2144 : L 19 : T 6.1 sec
 - d_sub 800 : OOB 0.2143 : L 20 : T 6.4 sec
 - d_sub 800 : OOB 0.2159 : L 21 : T 6.7 sec
 - d_sub 800 : OOB 0.2133 : L 22 : T 6.9 sec
 - d_sub 800 : OOB 0.2152 : L 23 : T 7.1 sec
 - d_sub 800 : OOB 0.2122 : L 24 : T 7.5 sec
 - d_sub 800 : OOB 0.2131 : L 25 : T 7.9 sec
 - d_sub 800 : OOB 0.2135 : L 26 : T 8.2 sec
 - d_sub 800 : OOB 0.2145 : L 27 : T 8.7 sec
 - d_sub 800 : OOB 0.2131 : L 28 : T 9.1 sec
 - d_sub 800 : OOB 0.2114 : L 29 : T 9.3 sec
 - d_sub 800 : OOB 0.2109 : L 30 : T 9.6 sec
 - d_sub 800 : OOB 0.2113 : L 31 : T 9.9 sec
 - d_sub 800 : OOB 0.2104 : L 32 : T 10.2 sec
 - d_sub 800 : OOB 0.2079 : L 33 : T 10.5 sec
 - d_sub 800 : OOB 0.2079 : L 34 : T 10.7 sec
 - d_sub 800 : OOB 0.2070 : L 35 : T 10.8 sec
 - d_sub 800 : OOB 0.2075 : L 36 : T 11.0 sec
 - d_sub 800 : OOB 0.2092 : L 37 : T 11.2 sec
 - d_sub 800 : OOB 0.2067 : L 38 : T 11.5 sec
 - d_sub 800 : OOB 0.2085 : L 39 : T 11.8 sec
 - d_sub 800 : OOB 0.2075 : L 40 : T 12.1 sec
 - d_sub 800 : OOB 0.2087 : L 41 : T 12.6 sec
 - d_sub 800 : OOB 0.2066 : L 42 : T 12.9 sec
 - d_sub 800 : OOB 0.2068 : L 43 : T 13.3 sec
 - d_sub 800 : OOB 0.2072 : L 44 : T 13.5 sec
 - d_sub 800 : OOB 0.2079 : L 45 : T 13.9 sec
 - d_sub 800 : OOB 0.2074 : L 46 : T 14.1 sec
 - d_sub 800 : OOB 0.2079 : L 47 : T 14.2 sec
 - d_sub 800 : OOB 0.2061 : L 48 : T 14.5 sec
 - d_sub 800 : OOB 0.2052 : L 49 : T 14.7 sec
 - d_sub 800 : OOB 0.2060 : L 50 : T 15.0 sec
 - d_sub 800 : OOB 0.2055 : L 51 : T 15.2 sec
 - d_sub 800 : OOB 0.2065 : L 52 : T 15.3 sec
 - d_sub 800 : OOB 0.2067 : L 53 : T 15.4 sec
 - d_sub 800 : OOB 0.2064 : L 54 : T 15.5 sec
 - d_sub 800 : OOB 0.2061 : L 55 : T 15.7 sec
 - d_sub 800 : OOB 0.2054 : L 56 : T 15.8 sec
 - d_sub 800 : OOB 0.2041 : L 57 : T 15.9 sec
 - d_sub 800 : OOB 0.2046 : L 58 : T 16.0 sec
 - d_sub 800 : OOB 0.2046 : L 59 : T 16.2 sec
 - d_sub 800 : OOB 0.2042 : L 60 : T 16.6 sec
 - d_sub 800 : OOB 0.2048 : L 61 : T 16.9 sec
 - d_sub 800 : OOB 0.2047 : L 62 : T 17.2 sec
 - d_sub 800 : OOB 0.2040 : L 63 : T 17.3 sec
 - d_sub 800 : OOB 0.2046 : L 64 : T 17.4 sec
 - d_sub 800 : OOB 0.2044 : L 65 : T 17.7 sec
 - d_sub 800 : OOB 0.2054 : L 66 : T 17.8 sec
 - d_sub 800 : OOB 0.2041 : L 67 : T 17.9 sec
 - d_sub 800 : OOB 0.2044 : L 68 : T 18.1 sec
 - d_sub 800 : OOB 0.2046 : L 69 : T 18.2 sec
 - d_sub 800 : OOB 0.2044 : L 70 : T 18.3 sec
 - d_sub 800 : OOB 0.2047 : L 71 : T 18.6 sec
 - d_sub 800 : OOB 0.2045 : L 72 : T 18.8 sec
 - d_sub 800 : OOB 0.2045 : L 73 : T 19.0 sec
 - d_sub 800 : OOB 0.2044 : L 74 : T 19.2 sec
 - d_sub 800 : OOB 0.2050 : L 75 : T 19.3 sec
 - d_sub 800 : OOB 0.2053 : L 76 : T 19.7 sec
 - d_sub 800 : OOB 0.2056 : L 77 : T 19.9 sec
 - d_sub 800 : OOB 0.2046 : L 78 : T 20.0 sec
 - d_sub 800 : OOB 0.2043 : L 79 : T 20.2 sec
 - d_sub 800 : OOB 0.2034 : L 80 : T 20.5 sec

 - d_sub 1000 : OOB 0.3978 : L 1 : T 0.7 sec
 - d_sub 1000 : OOB 0.3391 : L 2 : T 1.2 sec
 - d_sub 1000 : OOB 0.3091 : L 3 : T 1.7 sec
 - d_sub 1000 : OOB 0.2801 : L 4 : T 2.1 sec
 - d_sub 1000 : OOB 0.2581 : L 5 : T 2.4 sec
 - d_sub 1000 : OOB 0.2489 : L 6 : T 2.9 sec
 - d_sub 1000 : OOB 0.2443 : L 7 : T 3.3 sec
 - d_sub 1000 : OOB 0.2355 : L 8 : T 3.8 sec
 - d_sub 1000 : OOB 0.2350 : L 9 : T 4.3 sec
 - d_sub 1000 : OOB 0.2277 : L 10 : T 4.6 sec
 - d_sub 1000 : OOB 0.2269 : L 11 : T 5.1 sec
 - d_sub 1000 : OOB 0.2203 : L 12 : T 5.5 sec
 - d_sub 1000 : OOB 0.2190 : L 13 : T 6.0 sec
 - d_sub 1000 : OOB 0.2171 : L 14 : T 6.5 sec
 - d_sub 1000 : OOB 0.2185 : L 15 : T 6.9 sec
 - d_sub 1000 : OOB 0.2155 : L 16 : T 7.0 sec
 - d_sub 1000 : OOB 0.2145 : L 17 : T 7.2 sec
 - d_sub 1000 : OOB 0.2145 : L 18 : T 7.7 sec
 - d_sub 1000 : OOB 0.2132 : L 19 : T 7.9 sec
 - d_sub 1000 : OOB 0.2110 : L 20 : T 8.1 sec
 - d_sub 1000 : OOB 0.2098 : L 21 : T 8.7 sec
 - d_sub 1000 : OOB 0.2095 : L 22 : T 9.1 sec
 - d_sub 1000 : OOB 0.2110 : L 23 : T 9.6 sec
 - d_sub 1000 : OOB 0.2093 : L 24 : T 10.2 sec
 - d_sub 1000 : OOB 0.2098 : L 25 : T 10.7 sec
 - d_sub 1000 : OOB 0.2043 : L 26 : T 11.0 sec
 - d_sub 1000 : OOB 0.2049 : L 27 : T 11.3 sec
 - d_sub 1000 : OOB 0.2058 : L 28 : T 11.7 sec
 - d_sub 1000 : OOB 0.2073 : L 29 : T 11.9 sec
 - d_sub 1000 : OOB 0.2073 : L 30 : T 12.1 sec
 - d_sub 1000 : OOB 0.2067 : L 31 : T 12.3 sec
 - d_sub 1000 : OOB 0.2062 : L 32 : T 12.5 sec
 - d_sub 1000 : OOB 0.2049 : L 33 : T 12.7 sec
 - d_sub 1000 : OOB 0.2058 : L 34 : T 13.0 sec
 - d_sub 1000 : OOB 0.2039 : L 35 : T 13.4 sec
 - d_sub 1000 : OOB 0.2042 : L 36 : T 13.6 sec
 - d_sub 1000 : OOB 0.2030 : L 37 : T 13.8 sec
 - d_sub 1000 : OOB 0.2033 : L 38 : T 14.0 sec
 - d_sub 1000 : OOB 0.2027 : L 39 : T 14.2 sec
 - d_sub 1000 : OOB 0.2030 : L 40 : T 14.3 sec
 - d_sub 1000 : OOB 0.2021 : L 41 : T 14.5 sec
 - d_sub 1000 : OOB 0.2016 : L 42 : T 14.8 sec
 - d_sub 1000 : OOB 0.2014 : L 43 : T 15.1 sec
 - d_sub 1000 : OOB 0.2001 : L 44 : T 15.3 sec
 - d_sub 1000 : OOB 0.1991 : L 45 : T 15.7 sec
 - d_sub 1000 : OOB 0.2008 : L 46 : T 15.9 sec
 - d_sub 1000 : OOB 0.1985 : L 47 : T 16.2 sec
 - d_sub 1000 : OOB 0.1980 : L 48 : T 16.4 sec
 - d_sub 1000 : OOB 0.1992 : L 49 : T 16.5 sec
 - d_sub 1000 : OOB 0.1991 : L 50 : T 16.7 sec
 - d_sub 1000 : OOB 0.1989 : L 51 : T 17.0 sec
 - d_sub 1000 : OOB 0.1994 : L 52 : T 17.3 sec
 - d_sub 1000 : OOB 0.2006 : L 53 : T 17.6 sec
 - d_sub 1000 : OOB 0.1990 : L 54 : T 17.9 sec
 - d_sub 1000 : OOB 0.1986 : L 55 : T 18.1 sec
 - d_sub 1000 : OOB 0.1975 : L 56 : T 18.3 sec
 - d_sub 1000 : OOB 0.1977 : L 57 : T 18.4 sec
 - d_sub 1000 : OOB 0.1975 : L 58 : T 18.6 sec
 - d_sub 1000 : OOB 0.1984 : L 59 : T 18.8 sec
 - d_sub 1000 : OOB 0.1972 : L 60 : T 19.0 sec
 - d_sub 1000 : OOB 0.1980 : L 61 : T 19.3 sec
 - d_sub 1000 : OOB 0.1982 : L 62 : T 19.7 sec
 - d_sub 1000 : OOB 0.1984 : L 63 : T 19.9 sec
 - d_sub 1000 : OOB 0.1986 : L 64 : T 20.2 sec
 - d_sub 1000 : OOB 0.1987 : L 65 : T 20.4 sec
 - d_sub 1000 : OOB 0.1982 : L 66 : T 20.6 sec
 - d_sub 1000 : OOB 0.1974 : L 67 : T 20.7 sec
 - d_sub 1000 : OOB 0.1979 : L 68 : T 20.9 sec
 - d_sub 1000 : OOB 0.1975 : L 69 : T 21.1 sec
 - d_sub 1000 : OOB 0.1980 : L 70 : T 21.3 sec
 - d_sub 1000 : OOB 0.1982 : L 71 : T 21.5 sec
 - d_sub 1000 : OOB 0.1971 : L 72 : T 21.7 sec
 - d_sub 1000 : OOB 0.1966 : L 73 : T 21.8 sec
 - d_sub 1000 : OOB 0.1968 : L 74 : T 22.1 sec
 - d_sub 1000 : OOB 0.1976 : L 75 : T 22.5 sec
 - d_sub 1000 : OOB 0.1954 : L 76 : T 22.7 sec
 - d_sub 1000 : OOB 0.1961 : L 77 : T 22.9 sec
 - d_sub 1000 : OOB 0.1957 : L 78 : T 23.1 sec
 - d_sub 1000 : OOB 0.1969 : L 79 : T 23.3 sec
 - d_sub 1000 : OOB 0.1966 : L 80 : T 23.5 sec
 - d_sub 1000 : OOB 0.1969 : L 81 : T 23.7 sec
 - d_sub 1000 : OOB 0.1970 : L 82 : T 23.9 sec
 - d_sub 1000 : OOB 0.1960 : L 83 : T 24.1 sec
 - d_sub 1000 : OOB 0.1960 : L 84 : T 24.3 sec
 - d_sub 1000 : OOB 0.1957 : L 85 : T 24.5 sec
 - d_sub 1000 : OOB 0.1964 : L 86 : T 24.7 sec
 - d_sub 1000 : OOB 0.1964 : L 87 : T 25.0 sec
 - d_sub 1000 : OOB 0.1955 : L 88 : T 25.2 sec
 - d_sub 1000 : OOB 0.1952 : L 89 : T 25.3 sec
 - d_sub 1000 : OOB 0.1951 : L 90 : T 25.5 sec
 - d_sub 1000 : OOB 0.1955 : L 91 : T 25.7 sec
 - d_sub 1000 : OOB 0.1962 : L 92 : T 25.9 sec

 - d_sub 1200 : OOB 0.4042 : L 1 : T 0.7 sec
 - d_sub 1200 : OOB 0.3460 : L 2 : T 1.0 sec
 - d_sub 1200 : OOB 0.3112 : L 3 : T 1.2 sec
 - d_sub 1200 : OOB 0.2861 : L 4 : T 1.4 sec
 - d_sub 1200 : OOB 0.2678 : L 5 : T 1.6 sec
 - d_sub 1200 : OOB 0.2540 : L 6 : T 2.1 sec
 - d_sub 1200 : OOB 0.2432 : L 7 : T 2.3 sec
 - d_sub 1200 : OOB 0.2332 : L 8 : T 2.7 sec
 - d_sub 1200 : OOB 0.2317 : L 9 : T 3.0 sec
 - d_sub 1200 : OOB 0.2275 : L 10 : T 3.4 sec
 - d_sub 1200 : OOB 0.2262 : L 11 : T 3.7 sec
 - d_sub 1200 : OOB 0.2249 : L 12 : T 3.9 sec
 - d_sub 1200 : OOB 0.2195 : L 13 : T 4.3 sec
 - d_sub 1200 : OOB 0.2208 : L 14 : T 4.5 sec
 - d_sub 1200 : OOB 0.2166 : L 15 : T 4.8 sec
 - d_sub 1200 : OOB 0.2160 : L 16 : T 5.0 sec
 - d_sub 1200 : OOB 0.2126 : L 17 : T 5.3 sec
 - d_sub 1200 : OOB 0.2133 : L 18 : T 5.5 sec
 - d_sub 1200 : OOB 0.2095 : L 19 : T 5.9 sec
 - d_sub 1200 : OOB 0.2087 : L 20 : T 6.1 sec
 - d_sub 1200 : OOB 0.2086 : L 21 : T 6.4 sec
 - d_sub 1200 : OOB 0.2079 : L 22 : T 6.9 sec
 - d_sub 1200 : OOB 0.2101 : L 23 : T 7.1 sec
 - d_sub 1200 : OOB 0.2065 : L 24 : T 7.3 sec
 - d_sub 1200 : OOB 0.2040 : L 25 : T 7.6 sec
 - d_sub 1200 : OOB 0.2036 : L 26 : T 7.8 sec
 - d_sub 1200 : OOB 0.2034 : L 27 : T 8.1 sec
 - d_sub 1200 : OOB 0.2022 : L 28 : T 8.4 sec
 - d_sub 1200 : OOB 0.2030 : L 29 : T 8.7 sec
 - d_sub 1200 : OOB 0.1996 : L 30 : T 9.0 sec
 - d_sub 1200 : OOB 0.2008 : L 31 : T 9.3 sec
 - d_sub 1200 : OOB 0.2032 : L 32 : T 9.5 sec
 - d_sub 1200 : OOB 0.2016 : L 33 : T 9.8 sec
 - d_sub 1200 : OOB 0.2018 : L 34 : T 10.0 sec
 - d_sub 1200 : OOB 0.2014 : L 35 : T 10.4 sec
 - d_sub 1200 : OOB 0.2014 : L 36 : T 10.6 sec
 - d_sub 1200 : OOB 0.2011 : L 37 : T 10.9 sec
 - d_sub 1200 : OOB 0.2007 : L 38 : T 11.1 sec
 - d_sub 1200 : OOB 0.1994 : L 39 : T 11.4 sec
 - d_sub 1200 : OOB 0.1993 : L 40 : T 11.7 sec
 - d_sub 1200 : OOB 0.1996 : L 41 : T 12.1 sec
 - d_sub 1200 : OOB 0.1988 : L 42 : T 12.6 sec
 - d_sub 1200 : OOB 0.1966 : L 43 : T 12.8 sec
 - d_sub 1200 : OOB 0.1996 : L 44 : T 13.0 sec
 - d_sub 1200 : OOB 0.1984 : L 45 : T 13.2 sec
 - d_sub 1200 : OOB 0.1977 : L 46 : T 13.4 sec
 - d_sub 1200 : OOB 0.1979 : L 47 : T 13.8 sec
 - d_sub 1200 : OOB 0.1978 : L 48 : T 14.0 sec
 - d_sub 1200 : OOB 0.1970 : L 49 : T 14.2 sec
 - d_sub 1200 : OOB 0.1975 : L 50 : T 14.4 sec
 - d_sub 1200 : OOB 0.1971 : L 51 : T 14.6 sec
 - d_sub 1200 : OOB 0.1964 : L 52 : T 14.8 sec
 - d_sub 1200 : OOB 0.1963 : L 53 : T 15.0 sec
 - d_sub 1200 : OOB 0.1973 : L 54 : T 15.3 sec
 - d_sub 1200 : OOB 0.1971 : L 55 : T 15.6 sec
 - d_sub 1200 : OOB 0.1970 : L 56 : T 15.8 sec
 - d_sub 1200 : OOB 0.1980 : L 57 : T 16.0 sec
 - d_sub 1200 : OOB 0.1967 : L 58 : T 16.2 sec
 - d_sub 1200 : OOB 0.1959 : L 59 : T 16.4 sec
 - d_sub 1200 : OOB 0.1964 : L 60 : T 16.8 sec
 - d_sub 1200 : OOB 0.1962 : L 61 : T 17.0 sec
 - d_sub 1200 : OOB 0.1956 : L 62 : T 17.2 sec
 - d_sub 1200 : OOB 0.1969 : L 63 : T 17.4 sec
 - d_sub 1200 : OOB 0.1967 : L 64 : T 17.6 sec
 - d_sub 1200 : OOB 0.1968 : L 65 : T 17.8 sec
 - d_sub 1200 : OOB 0.1976 : L 66 : T 18.0 sec
 - d_sub 1200 : OOB 0.1969 : L 67 : T 18.2 sec
 - d_sub 1200 : OOB 0.1969 : L 68 : T 18.5 sec
 - d_sub 1200 : OOB 0.1969 : L 69 : T 18.7 sec
 - d_sub 1200 : OOB 0.1968 : L 70 : T 18.9 sec
 - d_sub 1200 : OOB 0.1965 : L 71 : T 19.1 sec
 - d_sub 1200 : OOB 0.1958 : L 72 : T 19.3 sec
 - d_sub 1200 : OOB 0.1964 : L 73 : T 19.5 sec
 - d_sub 1200 : OOB 0.1969 : L 74 : T 19.7 sec
 - d_sub 1200 : OOB 0.1968 : L 75 : T 19.9 sec
 - d_sub 1200 : OOB 0.1965 : L 76 : T 20.1 sec
 - d_sub 1200 : OOB 0.1964 : L 77 : T 20.3 sec
 - d_sub 1200 : OOB 0.1962 : L 78 : T 20.7 sec
 - d_sub 1200 : OOB 0.1948 : L 79 : T 20.9 sec
 - d_sub 1200 : OOB 0.1955 : L 80 : T 21.1 sec
 - d_sub 1200 : OOB 0.1959 : L 81 : T 21.3 sec
 - d_sub 1200 : OOB 0.1960 : L 82 : T 21.6 sec
 - d_sub 1200 : OOB 0.1961 : L 83 : T 21.8 sec
 - d_sub 1200 : OOB 0.1957 : L 84 : T 22.0 sec
 - d_sub 1200 : OOB 0.1970 : L 85 : T 22.2 sec

 - d_sub 1400 : OOB 0.4049 : L 1 : T 1.8 sec
 - d_sub 1400 : OOB 0.3399 : L 2 : T 2.1 sec
 - d_sub 1400 : OOB 0.3082 : L 3 : T 2.5 sec
 - d_sub 1400 : OOB 0.2776 : L 4 : T 2.8 sec
 - d_sub 1400 : OOB 0.2593 : L 5 : T 3.0 sec
 - d_sub 1400 : OOB 0.2480 : L 6 : T 3.3 sec
 - d_sub 1400 : OOB 0.2395 : L 7 : T 3.6 sec
 - d_sub 1400 : OOB 0.2351 : L 8 : T 3.9 sec
 - d_sub 1400 : OOB 0.2292 : L 9 : T 4.2 sec
 - d_sub 1400 : OOB 0.2243 : L 10 : T 4.5 sec
 - d_sub 1400 : OOB 0.2233 : L 11 : T 4.9 sec
 - d_sub 1400 : OOB 0.2208 : L 12 : T 5.2 sec
 - d_sub 1400 : OOB 0.2186 : L 13 : T 5.5 sec
 - d_sub 1400 : OOB 0.2146 : L 14 : T 5.7 sec
 - d_sub 1400 : OOB 0.2116 : L 15 : T 6.0 sec
 - d_sub 1400 : OOB 0.2113 : L 16 : T 6.3 sec
 - d_sub 1400 : OOB 0.2104 : L 17 : T 6.6 sec
 - d_sub 1400 : OOB 0.2062 : L 18 : T 6.8 sec
 - d_sub 1400 : OOB 0.2104 : L 19 : T 7.1 sec
 - d_sub 1400 : OOB 0.2078 : L 20 : T 7.4 sec
 - d_sub 1400 : OOB 0.2048 : L 21 : T 7.7 sec
 - d_sub 1400 : OOB 0.2054 : L 22 : T 7.9 sec
 - d_sub 1400 : OOB 0.2047 : L 23 : T 8.2 sec
 - d_sub 1400 : OOB 0.2048 : L 24 : T 8.5 sec
 - d_sub 1400 : OOB 0.2033 : L 25 : T 8.8 sec
 - d_sub 1400 : OOB 0.2022 : L 26 : T 9.0 sec
 - d_sub 1400 : OOB 0.2017 : L 27 : T 9.3 sec
 - d_sub 1400 : OOB 0.2011 : L 28 : T 9.6 sec
 - d_sub 1400 : OOB 0.2030 : L 29 : T 9.9 sec
 - d_sub 1400 : OOB 0.2013 : L 30 : T 10.1 sec
 - d_sub 1400 : OOB 0.2006 : L 31 : T 10.4 sec
 - d_sub 1400 : OOB 0.2009 : L 32 : T 10.7 sec
 - d_sub 1400 : OOB 0.2007 : L 33 : T 10.9 sec
 - d_sub 1400 : OOB 0.1988 : L 34 : T 11.2 sec
 - d_sub 1400 : OOB 0.1980 : L 35 : T 11.5 sec
 - d_sub 1400 : OOB 0.2001 : L 36 : T 12.1 sec
 - d_sub 1400 : OOB 0.2008 : L 37 : T 12.5 sec
 - d_sub 1400 : OOB 0.1990 : L 38 : T 12.7 sec
 - d_sub 1400 : OOB 0.1983 : L 39 : T 13.0 sec
 - d_sub 1400 : OOB 0.1962 : L 40 : T 13.3 sec
 - d_sub 1400 : OOB 0.1964 : L 41 : T 13.6 sec
 - d_sub 1400 : OOB 0.1952 : L 42 : T 13.8 sec
 - d_sub 1400 : OOB 0.1964 : L 43 : T 14.1 sec
 - d_sub 1400 : OOB 0.1961 : L 44 : T 14.4 sec
 - d_sub 1400 : OOB 0.1963 : L 45 : T 14.6 sec
 - d_sub 1400 : OOB 0.1953 : L 46 : T 14.9 sec
 - d_sub 1400 : OOB 0.1957 : L 47 : T 15.2 sec
 - d_sub 1400 : OOB 0.1954 : L 48 : T 15.5 sec
 - d_sub 1400 : OOB 0.1951 : L 49 : T 15.7 sec
 - d_sub 1400 : OOB 0.1953 : L 50 : T 16.0 sec
 - d_sub 1400 : OOB 0.1949 : L 51 : T 16.3 sec
 - d_sub 1400 : OOB 0.1947 : L 52 : T 16.5 sec
 - d_sub 1400 : OOB 0.1945 : L 53 : T 16.8 sec
 - d_sub 1400 : OOB 0.1952 : L 54 : T 17.1 sec
 - d_sub 1400 : OOB 0.1953 : L 55 : T 17.3 sec
 - d_sub 1400 : OOB 0.1943 : L 56 : T 17.6 sec
 - d_sub 1400 : OOB 0.1939 : L 57 : T 17.9 sec
 - d_sub 1400 : OOB 0.1933 : L 58 : T 18.2 sec
 - d_sub 1400 : OOB 0.1933 : L 59 : T 18.4 sec
 - d_sub 1400 : OOB 0.1933 : L 60 : T 18.7 sec
 - d_sub 1400 : OOB 0.1917 : L 61 : T 19.0 sec
 - d_sub 1400 : OOB 0.1921 : L 62 : T 19.2 sec
 - d_sub 1400 : OOB 0.1917 : L 63 : T 19.5 sec
 - d_sub 1400 : OOB 0.1919 : L 64 : T 19.8 sec
 - d_sub 1400 : OOB 0.1911 : L 65 : T 20.0 sec
 - d_sub 1400 : OOB 0.1908 : L 66 : T 20.3 sec
 - d_sub 1400 : OOB 0.1914 : L 67 : T 20.6 sec
 - d_sub 1400 : OOB 0.1908 : L 68 : T 20.8 sec
 - d_sub 1400 : OOB 0.1916 : L 69 : T 21.1 sec
 - d_sub 1400 : OOB 0.1916 : L 70 : T 21.4 sec
 - d_sub 1400 : OOB 0.1898 : L 71 : T 21.7 sec
 - d_sub 1400 : OOB 0.1908 : L 72 : T 21.9 sec
 - d_sub 1400 : OOB 0.1913 : L 73 : T 22.2 sec
 - d_sub 1400 : OOB 0.1929 : L 74 : T 22.5 sec
 - d_sub 1400 : OOB 0.1914 : L 75 : T 22.7 sec
 - d_sub 1400 : OOB 0.1920 : L 76 : T 23.0 sec
 - d_sub 1400 : OOB 0.1918 : L 77 : T 23.3 sec
 - d_sub 1400 : OOB 0.1923 : L 78 : T 23.5 sec
 - d_sub 1400 : OOB 0.1915 : L 79 : T 23.8 sec
 - d_sub 1400 : OOB 0.1930 : L 80 : T 24.1 sec
 - d_sub 1400 : OOB 0.1917 : L 81 : T 24.3 sec
 - d_sub 1400 : OOB 0.1926 : L 82 : T 24.6 sec
 - d_sub 1400 : OOB 0.1916 : L 83 : T 24.9 sec
 - d_sub 1400 : OOB 0.1919 : L 84 : T 25.1 sec
 - d_sub 1400 : OOB 0.1916 : L 85 : T 25.4 sec
 - d_sub 1400 : OOB 0.1915 : L 86 : T 25.7 sec
 - d_sub 1400 : OOB 0.1930 : L 87 : T 25.9 sec
 - d_sub 1400 : OOB 0.1919 : L 88 : T 26.2 sec
 - d_sub 1400 : OOB 0.1917 : L 89 : T 26.4 sec
 - d_sub 1400 : OOB 0.1911 : L 90 : T 26.7 sec
 - d_sub 1400 : OOB 0.1909 : L 91 : T 27.0 sec
 - d_sub 1400 : OOB 0.1912 : L 92 : T 27.3 sec
 - d_sub 1400 : OOB 0.1910 : L 93 : T 27.5 sec

 - d_sub 1600 : OOB 0.4057 : L 1 : T 1.4 sec
 - d_sub 1600 : OOB 0.3489 : L 2 : T 2.5 sec
 - d_sub 1600 : OOB 0.3133 : L 3 : T 2.8 sec
 - d_sub 1600 : OOB 0.2883 : L 4 : T 3.1 sec
 - d_sub 1600 : OOB 0.2724 : L 5 : T 4.1 sec
 - d_sub 1600 : OOB 0.2589 : L 6 : T 4.5 sec
 - d_sub 1600 : OOB 0.2471 : L 7 : T 4.8 sec
 - d_sub 1600 : OOB 0.2390 : L 8 : T 5.1 sec
 - d_sub 1600 : OOB 0.2321 : L 9 : T 5.4 sec
 - d_sub 1600 : OOB 0.2294 : L 10 : T 5.8 sec
 - d_sub 1600 : OOB 0.2246 : L 11 : T 7.2 sec
 - d_sub 1600 : OOB 0.2219 : L 12 : T 7.6 sec
 - d_sub 1600 : OOB 0.2186 : L 13 : T 7.9 sec
 - d_sub 1600 : OOB 0.2175 : L 14 : T 8.2 sec
 - d_sub 1600 : OOB 0.2132 : L 15 : T 8.5 sec
 - d_sub 1600 : OOB 0.2115 : L 16 : T 8.8 sec
 - d_sub 1600 : OOB 0.2092 : L 17 : T 9.1 sec
 - d_sub 1600 : OOB 0.2092 : L 18 : T 9.4 sec
 - d_sub 1600 : OOB 0.2059 : L 19 : T 9.7 sec
 - d_sub 1600 : OOB 0.2056 : L 20 : T 10.2 sec
 - d_sub 1600 : OOB 0.2024 : L 21 : T 10.5 sec
 - d_sub 1600 : OOB 0.2034 : L 22 : T 10.8 sec
 - d_sub 1600 : OOB 0.2025 : L 23 : T 11.1 sec
 - d_sub 1600 : OOB 0.2023 : L 24 : T 11.5 sec
 - d_sub 1600 : OOB 0.1993 : L 25 : T 11.8 sec
 - d_sub 1600 : OOB 0.1996 : L 26 : T 12.1 sec
 - d_sub 1600 : OOB 0.1990 : L 27 : T 12.4 sec
 - d_sub 1600 : OOB 0.1999 : L 28 : T 12.9 sec
 - d_sub 1600 : OOB 0.1969 : L 29 : T 13.3 sec
 - d_sub 1600 : OOB 0.1961 : L 30 : T 13.6 sec
 - d_sub 1600 : OOB 0.1965 : L 31 : T 13.9 sec
 - d_sub 1600 : OOB 0.1975 : L 32 : T 14.2 sec
 - d_sub 1600 : OOB 0.1945 : L 33 : T 14.5 sec
 - d_sub 1600 : OOB 0.1935 : L 34 : T 14.8 sec
 - d_sub 1600 : OOB 0.1945 : L 35 : T 15.1 sec
 - d_sub 1600 : OOB 0.1941 : L 36 : T 15.4 sec
 - d_sub 1600 : OOB 0.1937 : L 37 : T 15.7 sec
 - d_sub 1600 : OOB 0.1956 : L 38 : T 16.4 sec
 - d_sub 1600 : OOB 0.1949 : L 39 : T 17.2 sec
 - d_sub 1600 : OOB 0.1936 : L 40 : T 17.5 sec
 - d_sub 1600 : OOB 0.1950 : L 41 : T 18.0 sec
 - d_sub 1600 : OOB 0.1939 : L 42 : T 18.3 sec
 - d_sub 1600 : OOB 0.1954 : L 43 : T 19.0 sec
 - d_sub 1600 : OOB 0.1933 : L 44 : T 19.8 sec
 - d_sub 1600 : OOB 0.1918 : L 45 : T 20.2 sec
 - d_sub 1600 : OOB 0.1929 : L 46 : T 20.5 sec
 - d_sub 1600 : OOB 0.1929 : L 47 : T 21.3 sec
 - d_sub 1600 : OOB 0.1928 : L 48 : T 21.7 sec
 - d_sub 1600 : OOB 0.1928 : L 49 : T 22.1 sec
 - d_sub 1600 : OOB 0.1939 : L 50 : T 22.5 sec
 - d_sub 1600 : OOB 0.1931 : L 51 : T 22.8 sec
 - d_sub 1600 : OOB 0.1951 : L 52 : T 23.2 sec
 - d_sub 1600 : OOB 0.1936 : L 53 : T 23.6 sec
 - d_sub 1600 : OOB 0.1929 : L 54 : T 24.1 sec
 - d_sub 1600 : OOB 0.1928 : L 55 : T 24.4 sec
 - d_sub 1600 : OOB 0.1921 : L 56 : T 24.8 sec
 - d_sub 1600 : OOB 0.1928 : L 57 : T 25.2 sec
 - d_sub 1600 : OOB 0.1914 : L 58 : T 25.6 sec
 - d_sub 1600 : OOB 0.1914 : L 59 : T 26.6 sec
 - d_sub 1600 : OOB 0.1912 : L 60 : T 27.0 sec
 - d_sub 1600 : OOB 0.1911 : L 61 : T 27.4 sec
 - d_sub 1600 : OOB 0.1919 : L 62 : T 29.2 sec
 - d_sub 1600 : OOB 0.1921 : L 63 : T 29.5 sec
 - d_sub 1600 : OOB 0.1926 : L 64 : T 29.9 sec
 - d_sub 1600 : OOB 0.1906 : L 65 : T 30.3 sec
 - d_sub 1600 : OOB 0.1906 : L 66 : T 30.6 sec
 - d_sub 1600 : OOB 0.1916 : L 67 : T 31.0 sec
 - d_sub 1600 : OOB 0.1917 : L 68 : T 31.4 sec
 - d_sub 1600 : OOB 0.1908 : L 69 : T 31.7 sec
 - d_sub 1600 : OOB 0.1905 : L 70 : T 32.2 sec
 - d_sub 1600 : OOB 0.1904 : L 71 : T 32.6 sec
 - d_sub 1600 : OOB 0.1899 : L 72 : T 33.0 sec
 - d_sub 1600 : OOB 0.1906 : L 73 : T 33.3 sec
 - d_sub 1600 : OOB 0.1916 : L 74 : T 33.7 sec
 - d_sub 1600 : OOB 0.1918 : L 75 : T 34.1 sec
 - d_sub 1600 : OOB 0.1917 : L 76 : T 34.4 sec
 - d_sub 1600 : OOB 0.1905 : L 77 : T 34.8 sec
 - d_sub 1600 : OOB 0.1909 : L 78 : T 35.2 sec
 - d_sub 1600 : OOB 0.1902 : L 79 : T 35.5 sec
 - d_sub 1600 : OOB 0.1903 : L 80 : T 36.1 sec

 - d_sub 1800 : OOB 0.4055 : L 1 : T 1.2 sec
 - d_sub 1800 : OOB 0.3470 : L 2 : T 1.6 sec
 - d_sub 1800 : OOB 0.3171 : L 3 : T 2.1 sec
 - d_sub 1800 : OOB 0.2924 : L 4 : T 2.5 sec
 - d_sub 1800 : OOB 0.2739 : L 5 : T 2.9 sec
 - d_sub 1800 : OOB 0.2609 : L 6 : T 3.4 sec
 - d_sub 1800 : OOB 0.2468 : L 7 : T 3.8 sec
 - d_sub 1800 : OOB 0.2405 : L 8 : T 4.2 sec
 - d_sub 1800 : OOB 0.2366 : L 9 : T 4.6 sec
 - d_sub 1800 : OOB 0.2335 : L 10 : T 6.5 sec
 - d_sub 1800 : OOB 0.2298 : L 11 : T 7.0 sec
 - d_sub 1800 : OOB 0.2292 : L 12 : T 7.4 sec
 - d_sub 1800 : OOB 0.2242 : L 13 : T 7.8 sec
 - d_sub 1800 : OOB 0.2207 : L 14 : T 8.2 sec
 - d_sub 1800 : OOB 0.2191 : L 15 : T 8.6 sec
 - d_sub 1800 : OOB 0.2154 : L 16 : T 9.1 sec
 - d_sub 1800 : OOB 0.2142 : L 17 : T 9.5 sec
 - d_sub 1800 : OOB 0.2111 : L 18 : T 9.9 sec
 - d_sub 1800 : OOB 0.2070 : L 19 : T 10.3 sec
 - d_sub 1800 : OOB 0.2073 : L 20 : T 10.8 sec
 - d_sub 1800 : OOB 0.2091 : L 21 : T 11.2 sec
 - d_sub 1800 : OOB 0.2071 : L 22 : T 11.6 sec
 - d_sub 1800 : OOB 0.2068 : L 23 : T 12.0 sec
 - d_sub 1800 : OOB 0.2064 : L 24 : T 12.5 sec
 - d_sub 1800 : OOB 0.2064 : L 25 : T 12.9 sec
 - d_sub 1800 : OOB 0.2037 : L 26 : T 13.3 sec
 - d_sub 1800 : OOB 0.2006 : L 27 : T 13.8 sec
 - d_sub 1800 : OOB 0.2004 : L 28 : T 14.2 sec
 - d_sub 1800 : OOB 0.1985 : L 29 : T 14.6 sec
 - d_sub 1800 : OOB 0.2004 : L 30 : T 15.0 sec
 - d_sub 1800 : OOB 0.1977 : L 31 : T 15.4 sec
 - d_sub 1800 : OOB 0.1971 : L 32 : T 15.9 sec
 - d_sub 1800 : OOB 0.1969 : L 33 : T 16.3 sec
 - d_sub 1800 : OOB 0.1965 : L 34 : T 16.7 sec
 - d_sub 1800 : OOB 0.1970 : L 35 : T 17.1 sec
 - d_sub 1800 : OOB 0.1960 : L 36 : T 17.5 sec
 - d_sub 1800 : OOB 0.1950 : L 37 : T 17.9 sec
 - d_sub 1800 : OOB 0.1980 : L 38 : T 18.4 sec
 - d_sub 1800 : OOB 0.1951 : L 39 : T 18.8 sec
 - d_sub 1800 : OOB 0.1945 : L 40 : T 19.2 sec
 - d_sub 1800 : OOB 0.1949 : L 41 : T 19.6 sec
 - d_sub 1800 : OOB 0.1956 : L 42 : T 20.1 sec
 - d_sub 1800 : OOB 0.1954 : L 43 : T 20.6 sec
 - d_sub 1800 : OOB 0.1961 : L 44 : T 21.1 sec
 - d_sub 1800 : OOB 0.1943 : L 45 : T 21.5 sec
 - d_sub 1800 : OOB 0.1954 : L 46 : T 21.9 sec
 - d_sub 1800 : OOB 0.1918 : L 47 : T 22.4 sec
 - d_sub 1800 : OOB 0.1923 : L 48 : T 22.8 sec
 - d_sub 1800 : OOB 0.1928 : L 49 : T 23.3 sec
 - d_sub 1800 : OOB 0.1931 : L 50 : T 23.7 sec
 - d_sub 1800 : OOB 0.1935 : L 51 : T 24.2 sec
 - d_sub 1800 : OOB 0.1933 : L 52 : T 24.6 sec
 - d_sub 1800 : OOB 0.1927 : L 53 : T 25.0 sec
 - d_sub 1800 : OOB 0.1922 : L 54 : T 25.5 sec
 - d_sub 1800 : OOB 0.1923 : L 55 : T 25.9 sec
 - d_sub 1800 : OOB 0.1927 : L 56 : T 26.4 sec
 - d_sub 1800 : OOB 0.1929 : L 57 : T 26.8 sec
 - d_sub 1800 : OOB 0.1929 : L 58 : T 27.2 sec
 - d_sub 1800 : OOB 0.1919 : L 59 : T 27.6 sec
 - d_sub 1800 : OOB 0.1911 : L 60 : T 28.0 sec
 - d_sub 1800 : OOB 0.1914 : L 61 : T 28.5 sec
 - d_sub 1800 : OOB 0.1910 : L 62 : T 28.9 sec
 - d_sub 1800 : OOB 0.1917 : L 63 : T 29.4 sec
 - d_sub 1800 : OOB 0.1920 : L 64 : T 29.8 sec
 - d_sub 1800 : OOB 0.1912 : L 65 : T 30.2 sec
 - d_sub 1800 : OOB 0.1908 : L 66 : T 30.6 sec
 - d_sub 1800 : OOB 0.1909 : L 67 : T 31.2 sec
 - d_sub 1800 : OOB 0.1906 : L 68 : T 31.7 sec
 - d_sub 1800 : OOB 0.1913 : L 69 : T 32.1 sec
 - d_sub 1800 : OOB 0.1907 : L 70 : T 32.6 sec
 - d_sub 1800 : OOB 0.1896 : L 71 : T 33.0 sec
 - d_sub 1800 : OOB 0.1916 : L 72 : T 33.5 sec
 - d_sub 1800 : OOB 0.1906 : L 73 : T 34.1 sec
 - d_sub 1800 : OOB 0.1919 : L 74 : T 34.5 sec
 - d_sub 1800 : OOB 0.1915 : L 75 : T 35.0 sec
 - d_sub 1800 : OOB 0.1917 : L 76 : T 35.4 sec
 - d_sub 1800 : OOB 0.1921 : L 77 : T 35.8 sec
 - d_sub 1800 : OOB 0.1919 : L 78 : T 36.2 sec
 - d_sub 1800 : OOB 0.1913 : L 79 : T 36.7 sec
 - d_sub 1800 : OOB 0.1907 : L 80 : T 37.1 sec
 - d_sub 1800 : OOB 0.1903 : L 81 : T 37.6 sec
 - d_sub 1800 : OOB 0.1906 : L 82 : T 38.0 sec
 - d_sub 1800 : OOB 0.1907 : L 83 : T 38.4 sec
 - d_sub 1800 : OOB 0.1897 : L 84 : T 38.8 sec
 - d_sub 1800 : OOB 0.1902 : L 85 : T 39.2 sec
 - d_sub 1800 : OOB 0.1896 : L 86 : T 39.7 sec
 - d_sub 1800 : OOB 0.1889 : L 87 : T 40.1 sec
 - d_sub 1800 : OOB 0.1901 : L 88 : T 40.5 sec
 - d_sub 1800 : OOB 0.1898 : L 89 : T 40.9 sec
 - d_sub 1800 : OOB 0.1910 : L 90 : T 41.3 sec
 - d_sub 1800 : OOB 0.1909 : L 91 : T 41.8 sec
 - d_sub 1800 : OOB 0.1909 : L 92 : T 42.2 sec

 - d_sub 2000 : OOB 0.4090 : L 1 : T 4.9 sec
 - d_sub 2000 : OOB 0.3498 : L 2 : T 5.4 sec
 - d_sub 2000 : OOB 0.3203 : L 3 : T 5.9 sec
 - d_sub 2000 : OOB 0.2917 : L 4 : T 6.4 sec
 - d_sub 2000 : OOB 0.2727 : L 5 : T 7.7 sec
 - d_sub 2000 : OOB 0.2603 : L 6 : T 8.2 sec
 - d_sub 2000 : OOB 0.2473 : L 7 : T 8.7 sec
 - d_sub 2000 : OOB 0.2421 : L 8 : T 9.2 sec
 - d_sub 2000 : OOB 0.2338 : L 9 : T 9.7 sec
 - d_sub 2000 : OOB 0.2288 : L 10 : T 10.2 sec
 - d_sub 2000 : OOB 0.2239 : L 11 : T 10.7 sec
 - d_sub 2000 : OOB 0.2222 : L 12 : T 11.2 sec
 - d_sub 2000 : OOB 0.2211 : L 13 : T 11.8 sec
 - d_sub 2000 : OOB 0.2188 : L 14 : T 12.3 sec
 - d_sub 2000 : OOB 0.2158 : L 15 : T 12.9 sec
 - d_sub 2000 : OOB 0.2131 : L 16 : T 13.4 sec
 - d_sub 2000 : OOB 0.2100 : L 17 : T 14.0 sec
 - d_sub 2000 : OOB 0.2082 : L 18 : T 14.5 sec
 - d_sub 2000 : OOB 0.2091 : L 19 : T 15.0 sec
 - d_sub 2000 : OOB 0.2096 : L 20 : T 15.5 sec
 - d_sub 2000 : OOB 0.2066 : L 21 : T 16.0 sec
 - d_sub 2000 : OOB 0.2035 : L 22 : T 16.6 sec
 - d_sub 2000 : OOB 0.2031 : L 23 : T 17.1 sec
 - d_sub 2000 : OOB 0.2039 : L 24 : T 17.9 sec
 - d_sub 2000 : OOB 0.2010 : L 25 : T 18.4 sec
 - d_sub 2000 : OOB 0.2007 : L 26 : T 18.9 sec
 - d_sub 2000 : OOB 0.2002 : L 27 : T 19.4 sec
 - d_sub 2000 : OOB 0.2006 : L 28 : T 20.2 sec
 - d_sub 2000 : OOB 0.1996 : L 29 : T 20.7 sec
 - d_sub 2000 : OOB 0.1971 : L 30 : T 21.2 sec
 - d_sub 2000 : OOB 0.1946 : L 31 : T 21.7 sec
 - d_sub 2000 : OOB 0.1955 : L 32 : T 22.9 sec
 - d_sub 2000 : OOB 0.1952 : L 33 : T 23.4 sec
 - d_sub 2000 : OOB 0.1950 : L 34 : T 23.9 sec
 - d_sub 2000 : OOB 0.1942 : L 35 : T 24.4 sec
 - d_sub 2000 : OOB 0.1951 : L 36 : T 24.9 sec
 - d_sub 2000 : OOB 0.1932 : L 37 : T 25.4 sec
 - d_sub 2000 : OOB 0.1949 : L 38 : T 25.9 sec
 - d_sub 2000 : OOB 0.1936 : L 39 : T 26.4 sec
 - d_sub 2000 : OOB 0.1926 : L 40 : T 26.9 sec
 - d_sub 2000 : OOB 0.1939 : L 41 : T 27.4 sec
 - d_sub 2000 : OOB 0.1920 : L 42 : T 27.9 sec
 - d_sub 2000 : OOB 0.1923 : L 43 : T 28.3 sec
 - d_sub 2000 : OOB 0.1920 : L 44 : T 28.8 sec
 - d_sub 2000 : OOB 0.1916 : L 45 : T 29.3 sec
 - d_sub 2000 : OOB 0.1926 : L 46 : T 30.3 sec
 - d_sub 2000 : OOB 0.1919 : L 47 : T 30.8 sec
 - d_sub 2000 : OOB 0.1925 : L 48 : T 31.3 sec
 - d_sub 2000 : OOB 0.1920 : L 49 : T 31.8 sec
 - d_sub 2000 : OOB 0.1913 : L 50 : T 32.2 sec
 - d_sub 2000 : OOB 0.1915 : L 51 : T 33.1 sec
 - d_sub 2000 : OOB 0.1890 : L 52 : T 33.9 sec
 - d_sub 2000 : OOB 0.1906 : L 53 : T 34.4 sec
 - d_sub 2000 : OOB 0.1929 : L 54 : T 34.9 sec
 - d_sub 2000 : OOB 0.1913 : L 55 : T 35.4 sec
 - d_sub 2000 : OOB 0.1894 : L 56 : T 35.9 sec
 - d_sub 2000 : OOB 0.1909 : L 57 : T 36.4 sec
 - d_sub 2000 : OOB 0.1907 : L 58 : T 37.6 sec
 - d_sub 2000 : OOB 0.1897 : L 59 : T 38.1 sec
 - d_sub 2000 : OOB 0.1899 : L 60 : T 38.5 sec
 - d_sub 2000 : OOB 0.1911 : L 61 : T 39.0 sec
 - d_sub 2000 : OOB 0.1902 : L 62 : T 39.7 sec
 - d_sub 2000 : OOB 0.1892 : L 63 : T 40.2 sec
 - d_sub 2000 : OOB 0.1892 : L 64 : T 40.7 sec
 - d_sub 2000 : OOB 0.1901 : L 65 : T 41.2 sec
 - d_sub 2000 : OOB 0.1908 : L 66 : T 41.7 sec
 - d_sub 2000 : OOB 0.1907 : L 67 : T 42.2 sec
 - d_sub 2000 : OOB 0.1899 : L 68 : T 42.6 sec
 - d_sub 2000 : OOB 0.1907 : L 69 : T 43.5 sec
 - d_sub 2000 : OOB 0.1897 : L 70 : T 43.9 sec
 - d_sub 2000 : OOB 0.1899 : L 71 : T 44.4 sec
 - d_sub 2000 : OOB 0.1898 : L 72 : T 44.9 sec
 - d_sub 2000 : OOB 0.1896 : L 73 : T 45.4 sec
 - d_sub 2000 : OOB 0.1891 : L 74 : T 46.0 sec
 - d_sub 2000 : OOB 0.1885 : L 75 : T 46.5 sec
 - d_sub 2000 : OOB 0.1886 : L 76 : T 47.0 sec
 - d_sub 2000 : OOB 0.1888 : L 77 : T 48.4 sec
 - d_sub 2000 : OOB 0.1879 : L 78 : T 48.9 sec
 - d_sub 2000 : OOB 0.1888 : L 79 : T 49.4 sec
 - d_sub 2000 : OOB 0.1890 : L 80 : T 49.9 sec
 - d_sub 2000 : OOB 0.1899 : L 81 : T 50.4 sec
 - d_sub 2000 : OOB 0.1905 : L 82 : T 50.9 sec
 - d_sub 2000 : OOB 0.1894 : L 83 : T 51.3 sec
 - d_sub 2000 : OOB 0.1913 : L 84 : T 51.8 sec
 - d_sub 2000 : OOB 0.1904 : L 85 : T 52.3 sec
 - d_sub 2000 : OOB 0.1894 : L 86 : T 52.8 sec
 - d_sub 2000 : OOB 0.1899 : L 87 : T 53.3 sec

 - d_sub 2200 : OOB 0.4121 : L 1 : T 3.7 sec
 - d_sub 2200 : OOB 0.3531 : L 2 : T 4.5 sec
 - d_sub 2200 : OOB 0.3227 : L 3 : T 5.1 sec
 - d_sub 2200 : OOB 0.2972 : L 4 : T 5.6 sec
 - d_sub 2200 : OOB 0.2801 : L 5 : T 6.1 sec
 - d_sub 2200 : OOB 0.2722 : L 6 : T 6.7 sec
 - d_sub 2200 : OOB 0.2527 : L 7 : T 7.2 sec
 - d_sub 2200 : OOB 0.2480 : L 8 : T 7.7 sec
 - d_sub 2200 : OOB 0.2367 : L 9 : T 8.2 sec
 - d_sub 2200 : OOB 0.2336 : L 10 : T 8.8 sec
 - d_sub 2200 : OOB 0.2289 : L 11 : T 9.3 sec
 - d_sub 2200 : OOB 0.2277 : L 12 : T 9.9 sec
 - d_sub 2200 : OOB 0.2247 : L 13 : T 10.4 sec
 - d_sub 2200 : OOB 0.2228 : L 14 : T 10.9 sec
 - d_sub 2200 : OOB 0.2212 : L 15 : T 11.4 sec
 - d_sub 2200 : OOB 0.2193 : L 16 : T 12.0 sec
 - d_sub 2200 : OOB 0.2184 : L 17 : T 12.5 sec
 - d_sub 2200 : OOB 0.2168 : L 18 : T 13.2 sec
 - d_sub 2200 : OOB 0.2168 : L 19 : T 13.8 sec
 - d_sub 2200 : OOB 0.2140 : L 20 : T 14.3 sec
 - d_sub 2200 : OOB 0.2116 : L 21 : T 14.9 sec
 - d_sub 2200 : OOB 0.2119 : L 22 : T 15.4 sec
 - d_sub 2200 : OOB 0.2100 : L 23 : T 16.0 sec
 - d_sub 2200 : OOB 0.2081 : L 24 : T 16.5 sec
 - d_sub 2200 : OOB 0.2060 : L 25 : T 17.1 sec
 - d_sub 2200 : OOB 0.2065 : L 26 : T 17.7 sec
 - d_sub 2200 : OOB 0.2058 : L 27 : T 18.2 sec
 - d_sub 2200 : OOB 0.2063 : L 28 : T 18.8 sec
 - d_sub 2200 : OOB 0.2048 : L 29 : T 19.3 sec
 - d_sub 2200 : OOB 0.2039 : L 30 : T 19.9 sec
 - d_sub 2200 : OOB 0.2057 : L 31 : T 20.4 sec
 - d_sub 2200 : OOB 0.2022 : L 32 : T 20.9 sec
 - d_sub 2200 : OOB 0.2023 : L 33 : T 21.5 sec
 - d_sub 2200 : OOB 0.2023 : L 34 : T 22.2 sec
 - d_sub 2200 : OOB 0.2012 : L 35 : T 22.8 sec
 - d_sub 2200 : OOB 0.1993 : L 36 : T 23.4 sec
 - d_sub 2200 : OOB 0.2006 : L 37 : T 23.9 sec
 - d_sub 2200 : OOB 0.2000 : L 38 : T 24.5 sec
 - d_sub 2200 : OOB 0.1986 : L 39 : T 25.0 sec
 - d_sub 2200 : OOB 0.2001 : L 40 : T 25.7 sec
 - d_sub 2200 : OOB 0.1995 : L 41 : T 26.2 sec
 - d_sub 2200 : OOB 0.1983 : L 42 : T 27.0 sec
 - d_sub 2200 : OOB 0.1991 : L 43 : T 27.5 sec
 - d_sub 2200 : OOB 0.1984 : L 44 : T 28.2 sec
 - d_sub 2200 : OOB 0.1978 : L 45 : T 28.8 sec
 - d_sub 2200 : OOB 0.1946 : L 46 : T 29.3 sec
 - d_sub 2200 : OOB 0.1951 : L 47 : T 29.8 sec
 - d_sub 2200 : OOB 0.1967 : L 48 : T 30.4 sec
 - d_sub 2200 : OOB 0.1953 : L 49 : T 30.9 sec
 - d_sub 2200 : OOB 0.1962 : L 50 : T 31.6 sec
 - d_sub 2200 : OOB 0.1948 : L 51 : T 32.2 sec
 - d_sub 2200 : OOB 0.1947 : L 52 : T 32.7 sec
 - d_sub 2200 : OOB 0.1950 : L 53 : T 33.2 sec
 - d_sub 2200 : OOB 0.1942 : L 54 : T 33.8 sec
 - d_sub 2200 : OOB 0.1946 : L 55 : T 34.3 sec
 - d_sub 2200 : OOB 0.1946 : L 56 : T 34.8 sec
 - d_sub 2200 : OOB 0.1943 : L 57 : T 35.4 sec
 - d_sub 2200 : OOB 0.1944 : L 58 : T 35.9 sec
 - d_sub 2200 : OOB 0.1918 : L 59 : T 36.5 sec
 - d_sub 2200 : OOB 0.1939 : L 60 : T 37.0 sec
 - d_sub 2200 : OOB 0.1923 : L 61 : T 37.5 sec
 - d_sub 2200 : OOB 0.1929 : L 62 : T 38.0 sec
 - d_sub 2200 : OOB 0.1919 : L 63 : T 38.5 sec
 - d_sub 2200 : OOB 0.1933 : L 64 : T 39.1 sec
 - d_sub 2200 : OOB 0.1927 : L 65 : T 39.6 sec
 - d_sub 2200 : OOB 0.1935 : L 66 : T 40.2 sec
 - d_sub 2200 : OOB 0.1930 : L 67 : T 40.7 sec
 - d_sub 2200 : OOB 0.1925 : L 68 : T 41.2 sec
 - d_sub 2200 : OOB 0.1922 : L 69 : T 41.8 sec
 - d_sub 2200 : OOB 0.1921 : L 70 : T 42.3 sec
 - d_sub 2200 : OOB 0.1924 : L 71 : T 42.8 sec
 - d_sub 2200 : OOB 0.1920 : L 72 : T 43.4 sec
 - d_sub 2200 : OOB 0.1910 : L 73 : T 44.0 sec
 - d_sub 2200 : OOB 0.1925 : L 74 : T 44.5 sec
 - d_sub 2200 : OOB 0.1909 : L 75 : T 45.0 sec
 - d_sub 2200 : OOB 0.1906 : L 76 : T 45.6 sec
 - d_sub 2200 : OOB 0.1914 : L 77 : T 46.1 sec
 - d_sub 2200 : OOB 0.1911 : L 78 : T 46.6 sec
 - d_sub 2200 : OOB 0.1908 : L 79 : T 47.2 sec
 - d_sub 2200 : OOB 0.1900 : L 80 : T 47.7 sec
 - d_sub 2200 : OOB 0.1892 : L 81 : T 48.3 sec
 - d_sub 2200 : OOB 0.1901 : L 82 : T 48.8 sec
 - d_sub 2200 : OOB 0.1905 : L 83 : T 49.5 sec
 - d_sub 2200 : OOB 0.1904 : L 84 : T 50.1 sec
 - d_sub 2200 : OOB 0.1907 : L 85 : T 50.6 sec
 - d_sub 2200 : OOB 0.1906 : L 86 : T 51.3 sec
 - d_sub 2200 : OOB 0.1891 : L 87 : T 51.9 sec
 - d_sub 2200 : OOB 0.1903 : L 88 : T 52.4 sec
 - d_sub 2200 : OOB 0.1898 : L 89 : T 52.9 sec
 - d_sub 2200 : OOB 0.1898 : L 90 : T 53.7 sec
 - d_sub 2200 : OOB 0.1894 : L 91 : T 54.2 sec
 - d_sub 2200 : OOB 0.1891 : L 92 : T 54.8 sec
 - d_sub 2200 : OOB 0.1897 : L 93 : T 55.3 sec
 - d_sub 2200 : OOB 0.1892 : L 94 : T 55.8 sec
 - d_sub 2200 : OOB 0.1889 : L 95 : T 56.4 sec
 - d_sub 2200 : OOB 0.1892 : L 96 : T 56.9 sec
 - d_sub 2200 : OOB 0.1893 : L 97 : T 57.4 sec
 - d_sub 2200 : OOB 0.1894 : L 98 : T 58.0 sec
 - d_sub 2200 : OOB 0.1891 : L 99 : T 58.5 sec
 - d_sub 2200 : OOB 0.1902 : L 100 : T 59.1 sec
 - d_sub 2200 : OOB 0.1894 : L 101 : T 59.6 sec
 - d_sub 2200 : OOB 0.1910 : L 102 : T 60.1 sec
 - d_sub 2200 : OOB 0.1887 : L 103 : T 60.6 sec
 - d_sub 2200 : OOB 0.1896 : L 104 : T 61.2 sec

 - d_sub 2400 : OOB 0.4119 : L 1 : T 4.6 sec
 - d_sub 2400 : OOB 0.3591 : L 2 : T 5.9 sec
 - d_sub 2400 : OOB 0.3309 : L 3 : T 6.8 sec
 - d_sub 2400 : OOB 0.3009 : L 4 : T 7.8 sec
 - d_sub 2400 : OOB 0.2863 : L 5 : T 8.8 sec
 - d_sub 2400 : OOB 0.2713 : L 6 : T 10.8 sec
 - d_sub 2400 : OOB 0.2540 : L 7 : T 11.4 sec
 - d_sub 2400 : OOB 0.2513 : L 8 : T 12.1 sec
 - d_sub 2400 : OOB 0.2410 : L 9 : T 12.9 sec
 - d_sub 2400 : OOB 0.2366 : L 10 : T 15.2 sec
 - d_sub 2400 : OOB 0.2306 : L 11 : T 16.8 sec
 - d_sub 2400 : OOB 0.2254 : L 12 : T 17.4 sec
 - d_sub 2400 : OOB 0.2227 : L 13 : T 18.0 sec
 - d_sub 2400 : OOB 0.2241 : L 14 : T 18.8 sec
 - d_sub 2400 : OOB 0.2176 : L 15 : T 19.4 sec
 - d_sub 2400 : OOB 0.2171 : L 16 : T 20.1 sec
 - d_sub 2400 : OOB 0.2168 : L 17 : T 20.7 sec
 - d_sub 2400 : OOB 0.2127 : L 18 : T 21.3 sec
 - d_sub 2400 : OOB 0.2129 : L 19 : T 21.9 sec
 - d_sub 2400 : OOB 0.2074 : L 20 : T 22.5 sec
 - d_sub 2400 : OOB 0.2065 : L 21 : T 23.3 sec
 - d_sub 2400 : OOB 0.2055 : L 22 : T 23.9 sec
 - d_sub 2400 : OOB 0.2033 : L 23 : T 24.8 sec
 - d_sub 2400 : OOB 0.2022 : L 24 : T 25.4 sec
 - d_sub 2400 : OOB 0.2018 : L 25 : T 26.9 sec
 - d_sub 2400 : OOB 0.1987 : L 26 : T 27.6 sec
 - d_sub 2400 : OOB 0.2005 : L 27 : T 28.2 sec
 - d_sub 2400 : OOB 0.1998 : L 28 : T 28.8 sec
 - d_sub 2400 : OOB 0.2005 : L 29 : T 29.4 sec
 - d_sub 2400 : OOB 0.1988 : L 30 : T 30.0 sec
 - d_sub 2400 : OOB 0.1982 : L 31 : T 30.8 sec
 - d_sub 2400 : OOB 0.1974 : L 32 : T 31.4 sec
 - d_sub 2400 : OOB 0.1988 : L 33 : T 32.0 sec
 - d_sub 2400 : OOB 0.1965 : L 34 : T 32.6 sec
 - d_sub 2400 : OOB 0.1956 : L 35 : T 33.6 sec
 - d_sub 2400 : OOB 0.1948 : L 36 : T 35.1 sec
 - d_sub 2400 : OOB 0.1945 : L 37 : T 35.7 sec
 - d_sub 2400 : OOB 0.1944 : L 38 : T 36.5 sec
 - d_sub 2400 : OOB 0.1950 : L 39 : T 37.1 sec
 - d_sub 2400 : OOB 0.1932 : L 40 : T 37.8 sec
 - d_sub 2400 : OOB 0.1936 : L 41 : T 38.4 sec
 - d_sub 2400 : OOB 0.1938 : L 42 : T 39.0 sec
 - d_sub 2400 : OOB 0.1950 : L 43 : T 39.6 sec
 - d_sub 2400 : OOB 0.1945 : L 44 : T 40.2 sec
 - d_sub 2400 : OOB 0.1938 : L 45 : T 41.0 sec
 - d_sub 2400 : OOB 0.1939 : L 46 : T 41.6 sec
 - d_sub 2400 : OOB 0.1940 : L 47 : T 42.2 sec
 - d_sub 2400 : OOB 0.1931 : L 48 : T 42.9 sec
 - d_sub 2400 : OOB 0.1936 : L 49 : T 43.5 sec
 - d_sub 2400 : OOB 0.1926 : L 50 : T 44.3 sec
 - d_sub 2400 : OOB 0.1936 : L 51 : T 45.8 sec
 - d_sub 2400 : OOB 0.1940 : L 52 : T 46.9 sec
 - d_sub 2400 : OOB 0.1932 : L 53 : T 47.7 sec
 - d_sub 2400 : OOB 0.1930 : L 54 : T 48.3 sec
 - d_sub 2400 : OOB 0.1942 : L 55 : T 49.0 sec
 - d_sub 2400 : OOB 0.1947 : L 56 : T 49.8 sec
 - d_sub 2400 : OOB 0.1922 : L 57 : T 50.6 sec
 - d_sub 2400 : OOB 0.1935 : L 58 : T 51.2 sec
 - d_sub 2400 : OOB 0.1922 : L 59 : T 51.8 sec
 - d_sub 2400 : OOB 0.1911 : L 60 : T 52.6 sec
 - d_sub 2400 : OOB 0.1916 : L 61 : T 53.2 sec
 - d_sub 2400 : OOB 0.1920 : L 62 : T 53.9 sec
 - d_sub 2400 : OOB 0.1921 : L 63 : T 54.5 sec
 - d_sub 2400 : OOB 0.1909 : L 64 : T 55.1 sec
 - d_sub 2400 : OOB 0.1929 : L 65 : T 55.7 sec
 - d_sub 2400 : OOB 0.1915 : L 66 : T 57.1 sec
 - d_sub 2400 : OOB 0.1920 : L 67 : T 58.1 sec
 - d_sub 2400 : OOB 0.1912 : L 68 : T 59.2 sec
 - d_sub 2400 : OOB 0.1906 : L 69 : T 59.9 sec
 - d_sub 2400 : OOB 0.1918 : L 70 : T 60.5 sec
 - d_sub 2400 : OOB 0.1909 : L 71 : T 62.2 sec
 - d_sub 2400 : OOB 0.1903 : L 72 : T 62.9 sec
 - d_sub 2400 : OOB 0.1890 : L 73 : T 63.5 sec
 - d_sub 2400 : OOB 0.1903 : L 74 : T 64.2 sec
 - d_sub 2400 : OOB 0.1891 : L 75 : T 65.1 sec
 - d_sub 2400 : OOB 0.1890 : L 76 : T 66.2 sec
 - d_sub 2400 : OOB 0.1893 : L 77 : T 66.8 sec
 - d_sub 2400 : OOB 0.1893 : L 78 : T 67.5 sec
 - d_sub 2400 : OOB 0.1895 : L 79 : T 68.4 sec
 - d_sub 2400 : OOB 0.1897 : L 80 : T 70.1 sec
 - d_sub 2400 : OOB 0.1880 : L 81 : T 70.8 sec
 - d_sub 2400 : OOB 0.1875 : L 82 : T 71.8 sec
 - d_sub 2400 : OOB 0.1909 : L 83 : T 72.7 sec
 - d_sub 2400 : OOB 0.1875 : L 84 : T 73.4 sec
 - d_sub 2400 : OOB 0.1894 : L 85 : T 74.1 sec
 - d_sub 2400 : OOB 0.1888 : L 86 : T 74.9 sec
 - d_sub 2400 : OOB 0.1892 : L 87 : T 75.6 sec
 - d_sub 2400 : OOB 0.1889 : L 88 : T 76.2 sec
 - d_sub 2400 : OOB 0.1882 : L 89 : T 76.9 sec
 - d_sub 2400 : OOB 0.1885 : L 90 : T 78.4 sec
 - d_sub 2400 : OOB 0.1878 : L 91 : T 79.1 sec
 - d_sub 2400 : OOB 0.1875 : L 92 : T 79.7 sec
 - d_sub 2400 : OOB 0.1892 : L 93 : T 80.6 sec
 - d_sub 2400 : OOB 0.1886 : L 94 : T 82.9 sec
 - d_sub 2400 : OOB 0.1876 : L 95 : T 84.0 sec
 - d_sub 2400 : OOB 0.1890 : L 96 : T 84.9 sec
 - d_sub 2400 : OOB 0.1898 : L 97 : T 85.6 sec
 - d_sub 2400 : OOB 0.1893 : L 98 : T 86.9 sec
 - d_sub 2400 : OOB 0.1899 : L 99 : T 88.5 sec
 - d_sub 2400 : OOB 0.1899 : L 100 : T 89.5 sec
 - d_sub 2400 : OOB 0.1899 : L 101 : T 90.3 sec
 - d_sub 2400 : OOB 0.1875 : L 102 : T 94.6 sec
 - d_sub 2400 : OOB 0.1883 : L 103 : T 95.2 sec
 - d_sub 2400 : OOB 0.1879 : L 104 : T 96.3 sec
 - d_sub 2400 : OOB 0.1886 : L 105 : T 96.9 sec

 - d_sub 2600 : OOB 0.4157 : L 1 : T 5.7 sec
 - d_sub 2600 : OOB 0.3603 : L 2 : T 7.5 sec
 - d_sub 2600 : OOB 0.3273 : L 3 : T 12.8 sec
 - d_sub 2600 : OOB 0.3088 : L 4 : T 16.8 sec
 - d_sub 2600 : OOB 0.2920 : L 5 : T 21.3 sec
 - d_sub 2600 : OOB 0.2803 : L 6 : T 24.9 sec
 - d_sub 2600 : OOB 0.2657 : L 7 : T 25.8 sec
 - d_sub 2600 : OOB 0.2575 : L 8 : T 26.8 sec
 - d_sub 2600 : OOB 0.2510 : L 9 : T 30.3 sec
 - d_sub 2600 : OOB 0.2482 : L 10 : T 31.5 sec
 - d_sub 2600 : OOB 0.2391 : L 11 : T 32.7 sec
 - d_sub 2600 : OOB 0.2372 : L 12 : T 34.2 sec
 - d_sub 2600 : OOB 0.2323 : L 13 : T 34.8 sec
 - d_sub 2600 : OOB 0.2269 : L 14 : T 35.7 sec
 - d_sub 2600 : OOB 0.2239 : L 15 : T 36.6 sec
 - d_sub 2600 : OOB 0.2239 : L 16 : T 38.0 sec
 - d_sub 2600 : OOB 0.2196 : L 17 : T 38.6 sec
 - d_sub 2600 : OOB 0.2208 : L 18 : T 39.2 sec
 - d_sub 2600 : OOB 0.2166 : L 19 : T 39.9 sec
 - d_sub 2600 : OOB 0.2143 : L 20 : T 42.0 sec
 - d_sub 2600 : OOB 0.2116 : L 21 : T 42.7 sec
 - d_sub 2600 : OOB 0.2117 : L 22 : T 43.5 sec
 - d_sub 2600 : OOB 0.2134 : L 23 : T 44.5 sec
 - d_sub 2600 : OOB 0.2102 : L 24 : T 45.3 sec
 - d_sub 2600 : OOB 0.2063 : L 25 : T 46.4 sec
 - d_sub 2600 : OOB 0.2052 : L 26 : T 47.4 sec
 - d_sub 2600 : OOB 0.2074 : L 27 : T 49.1 sec
 - d_sub 2600 : OOB 0.2071 : L 28 : T 50.0 sec
 - d_sub 2600 : OOB 0.2051 : L 29 : T 51.1 sec
 - d_sub 2600 : OOB 0.2049 : L 30 : T 52.0 sec
 - d_sub 2600 : OOB 0.2039 : L 31 : T 53.5 sec
 - d_sub 2600 : OOB 0.2032 : L 32 : T 55.5 sec
 - d_sub 2600 : OOB 0.2026 : L 33 : T 56.7 sec
 - d_sub 2600 : OOB 0.2031 : L 34 : T 57.5 sec
 - d_sub 2600 : OOB 0.2016 : L 35 : T 58.2 sec
 - d_sub 2600 : OOB 0.2009 : L 36 : T 59.2 sec
 - d_sub 2600 : OOB 0.1991 : L 37 : T 59.9 sec
 - d_sub 2600 : OOB 0.2001 : L 38 : T 60.8 sec
 - d_sub 2600 : OOB 0.1973 : L 39 : T 62.1 sec
 - d_sub 2600 : OOB 0.1994 : L 40 : T 62.7 sec
 - d_sub 2600 : OOB 0.1995 : L 41 : T 63.4 sec
 - d_sub 2600 : OOB 0.1976 : L 42 : T 64.3 sec
 - d_sub 2600 : OOB 0.1975 : L 43 : T 65.4 sec
 - d_sub 2600 : OOB 0.1961 : L 44 : T 66.0 sec
 - d_sub 2600 : OOB 0.1956 : L 45 : T 67.4 sec
 - d_sub 2600 : OOB 0.1956 : L 46 : T 68.6 sec
 - d_sub 2600 : OOB 0.1939 : L 47 : T 70.1 sec
 - d_sub 2600 : OOB 0.1960 : L 48 : T 70.7 sec
 - d_sub 2600 : OOB 0.1956 : L 49 : T 72.2 sec
 - d_sub 2600 : OOB 0.1958 : L 50 : T 73.3 sec
 - d_sub 2600 : OOB 0.1949 : L 51 : T 74.0 sec
 - d_sub 2600 : OOB 0.1952 : L 52 : T 75.6 sec
 - d_sub 2600 : OOB 0.1933 : L 53 : T 76.2 sec
 - d_sub 2600 : OOB 0.1936 : L 54 : T 76.9 sec
 - d_sub 2600 : OOB 0.1930 : L 55 : T 77.5 sec
 - d_sub 2600 : OOB 0.1943 : L 56 : T 78.6 sec
 - d_sub 2600 : OOB 0.1934 : L 57 : T 79.5 sec
 - d_sub 2600 : OOB 0.1927 : L 58 : T 81.0 sec
 - d_sub 2600 : OOB 0.1922 : L 59 : T 81.7 sec
 - d_sub 2600 : OOB 0.1924 : L 60 : T 82.4 sec
 - d_sub 2600 : OOB 0.1935 : L 61 : T 83.3 sec
 - d_sub 2600 : OOB 0.1913 : L 62 : T 83.9 sec
 - d_sub 2600 : OOB 0.1924 : L 63 : T 84.6 sec
 - d_sub 2600 : OOB 0.1923 : L 64 : T 85.2 sec
 - d_sub 2600 : OOB 0.1927 : L 65 : T 85.9 sec
 - d_sub 2600 : OOB 0.1917 : L 66 : T 86.6 sec
 - d_sub 2600 : OOB 0.1899 : L 67 : T 87.2 sec
 - d_sub 2600 : OOB 0.1915 : L 68 : T 87.8 sec
 - d_sub 2600 : OOB 0.1926 : L 69 : T 88.4 sec
 - d_sub 2600 : OOB 0.1927 : L 70 : T 89.7 sec
 - d_sub 2600 : OOB 0.1933 : L 71 : T 90.6 sec
 - d_sub 2600 : OOB 0.1921 : L 72 : T 91.2 sec
 - d_sub 2600 : OOB 0.1922 : L 73 : T 91.8 sec
 - d_sub 2600 : OOB 0.1925 : L 74 : T 92.7 sec
 - d_sub 2600 : OOB 0.1944 : L 75 : T 93.4 sec
 - d_sub 2600 : OOB 0.1938 : L 76 : T 94.4 sec
 - d_sub 2600 : OOB 0.1927 : L 77 : T 95.1 sec
 - d_sub 2600 : OOB 0.1926 : L 78 : T 95.8 sec
 - d_sub 2600 : OOB 0.1928 : L 79 : T 96.5 sec
 - d_sub 2600 : OOB 0.1918 : L 80 : T 97.2 sec
 - d_sub 2600 : OOB 0.1922 : L 81 : T 97.8 sec
 - d_sub 2600 : OOB 0.1926 : L 82 : T 98.5 sec
 - d_sub 2600 : OOB 0.1905 : L 83 : T 99.4 sec
 - d_sub 2600 : OOB 0.1918 : L 84 : T 100.0 sec
 - d_sub 2600 : OOB 0.1908 : L 85 : T 100.8 sec
 - d_sub 2600 : OOB 0.1923 : L 86 : T 101.5 sec
 - d_sub 2600 : OOB 0.1907 : L 87 : T 102.5 sec
 - d_sub 2600 : OOB 0.1912 : L 88 : T 103.2 sec
 - d_sub 2600 : OOB 0.1930 : L 89 : T 103.8 sec
 - d_sub 2600 : OOB 0.1924 : L 90 : T 104.5 sec
 - d_sub 2600 : OOB 0.1925 : L 91 : T 105.4 sec
 - d_sub 2600 : OOB 0.1921 : L 92 : T 106.0 sec
# -------------------------
optimal d_sub 2400 : OOB 0.1886 : L 105 : T 545.8 sec
Testing error: 0.1959
# -------------------------
# Ensemble classification
#  - Training samples: 10000 (5000/5000)
#  - Feature-space dimensionality: 18157
#  - L : automatic (min 25, max 500, length 50, eps 0.00500)
#  - d_sub : 300
#  - Seed 1 (subspaces) : 507968467
#  - Seed 2 (bootstrap) : 551384527
# -------------------------

 - d_sub 300 : OOB 0.4091 : L 1 : T 0.0 sec
 - d_sub 300 : OOB 0.3573 : L 2 : T 0.1 sec
 - d_sub 300 : OOB 0.3288 : L 3 : T 0.1 sec
 - d_sub 300 : OOB 0.3049 : L 4 : T 0.2 sec
 - d_sub 300 : OOB 0.2890 : L 5 : T 0.2 sec
 - d_sub 300 : OOB 0.2778 : L 6 : T 0.2 sec
 - d_sub 300 : OOB 0.2648 : L 7 : T 0.3 sec
 - d_sub 300 : OOB 0.2589 : L 8 : T 0.3 sec
 - d_sub 300 : OOB 0.2563 : L 9 : T 0.3 sec
 - d_sub 300 : OOB 0.2500 : L 10 : T 0.4 sec
 - d_sub 300 : OOB 0.2493 : L 11 : T 0.4 sec
 - d_sub 300 : OOB 0.2457 : L 12 : T 0.5 sec
 - d_sub 300 : OOB 0.2477 : L 13 : T 0.5 sec
 - d_sub 300 : OOB 0.2448 : L 14 : T 0.5 sec
 - d_sub 300 : OOB 0.2421 : L 15 : T 0.6 sec
 - d_sub 300 : OOB 0.2436 : L 16 : T 0.6 sec
 - d_sub 300 : OOB 0.2421 : L 17 : T 0.7 sec
 - d_sub 300 : OOB 0.2375 : L 18 : T 0.7 sec
 - d_sub 300 : OOB 0.2389 : L 19 : T 0.7 sec
 - d_sub 300 : OOB 0.2375 : L 20 : T 0.8 sec
 - d_sub 300 : OOB 0.2359 : L 21 : T 0.8 sec
 - d_sub 300 : OOB 0.2385 : L 22 : T 0.8 sec
 - d_sub 300 : OOB 0.2387 : L 23 : T 0.9 sec
 - d_sub 300 : OOB 0.2374 : L 24 : T 0.9 sec
 - d_sub 300 : OOB 0.2363 : L 25 : T 1.0 sec
 - d_sub 300 : OOB 0.2349 : L 26 : T 1.0 sec
 - d_sub 300 : OOB 0.2349 : L 27 : T 1.0 sec
 - d_sub 300 : OOB 0.2337 : L 28 : T 1.1 sec
 - d_sub 300 : OOB 0.2317 : L 29 : T 1.1 sec
 - d_sub 300 : OOB 0.2323 : L 30 : T 1.1 sec
 - d_sub 300 : OOB 0.2340 : L 31 : T 1.2 sec
 - d_sub 300 : OOB 0.2324 : L 32 : T 1.2 sec
 - d_sub 300 : OOB 0.2330 : L 33 : T 1.3 sec
 - d_sub 300 : OOB 0.2331 : L 34 : T 1.3 sec
 - d_sub 300 : OOB 0.2320 : L 35 : T 1.3 sec
 - d_sub 300 : OOB 0.2325 : L 36 : T 1.4 sec
 - d_sub 300 : OOB 0.2315 : L 37 : T 1.4 sec
 - d_sub 300 : OOB 0.2315 : L 38 : T 1.5 sec
 - d_sub 300 : OOB 0.2313 : L 39 : T 1.5 sec
 - d_sub 300 : OOB 0.2310 : L 40 : T 1.5 sec
 - d_sub 300 : OOB 0.2297 : L 41 : T 1.6 sec
 - d_sub 300 : OOB 0.2310 : L 42 : T 1.6 sec
 - d_sub 300 : OOB 0.2308 : L 43 : T 1.6 sec
 - d_sub 300 : OOB 0.2332 : L 44 : T 1.7 sec
 - d_sub 300 : OOB 0.2308 : L 45 : T 1.7 sec
 - d_sub 300 : OOB 0.2327 : L 46 : T 1.8 sec
 - d_sub 300 : OOB 0.2307 : L 47 : T 1.8 sec
 - d_sub 300 : OOB 0.2296 : L 48 : T 1.8 sec
 - d_sub 300 : OOB 0.2305 : L 49 : T 1.9 sec
 - d_sub 300 : OOB 0.2292 : L 50 : T 1.9 sec
 - d_sub 300 : OOB 0.2296 : L 51 : T 2.0 sec
 - d_sub 300 : OOB 0.2301 : L 52 : T 2.0 sec
 - d_sub 300 : OOB 0.2299 : L 53 : T 2.0 sec
 - d_sub 300 : OOB 0.2303 : L 54 : T 2.1 sec
 - d_sub 300 : OOB 0.2292 : L 55 : T 2.1 sec
 - d_sub 300 : OOB 0.2313 : L 56 : T 2.1 sec
 - d_sub 300 : OOB 0.2312 : L 57 : T 2.2 sec
 - d_sub 300 : OOB 0.2304 : L 58 : T 2.2 sec
 - d_sub 300 : OOB 0.2313 : L 59 : T 2.2 sec
 - d_sub 300 : OOB 0.2314 : L 60 : T 2.3 sec
 - d_sub 300 : OOB 0.2315 : L 61 : T 2.3 sec
 - d_sub 300 : OOB 0.2305 : L 62 : T 2.4 sec
 - d_sub 300 : OOB 0.2316 : L 63 : T 2.4 sec
 - d_sub 300 : OOB 0.2311 : L 64 : T 2.4 sec
 - d_sub 300 : OOB 0.2307 : L 65 : T 2.5 sec
 - d_sub 300 : OOB 0.2305 : L 66 : T 2.5 sec
 - d_sub 300 : OOB 0.2309 : L 67 : T 2.6 sec
 - d_sub 300 : OOB 0.2302 : L 68 : T 2.6 sec
 - d_sub 300 : OOB 0.2289 : L 69 : T 2.6 sec
 - d_sub 300 : OOB 0.2290 : L 70 : T 2.7 sec
 - d_sub 300 : OOB 0.2296 : L 71 : T 2.7 sec
 - d_sub 300 : OOB 0.2308 : L 72 : T 2.7 sec
 - d_sub 300 : OOB 0.2311 : L 73 : T 2.8 sec
 - d_sub 300 : OOB 0.2313 : L 74 : T 2.8 sec
# -------------------------
optimal d_sub 300 : OOB 0.2313 : L 74 : T 2.8 sec
# -------------------------
# Ensemble classification
#  - Training samples: 10000 (5000/5000)
#  - Feature-space dimensionality: 18157
#  - L : 30
#  - d_sub : 300
#  - Seed 1 (subspaces) : 372039498
#  - Seed 2 (bootstrap) : 677658827
# -------------------------

 - d_sub 300 : OOB 0.4186 : L 1 : T 0.0 sec
 - d_sub 300 : OOB 0.3633 : L 2 : T 0.1 sec
 - d_sub 300 : OOB 0.3310 : L 3 : T 0.1 sec
 - d_sub 300 : OOB 0.3078 : L 4 : T 0.1 sec
 - d_sub 300 : OOB 0.2909 : L 5 : T 0.2 sec
 - d_sub 300 : OOB 0.2798 : L 6 : T 0.2 sec
 - d_sub 300 : OOB 0.2674 : L 7 : T 0.3 sec
 - d_sub 300 : OOB 0.2615 : L 8 : T 0.3 sec
 - d_sub 300 : OOB 0.2610 : L 9 : T 0.3 sec
 - d_sub 300 : OOB 0.2586 : L 10 : T 0.4 sec
 - d_sub 300 : OOB 0.2557 : L 11 : T 0.4 sec
 - d_sub 300 : OOB 0.2530 : L 12 : T 0.4 sec
 - d_sub 300 : OOB 0.2519 : L 13 : T 0.5 sec
 - d_sub 300 : OOB 0.2517 : L 14 : T 0.5 sec
 - d_sub 300 : OOB 0.2502 : L 15 : T 0.6 sec
 - d_sub 300 : OOB 0.2497 : L 16 : T 0.6 sec
 - d_sub 300 : OOB 0.2475 : L 17 : T 0.6 sec
 - d_sub 300 : OOB 0.2489 : L 18 : T 0.7 sec
 - d_sub 300 : OOB 0.2453 : L 19 : T 0.7 sec
 - d_sub 300 : OOB 0.2455 : L 20 : T 0.7 sec
 - d_sub 300 : OOB 0.2472 : L 21 : T 0.8 sec
 - d_sub 300 : OOB 0.2452 : L 22 : T 0.8 sec
 - d_sub 300 : OOB 0.2435 : L 23 : T 0.9 sec
 - d_sub 300 : OOB 0.2429 : L 24 : T 0.9 sec
 - d_sub 300 : OOB 0.2424 : L 25 : T 0.9 sec
 - d_sub 300 : OOB 0.2408 : L 26 : T 1.0 sec
 - d_sub 300 : OOB 0.2411 : L 27 : T 1.0 sec
 - d_sub 300 : OOB 0.2409 : L 28 : T 1.0 sec
 - d_sub 300 : OOB 0.2373 : L 29 : T 1.1 sec
 - d_sub 300 : OOB 0.2392 : L 30 : T 1.1 sec
# -------------------------
optimal d_sub 300 : OOB 0.2392 : L 30 : T 1.1 sec
# -------------------------
# Ensemble classification
#  - Training samples: 10000 (5000/5000)
#  - Feature-space dimensionality: 18157
#  - L : 30
#  - d_sub : 300
#  - Seed 1 (subspaces) : 529195591
#  - Seed 2 (bootstrap) : 262159708
# -------------------------

 - d_sub 300 : OOB 0.4153 : L 1 : T 0.0 sec
 - d_sub 300 : OOB 0.3590 : L 2 : T 0.1 sec
 - d_sub 300 : OOB 0.3259 : L 3 : T 0.1 sec
 - d_sub 300 : OOB 0.2975 : L 4 : T 0.1 sec
 - d_sub 300 : OOB 0.2801 : L 5 : T 0.2 sec
 - d_sub 300 : OOB 0.2734 : L 6 : T 0.2 sec
 - d_sub 300 : OOB 0.2704 : L 7 : T 0.3 sec
 - d_sub 300 : OOB 0.2650 : L 8 : T 0.3 sec
 - d_sub 300 : OOB 0.2595 : L 9 : T 0.3 sec
 - d_sub 300 : OOB 0.2537 : L 10 : T 0.4 sec
 - d_sub 300 : OOB 0.2509 : L 11 : T 0.4 sec
 - d_sub 300 : OOB 0.2480 : L 12 : T 0.4 sec
 - d_sub 300 : OOB 0.2462 : L 13 : T 0.5 sec
 - d_sub 300 : OOB 0.2440 : L 14 : T 0.5 sec
 - d_sub 300 : OOB 0.2428 : L 15 : T 0.6 sec
 - d_sub 300 : OOB 0.2397 : L 16 : T 0.6 sec
 - d_sub 300 : OOB 0.2423 : L 17 : T 0.6 sec
 - d_sub 300 : OOB 0.2433 : L 18 : T 0.7 sec
 - d_sub 300 : OOB 0.2420 : L 19 : T 0.7 sec
 - d_sub 300 : OOB 0.2421 : L 20 : T 0.8 sec
 - d_sub 300 : OOB 0.2393 : L 21 : T 0.8 sec
 - d_sub 300 : OOB 0.2400 : L 22 : T 0.8 sec
 - d_sub 300 : OOB 0.2364 : L 23 : T 0.9 sec
 - d_sub 300 : OOB 0.2388 : L 24 : T 0.9 sec
 - d_sub 300 : OOB 0.2376 : L 25 : T 1.0 sec
 - d_sub 300 : OOB 0.2388 : L 26 : T 1.0 sec
 - d_sub 300 : OOB 0.2368 : L 27 : T 1.0 sec
 - d_sub 300 : OOB 0.2357 : L 28 : T 1.1 sec
 - d_sub 300 : OOB 0.2344 : L 29 : T 1.1 sec
 - d_sub 300 : OOB 0.2349 : L 30 : T 1.2 sec
# -------------------------
optimal d_sub 300 : OOB 0.2349 : L 30 : T 1.2 sec
# -------------------------
# Ensemble classification
#  - Training samples: 10000 (5000/5000)
#  - Feature-space dimensionality: 18157
#  - L : 30
#  - d_sub : 300
#  - Seed 1 (subspaces) : 113158308
#  - Seed 2 (bootstrap) : 332310836
# -------------------------

 - d_sub 300 : OOB 0.4179 : L 1 : T 0.0 sec
 - d_sub 300 : OOB 0.3651 : L 2 : T 0.1 sec
 - d_sub 300 : OOB 0.3353 : L 3 : T 0.1 sec
 - d_sub 300 : OOB 0.3107 : L 4 : T 0.1 sec
 - d_sub 300 : OOB 0.2917 : L 5 : T 0.2 sec
 - d_sub 300 : OOB 0.2819 : L 6 : T 0.2 sec
 - d_sub 300 : OOB 0.2781 : L 7 : T 0.3 sec
 - d_sub 300 : OOB 0.2717 : L 8 : T 0.3 sec
 - d_sub 300 : OOB 0.2678 : L 9 : T 0.3 sec
 - d_sub 300 : OOB 0.2615 : L 10 : T 0.4 sec
 - d_sub 300 : OOB 0.2575 : L 11 : T 0.4 sec
 - d_sub 300 : OOB 0.2516 : L 12 : T 0.4 sec
 - d_sub 300 : OOB 0.2502 : L 13 : T 0.5 sec
 - d_sub 300 : OOB 0.2488 : L 14 : T 0.5 sec
 - d_sub 300 : OOB 0.2513 : L 15 : T 0.6 sec
 - d_sub 300 : OOB 0.2501 : L 16 : T 0.6 sec
 - d_sub 300 : OOB 0.2498 : L 17 : T 0.6 sec
 - d_sub 300 : OOB 0.2500 : L 18 : T 0.7 sec
 - d_sub 300 : OOB 0.2501 : L 19 : T 0.7 sec
 - d_sub 300 : OOB 0.2469 : L 20 : T 0.7 sec
 - d_sub 300 : OOB 0.2473 : L 21 : T 0.8 sec
 - d_sub 300 : OOB 0.2453 : L 22 : T 0.8 sec
 - d_sub 300 : OOB 0.2458 : L 23 : T 0.9 sec
 - d_sub 300 : OOB 0.2446 : L 24 : T 0.9 sec
 - d_sub 300 : OOB 0.2449 : L 25 : T 0.9 sec
 - d_sub 300 : OOB 0.2436 : L 26 : T 1.0 sec
 - d_sub 300 : OOB 0.2425 : L 27 : T 1.0 sec
 - d_sub 300 : OOB 0.2414 : L 28 : T 1.1 sec
 - d_sub 300 : OOB 0.2415 : L 29 : T 1.1 sec
 - d_sub 300 : OOB 0.2413 : L 30 : T 1.1 sec
# -------------------------
optimal d_sub 300 : OOB 0.2413 : L 30 : T 1.1 sec
# -------------------------
# Ensemble classification
#  - Training samples: 10000 (5000/5000)
#  - Feature-space dimensionality: 18157
#  - L : 30
#  - d_sub : 300
#  - Seed 1 (subspaces) : 286365876
#  - Seed 2 (bootstrap) : 560409925
# -------------------------

 - d_sub 300 : OOB 0.4077 : L 1 : T 0.0 sec
 - d_sub 300 : OOB 0.3538 : L 2 : T 0.1 sec
 - d_sub 300 : OOB 0.3242 : L 3 : T 0.1 sec
 - d_sub 300 : OOB 0.2983 : L 4 : T 0.1 sec
 - d_sub 300 : OOB 0.2840 : L 5 : T 0.2 sec
 - d_sub 300 : OOB 0.2778 : L 6 : T 0.2 sec
 - d_sub 300 : OOB 0.2699 : L 7 : T 0.3 sec
 - d_sub 300 : OOB 0.2629 : L 8 : T 0.3 sec
 - d_sub 300 : OOB 0.2573 : L 9 : T 0.4 sec
 - d_sub 300 : OOB 0.2515 : L 10 : T 0.4 sec
 - d_sub 300 : OOB 0.2488 : L 11 : T 0.4 sec
 - d_sub 300 : OOB 0.2477 : L 12 : T 0.5 sec
 - d_sub 300 : OOB 0.2486 : L 13 : T 0.5 sec
 - d_sub 300 : OOB 0.2456 : L 14 : T 0.6 sec
 - d_sub 300 : OOB 0.2427 : L 15 : T 0.6 sec
 - d_sub 300 : OOB 0.2432 : L 16 : T 0.6 sec
 - d_sub 300 : OOB 0.2425 : L 17 : T 0.7 sec
 - d_sub 300 : OOB 0.2396 : L 18 : T 0.7 sec
 - d_sub 300 : OOB 0.2430 : L 19 : T 0.7 sec
 - d_sub 300 : OOB 0.2412 : L 20 : T 0.8 sec
 - d_sub 300 : OOB 0.2392 : L 21 : T 0.8 sec
 - d_sub 300 : OOB 0.2406 : L 22 : T 0.9 sec
 - d_sub 300 : OOB 0.2374 : L 23 : T 0.9 sec
 - d_sub 300 : OOB 0.2373 : L 24 : T 0.9 sec
 - d_sub 300 : OOB 0.2360 : L 25 : T 1.0 sec
 - d_sub 300 : OOB 0.2360 : L 26 : T 1.0 sec
 - d_sub 300 : OOB 0.2359 : L 27 : T 1.0 sec
 - d_sub 300 : OOB 0.2365 : L 28 : T 1.1 sec
 - d_sub 300 : OOB 0.2359 : L 29 : T 1.1 sec
 - d_sub 300 : OOB 0.2355 : L 30 : T 1.1 sec
# -------------------------
optimal d_sub 300 : OOB 0.2355 : L 30 : T 1.2 sec
# -------------------------
# Ensemble classification
#  - Training samples: 10000 (5000/5000)
#  - Feature-space dimensionality: 18157
#  - L : 30
#  - d_sub : 300
#  - Seed 1 (subspaces) : 485685577
#  - Seed 2 (bootstrap) : 985769231
# -------------------------

 - d_sub 300 : OOB 0.4125 : L 1 : T 0.0 sec
 - d_sub 300 : OOB 0.3583 : L 2 : T 0.1 sec
 - d_sub 300 : OOB 0.3299 : L 3 : T 0.1 sec
 - d_sub 300 : OOB 0.2991 : L 4 : T 0.2 sec
 - d_sub 300 : OOB 0.2794 : L 5 : T 0.2 sec
 - d_sub 300 : OOB 0.2716 : L 6 : T 0.2 sec
 - d_sub 300 : OOB 0.2651 : L 7 : T 0.3 sec
 - d_sub 300 : OOB 0.2625 : L 8 : T 0.3 sec
 - d_sub 300 : OOB 0.2620 : L 9 : T 0.3 sec
 - d_sub 300 : OOB 0.2528 : L 10 : T 0.4 sec
 - d_sub 300 : OOB 0.2514 : L 11 : T 0.4 sec
 - d_sub 300 : OOB 0.2534 : L 12 : T 0.5 sec
 - d_sub 300 : OOB 0.2492 : L 13 : T 0.5 sec
 - d_sub 300 : OOB 0.2433 : L 14 : T 0.5 sec
 - d_sub 300 : OOB 0.2450 : L 15 : T 0.6 sec
 - d_sub 300 : OOB 0.2441 : L 16 : T 0.6 sec
 - d_sub 300 : OOB 0.2409 : L 17 : T 0.6 sec
 - d_sub 300 : OOB 0.2398 : L 18 : T 0.7 sec
 - d_sub 300 : OOB 0.2418 : L 19 : T 0.7 sec
 - d_sub 300 : OOB 0.2399 : L 20 : T 0.8 sec
 - d_sub 300 : OOB 0.2410 : L 21 : T 0.8 sec
 - d_sub 300 : OOB 0.2388 : L 22 : T 0.8 sec
 - d_sub 300 : OOB 0.2404 : L 23 : T 0.9 sec
 - d_sub 300 : OOB 0.2394 : L 24 : T 0.9 sec
 - d_sub 300 : OOB 0.2372 : L 25 : T 0.9 sec
 - d_sub 300 : OOB 0.2360 : L 26 : T 1.0 sec
 - d_sub 300 : OOB 0.2362 : L 27 : T 1.0 sec
 - d_sub 300 : OOB 0.2350 : L 28 : T 1.1 sec
 - d_sub 300 : OOB 0.2349 : L 29 : T 1.1 sec
 - d_sub 300 : OOB 0.2349 : L 30 : T 1.1 sec
# -------------------------
optimal d_sub 300 : OOB 0.2349 : L 30 : T 1.1 sec
# -------------------------
# Ensemble classification
#  - Training samples: 10000 (5000/5000)
#  - Feature-space dimensionality: 18157
#  - L : 30
#  - d_sub : 300
#  - Seed 1 (subspaces) : 738389063
#  - Seed 2 (bootstrap) : 404104220
# -------------------------

 - d_sub 300 : OOB 0.4122 : L 1 : T 0.0 sec
 - d_sub 300 : OOB 0.3577 : L 2 : T 0.1 sec
 - d_sub 300 : OOB 0.3271 : L 3 : T 0.1 sec
 - d_sub 300 : OOB 0.3030 : L 4 : T 0.2 sec
 - d_sub 300 : OOB 0.2847 : L 5 : T 0.2 sec
 - d_sub 300 : OOB 0.2735 : L 6 : T 0.2 sec
 - d_sub 300 : OOB 0.2687 : L 7 : T 0.3 sec
 - d_sub 300 : OOB 0.2653 : L 8 : T 0.3 sec
 - d_sub 300 : OOB 0.2624 : L 9 : T 0.3 sec
 - d_sub 300 : OOB 0.2566 : L 10 : T 0.4 sec
 - d_sub 300 : OOB 0.2530 : L 11 : T 0.4 sec
 - d_sub 300 : OOB 0.2506 : L 12 : T 0.5 sec
 - d_sub 300 : OOB 0.2466 : L 13 : T 0.5 sec
 - d_sub 300 : OOB 0.2451 : L 14 : T 0.5 sec
 - d_sub 300 : OOB 0.2462 : L 15 : T 0.6 sec
 - d_sub 300 : OOB 0.2449 : L 16 : T 0.6 sec
 - d_sub 300 : OOB 0.2432 : L 17 : T 0.6 sec
 - d_sub 300 : OOB 0.2422 : L 18 : T 0.7 sec
 - d_sub 300 : OOB 0.2428 : L 19 : T 0.7 sec
 - d_sub 300 : OOB 0.2420 : L 20 : T 0.8 sec
 - d_sub 300 : OOB 0.2398 : L 21 : T 0.8 sec
 - d_sub 300 : OOB 0.2376 : L 22 : T 0.8 sec
 - d_sub 300 : OOB 0.2384 : L 23 : T 0.9 sec
 - d_sub 300 : OOB 0.2367 : L 24 : T 0.9 sec
 - d_sub 300 : OOB 0.2373 : L 25 : T 1.0 sec
 - d_sub 300 : OOB 0.2351 : L 26 : T 1.0 sec
 - d_sub 300 : OOB 0.2354 : L 27 : T 1.0 sec
 - d_sub 300 : OOB 0.2354 : L 28 : T 1.1 sec
 - d_sub 300 : OOB 0.2348 : L 29 : T 1.1 sec
 - d_sub 300 : OOB 0.2341 : L 30 : T 1.2 sec
# -------------------------
optimal d_sub 300 : OOB 0.2341 : L 30 : T 1.2 sec
# -------------------------
# Ensemble classification
#  - Training samples: 10000 (5000/5000)
#  - Feature-space dimensionality: 18157
#  - L : 30
#  - d_sub : 300
#  - Seed 1 (subspaces) : 488612432
#  - Seed 2 (bootstrap) : 568945565
# -------------------------

 - d_sub 300 : OOB 0.4152 : L 1 : T 0.0 sec
 - d_sub 300 : OOB 0.3585 : L 2 : T 0.1 sec
 - d_sub 300 : OOB 0.3312 : L 3 : T 0.1 sec
 - d_sub 300 : OOB 0.3046 : L 4 : T 0.2 sec
 - d_sub 300 : OOB 0.2859 : L 5 : T 0.2 sec
 - d_sub 300 : OOB 0.2749 : L 6 : T 0.2 sec
 - d_sub 300 : OOB 0.2703 : L 7 : T 0.3 sec
 - d_sub 300 : OOB 0.2638 : L 8 : T 0.3 sec
 - d_sub 300 : OOB 0.2587 : L 9 : T 0.3 sec
 - d_sub 300 : OOB 0.2552 : L 10 : T 0.4 sec
 - d_sub 300 : OOB 0.2517 : L 11 : T 0.4 sec
 - d_sub 300 : OOB 0.2521 : L 12 : T 0.5 sec
 - d_sub 300 : OOB 0.2527 : L 13 : T 0.5 sec
 - d_sub 300 : OOB 0.2501 : L 14 : T 0.5 sec
 - d_sub 300 : OOB 0.2496 : L 15 : T 0.6 sec
 - d_sub 300 : OOB 0.2489 : L 16 : T 0.6 sec
 - d_sub 300 : OOB 0.2481 : L 17 : T 0.6 sec
 - d_sub 300 : OOB 0.2479 : L 18 : T 0.7 sec
 - d_sub 300 : OOB 0.2476 : L 19 : T 0.7 sec
 - d_sub 300 : OOB 0.2455 : L 20 : T 0.8 sec
 - d_sub 300 : OOB 0.2437 : L 21 : T 0.8 sec
 - d_sub 300 : OOB 0.2453 : L 22 : T 0.8 sec
 - d_sub 300 : OOB 0.2436 : L 23 : T 0.9 sec
 - d_sub 300 : OOB 0.2422 : L 24 : T 0.9 sec
 - d_sub 300 : OOB 0.2423 : L 25 : T 0.9 sec
 - d_sub 300 : OOB 0.2440 : L 26 : T 1.0 sec
 - d_sub 300 : OOB 0.2430 : L 27 : T 1.0 sec
 - d_sub 300 : OOB 0.2429 : L 28 : T 1.1 sec
 - d_sub 300 : OOB 0.2402 : L 29 : T 1.1 sec
 - d_sub 300 : OOB 0.2405 : L 30 : T 1.1 sec
# -------------------------
optimal d_sub 300 : OOB 0.2405 : L 30 : T 1.1 sec
# -------------------------
# Ensemble classification
#  - Training samples: 10000 (5000/5000)
#  - Feature-space dimensionality: 18157
#  - L : 30
#  - d_sub : 300
#  - Seed 1 (subspaces) : 788363283
#  - Seed 2 (bootstrap) : 130541559
# -------------------------

 - d_sub 300 : OOB 0.4169 : L 1 : T 0.0 sec
 - d_sub 300 : OOB 0.3614 : L 2 : T 0.1 sec
 - d_sub 300 : OOB 0.3316 : L 3 : T 0.1 sec
 - d_sub 300 : OOB 0.3078 : L 4 : T 0.2 sec
 - d_sub 300 : OOB 0.2861 : L 5 : T 0.2 sec
 - d_sub 300 : OOB 0.2783 : L 6 : T 0.2 sec
 - d_sub 300 : OOB 0.2698 : L 7 : T 0.3 sec
 - d_sub 300 : OOB 0.2650 : L 8 : T 0.3 sec
 - d_sub 300 : OOB 0.2627 : L 9 : T 0.3 sec
 - d_sub 300 : OOB 0.2546 : L 10 : T 0.4 sec
 - d_sub 300 : OOB 0.2516 : L 11 : T 0.4 sec
 - d_sub 300 : OOB 0.2517 : L 12 : T 0.5 sec
 - d_sub 300 : OOB 0.2487 : L 13 : T 0.5 sec
 - d_sub 300 : OOB 0.2445 : L 14 : T 0.5 sec
 - d_sub 300 : OOB 0.2454 : L 15 : T 0.6 sec
 - d_sub 300 : OOB 0.2445 : L 16 : T 0.6 sec
 - d_sub 300 : OOB 0.2444 : L 17 : T 0.7 sec
 - d_sub 300 : OOB 0.2420 : L 18 : T 0.7 sec
 - d_sub 300 : OOB 0.2417 : L 19 : T 0.7 sec
 - d_sub 300 : OOB 0.2416 : L 20 : T 0.8 sec
 - d_sub 300 : OOB 0.2402 : L 21 : T 0.8 sec
 - d_sub 300 : OOB 0.2390 : L 22 : T 0.8 sec
 - d_sub 300 : OOB 0.2374 : L 23 : T 0.9 sec
 - d_sub 300 : OOB 0.2362 : L 24 : T 0.9 sec
 - d_sub 300 : OOB 0.2376 : L 25 : T 1.0 sec
 - d_sub 300 : OOB 0.2354 : L 26 : T 1.0 sec
 - d_sub 300 : OOB 0.2351 : L 27 : T 1.0 sec
 - d_sub 300 : OOB 0.2349 : L 28 : T 1.1 sec
 - d_sub 300 : OOB 0.2349 : L 29 : T 1.1 sec
 - d_sub 300 : OOB 0.2350 : L 30 : T 1.2 sec
# -------------------------
optimal d_sub 300 : OOB 0.2350 : L 30 : T 1.2 sec
# -------------------------
# Ensemble classification
#  - Training samples: 10000 (5000/5000)
#  - Feature-space dimensionality: 18157
#  - L : 30
#  - d_sub : 300
#  - Seed 1 (subspaces) : 8916335
#  - Seed 2 (bootstrap) : 701633419
# -------------------------

 - d_sub 300 : OOB 0.4142 : L 1 : T 0.0 sec
 - d_sub 300 : OOB 0.3588 : L 2 : T 0.1 sec
 - d_sub 300 : OOB 0.3343 : L 3 : T 0.1 sec
 - d_sub 300 : OOB 0.3106 : L 4 : T 0.1 sec
 - d_sub 300 : OOB 0.2908 : L 5 : T 0.2 sec
 - d_sub 300 : OOB 0.2798 : L 6 : T 0.2 sec
 - d_sub 300 : OOB 0.2660 : L 7 : T 0.3 sec
 - d_sub 300 : OOB 0.2603 : L 8 : T 0.3 sec
 - d_sub 300 : OOB 0.2565 : L 9 : T 0.3 sec
 - d_sub 300 : OOB 0.2506 : L 10 : T 0.4 sec
 - d_sub 300 : OOB 0.2529 : L 11 : T 0.4 sec
 - d_sub 300 : OOB 0.2503 : L 12 : T 0.4 sec
 - d_sub 300 : OOB 0.2507 : L 13 : T 0.5 sec
 - d_sub 300 : OOB 0.2453 : L 14 : T 0.5 sec
 - d_sub 300 : OOB 0.2421 : L 15 : T 0.6 sec
 - d_sub 300 : OOB 0.2447 : L 16 : T 0.6 sec
 - d_sub 300 : OOB 0.2444 : L 17 : T 0.6 sec
 - d_sub 300 : OOB 0.2430 : L 18 : T 0.7 sec
 - d_sub 300 : OOB 0.2442 : L 19 : T 0.7 sec
 - d_sub 300 : OOB 0.2421 : L 20 : T 0.7 sec
 - d_sub 300 : OOB 0.2417 : L 21 : T 0.8 sec
 - d_sub 300 : OOB 0.2426 : L 22 : T 0.8 sec
 - d_sub 300 : OOB 0.2409 : L 23 : T 0.9 sec
 - d_sub 300 : OOB 0.2389 : L 24 : T 0.9 sec
 - d_sub 300 : OOB 0.2374 : L 25 : T 0.9 sec
 - d_sub 300 : OOB 0.2368 : L 26 : T 1.0 sec
 - d_sub 300 : OOB 0.2357 : L 27 : T 1.0 sec
 - d_sub 300 : OOB 0.2340 : L 28 : T 1.0 sec
 - d_sub 300 : OOB 0.2361 : L 29 : T 1.1 sec
 - d_sub 300 : OOB 0.2326 : L 30 : T 1.1 sec
# -------------------------
optimal d_sub 300 : OOB 0.2326 : L 30 : T 1.1 sec
# -------------------------
# Ensemble classification
#  - Training samples: 10000 (5000/5000)
#  - Feature-space dimensionality: 18157
#  - L : 30
#  - d_sub : 300
#  - Seed 1 (subspaces) : 24039339
#  - Seed 2 (bootstrap) : 291550998
# -------------------------

 - d_sub 300 : OOB 0.4098 : L 1 : T 0.0 sec
 - d_sub 300 : OOB 0.3552 : L 2 : T 0.1 sec
 - d_sub 300 : OOB 0.3230 : L 3 : T 0.1 sec
 - d_sub 300 : OOB 0.2988 : L 4 : T 0.1 sec
 - d_sub 300 : OOB 0.2805 : L 5 : T 0.2 sec
 - d_sub 300 : OOB 0.2731 : L 6 : T 0.2 sec
 - d_sub 300 : OOB 0.2709 : L 7 : T 0.3 sec
 - d_sub 300 : OOB 0.2629 : L 8 : T 0.3 sec
 - d_sub 300 : OOB 0.2620 : L 9 : T 0.3 sec
 - d_sub 300 : OOB 0.2549 : L 10 : T 0.4 sec
 - d_sub 300 : OOB 0.2543 : L 11 : T 0.4 sec
 - d_sub 300 : OOB 0.2506 : L 12 : T 0.4 sec
 - d_sub 300 : OOB 0.2467 : L 13 : T 0.5 sec
 - d_sub 300 : OOB 0.2441 : L 14 : T 0.5 sec
 - d_sub 300 : OOB 0.2456 : L 15 : T 0.6 sec
 - d_sub 300 : OOB 0.2424 : L 16 : T 0.6 sec
 - d_sub 300 : OOB 0.2425 : L 17 : T 0.6 sec
 - d_sub 300 : OOB 0.2432 : L 18 : T 0.7 sec
 - d_sub 300 : OOB 0.2403 : L 19 : T 0.7 sec
 - d_sub 300 : OOB 0.2387 : L 20 : T 0.7 sec
 - d_sub 300 : OOB 0.2387 : L 21 : T 0.8 sec
 - d_sub 300 : OOB 0.2373 : L 22 : T 0.8 sec
 - d_sub 300 : OOB 0.2391 : L 23 : T 0.9 sec
 - d_sub 300 : OOB 0.2381 : L 24 : T 0.9 sec
 - d_sub 300 : OOB 0.2382 : L 25 : T 0.9 sec
 - d_sub 300 : OOB 0.2368 : L 26 : T 1.0 sec
 - d_sub 300 : OOB 0.2364 : L 27 : T 1.0 sec
 - d_sub 300 : OOB 0.2366 : L 28 : T 1.0 sec
 - d_sub 300 : OOB 0.2350 : L 29 : T 1.1 sec
 - d_sub 300 : OOB 0.2342 : L 30 : T 1.1 sec
# -------------------------
optimal d_sub 300 : OOB 0.2342 : L 30 : T 1.1 sec
# -------------------------
# Ensemble classification
#  - Training samples: 10000 (5000/5000)
#  - Feature-space dimensionality: 18157
#  - L : 30
#  - d_sub : 300
#  - Seed 1 (subspaces) : 867561324
#  - Seed 2 (bootstrap) : 323010369
# -------------------------

 - d_sub 300 : OOB 0.4096 : L 1 : T 0.0 sec
 - d_sub 300 : OOB 0.3578 : L 2 : T 0.1 sec
 - d_sub 300 : OOB 0.3274 : L 3 : T 0.1 sec
 - d_sub 300 : OOB 0.3007 : L 4 : T 0.1 sec
 - d_sub 300 : OOB 0.2809 : L 5 : T 0.2 sec
 - d_sub 300 : OOB 0.2733 : L 6 : T 0.2 sec
 - d_sub 300 : OOB 0.2687 : L 7 : T 0.3 sec
 - d_sub 300 : OOB 0.2636 : L 8 : T 0.3 sec
 - d_sub 300 : OOB 0.2587 : L 9 : T 0.3 sec
 - d_sub 300 : OOB 0.2542 : L 10 : T 0.4 sec
 - d_sub 300 : OOB 0.2523 : L 11 : T 0.4 sec
 - d_sub 300 : OOB 0.2499 : L 12 : T 0.5 sec
 - d_sub 300 : OOB 0.2464 : L 13 : T 0.5 sec
 - d_sub 300 : OOB 0.2468 : L 14 : T 0.5 sec
 - d_sub 300 : OOB 0.2474 : L 15 : T 0.6 sec
 - d_sub 300 : OOB 0.2464 : L 16 : T 0.6 sec
 - d_sub 300 : OOB 0.2449 : L 17 : T 0.6 sec
 - d_sub 300 : OOB 0.2429 : L 18 : T 0.7 sec
 - d_sub 300 : OOB 0.2423 : L 19 : T 0.7 sec
 - d_sub 300 : OOB 0.2417 : L 20 : T 0.8 sec
 - d_sub 300 : OOB 0.2412 : L 21 : T 0.8 sec
 - d_sub 300 : OOB 0.2414 : L 22 : T 0.8 sec
 - d_sub 300 : OOB 0.2420 : L 23 : T 0.9 sec
 - d_sub 300 : OOB 0.2415 : L 24 : T 0.9 sec
 - d_sub 300 : OOB 0.2422 : L 25 : T 1.0 sec
 - d_sub 300 : OOB 0.2423 : L 26 : T 1.0 sec
 - d_sub 300 : OOB 0.2414 : L 27 : T 1.0 sec
 - d_sub 300 : OOB 0.2392 : L 28 : T 1.1 sec
 - d_sub 300 : OOB 0.2395 : L 29 : T 1.1 sec
 - d_sub 300 : OOB 0.2389 : L 30 : T 1.1 sec
# -------------------------
optimal d_sub 300 : OOB 0.2389 : L 30 : T 1.1 sec
# -------------------------
Average OOB error = 0.23619 (+/- 0.00295)
# -------------------------
# Ensemble classification
#  - Training samples: 10000 (5000/5000)
#  - Feature-space dimensionality: 18157
#  - L : 30
#  - d_sub : 300
#  - Seed 1 (subspaces) : 5
#  - Seed 2 (bootstrap) : 73
# -------------------------

 - d_sub 300 : OOB 0.4112 : L 1 : T 0.0 sec
 - d_sub 300 : OOB 0.3616 : L 2 : T 0.1 sec
 - d_sub 300 : OOB 0.3335 : L 3 : T 0.1 sec
 - d_sub 300 : OOB 0.3027 : L 4 : T 0.2 sec
 - d_sub 300 : OOB 0.2820 : L 5 : T 0.2 sec
 - d_sub 300 : OOB 0.2744 : L 6 : T 0.2 sec
 - d_sub 300 : OOB 0.2670 : L 7 : T 0.3 sec
 - d_sub 300 : OOB 0.2615 : L 8 : T 0.3 sec
 - d_sub 300 : OOB 0.2547 : L 9 : T 0.3 sec
 - d_sub 300 : OOB 0.2504 : L 10 : T 0.4 sec
 - d_sub 300 : OOB 0.2508 : L 11 : T 0.4 sec
 - d_sub 300 : OOB 0.2489 : L 12 : T 0.5 sec
 - d_sub 300 : OOB 0.2491 : L 13 : T 0.5 sec
 - d_sub 300 : OOB 0.2460 : L 14 : T 0.5 sec
 - d_sub 300 : OOB 0.2446 : L 15 : T 0.6 sec
 - d_sub 300 : OOB 0.2446 : L 16 : T 0.6 sec
 - d_sub 300 : OOB 0.2411 : L 17 : T 0.6 sec
 - d_sub 300 : OOB 0.2407 : L 18 : T 0.7 sec
 - d_sub 300 : OOB 0.2423 : L 19 : T 0.7 sec
 - d_sub 300 : OOB 0.2396 : L 20 : T 0.8 sec
 - d_sub 300 : OOB 0.2389 : L 21 : T 0.8 sec
 - d_sub 300 : OOB 0.2412 : L 22 : T 0.8 sec
 - d_sub 300 : OOB 0.2394 : L 23 : T 0.9 sec
 - d_sub 300 : OOB 0.2392 : L 24 : T 0.9 sec
 - d_sub 300 : OOB 0.2372 : L 25 : T 1.0 sec
 - d_sub 300 : OOB 0.2374 : L 26 : T 1.0 sec
 - d_sub 300 : OOB 0.2379 : L 27 : T 1.0 sec
 - d_sub 300 : OOB 0.2373 : L 28 : T 1.1 sec
 - d_sub 300 : OOB 0.2362 : L 29 : T 1.1 sec
 - d_sub 300 : OOB 0.2344 : L 30 : T 1.1 sec
# -------------------------
optimal d_sub 300 : OOB 0.2344 : L 30 : T 1.1 sec
OOB error = 0.2355
optimal d_sub 300 : OOB 0.2330 : L 30 : T 1.1 sec
optimal d_sub 300 : OOB 0.2299 : L 90 : T 12.4 sec
Testing error 1: 0.2392
optimal d_sub 300 : OOB 0.2376 : L 78 : T 3.5 sec
Testing error 2: 0.2296
optimal d_sub 300 : OOB 0.2357 : L 94 : T 3.8 sec
Testing error 3: 0.2296
optimal d_sub 300 : OOB 0.2372 : L 86 : T 3.5 sec
Testing error 4: 0.2333
optimal d_sub 300 : OOB 0.2375 : L 78 : T 3.2 sec
Testing error 5: 0.2326
optimal d_sub 300 : OOB 0.2337 : L 72 : T 13.7 sec
Testing error 6: 0.2326
optimal d_sub 300 : OOB 0.2385 : L 69 : T 2.8 sec
Testing error 7: 0.2294
optimal d_sub 300 : OOB 0.2316 : L 86 : T 3.5 sec
Testing error 8: 0.2288
optimal d_sub 300 : OOB 0.2422 : L 89 : T 3.6 sec
Testing error 9: 0.2289
optimal d_sub 300 : OOB 0.2420 : L 88 : T 3.5 sec
Testing error 10: 0.2294
---
Average testing error over 10 splits: 0.2313 (+/- 0.0032)
