# -------------------------
# Ensemble classification
#  - Training samples: 10000 (5000/5000)
#  - Feature-space dimensionality: 22563
#  - L : automatic (min 25, max 500, length 50, eps 0.00500)
#  - d_sub : automatic (Eoob tolerance 0.0200, step 200)
#  - Seed 1 (subspaces) : 619577985
#  - Seed 2 (bootstrap) : 962539413
# -------------------------

 - d_sub 200 : OOB 0.4605 : L 1 : T 0.0 sec
 - d_sub 200 : OOB 0.4519 : L 2 : T 0.1 sec
 - d_sub 200 : OOB 0.4658 : L 3 : T 0.1 sec
 - d_sub 200 : OOB 0.4453 : L 4 : T 0.1 sec
 - d_sub 200 : OOB 0.4478 : L 5 : T 0.2 sec
 - d_sub 200 : OOB 0.4237 : L 6 : T 0.2 sec
 - d_sub 200 : OOB 0.4177 : L 7 : T 0.3 sec
 - d_sub 200 : OOB 0.4193 : L 8 : T 0.3 sec
 - d_sub 200 : OOB 0.4156 : L 9 : T 0.3 sec
 - d_sub 200 : OOB 0.4141 : L 10 : T 0.4 sec
 - d_sub 200 : OOB 0.4076 : L 11 : T 0.4 sec
 - d_sub 200 : OOB 0.4110 : L 12 : T 0.4 sec
 - d_sub 200 : OOB 0.4017 : L 13 : T 0.5 sec
 - d_sub 200 : OOB 0.4046 : L 14 : T 0.5 sec
 - d_sub 200 : OOB 0.3990 : L 15 : T 0.5 sec
 - d_sub 200 : OOB 0.4035 : L 16 : T 0.6 sec
 - d_sub 200 : OOB 0.3987 : L 17 : T 0.6 sec
 - d_sub 200 : OOB 0.4005 : L 18 : T 0.7 sec
 - d_sub 200 : OOB 0.4048 : L 19 : T 0.7 sec
 - d_sub 200 : OOB 0.4012 : L 20 : T 0.7 sec
 - d_sub 200 : OOB 0.4035 : L 21 : T 0.8 sec
 - d_sub 200 : OOB 0.3948 : L 22 : T 0.8 sec
 - d_sub 200 : OOB 0.3990 : L 23 : T 0.8 sec
 - d_sub 200 : OOB 0.3948 : L 24 : T 0.9 sec
 - d_sub 200 : OOB 0.3919 : L 25 : T 0.9 sec
 - d_sub 200 : OOB 0.3948 : L 26 : T 1.0 sec
 - d_sub 200 : OOB 0.3947 : L 27 : T 1.0 sec
 - d_sub 200 : OOB 0.3952 : L 28 : T 1.0 sec
 - d_sub 200 : OOB 0.3963 : L 29 : T 1.1 sec
 - d_sub 200 : OOB 0.3938 : L 30 : T 1.1 sec
 - d_sub 200 : OOB 0.3911 : L 31 : T 1.1 sec
 - d_sub 200 : OOB 0.3948 : L 32 : T 1.2 sec
 - d_sub 200 : OOB 0.3957 : L 33 : T 1.2 sec
 - d_sub 200 : OOB 0.3947 : L 34 : T 1.3 sec
 - d_sub 200 : OOB 0.3922 : L 35 : T 1.3 sec
 - d_sub 200 : OOB 0.3911 : L 36 : T 1.3 sec
 - d_sub 200 : OOB 0.3884 : L 37 : T 1.4 sec
 - d_sub 200 : OOB 0.3923 : L 38 : T 1.4 sec
 - d_sub 200 : OOB 0.3882 : L 39 : T 1.4 sec
 - d_sub 200 : OOB 0.3890 : L 40 : T 1.5 sec
 - d_sub 200 : OOB 0.3890 : L 41 : T 1.5 sec
 - d_sub 200 : OOB 0.3861 : L 42 : T 1.6 sec
 - d_sub 200 : OOB 0.3866 : L 43 : T 1.6 sec
 - d_sub 200 : OOB 0.3864 : L 44 : T 1.6 sec
 - d_sub 200 : OOB 0.3862 : L 45 : T 1.7 sec
 - d_sub 200 : OOB 0.3847 : L 46 : T 1.7 sec
 - d_sub 200 : OOB 0.3842 : L 47 : T 1.7 sec
 - d_sub 200 : OOB 0.3856 : L 48 : T 1.8 sec
 - d_sub 200 : OOB 0.3899 : L 49 : T 1.8 sec
 - d_sub 200 : OOB 0.3885 : L 50 : T 1.8 sec
 - d_sub 200 : OOB 0.3871 : L 51 : T 1.9 sec
 - d_sub 200 : OOB 0.3870 : L 52 : T 1.9 sec
 - d_sub 200 : OOB 0.3876 : L 53 : T 2.0 sec
 - d_sub 200 : OOB 0.3851 : L 54 : T 2.0 sec
 - d_sub 200 : OOB 0.3850 : L 55 : T 2.0 sec
 - d_sub 200 : OOB 0.3840 : L 56 : T 2.1 sec
 - d_sub 200 : OOB 0.3831 : L 57 : T 2.1 sec
 - d_sub 200 : OOB 0.3820 : L 58 : T 2.1 sec
 - d_sub 200 : OOB 0.3841 : L 59 : T 2.2 sec
 - d_sub 200 : OOB 0.3833 : L 60 : T 2.2 sec
 - d_sub 200 : OOB 0.3830 : L 61 : T 2.2 sec
 - d_sub 200 : OOB 0.3824 : L 62 : T 2.3 sec
 - d_sub 200 : OOB 0.3810 : L 63 : T 2.3 sec
 - d_sub 200 : OOB 0.3840 : L 64 : T 2.3 sec
 - d_sub 200 : OOB 0.3819 : L 65 : T 2.4 sec
 - d_sub 200 : OOB 0.3816 : L 66 : T 2.4 sec
 - d_sub 200 : OOB 0.3836 : L 67 : T 2.4 sec
 - d_sub 200 : OOB 0.3817 : L 68 : T 2.5 sec
 - d_sub 200 : OOB 0.3831 : L 69 : T 2.5 sec
 - d_sub 200 : OOB 0.3827 : L 70 : T 2.6 sec
 - d_sub 200 : OOB 0.3814 : L 71 : T 2.6 sec
 - d_sub 200 : OOB 0.3819 : L 72 : T 2.6 sec
 - d_sub 200 : OOB 0.3807 : L 73 : T 2.7 sec
 - d_sub 200 : OOB 0.3818 : L 74 : T 2.7 sec
 - d_sub 200 : OOB 0.3816 : L 75 : T 2.7 sec
 - d_sub 200 : OOB 0.3832 : L 76 : T 2.8 sec
 - d_sub 200 : OOB 0.3799 : L 77 : T 2.8 sec
 - d_sub 200 : OOB 0.3812 : L 78 : T 2.9 sec
 - d_sub 200 : OOB 0.3812 : L 79 : T 2.9 sec
 - d_sub 200 : OOB 0.3811 : L 80 : T 2.9 sec
 - d_sub 200 : OOB 0.3803 : L 81 : T 3.0 sec
 - d_sub 200 : OOB 0.3803 : L 82 : T 3.0 sec
 - d_sub 200 : OOB 0.3799 : L 83 : T 3.0 sec
 - d_sub 200 : OOB 0.3813 : L 84 : T 3.1 sec
 - d_sub 200 : OOB 0.3810 : L 85 : T 3.1 sec
 - d_sub 200 : OOB 0.3817 : L 86 : T 3.1 sec
 - d_sub 200 : OOB 0.3816 : L 87 : T 3.2 sec
 - d_sub 200 : OOB 0.3809 : L 88 : T 3.2 sec
 - d_sub 200 : OOB 0.3827 : L 89 : T 3.2 sec
 - d_sub 200 : OOB 0.3810 : L 90 : T 3.3 sec
 - d_sub 200 : OOB 0.3795 : L 91 : T 3.3 sec
 - d_sub 200 : OOB 0.3783 : L 92 : T 3.3 sec
 - d_sub 200 : OOB 0.3809 : L 93 : T 3.4 sec
 - d_sub 200 : OOB 0.3792 : L 94 : T 3.4 sec
 - d_sub 200 : OOB 0.3792 : L 95 : T 3.5 sec
 - d_sub 200 : OOB 0.3807 : L 96 : T 3.5 sec
 - d_sub 200 : OOB 0.3806 : L 97 : T 3.5 sec
 - d_sub 200 : OOB 0.3790 : L 98 : T 3.6 sec
 - d_sub 200 : OOB 0.3787 : L 99 : T 3.6 sec
 - d_sub 200 : OOB 0.3799 : L 100 : T 3.6 sec
 - d_sub 200 : OOB 0.3793 : L 101 : T 3.7 sec
 - d_sub 200 : OOB 0.3798 : L 102 : T 3.7 sec
 - d_sub 200 : OOB 0.3786 : L 103 : T 3.7 sec

 - d_sub 400 : OOB 0.4547 : L 1 : T 0.1 sec
 - d_sub 400 : OOB 0.4460 : L 2 : T 0.2 sec
 - d_sub 400 : OOB 0.4601 : L 3 : T 0.9 sec
 - d_sub 400 : OOB 0.4639 : L 4 : T 0.9 sec
 - d_sub 400 : OOB 0.4524 : L 5 : T 1.0 sec
 - d_sub 400 : OOB 0.4659 : L 6 : T 1.1 sec
 - d_sub 400 : OOB 0.4390 : L 7 : T 1.2 sec
 - d_sub 400 : OOB 0.4366 : L 8 : T 1.2 sec
 - d_sub 400 : OOB 0.4339 : L 9 : T 1.3 sec
 - d_sub 400 : OOB 0.4096 : L 10 : T 1.4 sec
 - d_sub 400 : OOB 0.4010 : L 11 : T 1.5 sec
 - d_sub 400 : OOB 0.3898 : L 12 : T 1.6 sec
 - d_sub 400 : OOB 0.3857 : L 13 : T 1.6 sec
 - d_sub 400 : OOB 0.3825 : L 14 : T 1.7 sec
 - d_sub 400 : OOB 0.3808 : L 15 : T 1.8 sec
 - d_sub 400 : OOB 0.3793 : L 16 : T 1.9 sec
 - d_sub 400 : OOB 0.3785 : L 17 : T 1.9 sec
 - d_sub 400 : OOB 0.3804 : L 18 : T 2.0 sec
 - d_sub 400 : OOB 0.3745 : L 19 : T 2.1 sec
 - d_sub 400 : OOB 0.3771 : L 20 : T 2.2 sec
 - d_sub 400 : OOB 0.3765 : L 21 : T 2.3 sec
 - d_sub 400 : OOB 0.3736 : L 22 : T 3.0 sec
 - d_sub 400 : OOB 0.3741 : L 23 : T 4.0 sec
 - d_sub 400 : OOB 0.3716 : L 24 : T 4.1 sec
 - d_sub 400 : OOB 0.3725 : L 25 : T 4.2 sec
 - d_sub 400 : OOB 0.3742 : L 26 : T 4.2 sec
 - d_sub 400 : OOB 0.3663 : L 27 : T 4.3 sec
 - d_sub 400 : OOB 0.3692 : L 28 : T 4.4 sec
 - d_sub 400 : OOB 0.3686 : L 29 : T 4.5 sec
 - d_sub 400 : OOB 0.3686 : L 30 : T 4.5 sec
 - d_sub 400 : OOB 0.3684 : L 31 : T 4.6 sec
 - d_sub 400 : OOB 0.3647 : L 32 : T 4.7 sec
 - d_sub 400 : OOB 0.3657 : L 33 : T 4.8 sec
 - d_sub 400 : OOB 0.3651 : L 34 : T 5.7 sec
 - d_sub 400 : OOB 0.3630 : L 35 : T 5.8 sec
 - d_sub 400 : OOB 0.3662 : L 36 : T 5.9 sec
 - d_sub 400 : OOB 0.3619 : L 37 : T 6.0 sec
 - d_sub 400 : OOB 0.3606 : L 38 : T 6.0 sec
 - d_sub 400 : OOB 0.3628 : L 39 : T 6.1 sec
 - d_sub 400 : OOB 0.3627 : L 40 : T 6.2 sec
 - d_sub 400 : OOB 0.3604 : L 41 : T 6.3 sec
 - d_sub 400 : OOB 0.3584 : L 42 : T 6.3 sec
 - d_sub 400 : OOB 0.3609 : L 43 : T 6.4 sec
 - d_sub 400 : OOB 0.3616 : L 44 : T 6.5 sec
 - d_sub 400 : OOB 0.3589 : L 45 : T 6.5 sec
 - d_sub 400 : OOB 0.3591 : L 46 : T 6.6 sec
 - d_sub 400 : OOB 0.3603 : L 47 : T 6.7 sec
 - d_sub 400 : OOB 0.3599 : L 48 : T 6.8 sec
 - d_sub 400 : OOB 0.3604 : L 49 : T 6.9 sec
 - d_sub 400 : OOB 0.3564 : L 50 : T 7.6 sec
 - d_sub 400 : OOB 0.3586 : L 51 : T 7.7 sec
 - d_sub 400 : OOB 0.3592 : L 52 : T 7.7 sec
 - d_sub 400 : OOB 0.3596 : L 53 : T 7.8 sec
 - d_sub 400 : OOB 0.3569 : L 54 : T 7.9 sec
 - d_sub 400 : OOB 0.3584 : L 55 : T 8.0 sec
 - d_sub 400 : OOB 0.3599 : L 56 : T 8.0 sec
 - d_sub 400 : OOB 0.3573 : L 57 : T 8.1 sec
 - d_sub 400 : OOB 0.3576 : L 58 : T 8.9 sec
 - d_sub 400 : OOB 0.3599 : L 59 : T 9.0 sec
 - d_sub 400 : OOB 0.3561 : L 60 : T 9.0 sec
 - d_sub 400 : OOB 0.3561 : L 61 : T 9.1 sec
 - d_sub 400 : OOB 0.3557 : L 62 : T 9.2 sec
 - d_sub 400 : OOB 0.3564 : L 63 : T 9.3 sec
 - d_sub 400 : OOB 0.3580 : L 64 : T 9.4 sec
 - d_sub 400 : OOB 0.3587 : L 65 : T 9.4 sec
 - d_sub 400 : OOB 0.3578 : L 66 : T 9.5 sec
 - d_sub 400 : OOB 0.3588 : L 67 : T 9.6 sec
 - d_sub 400 : OOB 0.3596 : L 68 : T 10.3 sec
 - d_sub 400 : OOB 0.3583 : L 69 : T 10.4 sec
 - d_sub 400 : OOB 0.3592 : L 70 : T 10.5 sec
 - d_sub 400 : OOB 0.3581 : L 71 : T 10.5 sec
 - d_sub 400 : OOB 0.3590 : L 72 : T 10.6 sec
 - d_sub 400 : OOB 0.3577 : L 73 : T 10.7 sec
 - d_sub 400 : OOB 0.3564 : L 74 : T 10.8 sec
 - d_sub 400 : OOB 0.3567 : L 75 : T 10.8 sec
 - d_sub 400 : OOB 0.3584 : L 76 : T 10.9 sec
 - d_sub 400 : OOB 0.3584 : L 77 : T 11.0 sec
 - d_sub 400 : OOB 0.3583 : L 78 : T 11.0 sec
 - d_sub 400 : OOB 0.3594 : L 79 : T 11.1 sec
 - d_sub 400 : OOB 0.3560 : L 80 : T 11.2 sec
 - d_sub 400 : OOB 0.3590 : L 81 : T 11.3 sec
 - d_sub 400 : OOB 0.3582 : L 82 : T 11.3 sec
 - d_sub 400 : OOB 0.3573 : L 83 : T 11.4 sec
 - d_sub 400 : OOB 0.3586 : L 84 : T 11.5 sec
 - d_sub 400 : OOB 0.3557 : L 85 : T 11.6 sec
 - d_sub 400 : OOB 0.3553 : L 86 : T 11.7 sec
 - d_sub 400 : OOB 0.3553 : L 87 : T 11.7 sec

 - d_sub 600 : OOB 0.4527 : L 1 : T 1.1 sec
 - d_sub 600 : OOB 0.4445 : L 2 : T 2.0 sec
 - d_sub 600 : OOB 0.4282 : L 3 : T 2.1 sec
 - d_sub 600 : OOB 0.4314 : L 4 : T 3.0 sec
 - d_sub 600 : OOB 0.4310 : L 5 : T 3.1 sec
 - d_sub 600 : OOB 0.4222 : L 6 : T 3.2 sec
 - d_sub 600 : OOB 0.4267 : L 7 : T 3.3 sec
 - d_sub 600 : OOB 0.4079 : L 8 : T 3.8 sec
 - d_sub 600 : OOB 0.3967 : L 9 : T 3.9 sec
 - d_sub 600 : OOB 0.3819 : L 10 : T 4.8 sec
 - d_sub 600 : OOB 0.3845 : L 11 : T 4.9 sec
 - d_sub 600 : OOB 0.3797 : L 12 : T 5.0 sec
 - d_sub 600 : OOB 0.3822 : L 13 : T 6.8 sec
 - d_sub 600 : OOB 0.3835 : L 14 : T 6.9 sec
 - d_sub 600 : OOB 0.3767 : L 15 : T 7.0 sec
 - d_sub 600 : OOB 0.3732 : L 16 : T 8.0 sec
 - d_sub 600 : OOB 0.3707 : L 17 : T 9.1 sec
 - d_sub 600 : OOB 0.3692 : L 18 : T 9.3 sec
 - d_sub 600 : OOB 0.3688 : L 19 : T 9.4 sec
 - d_sub 600 : OOB 0.3691 : L 20 : T 10.2 sec
 - d_sub 600 : OOB 0.3648 : L 21 : T 11.6 sec
 - d_sub 600 : OOB 0.3724 : L 22 : T 13.1 sec
 - d_sub 600 : OOB 0.3659 : L 23 : T 13.2 sec
 - d_sub 600 : OOB 0.3656 : L 24 : T 14.5 sec
 - d_sub 600 : OOB 0.3632 : L 25 : T 14.6 sec
 - d_sub 600 : OOB 0.3657 : L 26 : T 14.8 sec
 - d_sub 600 : OOB 0.3640 : L 27 : T 14.9 sec
 - d_sub 600 : OOB 0.3649 : L 28 : T 16.0 sec
 - d_sub 600 : OOB 0.3635 : L 29 : T 16.8 sec
 - d_sub 600 : OOB 0.3609 : L 30 : T 17.6 sec
 - d_sub 600 : OOB 0.3661 : L 31 : T 17.8 sec
 - d_sub 600 : OOB 0.3600 : L 32 : T 17.9 sec
 - d_sub 600 : OOB 0.3631 : L 33 : T 18.0 sec
 - d_sub 600 : OOB 0.3634 : L 34 : T 18.6 sec
 - d_sub 600 : OOB 0.3635 : L 35 : T 19.7 sec
 - d_sub 600 : OOB 0.3604 : L 36 : T 19.9 sec
 - d_sub 600 : OOB 0.3625 : L 37 : T 20.0 sec
 - d_sub 600 : OOB 0.3616 : L 38 : T 20.7 sec
 - d_sub 600 : OOB 0.3587 : L 39 : T 21.4 sec
 - d_sub 600 : OOB 0.3576 : L 40 : T 21.5 sec
 - d_sub 600 : OOB 0.3577 : L 41 : T 22.4 sec
 - d_sub 600 : OOB 0.3598 : L 42 : T 22.5 sec
 - d_sub 600 : OOB 0.3599 : L 43 : T 22.7 sec
 - d_sub 600 : OOB 0.3589 : L 44 : T 23.4 sec
 - d_sub 600 : OOB 0.3567 : L 45 : T 24.3 sec
 - d_sub 600 : OOB 0.3579 : L 46 : T 24.4 sec
 - d_sub 600 : OOB 0.3573 : L 47 : T 24.5 sec
 - d_sub 600 : OOB 0.3588 : L 48 : T 24.6 sec
 - d_sub 600 : OOB 0.3574 : L 49 : T 25.5 sec
 - d_sub 600 : OOB 0.3565 : L 50 : T 25.6 sec
 - d_sub 600 : OOB 0.3559 : L 51 : T 25.7 sec
 - d_sub 600 : OOB 0.3546 : L 52 : T 25.9 sec
 - d_sub 600 : OOB 0.3575 : L 53 : T 26.0 sec
 - d_sub 600 : OOB 0.3583 : L 54 : T 27.0 sec
 - d_sub 600 : OOB 0.3553 : L 55 : T 27.2 sec
 - d_sub 600 : OOB 0.3545 : L 56 : T 27.3 sec
 - d_sub 600 : OOB 0.3548 : L 57 : T 27.4 sec
 - d_sub 600 : OOB 0.3552 : L 58 : T 28.3 sec
 - d_sub 600 : OOB 0.3561 : L 59 : T 28.4 sec
 - d_sub 600 : OOB 0.3553 : L 60 : T 28.5 sec
 - d_sub 600 : OOB 0.3558 : L 61 : T 28.6 sec
 - d_sub 600 : OOB 0.3528 : L 62 : T 29.3 sec
 - d_sub 600 : OOB 0.3540 : L 63 : T 30.0 sec
 - d_sub 600 : OOB 0.3553 : L 64 : T 30.1 sec
 - d_sub 600 : OOB 0.3533 : L 65 : T 30.2 sec
 - d_sub 600 : OOB 0.3520 : L 66 : T 30.3 sec
 - d_sub 600 : OOB 0.3529 : L 67 : T 30.5 sec
 - d_sub 600 : OOB 0.3542 : L 68 : T 31.3 sec
 - d_sub 600 : OOB 0.3493 : L 69 : T 31.5 sec
 - d_sub 600 : OOB 0.3522 : L 70 : T 31.6 sec
 - d_sub 600 : OOB 0.3532 : L 71 : T 31.7 sec
 - d_sub 600 : OOB 0.3502 : L 72 : T 31.8 sec
 - d_sub 600 : OOB 0.3506 : L 73 : T 32.0 sec
 - d_sub 600 : OOB 0.3497 : L 74 : T 32.9 sec
 - d_sub 600 : OOB 0.3490 : L 75 : T 33.6 sec
 - d_sub 600 : OOB 0.3495 : L 76 : T 33.7 sec
 - d_sub 600 : OOB 0.3502 : L 77 : T 33.9 sec
 - d_sub 600 : OOB 0.3503 : L 78 : T 34.0 sec
 - d_sub 600 : OOB 0.3485 : L 79 : T 34.5 sec
 - d_sub 600 : OOB 0.3492 : L 80 : T 35.5 sec
 - d_sub 600 : OOB 0.3496 : L 81 : T 35.7 sec
 - d_sub 600 : OOB 0.3474 : L 82 : T 36.6 sec
 - d_sub 600 : OOB 0.3501 : L 83 : T 36.7 sec
 - d_sub 600 : OOB 0.3496 : L 84 : T 36.8 sec
 - d_sub 600 : OOB 0.3473 : L 85 : T 36.9 sec
 - d_sub 600 : OOB 0.3471 : L 86 : T 38.4 sec
 - d_sub 600 : OOB 0.3457 : L 87 : T 38.5 sec
 - d_sub 600 : OOB 0.3474 : L 88 : T 38.6 sec
 - d_sub 600 : OOB 0.3482 : L 89 : T 38.7 sec
 - d_sub 600 : OOB 0.3460 : L 90 : T 39.6 sec
 - d_sub 600 : OOB 0.3472 : L 91 : T 40.5 sec
 - d_sub 600 : OOB 0.3488 : L 92 : T 40.7 sec
 - d_sub 600 : OOB 0.3472 : L 93 : T 40.8 sec
 - d_sub 600 : OOB 0.3467 : L 94 : T 40.9 sec
 - d_sub 600 : OOB 0.3487 : L 95 : T 41.0 sec
 - d_sub 600 : OOB 0.3475 : L 96 : T 41.7 sec
 - d_sub 600 : OOB 0.3477 : L 97 : T 42.4 sec
 - d_sub 600 : OOB 0.3478 : L 98 : T 42.5 sec
 - d_sub 600 : OOB 0.3450 : L 99 : T 43.7 sec
 - d_sub 600 : OOB 0.3467 : L 100 : T 43.8 sec
 - d_sub 600 : OOB 0.3466 : L 101 : T 44.8 sec
 - d_sub 600 : OOB 0.3463 : L 102 : T 44.9 sec
 - d_sub 600 : OOB 0.3464 : L 103 : T 46.2 sec
 - d_sub 600 : OOB 0.3454 : L 104 : T 46.4 sec
 - d_sub 600 : OOB 0.3481 : L 105 : T 46.5 sec
 - d_sub 600 : OOB 0.3458 : L 106 : T 46.6 sec
 - d_sub 600 : OOB 0.3455 : L 107 : T 47.5 sec
 - d_sub 600 : OOB 0.3445 : L 108 : T 48.9 sec
 - d_sub 600 : OOB 0.3459 : L 109 : T 50.5 sec
 - d_sub 600 : OOB 0.3454 : L 110 : T 52.3 sec
 - d_sub 600 : OOB 0.3445 : L 111 : T 52.4 sec
 - d_sub 600 : OOB 0.3456 : L 112 : T 52.5 sec
 - d_sub 600 : OOB 0.3451 : L 113 : T 52.6 sec
 - d_sub 600 : OOB 0.3448 : L 114 : T 53.2 sec
 - d_sub 600 : OOB 0.3437 : L 115 : T 53.3 sec
 - d_sub 600 : OOB 0.3440 : L 116 : T 53.5 sec
 - d_sub 600 : OOB 0.3453 : L 117 : T 54.3 sec
 - d_sub 600 : OOB 0.3452 : L 118 : T 54.4 sec
 - d_sub 600 : OOB 0.3451 : L 119 : T 54.6 sec
 - d_sub 600 : OOB 0.3471 : L 120 : T 54.7 sec
 - d_sub 600 : OOB 0.3445 : L 121 : T 55.7 sec
 - d_sub 600 : OOB 0.3461 : L 122 : T 56.7 sec
 - d_sub 600 : OOB 0.3441 : L 123 : T 56.8 sec
 - d_sub 600 : OOB 0.3429 : L 124 : T 56.9 sec

 - d_sub 800 : OOB 0.4475 : L 1 : T 0.2 sec
 - d_sub 800 : OOB 0.4121 : L 2 : T 1.3 sec
 - d_sub 800 : OOB 0.3970 : L 3 : T 1.4 sec
 - d_sub 800 : OOB 0.3895 : L 4 : T 2.3 sec
 - d_sub 800 : OOB 0.3862 : L 5 : T 2.4 sec
 - d_sub 800 : OOB 0.3760 : L 6 : T 2.6 sec
 - d_sub 800 : OOB 0.3739 : L 7 : T 4.2 sec
 - d_sub 800 : OOB 0.3730 : L 8 : T 4.3 sec
 - d_sub 800 : OOB 0.3679 : L 9 : T 4.5 sec
 - d_sub 800 : OOB 0.3656 : L 10 : T 4.7 sec
 - d_sub 800 : OOB 0.3631 : L 11 : T 5.7 sec
 - d_sub 800 : OOB 0.3605 : L 12 : T 6.8 sec
 - d_sub 800 : OOB 0.3570 : L 13 : T 6.9 sec
 - d_sub 800 : OOB 0.3586 : L 14 : T 7.1 sec
 - d_sub 800 : OOB 0.3583 : L 15 : T 7.8 sec
 - d_sub 800 : OOB 0.3582 : L 16 : T 8.7 sec
 - d_sub 800 : OOB 0.3613 : L 17 : T 8.8 sec
 - d_sub 800 : OOB 0.3588 : L 18 : T 9.0 sec
 - d_sub 800 : OOB 0.3570 : L 19 : T 9.1 sec
 - d_sub 800 : OOB 0.3557 : L 20 : T 10.4 sec
 - d_sub 800 : OOB 0.3514 : L 21 : T 10.6 sec
 - d_sub 800 : OOB 0.3509 : L 22 : T 10.8 sec
 - d_sub 800 : OOB 0.3531 : L 23 : T 11.0 sec
 - d_sub 800 : OOB 0.3516 : L 24 : T 11.6 sec
 - d_sub 800 : OOB 0.3521 : L 25 : T 11.8 sec
 - d_sub 800 : OOB 0.3518 : L 26 : T 12.0 sec
 - d_sub 800 : OOB 0.3481 : L 27 : T 13.4 sec
 - d_sub 800 : OOB 0.3526 : L 28 : T 13.6 sec
 - d_sub 800 : OOB 0.3483 : L 29 : T 13.8 sec
 - d_sub 800 : OOB 0.3486 : L 30 : T 13.9 sec
 - d_sub 800 : OOB 0.3476 : L 31 : T 15.1 sec
 - d_sub 800 : OOB 0.3512 : L 32 : T 15.2 sec
 - d_sub 800 : OOB 0.3531 : L 33 : T 16.8 sec
 - d_sub 800 : OOB 0.3497 : L 34 : T 17.9 sec
 - d_sub 800 : OOB 0.3486 : L 35 : T 18.1 sec
 - d_sub 800 : OOB 0.3548 : L 36 : T 18.2 sec
 - d_sub 800 : OOB 0.3476 : L 37 : T 18.4 sec
 - d_sub 800 : OOB 0.3507 : L 38 : T 19.3 sec
 - d_sub 800 : OOB 0.3508 : L 39 : T 19.4 sec
 - d_sub 800 : OOB 0.3517 : L 40 : T 19.6 sec
 - d_sub 800 : OOB 0.3502 : L 41 : T 19.8 sec
 - d_sub 800 : OOB 0.3511 : L 42 : T 20.0 sec
 - d_sub 800 : OOB 0.3490 : L 43 : T 21.4 sec
 - d_sub 800 : OOB 0.3503 : L 44 : T 22.5 sec
 - d_sub 800 : OOB 0.3500 : L 45 : T 22.7 sec
 - d_sub 800 : OOB 0.3523 : L 46 : T 22.9 sec
 - d_sub 800 : OOB 0.3468 : L 47 : T 23.7 sec
 - d_sub 800 : OOB 0.3475 : L 48 : T 24.8 sec
 - d_sub 800 : OOB 0.3493 : L 49 : T 24.9 sec
 - d_sub 800 : OOB 0.3499 : L 50 : T 25.1 sec
 - d_sub 800 : OOB 0.3509 : L 51 : T 26.1 sec
 - d_sub 800 : OOB 0.3458 : L 52 : T 27.8 sec
 - d_sub 800 : OOB 0.3489 : L 53 : T 29.3 sec
 - d_sub 800 : OOB 0.3474 : L 54 : T 30.3 sec
 - d_sub 800 : OOB 0.3482 : L 55 : T 30.5 sec
 - d_sub 800 : OOB 0.3494 : L 56 : T 30.6 sec
 - d_sub 800 : OOB 0.3479 : L 57 : T 30.8 sec
 - d_sub 800 : OOB 0.3460 : L 58 : T 30.9 sec
 - d_sub 800 : OOB 0.3470 : L 59 : T 31.1 sec
 - d_sub 800 : OOB 0.3452 : L 60 : T 31.2 sec
 - d_sub 800 : OOB 0.3455 : L 61 : T 31.4 sec
 - d_sub 800 : OOB 0.3447 : L 62 : T 31.5 sec
 - d_sub 800 : OOB 0.3435 : L 63 : T 31.7 sec
 - d_sub 800 : OOB 0.3457 : L 64 : T 31.8 sec
 - d_sub 800 : OOB 0.3471 : L 65 : T 31.9 sec
 - d_sub 800 : OOB 0.3442 : L 66 : T 32.1 sec
 - d_sub 800 : OOB 0.3409 : L 67 : T 32.3 sec
 - d_sub 800 : OOB 0.3445 : L 68 : T 32.4 sec
 - d_sub 800 : OOB 0.3443 : L 69 : T 32.5 sec
 - d_sub 800 : OOB 0.3428 : L 70 : T 32.7 sec
 - d_sub 800 : OOB 0.3428 : L 71 : T 32.8 sec
 - d_sub 800 : OOB 0.3461 : L 72 : T 33.0 sec
 - d_sub 800 : OOB 0.3438 : L 73 : T 33.2 sec
 - d_sub 800 : OOB 0.3428 : L 74 : T 33.3 sec
 - d_sub 800 : OOB 0.3449 : L 75 : T 33.5 sec
 - d_sub 800 : OOB 0.3450 : L 76 : T 33.6 sec
 - d_sub 800 : OOB 0.3439 : L 77 : T 33.8 sec
 - d_sub 800 : OOB 0.3442 : L 78 : T 33.9 sec
 - d_sub 800 : OOB 0.3443 : L 79 : T 34.1 sec
 - d_sub 800 : OOB 0.3450 : L 80 : T 34.2 sec
 - d_sub 800 : OOB 0.3448 : L 81 : T 34.4 sec
 - d_sub 800 : OOB 0.3419 : L 82 : T 34.5 sec
 - d_sub 800 : OOB 0.3415 : L 83 : T 34.7 sec
 - d_sub 800 : OOB 0.3449 : L 84 : T 34.8 sec
 - d_sub 800 : OOB 0.3444 : L 85 : T 35.0 sec
 - d_sub 800 : OOB 0.3426 : L 86 : T 35.1 sec
 - d_sub 800 : OOB 0.3420 : L 87 : T 35.3 sec
 - d_sub 800 : OOB 0.3446 : L 88 : T 35.4 sec
 - d_sub 800 : OOB 0.3417 : L 89 : T 35.5 sec
 - d_sub 800 : OOB 0.3412 : L 90 : T 35.7 sec
 - d_sub 800 : OOB 0.3413 : L 91 : T 35.8 sec
 - d_sub 800 : OOB 0.3401 : L 92 : T 36.0 sec
 - d_sub 800 : OOB 0.3416 : L 93 : T 36.1 sec
 - d_sub 800 : OOB 0.3403 : L 94 : T 36.3 sec
 - d_sub 800 : OOB 0.3393 : L 95 : T 36.4 sec
 - d_sub 800 : OOB 0.3412 : L 96 : T 36.6 sec
 - d_sub 800 : OOB 0.3402 : L 97 : T 36.7 sec
 - d_sub 800 : OOB 0.3399 : L 98 : T 36.9 sec
 - d_sub 800 : OOB 0.3428 : L 99 : T 37.0 sec
 - d_sub 800 : OOB 0.3394 : L 100 : T 37.2 sec
 - d_sub 800 : OOB 0.3384 : L 101 : T 37.3 sec
 - d_sub 800 : OOB 0.3384 : L 102 : T 37.5 sec
 - d_sub 800 : OOB 0.3403 : L 103 : T 37.7 sec
 - d_sub 800 : OOB 0.3370 : L 104 : T 37.8 sec
 - d_sub 800 : OOB 0.3374 : L 105 : T 38.0 sec
 - d_sub 800 : OOB 0.3375 : L 106 : T 38.1 sec
 - d_sub 800 : OOB 0.3381 : L 107 : T 38.3 sec
 - d_sub 800 : OOB 0.3364 : L 108 : T 38.4 sec
 - d_sub 800 : OOB 0.3362 : L 109 : T 38.6 sec
 - d_sub 800 : OOB 0.3371 : L 110 : T 38.7 sec
 - d_sub 800 : OOB 0.3367 : L 111 : T 38.9 sec
 - d_sub 800 : OOB 0.3364 : L 112 : T 39.0 sec
 - d_sub 800 : OOB 0.3363 : L 113 : T 39.2 sec
 - d_sub 800 : OOB 0.3364 : L 114 : T 39.4 sec
 - d_sub 800 : OOB 0.3371 : L 115 : T 39.5 sec
 - d_sub 800 : OOB 0.3358 : L 116 : T 39.7 sec
 - d_sub 800 : OOB 0.3350 : L 117 : T 39.8 sec
 - d_sub 800 : OOB 0.3364 : L 118 : T 40.0 sec
 - d_sub 800 : OOB 0.3372 : L 119 : T 40.1 sec
 - d_sub 800 : OOB 0.3366 : L 120 : T 40.3 sec
 - d_sub 800 : OOB 0.3371 : L 121 : T 40.5 sec
 - d_sub 800 : OOB 0.3341 : L 122 : T 40.6 sec
 - d_sub 800 : OOB 0.3353 : L 123 : T 40.8 sec
 - d_sub 800 : OOB 0.3355 : L 124 : T 40.9 sec
 - d_sub 800 : OOB 0.3367 : L 125 : T 41.1 sec
 - d_sub 800 : OOB 0.3350 : L 126 : T 41.3 sec
 - d_sub 800 : OOB 0.3354 : L 127 : T 41.4 sec
 - d_sub 800 : OOB 0.3339 : L 128 : T 41.6 sec
 - d_sub 800 : OOB 0.3347 : L 129 : T 41.8 sec
 - d_sub 800 : OOB 0.3359 : L 130 : T 42.0 sec
 - d_sub 800 : OOB 0.3360 : L 131 : T 42.1 sec
 - d_sub 800 : OOB 0.3351 : L 132 : T 42.3 sec
 - d_sub 800 : OOB 0.3344 : L 133 : T 42.5 sec
 - d_sub 800 : OOB 0.3362 : L 134 : T 42.6 sec
 - d_sub 800 : OOB 0.3360 : L 135 : T 42.8 sec
 - d_sub 800 : OOB 0.3353 : L 136 : T 43.0 sec
 - d_sub 800 : OOB 0.3353 : L 137 : T 43.1 sec
 - d_sub 800 : OOB 0.3348 : L 138 : T 43.3 sec
 - d_sub 800 : OOB 0.3360 : L 139 : T 43.4 sec
 - d_sub 800 : OOB 0.3332 : L 140 : T 43.6 sec
 - d_sub 800 : OOB 0.3347 : L 141 : T 43.8 sec
 - d_sub 800 : OOB 0.3348 : L 142 : T 43.9 sec
 - d_sub 800 : OOB 0.3361 : L 143 : T 44.1 sec
 - d_sub 800 : OOB 0.3359 : L 144 : T 44.3 sec
 - d_sub 800 : OOB 0.3360 : L 145 : T 44.4 sec
 - d_sub 800 : OOB 0.3346 : L 146 : T 44.6 sec
 - d_sub 800 : OOB 0.3344 : L 147 : T 44.7 sec
 - d_sub 800 : OOB 0.3357 : L 148 : T 44.9 sec
 - d_sub 800 : OOB 0.3363 : L 149 : T 45.1 sec

 - d_sub 1000 : OOB 0.4480 : L 1 : T 1.0 sec
 - d_sub 1000 : OOB 0.4170 : L 2 : T 1.2 sec
 - d_sub 1000 : OOB 0.3980 : L 3 : T 1.5 sec
 - d_sub 1000 : OOB 0.4010 : L 4 : T 1.7 sec
 - d_sub 1000 : OOB 0.3845 : L 5 : T 2.0 sec
 - d_sub 1000 : OOB 0.3848 : L 6 : T 2.2 sec
 - d_sub 1000 : OOB 0.3729 : L 7 : T 3.2 sec
 - d_sub 1000 : OOB 0.3710 : L 8 : T 3.5 sec
 - d_sub 1000 : OOB 0.3673 : L 9 : T 3.7 sec
 - d_sub 1000 : OOB 0.3659 : L 10 : T 3.9 sec
 - d_sub 1000 : OOB 0.3607 : L 11 : T 4.2 sec
 - d_sub 1000 : OOB 0.3615 : L 12 : T 4.4 sec
 - d_sub 1000 : OOB 0.3563 : L 13 : T 4.7 sec
 - d_sub 1000 : OOB 0.3525 : L 14 : T 5.3 sec
 - d_sub 1000 : OOB 0.3539 : L 15 : T 5.5 sec
 - d_sub 1000 : OOB 0.3512 : L 16 : T 6.4 sec
 - d_sub 1000 : OOB 0.3522 : L 17 : T 6.7 sec
 - d_sub 1000 : OOB 0.3540 : L 18 : T 6.9 sec
 - d_sub 1000 : OOB 0.3479 : L 19 : T 7.1 sec
 - d_sub 1000 : OOB 0.3472 : L 20 : T 7.4 sec
 - d_sub 1000 : OOB 0.3492 : L 21 : T 7.6 sec
 - d_sub 1000 : OOB 0.3491 : L 22 : T 7.8 sec
 - d_sub 1000 : OOB 0.3503 : L 23 : T 8.1 sec
 - d_sub 1000 : OOB 0.3477 : L 24 : T 8.3 sec
 - d_sub 1000 : OOB 0.3514 : L 25 : T 8.5 sec
 - d_sub 1000 : OOB 0.3460 : L 26 : T 8.7 sec
 - d_sub 1000 : OOB 0.3426 : L 27 : T 10.7 sec
 - d_sub 1000 : OOB 0.3444 : L 28 : T 11.0 sec
 - d_sub 1000 : OOB 0.3440 : L 29 : T 11.2 sec
 - d_sub 1000 : OOB 0.3457 : L 30 : T 11.4 sec
 - d_sub 1000 : OOB 0.3427 : L 31 : T 11.6 sec
 - d_sub 1000 : OOB 0.3399 : L 32 : T 11.9 sec
 - d_sub 1000 : OOB 0.3452 : L 33 : T 12.1 sec
 - d_sub 1000 : OOB 0.3391 : L 34 : T 12.3 sec
 - d_sub 1000 : OOB 0.3421 : L 35 : T 13.3 sec
 - d_sub 1000 : OOB 0.3426 : L 36 : T 13.6 sec
 - d_sub 1000 : OOB 0.3405 : L 37 : T 13.8 sec
 - d_sub 1000 : OOB 0.3386 : L 38 : T 14.1 sec
 - d_sub 1000 : OOB 0.3376 : L 39 : T 14.4 sec
 - d_sub 1000 : OOB 0.3394 : L 40 : T 14.6 sec
 - d_sub 1000 : OOB 0.3411 : L 41 : T 14.9 sec
 - d_sub 1000 : OOB 0.3384 : L 42 : T 15.1 sec
 - d_sub 1000 : OOB 0.3379 : L 43 : T 15.3 sec
 - d_sub 1000 : OOB 0.3387 : L 44 : T 16.1 sec
 - d_sub 1000 : OOB 0.3392 : L 45 : T 17.1 sec
 - d_sub 1000 : OOB 0.3381 : L 46 : T 17.4 sec
 - d_sub 1000 : OOB 0.3385 : L 47 : T 17.6 sec
 - d_sub 1000 : OOB 0.3351 : L 48 : T 17.9 sec
 - d_sub 1000 : OOB 0.3398 : L 49 : T 18.1 sec
 - d_sub 1000 : OOB 0.3375 : L 50 : T 18.4 sec
 - d_sub 1000 : OOB 0.3382 : L 51 : T 18.6 sec
 - d_sub 1000 : OOB 0.3351 : L 52 : T 18.9 sec
 - d_sub 1000 : OOB 0.3368 : L 53 : T 19.1 sec
 - d_sub 1000 : OOB 0.3379 : L 54 : T 19.4 sec
 - d_sub 1000 : OOB 0.3358 : L 55 : T 20.7 sec
 - d_sub 1000 : OOB 0.3371 : L 56 : T 21.9 sec
 - d_sub 1000 : OOB 0.3394 : L 57 : T 22.1 sec
 - d_sub 1000 : OOB 0.3375 : L 58 : T 22.3 sec
 - d_sub 1000 : OOB 0.3378 : L 59 : T 22.5 sec
 - d_sub 1000 : OOB 0.3355 : L 60 : T 22.8 sec
 - d_sub 1000 : OOB 0.3368 : L 61 : T 23.0 sec
 - d_sub 1000 : OOB 0.3364 : L 62 : T 23.2 sec
 - d_sub 1000 : OOB 0.3354 : L 63 : T 23.5 sec
 - d_sub 1000 : OOB 0.3345 : L 64 : T 23.7 sec
 - d_sub 1000 : OOB 0.3360 : L 65 : T 24.6 sec
 - d_sub 1000 : OOB 0.3367 : L 66 : T 25.7 sec
 - d_sub 1000 : OOB 0.3374 : L 67 : T 25.9 sec
 - d_sub 1000 : OOB 0.3364 : L 68 : T 26.2 sec
 - d_sub 1000 : OOB 0.3357 : L 69 : T 26.4 sec
 - d_sub 1000 : OOB 0.3351 : L 70 : T 26.6 sec
 - d_sub 1000 : OOB 0.3334 : L 71 : T 26.9 sec
 - d_sub 1000 : OOB 0.3349 : L 72 : T 27.1 sec
 - d_sub 1000 : OOB 0.3334 : L 73 : T 28.0 sec
 - d_sub 1000 : OOB 0.3333 : L 74 : T 28.3 sec
 - d_sub 1000 : OOB 0.3328 : L 75 : T 28.5 sec
 - d_sub 1000 : OOB 0.3315 : L 76 : T 28.8 sec
 - d_sub 1000 : OOB 0.3325 : L 77 : T 29.0 sec
 - d_sub 1000 : OOB 0.3329 : L 78 : T 29.2 sec
 - d_sub 1000 : OOB 0.3326 : L 79 : T 29.5 sec
 - d_sub 1000 : OOB 0.3321 : L 80 : T 29.7 sec
 - d_sub 1000 : OOB 0.3316 : L 81 : T 29.9 sec
 - d_sub 1000 : OOB 0.3324 : L 82 : T 30.9 sec
 - d_sub 1000 : OOB 0.3337 : L 83 : T 31.1 sec
 - d_sub 1000 : OOB 0.3319 : L 84 : T 31.4 sec
 - d_sub 1000 : OOB 0.3316 : L 85 : T 31.6 sec
 - d_sub 1000 : OOB 0.3337 : L 86 : T 31.8 sec
 - d_sub 1000 : OOB 0.3335 : L 87 : T 32.1 sec
 - d_sub 1000 : OOB 0.3340 : L 88 : T 32.3 sec
 - d_sub 1000 : OOB 0.3358 : L 89 : T 32.5 sec
 - d_sub 1000 : OOB 0.3336 : L 90 : T 32.7 sec
 - d_sub 1000 : OOB 0.3327 : L 91 : T 33.0 sec
 - d_sub 1000 : OOB 0.3328 : L 92 : T 33.2 sec
 - d_sub 1000 : OOB 0.3322 : L 93 : T 34.1 sec
 - d_sub 1000 : OOB 0.3332 : L 94 : T 34.3 sec
 - d_sub 1000 : OOB 0.3331 : L 95 : T 35.1 sec
 - d_sub 1000 : OOB 0.3330 : L 96 : T 35.3 sec
 - d_sub 1000 : OOB 0.3299 : L 97 : T 35.5 sec
 - d_sub 1000 : OOB 0.3316 : L 98 : T 35.8 sec
 - d_sub 1000 : OOB 0.3322 : L 99 : T 36.0 sec
 - d_sub 1000 : OOB 0.3318 : L 100 : T 36.2 sec
 - d_sub 1000 : OOB 0.3327 : L 101 : T 36.5 sec
 - d_sub 1000 : OOB 0.3322 : L 102 : T 36.7 sec
 - d_sub 1000 : OOB 0.3312 : L 103 : T 37.4 sec
 - d_sub 1000 : OOB 0.3317 : L 104 : T 37.6 sec
 - d_sub 1000 : OOB 0.3313 : L 105 : T 37.9 sec
 - d_sub 1000 : OOB 0.3314 : L 106 : T 38.1 sec
 - d_sub 1000 : OOB 0.3312 : L 107 : T 38.3 sec
 - d_sub 1000 : OOB 0.3308 : L 108 : T 39.1 sec
 - d_sub 1000 : OOB 0.3315 : L 109 : T 39.4 sec
 - d_sub 1000 : OOB 0.3314 : L 110 : T 39.6 sec
 - d_sub 1000 : OOB 0.3308 : L 111 : T 39.8 sec
 - d_sub 1000 : OOB 0.3298 : L 112 : T 40.9 sec
 - d_sub 1000 : OOB 0.3312 : L 113 : T 41.1 sec
 - d_sub 1000 : OOB 0.3293 : L 114 : T 41.4 sec
 - d_sub 1000 : OOB 0.3327 : L 115 : T 41.6 sec
 - d_sub 1000 : OOB 0.3325 : L 116 : T 41.8 sec
 - d_sub 1000 : OOB 0.3308 : L 117 : T 42.1 sec

 - d_sub 1200 : OOB 0.4488 : L 1 : T 0.3 sec
 - d_sub 1200 : OOB 0.4400 : L 2 : T 2.2 sec
 - d_sub 1200 : OOB 0.4548 : L 3 : T 2.4 sec
 - d_sub 1200 : OOB 0.4581 : L 4 : T 3.4 sec
 - d_sub 1200 : OOB 0.4156 : L 5 : T 3.7 sec
 - d_sub 1200 : OOB 0.4213 : L 6 : T 4.0 sec
 - d_sub 1200 : OOB 0.4224 : L 7 : T 4.8 sec
 - d_sub 1200 : OOB 0.4245 : L 8 : T 5.1 sec
 - d_sub 1200 : OOB 0.4016 : L 9 : T 6.2 sec
 - d_sub 1200 : OOB 0.3900 : L 10 : T 7.2 sec
 - d_sub 1200 : OOB 0.3808 : L 11 : T 7.5 sec
 - d_sub 1200 : OOB 0.3840 : L 12 : T 7.8 sec
 - d_sub 1200 : OOB 0.3813 : L 13 : T 9.9 sec
 - d_sub 1200 : OOB 0.3730 : L 14 : T 10.2 sec
 - d_sub 1200 : OOB 0.3743 : L 15 : T 10.5 sec
 - d_sub 1200 : OOB 0.3710 : L 16 : T 10.7 sec
 - d_sub 1200 : OOB 0.3683 : L 17 : T 12.0 sec
 - d_sub 1200 : OOB 0.3692 : L 18 : T 12.3 sec
 - d_sub 1200 : OOB 0.3651 : L 19 : T 12.6 sec
 - d_sub 1200 : OOB 0.3610 : L 20 : T 12.9 sec
 - d_sub 1200 : OOB 0.3636 : L 21 : T 15.1 sec
 - d_sub 1200 : OOB 0.3621 : L 22 : T 15.4 sec
 - d_sub 1200 : OOB 0.3657 : L 23 : T 15.6 sec
 - d_sub 1200 : OOB 0.3602 : L 24 : T 15.9 sec
 - d_sub 1200 : OOB 0.3588 : L 25 : T 17.2 sec
 - d_sub 1200 : OOB 0.3592 : L 26 : T 17.5 sec
 - d_sub 1200 : OOB 0.3583 : L 27 : T 19.4 sec
 - d_sub 1200 : OOB 0.3564 : L 28 : T 19.7 sec
 - d_sub 1200 : OOB 0.3569 : L 29 : T 20.0 sec
 - d_sub 1200 : OOB 0.3510 : L 30 : T 20.3 sec
 - d_sub 1200 : OOB 0.3487 : L 31 : T 22.4 sec
 - d_sub 1200 : OOB 0.3468 : L 32 : T 22.6 sec
 - d_sub 1200 : OOB 0.3450 : L 33 : T 22.9 sec
 - d_sub 1200 : OOB 0.3472 : L 34 : T 23.2 sec
 - d_sub 1200 : OOB 0.3484 : L 35 : T 24.7 sec
 - d_sub 1200 : OOB 0.3477 : L 36 : T 25.0 sec
 - d_sub 1200 : OOB 0.3472 : L 37 : T 25.2 sec
 - d_sub 1200 : OOB 0.3467 : L 38 : T 25.5 sec
 - d_sub 1200 : OOB 0.3479 : L 39 : T 25.8 sec
 - d_sub 1200 : OOB 0.3461 : L 40 : T 27.8 sec
 - d_sub 1200 : OOB 0.3429 : L 41 : T 28.0 sec
 - d_sub 1200 : OOB 0.3429 : L 42 : T 28.3 sec
 - d_sub 1200 : OOB 0.3444 : L 43 : T 28.6 sec
 - d_sub 1200 : OOB 0.3455 : L 44 : T 29.7 sec
 - d_sub 1200 : OOB 0.3409 : L 45 : T 30.9 sec
 - d_sub 1200 : OOB 0.3404 : L 46 : T 31.7 sec
 - d_sub 1200 : OOB 0.3426 : L 47 : T 32.0 sec
 - d_sub 1200 : OOB 0.3384 : L 48 : T 32.3 sec
 - d_sub 1200 : OOB 0.3418 : L 49 : T 33.4 sec
 - d_sub 1200 : OOB 0.3399 : L 50 : T 34.5 sec
 - d_sub 1200 : OOB 0.3416 : L 51 : T 34.8 sec
 - d_sub 1200 : OOB 0.3407 : L 52 : T 35.9 sec
 - d_sub 1200 : OOB 0.3421 : L 53 : T 36.2 sec
 - d_sub 1200 : OOB 0.3402 : L 54 : T 36.5 sec
 - d_sub 1200 : OOB 0.3415 : L 55 : T 36.7 sec
 - d_sub 1200 : OOB 0.3397 : L 56 : T 37.7 sec
 - d_sub 1200 : OOB 0.3395 : L 57 : T 38.0 sec
 - d_sub 1200 : OOB 0.3394 : L 58 : T 38.2 sec
 - d_sub 1200 : OOB 0.3397 : L 59 : T 40.0 sec
 - d_sub 1200 : OOB 0.3414 : L 60 : T 40.2 sec
 - d_sub 1200 : OOB 0.3412 : L 61 : T 41.3 sec
 - d_sub 1200 : OOB 0.3394 : L 62 : T 41.6 sec
 - d_sub 1200 : OOB 0.3380 : L 63 : T 42.8 sec
 - d_sub 1200 : OOB 0.3400 : L 64 : T 43.0 sec
 - d_sub 1200 : OOB 0.3387 : L 65 : T 43.4 sec
 - d_sub 1200 : OOB 0.3382 : L 66 : T 43.7 sec
 - d_sub 1200 : OOB 0.3355 : L 67 : T 45.6 sec
 - d_sub 1200 : OOB 0.3346 : L 68 : T 45.9 sec
 - d_sub 1200 : OOB 0.3389 : L 69 : T 46.2 sec
 - d_sub 1200 : OOB 0.3365 : L 70 : T 46.5 sec
 - d_sub 1200 : OOB 0.3366 : L 71 : T 47.7 sec
 - d_sub 1200 : OOB 0.3379 : L 72 : T 48.0 sec
 - d_sub 1200 : OOB 0.3376 : L 73 : T 50.5 sec
 - d_sub 1200 : OOB 0.3382 : L 74 : T 50.8 sec
 - d_sub 1200 : OOB 0.3369 : L 75 : T 51.7 sec
 - d_sub 1200 : OOB 0.3374 : L 76 : T 52.0 sec
 - d_sub 1200 : OOB 0.3370 : L 77 : T 52.8 sec
 - d_sub 1200 : OOB 0.3380 : L 78 : T 53.8 sec
 - d_sub 1200 : OOB 0.3372 : L 79 : T 57.4 sec
 - d_sub 1200 : OOB 0.3370 : L 80 : T 59.3 sec
 - d_sub 1200 : OOB 0.3362 : L 81 : T 59.6 sec
 - d_sub 1200 : OOB 0.3346 : L 82 : T 59.9 sec
 - d_sub 1200 : OOB 0.3363 : L 83 : T 61.0 sec
 - d_sub 1200 : OOB 0.3349 : L 84 : T 62.7 sec
 - d_sub 1200 : OOB 0.3340 : L 85 : T 63.9 sec
 - d_sub 1200 : OOB 0.3342 : L 86 : T 64.7 sec
 - d_sub 1200 : OOB 0.3330 : L 87 : T 66.0 sec
 - d_sub 1200 : OOB 0.3328 : L 88 : T 66.3 sec
 - d_sub 1200 : OOB 0.3337 : L 89 : T 66.6 sec
 - d_sub 1200 : OOB 0.3330 : L 90 : T 66.9 sec
 - d_sub 1200 : OOB 0.3313 : L 91 : T 68.1 sec
 - d_sub 1200 : OOB 0.3304 : L 92 : T 68.4 sec
 - d_sub 1200 : OOB 0.3321 : L 93 : T 68.6 sec
 - d_sub 1200 : OOB 0.3324 : L 94 : T 68.9 sec
 - d_sub 1200 : OOB 0.3314 : L 95 : T 69.2 sec
 - d_sub 1200 : OOB 0.3329 : L 96 : T 71.1 sec
 - d_sub 1200 : OOB 0.3305 : L 97 : T 72.1 sec
 - d_sub 1200 : OOB 0.3316 : L 98 : T 72.4 sec
 - d_sub 1200 : OOB 0.3311 : L 99 : T 72.7 sec
 - d_sub 1200 : OOB 0.3321 : L 100 : T 73.7 sec
 - d_sub 1200 : OOB 0.3323 : L 101 : T 74.0 sec
 - d_sub 1200 : OOB 0.3305 : L 102 : T 74.2 sec
 - d_sub 1200 : OOB 0.3297 : L 103 : T 74.5 sec
 - d_sub 1200 : OOB 0.3295 : L 104 : T 75.6 sec
 - d_sub 1200 : OOB 0.3317 : L 105 : T 75.8 sec
 - d_sub 1200 : OOB 0.3297 : L 106 : T 76.1 sec
 - d_sub 1200 : OOB 0.3302 : L 107 : T 77.1 sec
 - d_sub 1200 : OOB 0.3275 : L 108 : T 78.1 sec
 - d_sub 1200 : OOB 0.3288 : L 109 : T 78.4 sec
 - d_sub 1200 : OOB 0.3281 : L 110 : T 78.7 sec
 - d_sub 1200 : OOB 0.3307 : L 111 : T 79.0 sec
 - d_sub 1200 : OOB 0.3284 : L 112 : T 80.2 sec
 - d_sub 1200 : OOB 0.3288 : L 113 : T 81.2 sec
 - d_sub 1200 : OOB 0.3270 : L 114 : T 81.5 sec
 - d_sub 1200 : OOB 0.3278 : L 115 : T 82.3 sec
 - d_sub 1200 : OOB 0.3277 : L 116 : T 84.2 sec
 - d_sub 1200 : OOB 0.3265 : L 117 : T 84.5 sec
 - d_sub 1200 : OOB 0.3271 : L 118 : T 86.3 sec
 - d_sub 1200 : OOB 0.3280 : L 119 : T 87.2 sec
 - d_sub 1200 : OOB 0.3275 : L 120 : T 87.5 sec
 - d_sub 1200 : OOB 0.3257 : L 121 : T 87.8 sec
 - d_sub 1200 : OOB 0.3279 : L 122 : T 88.1 sec
 - d_sub 1200 : OOB 0.3279 : L 123 : T 89.0 sec
 - d_sub 1200 : OOB 0.3270 : L 124 : T 89.3 sec
 - d_sub 1200 : OOB 0.3278 : L 125 : T 89.5 sec
 - d_sub 1200 : OOB 0.3266 : L 126 : T 89.8 sec
 - d_sub 1200 : OOB 0.3267 : L 127 : T 90.1 sec
 - d_sub 1200 : OOB 0.3295 : L 128 : T 91.9 sec
 - d_sub 1200 : OOB 0.3281 : L 129 : T 92.2 sec
 - d_sub 1200 : OOB 0.3280 : L 130 : T 92.5 sec
 - d_sub 1200 : OOB 0.3285 : L 131 : T 93.5 sec
 - d_sub 1200 : OOB 0.3295 : L 132 : T 94.5 sec
 - d_sub 1200 : OOB 0.3283 : L 133 : T 94.8 sec
 - d_sub 1200 : OOB 0.3286 : L 134 : T 95.1 sec
 - d_sub 1200 : OOB 0.3282 : L 135 : T 95.3 sec
 - d_sub 1200 : OOB 0.3276 : L 136 : T 95.6 sec
 - d_sub 1200 : OOB 0.3273 : L 137 : T 95.9 sec
 - d_sub 1200 : OOB 0.3285 : L 138 : T 97.7 sec
 - d_sub 1200 : OOB 0.3286 : L 139 : T 97.9 sec

 - d_sub 1400 : OOB 0.5020 : L 1 : T 1.1 sec
 - d_sub 1400 : OOB 0.4984 : L 2 : T 2.1 sec
 - d_sub 1400 : OOB 0.4520 : L 3 : T 2.5 sec
 - d_sub 1400 : OOB 0.4124 : L 4 : T 3.7 sec
 - d_sub 1400 : OOB 0.3986 : L 5 : T 4.6 sec
 - d_sub 1400 : OOB 0.3981 : L 6 : T 4.9 sec
 - d_sub 1400 : OOB 0.3935 : L 7 : T 5.3 sec
 - d_sub 1400 : OOB 0.3785 : L 8 : T 6.7 sec
 - d_sub 1400 : OOB 0.3822 : L 9 : T 8.8 sec
 - d_sub 1400 : OOB 0.3735 : L 10 : T 9.2 sec
 - d_sub 1400 : OOB 0.3645 : L 11 : T 9.6 sec
 - d_sub 1400 : OOB 0.3596 : L 12 : T 10.6 sec
 - d_sub 1400 : OOB 0.3545 : L 13 : T 12.8 sec
 - d_sub 1400 : OOB 0.3478 : L 14 : T 13.2 sec
 - d_sub 1400 : OOB 0.3469 : L 15 : T 15.6 sec
 - d_sub 1400 : OOB 0.3517 : L 16 : T 15.9 sec
 - d_sub 1400 : OOB 0.3468 : L 17 : T 16.3 sec
 - d_sub 1400 : OOB 0.3469 : L 18 : T 16.6 sec
 - d_sub 1400 : OOB 0.3460 : L 19 : T 17.7 sec
 - d_sub 1400 : OOB 0.3504 : L 20 : T 18.0 sec
 - d_sub 1400 : OOB 0.3443 : L 21 : T 18.4 sec
 - d_sub 1400 : OOB 0.3469 : L 22 : T 19.1 sec
 - d_sub 1400 : OOB 0.3431 : L 23 : T 21.8 sec
 - d_sub 1400 : OOB 0.3432 : L 24 : T 22.3 sec
 - d_sub 1400 : OOB 0.3413 : L 25 : T 23.6 sec
 - d_sub 1400 : OOB 0.3394 : L 26 : T 23.9 sec
 - d_sub 1400 : OOB 0.3352 : L 27 : T 25.2 sec
 - d_sub 1400 : OOB 0.3358 : L 28 : T 26.5 sec
 - d_sub 1400 : OOB 0.3354 : L 29 : T 26.8 sec
 - d_sub 1400 : OOB 0.3363 : L 30 : T 30.4 sec
 - d_sub 1400 : OOB 0.3355 : L 31 : T 30.8 sec
 - d_sub 1400 : OOB 0.3382 : L 32 : T 31.1 sec
 - d_sub 1400 : OOB 0.3321 : L 33 : T 32.7 sec
 - d_sub 1400 : OOB 0.3342 : L 34 : T 33.1 sec
 - d_sub 1400 : OOB 0.3330 : L 35 : T 33.4 sec
 - d_sub 1400 : OOB 0.3307 : L 36 : T 35.3 sec
 - d_sub 1400 : OOB 0.3310 : L 37 : T 36.8 sec
 - d_sub 1400 : OOB 0.3301 : L 38 : T 37.2 sec
 - d_sub 1400 : OOB 0.3320 : L 39 : T 37.5 sec
 - d_sub 1400 : OOB 0.3324 : L 40 : T 38.7 sec
 - d_sub 1400 : OOB 0.3332 : L 41 : T 41.7 sec
 - d_sub 1400 : OOB 0.3322 : L 42 : T 42.0 sec
 - d_sub 1400 : OOB 0.3329 : L 43 : T 43.3 sec
 - d_sub 1400 : OOB 0.3308 : L 44 : T 43.6 sec
 - d_sub 1400 : OOB 0.3338 : L 45 : T 44.8 sec
 - d_sub 1400 : OOB 0.3308 : L 46 : T 45.8 sec
 - d_sub 1400 : OOB 0.3304 : L 47 : T 46.2 sec
 - d_sub 1400 : OOB 0.3285 : L 48 : T 48.4 sec
 - d_sub 1400 : OOB 0.3315 : L 49 : T 48.8 sec
 - d_sub 1400 : OOB 0.3312 : L 50 : T 50.0 sec
 - d_sub 1400 : OOB 0.3313 : L 51 : T 50.4 sec
 - d_sub 1400 : OOB 0.3306 : L 52 : T 50.7 sec
 - d_sub 1400 : OOB 0.3292 : L 53 : T 53.9 sec
 - d_sub 1400 : OOB 0.3333 : L 54 : T 54.2 sec
 - d_sub 1400 : OOB 0.3280 : L 55 : T 54.6 sec
 - d_sub 1400 : OOB 0.3299 : L 56 : T 56.7 sec
 - d_sub 1400 : OOB 0.3291 : L 57 : T 57.1 sec
 - d_sub 1400 : OOB 0.3313 : L 58 : T 58.9 sec
 - d_sub 1400 : OOB 0.3285 : L 59 : T 59.3 sec
 - d_sub 1400 : OOB 0.3291 : L 60 : T 60.1 sec
 - d_sub 1400 : OOB 0.3309 : L 61 : T 60.5 sec
 - d_sub 1400 : OOB 0.3309 : L 62 : T 62.3 sec
 - d_sub 1400 : OOB 0.3282 : L 63 : T 62.7 sec
 - d_sub 1400 : OOB 0.3304 : L 64 : T 63.5 sec
 - d_sub 1400 : OOB 0.3295 : L 65 : T 63.9 sec
 - d_sub 1400 : OOB 0.3290 : L 66 : T 65.0 sec
 - d_sub 1400 : OOB 0.3272 : L 67 : T 66.3 sec
 - d_sub 1400 : OOB 0.3276 : L 68 : T 67.7 sec
 - d_sub 1400 : OOB 0.3276 : L 69 : T 68.0 sec
 - d_sub 1400 : OOB 0.3290 : L 70 : T 69.7 sec
 - d_sub 1400 : OOB 0.3269 : L 71 : T 70.0 sec
 - d_sub 1400 : OOB 0.3257 : L 72 : T 71.2 sec
 - d_sub 1400 : OOB 0.3274 : L 73 : T 71.6 sec
 - d_sub 1400 : OOB 0.3264 : L 74 : T 72.7 sec
 - d_sub 1400 : OOB 0.3275 : L 75 : T 73.9 sec
 - d_sub 1400 : OOB 0.3272 : L 76 : T 74.3 sec
 - d_sub 1400 : OOB 0.3259 : L 77 : T 74.6 sec
 - d_sub 1400 : OOB 0.3256 : L 78 : T 77.4 sec
 - d_sub 1400 : OOB 0.3241 : L 79 : T 77.8 sec
 - d_sub 1400 : OOB 0.3248 : L 80 : T 78.8 sec
 - d_sub 1400 : OOB 0.3235 : L 81 : T 79.1 sec
 - d_sub 1400 : OOB 0.3255 : L 82 : T 80.2 sec
 - d_sub 1400 : OOB 0.3243 : L 83 : T 82.9 sec
 - d_sub 1400 : OOB 0.3248 : L 84 : T 83.3 sec
 - d_sub 1400 : OOB 0.3234 : L 85 : T 83.6 sec
 - d_sub 1400 : OOB 0.3256 : L 86 : T 85.5 sec
 - d_sub 1400 : OOB 0.3264 : L 87 : T 85.8 sec
 - d_sub 1400 : OOB 0.3237 : L 88 : T 86.8 sec
 - d_sub 1400 : OOB 0.3241 : L 89 : T 87.9 sec
 - d_sub 1400 : OOB 0.3249 : L 90 : T 89.2 sec
 - d_sub 1400 : OOB 0.3276 : L 91 : T 89.6 sec
 - d_sub 1400 : OOB 0.3256 : L 92 : T 91.5 sec
 - d_sub 1400 : OOB 0.3247 : L 93 : T 91.9 sec
 - d_sub 1400 : OOB 0.3242 : L 94 : T 92.2 sec
 - d_sub 1400 : OOB 0.3237 : L 95 : T 94.4 sec
 - d_sub 1400 : OOB 0.3231 : L 96 : T 94.8 sec
 - d_sub 1400 : OOB 0.3238 : L 97 : T 95.1 sec
 - d_sub 1400 : OOB 0.3253 : L 98 : T 96.4 sec
 - d_sub 1400 : OOB 0.3247 : L 99 : T 98.9 sec
 - d_sub 1400 : OOB 0.3253 : L 100 : T 99.2 sec
 - d_sub 1400 : OOB 0.3261 : L 101 : T 101.8 sec
 - d_sub 1400 : OOB 0.3259 : L 102 : T 104.6 sec
 - d_sub 1400 : OOB 0.3251 : L 103 : T 104.9 sec
 - d_sub 1400 : OOB 0.3261 : L 104 : T 106.2 sec
 - d_sub 1400 : OOB 0.3264 : L 105 : T 106.5 sec
 - d_sub 1400 : OOB 0.3257 : L 106 : T 109.3 sec
 - d_sub 1400 : OOB 0.3230 : L 107 : T 109.6 sec
 - d_sub 1400 : OOB 0.3235 : L 108 : T 110.7 sec
 - d_sub 1400 : OOB 0.3232 : L 109 : T 113.0 sec
 - d_sub 1400 : OOB 0.3252 : L 110 : T 113.3 sec
 - d_sub 1400 : OOB 0.3240 : L 111 : T 114.6 sec
 - d_sub 1400 : OOB 0.3228 : L 112 : T 115.0 sec
 - d_sub 1400 : OOB 0.3218 : L 113 : T 117.8 sec
 - d_sub 1400 : OOB 0.3232 : L 114 : T 118.1 sec

 - d_sub 1600 : OOB 0.4502 : L 1 : T 2.7 sec
 - d_sub 1600 : OOB 0.4408 : L 2 : T 3.1 sec
 - d_sub 1600 : OOB 0.4536 : L 3 : T 5.7 sec
 - d_sub 1600 : OOB 0.4566 : L 4 : T 6.1 sec
 - d_sub 1600 : OOB 0.4473 : L 5 : T 9.0 sec
 - d_sub 1600 : OOB 0.4264 : L 6 : T 9.4 sec
 - d_sub 1600 : OOB 0.4134 : L 7 : T 12.3 sec
 - d_sub 1600 : OOB 0.3962 : L 8 : T 12.8 sec
 - d_sub 1600 : OOB 0.4011 : L 9 : T 15.1 sec
 - d_sub 1600 : OOB 0.4028 : L 10 : T 17.0 sec
 - d_sub 1600 : OOB 0.4054 : L 11 : T 17.4 sec
 - d_sub 1600 : OOB 0.3847 : L 12 : T 20.2 sec
 - d_sub 1600 : OOB 0.3854 : L 13 : T 22.0 sec
 - d_sub 1600 : OOB 0.3767 : L 14 : T 23.8 sec
 - d_sub 1600 : OOB 0.3748 : L 15 : T 24.9 sec
 - d_sub 1600 : OOB 0.3750 : L 16 : T 26.1 sec
 - d_sub 1600 : OOB 0.3741 : L 17 : T 27.2 sec
 - d_sub 1600 : OOB 0.3661 : L 18 : T 29.1 sec
 - d_sub 1600 : OOB 0.3638 : L 19 : T 30.5 sec
 - d_sub 1600 : OOB 0.3597 : L 20 : T 30.9 sec
 - d_sub 1600 : OOB 0.3607 : L 21 : T 32.8 sec
 - d_sub 1600 : OOB 0.3633 : L 22 : T 35.0 sec
 - d_sub 1600 : OOB 0.3632 : L 23 : T 36.9 sec
 - d_sub 1600 : OOB 0.3637 : L 24 : T 38.0 sec
 - d_sub 1600 : OOB 0.3679 : L 25 : T 40.0 sec
 - d_sub 1600 : OOB 0.3642 : L 26 : T 41.4 sec
 - d_sub 1600 : OOB 0.3588 : L 27 : T 43.4 sec
 - d_sub 1600 : OOB 0.3553 : L 28 : T 44.5 sec
 - d_sub 1600 : OOB 0.3505 : L 29 : T 45.6 sec
 - d_sub 1600 : OOB 0.3546 : L 30 : T 47.7 sec
 - d_sub 1600 : OOB 0.3451 : L 31 : T 48.2 sec
 - d_sub 1600 : OOB 0.3479 : L 32 : T 50.3 sec
 - d_sub 1600 : OOB 0.3442 : L 33 : T 51.3 sec
 - d_sub 1600 : OOB 0.3468 : L 34 : T 53.3 sec
 - d_sub 1600 : OOB 0.3442 : L 35 : T 53.7 sec
 - d_sub 1600 : OOB 0.3473 : L 36 : T 56.0 sec
 - d_sub 1600 : OOB 0.3450 : L 37 : T 57.3 sec
 - d_sub 1600 : OOB 0.3470 : L 38 : T 57.7 sec
 - d_sub 1600 : OOB 0.3428 : L 39 : T 58.8 sec
 - d_sub 1600 : OOB 0.3436 : L 40 : T 60.0 sec
 - d_sub 1600 : OOB 0.3443 : L 41 : T 60.4 sec
 - d_sub 1600 : OOB 0.3409 : L 42 : T 62.7 sec
 - d_sub 1600 : OOB 0.3410 : L 43 : T 64.6 sec
 - d_sub 1600 : OOB 0.3410 : L 44 : T 65.6 sec
 - d_sub 1600 : OOB 0.3412 : L 45 : T 67.4 sec
 - d_sub 1600 : OOB 0.3410 : L 46 : T 69.0 sec
 - d_sub 1600 : OOB 0.3344 : L 47 : T 70.2 sec
 - d_sub 1600 : OOB 0.3353 : L 48 : T 72.4 sec
 - d_sub 1600 : OOB 0.3360 : L 49 : T 72.8 sec
 - d_sub 1600 : OOB 0.3355 : L 50 : T 73.9 sec
 - d_sub 1600 : OOB 0.3373 : L 51 : T 75.0 sec
 - d_sub 1600 : OOB 0.3378 : L 52 : T 76.0 sec
 - d_sub 1600 : OOB 0.3379 : L 53 : T 77.2 sec
 - d_sub 1600 : OOB 0.3315 : L 54 : T 79.4 sec
 - d_sub 1600 : OOB 0.3343 : L 55 : T 79.7 sec
 - d_sub 1600 : OOB 0.3332 : L 56 : T 80.9 sec
 - d_sub 1600 : OOB 0.3316 : L 57 : T 82.1 sec
 - d_sub 1600 : OOB 0.3336 : L 58 : T 84.7 sec
 - d_sub 1600 : OOB 0.3317 : L 59 : T 85.3 sec
 - d_sub 1600 : OOB 0.3319 : L 60 : T 86.5 sec
 - d_sub 1600 : OOB 0.3335 : L 61 : T 88.8 sec
 - d_sub 1600 : OOB 0.3299 : L 62 : T 90.4 sec
 - d_sub 1600 : OOB 0.3317 : L 63 : T 90.8 sec
 - d_sub 1600 : OOB 0.3286 : L 64 : T 92.0 sec
 - d_sub 1600 : OOB 0.3309 : L 65 : T 94.6 sec
 - d_sub 1600 : OOB 0.3310 : L 66 : T 95.0 sec
 - d_sub 1600 : OOB 0.3321 : L 67 : T 96.1 sec
 - d_sub 1600 : OOB 0.3290 : L 68 : T 100.0 sec
 - d_sub 1600 : OOB 0.3317 : L 69 : T 100.4 sec
 - d_sub 1600 : OOB 0.3298 : L 70 : T 102.7 sec
 - d_sub 1600 : OOB 0.3307 : L 71 : T 103.1 sec
 - d_sub 1600 : OOB 0.3324 : L 72 : T 104.3 sec
 - d_sub 1600 : OOB 0.3336 : L 73 : T 106.6 sec
 - d_sub 1600 : OOB 0.3327 : L 74 : T 107.8 sec
 - d_sub 1600 : OOB 0.3309 : L 75 : T 109.7 sec
 - d_sub 1600 : OOB 0.3297 : L 76 : T 111.6 sec
 - d_sub 1600 : OOB 0.3298 : L 77 : T 112.5 sec
 - d_sub 1600 : OOB 0.3315 : L 78 : T 114.5 sec
 - d_sub 1600 : OOB 0.3283 : L 79 : T 115.5 sec
 - d_sub 1600 : OOB 0.3284 : L 80 : T 116.9 sec
 - d_sub 1600 : OOB 0.3295 : L 81 : T 118.1 sec
 - d_sub 1600 : OOB 0.3286 : L 82 : T 118.5 sec
 - d_sub 1600 : OOB 0.3292 : L 83 : T 119.8 sec
 - d_sub 1600 : OOB 0.3277 : L 84 : T 122.0 sec
 - d_sub 1600 : OOB 0.3269 : L 85 : T 122.4 sec
 - d_sub 1600 : OOB 0.3260 : L 86 : T 125.2 sec
 - d_sub 1600 : OOB 0.3274 : L 87 : T 125.7 sec
 - d_sub 1600 : OOB 0.3270 : L 88 : T 128.5 sec
 - d_sub 1600 : OOB 0.3265 : L 89 : T 128.9 sec
 - d_sub 1600 : OOB 0.3268 : L 90 : T 131.5 sec
 - d_sub 1600 : OOB 0.3258 : L 91 : T 131.9 sec
 - d_sub 1600 : OOB 0.3261 : L 92 : T 135.6 sec
 - d_sub 1600 : OOB 0.3246 : L 93 : T 136.0 sec
 - d_sub 1600 : OOB 0.3250 : L 94 : T 138.2 sec
 - d_sub 1600 : OOB 0.3256 : L 95 : T 138.6 sec
 - d_sub 1600 : OOB 0.3254 : L 96 : T 140.7 sec
 - d_sub 1600 : OOB 0.3255 : L 97 : T 142.2 sec
 - d_sub 1600 : OOB 0.3268 : L 98 : T 143.5 sec
 - d_sub 1600 : OOB 0.3254 : L 99 : T 145.5 sec
 - d_sub 1600 : OOB 0.3249 : L 100 : T 146.7 sec
 - d_sub 1600 : OOB 0.3251 : L 101 : T 147.2 sec
 - d_sub 1600 : OOB 0.3245 : L 102 : T 148.6 sec
 - d_sub 1600 : OOB 0.3251 : L 103 : T 149.0 sec
 - d_sub 1600 : OOB 0.3246 : L 104 : T 151.2 sec
 - d_sub 1600 : OOB 0.3256 : L 105 : T 152.5 sec
 - d_sub 1600 : OOB 0.3241 : L 106 : T 155.0 sec
 - d_sub 1600 : OOB 0.3250 : L 107 : T 156.3 sec
 - d_sub 1600 : OOB 0.3230 : L 108 : T 156.7 sec
 - d_sub 1600 : OOB 0.3253 : L 109 : T 157.9 sec
 - d_sub 1600 : OOB 0.3271 : L 110 : T 159.4 sec
 - d_sub 1600 : OOB 0.3249 : L 111 : T 159.8 sec
 - d_sub 1600 : OOB 0.3254 : L 112 : T 162.1 sec
 - d_sub 1600 : OOB 0.3252 : L 113 : T 162.5 sec
 - d_sub 1600 : OOB 0.3255 : L 114 : T 166.4 sec
 - d_sub 1600 : OOB 0.3247 : L 115 : T 168.4 sec
 - d_sub 1600 : OOB 0.3220 : L 116 : T 170.3 sec
 - d_sub 1600 : OOB 0.3255 : L 117 : T 172.2 sec
 - d_sub 1600 : OOB 0.3253 : L 118 : T 173.5 sec
 - d_sub 1600 : OOB 0.3241 : L 119 : T 173.9 sec
 - d_sub 1600 : OOB 0.3252 : L 120 : T 175.0 sec
 - d_sub 1600 : OOB 0.3260 : L 121 : T 176.1 sec
 - d_sub 1600 : OOB 0.3232 : L 122 : T 178.1 sec
 - d_sub 1600 : OOB 0.3238 : L 123 : T 182.7 sec
 - d_sub 1600 : OOB 0.3237 : L 124 : T 183.1 sec
 - d_sub 1600 : OOB 0.3257 : L 125 : T 184.4 sec
 - d_sub 1600 : OOB 0.3238 : L 126 : T 186.9 sec
 - d_sub 1600 : OOB 0.3266 : L 127 : T 188.2 sec
 - d_sub 1600 : OOB 0.3259 : L 128 : T 188.6 sec

 - d_sub 1800 : OOB 0.5020 : L 1 : T 1.1 sec
 - d_sub 1800 : OOB 0.4984 : L 2 : T 5.0 sec
 - d_sub 1800 : OOB 0.5051 : L 3 : T 5.4 sec
 - d_sub 1800 : OOB 0.4550 : L 4 : T 8.4 sec
 - d_sub 1800 : OOB 0.4092 : L 5 : T 9.7 sec
 - d_sub 1800 : OOB 0.4138 : L 6 : T 11.7 sec
 - d_sub 1800 : OOB 0.3983 : L 7 : T 14.1 sec
 - d_sub 1800 : OOB 0.3955 : L 8 : T 17.2 sec
 - d_sub 1800 : OOB 0.3969 : L 9 : T 17.6 sec
 - d_sub 1800 : OOB 0.3866 : L 10 : T 21.9 sec
 - d_sub 1800 : OOB 0.3826 : L 11 : T 22.4 sec
 - d_sub 1800 : OOB 0.3788 : L 12 : T 26.3 sec
 - d_sub 1800 : OOB 0.3816 : L 13 : T 27.6 sec
 - d_sub 1800 : OOB 0.3802 : L 14 : T 29.3 sec
 - d_sub 1800 : OOB 0.3790 : L 15 : T 34.8 sec
 - d_sub 1800 : OOB 0.3795 : L 16 : T 36.7 sec
 - d_sub 1800 : OOB 0.3856 : L 17 : T 41.8 sec
 - d_sub 1800 : OOB 0.3811 : L 18 : T 42.2 sec
 - d_sub 1800 : OOB 0.3824 : L 19 : T 44.0 sec
 - d_sub 1800 : OOB 0.3844 : L 20 : T 45.2 sec
 - d_sub 1800 : OOB 0.3814 : L 21 : T 45.6 sec
 - d_sub 1800 : OOB 0.3779 : L 22 : T 48.5 sec
 - d_sub 1800 : OOB 0.3662 : L 23 : T 50.5 sec
 - d_sub 1800 : OOB 0.3649 : L 24 : T 52.5 sec
 - d_sub 1800 : OOB 0.3616 : L 25 : T 54.7 sec
 - d_sub 1800 : OOB 0.3650 : L 26 : T 55.2 sec
 - d_sub 1800 : OOB 0.3593 : L 27 : T 56.4 sec
 - d_sub 1800 : OOB 0.3536 : L 28 : T 56.9 sec
 - d_sub 1800 : OOB 0.3564 : L 29 : T 58.0 sec
 - d_sub 1800 : OOB 0.3556 : L 30 : T 59.4 sec
 - d_sub 1800 : OOB 0.3559 : L 31 : T 59.8 sec
 - d_sub 1800 : OOB 0.3539 : L 32 : T 61.9 sec
 - d_sub 1800 : OOB 0.3580 : L 33 : T 64.0 sec
 - d_sub 1800 : OOB 0.3531 : L 34 : T 65.4 sec
 - d_sub 1800 : OOB 0.3508 : L 35 : T 65.9 sec
 - d_sub 1800 : OOB 0.3517 : L 36 : T 67.3 sec
 - d_sub 1800 : OOB 0.3494 : L 37 : T 69.5 sec
 - d_sub 1800 : OOB 0.3479 : L 38 : T 71.4 sec
 - d_sub 1800 : OOB 0.3503 : L 39 : T 72.8 sec
 - d_sub 1800 : OOB 0.3487 : L 40 : T 74.0 sec
 - d_sub 1800 : OOB 0.3421 : L 41 : T 76.8 sec
 - d_sub 1800 : OOB 0.3397 : L 42 : T 78.1 sec
 - d_sub 1800 : OOB 0.3372 : L 43 : T 80.2 sec
 - d_sub 1800 : OOB 0.3411 : L 44 : T 81.4 sec
 - d_sub 1800 : OOB 0.3410 : L 45 : T 81.9 sec
 - d_sub 1800 : OOB 0.3407 : L 46 : T 82.9 sec
 - d_sub 1800 : OOB 0.3378 : L 47 : T 86.3 sec
 - d_sub 1800 : OOB 0.3401 : L 48 : T 86.8 sec
 - d_sub 1800 : OOB 0.3385 : L 49 : T 88.6 sec
 - d_sub 1800 : OOB 0.3358 : L 50 : T 89.2 sec
 - d_sub 1800 : OOB 0.3351 : L 51 : T 90.4 sec
 - d_sub 1800 : OOB 0.3359 : L 52 : T 91.6 sec
 - d_sub 1800 : OOB 0.3352 : L 53 : T 92.8 sec
 - d_sub 1800 : OOB 0.3357 : L 54 : T 95.8 sec
 - d_sub 1800 : OOB 0.3362 : L 55 : T 98.0 sec
 - d_sub 1800 : OOB 0.3366 : L 56 : T 98.4 sec
 - d_sub 1800 : OOB 0.3366 : L 57 : T 101.6 sec
 - d_sub 1800 : OOB 0.3349 : L 58 : T 104.2 sec
 - d_sub 1800 : OOB 0.3370 : L 59 : T 105.9 sec
 - d_sub 1800 : OOB 0.3367 : L 60 : T 107.9 sec
 - d_sub 1800 : OOB 0.3350 : L 61 : T 110.3 sec
 - d_sub 1800 : OOB 0.3354 : L 62 : T 112.2 sec
 - d_sub 1800 : OOB 0.3367 : L 63 : T 114.7 sec
 - d_sub 1800 : OOB 0.3341 : L 64 : T 116.7 sec
 - d_sub 1800 : OOB 0.3335 : L 65 : T 118.1 sec
 - d_sub 1800 : OOB 0.3306 : L 66 : T 120.0 sec
 - d_sub 1800 : OOB 0.3336 : L 67 : T 121.1 sec
 - d_sub 1800 : OOB 0.3347 : L 68 : T 123.1 sec
 - d_sub 1800 : OOB 0.3301 : L 69 : T 125.3 sec
 - d_sub 1800 : OOB 0.3303 : L 70 : T 125.8 sec
 - d_sub 1800 : OOB 0.3303 : L 71 : T 127.4 sec
 - d_sub 1800 : OOB 0.3313 : L 72 : T 129.7 sec
 - d_sub 1800 : OOB 0.3281 : L 73 : T 131.0 sec
 - d_sub 1800 : OOB 0.3300 : L 74 : T 132.5 sec
 - d_sub 1800 : OOB 0.3301 : L 75 : T 137.0 sec
 - d_sub 1800 : OOB 0.3272 : L 76 : T 139.2 sec
 - d_sub 1800 : OOB 0.3288 : L 77 : T 141.6 sec
 - d_sub 1800 : OOB 0.3292 : L 78 : T 142.0 sec
 - d_sub 1800 : OOB 0.3298 : L 79 : T 143.4 sec
 - d_sub 1800 : OOB 0.3286 : L 80 : T 143.9 sec
 - d_sub 1800 : OOB 0.3294 : L 81 : T 147.2 sec
 - d_sub 1800 : OOB 0.3274 : L 82 : T 149.9 sec
 - d_sub 1800 : OOB 0.3277 : L 83 : T 153.2 sec
 - d_sub 1800 : OOB 0.3281 : L 84 : T 154.6 sec
 - d_sub 1800 : OOB 0.3262 : L 85 : T 157.8 sec
 - d_sub 1800 : OOB 0.3289 : L 86 : T 158.3 sec
 - d_sub 1800 : OOB 0.3259 : L 87 : T 160.4 sec
 - d_sub 1800 : OOB 0.3256 : L 88 : T 161.8 sec
 - d_sub 1800 : OOB 0.3243 : L 89 : T 167.2 sec
 - d_sub 1800 : OOB 0.3261 : L 90 : T 167.7 sec
 - d_sub 1800 : OOB 0.3242 : L 91 : T 170.5 sec
 - d_sub 1800 : OOB 0.3272 : L 92 : T 171.1 sec
 - d_sub 1800 : OOB 0.3256 : L 93 : T 173.9 sec
 - d_sub 1800 : OOB 0.3261 : L 94 : T 176.4 sec
 - d_sub 1800 : OOB 0.3262 : L 95 : T 180.0 sec
 - d_sub 1800 : OOB 0.3251 : L 96 : T 185.1 sec
 - d_sub 1800 : OOB 0.3269 : L 97 : T 187.0 sec
 - d_sub 1800 : OOB 0.3259 : L 98 : T 187.4 sec
 - d_sub 1800 : OOB 0.3238 : L 99 : T 187.8 sec
 - d_sub 1800 : OOB 0.3245 : L 100 : T 190.8 sec
 - d_sub 1800 : OOB 0.3252 : L 101 : T 191.3 sec
 - d_sub 1800 : OOB 0.3262 : L 102 : T 191.7 sec
 - d_sub 1800 : OOB 0.3257 : L 103 : T 192.8 sec
 - d_sub 1800 : OOB 0.3247 : L 104 : T 194.7 sec
 - d_sub 1800 : OOB 0.3251 : L 105 : T 198.2 sec
 - d_sub 1800 : OOB 0.3252 : L 106 : T 199.4 sec
 - d_sub 1800 : OOB 0.3265 : L 107 : T 200.6 sec
 - d_sub 1800 : OOB 0.3264 : L 108 : T 201.9 sec
 - d_sub 1800 : OOB 0.3251 : L 109 : T 204.5 sec
 - d_sub 1800 : OOB 0.3247 : L 110 : T 206.2 sec
 - d_sub 1800 : OOB 0.3266 : L 111 : T 206.7 sec
 - d_sub 1800 : OOB 0.3262 : L 112 : T 207.2 sec
 - d_sub 1800 : OOB 0.3273 : L 113 : T 210.2 sec
 - d_sub 1800 : OOB 0.3274 : L 114 : T 210.6 sec
 - d_sub 1800 : OOB 0.3251 : L 115 : T 211.2 sec
 - d_sub 1800 : OOB 0.3263 : L 116 : T 215.3 sec
 - d_sub 1800 : OOB 0.3263 : L 117 : T 218.4 sec
 - d_sub 1800 : OOB 0.3271 : L 118 : T 219.7 sec
# -------------------------
optimal d_sub 1400 : OOB 0.3232 : L 114 : T 783.9 sec
Testing error: 0.3224
# -------------------------
# Ensemble classification
#  - Training samples: 10000 (5000/5000)
#  - Feature-space dimensionality: 22563
#  - L : automatic (min 25, max 500, length 50, eps 0.00500)
#  - d_sub : 300
#  - Seed 1 (subspaces) : 253658853
#  - Seed 2 (bootstrap) : 294759416
# -------------------------

 - d_sub 300 : OOB 0.5020 : L 1 : T 0.1 sec
 - d_sub 300 : OOB 0.4984 : L 2 : T 0.1 sec
 - d_sub 300 : OOB 0.4658 : L 3 : T 0.2 sec
 - d_sub 300 : OOB 0.4570 : L 4 : T 0.2 sec
 - d_sub 300 : OOB 0.4420 : L 5 : T 0.3 sec
 - d_sub 300 : OOB 0.4107 : L 6 : T 0.3 sec
 - d_sub 300 : OOB 0.4151 : L 7 : T 0.4 sec
 - d_sub 300 : OOB 0.4188 : L 8 : T 0.4 sec
 - d_sub 300 : OOB 0.4217 : L 9 : T 0.5 sec
 - d_sub 300 : OOB 0.4097 : L 10 : T 0.5 sec
 - d_sub 300 : OOB 0.4095 : L 11 : T 0.6 sec
 - d_sub 300 : OOB 0.4020 : L 12 : T 0.7 sec
 - d_sub 300 : OOB 0.3991 : L 13 : T 0.7 sec
 - d_sub 300 : OOB 0.4037 : L 14 : T 0.7 sec
 - d_sub 300 : OOB 0.3966 : L 15 : T 0.8 sec
 - d_sub 300 : OOB 0.3932 : L 16 : T 0.9 sec
 - d_sub 300 : OOB 0.3916 : L 17 : T 0.9 sec
 - d_sub 300 : OOB 0.3935 : L 18 : T 1.0 sec
 - d_sub 300 : OOB 0.3910 : L 19 : T 1.0 sec
 - d_sub 300 : OOB 0.3931 : L 20 : T 1.1 sec
 - d_sub 300 : OOB 0.3928 : L 21 : T 1.1 sec
 - d_sub 300 : OOB 0.3864 : L 22 : T 1.2 sec
 - d_sub 300 : OOB 0.3828 : L 23 : T 1.2 sec
 - d_sub 300 : OOB 0.3824 : L 24 : T 1.3 sec
 - d_sub 300 : OOB 0.3811 : L 25 : T 1.3 sec
 - d_sub 300 : OOB 0.3840 : L 26 : T 1.4 sec
 - d_sub 300 : OOB 0.3786 : L 27 : T 1.4 sec
 - d_sub 300 : OOB 0.3791 : L 28 : T 1.5 sec
 - d_sub 300 : OOB 0.3811 : L 29 : T 1.5 sec
 - d_sub 300 : OOB 0.3796 : L 30 : T 1.6 sec
 - d_sub 300 : OOB 0.3838 : L 31 : T 1.6 sec
 - d_sub 300 : OOB 0.3783 : L 32 : T 1.7 sec
 - d_sub 300 : OOB 0.3775 : L 33 : T 1.7 sec
 - d_sub 300 : OOB 0.3801 : L 34 : T 1.8 sec
 - d_sub 300 : OOB 0.3779 : L 35 : T 1.8 sec
 - d_sub 300 : OOB 0.3768 : L 36 : T 1.9 sec
 - d_sub 300 : OOB 0.3774 : L 37 : T 1.9 sec
 - d_sub 300 : OOB 0.3786 : L 38 : T 2.0 sec
 - d_sub 300 : OOB 0.3787 : L 39 : T 2.1 sec
 - d_sub 300 : OOB 0.3761 : L 40 : T 2.1 sec
 - d_sub 300 : OOB 0.3762 : L 41 : T 2.2 sec
 - d_sub 300 : OOB 0.3772 : L 42 : T 2.2 sec
 - d_sub 300 : OOB 0.3738 : L 43 : T 2.3 sec
 - d_sub 300 : OOB 0.3755 : L 44 : T 2.3 sec
 - d_sub 300 : OOB 0.3755 : L 45 : T 2.4 sec
 - d_sub 300 : OOB 0.3758 : L 46 : T 2.4 sec
 - d_sub 300 : OOB 0.3733 : L 47 : T 2.5 sec
 - d_sub 300 : OOB 0.3717 : L 48 : T 2.5 sec
 - d_sub 300 : OOB 0.3732 : L 49 : T 2.6 sec
 - d_sub 300 : OOB 0.3725 : L 50 : T 2.6 sec
 - d_sub 300 : OOB 0.3732 : L 51 : T 2.7 sec
 - d_sub 300 : OOB 0.3711 : L 52 : T 2.7 sec
 - d_sub 300 : OOB 0.3680 : L 53 : T 2.8 sec
 - d_sub 300 : OOB 0.3699 : L 54 : T 2.8 sec
 - d_sub 300 : OOB 0.3696 : L 55 : T 2.9 sec
 - d_sub 300 : OOB 0.3680 : L 56 : T 2.9 sec
 - d_sub 300 : OOB 0.3685 : L 57 : T 3.0 sec
 - d_sub 300 : OOB 0.3688 : L 58 : T 3.0 sec
 - d_sub 300 : OOB 0.3682 : L 59 : T 3.1 sec
 - d_sub 300 : OOB 0.3698 : L 60 : T 3.1 sec
 - d_sub 300 : OOB 0.3695 : L 61 : T 3.2 sec
 - d_sub 300 : OOB 0.3672 : L 62 : T 3.2 sec
 - d_sub 300 : OOB 0.3683 : L 63 : T 3.3 sec
 - d_sub 300 : OOB 0.3677 : L 64 : T 3.3 sec
 - d_sub 300 : OOB 0.3687 : L 65 : T 3.4 sec
 - d_sub 300 : OOB 0.3674 : L 66 : T 3.4 sec
 - d_sub 300 : OOB 0.3689 : L 67 : T 3.5 sec
 - d_sub 300 : OOB 0.3678 : L 68 : T 3.6 sec
 - d_sub 300 : OOB 0.3649 : L 69 : T 3.6 sec
 - d_sub 300 : OOB 0.3641 : L 70 : T 3.7 sec
 - d_sub 300 : OOB 0.3649 : L 71 : T 3.7 sec
 - d_sub 300 : OOB 0.3658 : L 72 : T 3.8 sec
 - d_sub 300 : OOB 0.3665 : L 73 : T 3.8 sec
 - d_sub 300 : OOB 0.3656 : L 74 : T 3.9 sec
 - d_sub 300 : OOB 0.3677 : L 75 : T 3.9 sec
 - d_sub 300 : OOB 0.3637 : L 76 : T 4.0 sec
 - d_sub 300 : OOB 0.3675 : L 77 : T 4.0 sec
 - d_sub 300 : OOB 0.3664 : L 78 : T 4.1 sec
 - d_sub 300 : OOB 0.3650 : L 79 : T 4.1 sec
 - d_sub 300 : OOB 0.3664 : L 80 : T 4.2 sec
 - d_sub 300 : OOB 0.3640 : L 81 : T 4.2 sec
 - d_sub 300 : OOB 0.3646 : L 82 : T 4.3 sec
 - d_sub 300 : OOB 0.3638 : L 83 : T 4.3 sec
 - d_sub 300 : OOB 0.3643 : L 84 : T 4.4 sec
 - d_sub 300 : OOB 0.3629 : L 85 : T 4.4 sec
 - d_sub 300 : OOB 0.3666 : L 86 : T 4.5 sec
 - d_sub 300 : OOB 0.3640 : L 87 : T 4.5 sec
 - d_sub 300 : OOB 0.3631 : L 88 : T 4.6 sec
 - d_sub 300 : OOB 0.3649 : L 89 : T 4.6 sec
 - d_sub 300 : OOB 0.3647 : L 90 : T 4.7 sec
 - d_sub 300 : OOB 0.3635 : L 91 : T 4.7 sec
 - d_sub 300 : OOB 0.3637 : L 92 : T 4.8 sec
 - d_sub 300 : OOB 0.3647 : L 93 : T 4.8 sec
 - d_sub 300 : OOB 0.3650 : L 94 : T 4.9 sec
 - d_sub 300 : OOB 0.3639 : L 95 : T 4.9 sec
 - d_sub 300 : OOB 0.3634 : L 96 : T 5.0 sec
 - d_sub 300 : OOB 0.3634 : L 97 : T 5.0 sec
 - d_sub 300 : OOB 0.3638 : L 98 : T 5.1 sec
 - d_sub 300 : OOB 0.3643 : L 99 : T 5.2 sec
 - d_sub 300 : OOB 0.3637 : L 100 : T 5.2 sec
 - d_sub 300 : OOB 0.3646 : L 101 : T 5.3 sec
 - d_sub 300 : OOB 0.3641 : L 102 : T 5.3 sec
 - d_sub 300 : OOB 0.3646 : L 103 : T 5.4 sec
 - d_sub 300 : OOB 0.3644 : L 104 : T 5.4 sec
 - d_sub 300 : OOB 0.3648 : L 105 : T 5.5 sec
 - d_sub 300 : OOB 0.3664 : L 106 : T 5.5 sec
 - d_sub 300 : OOB 0.3646 : L 107 : T 5.6 sec
# -------------------------
optimal d_sub 300 : OOB 0.3646 : L 107 : T 5.6 sec
# -------------------------
# Ensemble classification
#  - Training samples: 10000 (5000/5000)
#  - Feature-space dimensionality: 22563
#  - L : 30
#  - d_sub : 300
#  - Seed 1 (subspaces) : 452049850
#  - Seed 2 (bootstrap) : 996747979
# -------------------------

 - d_sub 300 : OOB 0.5020 : L 1 : T 0.0 sec
 - d_sub 300 : OOB 0.4984 : L 2 : T 0.1 sec
 - d_sub 300 : OOB 0.4633 : L 3 : T 0.2 sec
 - d_sub 300 : OOB 0.4543 : L 4 : T 0.2 sec
 - d_sub 300 : OOB 0.4616 : L 5 : T 0.3 sec
 - d_sub 300 : OOB 0.4573 : L 6 : T 0.3 sec
 - d_sub 300 : OOB 0.4624 : L 7 : T 0.4 sec
 - d_sub 300 : OOB 0.4346 : L 8 : T 0.4 sec
 - d_sub 300 : OOB 0.4252 : L 9 : T 0.5 sec
 - d_sub 300 : OOB 0.4080 : L 10 : T 0.5 sec
 - d_sub 300 : OOB 0.3937 : L 11 : T 0.6 sec
 - d_sub 300 : OOB 0.4006 : L 12 : T 0.6 sec
 - d_sub 300 : OOB 0.4014 : L 13 : T 0.7 sec
 - d_sub 300 : OOB 0.3969 : L 14 : T 0.8 sec
 - d_sub 300 : OOB 0.3838 : L 15 : T 0.8 sec
 - d_sub 300 : OOB 0.3884 : L 16 : T 0.9 sec
 - d_sub 300 : OOB 0.3851 : L 17 : T 0.9 sec
 - d_sub 300 : OOB 0.3825 : L 18 : T 1.0 sec
 - d_sub 300 : OOB 0.3863 : L 19 : T 1.0 sec
 - d_sub 300 : OOB 0.3820 : L 20 : T 1.1 sec
 - d_sub 300 : OOB 0.3810 : L 21 : T 1.1 sec
 - d_sub 300 : OOB 0.3835 : L 22 : T 1.2 sec
 - d_sub 300 : OOB 0.3827 : L 23 : T 1.2 sec
 - d_sub 300 : OOB 0.3836 : L 24 : T 1.3 sec
 - d_sub 300 : OOB 0.3786 : L 25 : T 1.3 sec
 - d_sub 300 : OOB 0.3767 : L 26 : T 1.4 sec
 - d_sub 300 : OOB 0.3745 : L 27 : T 1.4 sec
 - d_sub 300 : OOB 0.3774 : L 28 : T 1.5 sec
 - d_sub 300 : OOB 0.3734 : L 29 : T 1.5 sec
 - d_sub 300 : OOB 0.3743 : L 30 : T 1.6 sec
# -------------------------
optimal d_sub 300 : OOB 0.3743 : L 30 : T 1.6 sec
# -------------------------
# Ensemble classification
#  - Training samples: 10000 (5000/5000)
#  - Feature-space dimensionality: 22563
#  - L : 30
#  - d_sub : 300
#  - Seed 1 (subspaces) : 948822701
#  - Seed 2 (bootstrap) : 135541108
# -------------------------

 - d_sub 300 : OOB 0.4547 : L 1 : T 0.1 sec
 - d_sub 300 : OOB 0.4274 : L 2 : T 0.1 sec
 - d_sub 300 : OOB 0.4173 : L 3 : T 0.2 sec
 - d_sub 300 : OOB 0.4060 : L 4 : T 0.2 sec
 - d_sub 300 : OOB 0.4026 : L 5 : T 0.3 sec
 - d_sub 300 : OOB 0.4033 : L 6 : T 0.3 sec
 - d_sub 300 : OOB 0.3971 : L 7 : T 0.4 sec
 - d_sub 300 : OOB 0.3920 : L 8 : T 0.4 sec
 - d_sub 300 : OOB 0.3853 : L 9 : T 0.5 sec
 - d_sub 300 : OOB 0.3872 : L 10 : T 0.5 sec
 - d_sub 300 : OOB 0.3820 : L 11 : T 0.6 sec
 - d_sub 300 : OOB 0.3841 : L 12 : T 0.6 sec
 - d_sub 300 : OOB 0.3848 : L 13 : T 0.7 sec
 - d_sub 300 : OOB 0.3882 : L 14 : T 0.7 sec
 - d_sub 300 : OOB 0.3823 : L 15 : T 0.8 sec
 - d_sub 300 : OOB 0.3825 : L 16 : T 0.8 sec
 - d_sub 300 : OOB 0.3797 : L 17 : T 0.9 sec
 - d_sub 300 : OOB 0.3825 : L 18 : T 0.9 sec
 - d_sub 300 : OOB 0.3807 : L 19 : T 1.0 sec
 - d_sub 300 : OOB 0.3798 : L 20 : T 1.0 sec
 - d_sub 300 : OOB 0.3828 : L 21 : T 1.1 sec
 - d_sub 300 : OOB 0.3790 : L 22 : T 1.1 sec
 - d_sub 300 : OOB 0.3769 : L 23 : T 1.2 sec
 - d_sub 300 : OOB 0.3847 : L 24 : T 1.2 sec
 - d_sub 300 : OOB 0.3794 : L 25 : T 1.3 sec
 - d_sub 300 : OOB 0.3758 : L 26 : T 1.3 sec
 - d_sub 300 : OOB 0.3779 : L 27 : T 1.4 sec
 - d_sub 300 : OOB 0.3800 : L 28 : T 1.4 sec
 - d_sub 300 : OOB 0.3749 : L 29 : T 1.5 sec
 - d_sub 300 : OOB 0.3739 : L 30 : T 1.5 sec
# -------------------------
optimal d_sub 300 : OOB 0.3739 : L 30 : T 1.5 sec
# -------------------------
# Ensemble classification
#  - Training samples: 10000 (5000/5000)
#  - Feature-space dimensionality: 22563
#  - L : 30
#  - d_sub : 300
#  - Seed 1 (subspaces) : 716642762
#  - Seed 2 (bootstrap) : 688369210
# -------------------------

 - d_sub 300 : OOB 0.5020 : L 1 : T 0.1 sec
 - d_sub 300 : OOB 0.4984 : L 2 : T 0.1 sec
 - d_sub 300 : OOB 0.4626 : L 3 : T 0.1 sec
 - d_sub 300 : OOB 0.4314 : L 4 : T 0.2 sec
 - d_sub 300 : OOB 0.4343 : L 5 : T 0.2 sec
 - d_sub 300 : OOB 0.4201 : L 6 : T 0.3 sec
 - d_sub 300 : OOB 0.4210 : L 7 : T 0.4 sec
 - d_sub 300 : OOB 0.4172 : L 8 : T 0.4 sec
 - d_sub 300 : OOB 0.4144 : L 9 : T 0.5 sec
 - d_sub 300 : OOB 0.4134 : L 10 : T 0.5 sec
 - d_sub 300 : OOB 0.4159 : L 11 : T 0.5 sec
 - d_sub 300 : OOB 0.4037 : L 12 : T 0.6 sec
 - d_sub 300 : OOB 0.4016 : L 13 : T 0.7 sec
 - d_sub 300 : OOB 0.4097 : L 14 : T 0.7 sec
 - d_sub 300 : OOB 0.4079 : L 15 : T 0.8 sec
 - d_sub 300 : OOB 0.4079 : L 16 : T 0.8 sec
 - d_sub 300 : OOB 0.4065 : L 17 : T 0.9 sec
 - d_sub 300 : OOB 0.4090 : L 18 : T 0.9 sec
 - d_sub 300 : OOB 0.4075 : L 19 : T 1.0 sec
 - d_sub 300 : OOB 0.4070 : L 20 : T 1.0 sec
 - d_sub 300 : OOB 0.4041 : L 21 : T 1.1 sec
 - d_sub 300 : OOB 0.4029 : L 22 : T 1.1 sec
 - d_sub 300 : OOB 0.4034 : L 23 : T 1.2 sec
 - d_sub 300 : OOB 0.4023 : L 24 : T 1.2 sec
 - d_sub 300 : OOB 0.3926 : L 25 : T 1.3 sec
 - d_sub 300 : OOB 0.3973 : L 26 : T 1.3 sec
 - d_sub 300 : OOB 0.3969 : L 27 : T 1.4 sec
 - d_sub 300 : OOB 0.3900 : L 28 : T 1.4 sec
 - d_sub 300 : OOB 0.3862 : L 29 : T 1.5 sec
 - d_sub 300 : OOB 0.3898 : L 30 : T 1.5 sec
# -------------------------
optimal d_sub 300 : OOB 0.3898 : L 30 : T 1.5 sec
# -------------------------
# Ensemble classification
#  - Training samples: 10000 (5000/5000)
#  - Feature-space dimensionality: 22563
#  - L : 30
#  - d_sub : 300
#  - Seed 1 (subspaces) : 819680503
#  - Seed 2 (bootstrap) : 948646372
# -------------------------

 - d_sub 300 : OOB 0.5020 : L 1 : T 0.1 sec
 - d_sub 300 : OOB 0.4622 : L 2 : T 0.1 sec
 - d_sub 300 : OOB 0.4354 : L 3 : T 0.2 sec
 - d_sub 300 : OOB 0.4408 : L 4 : T 0.2 sec
 - d_sub 300 : OOB 0.4341 : L 5 : T 0.3 sec
 - d_sub 300 : OOB 0.4231 : L 6 : T 0.3 sec
 - d_sub 300 : OOB 0.4242 : L 7 : T 0.4 sec
 - d_sub 300 : OOB 0.4142 : L 8 : T 0.4 sec
 - d_sub 300 : OOB 0.4122 : L 9 : T 0.5 sec
 - d_sub 300 : OOB 0.4033 : L 10 : T 0.5 sec
 - d_sub 300 : OOB 0.4014 : L 11 : T 0.6 sec
 - d_sub 300 : OOB 0.4078 : L 12 : T 0.6 sec
 - d_sub 300 : OOB 0.3986 : L 13 : T 0.7 sec
 - d_sub 300 : OOB 0.4055 : L 14 : T 0.7 sec
 - d_sub 300 : OOB 0.4016 : L 15 : T 0.8 sec
 - d_sub 300 : OOB 0.4028 : L 16 : T 0.8 sec
 - d_sub 300 : OOB 0.3998 : L 17 : T 0.9 sec
 - d_sub 300 : OOB 0.3945 : L 18 : T 0.9 sec
 - d_sub 300 : OOB 0.3843 : L 19 : T 1.0 sec
 - d_sub 300 : OOB 0.3905 : L 20 : T 1.1 sec
 - d_sub 300 : OOB 0.3886 : L 21 : T 1.1 sec
 - d_sub 300 : OOB 0.3830 : L 22 : T 1.2 sec
 - d_sub 300 : OOB 0.3805 : L 23 : T 1.2 sec
 - d_sub 300 : OOB 0.3791 : L 24 : T 1.3 sec
 - d_sub 300 : OOB 0.3804 : L 25 : T 1.3 sec
 - d_sub 300 : OOB 0.3803 : L 26 : T 1.4 sec
 - d_sub 300 : OOB 0.3773 : L 27 : T 1.4 sec
 - d_sub 300 : OOB 0.3821 : L 28 : T 1.5 sec
 - d_sub 300 : OOB 0.3792 : L 29 : T 1.5 sec
 - d_sub 300 : OOB 0.3782 : L 30 : T 1.6 sec
# -------------------------
optimal d_sub 300 : OOB 0.3782 : L 30 : T 1.6 sec
# -------------------------
# Ensemble classification
#  - Training samples: 10000 (5000/5000)
#  - Feature-space dimensionality: 22563
#  - L : 30
#  - d_sub : 300
#  - Seed 1 (subspaces) : 818298066
#  - Seed 2 (bootstrap) : 44464713
# -------------------------

 - d_sub 300 : OOB 0.5020 : L 1 : T 0.1 sec
 - d_sub 300 : OOB 0.4984 : L 2 : T 0.1 sec
 - d_sub 300 : OOB 0.5051 : L 3 : T 0.2 sec
 - d_sub 300 : OOB 0.4656 : L 4 : T 0.2 sec
 - d_sub 300 : OOB 0.4267 : L 5 : T 0.3 sec
 - d_sub 300 : OOB 0.4309 : L 6 : T 0.3 sec
 - d_sub 300 : OOB 0.4170 : L 7 : T 0.4 sec
 - d_sub 300 : OOB 0.4156 : L 8 : T 0.4 sec
 - d_sub 300 : OOB 0.4184 : L 9 : T 0.5 sec
 - d_sub 300 : OOB 0.4239 : L 10 : T 0.5 sec
 - d_sub 300 : OOB 0.4056 : L 11 : T 0.6 sec
 - d_sub 300 : OOB 0.4030 : L 12 : T 0.6 sec
 - d_sub 300 : OOB 0.4001 : L 13 : T 0.7 sec
 - d_sub 300 : OOB 0.4010 : L 14 : T 0.7 sec
 - d_sub 300 : OOB 0.3972 : L 15 : T 0.8 sec
 - d_sub 300 : OOB 0.3933 : L 16 : T 0.8 sec
 - d_sub 300 : OOB 0.3915 : L 17 : T 0.9 sec
 - d_sub 300 : OOB 0.3884 : L 18 : T 0.9 sec
 - d_sub 300 : OOB 0.3811 : L 19 : T 1.0 sec
 - d_sub 300 : OOB 0.3806 : L 20 : T 1.0 sec
 - d_sub 300 : OOB 0.3794 : L 21 : T 1.1 sec
 - d_sub 300 : OOB 0.3807 : L 22 : T 1.1 sec
 - d_sub 300 : OOB 0.3802 : L 23 : T 1.2 sec
 - d_sub 300 : OOB 0.3797 : L 24 : T 1.2 sec
 - d_sub 300 : OOB 0.3822 : L 25 : T 1.3 sec
 - d_sub 300 : OOB 0.3769 : L 26 : T 1.4 sec
 - d_sub 300 : OOB 0.3779 : L 27 : T 1.4 sec
 - d_sub 300 : OOB 0.3795 : L 28 : T 1.5 sec
 - d_sub 300 : OOB 0.3769 : L 29 : T 1.5 sec
 - d_sub 300 : OOB 0.3788 : L 30 : T 1.6 sec
# -------------------------
optimal d_sub 300 : OOB 0.3788 : L 30 : T 1.6 sec
# -------------------------
# Ensemble classification
#  - Training samples: 10000 (5000/5000)
#  - Feature-space dimensionality: 22563
#  - L : 30
#  - d_sub : 300
#  - Seed 1 (subspaces) : 783373871
#  - Seed 2 (bootstrap) : 930997274
# -------------------------

 - d_sub 300 : OOB 0.4572 : L 1 : T 0.1 sec
 - d_sub 300 : OOB 0.4481 : L 2 : T 0.1 sec
 - d_sub 300 : OOB 0.4331 : L 3 : T 0.2 sec
 - d_sub 300 : OOB 0.4375 : L 4 : T 0.2 sec
 - d_sub 300 : OOB 0.4167 : L 5 : T 0.3 sec
 - d_sub 300 : OOB 0.4161 : L 6 : T 0.3 sec
 - d_sub 300 : OOB 0.4158 : L 7 : T 0.4 sec
 - d_sub 300 : OOB 0.4173 : L 8 : T 0.4 sec
 - d_sub 300 : OOB 0.4184 : L 9 : T 0.5 sec
 - d_sub 300 : OOB 0.4016 : L 10 : T 0.5 sec
 - d_sub 300 : OOB 0.4003 : L 11 : T 0.6 sec
 - d_sub 300 : OOB 0.3966 : L 12 : T 0.6 sec
 - d_sub 300 : OOB 0.3923 : L 13 : T 0.7 sec
 - d_sub 300 : OOB 0.3951 : L 14 : T 0.7 sec
 - d_sub 300 : OOB 0.3879 : L 15 : T 0.8 sec
 - d_sub 300 : OOB 0.3944 : L 16 : T 0.8 sec
 - d_sub 300 : OOB 0.3884 : L 17 : T 0.9 sec
 - d_sub 300 : OOB 0.3902 : L 18 : T 0.9 sec
 - d_sub 300 : OOB 0.3878 : L 19 : T 1.0 sec
 - d_sub 300 : OOB 0.3858 : L 20 : T 1.0 sec
 - d_sub 300 : OOB 0.3839 : L 21 : T 1.1 sec
 - d_sub 300 : OOB 0.3830 : L 22 : T 1.1 sec
 - d_sub 300 : OOB 0.3803 : L 23 : T 1.2 sec
 - d_sub 300 : OOB 0.3789 : L 24 : T 1.3 sec
 - d_sub 300 : OOB 0.3803 : L 25 : T 1.3 sec
 - d_sub 300 : OOB 0.3843 : L 26 : T 1.4 sec
 - d_sub 300 : OOB 0.3798 : L 27 : T 1.4 sec
 - d_sub 300 : OOB 0.3781 : L 28 : T 1.5 sec
 - d_sub 300 : OOB 0.3726 : L 29 : T 1.5 sec
 - d_sub 300 : OOB 0.3746 : L 30 : T 1.6 sec
# -------------------------
optimal d_sub 300 : OOB 0.3746 : L 30 : T 1.6 sec
# -------------------------
# Ensemble classification
#  - Training samples: 10000 (5000/5000)
#  - Feature-space dimensionality: 22563
#  - L : 30
#  - d_sub : 300
#  - Seed 1 (subspaces) : 718439501
#  - Seed 2 (bootstrap) : 852592568
# -------------------------

 - d_sub 300 : OOB 0.5020 : L 1 : T 0.1 sec
 - d_sub 300 : OOB 0.4600 : L 2 : T 0.1 sec
 - d_sub 300 : OOB 0.4641 : L 3 : T 0.2 sec
 - d_sub 300 : OOB 0.4401 : L 4 : T 0.2 sec
 - d_sub 300 : OOB 0.4347 : L 5 : T 0.3 sec
 - d_sub 300 : OOB 0.4364 : L 6 : T 0.3 sec
 - d_sub 300 : OOB 0.4255 : L 7 : T 0.4 sec
 - d_sub 300 : OOB 0.4291 : L 8 : T 0.4 sec
 - d_sub 300 : OOB 0.4376 : L 9 : T 0.5 sec
 - d_sub 300 : OOB 0.4374 : L 10 : T 0.5 sec
 - d_sub 300 : OOB 0.4193 : L 11 : T 0.6 sec
 - d_sub 300 : OOB 0.4019 : L 12 : T 0.6 sec
 - d_sub 300 : OOB 0.3992 : L 13 : T 0.7 sec
 - d_sub 300 : OOB 0.3983 : L 14 : T 0.7 sec
 - d_sub 300 : OOB 0.3884 : L 15 : T 0.8 sec
 - d_sub 300 : OOB 0.3870 : L 16 : T 0.9 sec
 - d_sub 300 : OOB 0.3873 : L 17 : T 0.9 sec
 - d_sub 300 : OOB 0.3835 : L 18 : T 1.0 sec
 - d_sub 300 : OOB 0.3816 : L 19 : T 1.0 sec
 - d_sub 300 : OOB 0.3769 : L 20 : T 1.1 sec
 - d_sub 300 : OOB 0.3793 : L 21 : T 1.1 sec
 - d_sub 300 : OOB 0.3771 : L 22 : T 1.2 sec
 - d_sub 300 : OOB 0.3702 : L 23 : T 1.2 sec
 - d_sub 300 : OOB 0.3724 : L 24 : T 1.3 sec
 - d_sub 300 : OOB 0.3705 : L 25 : T 1.3 sec
 - d_sub 300 : OOB 0.3739 : L 26 : T 1.4 sec
 - d_sub 300 : OOB 0.3738 : L 27 : T 1.4 sec
 - d_sub 300 : OOB 0.3723 : L 28 : T 1.5 sec
 - d_sub 300 : OOB 0.3673 : L 29 : T 1.6 sec
 - d_sub 300 : OOB 0.3699 : L 30 : T 1.6 sec
# -------------------------
optimal d_sub 300 : OOB 0.3699 : L 30 : T 1.6 sec
# -------------------------
# Ensemble classification
#  - Training samples: 10000 (5000/5000)
#  - Feature-space dimensionality: 22563
#  - L : 30
#  - d_sub : 300
#  - Seed 1 (subspaces) : 949904162
#  - Seed 2 (bootstrap) : 219230250
# -------------------------

 - d_sub 300 : OOB 0.5020 : L 1 : T 0.0 sec
 - d_sub 300 : OOB 0.4984 : L 2 : T 0.1 sec
 - d_sub 300 : OOB 0.5051 : L 3 : T 0.1 sec
 - d_sub 300 : OOB 0.4659 : L 4 : T 0.2 sec
 - d_sub 300 : OOB 0.4543 : L 5 : T 0.3 sec
 - d_sub 300 : OOB 0.4389 : L 6 : T 0.3 sec
 - d_sub 300 : OOB 0.4390 : L 7 : T 0.4 sec
 - d_sub 300 : OOB 0.4351 : L 8 : T 0.4 sec
 - d_sub 300 : OOB 0.4394 : L 9 : T 0.5 sec
 - d_sub 300 : OOB 0.4355 : L 10 : T 0.5 sec
 - d_sub 300 : OOB 0.4375 : L 11 : T 0.6 sec
 - d_sub 300 : OOB 0.4142 : L 12 : T 0.6 sec
 - d_sub 300 : OOB 0.4195 : L 13 : T 0.7 sec
 - d_sub 300 : OOB 0.4085 : L 14 : T 0.7 sec
 - d_sub 300 : OOB 0.4039 : L 15 : T 0.8 sec
 - d_sub 300 : OOB 0.4056 : L 16 : T 0.8 sec
 - d_sub 300 : OOB 0.4011 : L 17 : T 0.9 sec
 - d_sub 300 : OOB 0.3972 : L 18 : T 0.9 sec
 - d_sub 300 : OOB 0.3971 : L 19 : T 1.0 sec
 - d_sub 300 : OOB 0.3976 : L 20 : T 1.0 sec
 - d_sub 300 : OOB 0.3971 : L 21 : T 1.1 sec
 - d_sub 300 : OOB 0.3977 : L 22 : T 1.1 sec
 - d_sub 300 : OOB 0.3986 : L 23 : T 1.2 sec
 - d_sub 300 : OOB 0.3999 : L 24 : T 1.2 sec
 - d_sub 300 : OOB 0.3984 : L 25 : T 1.3 sec
 - d_sub 300 : OOB 0.3922 : L 26 : T 1.3 sec
 - d_sub 300 : OOB 0.3882 : L 27 : T 1.4 sec
 - d_sub 300 : OOB 0.3913 : L 28 : T 1.4 sec
 - d_sub 300 : OOB 0.3876 : L 29 : T 1.5 sec
 - d_sub 300 : OOB 0.3827 : L 30 : T 1.5 sec
# -------------------------
optimal d_sub 300 : OOB 0.3827 : L 30 : T 1.5 sec
# -------------------------
# Ensemble classification
#  - Training samples: 10000 (5000/5000)
#  - Feature-space dimensionality: 22563
#  - L : 30
#  - d_sub : 300
#  - Seed 1 (subspaces) : 583409218
#  - Seed 2 (bootstrap) : 739548689
# -------------------------

 - d_sub 300 : OOB 0.5020 : L 1 : T 0.1 sec
 - d_sub 300 : OOB 0.4984 : L 2 : T 0.1 sec
 - d_sub 300 : OOB 0.5051 : L 3 : T 0.2 sec
 - d_sub 300 : OOB 0.5068 : L 4 : T 0.2 sec
 - d_sub 300 : OOB 0.4539 : L 5 : T 0.3 sec
 - d_sub 300 : OOB 0.4591 : L 6 : T 0.3 sec
 - d_sub 300 : OOB 0.4583 : L 7 : T 0.4 sec
 - d_sub 300 : OOB 0.4588 : L 8 : T 0.4 sec
 - d_sub 300 : OOB 0.4562 : L 9 : T 0.5 sec
 - d_sub 300 : OOB 0.4363 : L 10 : T 0.5 sec
 - d_sub 300 : OOB 0.4233 : L 11 : T 0.6 sec
 - d_sub 300 : OOB 0.4248 : L 12 : T 0.6 sec
 - d_sub 300 : OOB 0.4207 : L 13 : T 0.7 sec
 - d_sub 300 : OOB 0.4191 : L 14 : T 0.7 sec
 - d_sub 300 : OOB 0.4229 : L 15 : T 0.8 sec
 - d_sub 300 : OOB 0.4188 : L 16 : T 0.8 sec
 - d_sub 300 : OOB 0.4130 : L 17 : T 0.9 sec
 - d_sub 300 : OOB 0.4099 : L 18 : T 1.0 sec
 - d_sub 300 : OOB 0.4085 : L 19 : T 1.0 sec
 - d_sub 300 : OOB 0.4093 : L 20 : T 1.1 sec
 - d_sub 300 : OOB 0.4120 : L 21 : T 1.1 sec
 - d_sub 300 : OOB 0.4150 : L 22 : T 1.1 sec
 - d_sub 300 : OOB 0.4075 : L 23 : T 1.2 sec
 - d_sub 300 : OOB 0.4081 : L 24 : T 1.2 sec
 - d_sub 300 : OOB 0.4101 : L 25 : T 1.3 sec
 - d_sub 300 : OOB 0.4117 : L 26 : T 1.3 sec
 - d_sub 300 : OOB 0.4105 : L 27 : T 1.4 sec
 - d_sub 300 : OOB 0.4111 : L 28 : T 1.5 sec
 - d_sub 300 : OOB 0.4022 : L 29 : T 1.5 sec
 - d_sub 300 : OOB 0.4051 : L 30 : T 1.6 sec
# -------------------------
optimal d_sub 300 : OOB 0.4051 : L 30 : T 1.6 sec
# -------------------------
# Ensemble classification
#  - Training samples: 10000 (5000/5000)
#  - Feature-space dimensionality: 22563
#  - L : 30
#  - d_sub : 300
#  - Seed 1 (subspaces) : 265784390
#  - Seed 2 (bootstrap) : 718227480
# -------------------------

 - d_sub 300 : OOB 0.4551 : L 1 : T 0.1 sec
 - d_sub 300 : OOB 0.4277 : L 2 : T 0.1 sec
 - d_sub 300 : OOB 0.4181 : L 3 : T 0.2 sec
 - d_sub 300 : OOB 0.4183 : L 4 : T 0.2 sec
 - d_sub 300 : OOB 0.4164 : L 5 : T 0.3 sec
 - d_sub 300 : OOB 0.4203 : L 6 : T 0.3 sec
 - d_sub 300 : OOB 0.4086 : L 7 : T 0.4 sec
 - d_sub 300 : OOB 0.4056 : L 8 : T 0.4 sec
 - d_sub 300 : OOB 0.4086 : L 9 : T 0.5 sec
 - d_sub 300 : OOB 0.3985 : L 10 : T 0.5 sec
 - d_sub 300 : OOB 0.3910 : L 11 : T 0.6 sec
 - d_sub 300 : OOB 0.3876 : L 12 : T 0.6 sec
 - d_sub 300 : OOB 0.3817 : L 13 : T 0.7 sec
 - d_sub 300 : OOB 0.3876 : L 14 : T 0.8 sec
 - d_sub 300 : OOB 0.3849 : L 15 : T 0.8 sec
 - d_sub 300 : OOB 0.3871 : L 16 : T 0.9 sec
 - d_sub 300 : OOB 0.3866 : L 17 : T 0.9 sec
 - d_sub 300 : OOB 0.3809 : L 18 : T 1.0 sec
 - d_sub 300 : OOB 0.3856 : L 19 : T 1.0 sec
 - d_sub 300 : OOB 0.3823 : L 20 : T 1.1 sec
 - d_sub 300 : OOB 0.3851 : L 21 : T 1.1 sec
 - d_sub 300 : OOB 0.3824 : L 22 : T 1.2 sec
 - d_sub 300 : OOB 0.3883 : L 23 : T 1.2 sec
 - d_sub 300 : OOB 0.3835 : L 24 : T 1.3 sec
 - d_sub 300 : OOB 0.3838 : L 25 : T 1.3 sec
 - d_sub 300 : OOB 0.3846 : L 26 : T 1.4 sec
 - d_sub 300 : OOB 0.3876 : L 27 : T 1.4 sec
 - d_sub 300 : OOB 0.3837 : L 28 : T 1.5 sec
 - d_sub 300 : OOB 0.3877 : L 29 : T 1.5 sec
 - d_sub 300 : OOB 0.3853 : L 30 : T 1.6 sec
# -------------------------
optimal d_sub 300 : OOB 0.3853 : L 30 : T 1.6 sec
# -------------------------
# Ensemble classification
#  - Training samples: 10000 (5000/5000)
#  - Feature-space dimensionality: 22563
#  - L : 30
#  - d_sub : 300
#  - Seed 1 (subspaces) : 156126526
#  - Seed 2 (bootstrap) : 179463282
# -------------------------

 - d_sub 300 : OOB 0.4577 : L 1 : T 0.1 sec
 - d_sub 300 : OOB 0.4493 : L 2 : T 0.1 sec
 - d_sub 300 : OOB 0.4627 : L 3 : T 0.2 sec
 - d_sub 300 : OOB 0.4665 : L 4 : T 0.2 sec
 - d_sub 300 : OOB 0.4569 : L 5 : T 0.3 sec
 - d_sub 300 : OOB 0.4376 : L 6 : T 0.3 sec
 - d_sub 300 : OOB 0.4169 : L 7 : T 0.4 sec
 - d_sub 300 : OOB 0.4210 : L 8 : T 0.4 sec
 - d_sub 300 : OOB 0.4201 : L 9 : T 0.5 sec
 - d_sub 300 : OOB 0.4035 : L 10 : T 0.5 sec
 - d_sub 300 : OOB 0.3981 : L 11 : T 0.6 sec
 - d_sub 300 : OOB 0.3957 : L 12 : T 0.6 sec
 - d_sub 300 : OOB 0.3923 : L 13 : T 0.7 sec
 - d_sub 300 : OOB 0.3879 : L 14 : T 0.7 sec
 - d_sub 300 : OOB 0.3888 : L 15 : T 0.8 sec
 - d_sub 300 : OOB 0.3836 : L 16 : T 0.8 sec
 - d_sub 300 : OOB 0.3842 : L 17 : T 0.9 sec
 - d_sub 300 : OOB 0.3872 : L 18 : T 1.0 sec
 - d_sub 300 : OOB 0.3832 : L 19 : T 1.0 sec
 - d_sub 300 : OOB 0.3854 : L 20 : T 1.1 sec
 - d_sub 300 : OOB 0.3811 : L 21 : T 1.1 sec
 - d_sub 300 : OOB 0.3860 : L 22 : T 1.2 sec
 - d_sub 300 : OOB 0.3797 : L 23 : T 1.2 sec
 - d_sub 300 : OOB 0.3812 : L 24 : T 1.3 sec
 - d_sub 300 : OOB 0.3803 : L 25 : T 1.3 sec
 - d_sub 300 : OOB 0.3807 : L 26 : T 1.4 sec
 - d_sub 300 : OOB 0.3809 : L 27 : T 1.4 sec
 - d_sub 300 : OOB 0.3755 : L 28 : T 1.5 sec
 - d_sub 300 : OOB 0.3802 : L 29 : T 1.5 sec
 - d_sub 300 : OOB 0.3803 : L 30 : T 1.6 sec
# -------------------------
optimal d_sub 300 : OOB 0.3803 : L 30 : T 1.6 sec
# -------------------------
Average OOB error = 0.38186 (+/- 0.01000)
# -------------------------
# Ensemble classification
#  - Training samples: 10000 (5000/5000)
#  - Feature-space dimensionality: 22563
#  - L : 30
#  - d_sub : 300
#  - Seed 1 (subspaces) : 5
#  - Seed 2 (bootstrap) : 73
# -------------------------

 - d_sub 300 : OOB 0.4580 : L 1 : T 0.1 sec
 - d_sub 300 : OOB 0.4486 : L 2 : T 0.1 sec
 - d_sub 300 : OOB 0.4638 : L 3 : T 0.2 sec
 - d_sub 300 : OOB 0.4639 : L 4 : T 0.2 sec
 - d_sub 300 : OOB 0.4558 : L 5 : T 0.3 sec
 - d_sub 300 : OOB 0.4656 : L 6 : T 0.3 sec
 - d_sub 300 : OOB 0.4343 : L 7 : T 0.4 sec
 - d_sub 300 : OOB 0.4381 : L 8 : T 0.4 sec
 - d_sub 300 : OOB 0.4276 : L 9 : T 0.5 sec
 - d_sub 300 : OOB 0.4234 : L 10 : T 0.5 sec
 - d_sub 300 : OOB 0.4209 : L 11 : T 0.6 sec
 - d_sub 300 : OOB 0.4086 : L 12 : T 0.6 sec
 - d_sub 300 : OOB 0.4081 : L 13 : T 0.7 sec
 - d_sub 300 : OOB 0.3985 : L 14 : T 0.7 sec
 - d_sub 300 : OOB 0.3980 : L 15 : T 0.8 sec
 - d_sub 300 : OOB 0.3912 : L 16 : T 0.9 sec
 - d_sub 300 : OOB 0.3928 : L 17 : T 0.9 sec
 - d_sub 300 : OOB 0.3865 : L 18 : T 1.0 sec
 - d_sub 300 : OOB 0.3853 : L 19 : T 1.0 sec
 - d_sub 300 : OOB 0.3802 : L 20 : T 1.1 sec
 - d_sub 300 : OOB 0.3808 : L 21 : T 1.1 sec
 - d_sub 300 : OOB 0.3832 : L 22 : T 1.2 sec
 - d_sub 300 : OOB 0.3822 : L 23 : T 1.2 sec
 - d_sub 300 : OOB 0.3789 : L 24 : T 1.3 sec
 - d_sub 300 : OOB 0.3809 : L 25 : T 1.3 sec
 - d_sub 300 : OOB 0.3776 : L 26 : T 1.4 sec
 - d_sub 300 : OOB 0.3786 : L 27 : T 1.4 sec
 - d_sub 300 : OOB 0.3728 : L 28 : T 1.5 sec
 - d_sub 300 : OOB 0.3744 : L 29 : T 1.5 sec
 - d_sub 300 : OOB 0.3715 : L 30 : T 1.6 sec
# -------------------------
optimal d_sub 300 : OOB 0.3715 : L 30 : T 1.6 sec
OOB error = 0.3822
optimal d_sub 300 : OOB 0.3789 : L 30 : T 1.6 sec
optimal d_sub 300 : OOB 0.3682 : L 137 : T 7.0 sec
Testing error 1: 0.3711
optimal d_sub 300 : OOB 0.3656 : L 125 : T 6.7 sec
Testing error 2: 0.3618
optimal d_sub 300 : OOB 0.3734 : L 155 : T 8.3 sec
Testing error 3: 0.3652
optimal d_sub 300 : OOB 0.3704 : L 186 : T 9.9 sec
Testing error 4: 0.3647
optimal d_sub 300 : OOB 0.3647 : L 102 : T 5.6 sec
Testing error 5: 0.3632
optimal d_sub 300 : OOB 0.3627 : L 92 : T 5.2 sec
Testing error 6: 0.3623
optimal d_sub 300 : OOB 0.3800 : L 126 : T 6.7 sec
Testing error 7: 0.3644
optimal d_sub 300 : OOB 0.3586 : L 114 : T 6.4 sec
Testing error 8: 0.3595
optimal d_sub 300 : OOB 0.3762 : L 187 : T 10.3 sec
Testing error 9: 0.3641
optimal d_sub 300 : OOB 0.3887 : L 214 : T 12.0 sec
Testing error 10: 0.3659
---
Average testing error over 10 splits: 0.3642 (+/- 0.0031)
