# -------------------------
# Ensemble classification
#  - Training samples: 10000 (5000/5000)
#  - Feature-space dimensionality: 24157
#  - L : automatic (min 25, max 500, length 50, eps 0.00500)
#  - d_sub : automatic (Eoob tolerance 0.0200, step 200)
#  - Seed 1 (subspaces) : 171009705
#  - Seed 2 (bootstrap) : 427883096
# -------------------------

 - d_sub 200 : OOB 0.4423 : L 1 : T 0.0 sec
 - d_sub 200 : OOB 0.4052 : L 2 : T 0.1 sec
 - d_sub 200 : OOB 0.3883 : L 3 : T 0.1 sec
 - d_sub 200 : OOB 0.3685 : L 4 : T 0.1 sec
 - d_sub 200 : OOB 0.3568 : L 5 : T 0.2 sec
 - d_sub 200 : OOB 0.3512 : L 6 : T 0.2 sec
 - d_sub 200 : OOB 0.3396 : L 7 : T 0.2 sec
 - d_sub 200 : OOB 0.3318 : L 8 : T 0.3 sec
 - d_sub 200 : OOB 0.3281 : L 9 : T 0.3 sec
 - d_sub 200 : OOB 0.3248 : L 10 : T 0.3 sec
 - d_sub 200 : OOB 0.3228 : L 11 : T 0.3 sec
 - d_sub 200 : OOB 0.3184 : L 12 : T 0.4 sec
 - d_sub 200 : OOB 0.3200 : L 13 : T 0.4 sec
 - d_sub 200 : OOB 0.3181 : L 14 : T 0.4 sec
 - d_sub 200 : OOB 0.3174 : L 15 : T 0.5 sec
 - d_sub 200 : OOB 0.3134 : L 16 : T 0.5 sec
 - d_sub 200 : OOB 0.3181 : L 17 : T 0.5 sec
 - d_sub 200 : OOB 0.3139 : L 18 : T 0.6 sec
 - d_sub 200 : OOB 0.3156 : L 19 : T 0.6 sec
 - d_sub 200 : OOB 0.3139 : L 20 : T 0.6 sec
 - d_sub 200 : OOB 0.3120 : L 21 : T 0.7 sec
 - d_sub 200 : OOB 0.3096 : L 22 : T 0.7 sec
 - d_sub 200 : OOB 0.3099 : L 23 : T 0.7 sec
 - d_sub 200 : OOB 0.3086 : L 24 : T 0.8 sec
 - d_sub 200 : OOB 0.3076 : L 25 : T 0.8 sec
 - d_sub 200 : OOB 0.3083 : L 26 : T 0.8 sec
 - d_sub 200 : OOB 0.3094 : L 27 : T 0.9 sec
 - d_sub 200 : OOB 0.3077 : L 28 : T 0.9 sec
 - d_sub 200 : OOB 0.3065 : L 29 : T 0.9 sec
 - d_sub 200 : OOB 0.3063 : L 30 : T 1.0 sec
 - d_sub 200 : OOB 0.3068 : L 31 : T 1.0 sec
 - d_sub 200 : OOB 0.3041 : L 32 : T 1.0 sec
 - d_sub 200 : OOB 0.3060 : L 33 : T 1.1 sec
 - d_sub 200 : OOB 0.3056 : L 34 : T 1.1 sec
 - d_sub 200 : OOB 0.3044 : L 35 : T 1.1 sec
 - d_sub 200 : OOB 0.3063 : L 36 : T 1.1 sec
 - d_sub 200 : OOB 0.3074 : L 37 : T 1.2 sec
 - d_sub 200 : OOB 0.3076 : L 38 : T 1.2 sec
 - d_sub 200 : OOB 0.3069 : L 39 : T 1.2 sec
 - d_sub 200 : OOB 0.3067 : L 40 : T 1.3 sec
 - d_sub 200 : OOB 0.3061 : L 41 : T 1.3 sec
 - d_sub 200 : OOB 0.3053 : L 42 : T 1.3 sec
 - d_sub 200 : OOB 0.3044 : L 43 : T 1.4 sec
 - d_sub 200 : OOB 0.3049 : L 44 : T 1.4 sec
 - d_sub 200 : OOB 0.3041 : L 45 : T 1.4 sec
 - d_sub 200 : OOB 0.3034 : L 46 : T 1.4 sec
 - d_sub 200 : OOB 0.3045 : L 47 : T 1.5 sec
 - d_sub 200 : OOB 0.3026 : L 48 : T 1.5 sec
 - d_sub 200 : OOB 0.3046 : L 49 : T 1.5 sec
 - d_sub 200 : OOB 0.3049 : L 50 : T 1.6 sec
 - d_sub 200 : OOB 0.3038 : L 51 : T 1.6 sec
 - d_sub 200 : OOB 0.3042 : L 52 : T 1.6 sec
 - d_sub 200 : OOB 0.3047 : L 53 : T 1.7 sec
 - d_sub 200 : OOB 0.3052 : L 54 : T 1.7 sec
 - d_sub 200 : OOB 0.3050 : L 55 : T 1.7 sec
 - d_sub 200 : OOB 0.3047 : L 56 : T 1.8 sec
 - d_sub 200 : OOB 0.3046 : L 57 : T 1.8 sec
 - d_sub 200 : OOB 0.3024 : L 58 : T 1.8 sec
 - d_sub 200 : OOB 0.3021 : L 59 : T 1.8 sec
 - d_sub 200 : OOB 0.3025 : L 60 : T 1.9 sec
 - d_sub 200 : OOB 0.3047 : L 61 : T 1.9 sec
 - d_sub 200 : OOB 0.3025 : L 62 : T 1.9 sec
 - d_sub 200 : OOB 0.3034 : L 63 : T 2.0 sec
 - d_sub 200 : OOB 0.3032 : L 64 : T 2.0 sec
 - d_sub 200 : OOB 0.3029 : L 65 : T 2.0 sec
 - d_sub 200 : OOB 0.3021 : L 66 : T 2.1 sec
 - d_sub 200 : OOB 0.3037 : L 67 : T 2.1 sec
 - d_sub 200 : OOB 0.3043 : L 68 : T 2.1 sec
 - d_sub 200 : OOB 0.3035 : L 69 : T 2.2 sec
 - d_sub 200 : OOB 0.3032 : L 70 : T 2.2 sec
 - d_sub 200 : OOB 0.3016 : L 71 : T 2.2 sec
 - d_sub 200 : OOB 0.3029 : L 72 : T 2.2 sec
 - d_sub 200 : OOB 0.3030 : L 73 : T 2.3 sec
 - d_sub 200 : OOB 0.3020 : L 74 : T 2.3 sec
 - d_sub 200 : OOB 0.3041 : L 75 : T 2.3 sec
 - d_sub 200 : OOB 0.3023 : L 76 : T 2.4 sec

 - d_sub 400 : OOB 0.4347 : L 1 : T 0.1 sec
 - d_sub 400 : OOB 0.3867 : L 2 : T 0.1 sec
 - d_sub 400 : OOB 0.3666 : L 3 : T 0.2 sec
 - d_sub 400 : OOB 0.3462 : L 4 : T 0.3 sec
 - d_sub 400 : OOB 0.3323 : L 5 : T 0.3 sec
 - d_sub 400 : OOB 0.3290 : L 6 : T 0.4 sec
 - d_sub 400 : OOB 0.3154 : L 7 : T 0.5 sec
 - d_sub 400 : OOB 0.3133 : L 8 : T 0.5 sec
 - d_sub 400 : OOB 0.3010 : L 9 : T 0.6 sec
 - d_sub 400 : OOB 0.2978 : L 10 : T 0.7 sec
 - d_sub 400 : OOB 0.2975 : L 11 : T 0.7 sec
 - d_sub 400 : OOB 0.2956 : L 12 : T 0.8 sec
 - d_sub 400 : OOB 0.2925 : L 13 : T 0.8 sec
 - d_sub 400 : OOB 0.2905 : L 14 : T 0.9 sec
 - d_sub 400 : OOB 0.2932 : L 15 : T 1.0 sec
 - d_sub 400 : OOB 0.2869 : L 16 : T 1.0 sec
 - d_sub 400 : OOB 0.2864 : L 17 : T 1.1 sec
 - d_sub 400 : OOB 0.2882 : L 18 : T 1.1 sec
 - d_sub 400 : OOB 0.2876 : L 19 : T 1.2 sec
 - d_sub 400 : OOB 0.2878 : L 20 : T 1.3 sec
 - d_sub 400 : OOB 0.2871 : L 21 : T 1.3 sec
 - d_sub 400 : OOB 0.2831 : L 22 : T 1.4 sec
 - d_sub 400 : OOB 0.2823 : L 23 : T 1.5 sec
 - d_sub 400 : OOB 0.2840 : L 24 : T 1.5 sec
 - d_sub 400 : OOB 0.2837 : L 25 : T 1.6 sec
 - d_sub 400 : OOB 0.2835 : L 26 : T 1.7 sec
 - d_sub 400 : OOB 0.2815 : L 27 : T 1.7 sec
 - d_sub 400 : OOB 0.2839 : L 28 : T 1.8 sec
 - d_sub 400 : OOB 0.2820 : L 29 : T 1.9 sec
 - d_sub 400 : OOB 0.2825 : L 30 : T 1.9 sec
 - d_sub 400 : OOB 0.2827 : L 31 : T 2.0 sec
 - d_sub 400 : OOB 0.2820 : L 32 : T 2.0 sec
 - d_sub 400 : OOB 0.2832 : L 33 : T 2.1 sec
 - d_sub 400 : OOB 0.2819 : L 34 : T 2.2 sec
 - d_sub 400 : OOB 0.2813 : L 35 : T 2.2 sec
 - d_sub 400 : OOB 0.2823 : L 36 : T 2.3 sec
 - d_sub 400 : OOB 0.2829 : L 37 : T 2.3 sec
 - d_sub 400 : OOB 0.2802 : L 38 : T 2.4 sec
 - d_sub 400 : OOB 0.2808 : L 39 : T 2.5 sec
 - d_sub 400 : OOB 0.2802 : L 40 : T 2.5 sec
 - d_sub 400 : OOB 0.2807 : L 41 : T 2.6 sec
 - d_sub 400 : OOB 0.2793 : L 42 : T 2.6 sec
 - d_sub 400 : OOB 0.2788 : L 43 : T 2.7 sec
 - d_sub 400 : OOB 0.2796 : L 44 : T 2.8 sec
 - d_sub 400 : OOB 0.2793 : L 45 : T 2.8 sec
 - d_sub 400 : OOB 0.2778 : L 46 : T 2.9 sec
 - d_sub 400 : OOB 0.2781 : L 47 : T 2.9 sec
 - d_sub 400 : OOB 0.2790 : L 48 : T 3.0 sec
 - d_sub 400 : OOB 0.2769 : L 49 : T 3.1 sec
 - d_sub 400 : OOB 0.2782 : L 50 : T 3.1 sec
 - d_sub 400 : OOB 0.2774 : L 51 : T 3.2 sec
 - d_sub 400 : OOB 0.2769 : L 52 : T 3.3 sec
 - d_sub 400 : OOB 0.2771 : L 53 : T 3.3 sec
 - d_sub 400 : OOB 0.2756 : L 54 : T 3.4 sec
 - d_sub 400 : OOB 0.2756 : L 55 : T 3.4 sec
 - d_sub 400 : OOB 0.2761 : L 56 : T 3.5 sec
 - d_sub 400 : OOB 0.2771 : L 57 : T 3.6 sec
 - d_sub 400 : OOB 0.2784 : L 58 : T 3.6 sec
 - d_sub 400 : OOB 0.2757 : L 59 : T 3.7 sec
 - d_sub 400 : OOB 0.2777 : L 60 : T 3.7 sec
 - d_sub 400 : OOB 0.2767 : L 61 : T 3.8 sec
 - d_sub 400 : OOB 0.2770 : L 62 : T 3.9 sec
 - d_sub 400 : OOB 0.2789 : L 63 : T 3.9 sec
 - d_sub 400 : OOB 0.2794 : L 64 : T 4.0 sec
 - d_sub 400 : OOB 0.2780 : L 65 : T 4.1 sec
 - d_sub 400 : OOB 0.2780 : L 66 : T 4.1 sec
 - d_sub 400 : OOB 0.2778 : L 67 : T 4.2 sec
 - d_sub 400 : OOB 0.2773 : L 68 : T 4.3 sec
 - d_sub 400 : OOB 0.2770 : L 69 : T 4.3 sec
 - d_sub 400 : OOB 0.2781 : L 70 : T 4.4 sec
 - d_sub 400 : OOB 0.2789 : L 71 : T 4.4 sec
 - d_sub 400 : OOB 0.2783 : L 72 : T 4.5 sec
 - d_sub 400 : OOB 0.2767 : L 73 : T 4.6 sec
 - d_sub 400 : OOB 0.2764 : L 74 : T 4.6 sec
 - d_sub 400 : OOB 0.2781 : L 75 : T 4.7 sec
 - d_sub 400 : OOB 0.2775 : L 76 : T 4.8 sec
 - d_sub 400 : OOB 0.2773 : L 77 : T 4.8 sec
 - d_sub 400 : OOB 0.2770 : L 78 : T 4.9 sec
 - d_sub 400 : OOB 0.2782 : L 79 : T 4.9 sec
 - d_sub 400 : OOB 0.2776 : L 80 : T 5.0 sec
 - d_sub 400 : OOB 0.2784 : L 81 : T 5.1 sec
 - d_sub 400 : OOB 0.2783 : L 82 : T 5.1 sec
 - d_sub 400 : OOB 0.2775 : L 83 : T 5.2 sec
 - d_sub 400 : OOB 0.2780 : L 84 : T 5.2 sec
 - d_sub 400 : OOB 0.2787 : L 85 : T 5.3 sec
 - d_sub 400 : OOB 0.2772 : L 86 : T 5.4 sec

 - d_sub 600 : OOB 0.4249 : L 1 : T 0.1 sec
 - d_sub 600 : OOB 0.3771 : L 2 : T 0.2 sec
 - d_sub 600 : OOB 0.3524 : L 3 : T 0.3 sec
 - d_sub 600 : OOB 0.3297 : L 4 : T 0.4 sec
 - d_sub 600 : OOB 0.3145 : L 5 : T 0.5 sec
 - d_sub 600 : OOB 0.3052 : L 6 : T 0.6 sec
 - d_sub 600 : OOB 0.2938 : L 7 : T 0.7 sec
 - d_sub 600 : OOB 0.2925 : L 8 : T 0.8 sec
 - d_sub 600 : OOB 0.2868 : L 9 : T 0.9 sec
 - d_sub 600 : OOB 0.2819 : L 10 : T 1.0 sec
 - d_sub 600 : OOB 0.2764 : L 11 : T 1.1 sec
 - d_sub 600 : OOB 0.2746 : L 12 : T 1.2 sec
 - d_sub 600 : OOB 0.2742 : L 13 : T 1.4 sec
 - d_sub 600 : OOB 0.2734 : L 14 : T 1.5 sec
 - d_sub 600 : OOB 0.2756 : L 15 : T 1.6 sec
 - d_sub 600 : OOB 0.2749 : L 16 : T 1.7 sec
 - d_sub 600 : OOB 0.2712 : L 17 : T 1.8 sec
 - d_sub 600 : OOB 0.2694 : L 18 : T 1.9 sec
 - d_sub 600 : OOB 0.2708 : L 19 : T 2.0 sec
 - d_sub 600 : OOB 0.2708 : L 20 : T 2.1 sec
 - d_sub 600 : OOB 0.2717 : L 21 : T 2.2 sec
 - d_sub 600 : OOB 0.2725 : L 22 : T 2.3 sec
 - d_sub 600 : OOB 0.2703 : L 23 : T 2.4 sec
 - d_sub 600 : OOB 0.2700 : L 24 : T 2.5 sec
 - d_sub 600 : OOB 0.2697 : L 25 : T 2.6 sec
 - d_sub 600 : OOB 0.2700 : L 26 : T 2.7 sec
 - d_sub 600 : OOB 0.2699 : L 27 : T 2.8 sec
 - d_sub 600 : OOB 0.2710 : L 28 : T 2.9 sec
 - d_sub 600 : OOB 0.2716 : L 29 : T 3.0 sec
 - d_sub 600 : OOB 0.2725 : L 30 : T 3.1 sec
 - d_sub 600 : OOB 0.2715 : L 31 : T 3.3 sec
 - d_sub 600 : OOB 0.2725 : L 32 : T 3.4 sec
 - d_sub 600 : OOB 0.2681 : L 33 : T 3.5 sec
 - d_sub 600 : OOB 0.2698 : L 34 : T 3.6 sec
 - d_sub 600 : OOB 0.2696 : L 35 : T 3.7 sec
 - d_sub 600 : OOB 0.2685 : L 36 : T 3.8 sec
 - d_sub 600 : OOB 0.2686 : L 37 : T 3.9 sec
 - d_sub 600 : OOB 0.2668 : L 38 : T 4.0 sec
 - d_sub 600 : OOB 0.2678 : L 39 : T 4.1 sec
 - d_sub 600 : OOB 0.2660 : L 40 : T 4.2 sec
 - d_sub 600 : OOB 0.2675 : L 41 : T 4.3 sec
 - d_sub 600 : OOB 0.2669 : L 42 : T 4.4 sec
 - d_sub 600 : OOB 0.2667 : L 43 : T 4.5 sec
 - d_sub 600 : OOB 0.2673 : L 44 : T 4.6 sec
 - d_sub 600 : OOB 0.2669 : L 45 : T 4.7 sec
 - d_sub 600 : OOB 0.2658 : L 46 : T 4.8 sec
 - d_sub 600 : OOB 0.2659 : L 47 : T 4.9 sec
 - d_sub 600 : OOB 0.2679 : L 48 : T 5.0 sec
 - d_sub 600 : OOB 0.2656 : L 49 : T 5.1 sec
 - d_sub 600 : OOB 0.2655 : L 50 : T 5.2 sec
 - d_sub 600 : OOB 0.2654 : L 51 : T 5.3 sec
 - d_sub 600 : OOB 0.2660 : L 52 : T 5.4 sec
 - d_sub 600 : OOB 0.2665 : L 53 : T 5.5 sec
 - d_sub 600 : OOB 0.2655 : L 54 : T 5.6 sec
 - d_sub 600 : OOB 0.2664 : L 55 : T 5.7 sec
 - d_sub 600 : OOB 0.2656 : L 56 : T 5.8 sec
 - d_sub 600 : OOB 0.2658 : L 57 : T 5.9 sec
 - d_sub 600 : OOB 0.2654 : L 58 : T 6.0 sec
 - d_sub 600 : OOB 0.2659 : L 59 : T 6.1 sec
 - d_sub 600 : OOB 0.2660 : L 60 : T 6.2 sec
 - d_sub 600 : OOB 0.2665 : L 61 : T 6.3 sec
 - d_sub 600 : OOB 0.2652 : L 62 : T 6.4 sec
 - d_sub 600 : OOB 0.2672 : L 63 : T 6.5 sec
 - d_sub 600 : OOB 0.2655 : L 64 : T 6.6 sec
 - d_sub 600 : OOB 0.2659 : L 65 : T 6.7 sec
 - d_sub 600 : OOB 0.2649 : L 66 : T 6.8 sec
 - d_sub 600 : OOB 0.2656 : L 67 : T 6.9 sec
 - d_sub 600 : OOB 0.2656 : L 68 : T 7.0 sec
 - d_sub 600 : OOB 0.2647 : L 69 : T 7.1 sec
 - d_sub 600 : OOB 0.2649 : L 70 : T 7.2 sec
 - d_sub 600 : OOB 0.2656 : L 71 : T 7.3 sec
 - d_sub 600 : OOB 0.2667 : L 72 : T 7.4 sec
 - d_sub 600 : OOB 0.2656 : L 73 : T 7.5 sec
 - d_sub 600 : OOB 0.2647 : L 74 : T 7.6 sec
 - d_sub 600 : OOB 0.2667 : L 75 : T 7.7 sec
 - d_sub 600 : OOB 0.2657 : L 76 : T 7.8 sec
 - d_sub 600 : OOB 0.2646 : L 77 : T 7.9 sec
 - d_sub 600 : OOB 0.2639 : L 78 : T 8.0 sec
 - d_sub 600 : OOB 0.2640 : L 79 : T 8.1 sec
 - d_sub 600 : OOB 0.2634 : L 80 : T 8.2 sec
 - d_sub 600 : OOB 0.2631 : L 81 : T 8.3 sec
 - d_sub 600 : OOB 0.2629 : L 82 : T 8.4 sec
 - d_sub 600 : OOB 0.2635 : L 83 : T 8.5 sec
 - d_sub 600 : OOB 0.2614 : L 84 : T 8.6 sec
 - d_sub 600 : OOB 0.2607 : L 85 : T 8.7 sec
 - d_sub 600 : OOB 0.2613 : L 86 : T 8.8 sec
 - d_sub 600 : OOB 0.2613 : L 87 : T 8.9 sec
 - d_sub 600 : OOB 0.2618 : L 88 : T 9.0 sec
 - d_sub 600 : OOB 0.2626 : L 89 : T 9.1 sec
 - d_sub 600 : OOB 0.2625 : L 90 : T 9.2 sec
 - d_sub 600 : OOB 0.2631 : L 91 : T 9.3 sec
 - d_sub 600 : OOB 0.2625 : L 92 : T 9.4 sec
 - d_sub 600 : OOB 0.2619 : L 93 : T 9.6 sec
 - d_sub 600 : OOB 0.2629 : L 94 : T 9.7 sec
 - d_sub 600 : OOB 0.2641 : L 95 : T 9.8 sec

 - d_sub 800 : OOB 0.4254 : L 1 : T 0.2 sec
 - d_sub 800 : OOB 0.3732 : L 2 : T 0.3 sec
 - d_sub 800 : OOB 0.3491 : L 3 : T 0.5 sec
 - d_sub 800 : OOB 0.3286 : L 4 : T 0.6 sec
 - d_sub 800 : OOB 0.3145 : L 5 : T 0.8 sec
 - d_sub 800 : OOB 0.3106 : L 6 : T 1.0 sec
 - d_sub 800 : OOB 0.2958 : L 7 : T 1.1 sec
 - d_sub 800 : OOB 0.2945 : L 8 : T 1.3 sec
 - d_sub 800 : OOB 0.2858 : L 9 : T 1.4 sec
 - d_sub 800 : OOB 0.2852 : L 10 : T 1.6 sec
 - d_sub 800 : OOB 0.2834 : L 11 : T 1.8 sec
 - d_sub 800 : OOB 0.2817 : L 12 : T 1.9 sec
 - d_sub 800 : OOB 0.2791 : L 13 : T 2.1 sec
 - d_sub 800 : OOB 0.2790 : L 14 : T 2.2 sec
 - d_sub 800 : OOB 0.2784 : L 15 : T 2.4 sec
 - d_sub 800 : OOB 0.2755 : L 16 : T 2.5 sec
 - d_sub 800 : OOB 0.2745 : L 17 : T 2.7 sec
 - d_sub 800 : OOB 0.2749 : L 18 : T 2.9 sec
 - d_sub 800 : OOB 0.2747 : L 19 : T 3.1 sec
 - d_sub 800 : OOB 0.2722 : L 20 : T 3.2 sec
 - d_sub 800 : OOB 0.2690 : L 21 : T 3.4 sec
 - d_sub 800 : OOB 0.2686 : L 22 : T 3.6 sec
 - d_sub 800 : OOB 0.2701 : L 23 : T 3.8 sec
 - d_sub 800 : OOB 0.2677 : L 24 : T 3.9 sec
 - d_sub 800 : OOB 0.2661 : L 25 : T 4.1 sec
 - d_sub 800 : OOB 0.2679 : L 26 : T 4.2 sec
 - d_sub 800 : OOB 0.2668 : L 27 : T 4.4 sec
 - d_sub 800 : OOB 0.2667 : L 28 : T 4.5 sec
 - d_sub 800 : OOB 0.2665 : L 29 : T 4.7 sec
 - d_sub 800 : OOB 0.2663 : L 30 : T 4.9 sec
 - d_sub 800 : OOB 0.2652 : L 31 : T 5.0 sec
 - d_sub 800 : OOB 0.2653 : L 32 : T 5.2 sec
 - d_sub 800 : OOB 0.2662 : L 33 : T 5.4 sec
 - d_sub 800 : OOB 0.2644 : L 34 : T 5.5 sec
 - d_sub 800 : OOB 0.2632 : L 35 : T 5.7 sec
 - d_sub 800 : OOB 0.2654 : L 36 : T 5.9 sec
 - d_sub 800 : OOB 0.2651 : L 37 : T 6.1 sec
 - d_sub 800 : OOB 0.2626 : L 38 : T 6.2 sec
 - d_sub 800 : OOB 0.2633 : L 39 : T 6.4 sec
 - d_sub 800 : OOB 0.2632 : L 40 : T 6.5 sec
 - d_sub 800 : OOB 0.2633 : L 41 : T 6.7 sec
 - d_sub 800 : OOB 0.2624 : L 42 : T 6.8 sec
 - d_sub 800 : OOB 0.2625 : L 43 : T 7.0 sec
 - d_sub 800 : OOB 0.2624 : L 44 : T 7.2 sec
 - d_sub 800 : OOB 0.2626 : L 45 : T 7.3 sec
 - d_sub 800 : OOB 0.2621 : L 46 : T 7.5 sec
 - d_sub 800 : OOB 0.2623 : L 47 : T 7.7 sec
 - d_sub 800 : OOB 0.2635 : L 48 : T 7.8 sec
 - d_sub 800 : OOB 0.2630 : L 49 : T 8.0 sec
 - d_sub 800 : OOB 0.2634 : L 50 : T 8.1 sec
 - d_sub 800 : OOB 0.2624 : L 51 : T 8.3 sec
 - d_sub 800 : OOB 0.2613 : L 52 : T 8.4 sec
 - d_sub 800 : OOB 0.2626 : L 53 : T 8.6 sec
 - d_sub 800 : OOB 0.2620 : L 54 : T 8.8 sec
 - d_sub 800 : OOB 0.2617 : L 55 : T 8.9 sec
 - d_sub 800 : OOB 0.2611 : L 56 : T 9.0 sec
 - d_sub 800 : OOB 0.2626 : L 57 : T 9.2 sec
 - d_sub 800 : OOB 0.2625 : L 58 : T 9.4 sec
 - d_sub 800 : OOB 0.2609 : L 59 : T 9.5 sec
 - d_sub 800 : OOB 0.2620 : L 60 : T 9.7 sec
 - d_sub 800 : OOB 0.2627 : L 61 : T 9.8 sec
 - d_sub 800 : OOB 0.2617 : L 62 : T 10.0 sec
 - d_sub 800 : OOB 0.2636 : L 63 : T 10.2 sec
 - d_sub 800 : OOB 0.2615 : L 64 : T 10.3 sec
 - d_sub 800 : OOB 0.2623 : L 65 : T 10.5 sec
 - d_sub 800 : OOB 0.2601 : L 66 : T 10.6 sec
 - d_sub 800 : OOB 0.2610 : L 67 : T 10.8 sec
 - d_sub 800 : OOB 0.2614 : L 68 : T 11.0 sec
 - d_sub 800 : OOB 0.2610 : L 69 : T 11.1 sec
 - d_sub 800 : OOB 0.2608 : L 70 : T 11.3 sec
 - d_sub 800 : OOB 0.2614 : L 71 : T 11.4 sec
 - d_sub 800 : OOB 0.2621 : L 72 : T 11.6 sec
 - d_sub 800 : OOB 0.2640 : L 73 : T 11.7 sec
 - d_sub 800 : OOB 0.2639 : L 74 : T 11.9 sec
 - d_sub 800 : OOB 0.2620 : L 75 : T 12.0 sec
 - d_sub 800 : OOB 0.2637 : L 76 : T 12.2 sec
 - d_sub 800 : OOB 0.2614 : L 77 : T 12.4 sec
 - d_sub 800 : OOB 0.2611 : L 78 : T 12.5 sec
 - d_sub 800 : OOB 0.2627 : L 79 : T 12.7 sec

 - d_sub 1000 : OOB 0.4265 : L 1 : T 1.7 sec
 - d_sub 1000 : OOB 0.3766 : L 2 : T 2.2 sec
 - d_sub 1000 : OOB 0.3511 : L 3 : T 2.6 sec
 - d_sub 1000 : OOB 0.3268 : L 4 : T 3.0 sec
 - d_sub 1000 : OOB 0.3139 : L 5 : T 3.4 sec
 - d_sub 1000 : OOB 0.3075 : L 6 : T 3.7 sec
 - d_sub 1000 : OOB 0.2976 : L 7 : T 4.1 sec
 - d_sub 1000 : OOB 0.2989 : L 8 : T 4.5 sec
 - d_sub 1000 : OOB 0.2965 : L 9 : T 4.9 sec
 - d_sub 1000 : OOB 0.2897 : L 10 : T 5.4 sec
 - d_sub 1000 : OOB 0.2849 : L 11 : T 5.9 sec
 - d_sub 1000 : OOB 0.2826 : L 12 : T 6.1 sec
 - d_sub 1000 : OOB 0.2759 : L 13 : T 6.5 sec
 - d_sub 1000 : OOB 0.2764 : L 14 : T 6.7 sec
 - d_sub 1000 : OOB 0.2748 : L 15 : T 7.1 sec
 - d_sub 1000 : OOB 0.2724 : L 16 : T 7.3 sec
 - d_sub 1000 : OOB 0.2700 : L 17 : T 7.7 sec
 - d_sub 1000 : OOB 0.2727 : L 18 : T 7.9 sec
 - d_sub 1000 : OOB 0.2710 : L 19 : T 8.1 sec
 - d_sub 1000 : OOB 0.2699 : L 20 : T 8.4 sec
 - d_sub 1000 : OOB 0.2714 : L 21 : T 8.9 sec
 - d_sub 1000 : OOB 0.2688 : L 22 : T 9.1 sec
 - d_sub 1000 : OOB 0.2680 : L 23 : T 9.3 sec
 - d_sub 1000 : OOB 0.2696 : L 24 : T 9.5 sec
 - d_sub 1000 : OOB 0.2683 : L 25 : T 9.8 sec
 - d_sub 1000 : OOB 0.2693 : L 26 : T 10.0 sec
 - d_sub 1000 : OOB 0.2680 : L 27 : T 10.4 sec
 - d_sub 1000 : OOB 0.2652 : L 28 : T 10.8 sec
 - d_sub 1000 : OOB 0.2666 : L 29 : T 11.1 sec
 - d_sub 1000 : OOB 0.2657 : L 30 : T 11.4 sec
 - d_sub 1000 : OOB 0.2657 : L 31 : T 11.7 sec
 - d_sub 1000 : OOB 0.2647 : L 32 : T 11.9 sec
 - d_sub 1000 : OOB 0.2632 : L 33 : T 12.2 sec
 - d_sub 1000 : OOB 0.2637 : L 34 : T 12.6 sec
 - d_sub 1000 : OOB 0.2618 : L 35 : T 12.8 sec
 - d_sub 1000 : OOB 0.2616 : L 36 : T 13.0 sec
 - d_sub 1000 : OOB 0.2615 : L 37 : T 13.2 sec
 - d_sub 1000 : OOB 0.2609 : L 38 : T 13.5 sec
 - d_sub 1000 : OOB 0.2599 : L 39 : T 13.7 sec
 - d_sub 1000 : OOB 0.2588 : L 40 : T 14.0 sec
 - d_sub 1000 : OOB 0.2588 : L 41 : T 14.4 sec
 - d_sub 1000 : OOB 0.2588 : L 42 : T 14.8 sec
 - d_sub 1000 : OOB 0.2589 : L 43 : T 15.0 sec
 - d_sub 1000 : OOB 0.2606 : L 44 : T 15.4 sec
 - d_sub 1000 : OOB 0.2602 : L 45 : T 15.6 sec
 - d_sub 1000 : OOB 0.2600 : L 46 : T 15.9 sec
 - d_sub 1000 : OOB 0.2602 : L 47 : T 16.3 sec
 - d_sub 1000 : OOB 0.2598 : L 48 : T 16.6 sec
 - d_sub 1000 : OOB 0.2591 : L 49 : T 16.9 sec
 - d_sub 1000 : OOB 0.2576 : L 50 : T 17.3 sec
 - d_sub 1000 : OOB 0.2594 : L 51 : T 17.7 sec
 - d_sub 1000 : OOB 0.2587 : L 52 : T 18.0 sec
 - d_sub 1000 : OOB 0.2600 : L 53 : T 18.4 sec
 - d_sub 1000 : OOB 0.2577 : L 54 : T 18.8 sec
 - d_sub 1000 : OOB 0.2583 : L 55 : T 19.1 sec
 - d_sub 1000 : OOB 0.2580 : L 56 : T 19.4 sec
 - d_sub 1000 : OOB 0.2566 : L 57 : T 19.7 sec
 - d_sub 1000 : OOB 0.2566 : L 58 : T 20.1 sec
 - d_sub 1000 : OOB 0.2551 : L 59 : T 20.4 sec
 - d_sub 1000 : OOB 0.2564 : L 60 : T 20.8 sec
 - d_sub 1000 : OOB 0.2570 : L 61 : T 21.0 sec
 - d_sub 1000 : OOB 0.2572 : L 62 : T 21.2 sec
 - d_sub 1000 : OOB 0.2566 : L 63 : T 21.6 sec
 - d_sub 1000 : OOB 0.2567 : L 64 : T 21.9 sec
 - d_sub 1000 : OOB 0.2574 : L 65 : T 22.2 sec
 - d_sub 1000 : OOB 0.2570 : L 66 : T 22.5 sec
 - d_sub 1000 : OOB 0.2560 : L 67 : T 22.8 sec
 - d_sub 1000 : OOB 0.2554 : L 68 : T 23.0 sec
 - d_sub 1000 : OOB 0.2573 : L 69 : T 23.2 sec
 - d_sub 1000 : OOB 0.2559 : L 70 : T 23.6 sec
 - d_sub 1000 : OOB 0.2570 : L 71 : T 23.9 sec
 - d_sub 1000 : OOB 0.2559 : L 72 : T 24.1 sec
 - d_sub 1000 : OOB 0.2566 : L 73 : T 24.4 sec
 - d_sub 1000 : OOB 0.2563 : L 74 : T 24.7 sec
 - d_sub 1000 : OOB 0.2568 : L 75 : T 24.9 sec
 - d_sub 1000 : OOB 0.2573 : L 76 : T 25.2 sec
 - d_sub 1000 : OOB 0.2574 : L 77 : T 25.5 sec
 - d_sub 1000 : OOB 0.2561 : L 78 : T 25.7 sec
 - d_sub 1000 : OOB 0.2557 : L 79 : T 26.0 sec
 - d_sub 1000 : OOB 0.2568 : L 80 : T 26.2 sec
 - d_sub 1000 : OOB 0.2563 : L 81 : T 26.4 sec
 - d_sub 1000 : OOB 0.2567 : L 82 : T 26.7 sec
 - d_sub 1000 : OOB 0.2560 : L 83 : T 26.9 sec
 - d_sub 1000 : OOB 0.2573 : L 84 : T 27.1 sec

 - d_sub 1200 : OOB 0.4245 : L 1 : T 0.3 sec
 - d_sub 1200 : OOB 0.3763 : L 2 : T 0.6 sec
 - d_sub 1200 : OOB 0.3511 : L 3 : T 0.9 sec
 - d_sub 1200 : OOB 0.3313 : L 4 : T 1.2 sec
 - d_sub 1200 : OOB 0.3174 : L 5 : T 1.5 sec
 - d_sub 1200 : OOB 0.3117 : L 6 : T 1.8 sec
 - d_sub 1200 : OOB 0.2968 : L 7 : T 2.1 sec
 - d_sub 1200 : OOB 0.2944 : L 8 : T 2.6 sec
 - d_sub 1200 : OOB 0.2847 : L 9 : T 3.1 sec
 - d_sub 1200 : OOB 0.2820 : L 10 : T 3.4 sec
 - d_sub 1200 : OOB 0.2821 : L 11 : T 3.8 sec
 - d_sub 1200 : OOB 0.2792 : L 12 : T 4.2 sec
 - d_sub 1200 : OOB 0.2743 : L 13 : T 4.5 sec
 - d_sub 1200 : OOB 0.2728 : L 14 : T 5.3 sec
 - d_sub 1200 : OOB 0.2710 : L 15 : T 5.6 sec
 - d_sub 1200 : OOB 0.2683 : L 16 : T 6.0 sec
 - d_sub 1200 : OOB 0.2670 : L 17 : T 6.3 sec
 - d_sub 1200 : OOB 0.2668 : L 18 : T 6.8 sec
 - d_sub 1200 : OOB 0.2643 : L 19 : T 7.1 sec
 - d_sub 1200 : OOB 0.2635 : L 20 : T 7.4 sec
 - d_sub 1200 : OOB 0.2616 : L 21 : T 7.7 sec
 - d_sub 1200 : OOB 0.2597 : L 22 : T 8.0 sec
 - d_sub 1200 : OOB 0.2604 : L 23 : T 8.3 sec
 - d_sub 1200 : OOB 0.2608 : L 24 : T 8.6 sec
 - d_sub 1200 : OOB 0.2602 : L 25 : T 8.9 sec
 - d_sub 1200 : OOB 0.2629 : L 26 : T 9.2 sec
 - d_sub 1200 : OOB 0.2606 : L 27 : T 9.5 sec
 - d_sub 1200 : OOB 0.2604 : L 28 : T 9.8 sec
 - d_sub 1200 : OOB 0.2615 : L 29 : T 10.1 sec
 - d_sub 1200 : OOB 0.2602 : L 30 : T 10.4 sec
 - d_sub 1200 : OOB 0.2590 : L 31 : T 10.7 sec
 - d_sub 1200 : OOB 0.2580 : L 32 : T 11.6 sec
 - d_sub 1200 : OOB 0.2586 : L 33 : T 11.9 sec
 - d_sub 1200 : OOB 0.2588 : L 34 : T 12.2 sec
 - d_sub 1200 : OOB 0.2583 : L 35 : T 12.6 sec
 - d_sub 1200 : OOB 0.2595 : L 36 : T 13.0 sec
 - d_sub 1200 : OOB 0.2590 : L 37 : T 13.3 sec
 - d_sub 1200 : OOB 0.2603 : L 38 : T 13.7 sec
 - d_sub 1200 : OOB 0.2608 : L 39 : T 14.1 sec
 - d_sub 1200 : OOB 0.2610 : L 40 : T 14.4 sec
 - d_sub 1200 : OOB 0.2591 : L 41 : T 14.7 sec
 - d_sub 1200 : OOB 0.2588 : L 42 : T 15.2 sec
 - d_sub 1200 : OOB 0.2578 : L 43 : T 15.6 sec
 - d_sub 1200 : OOB 0.2570 : L 44 : T 15.9 sec
 - d_sub 1200 : OOB 0.2567 : L 45 : T 16.2 sec
 - d_sub 1200 : OOB 0.2561 : L 46 : T 16.7 sec
 - d_sub 1200 : OOB 0.2570 : L 47 : T 17.0 sec
 - d_sub 1200 : OOB 0.2572 : L 48 : T 17.5 sec
 - d_sub 1200 : OOB 0.2583 : L 49 : T 17.7 sec
 - d_sub 1200 : OOB 0.2556 : L 50 : T 18.0 sec
 - d_sub 1200 : OOB 0.2552 : L 51 : T 18.3 sec
 - d_sub 1200 : OOB 0.2556 : L 52 : T 18.7 sec
 - d_sub 1200 : OOB 0.2538 : L 53 : T 19.1 sec
 - d_sub 1200 : OOB 0.2538 : L 54 : T 19.4 sec
 - d_sub 1200 : OOB 0.2549 : L 55 : T 19.7 sec
 - d_sub 1200 : OOB 0.2537 : L 56 : T 20.0 sec
 - d_sub 1200 : OOB 0.2540 : L 57 : T 20.3 sec
 - d_sub 1200 : OOB 0.2528 : L 58 : T 20.5 sec
 - d_sub 1200 : OOB 0.2525 : L 59 : T 20.9 sec
 - d_sub 1200 : OOB 0.2538 : L 60 : T 21.6 sec
 - d_sub 1200 : OOB 0.2545 : L 61 : T 21.9 sec
 - d_sub 1200 : OOB 0.2520 : L 62 : T 22.5 sec
 - d_sub 1200 : OOB 0.2515 : L 63 : T 23.0 sec
 - d_sub 1200 : OOB 0.2516 : L 64 : T 23.4 sec
 - d_sub 1200 : OOB 0.2522 : L 65 : T 23.7 sec
 - d_sub 1200 : OOB 0.2518 : L 66 : T 24.0 sec
 - d_sub 1200 : OOB 0.2519 : L 67 : T 24.4 sec
 - d_sub 1200 : OOB 0.2523 : L 68 : T 24.7 sec
 - d_sub 1200 : OOB 0.2519 : L 69 : T 25.0 sec
 - d_sub 1200 : OOB 0.2507 : L 70 : T 25.5 sec
 - d_sub 1200 : OOB 0.2507 : L 71 : T 26.0 sec
 - d_sub 1200 : OOB 0.2503 : L 72 : T 26.3 sec
 - d_sub 1200 : OOB 0.2518 : L 73 : T 26.6 sec
 - d_sub 1200 : OOB 0.2501 : L 74 : T 26.9 sec
 - d_sub 1200 : OOB 0.2504 : L 75 : T 27.2 sec
 - d_sub 1200 : OOB 0.2507 : L 76 : T 27.5 sec
 - d_sub 1200 : OOB 0.2513 : L 77 : T 27.8 sec
 - d_sub 1200 : OOB 0.2508 : L 78 : T 28.3 sec
 - d_sub 1200 : OOB 0.2529 : L 79 : T 28.7 sec
 - d_sub 1200 : OOB 0.2518 : L 80 : T 29.0 sec
 - d_sub 1200 : OOB 0.2531 : L 81 : T 29.7 sec
 - d_sub 1200 : OOB 0.2499 : L 82 : T 30.0 sec
 - d_sub 1200 : OOB 0.2518 : L 83 : T 30.3 sec
 - d_sub 1200 : OOB 0.2509 : L 84 : T 30.7 sec
 - d_sub 1200 : OOB 0.2525 : L 85 : T 31.1 sec
 - d_sub 1200 : OOB 0.2518 : L 86 : T 31.4 sec
 - d_sub 1200 : OOB 0.2531 : L 87 : T 31.9 sec
 - d_sub 1200 : OOB 0.2510 : L 88 : T 32.2 sec
 - d_sub 1200 : OOB 0.2505 : L 89 : T 32.4 sec
 - d_sub 1200 : OOB 0.2503 : L 90 : T 32.7 sec
 - d_sub 1200 : OOB 0.2509 : L 91 : T 33.0 sec
 - d_sub 1200 : OOB 0.2512 : L 92 : T 33.3 sec
 - d_sub 1200 : OOB 0.2505 : L 93 : T 33.7 sec
 - d_sub 1200 : OOB 0.2498 : L 94 : T 33.9 sec
 - d_sub 1200 : OOB 0.2504 : L 95 : T 34.2 sec
 - d_sub 1200 : OOB 0.2512 : L 96 : T 35.0 sec
 - d_sub 1200 : OOB 0.2513 : L 97 : T 35.5 sec
 - d_sub 1200 : OOB 0.2503 : L 98 : T 35.9 sec
 - d_sub 1200 : OOB 0.2510 : L 99 : T 36.4 sec

 - d_sub 1400 : OOB 0.4245 : L 1 : T 2.6 sec
 - d_sub 1400 : OOB 0.3751 : L 2 : T 3.1 sec
 - d_sub 1400 : OOB 0.3520 : L 3 : T 3.5 sec
 - d_sub 1400 : OOB 0.3334 : L 4 : T 3.8 sec
 - d_sub 1400 : OOB 0.3161 : L 5 : T 4.7 sec
 - d_sub 1400 : OOB 0.3070 : L 6 : T 5.1 sec
 - d_sub 1400 : OOB 0.2974 : L 7 : T 5.8 sec
 - d_sub 1400 : OOB 0.2916 : L 8 : T 6.2 sec
 - d_sub 1400 : OOB 0.2866 : L 9 : T 7.0 sec
 - d_sub 1400 : OOB 0.2813 : L 10 : T 7.3 sec
 - d_sub 1400 : OOB 0.2770 : L 11 : T 8.3 sec
 - d_sub 1400 : OOB 0.2723 : L 12 : T 8.9 sec
 - d_sub 1400 : OOB 0.2730 : L 13 : T 9.3 sec
 - d_sub 1400 : OOB 0.2746 : L 14 : T 10.1 sec
 - d_sub 1400 : OOB 0.2711 : L 15 : T 10.5 sec
 - d_sub 1400 : OOB 0.2711 : L 16 : T 10.9 sec
 - d_sub 1400 : OOB 0.2703 : L 17 : T 11.3 sec
 - d_sub 1400 : OOB 0.2665 : L 18 : T 11.8 sec
 - d_sub 1400 : OOB 0.2666 : L 19 : T 12.2 sec
 - d_sub 1400 : OOB 0.2674 : L 20 : T 13.2 sec
 - d_sub 1400 : OOB 0.2665 : L 21 : T 14.7 sec
 - d_sub 1400 : OOB 0.2645 : L 22 : T 15.1 sec
 - d_sub 1400 : OOB 0.2639 : L 23 : T 16.2 sec
 - d_sub 1400 : OOB 0.2658 : L 24 : T 16.6 sec
 - d_sub 1400 : OOB 0.2650 : L 25 : T 17.3 sec
 - d_sub 1400 : OOB 0.2634 : L 26 : T 18.4 sec
 - d_sub 1400 : OOB 0.2627 : L 27 : T 19.3 sec
 - d_sub 1400 : OOB 0.2656 : L 28 : T 20.3 sec
 - d_sub 1400 : OOB 0.2640 : L 29 : T 21.8 sec
 - d_sub 1400 : OOB 0.2627 : L 30 : T 22.6 sec
 - d_sub 1400 : OOB 0.2607 : L 31 : T 23.8 sec
 - d_sub 1400 : OOB 0.2603 : L 32 : T 24.6 sec
 - d_sub 1400 : OOB 0.2605 : L 33 : T 26.3 sec
 - d_sub 1400 : OOB 0.2596 : L 34 : T 27.1 sec
 - d_sub 1400 : OOB 0.2572 : L 35 : T 27.5 sec
 - d_sub 1400 : OOB 0.2566 : L 36 : T 29.1 sec
 - d_sub 1400 : OOB 0.2584 : L 37 : T 29.5 sec
 - d_sub 1400 : OOB 0.2584 : L 38 : T 29.9 sec
 - d_sub 1400 : OOB 0.2570 : L 39 : T 31.8 sec
 - d_sub 1400 : OOB 0.2581 : L 40 : T 32.2 sec
 - d_sub 1400 : OOB 0.2564 : L 41 : T 33.4 sec
 - d_sub 1400 : OOB 0.2562 : L 42 : T 33.8 sec
 - d_sub 1400 : OOB 0.2569 : L 43 : T 35.3 sec
 - d_sub 1400 : OOB 0.2571 : L 44 : T 35.7 sec
 - d_sub 1400 : OOB 0.2584 : L 45 : T 36.1 sec
 - d_sub 1400 : OOB 0.2562 : L 46 : T 37.3 sec
 - d_sub 1400 : OOB 0.2548 : L 47 : T 39.1 sec
 - d_sub 1400 : OOB 0.2534 : L 48 : T 39.5 sec
 - d_sub 1400 : OOB 0.2536 : L 49 : T 41.0 sec
 - d_sub 1400 : OOB 0.2544 : L 50 : T 42.1 sec
 - d_sub 1400 : OOB 0.2533 : L 51 : T 43.3 sec
 - d_sub 1400 : OOB 0.2521 : L 52 : T 43.7 sec
 - d_sub 1400 : OOB 0.2512 : L 53 : T 45.0 sec
 - d_sub 1400 : OOB 0.2519 : L 54 : T 46.0 sec
 - d_sub 1400 : OOB 0.2521 : L 55 : T 47.4 sec
 - d_sub 1400 : OOB 0.2532 : L 56 : T 47.7 sec
 - d_sub 1400 : OOB 0.2517 : L 57 : T 48.1 sec
 - d_sub 1400 : OOB 0.2508 : L 58 : T 50.0 sec
 - d_sub 1400 : OOB 0.2533 : L 59 : T 50.4 sec
 - d_sub 1400 : OOB 0.2539 : L 60 : T 51.9 sec
 - d_sub 1400 : OOB 0.2528 : L 61 : T 53.2 sec
 - d_sub 1400 : OOB 0.2521 : L 62 : T 54.1 sec
 - d_sub 1400 : OOB 0.2519 : L 63 : T 56.0 sec
 - d_sub 1400 : OOB 0.2517 : L 64 : T 56.4 sec
 - d_sub 1400 : OOB 0.2515 : L 65 : T 58.4 sec
 - d_sub 1400 : OOB 0.2517 : L 66 : T 59.4 sec
 - d_sub 1400 : OOB 0.2531 : L 67 : T 59.8 sec
 - d_sub 1400 : OOB 0.2519 : L 68 : T 61.6 sec
 - d_sub 1400 : OOB 0.2529 : L 69 : T 62.0 sec
 - d_sub 1400 : OOB 0.2526 : L 70 : T 62.4 sec
 - d_sub 1400 : OOB 0.2513 : L 71 : T 63.9 sec
 - d_sub 1400 : OOB 0.2540 : L 72 : T 65.1 sec
 - d_sub 1400 : OOB 0.2529 : L 73 : T 65.5 sec
 - d_sub 1400 : OOB 0.2532 : L 74 : T 67.7 sec
 - d_sub 1400 : OOB 0.2507 : L 75 : T 68.9 sec
 - d_sub 1400 : OOB 0.2515 : L 76 : T 69.3 sec
 - d_sub 1400 : OOB 0.2500 : L 77 : T 70.3 sec
 - d_sub 1400 : OOB 0.2511 : L 78 : T 70.7 sec
 - d_sub 1400 : OOB 0.2503 : L 79 : T 72.8 sec
 - d_sub 1400 : OOB 0.2506 : L 80 : T 73.9 sec
 - d_sub 1400 : OOB 0.2521 : L 81 : T 75.3 sec
 - d_sub 1400 : OOB 0.2530 : L 82 : T 75.7 sec
 - d_sub 1400 : OOB 0.2509 : L 83 : T 76.9 sec
 - d_sub 1400 : OOB 0.2517 : L 84 : T 77.3 sec
 - d_sub 1400 : OOB 0.2526 : L 85 : T 79.1 sec
 - d_sub 1400 : OOB 0.2514 : L 86 : T 79.5 sec
 - d_sub 1400 : OOB 0.2518 : L 87 : T 79.9 sec
 - d_sub 1400 : OOB 0.2526 : L 88 : T 81.2 sec
 - d_sub 1400 : OOB 0.2525 : L 89 : T 82.3 sec
 - d_sub 1400 : OOB 0.2527 : L 90 : T 83.4 sec
 - d_sub 1400 : OOB 0.2515 : L 91 : T 83.8 sec
 - d_sub 1400 : OOB 0.2512 : L 92 : T 84.9 sec
 - d_sub 1400 : OOB 0.2526 : L 93 : T 86.0 sec
 - d_sub 1400 : OOB 0.2522 : L 94 : T 87.2 sec

 - d_sub 1600 : OOB 0.4243 : L 1 : T 0.5 sec
 - d_sub 1600 : OOB 0.4064 : L 2 : T 3.4 sec
 - d_sub 1600 : OOB 0.3762 : L 3 : T 3.9 sec
 - d_sub 1600 : OOB 0.3522 : L 4 : T 5.1 sec
 - d_sub 1600 : OOB 0.3341 : L 5 : T 6.5 sec
 - d_sub 1600 : OOB 0.3185 : L 6 : T 7.4 sec
 - d_sub 1600 : OOB 0.3111 : L 7 : T 10.4 sec
 - d_sub 1600 : OOB 0.2967 : L 8 : T 10.9 sec
 - d_sub 1600 : OOB 0.2941 : L 9 : T 12.6 sec
 - d_sub 1600 : OOB 0.2881 : L 10 : T 13.8 sec
 - d_sub 1600 : OOB 0.2816 : L 11 : T 15.9 sec
 - d_sub 1600 : OOB 0.2805 : L 12 : T 16.4 sec
 - d_sub 1600 : OOB 0.2776 : L 13 : T 17.8 sec
 - d_sub 1600 : OOB 0.2727 : L 14 : T 18.9 sec
 - d_sub 1600 : OOB 0.2746 : L 15 : T 20.7 sec
 - d_sub 1600 : OOB 0.2703 : L 16 : T 21.1 sec
 - d_sub 1600 : OOB 0.2708 : L 17 : T 22.4 sec
 - d_sub 1600 : OOB 0.2717 : L 18 : T 23.8 sec
 - d_sub 1600 : OOB 0.2707 : L 19 : T 25.7 sec
 - d_sub 1600 : OOB 0.2703 : L 20 : T 26.2 sec
 - d_sub 1600 : OOB 0.2701 : L 21 : T 27.1 sec
 - d_sub 1600 : OOB 0.2702 : L 22 : T 29.2 sec
 - d_sub 1600 : OOB 0.2675 : L 23 : T 29.6 sec
 - d_sub 1600 : OOB 0.2662 : L 24 : T 31.5 sec
 - d_sub 1600 : OOB 0.2675 : L 25 : T 32.7 sec
 - d_sub 1600 : OOB 0.2668 : L 26 : T 35.0 sec
 - d_sub 1600 : OOB 0.2669 : L 27 : T 35.9 sec
 - d_sub 1600 : OOB 0.2676 : L 28 : T 36.4 sec
 - d_sub 1600 : OOB 0.2679 : L 29 : T 38.1 sec
 - d_sub 1600 : OOB 0.2644 : L 30 : T 39.1 sec
 - d_sub 1600 : OOB 0.2614 : L 31 : T 40.1 sec
 - d_sub 1600 : OOB 0.2638 : L 32 : T 41.6 sec
 - d_sub 1600 : OOB 0.2613 : L 33 : T 42.1 sec
 - d_sub 1600 : OOB 0.2590 : L 34 : T 44.1 sec
 - d_sub 1600 : OOB 0.2608 : L 35 : T 45.3 sec
 - d_sub 1600 : OOB 0.2590 : L 36 : T 47.0 sec
 - d_sub 1600 : OOB 0.2598 : L 37 : T 48.2 sec
 - d_sub 1600 : OOB 0.2582 : L 38 : T 49.4 sec
 - d_sub 1600 : OOB 0.2591 : L 39 : T 50.4 sec
 - d_sub 1600 : OOB 0.2555 : L 40 : T 51.7 sec
 - d_sub 1600 : OOB 0.2572 : L 41 : T 53.4 sec
 - d_sub 1600 : OOB 0.2581 : L 42 : T 53.9 sec
 - d_sub 1600 : OOB 0.2564 : L 43 : T 55.8 sec
 - d_sub 1600 : OOB 0.2574 : L 44 : T 56.9 sec
 - d_sub 1600 : OOB 0.2582 : L 45 : T 58.1 sec
 - d_sub 1600 : OOB 0.2563 : L 46 : T 59.3 sec
 - d_sub 1600 : OOB 0.2572 : L 47 : T 60.5 sec
 - d_sub 1600 : OOB 0.2555 : L 48 : T 62.3 sec
 - d_sub 1600 : OOB 0.2575 : L 49 : T 63.3 sec
 - d_sub 1600 : OOB 0.2573 : L 50 : T 64.6 sec
 - d_sub 1600 : OOB 0.2561 : L 51 : T 65.7 sec
 - d_sub 1600 : OOB 0.2550 : L 52 : T 66.2 sec
 - d_sub 1600 : OOB 0.2555 : L 53 : T 67.7 sec
 - d_sub 1600 : OOB 0.2558 : L 54 : T 68.8 sec
 - d_sub 1600 : OOB 0.2567 : L 55 : T 70.7 sec
 - d_sub 1600 : OOB 0.2543 : L 56 : T 71.2 sec
 - d_sub 1600 : OOB 0.2551 : L 57 : T 73.1 sec
 - d_sub 1600 : OOB 0.2532 : L 58 : T 75.9 sec
 - d_sub 1600 : OOB 0.2555 : L 59 : T 76.4 sec
 - d_sub 1600 : OOB 0.2545 : L 60 : T 78.5 sec
 - d_sub 1600 : OOB 0.2548 : L 61 : T 79.9 sec
 - d_sub 1600 : OOB 0.2563 : L 62 : T 81.2 sec
 - d_sub 1600 : OOB 0.2551 : L 63 : T 82.2 sec
 - d_sub 1600 : OOB 0.2532 : L 64 : T 83.1 sec
 - d_sub 1600 : OOB 0.2541 : L 65 : T 85.3 sec
 - d_sub 1600 : OOB 0.2535 : L 66 : T 86.4 sec
 - d_sub 1600 : OOB 0.2531 : L 67 : T 86.9 sec
 - d_sub 1600 : OOB 0.2555 : L 68 : T 88.2 sec
 - d_sub 1600 : OOB 0.2526 : L 69 : T 89.3 sec
 - d_sub 1600 : OOB 0.2519 : L 70 : T 90.1 sec
 - d_sub 1600 : OOB 0.2514 : L 71 : T 91.8 sec
 - d_sub 1600 : OOB 0.2530 : L 72 : T 92.9 sec
 - d_sub 1600 : OOB 0.2530 : L 73 : T 94.2 sec
 - d_sub 1600 : OOB 0.2528 : L 74 : T 95.3 sec
 - d_sub 1600 : OOB 0.2500 : L 75 : T 95.8 sec
 - d_sub 1600 : OOB 0.2530 : L 76 : T 96.9 sec
 - d_sub 1600 : OOB 0.2509 : L 77 : T 98.6 sec
 - d_sub 1600 : OOB 0.2504 : L 78 : T 99.6 sec
 - d_sub 1600 : OOB 0.2526 : L 79 : T 101.5 sec
 - d_sub 1600 : OOB 0.2533 : L 80 : T 102.7 sec
 - d_sub 1600 : OOB 0.2517 : L 81 : T 103.8 sec
 - d_sub 1600 : OOB 0.2520 : L 82 : T 105.2 sec
 - d_sub 1600 : OOB 0.2520 : L 83 : T 106.3 sec
 - d_sub 1600 : OOB 0.2509 : L 84 : T 108.3 sec
 - d_sub 1600 : OOB 0.2513 : L 85 : T 108.8 sec
 - d_sub 1600 : OOB 0.2519 : L 86 : T 110.7 sec
 - d_sub 1600 : OOB 0.2504 : L 87 : T 112.7 sec
 - d_sub 1600 : OOB 0.2506 : L 88 : T 113.2 sec
 - d_sub 1600 : OOB 0.2509 : L 89 : T 114.9 sec
 - d_sub 1600 : OOB 0.2507 : L 90 : T 115.4 sec
 - d_sub 1600 : OOB 0.2513 : L 91 : T 116.3 sec
 - d_sub 1600 : OOB 0.2509 : L 92 : T 117.8 sec
 - d_sub 1600 : OOB 0.2510 : L 93 : T 119.7 sec
 - d_sub 1600 : OOB 0.2509 : L 94 : T 121.0 sec
 - d_sub 1600 : OOB 0.2512 : L 95 : T 121.5 sec
 - d_sub 1600 : OOB 0.2513 : L 96 : T 123.0 sec
 - d_sub 1600 : OOB 0.2507 : L 97 : T 124.2 sec
 - d_sub 1600 : OOB 0.2513 : L 98 : T 126.2 sec
 - d_sub 1600 : OOB 0.2501 : L 99 : T 127.6 sec
 - d_sub 1600 : OOB 0.2517 : L 100 : T 128.9 sec
 - d_sub 1600 : OOB 0.2510 : L 101 : T 130.0 sec
# -------------------------
optimal d_sub 1200 : OOB 0.2510 : L 99 : T 310.9 sec
Testing error: 0.2538
# -------------------------
# Ensemble classification
#  - Training samples: 10000 (5000/5000)
#  - Feature-space dimensionality: 24157
#  - L : automatic (min 25, max 500, length 50, eps 0.00500)
#  - d_sub : 300
#  - Seed 1 (subspaces) : 814006718
#  - Seed 2 (bootstrap) : 240823228
# -------------------------

 - d_sub 300 : OOB 0.4306 : L 1 : T 0.0 sec
 - d_sub 300 : OOB 0.3854 : L 2 : T 0.1 sec
 - d_sub 300 : OOB 0.3646 : L 3 : T 0.1 sec
 - d_sub 300 : OOB 0.3453 : L 4 : T 0.2 sec
 - d_sub 300 : OOB 0.3350 : L 5 : T 0.2 sec
 - d_sub 300 : OOB 0.3279 : L 6 : T 0.3 sec
 - d_sub 300 : OOB 0.3161 : L 7 : T 0.3 sec
 - d_sub 300 : OOB 0.3134 : L 8 : T 0.4 sec
 - d_sub 300 : OOB 0.3115 : L 9 : T 0.4 sec
 - d_sub 300 : OOB 0.3078 : L 10 : T 0.5 sec
 - d_sub 300 : OOB 0.3060 : L 11 : T 0.5 sec
 - d_sub 300 : OOB 0.3035 : L 12 : T 0.5 sec
 - d_sub 300 : OOB 0.3030 : L 13 : T 0.6 sec
 - d_sub 300 : OOB 0.3028 : L 14 : T 0.6 sec
 - d_sub 300 : OOB 0.3014 : L 15 : T 0.7 sec
 - d_sub 300 : OOB 0.3014 : L 16 : T 0.7 sec
 - d_sub 300 : OOB 0.2983 : L 17 : T 0.8 sec
 - d_sub 300 : OOB 0.2967 : L 18 : T 0.8 sec
 - d_sub 300 : OOB 0.2971 : L 19 : T 0.8 sec
 - d_sub 300 : OOB 0.2973 : L 20 : T 0.9 sec
 - d_sub 300 : OOB 0.2966 : L 21 : T 0.9 sec
 - d_sub 300 : OOB 0.2985 : L 22 : T 1.0 sec
 - d_sub 300 : OOB 0.2980 : L 23 : T 1.0 sec
 - d_sub 300 : OOB 0.2973 : L 24 : T 1.1 sec
 - d_sub 300 : OOB 0.2966 : L 25 : T 1.1 sec
 - d_sub 300 : OOB 0.2961 : L 26 : T 1.1 sec
 - d_sub 300 : OOB 0.2960 : L 27 : T 1.2 sec
 - d_sub 300 : OOB 0.2973 : L 28 : T 1.2 sec
 - d_sub 300 : OOB 0.2963 : L 29 : T 1.3 sec
 - d_sub 300 : OOB 0.2942 : L 30 : T 1.3 sec
 - d_sub 300 : OOB 0.2945 : L 31 : T 1.4 sec
 - d_sub 300 : OOB 0.2936 : L 32 : T 1.4 sec
 - d_sub 300 : OOB 0.2953 : L 33 : T 1.4 sec
 - d_sub 300 : OOB 0.2924 : L 34 : T 1.5 sec
 - d_sub 300 : OOB 0.2929 : L 35 : T 1.5 sec
 - d_sub 300 : OOB 0.2939 : L 36 : T 1.6 sec
 - d_sub 300 : OOB 0.2927 : L 37 : T 1.6 sec
 - d_sub 300 : OOB 0.2925 : L 38 : T 1.7 sec
 - d_sub 300 : OOB 0.2931 : L 39 : T 1.7 sec
 - d_sub 300 : OOB 0.2920 : L 40 : T 1.8 sec
 - d_sub 300 : OOB 0.2921 : L 41 : T 1.8 sec
 - d_sub 300 : OOB 0.2923 : L 42 : T 1.8 sec
 - d_sub 300 : OOB 0.2926 : L 43 : T 1.9 sec
 - d_sub 300 : OOB 0.2924 : L 44 : T 1.9 sec
 - d_sub 300 : OOB 0.2934 : L 45 : T 2.0 sec
 - d_sub 300 : OOB 0.2915 : L 46 : T 2.0 sec
 - d_sub 300 : OOB 0.2917 : L 47 : T 2.1 sec
 - d_sub 300 : OOB 0.2907 : L 48 : T 2.1 sec
 - d_sub 300 : OOB 0.2907 : L 49 : T 2.2 sec
 - d_sub 300 : OOB 0.2923 : L 50 : T 2.2 sec
 - d_sub 300 : OOB 0.2907 : L 51 : T 2.2 sec
 - d_sub 300 : OOB 0.2919 : L 52 : T 2.3 sec
 - d_sub 300 : OOB 0.2917 : L 53 : T 2.3 sec
 - d_sub 300 : OOB 0.2907 : L 54 : T 2.4 sec
 - d_sub 300 : OOB 0.2914 : L 55 : T 2.4 sec
 - d_sub 300 : OOB 0.2917 : L 56 : T 2.5 sec
 - d_sub 300 : OOB 0.2922 : L 57 : T 2.5 sec
 - d_sub 300 : OOB 0.2916 : L 58 : T 2.6 sec
 - d_sub 300 : OOB 0.2930 : L 59 : T 2.6 sec
 - d_sub 300 : OOB 0.2918 : L 60 : T 2.6 sec
 - d_sub 300 : OOB 0.2914 : L 61 : T 2.7 sec
 - d_sub 300 : OOB 0.2906 : L 62 : T 2.7 sec
 - d_sub 300 : OOB 0.2903 : L 63 : T 2.8 sec
 - d_sub 300 : OOB 0.2889 : L 64 : T 2.8 sec
 - d_sub 300 : OOB 0.2898 : L 65 : T 2.9 sec
 - d_sub 300 : OOB 0.2883 : L 66 : T 2.9 sec
 - d_sub 300 : OOB 0.2886 : L 67 : T 3.0 sec
 - d_sub 300 : OOB 0.2881 : L 68 : T 3.0 sec
 - d_sub 300 : OOB 0.2891 : L 69 : T 3.0 sec
 - d_sub 300 : OOB 0.2892 : L 70 : T 3.1 sec
 - d_sub 300 : OOB 0.2893 : L 71 : T 3.1 sec
 - d_sub 300 : OOB 0.2881 : L 72 : T 3.2 sec
 - d_sub 300 : OOB 0.2882 : L 73 : T 3.2 sec
 - d_sub 300 : OOB 0.2872 : L 74 : T 3.3 sec
 - d_sub 300 : OOB 0.2877 : L 75 : T 3.3 sec
 - d_sub 300 : OOB 0.2880 : L 76 : T 3.4 sec
 - d_sub 300 : OOB 0.2860 : L 77 : T 3.4 sec
 - d_sub 300 : OOB 0.2883 : L 78 : T 3.5 sec
 - d_sub 300 : OOB 0.2864 : L 79 : T 3.5 sec
 - d_sub 300 : OOB 0.2870 : L 80 : T 3.5 sec
 - d_sub 300 : OOB 0.2867 : L 81 : T 3.6 sec
 - d_sub 300 : OOB 0.2868 : L 82 : T 3.6 sec
 - d_sub 300 : OOB 0.2868 : L 83 : T 3.7 sec
 - d_sub 300 : OOB 0.2867 : L 84 : T 3.7 sec
 - d_sub 300 : OOB 0.2870 : L 85 : T 3.8 sec
 - d_sub 300 : OOB 0.2872 : L 86 : T 3.8 sec
 - d_sub 300 : OOB 0.2867 : L 87 : T 3.9 sec
 - d_sub 300 : OOB 0.2859 : L 88 : T 3.9 sec
 - d_sub 300 : OOB 0.2868 : L 89 : T 3.9 sec
 - d_sub 300 : OOB 0.2878 : L 90 : T 4.0 sec
 - d_sub 300 : OOB 0.2870 : L 91 : T 4.0 sec
 - d_sub 300 : OOB 0.2856 : L 92 : T 4.1 sec
 - d_sub 300 : OOB 0.2864 : L 93 : T 4.1 sec
 - d_sub 300 : OOB 0.2866 : L 94 : T 4.2 sec
 - d_sub 300 : OOB 0.2866 : L 95 : T 4.2 sec
 - d_sub 300 : OOB 0.2847 : L 96 : T 4.2 sec
 - d_sub 300 : OOB 0.2857 : L 97 : T 4.3 sec
 - d_sub 300 : OOB 0.2851 : L 98 : T 4.3 sec
 - d_sub 300 : OOB 0.2857 : L 99 : T 4.4 sec
 - d_sub 300 : OOB 0.2839 : L 100 : T 4.4 sec
 - d_sub 300 : OOB 0.2851 : L 101 : T 4.5 sec
 - d_sub 300 : OOB 0.2853 : L 102 : T 4.5 sec
 - d_sub 300 : OOB 0.2839 : L 103 : T 4.5 sec
 - d_sub 300 : OOB 0.2850 : L 104 : T 4.6 sec
 - d_sub 300 : OOB 0.2848 : L 105 : T 4.6 sec
 - d_sub 300 : OOB 0.2853 : L 106 : T 4.7 sec
 - d_sub 300 : OOB 0.2831 : L 107 : T 4.7 sec
 - d_sub 300 : OOB 0.2846 : L 108 : T 4.8 sec
 - d_sub 300 : OOB 0.2855 : L 109 : T 4.8 sec
 - d_sub 300 : OOB 0.2832 : L 110 : T 4.9 sec
 - d_sub 300 : OOB 0.2848 : L 111 : T 4.9 sec
 - d_sub 300 : OOB 0.2859 : L 112 : T 4.9 sec
# -------------------------
optimal d_sub 300 : OOB 0.2859 : L 112 : T 4.9 sec
# -------------------------
# Ensemble classification
#  - Training samples: 10000 (5000/5000)
#  - Feature-space dimensionality: 24157
#  - L : 30
#  - d_sub : 300
#  - Seed 1 (subspaces) : 281607878
#  - Seed 2 (bootstrap) : 289351931
# -------------------------

 - d_sub 300 : OOB 0.4322 : L 1 : T 0.0 sec
 - d_sub 300 : OOB 0.3882 : L 2 : T 0.1 sec
 - d_sub 300 : OOB 0.3656 : L 3 : T 0.1 sec
 - d_sub 300 : OOB 0.3406 : L 4 : T 0.2 sec
 - d_sub 300 : OOB 0.3277 : L 5 : T 0.2 sec
 - d_sub 300 : OOB 0.3209 : L 6 : T 0.3 sec
 - d_sub 300 : OOB 0.3119 : L 7 : T 0.3 sec
 - d_sub 300 : OOB 0.3087 : L 8 : T 0.3 sec
 - d_sub 300 : OOB 0.3076 : L 9 : T 0.4 sec
 - d_sub 300 : OOB 0.3045 : L 10 : T 0.4 sec
 - d_sub 300 : OOB 0.2992 : L 11 : T 0.5 sec
 - d_sub 300 : OOB 0.2975 : L 12 : T 0.5 sec
 - d_sub 300 : OOB 0.2989 : L 13 : T 0.6 sec
 - d_sub 300 : OOB 0.2982 : L 14 : T 0.6 sec
 - d_sub 300 : OOB 0.2983 : L 15 : T 0.7 sec
 - d_sub 300 : OOB 0.2985 : L 16 : T 0.7 sec
 - d_sub 300 : OOB 0.2926 : L 17 : T 0.8 sec
 - d_sub 300 : OOB 0.2916 : L 18 : T 0.8 sec
 - d_sub 300 : OOB 0.2952 : L 19 : T 0.8 sec
 - d_sub 300 : OOB 0.2948 : L 20 : T 0.9 sec
 - d_sub 300 : OOB 0.2937 : L 21 : T 0.9 sec
 - d_sub 300 : OOB 0.2945 : L 22 : T 1.0 sec
 - d_sub 300 : OOB 0.2928 : L 23 : T 1.0 sec
 - d_sub 300 : OOB 0.2928 : L 24 : T 1.1 sec
 - d_sub 300 : OOB 0.2920 : L 25 : T 1.1 sec
 - d_sub 300 : OOB 0.2918 : L 26 : T 1.2 sec
 - d_sub 300 : OOB 0.2932 : L 27 : T 1.2 sec
 - d_sub 300 : OOB 0.2923 : L 28 : T 1.3 sec
 - d_sub 300 : OOB 0.2916 : L 29 : T 1.3 sec
 - d_sub 300 : OOB 0.2906 : L 30 : T 1.3 sec
# -------------------------
optimal d_sub 300 : OOB 0.2906 : L 30 : T 1.3 sec
# -------------------------
# Ensemble classification
#  - Training samples: 10000 (5000/5000)
#  - Feature-space dimensionality: 24157
#  - L : 30
#  - d_sub : 300
#  - Seed 1 (subspaces) : 252832647
#  - Seed 2 (bootstrap) : 196001241
# -------------------------

 - d_sub 300 : OOB 0.4293 : L 1 : T 0.0 sec
 - d_sub 300 : OOB 0.3882 : L 2 : T 0.1 sec
 - d_sub 300 : OOB 0.3673 : L 3 : T 0.1 sec
 - d_sub 300 : OOB 0.3440 : L 4 : T 0.2 sec
 - d_sub 300 : OOB 0.3360 : L 5 : T 0.2 sec
 - d_sub 300 : OOB 0.3296 : L 6 : T 0.3 sec
 - d_sub 300 : OOB 0.3207 : L 7 : T 0.3 sec
 - d_sub 300 : OOB 0.3212 : L 8 : T 0.3 sec
 - d_sub 300 : OOB 0.3132 : L 9 : T 0.4 sec
 - d_sub 300 : OOB 0.3126 : L 10 : T 0.4 sec
 - d_sub 300 : OOB 0.3105 : L 11 : T 0.5 sec
 - d_sub 300 : OOB 0.3097 : L 12 : T 0.5 sec
 - d_sub 300 : OOB 0.3067 : L 13 : T 0.6 sec
 - d_sub 300 : OOB 0.3046 : L 14 : T 0.6 sec
 - d_sub 300 : OOB 0.3058 : L 15 : T 0.6 sec
 - d_sub 300 : OOB 0.3059 : L 16 : T 0.7 sec
 - d_sub 300 : OOB 0.3026 : L 17 : T 0.7 sec
 - d_sub 300 : OOB 0.3020 : L 18 : T 0.8 sec
 - d_sub 300 : OOB 0.3022 : L 19 : T 0.8 sec
 - d_sub 300 : OOB 0.2978 : L 20 : T 0.9 sec
 - d_sub 300 : OOB 0.2972 : L 21 : T 0.9 sec
 - d_sub 300 : OOB 0.2986 : L 22 : T 1.0 sec
 - d_sub 300 : OOB 0.2965 : L 23 : T 1.0 sec
 - d_sub 300 : OOB 0.2960 : L 24 : T 1.0 sec
 - d_sub 300 : OOB 0.2936 : L 25 : T 1.1 sec
 - d_sub 300 : OOB 0.2929 : L 26 : T 1.1 sec
 - d_sub 300 : OOB 0.2924 : L 27 : T 1.2 sec
 - d_sub 300 : OOB 0.2911 : L 28 : T 1.2 sec
 - d_sub 300 : OOB 0.2920 : L 29 : T 1.3 sec
 - d_sub 300 : OOB 0.2907 : L 30 : T 1.3 sec
# -------------------------
optimal d_sub 300 : OOB 0.2907 : L 30 : T 1.3 sec
# -------------------------
# Ensemble classification
#  - Training samples: 10000 (5000/5000)
#  - Feature-space dimensionality: 24157
#  - L : 30
#  - d_sub : 300
#  - Seed 1 (subspaces) : 192275711
#  - Seed 2 (bootstrap) : 423152161
# -------------------------

 - d_sub 300 : OOB 0.4329 : L 1 : T 0.0 sec
 - d_sub 300 : OOB 0.3892 : L 2 : T 0.1 sec
 - d_sub 300 : OOB 0.3678 : L 3 : T 0.1 sec
 - d_sub 300 : OOB 0.3500 : L 4 : T 0.2 sec
 - d_sub 300 : OOB 0.3350 : L 5 : T 0.2 sec
 - d_sub 300 : OOB 0.3319 : L 6 : T 0.3 sec
 - d_sub 300 : OOB 0.3188 : L 7 : T 0.3 sec
 - d_sub 300 : OOB 0.3141 : L 8 : T 0.3 sec
 - d_sub 300 : OOB 0.3074 : L 9 : T 0.4 sec
 - d_sub 300 : OOB 0.3044 : L 10 : T 0.4 sec
 - d_sub 300 : OOB 0.3049 : L 11 : T 0.5 sec
 - d_sub 300 : OOB 0.3021 : L 12 : T 0.5 sec
 - d_sub 300 : OOB 0.3022 : L 13 : T 0.6 sec
 - d_sub 300 : OOB 0.3013 : L 14 : T 0.6 sec
 - d_sub 300 : OOB 0.3000 : L 15 : T 0.6 sec
 - d_sub 300 : OOB 0.2983 : L 16 : T 0.7 sec
 - d_sub 300 : OOB 0.2987 : L 17 : T 0.7 sec
 - d_sub 300 : OOB 0.2999 : L 18 : T 0.8 sec
 - d_sub 300 : OOB 0.2961 : L 19 : T 0.8 sec
 - d_sub 300 : OOB 0.2949 : L 20 : T 0.9 sec
 - d_sub 300 : OOB 0.2948 : L 21 : T 0.9 sec
 - d_sub 300 : OOB 0.2931 : L 22 : T 0.9 sec
 - d_sub 300 : OOB 0.2910 : L 23 : T 1.0 sec
 - d_sub 300 : OOB 0.2898 : L 24 : T 1.0 sec
 - d_sub 300 : OOB 0.2924 : L 25 : T 1.1 sec
 - d_sub 300 : OOB 0.2887 : L 26 : T 1.1 sec
 - d_sub 300 : OOB 0.2918 : L 27 : T 1.1 sec
 - d_sub 300 : OOB 0.2896 : L 28 : T 1.2 sec
 - d_sub 300 : OOB 0.2871 : L 29 : T 1.2 sec
 - d_sub 300 : OOB 0.2879 : L 30 : T 1.3 sec
# -------------------------
optimal d_sub 300 : OOB 0.2879 : L 30 : T 1.3 sec
# -------------------------
# Ensemble classification
#  - Training samples: 10000 (5000/5000)
#  - Feature-space dimensionality: 24157
#  - L : 30
#  - d_sub : 300
#  - Seed 1 (subspaces) : 946654376
#  - Seed 2 (bootstrap) : 285986230
# -------------------------

 - d_sub 300 : OOB 0.4307 : L 1 : T 0.0 sec
 - d_sub 300 : OOB 0.3859 : L 2 : T 0.1 sec
 - d_sub 300 : OOB 0.3684 : L 3 : T 0.1 sec
 - d_sub 300 : OOB 0.3479 : L 4 : T 0.2 sec
 - d_sub 300 : OOB 0.3336 : L 5 : T 0.2 sec
 - d_sub 300 : OOB 0.3248 : L 6 : T 0.3 sec
 - d_sub 300 : OOB 0.3176 : L 7 : T 0.3 sec
 - d_sub 300 : OOB 0.3137 : L 8 : T 0.4 sec
 - d_sub 300 : OOB 0.3124 : L 9 : T 0.4 sec
 - d_sub 300 : OOB 0.3101 : L 10 : T 0.4 sec
 - d_sub 300 : OOB 0.3054 : L 11 : T 0.5 sec
 - d_sub 300 : OOB 0.3033 : L 12 : T 0.5 sec
 - d_sub 300 : OOB 0.3018 : L 13 : T 0.6 sec
 - d_sub 300 : OOB 0.2993 : L 14 : T 0.6 sec
 - d_sub 300 : OOB 0.2972 : L 15 : T 0.7 sec
 - d_sub 300 : OOB 0.2958 : L 16 : T 0.7 sec
 - d_sub 300 : OOB 0.2940 : L 17 : T 0.7 sec
 - d_sub 300 : OOB 0.2940 : L 18 : T 0.8 sec
 - d_sub 300 : OOB 0.2961 : L 19 : T 0.8 sec
 - d_sub 300 : OOB 0.2939 : L 20 : T 0.9 sec
 - d_sub 300 : OOB 0.2924 : L 21 : T 0.9 sec
 - d_sub 300 : OOB 0.2944 : L 22 : T 1.0 sec
 - d_sub 300 : OOB 0.2916 : L 23 : T 1.0 sec
 - d_sub 300 : OOB 0.2917 : L 24 : T 1.1 sec
 - d_sub 300 : OOB 0.2925 : L 25 : T 1.1 sec
 - d_sub 300 : OOB 0.2939 : L 26 : T 1.2 sec
 - d_sub 300 : OOB 0.2929 : L 27 : T 1.2 sec
 - d_sub 300 : OOB 0.2927 : L 28 : T 1.3 sec
 - d_sub 300 : OOB 0.2922 : L 29 : T 1.3 sec
 - d_sub 300 : OOB 0.2932 : L 30 : T 1.4 sec
# -------------------------
optimal d_sub 300 : OOB 0.2932 : L 30 : T 1.4 sec
# -------------------------
# Ensemble classification
#  - Training samples: 10000 (5000/5000)
#  - Feature-space dimensionality: 24157
#  - L : 30
#  - d_sub : 300
#  - Seed 1 (subspaces) : 220421520
#  - Seed 2 (bootstrap) : 756668250
# -------------------------

 - d_sub 300 : OOB 0.4342 : L 1 : T 0.0 sec
 - d_sub 300 : OOB 0.3950 : L 2 : T 0.1 sec
 - d_sub 300 : OOB 0.3705 : L 3 : T 0.1 sec
 - d_sub 300 : OOB 0.3541 : L 4 : T 0.2 sec
 - d_sub 300 : OOB 0.3366 : L 5 : T 0.2 sec
 - d_sub 300 : OOB 0.3326 : L 6 : T 0.3 sec
 - d_sub 300 : OOB 0.3217 : L 7 : T 0.3 sec
 - d_sub 300 : OOB 0.3164 : L 8 : T 0.4 sec
 - d_sub 300 : OOB 0.3118 : L 9 : T 0.4 sec
 - d_sub 300 : OOB 0.3087 : L 10 : T 0.4 sec
 - d_sub 300 : OOB 0.3072 : L 11 : T 0.5 sec
 - d_sub 300 : OOB 0.3049 : L 12 : T 0.5 sec
 - d_sub 300 : OOB 0.3051 : L 13 : T 0.6 sec
 - d_sub 300 : OOB 0.3041 : L 14 : T 0.6 sec
 - d_sub 300 : OOB 0.3004 : L 15 : T 0.7 sec
 - d_sub 300 : OOB 0.2994 : L 16 : T 0.7 sec
 - d_sub 300 : OOB 0.3002 : L 17 : T 0.7 sec
 - d_sub 300 : OOB 0.2977 : L 18 : T 0.8 sec
 - d_sub 300 : OOB 0.2977 : L 19 : T 0.8 sec
 - d_sub 300 : OOB 0.2969 : L 20 : T 0.9 sec
 - d_sub 300 : OOB 0.2942 : L 21 : T 0.9 sec
 - d_sub 300 : OOB 0.2967 : L 22 : T 1.0 sec
 - d_sub 300 : OOB 0.2930 : L 23 : T 1.0 sec
 - d_sub 300 : OOB 0.2912 : L 24 : T 1.1 sec
 - d_sub 300 : OOB 0.2934 : L 25 : T 1.1 sec
 - d_sub 300 : OOB 0.2934 : L 26 : T 1.1 sec
 - d_sub 300 : OOB 0.2920 : L 27 : T 1.2 sec
 - d_sub 300 : OOB 0.2925 : L 28 : T 1.2 sec
 - d_sub 300 : OOB 0.2921 : L 29 : T 1.3 sec
 - d_sub 300 : OOB 0.2914 : L 30 : T 1.3 sec
# -------------------------
optimal d_sub 300 : OOB 0.2914 : L 30 : T 1.3 sec
# -------------------------
# Ensemble classification
#  - Training samples: 10000 (5000/5000)
#  - Feature-space dimensionality: 24157
#  - L : 30
#  - d_sub : 300
#  - Seed 1 (subspaces) : 597628768
#  - Seed 2 (bootstrap) : 654663989
# -------------------------

 - d_sub 300 : OOB 0.4297 : L 1 : T 0.0 sec
 - d_sub 300 : OOB 0.3896 : L 2 : T 0.1 sec
 - d_sub 300 : OOB 0.3652 : L 3 : T 0.1 sec
 - d_sub 300 : OOB 0.3470 : L 4 : T 0.2 sec
 - d_sub 300 : OOB 0.3329 : L 5 : T 0.2 sec
 - d_sub 300 : OOB 0.3286 : L 6 : T 0.3 sec
 - d_sub 300 : OOB 0.3186 : L 7 : T 0.3 sec
 - d_sub 300 : OOB 0.3158 : L 8 : T 0.4 sec
 - d_sub 300 : OOB 0.3070 : L 9 : T 0.4 sec
 - d_sub 300 : OOB 0.3069 : L 10 : T 0.4 sec
 - d_sub 300 : OOB 0.3070 : L 11 : T 0.5 sec
 - d_sub 300 : OOB 0.3014 : L 12 : T 0.5 sec
 - d_sub 300 : OOB 0.2992 : L 13 : T 0.6 sec
 - d_sub 300 : OOB 0.2970 : L 14 : T 0.6 sec
 - d_sub 300 : OOB 0.2978 : L 15 : T 0.7 sec
 - d_sub 300 : OOB 0.2946 : L 16 : T 0.7 sec
 - d_sub 300 : OOB 0.2930 : L 17 : T 0.7 sec
 - d_sub 300 : OOB 0.2962 : L 18 : T 0.8 sec
 - d_sub 300 : OOB 0.2951 : L 19 : T 0.8 sec
 - d_sub 300 : OOB 0.2949 : L 20 : T 0.9 sec
 - d_sub 300 : OOB 0.2930 : L 21 : T 0.9 sec
 - d_sub 300 : OOB 0.2940 : L 22 : T 1.0 sec
 - d_sub 300 : OOB 0.2945 : L 23 : T 1.0 sec
 - d_sub 300 : OOB 0.2950 : L 24 : T 1.0 sec
 - d_sub 300 : OOB 0.2935 : L 25 : T 1.1 sec
 - d_sub 300 : OOB 0.2917 : L 26 : T 1.1 sec
 - d_sub 300 : OOB 0.2929 : L 27 : T 1.2 sec
 - d_sub 300 : OOB 0.2930 : L 28 : T 1.2 sec
 - d_sub 300 : OOB 0.2924 : L 29 : T 1.3 sec
 - d_sub 300 : OOB 0.2923 : L 30 : T 1.3 sec
# -------------------------
optimal d_sub 300 : OOB 0.2923 : L 30 : T 1.3 sec
# -------------------------
# Ensemble classification
#  - Training samples: 10000 (5000/5000)
#  - Feature-space dimensionality: 24157
#  - L : 30
#  - d_sub : 300
#  - Seed 1 (subspaces) : 715012715
#  - Seed 2 (bootstrap) : 921902399
# -------------------------

 - d_sub 300 : OOB 0.4270 : L 1 : T 0.0 sec
 - d_sub 300 : OOB 0.3851 : L 2 : T 0.1 sec
 - d_sub 300 : OOB 0.3632 : L 3 : T 0.1 sec
 - d_sub 300 : OOB 0.3428 : L 4 : T 0.2 sec
 - d_sub 300 : OOB 0.3326 : L 5 : T 0.2 sec
 - d_sub 300 : OOB 0.3277 : L 6 : T 0.2 sec
 - d_sub 300 : OOB 0.3174 : L 7 : T 0.3 sec
 - d_sub 300 : OOB 0.3160 : L 8 : T 0.3 sec
 - d_sub 300 : OOB 0.3134 : L 9 : T 0.4 sec
 - d_sub 300 : OOB 0.3098 : L 10 : T 0.4 sec
 - d_sub 300 : OOB 0.3050 : L 11 : T 0.5 sec
 - d_sub 300 : OOB 0.3039 : L 12 : T 0.5 sec
 - d_sub 300 : OOB 0.3035 : L 13 : T 0.5 sec
 - d_sub 300 : OOB 0.3044 : L 14 : T 0.6 sec
 - d_sub 300 : OOB 0.3004 : L 15 : T 0.6 sec
 - d_sub 300 : OOB 0.3012 : L 16 : T 0.7 sec
 - d_sub 300 : OOB 0.3007 : L 17 : T 0.7 sec
 - d_sub 300 : OOB 0.3002 : L 18 : T 0.8 sec
 - d_sub 300 : OOB 0.2986 : L 19 : T 0.8 sec
 - d_sub 300 : OOB 0.2964 : L 20 : T 0.9 sec
 - d_sub 300 : OOB 0.2951 : L 21 : T 0.9 sec
 - d_sub 300 : OOB 0.2939 : L 22 : T 1.0 sec
 - d_sub 300 : OOB 0.2920 : L 23 : T 1.0 sec
 - d_sub 300 : OOB 0.2924 : L 24 : T 1.0 sec
 - d_sub 300 : OOB 0.2927 : L 25 : T 1.1 sec
 - d_sub 300 : OOB 0.2911 : L 26 : T 1.1 sec
 - d_sub 300 : OOB 0.2935 : L 27 : T 1.2 sec
 - d_sub 300 : OOB 0.2920 : L 28 : T 1.2 sec
 - d_sub 300 : OOB 0.2937 : L 29 : T 1.3 sec
 - d_sub 300 : OOB 0.2914 : L 30 : T 1.3 sec
# -------------------------
optimal d_sub 300 : OOB 0.2914 : L 30 : T 1.3 sec
# -------------------------
# Ensemble classification
#  - Training samples: 10000 (5000/5000)
#  - Feature-space dimensionality: 24157
#  - L : 30
#  - d_sub : 300
#  - Seed 1 (subspaces) : 206735604
#  - Seed 2 (bootstrap) : 45989177
# -------------------------

 - d_sub 300 : OOB 0.4281 : L 1 : T 0.0 sec
 - d_sub 300 : OOB 0.3856 : L 2 : T 0.1 sec
 - d_sub 300 : OOB 0.3650 : L 3 : T 0.1 sec
 - d_sub 300 : OOB 0.3407 : L 4 : T 0.2 sec
 - d_sub 300 : OOB 0.3318 : L 5 : T 0.2 sec
 - d_sub 300 : OOB 0.3226 : L 6 : T 0.2 sec
 - d_sub 300 : OOB 0.3173 : L 7 : T 0.3 sec
 - d_sub 300 : OOB 0.3136 : L 8 : T 0.3 sec
 - d_sub 300 : OOB 0.3072 : L 9 : T 0.4 sec
 - d_sub 300 : OOB 0.3048 : L 10 : T 0.4 sec
 - d_sub 300 : OOB 0.3003 : L 11 : T 0.5 sec
 - d_sub 300 : OOB 0.3002 : L 12 : T 0.5 sec
 - d_sub 300 : OOB 0.2981 : L 13 : T 0.6 sec
 - d_sub 300 : OOB 0.3002 : L 14 : T 0.6 sec
 - d_sub 300 : OOB 0.2993 : L 15 : T 0.6 sec
 - d_sub 300 : OOB 0.3003 : L 16 : T 0.7 sec
 - d_sub 300 : OOB 0.2983 : L 17 : T 0.7 sec
 - d_sub 300 : OOB 0.2977 : L 18 : T 0.8 sec
 - d_sub 300 : OOB 0.2977 : L 19 : T 0.8 sec
 - d_sub 300 : OOB 0.2956 : L 20 : T 0.9 sec
 - d_sub 300 : OOB 0.2948 : L 21 : T 0.9 sec
 - d_sub 300 : OOB 0.2958 : L 22 : T 1.0 sec
 - d_sub 300 : OOB 0.2949 : L 23 : T 1.0 sec
 - d_sub 300 : OOB 0.2933 : L 24 : T 1.0 sec
 - d_sub 300 : OOB 0.2911 : L 25 : T 1.1 sec
 - d_sub 300 : OOB 0.2922 : L 26 : T 1.1 sec
 - d_sub 300 : OOB 0.2903 : L 27 : T 1.2 sec
 - d_sub 300 : OOB 0.2928 : L 28 : T 1.2 sec
 - d_sub 300 : OOB 0.2895 : L 29 : T 1.3 sec
 - d_sub 300 : OOB 0.2896 : L 30 : T 1.3 sec
# -------------------------
optimal d_sub 300 : OOB 0.2896 : L 30 : T 1.3 sec
# -------------------------
# Ensemble classification
#  - Training samples: 10000 (5000/5000)
#  - Feature-space dimensionality: 24157
#  - L : 30
#  - d_sub : 300
#  - Seed 1 (subspaces) : 744853706
#  - Seed 2 (bootstrap) : 53069915
# -------------------------

 - d_sub 300 : OOB 0.4311 : L 1 : T 0.0 sec
 - d_sub 300 : OOB 0.3864 : L 2 : T 0.1 sec
 - d_sub 300 : OOB 0.3644 : L 3 : T 0.1 sec
 - d_sub 300 : OOB 0.3452 : L 4 : T 0.2 sec
 - d_sub 300 : OOB 0.3308 : L 5 : T 0.2 sec
 - d_sub 300 : OOB 0.3262 : L 6 : T 0.3 sec
 - d_sub 300 : OOB 0.3206 : L 7 : T 0.3 sec
 - d_sub 300 : OOB 0.3173 : L 8 : T 0.4 sec
 - d_sub 300 : OOB 0.3146 : L 9 : T 0.4 sec
 - d_sub 300 : OOB 0.3111 : L 10 : T 0.4 sec
 - d_sub 300 : OOB 0.3057 : L 11 : T 0.5 sec
 - d_sub 300 : OOB 0.3043 : L 12 : T 0.5 sec
 - d_sub 300 : OOB 0.3030 : L 13 : T 0.6 sec
 - d_sub 300 : OOB 0.3041 : L 14 : T 0.6 sec
 - d_sub 300 : OOB 0.3009 : L 15 : T 0.7 sec
 - d_sub 300 : OOB 0.2998 : L 16 : T 0.7 sec
 - d_sub 300 : OOB 0.2983 : L 17 : T 0.7 sec
 - d_sub 300 : OOB 0.2989 : L 18 : T 0.8 sec
 - d_sub 300 : OOB 0.2989 : L 19 : T 0.8 sec
 - d_sub 300 : OOB 0.2953 : L 20 : T 0.9 sec
 - d_sub 300 : OOB 0.2942 : L 21 : T 0.9 sec
 - d_sub 300 : OOB 0.2960 : L 22 : T 0.9 sec
 - d_sub 300 : OOB 0.2943 : L 23 : T 1.0 sec
 - d_sub 300 : OOB 0.2928 : L 24 : T 1.0 sec
 - d_sub 300 : OOB 0.2912 : L 25 : T 1.1 sec
 - d_sub 300 : OOB 0.2937 : L 26 : T 1.1 sec
 - d_sub 300 : OOB 0.2919 : L 27 : T 1.2 sec
 - d_sub 300 : OOB 0.2932 : L 28 : T 1.2 sec
 - d_sub 300 : OOB 0.2923 : L 29 : T 1.2 sec
 - d_sub 300 : OOB 0.2911 : L 30 : T 1.3 sec
# -------------------------
optimal d_sub 300 : OOB 0.2911 : L 30 : T 1.3 sec
# -------------------------
# Ensemble classification
#  - Training samples: 10000 (5000/5000)
#  - Feature-space dimensionality: 24157
#  - L : 30
#  - d_sub : 300
#  - Seed 1 (subspaces) : 812087822
#  - Seed 2 (bootstrap) : 548026367
# -------------------------

 - d_sub 300 : OOB 0.4332 : L 1 : T 0.1 sec
 - d_sub 300 : OOB 0.3904 : L 2 : T 0.1 sec
 - d_sub 300 : OOB 0.3735 : L 3 : T 0.1 sec
 - d_sub 300 : OOB 0.3530 : L 4 : T 0.2 sec
 - d_sub 300 : OOB 0.3381 : L 5 : T 0.2 sec
 - d_sub 300 : OOB 0.3325 : L 6 : T 0.3 sec
 - d_sub 300 : OOB 0.3170 : L 7 : T 0.3 sec
 - d_sub 300 : OOB 0.3172 : L 8 : T 0.3 sec
 - d_sub 300 : OOB 0.3098 : L 9 : T 0.4 sec
 - d_sub 300 : OOB 0.3082 : L 10 : T 0.4 sec
 - d_sub 300 : OOB 0.3040 : L 11 : T 0.5 sec
 - d_sub 300 : OOB 0.3033 : L 12 : T 0.5 sec
 - d_sub 300 : OOB 0.2977 : L 13 : T 0.6 sec
 - d_sub 300 : OOB 0.2997 : L 14 : T 0.6 sec
 - d_sub 300 : OOB 0.2953 : L 15 : T 0.6 sec
 - d_sub 300 : OOB 0.2936 : L 16 : T 0.7 sec
 - d_sub 300 : OOB 0.2952 : L 17 : T 0.7 sec
 - d_sub 300 : OOB 0.2965 : L 18 : T 0.8 sec
 - d_sub 300 : OOB 0.2978 : L 19 : T 0.8 sec
 - d_sub 300 : OOB 0.2954 : L 20 : T 0.9 sec
 - d_sub 300 : OOB 0.2962 : L 21 : T 0.9 sec
 - d_sub 300 : OOB 0.2956 : L 22 : T 0.9 sec
 - d_sub 300 : OOB 0.2921 : L 23 : T 1.0 sec
 - d_sub 300 : OOB 0.2907 : L 24 : T 1.0 sec
 - d_sub 300 : OOB 0.2893 : L 25 : T 1.1 sec
 - d_sub 300 : OOB 0.2928 : L 26 : T 1.1 sec
 - d_sub 300 : OOB 0.2907 : L 27 : T 1.2 sec
 - d_sub 300 : OOB 0.2914 : L 28 : T 1.2 sec
 - d_sub 300 : OOB 0.2887 : L 29 : T 1.2 sec
 - d_sub 300 : OOB 0.2895 : L 30 : T 1.3 sec
# -------------------------
optimal d_sub 300 : OOB 0.2895 : L 30 : T 1.3 sec
# -------------------------
# Ensemble classification
#  - Training samples: 10000 (5000/5000)
#  - Feature-space dimensionality: 24157
#  - L : 30
#  - d_sub : 300
#  - Seed 1 (subspaces) : 983363004
#  - Seed 2 (bootstrap) : 885548884
# -------------------------

 - d_sub 300 : OOB 0.4327 : L 1 : T 0.0 sec
 - d_sub 300 : OOB 0.3913 : L 2 : T 0.1 sec
 - d_sub 300 : OOB 0.3722 : L 3 : T 0.1 sec
 - d_sub 300 : OOB 0.3553 : L 4 : T 0.2 sec
 - d_sub 300 : OOB 0.3391 : L 5 : T 0.2 sec
 - d_sub 300 : OOB 0.3303 : L 6 : T 0.3 sec
 - d_sub 300 : OOB 0.3218 : L 7 : T 0.3 sec
 - d_sub 300 : OOB 0.3213 : L 8 : T 0.4 sec
 - d_sub 300 : OOB 0.3151 : L 9 : T 0.4 sec
 - d_sub 300 : OOB 0.3118 : L 10 : T 0.4 sec
 - d_sub 300 : OOB 0.3084 : L 11 : T 0.5 sec
 - d_sub 300 : OOB 0.3076 : L 12 : T 0.5 sec
 - d_sub 300 : OOB 0.3040 : L 13 : T 0.5 sec
 - d_sub 300 : OOB 0.3038 : L 14 : T 0.6 sec
 - d_sub 300 : OOB 0.3032 : L 15 : T 0.6 sec
 - d_sub 300 : OOB 0.3041 : L 16 : T 0.7 sec
 - d_sub 300 : OOB 0.3019 : L 17 : T 0.7 sec
 - d_sub 300 : OOB 0.2994 : L 18 : T 0.8 sec
 - d_sub 300 : OOB 0.3003 : L 19 : T 0.8 sec
 - d_sub 300 : OOB 0.2972 : L 20 : T 0.9 sec
 - d_sub 300 : OOB 0.2961 : L 21 : T 0.9 sec
 - d_sub 300 : OOB 0.2983 : L 22 : T 0.9 sec
 - d_sub 300 : OOB 0.2995 : L 23 : T 1.0 sec
 - d_sub 300 : OOB 0.2968 : L 24 : T 1.0 sec
 - d_sub 300 : OOB 0.2934 : L 25 : T 1.1 sec
 - d_sub 300 : OOB 0.2960 : L 26 : T 1.1 sec
 - d_sub 300 : OOB 0.2934 : L 27 : T 1.2 sec
 - d_sub 300 : OOB 0.2953 : L 28 : T 1.2 sec
 - d_sub 300 : OOB 0.2937 : L 29 : T 1.3 sec
 - d_sub 300 : OOB 0.2914 : L 30 : T 1.3 sec
# -------------------------
optimal d_sub 300 : OOB 0.2914 : L 30 : T 1.3 sec
# -------------------------
Average OOB error = 0.29085 (+/- 0.00152)
# -------------------------
# Ensemble classification
#  - Training samples: 10000 (5000/5000)
#  - Feature-space dimensionality: 24157
#  - L : 30
#  - d_sub : 300
#  - Seed 1 (subspaces) : 5
#  - Seed 2 (bootstrap) : 73
# -------------------------

 - d_sub 300 : OOB 0.4340 : L 1 : T 0.0 sec
 - d_sub 300 : OOB 0.3919 : L 2 : T 0.1 sec
 - d_sub 300 : OOB 0.3682 : L 3 : T 0.1 sec
 - d_sub 300 : OOB 0.3448 : L 4 : T 0.2 sec
 - d_sub 300 : OOB 0.3341 : L 5 : T 0.2 sec
 - d_sub 300 : OOB 0.3296 : L 6 : T 0.3 sec
 - d_sub 300 : OOB 0.3204 : L 7 : T 0.3 sec
 - d_sub 300 : OOB 0.3161 : L 8 : T 0.4 sec
 - d_sub 300 : OOB 0.3097 : L 9 : T 0.4 sec
 - d_sub 300 : OOB 0.3050 : L 10 : T 0.4 sec
 - d_sub 300 : OOB 0.3027 : L 11 : T 0.5 sec
 - d_sub 300 : OOB 0.2997 : L 12 : T 0.5 sec
 - d_sub 300 : OOB 0.2986 : L 13 : T 0.6 sec
 - d_sub 300 : OOB 0.3002 : L 14 : T 0.6 sec
 - d_sub 300 : OOB 0.2977 : L 15 : T 0.7 sec
 - d_sub 300 : OOB 0.2978 : L 16 : T 0.7 sec
 - d_sub 300 : OOB 0.2955 : L 17 : T 0.8 sec
 - d_sub 300 : OOB 0.2947 : L 18 : T 0.8 sec
 - d_sub 300 : OOB 0.2936 : L 19 : T 0.8 sec
 - d_sub 300 : OOB 0.2939 : L 20 : T 0.9 sec
 - d_sub 300 : OOB 0.2927 : L 21 : T 0.9 sec
 - d_sub 300 : OOB 0.2949 : L 22 : T 1.0 sec
 - d_sub 300 : OOB 0.2937 : L 23 : T 1.0 sec
 - d_sub 300 : OOB 0.2910 : L 24 : T 1.1 sec
 - d_sub 300 : OOB 0.2899 : L 25 : T 1.1 sec
 - d_sub 300 : OOB 0.2909 : L 26 : T 1.1 sec
 - d_sub 300 : OOB 0.2891 : L 27 : T 1.2 sec
 - d_sub 300 : OOB 0.2895 : L 28 : T 1.2 sec
 - d_sub 300 : OOB 0.2884 : L 29 : T 1.3 sec
 - d_sub 300 : OOB 0.2872 : L 30 : T 1.3 sec
# -------------------------
optimal d_sub 300 : OOB 0.2872 : L 30 : T 1.3 sec
OOB error = 0.2905
optimal d_sub 300 : OOB 0.2873 : L 30 : T 1.3 sec
optimal d_sub 300 : OOB 0.2817 : L 81 : T 3.6 sec
Testing error 1: 0.2854
optimal d_sub 300 : OOB 0.2854 : L 77 : T 3.6 sec
Testing error 2: 0.2813
optimal d_sub 300 : OOB 0.2865 : L 99 : T 4.7 sec
Testing error 3: 0.2815
optimal d_sub 300 : OOB 0.2863 : L 87 : T 3.9 sec
Testing error 4: 0.2836
optimal d_sub 300 : OOB 0.2871 : L 74 : T 3.2 sec
Testing error 5: 0.2836
optimal d_sub 300 : OOB 0.2840 : L 98 : T 4.6 sec
Testing error 6: 0.2851
optimal d_sub 300 : OOB 0.2946 : L 85 : T 3.9 sec
Testing error 7: 0.2820
optimal d_sub 300 : OOB 0.2948 : L 78 : T 3.6 sec
Testing error 8: 0.2818
optimal d_sub 300 : OOB 0.2956 : L 82 : T 3.7 sec
Testing error 9: 0.2803
optimal d_sub 300 : OOB 0.2910 : L 91 : T 4.2 sec
Testing error 10: 0.2767
---
Average testing error over 10 splits: 0.2821 (+/- 0.0025)
