# -------------------------
# Ensemble classification
#  - Training samples: 10000 (5000/5000)
#  - Feature-space dimensionality: 24157
#  - L : automatic (min 25, max 500, length 50, eps 0.00500)
#  - d_sub : automatic (Eoob tolerance 0.0200, step 200)
#  - Seed 1 (subspaces) : 968440548
#  - Seed 2 (bootstrap) : 846009319
# -------------------------

 - d_sub 200 : OOB 0.4646 : L 1 : T 0.0 sec
 - d_sub 200 : OOB 0.4416 : L 2 : T 0.0 sec
 - d_sub 200 : OOB 0.4351 : L 3 : T 0.1 sec
 - d_sub 200 : OOB 0.4286 : L 4 : T 0.1 sec
 - d_sub 200 : OOB 0.4223 : L 5 : T 0.1 sec
 - d_sub 200 : OOB 0.4169 : L 6 : T 0.2 sec
 - d_sub 200 : OOB 0.4177 : L 7 : T 0.2 sec
 - d_sub 200 : OOB 0.4118 : L 8 : T 0.3 sec
 - d_sub 200 : OOB 0.4075 : L 9 : T 0.3 sec
 - d_sub 200 : OOB 0.4048 : L 10 : T 0.3 sec
 - d_sub 200 : OOB 0.4026 : L 11 : T 0.3 sec
 - d_sub 200 : OOB 0.4050 : L 12 : T 0.4 sec
 - d_sub 200 : OOB 0.3983 : L 13 : T 0.4 sec
 - d_sub 200 : OOB 0.3965 : L 14 : T 0.4 sec
 - d_sub 200 : OOB 0.3984 : L 15 : T 0.5 sec
 - d_sub 200 : OOB 0.3942 : L 16 : T 0.5 sec
 - d_sub 200 : OOB 0.3953 : L 17 : T 0.5 sec
 - d_sub 200 : OOB 0.3965 : L 18 : T 0.5 sec
 - d_sub 200 : OOB 0.3943 : L 19 : T 0.6 sec
 - d_sub 200 : OOB 0.3943 : L 20 : T 0.6 sec
 - d_sub 200 : OOB 0.3934 : L 21 : T 0.6 sec
 - d_sub 200 : OOB 0.3930 : L 22 : T 0.7 sec
 - d_sub 200 : OOB 0.3905 : L 23 : T 0.7 sec
 - d_sub 200 : OOB 0.3901 : L 24 : T 0.7 sec
 - d_sub 200 : OOB 0.3912 : L 25 : T 0.7 sec
 - d_sub 200 : OOB 0.3901 : L 26 : T 0.8 sec
 - d_sub 200 : OOB 0.3936 : L 27 : T 0.8 sec
 - d_sub 200 : OOB 0.3908 : L 28 : T 0.8 sec
 - d_sub 200 : OOB 0.3894 : L 29 : T 0.8 sec
 - d_sub 200 : OOB 0.3898 : L 30 : T 0.9 sec
 - d_sub 200 : OOB 0.3869 : L 31 : T 0.9 sec
 - d_sub 200 : OOB 0.3879 : L 32 : T 0.9 sec
 - d_sub 200 : OOB 0.3880 : L 33 : T 0.9 sec
 - d_sub 200 : OOB 0.3876 : L 34 : T 1.0 sec
 - d_sub 200 : OOB 0.3875 : L 35 : T 1.0 sec
 - d_sub 200 : OOB 0.3871 : L 36 : T 1.0 sec
 - d_sub 200 : OOB 0.3877 : L 37 : T 1.1 sec
 - d_sub 200 : OOB 0.3882 : L 38 : T 1.1 sec
 - d_sub 200 : OOB 0.3867 : L 39 : T 1.1 sec
 - d_sub 200 : OOB 0.3872 : L 40 : T 1.1 sec
 - d_sub 200 : OOB 0.3881 : L 41 : T 1.2 sec
 - d_sub 200 : OOB 0.3874 : L 42 : T 1.2 sec
 - d_sub 200 : OOB 0.3877 : L 43 : T 1.2 sec
 - d_sub 200 : OOB 0.3898 : L 44 : T 1.2 sec
 - d_sub 200 : OOB 0.3886 : L 45 : T 1.3 sec
 - d_sub 200 : OOB 0.3866 : L 46 : T 1.3 sec
 - d_sub 200 : OOB 0.3864 : L 47 : T 1.3 sec
 - d_sub 200 : OOB 0.3879 : L 48 : T 1.4 sec
 - d_sub 200 : OOB 0.3862 : L 49 : T 1.4 sec
 - d_sub 200 : OOB 0.3849 : L 50 : T 1.4 sec
 - d_sub 200 : OOB 0.3874 : L 51 : T 1.4 sec
 - d_sub 200 : OOB 0.3890 : L 52 : T 1.5 sec
 - d_sub 200 : OOB 0.3870 : L 53 : T 1.5 sec
 - d_sub 200 : OOB 0.3867 : L 54 : T 1.5 sec
 - d_sub 200 : OOB 0.3861 : L 55 : T 1.5 sec
 - d_sub 200 : OOB 0.3844 : L 56 : T 1.6 sec
 - d_sub 200 : OOB 0.3852 : L 57 : T 1.6 sec
 - d_sub 200 : OOB 0.3844 : L 58 : T 1.6 sec
 - d_sub 200 : OOB 0.3857 : L 59 : T 1.7 sec
 - d_sub 200 : OOB 0.3834 : L 60 : T 1.7 sec
 - d_sub 200 : OOB 0.3832 : L 61 : T 1.7 sec
 - d_sub 200 : OOB 0.3845 : L 62 : T 1.8 sec
 - d_sub 200 : OOB 0.3847 : L 63 : T 1.8 sec
 - d_sub 200 : OOB 0.3845 : L 64 : T 1.8 sec
 - d_sub 200 : OOB 0.3848 : L 65 : T 1.8 sec
 - d_sub 200 : OOB 0.3846 : L 66 : T 1.9 sec
 - d_sub 200 : OOB 0.3843 : L 67 : T 1.9 sec
 - d_sub 200 : OOB 0.3822 : L 68 : T 1.9 sec
 - d_sub 200 : OOB 0.3839 : L 69 : T 1.9 sec
 - d_sub 200 : OOB 0.3827 : L 70 : T 2.0 sec
 - d_sub 200 : OOB 0.3832 : L 71 : T 2.0 sec
 - d_sub 200 : OOB 0.3828 : L 72 : T 2.0 sec
 - d_sub 200 : OOB 0.3818 : L 73 : T 2.1 sec
 - d_sub 200 : OOB 0.3805 : L 74 : T 2.1 sec
 - d_sub 200 : OOB 0.3821 : L 75 : T 2.1 sec
 - d_sub 200 : OOB 0.3835 : L 76 : T 2.1 sec
 - d_sub 200 : OOB 0.3824 : L 77 : T 2.2 sec
 - d_sub 200 : OOB 0.3834 : L 78 : T 2.2 sec
 - d_sub 200 : OOB 0.3829 : L 79 : T 2.2 sec
 - d_sub 200 : OOB 0.3814 : L 80 : T 2.3 sec
 - d_sub 200 : OOB 0.3828 : L 81 : T 2.3 sec
 - d_sub 200 : OOB 0.3824 : L 82 : T 2.3 sec
 - d_sub 200 : OOB 0.3830 : L 83 : T 2.3 sec
 - d_sub 200 : OOB 0.3819 : L 84 : T 2.4 sec
 - d_sub 200 : OOB 0.3833 : L 85 : T 2.4 sec
 - d_sub 200 : OOB 0.3826 : L 86 : T 2.4 sec
 - d_sub 200 : OOB 0.3829 : L 87 : T 2.5 sec
 - d_sub 200 : OOB 0.3816 : L 88 : T 2.5 sec
 - d_sub 200 : OOB 0.3809 : L 89 : T 2.5 sec
 - d_sub 200 : OOB 0.3814 : L 90 : T 2.5 sec
 - d_sub 200 : OOB 0.3818 : L 91 : T 2.6 sec
 - d_sub 200 : OOB 0.3818 : L 92 : T 2.6 sec
 - d_sub 200 : OOB 0.3820 : L 93 : T 2.6 sec
 - d_sub 200 : OOB 0.3831 : L 94 : T 2.7 sec
 - d_sub 200 : OOB 0.3825 : L 95 : T 2.7 sec
 - d_sub 200 : OOB 0.3827 : L 96 : T 2.7 sec
 - d_sub 200 : OOB 0.3828 : L 97 : T 2.7 sec
 - d_sub 200 : OOB 0.3816 : L 98 : T 2.8 sec
 - d_sub 200 : OOB 0.3812 : L 99 : T 2.8 sec
 - d_sub 200 : OOB 0.3812 : L 100 : T 2.8 sec
 - d_sub 200 : OOB 0.3833 : L 101 : T 2.9 sec
 - d_sub 200 : OOB 0.3837 : L 102 : T 2.9 sec

 - d_sub 400 : OOB 0.4577 : L 1 : T 0.1 sec
 - d_sub 400 : OOB 0.4344 : L 2 : T 0.1 sec
 - d_sub 400 : OOB 0.4233 : L 3 : T 0.2 sec
 - d_sub 400 : OOB 0.4150 : L 4 : T 0.2 sec
 - d_sub 400 : OOB 0.4048 : L 5 : T 0.3 sec
 - d_sub 400 : OOB 0.4001 : L 6 : T 0.4 sec
 - d_sub 400 : OOB 0.3910 : L 7 : T 0.4 sec
 - d_sub 400 : OOB 0.3832 : L 8 : T 0.5 sec
 - d_sub 400 : OOB 0.3825 : L 9 : T 0.5 sec
 - d_sub 400 : OOB 0.3796 : L 10 : T 0.6 sec
 - d_sub 400 : OOB 0.3774 : L 11 : T 0.6 sec
 - d_sub 400 : OOB 0.3773 : L 12 : T 0.7 sec
 - d_sub 400 : OOB 0.3724 : L 13 : T 0.7 sec
 - d_sub 400 : OOB 0.3739 : L 14 : T 0.8 sec
 - d_sub 400 : OOB 0.3707 : L 15 : T 0.9 sec
 - d_sub 400 : OOB 0.3733 : L 16 : T 0.9 sec
 - d_sub 400 : OOB 0.3720 : L 17 : T 1.0 sec
 - d_sub 400 : OOB 0.3708 : L 18 : T 1.0 sec
 - d_sub 400 : OOB 0.3731 : L 19 : T 1.1 sec
 - d_sub 400 : OOB 0.3726 : L 20 : T 1.1 sec
 - d_sub 400 : OOB 0.3726 : L 21 : T 1.2 sec
 - d_sub 400 : OOB 0.3730 : L 22 : T 1.2 sec
 - d_sub 400 : OOB 0.3739 : L 23 : T 1.3 sec
 - d_sub 400 : OOB 0.3713 : L 24 : T 1.4 sec
 - d_sub 400 : OOB 0.3717 : L 25 : T 1.4 sec
 - d_sub 400 : OOB 0.3706 : L 26 : T 1.5 sec
 - d_sub 400 : OOB 0.3703 : L 27 : T 1.5 sec
 - d_sub 400 : OOB 0.3685 : L 28 : T 1.6 sec
 - d_sub 400 : OOB 0.3695 : L 29 : T 1.6 sec
 - d_sub 400 : OOB 0.3683 : L 30 : T 1.7 sec
 - d_sub 400 : OOB 0.3694 : L 31 : T 1.7 sec
 - d_sub 400 : OOB 0.3686 : L 32 : T 1.8 sec
 - d_sub 400 : OOB 0.3653 : L 33 : T 1.9 sec
 - d_sub 400 : OOB 0.3656 : L 34 : T 1.9 sec
 - d_sub 400 : OOB 0.3658 : L 35 : T 2.0 sec
 - d_sub 400 : OOB 0.3656 : L 36 : T 2.0 sec
 - d_sub 400 : OOB 0.3650 : L 37 : T 2.1 sec
 - d_sub 400 : OOB 0.3671 : L 38 : T 2.1 sec
 - d_sub 400 : OOB 0.3660 : L 39 : T 2.2 sec
 - d_sub 400 : OOB 0.3661 : L 40 : T 2.2 sec
 - d_sub 400 : OOB 0.3657 : L 41 : T 2.3 sec
 - d_sub 400 : OOB 0.3666 : L 42 : T 2.3 sec
 - d_sub 400 : OOB 0.3671 : L 43 : T 2.4 sec
 - d_sub 400 : OOB 0.3650 : L 44 : T 2.4 sec
 - d_sub 400 : OOB 0.3640 : L 45 : T 2.5 sec
 - d_sub 400 : OOB 0.3652 : L 46 : T 2.6 sec
 - d_sub 400 : OOB 0.3658 : L 47 : T 2.6 sec
 - d_sub 400 : OOB 0.3646 : L 48 : T 2.7 sec
 - d_sub 400 : OOB 0.3664 : L 49 : T 2.7 sec
 - d_sub 400 : OOB 0.3644 : L 50 : T 2.8 sec
 - d_sub 400 : OOB 0.3664 : L 51 : T 2.9 sec
 - d_sub 400 : OOB 0.3650 : L 52 : T 3.1 sec
 - d_sub 400 : OOB 0.3651 : L 53 : T 3.3 sec
 - d_sub 400 : OOB 0.3657 : L 54 : T 3.5 sec
 - d_sub 400 : OOB 0.3649 : L 55 : T 3.6 sec
 - d_sub 400 : OOB 0.3634 : L 56 : T 3.7 sec
 - d_sub 400 : OOB 0.3663 : L 57 : T 3.7 sec
 - d_sub 400 : OOB 0.3651 : L 58 : T 3.8 sec
 - d_sub 400 : OOB 0.3650 : L 59 : T 3.9 sec
 - d_sub 400 : OOB 0.3643 : L 60 : T 3.9 sec
 - d_sub 400 : OOB 0.3650 : L 61 : T 4.0 sec
 - d_sub 400 : OOB 0.3652 : L 62 : T 4.1 sec
 - d_sub 400 : OOB 0.3648 : L 63 : T 4.2 sec
 - d_sub 400 : OOB 0.3647 : L 64 : T 4.4 sec
 - d_sub 400 : OOB 0.3643 : L 65 : T 4.5 sec
 - d_sub 400 : OOB 0.3621 : L 66 : T 4.6 sec
 - d_sub 400 : OOB 0.3640 : L 67 : T 4.7 sec
 - d_sub 400 : OOB 0.3646 : L 68 : T 4.7 sec
 - d_sub 400 : OOB 0.3644 : L 69 : T 4.8 sec
 - d_sub 400 : OOB 0.3649 : L 70 : T 4.8 sec
 - d_sub 400 : OOB 0.3658 : L 71 : T 4.9 sec
 - d_sub 400 : OOB 0.3627 : L 72 : T 5.0 sec
 - d_sub 400 : OOB 0.3663 : L 73 : T 5.0 sec
 - d_sub 400 : OOB 0.3645 : L 74 : T 5.1 sec
 - d_sub 400 : OOB 0.3656 : L 75 : T 5.1 sec
 - d_sub 400 : OOB 0.3625 : L 76 : T 5.2 sec
 - d_sub 400 : OOB 0.3635 : L 77 : T 5.3 sec

 - d_sub 600 : OOB 0.4578 : L 1 : T 0.1 sec
 - d_sub 600 : OOB 0.4262 : L 2 : T 0.2 sec
 - d_sub 600 : OOB 0.4109 : L 3 : T 0.3 sec
 - d_sub 600 : OOB 0.3982 : L 4 : T 0.4 sec
 - d_sub 600 : OOB 0.3886 : L 5 : T 0.5 sec
 - d_sub 600 : OOB 0.3860 : L 6 : T 0.7 sec
 - d_sub 600 : OOB 0.3771 : L 7 : T 0.9 sec
 - d_sub 600 : OOB 0.3709 : L 8 : T 1.3 sec
 - d_sub 600 : OOB 0.3712 : L 9 : T 1.5 sec
 - d_sub 600 : OOB 0.3695 : L 10 : T 1.6 sec
 - d_sub 600 : OOB 0.3632 : L 11 : T 1.7 sec
 - d_sub 600 : OOB 0.3650 : L 12 : T 1.8 sec
 - d_sub 600 : OOB 0.3623 : L 13 : T 1.9 sec
 - d_sub 600 : OOB 0.3639 : L 14 : T 2.1 sec
 - d_sub 600 : OOB 0.3623 : L 15 : T 2.2 sec
 - d_sub 600 : OOB 0.3619 : L 16 : T 2.3 sec
 - d_sub 600 : OOB 0.3600 : L 17 : T 2.4 sec
 - d_sub 600 : OOB 0.3588 : L 18 : T 2.5 sec
 - d_sub 600 : OOB 0.3591 : L 19 : T 2.6 sec
 - d_sub 600 : OOB 0.3596 : L 20 : T 2.7 sec
 - d_sub 600 : OOB 0.3553 : L 21 : T 2.8 sec
 - d_sub 600 : OOB 0.3556 : L 22 : T 2.9 sec
 - d_sub 600 : OOB 0.3580 : L 23 : T 3.0 sec
 - d_sub 600 : OOB 0.3553 : L 24 : T 3.1 sec
 - d_sub 600 : OOB 0.3542 : L 25 : T 3.2 sec
 - d_sub 600 : OOB 0.3528 : L 26 : T 3.3 sec
 - d_sub 600 : OOB 0.3527 : L 27 : T 3.4 sec
 - d_sub 600 : OOB 0.3531 : L 28 : T 3.5 sec
 - d_sub 600 : OOB 0.3514 : L 29 : T 3.7 sec
 - d_sub 600 : OOB 0.3539 : L 30 : T 3.8 sec
 - d_sub 600 : OOB 0.3527 : L 31 : T 3.9 sec
 - d_sub 600 : OOB 0.3521 : L 32 : T 4.1 sec
 - d_sub 600 : OOB 0.3531 : L 33 : T 4.2 sec
 - d_sub 600 : OOB 0.3536 : L 34 : T 4.3 sec
 - d_sub 600 : OOB 0.3506 : L 35 : T 4.4 sec
 - d_sub 600 : OOB 0.3525 : L 36 : T 4.6 sec
 - d_sub 600 : OOB 0.3530 : L 37 : T 4.6 sec
 - d_sub 600 : OOB 0.3521 : L 38 : T 4.7 sec
 - d_sub 600 : OOB 0.3516 : L 39 : T 4.8 sec
 - d_sub 600 : OOB 0.3513 : L 40 : T 4.9 sec
 - d_sub 600 : OOB 0.3538 : L 41 : T 5.0 sec
 - d_sub 600 : OOB 0.3514 : L 42 : T 5.1 sec
 - d_sub 600 : OOB 0.3540 : L 43 : T 5.2 sec
 - d_sub 600 : OOB 0.3529 : L 44 : T 5.3 sec
 - d_sub 600 : OOB 0.3533 : L 45 : T 5.4 sec
 - d_sub 600 : OOB 0.3509 : L 46 : T 5.5 sec
 - d_sub 600 : OOB 0.3512 : L 47 : T 5.6 sec
 - d_sub 600 : OOB 0.3509 : L 48 : T 5.7 sec
 - d_sub 600 : OOB 0.3474 : L 49 : T 5.8 sec
 - d_sub 600 : OOB 0.3517 : L 50 : T 6.0 sec
 - d_sub 600 : OOB 0.3512 : L 51 : T 6.1 sec
 - d_sub 600 : OOB 0.3522 : L 52 : T 6.2 sec
 - d_sub 600 : OOB 0.3490 : L 53 : T 6.3 sec
 - d_sub 600 : OOB 0.3485 : L 54 : T 6.5 sec
 - d_sub 600 : OOB 0.3493 : L 55 : T 6.6 sec
 - d_sub 600 : OOB 0.3486 : L 56 : T 6.8 sec
 - d_sub 600 : OOB 0.3511 : L 57 : T 6.9 sec
 - d_sub 600 : OOB 0.3501 : L 58 : T 7.0 sec
 - d_sub 600 : OOB 0.3493 : L 59 : T 7.1 sec
 - d_sub 600 : OOB 0.3502 : L 60 : T 7.2 sec
 - d_sub 600 : OOB 0.3486 : L 61 : T 7.3 sec
 - d_sub 600 : OOB 0.3489 : L 62 : T 7.4 sec
 - d_sub 600 : OOB 0.3511 : L 63 : T 7.5 sec
 - d_sub 600 : OOB 0.3485 : L 64 : T 7.6 sec
 - d_sub 600 : OOB 0.3487 : L 65 : T 7.7 sec
 - d_sub 600 : OOB 0.3504 : L 66 : T 7.8 sec
 - d_sub 600 : OOB 0.3487 : L 67 : T 7.9 sec
 - d_sub 600 : OOB 0.3464 : L 68 : T 8.0 sec
 - d_sub 600 : OOB 0.3467 : L 69 : T 8.1 sec
 - d_sub 600 : OOB 0.3493 : L 70 : T 8.2 sec
 - d_sub 600 : OOB 0.3496 : L 71 : T 8.3 sec
 - d_sub 600 : OOB 0.3499 : L 72 : T 8.4 sec
 - d_sub 600 : OOB 0.3500 : L 73 : T 8.5 sec
 - d_sub 600 : OOB 0.3498 : L 74 : T 8.6 sec

 - d_sub 800 : OOB 0.4512 : L 1 : T 0.1 sec
 - d_sub 800 : OOB 0.4207 : L 2 : T 0.4 sec
 - d_sub 800 : OOB 0.4074 : L 3 : T 0.5 sec
 - d_sub 800 : OOB 0.3978 : L 4 : T 0.7 sec
 - d_sub 800 : OOB 0.3874 : L 5 : T 0.9 sec
 - d_sub 800 : OOB 0.3802 : L 6 : T 1.1 sec
 - d_sub 800 : OOB 0.3765 : L 7 : T 1.3 sec
 - d_sub 800 : OOB 0.3683 : L 8 : T 1.7 sec
 - d_sub 800 : OOB 0.3664 : L 9 : T 1.9 sec
 - d_sub 800 : OOB 0.3625 : L 10 : T 2.1 sec
 - d_sub 800 : OOB 0.3598 : L 11 : T 2.3 sec
 - d_sub 800 : OOB 0.3599 : L 12 : T 2.4 sec
 - d_sub 800 : OOB 0.3574 : L 13 : T 2.6 sec
 - d_sub 800 : OOB 0.3600 : L 14 : T 2.7 sec
 - d_sub 800 : OOB 0.3578 : L 15 : T 2.8 sec
 - d_sub 800 : OOB 0.3570 : L 16 : T 3.0 sec
 - d_sub 800 : OOB 0.3551 : L 17 : T 3.1 sec
 - d_sub 800 : OOB 0.3530 : L 18 : T 3.3 sec
 - d_sub 800 : OOB 0.3510 : L 19 : T 3.4 sec
 - d_sub 800 : OOB 0.3513 : L 20 : T 3.6 sec
 - d_sub 800 : OOB 0.3499 : L 21 : T 3.7 sec
 - d_sub 800 : OOB 0.3518 : L 22 : T 3.9 sec
 - d_sub 800 : OOB 0.3492 : L 23 : T 4.1 sec
 - d_sub 800 : OOB 0.3471 : L 24 : T 4.2 sec
 - d_sub 800 : OOB 0.3478 : L 25 : T 4.4 sec
 - d_sub 800 : OOB 0.3470 : L 26 : T 4.5 sec
 - d_sub 800 : OOB 0.3472 : L 27 : T 4.7 sec
 - d_sub 800 : OOB 0.3456 : L 28 : T 4.9 sec
 - d_sub 800 : OOB 0.3462 : L 29 : T 5.1 sec
 - d_sub 800 : OOB 0.3486 : L 30 : T 5.3 sec
 - d_sub 800 : OOB 0.3458 : L 31 : T 5.4 sec
 - d_sub 800 : OOB 0.3464 : L 32 : T 5.6 sec
 - d_sub 800 : OOB 0.3461 : L 33 : T 5.7 sec
 - d_sub 800 : OOB 0.3433 : L 34 : T 5.9 sec
 - d_sub 800 : OOB 0.3442 : L 35 : T 6.0 sec
 - d_sub 800 : OOB 0.3449 : L 36 : T 6.1 sec
 - d_sub 800 : OOB 0.3454 : L 37 : T 6.3 sec
 - d_sub 800 : OOB 0.3463 : L 38 : T 6.4 sec
 - d_sub 800 : OOB 0.3460 : L 39 : T 6.5 sec
 - d_sub 800 : OOB 0.3451 : L 40 : T 6.7 sec
 - d_sub 800 : OOB 0.3459 : L 41 : T 6.8 sec
 - d_sub 800 : OOB 0.3460 : L 42 : T 7.0 sec
 - d_sub 800 : OOB 0.3448 : L 43 : T 7.1 sec
 - d_sub 800 : OOB 0.3445 : L 44 : T 7.2 sec
 - d_sub 800 : OOB 0.3442 : L 45 : T 7.4 sec
 - d_sub 800 : OOB 0.3421 : L 46 : T 7.5 sec
 - d_sub 800 : OOB 0.3422 : L 47 : T 7.6 sec
 - d_sub 800 : OOB 0.3429 : L 48 : T 7.8 sec
 - d_sub 800 : OOB 0.3426 : L 49 : T 7.9 sec
 - d_sub 800 : OOB 0.3453 : L 50 : T 8.1 sec
 - d_sub 800 : OOB 0.3435 : L 51 : T 8.2 sec
 - d_sub 800 : OOB 0.3446 : L 52 : T 8.4 sec
 - d_sub 800 : OOB 0.3448 : L 53 : T 8.5 sec
 - d_sub 800 : OOB 0.3444 : L 54 : T 8.6 sec
 - d_sub 800 : OOB 0.3457 : L 55 : T 8.8 sec
 - d_sub 800 : OOB 0.3449 : L 56 : T 8.9 sec
 - d_sub 800 : OOB 0.3435 : L 57 : T 9.0 sec
 - d_sub 800 : OOB 0.3445 : L 58 : T 9.2 sec
 - d_sub 800 : OOB 0.3443 : L 59 : T 9.3 sec
 - d_sub 800 : OOB 0.3429 : L 60 : T 9.4 sec
 - d_sub 800 : OOB 0.3431 : L 61 : T 9.6 sec
 - d_sub 800 : OOB 0.3446 : L 62 : T 9.7 sec
 - d_sub 800 : OOB 0.3433 : L 63 : T 9.8 sec
 - d_sub 800 : OOB 0.3444 : L 64 : T 10.0 sec
 - d_sub 800 : OOB 0.3452 : L 65 : T 10.1 sec
 - d_sub 800 : OOB 0.3441 : L 66 : T 10.3 sec
 - d_sub 800 : OOB 0.3430 : L 67 : T 10.4 sec
 - d_sub 800 : OOB 0.3425 : L 68 : T 10.5 sec
 - d_sub 800 : OOB 0.3442 : L 69 : T 10.7 sec
 - d_sub 800 : OOB 0.3439 : L 70 : T 10.8 sec
 - d_sub 800 : OOB 0.3444 : L 71 : T 10.9 sec
 - d_sub 800 : OOB 0.3456 : L 72 : T 11.0 sec

 - d_sub 1000 : OOB 0.4530 : L 1 : T 0.2 sec
 - d_sub 1000 : OOB 0.4205 : L 2 : T 0.4 sec
 - d_sub 1000 : OOB 0.4052 : L 3 : T 0.7 sec
 - d_sub 1000 : OOB 0.3942 : L 4 : T 0.9 sec
 - d_sub 1000 : OOB 0.3805 : L 5 : T 1.1 sec
 - d_sub 1000 : OOB 0.3758 : L 6 : T 1.3 sec
 - d_sub 1000 : OOB 0.3725 : L 7 : T 1.5 sec
 - d_sub 1000 : OOB 0.3655 : L 8 : T 1.7 sec
 - d_sub 1000 : OOB 0.3626 : L 9 : T 2.3 sec
 - d_sub 1000 : OOB 0.3604 : L 10 : T 2.8 sec
 - d_sub 1000 : OOB 0.3587 : L 11 : T 4.4 sec
 - d_sub 1000 : OOB 0.3578 : L 12 : T 4.7 sec
 - d_sub 1000 : OOB 0.3529 : L 13 : T 4.9 sec
 - d_sub 1000 : OOB 0.3532 : L 14 : T 5.1 sec
 - d_sub 1000 : OOB 0.3512 : L 15 : T 5.3 sec
 - d_sub 1000 : OOB 0.3511 : L 16 : T 5.5 sec
 - d_sub 1000 : OOB 0.3515 : L 17 : T 5.7 sec
 - d_sub 1000 : OOB 0.3500 : L 18 : T 6.0 sec
 - d_sub 1000 : OOB 0.3484 : L 19 : T 7.0 sec
 - d_sub 1000 : OOB 0.3460 : L 20 : T 7.2 sec
 - d_sub 1000 : OOB 0.3487 : L 21 : T 7.5 sec
 - d_sub 1000 : OOB 0.3485 : L 22 : T 7.7 sec
 - d_sub 1000 : OOB 0.3502 : L 23 : T 7.9 sec
 - d_sub 1000 : OOB 0.3492 : L 24 : T 8.1 sec
 - d_sub 1000 : OOB 0.3480 : L 25 : T 8.4 sec
 - d_sub 1000 : OOB 0.3473 : L 26 : T 8.6 sec
 - d_sub 1000 : OOB 0.3464 : L 27 : T 8.8 sec
 - d_sub 1000 : OOB 0.3493 : L 28 : T 9.0 sec
 - d_sub 1000 : OOB 0.3475 : L 29 : T 10.2 sec
 - d_sub 1000 : OOB 0.3479 : L 30 : T 10.4 sec
 - d_sub 1000 : OOB 0.3469 : L 31 : T 10.7 sec
 - d_sub 1000 : OOB 0.3471 : L 32 : T 10.9 sec
 - d_sub 1000 : OOB 0.3459 : L 33 : T 11.1 sec
 - d_sub 1000 : OOB 0.3446 : L 34 : T 11.3 sec
 - d_sub 1000 : OOB 0.3447 : L 35 : T 11.5 sec
 - d_sub 1000 : OOB 0.3452 : L 36 : T 11.7 sec
 - d_sub 1000 : OOB 0.3429 : L 37 : T 11.9 sec
 - d_sub 1000 : OOB 0.3422 : L 38 : T 12.1 sec
 - d_sub 1000 : OOB 0.3435 : L 39 : T 12.4 sec
 - d_sub 1000 : OOB 0.3439 : L 40 : T 12.6 sec
 - d_sub 1000 : OOB 0.3432 : L 41 : T 12.8 sec
 - d_sub 1000 : OOB 0.3422 : L 42 : T 13.0 sec
 - d_sub 1000 : OOB 0.3422 : L 43 : T 13.2 sec
 - d_sub 1000 : OOB 0.3435 : L 44 : T 13.4 sec
 - d_sub 1000 : OOB 0.3412 : L 45 : T 13.6 sec
 - d_sub 1000 : OOB 0.3430 : L 46 : T 13.8 sec
 - d_sub 1000 : OOB 0.3416 : L 47 : T 14.0 sec
 - d_sub 1000 : OOB 0.3429 : L 48 : T 14.2 sec
 - d_sub 1000 : OOB 0.3433 : L 49 : T 14.4 sec
 - d_sub 1000 : OOB 0.3420 : L 50 : T 15.4 sec
 - d_sub 1000 : OOB 0.3451 : L 51 : T 15.6 sec
 - d_sub 1000 : OOB 0.3430 : L 52 : T 16.6 sec
 - d_sub 1000 : OOB 0.3421 : L 53 : T 17.6 sec
 - d_sub 1000 : OOB 0.3412 : L 54 : T 17.8 sec
 - d_sub 1000 : OOB 0.3427 : L 55 : T 18.1 sec
 - d_sub 1000 : OOB 0.3414 : L 56 : T 18.3 sec
 - d_sub 1000 : OOB 0.3390 : L 57 : T 18.5 sec
 - d_sub 1000 : OOB 0.3411 : L 58 : T 18.8 sec
 - d_sub 1000 : OOB 0.3396 : L 59 : T 19.0 sec
 - d_sub 1000 : OOB 0.3385 : L 60 : T 20.5 sec
 - d_sub 1000 : OOB 0.3386 : L 61 : T 20.7 sec
 - d_sub 1000 : OOB 0.3380 : L 62 : T 20.9 sec
 - d_sub 1000 : OOB 0.3367 : L 63 : T 21.1 sec
 - d_sub 1000 : OOB 0.3374 : L 64 : T 21.3 sec
 - d_sub 1000 : OOB 0.3385 : L 65 : T 21.5 sec
 - d_sub 1000 : OOB 0.3374 : L 66 : T 21.7 sec
 - d_sub 1000 : OOB 0.3363 : L 67 : T 22.0 sec
 - d_sub 1000 : OOB 0.3349 : L 68 : T 22.2 sec
 - d_sub 1000 : OOB 0.3338 : L 69 : T 22.4 sec
 - d_sub 1000 : OOB 0.3354 : L 70 : T 23.7 sec
 - d_sub 1000 : OOB 0.3367 : L 71 : T 24.5 sec
 - d_sub 1000 : OOB 0.3351 : L 72 : T 25.2 sec
 - d_sub 1000 : OOB 0.3349 : L 73 : T 26.2 sec
 - d_sub 1000 : OOB 0.3347 : L 74 : T 26.6 sec
 - d_sub 1000 : OOB 0.3355 : L 75 : T 26.9 sec
 - d_sub 1000 : OOB 0.3377 : L 76 : T 27.5 sec
 - d_sub 1000 : OOB 0.3377 : L 77 : T 27.8 sec
 - d_sub 1000 : OOB 0.3372 : L 78 : T 28.3 sec
 - d_sub 1000 : OOB 0.3359 : L 79 : T 28.6 sec
 - d_sub 1000 : OOB 0.3366 : L 80 : T 30.5 sec
 - d_sub 1000 : OOB 0.3371 : L 81 : T 31.9 sec
 - d_sub 1000 : OOB 0.3364 : L 82 : T 32.4 sec
 - d_sub 1000 : OOB 0.3381 : L 83 : T 32.6 sec
 - d_sub 1000 : OOB 0.3388 : L 84 : T 32.8 sec
 - d_sub 1000 : OOB 0.3374 : L 85 : T 33.7 sec
 - d_sub 1000 : OOB 0.3381 : L 86 : T 35.0 sec
 - d_sub 1000 : OOB 0.3364 : L 87 : T 35.3 sec
 - d_sub 1000 : OOB 0.3372 : L 88 : T 35.5 sec
 - d_sub 1000 : OOB 0.3370 : L 89 : T 35.7 sec
 - d_sub 1000 : OOB 0.3372 : L 90 : T 35.9 sec
 - d_sub 1000 : OOB 0.3367 : L 91 : T 36.1 sec
 - d_sub 1000 : OOB 0.3363 : L 92 : T 36.3 sec
 - d_sub 1000 : OOB 0.3381 : L 93 : T 36.5 sec
 - d_sub 1000 : OOB 0.3372 : L 94 : T 36.9 sec
 - d_sub 1000 : OOB 0.3375 : L 95 : T 37.1 sec
 - d_sub 1000 : OOB 0.3377 : L 96 : T 37.4 sec
 - d_sub 1000 : OOB 0.3388 : L 97 : T 38.6 sec
 - d_sub 1000 : OOB 0.3371 : L 98 : T 40.0 sec
 - d_sub 1000 : OOB 0.3350 : L 99 : T 40.3 sec
 - d_sub 1000 : OOB 0.3343 : L 100 : T 40.5 sec
 - d_sub 1000 : OOB 0.3372 : L 101 : T 40.7 sec
 - d_sub 1000 : OOB 0.3354 : L 102 : T 40.9 sec
 - d_sub 1000 : OOB 0.3347 : L 103 : T 41.1 sec
 - d_sub 1000 : OOB 0.3352 : L 104 : T 41.4 sec
 - d_sub 1000 : OOB 0.3360 : L 105 : T 42.3 sec

 - d_sub 1200 : OOB 0.4511 : L 1 : T 0.6 sec
 - d_sub 1200 : OOB 0.4254 : L 2 : T 1.0 sec
 - d_sub 1200 : OOB 0.4127 : L 3 : T 1.9 sec
 - d_sub 1200 : OOB 0.4031 : L 4 : T 3.4 sec
 - d_sub 1200 : OOB 0.3874 : L 5 : T 3.7 sec
 - d_sub 1200 : OOB 0.3786 : L 6 : T 4.6 sec
 - d_sub 1200 : OOB 0.3767 : L 7 : T 4.9 sec
 - d_sub 1200 : OOB 0.3687 : L 8 : T 5.2 sec
 - d_sub 1200 : OOB 0.3636 : L 9 : T 5.6 sec
 - d_sub 1200 : OOB 0.3612 : L 10 : T 6.7 sec
 - d_sub 1200 : OOB 0.3631 : L 11 : T 7.1 sec
 - d_sub 1200 : OOB 0.3609 : L 12 : T 7.4 sec
 - d_sub 1200 : OOB 0.3542 : L 13 : T 7.7 sec
 - d_sub 1200 : OOB 0.3565 : L 14 : T 7.9 sec
 - d_sub 1200 : OOB 0.3535 : L 15 : T 8.2 sec
 - d_sub 1200 : OOB 0.3510 : L 16 : T 8.4 sec
 - d_sub 1200 : OOB 0.3495 : L 17 : T 8.8 sec
 - d_sub 1200 : OOB 0.3491 : L 18 : T 10.1 sec
 - d_sub 1200 : OOB 0.3481 : L 19 : T 10.3 sec
 - d_sub 1200 : OOB 0.3437 : L 20 : T 10.6 sec
 - d_sub 1200 : OOB 0.3464 : L 21 : T 10.8 sec
 - d_sub 1200 : OOB 0.3446 : L 22 : T 11.1 sec
 - d_sub 1200 : OOB 0.3441 : L 23 : T 11.3 sec
 - d_sub 1200 : OOB 0.3444 : L 24 : T 11.6 sec
 - d_sub 1200 : OOB 0.3435 : L 25 : T 11.8 sec
 - d_sub 1200 : OOB 0.3458 : L 26 : T 12.1 sec
 - d_sub 1200 : OOB 0.3438 : L 27 : T 12.3 sec
 - d_sub 1200 : OOB 0.3400 : L 28 : T 12.5 sec
 - d_sub 1200 : OOB 0.3401 : L 29 : T 12.8 sec
 - d_sub 1200 : OOB 0.3393 : L 30 : T 13.1 sec
 - d_sub 1200 : OOB 0.3418 : L 31 : T 13.3 sec
 - d_sub 1200 : OOB 0.3397 : L 32 : T 13.6 sec
 - d_sub 1200 : OOB 0.3374 : L 33 : T 13.8 sec
 - d_sub 1200 : OOB 0.3392 : L 34 : T 14.1 sec
 - d_sub 1200 : OOB 0.3398 : L 35 : T 14.3 sec
 - d_sub 1200 : OOB 0.3378 : L 36 : T 14.6 sec
 - d_sub 1200 : OOB 0.3362 : L 37 : T 14.8 sec
 - d_sub 1200 : OOB 0.3381 : L 38 : T 15.1 sec
 - d_sub 1200 : OOB 0.3370 : L 39 : T 15.3 sec
 - d_sub 1200 : OOB 0.3376 : L 40 : T 15.6 sec
 - d_sub 1200 : OOB 0.3348 : L 41 : T 15.8 sec
 - d_sub 1200 : OOB 0.3341 : L 42 : T 16.0 sec
 - d_sub 1200 : OOB 0.3366 : L 43 : T 16.3 sec
 - d_sub 1200 : OOB 0.3371 : L 44 : T 16.5 sec
 - d_sub 1200 : OOB 0.3368 : L 45 : T 16.8 sec
 - d_sub 1200 : OOB 0.3402 : L 46 : T 17.1 sec
 - d_sub 1200 : OOB 0.3395 : L 47 : T 17.3 sec
 - d_sub 1200 : OOB 0.3381 : L 48 : T 17.7 sec
 - d_sub 1200 : OOB 0.3376 : L 49 : T 18.0 sec
 - d_sub 1200 : OOB 0.3381 : L 50 : T 18.3 sec
 - d_sub 1200 : OOB 0.3365 : L 51 : T 18.5 sec
 - d_sub 1200 : OOB 0.3369 : L 52 : T 18.8 sec
 - d_sub 1200 : OOB 0.3358 : L 53 : T 19.1 sec
 - d_sub 1200 : OOB 0.3365 : L 54 : T 19.3 sec
 - d_sub 1200 : OOB 0.3394 : L 55 : T 19.6 sec
 - d_sub 1200 : OOB 0.3382 : L 56 : T 19.8 sec
 - d_sub 1200 : OOB 0.3363 : L 57 : T 20.1 sec
 - d_sub 1200 : OOB 0.3368 : L 58 : T 20.3 sec
 - d_sub 1200 : OOB 0.3358 : L 59 : T 20.6 sec
 - d_sub 1200 : OOB 0.3356 : L 60 : T 20.9 sec
 - d_sub 1200 : OOB 0.3344 : L 61 : T 21.1 sec
 - d_sub 1200 : OOB 0.3347 : L 62 : T 21.3 sec
 - d_sub 1200 : OOB 0.3354 : L 63 : T 21.6 sec
 - d_sub 1200 : OOB 0.3360 : L 64 : T 21.9 sec
 - d_sub 1200 : OOB 0.3354 : L 65 : T 22.1 sec
 - d_sub 1200 : OOB 0.3379 : L 66 : T 22.4 sec
 - d_sub 1200 : OOB 0.3357 : L 67 : T 22.7 sec
 - d_sub 1200 : OOB 0.3363 : L 68 : T 22.9 sec
 - d_sub 1200 : OOB 0.3354 : L 69 : T 23.2 sec
 - d_sub 1200 : OOB 0.3350 : L 70 : T 23.5 sec
 - d_sub 1200 : OOB 0.3342 : L 71 : T 23.8 sec
 - d_sub 1200 : OOB 0.3364 : L 72 : T 24.0 sec
 - d_sub 1200 : OOB 0.3375 : L 73 : T 24.3 sec
 - d_sub 1200 : OOB 0.3377 : L 74 : T 24.6 sec
 - d_sub 1200 : OOB 0.3348 : L 75 : T 24.8 sec
 - d_sub 1200 : OOB 0.3350 : L 76 : T 25.1 sec
 - d_sub 1200 : OOB 0.3349 : L 77 : T 25.4 sec
 - d_sub 1200 : OOB 0.3342 : L 78 : T 25.6 sec

 - d_sub 1400 : OOB 0.4549 : L 1 : T 0.4 sec
 - d_sub 1400 : OOB 0.4278 : L 2 : T 0.7 sec
 - d_sub 1400 : OOB 0.4116 : L 3 : T 1.0 sec
 - d_sub 1400 : OOB 0.4038 : L 4 : T 1.4 sec
 - d_sub 1400 : OOB 0.3865 : L 5 : T 1.7 sec
 - d_sub 1400 : OOB 0.3796 : L 6 : T 2.1 sec
 - d_sub 1400 : OOB 0.3779 : L 7 : T 2.5 sec
 - d_sub 1400 : OOB 0.3692 : L 8 : T 2.8 sec
 - d_sub 1400 : OOB 0.3690 : L 9 : T 3.2 sec
 - d_sub 1400 : OOB 0.3616 : L 10 : T 3.5 sec
 - d_sub 1400 : OOB 0.3608 : L 11 : T 3.9 sec
 - d_sub 1400 : OOB 0.3594 : L 12 : T 4.2 sec
 - d_sub 1400 : OOB 0.3590 : L 13 : T 4.6 sec
 - d_sub 1400 : OOB 0.3547 : L 14 : T 5.0 sec
 - d_sub 1400 : OOB 0.3531 : L 15 : T 5.3 sec
 - d_sub 1400 : OOB 0.3499 : L 16 : T 5.7 sec
 - d_sub 1400 : OOB 0.3514 : L 17 : T 6.0 sec
 - d_sub 1400 : OOB 0.3507 : L 18 : T 6.4 sec
 - d_sub 1400 : OOB 0.3504 : L 19 : T 6.7 sec
 - d_sub 1400 : OOB 0.3483 : L 20 : T 7.1 sec
 - d_sub 1400 : OOB 0.3477 : L 21 : T 7.5 sec
 - d_sub 1400 : OOB 0.3469 : L 22 : T 7.8 sec
 - d_sub 1400 : OOB 0.3433 : L 23 : T 8.1 sec
 - d_sub 1400 : OOB 0.3425 : L 24 : T 8.5 sec
 - d_sub 1400 : OOB 0.3432 : L 25 : T 8.8 sec
 - d_sub 1400 : OOB 0.3404 : L 26 : T 9.2 sec
 - d_sub 1400 : OOB 0.3420 : L 27 : T 9.5 sec
 - d_sub 1400 : OOB 0.3436 : L 28 : T 9.8 sec
 - d_sub 1400 : OOB 0.3446 : L 29 : T 10.2 sec
 - d_sub 1400 : OOB 0.3439 : L 30 : T 10.6 sec
 - d_sub 1400 : OOB 0.3411 : L 31 : T 10.9 sec
 - d_sub 1400 : OOB 0.3422 : L 32 : T 11.2 sec
 - d_sub 1400 : OOB 0.3427 : L 33 : T 11.6 sec
 - d_sub 1400 : OOB 0.3401 : L 34 : T 11.9 sec
 - d_sub 1400 : OOB 0.3408 : L 35 : T 12.3 sec
 - d_sub 1400 : OOB 0.3414 : L 36 : T 12.6 sec
 - d_sub 1400 : OOB 0.3410 : L 37 : T 13.0 sec
 - d_sub 1400 : OOB 0.3400 : L 38 : T 13.4 sec
 - d_sub 1400 : OOB 0.3397 : L 39 : T 13.7 sec
 - d_sub 1400 : OOB 0.3402 : L 40 : T 14.0 sec
 - d_sub 1400 : OOB 0.3403 : L 41 : T 14.4 sec
 - d_sub 1400 : OOB 0.3409 : L 42 : T 14.7 sec
 - d_sub 1400 : OOB 0.3385 : L 43 : T 15.1 sec
 - d_sub 1400 : OOB 0.3397 : L 44 : T 15.4 sec
 - d_sub 1400 : OOB 0.3414 : L 45 : T 15.8 sec
 - d_sub 1400 : OOB 0.3410 : L 46 : T 16.1 sec
 - d_sub 1400 : OOB 0.3394 : L 47 : T 16.5 sec
 - d_sub 1400 : OOB 0.3398 : L 48 : T 16.8 sec
 - d_sub 1400 : OOB 0.3383 : L 49 : T 17.2 sec
 - d_sub 1400 : OOB 0.3385 : L 50 : T 17.5 sec
 - d_sub 1400 : OOB 0.3399 : L 51 : T 17.9 sec
 - d_sub 1400 : OOB 0.3387 : L 52 : T 18.2 sec
 - d_sub 1400 : OOB 0.3366 : L 53 : T 18.6 sec
 - d_sub 1400 : OOB 0.3384 : L 54 : T 19.0 sec
 - d_sub 1400 : OOB 0.3386 : L 55 : T 19.3 sec
 - d_sub 1400 : OOB 0.3409 : L 56 : T 19.7 sec
 - d_sub 1400 : OOB 0.3389 : L 57 : T 20.0 sec
 - d_sub 1400 : OOB 0.3366 : L 58 : T 20.4 sec
 - d_sub 1400 : OOB 0.3381 : L 59 : T 20.7 sec
 - d_sub 1400 : OOB 0.3373 : L 60 : T 21.1 sec
 - d_sub 1400 : OOB 0.3360 : L 61 : T 21.4 sec
 - d_sub 1400 : OOB 0.3359 : L 62 : T 21.7 sec
 - d_sub 1400 : OOB 0.3351 : L 63 : T 22.1 sec
 - d_sub 1400 : OOB 0.3368 : L 64 : T 22.5 sec
 - d_sub 1400 : OOB 0.3366 : L 65 : T 22.8 sec
 - d_sub 1400 : OOB 0.3373 : L 66 : T 23.1 sec
 - d_sub 1400 : OOB 0.3385 : L 67 : T 23.5 sec
 - d_sub 1400 : OOB 0.3374 : L 68 : T 23.9 sec
 - d_sub 1400 : OOB 0.3397 : L 69 : T 24.2 sec
 - d_sub 1400 : OOB 0.3366 : L 70 : T 24.6 sec
 - d_sub 1400 : OOB 0.3380 : L 71 : T 25.0 sec
 - d_sub 1400 : OOB 0.3357 : L 72 : T 25.3 sec
 - d_sub 1400 : OOB 0.3367 : L 73 : T 25.7 sec
 - d_sub 1400 : OOB 0.3363 : L 74 : T 26.0 sec
 - d_sub 1400 : OOB 0.3382 : L 75 : T 26.4 sec
 - d_sub 1400 : OOB 0.3362 : L 76 : T 26.7 sec
 - d_sub 1400 : OOB 0.3374 : L 77 : T 27.1 sec
 - d_sub 1400 : OOB 0.3387 : L 78 : T 27.4 sec
 - d_sub 1400 : OOB 0.3376 : L 79 : T 27.8 sec
 - d_sub 1400 : OOB 0.3367 : L 80 : T 28.1 sec
 - d_sub 1400 : OOB 0.3354 : L 81 : T 28.5 sec
 - d_sub 1400 : OOB 0.3337 : L 82 : T 28.8 sec
 - d_sub 1400 : OOB 0.3348 : L 83 : T 29.2 sec
 - d_sub 1400 : OOB 0.3335 : L 84 : T 29.5 sec
 - d_sub 1400 : OOB 0.3350 : L 85 : T 29.9 sec
 - d_sub 1400 : OOB 0.3339 : L 86 : T 30.2 sec
 - d_sub 1400 : OOB 0.3343 : L 87 : T 30.6 sec
 - d_sub 1400 : OOB 0.3325 : L 88 : T 31.0 sec
 - d_sub 1400 : OOB 0.3339 : L 89 : T 31.3 sec
 - d_sub 1400 : OOB 0.3341 : L 90 : T 31.7 sec
 - d_sub 1400 : OOB 0.3321 : L 91 : T 32.0 sec
 - d_sub 1400 : OOB 0.3309 : L 92 : T 32.4 sec
 - d_sub 1400 : OOB 0.3323 : L 93 : T 34.5 sec
 - d_sub 1400 : OOB 0.3331 : L 94 : T 35.5 sec
 - d_sub 1400 : OOB 0.3325 : L 95 : T 35.8 sec
 - d_sub 1400 : OOB 0.3328 : L 96 : T 36.5 sec
 - d_sub 1400 : OOB 0.3316 : L 97 : T 36.9 sec
 - d_sub 1400 : OOB 0.3324 : L 98 : T 37.6 sec
 - d_sub 1400 : OOB 0.3318 : L 99 : T 38.3 sec
 - d_sub 1400 : OOB 0.3324 : L 100 : T 38.7 sec
 - d_sub 1400 : OOB 0.3314 : L 101 : T 39.0 sec
 - d_sub 1400 : OOB 0.3319 : L 102 : T 39.7 sec
 - d_sub 1400 : OOB 0.3301 : L 103 : T 40.1 sec
 - d_sub 1400 : OOB 0.3317 : L 104 : T 40.4 sec
 - d_sub 1400 : OOB 0.3320 : L 105 : T 41.7 sec
 - d_sub 1400 : OOB 0.3311 : L 106 : T 42.1 sec
 - d_sub 1400 : OOB 0.3308 : L 107 : T 42.4 sec
 - d_sub 1400 : OOB 0.3297 : L 108 : T 43.5 sec
 - d_sub 1400 : OOB 0.3299 : L 109 : T 44.5 sec
 - d_sub 1400 : OOB 0.3306 : L 110 : T 44.9 sec
 - d_sub 1400 : OOB 0.3305 : L 111 : T 45.3 sec
 - d_sub 1400 : OOB 0.3305 : L 112 : T 46.6 sec
 - d_sub 1400 : OOB 0.3301 : L 113 : T 47.0 sec
 - d_sub 1400 : OOB 0.3307 : L 114 : T 48.0 sec
 - d_sub 1400 : OOB 0.3313 : L 115 : T 48.4 sec
 - d_sub 1400 : OOB 0.3307 : L 116 : T 49.6 sec
 - d_sub 1400 : OOB 0.3302 : L 117 : T 49.9 sec
 - d_sub 1400 : OOB 0.3299 : L 118 : T 51.4 sec
 - d_sub 1400 : OOB 0.3316 : L 119 : T 52.6 sec
 - d_sub 1400 : OOB 0.3313 : L 120 : T 53.9 sec
 - d_sub 1400 : OOB 0.3310 : L 121 : T 54.2 sec
 - d_sub 1400 : OOB 0.3299 : L 122 : T 56.0 sec
 - d_sub 1400 : OOB 0.3289 : L 123 : T 56.4 sec
 - d_sub 1400 : OOB 0.3293 : L 124 : T 56.8 sec
 - d_sub 1400 : OOB 0.3291 : L 125 : T 58.1 sec
 - d_sub 1400 : OOB 0.3289 : L 126 : T 58.4 sec
 - d_sub 1400 : OOB 0.3289 : L 127 : T 58.8 sec
 - d_sub 1400 : OOB 0.3300 : L 128 : T 59.8 sec
 - d_sub 1400 : OOB 0.3308 : L 129 : T 60.1 sec
 - d_sub 1400 : OOB 0.3295 : L 130 : T 60.6 sec
 - d_sub 1400 : OOB 0.3309 : L 131 : T 61.7 sec
 - d_sub 1400 : OOB 0.3295 : L 132 : T 64.1 sec
 - d_sub 1400 : OOB 0.3318 : L 133 : T 65.2 sec

 - d_sub 1600 : OOB 0.4525 : L 1 : T 1.2 sec
 - d_sub 1600 : OOB 0.4182 : L 2 : T 1.6 sec
 - d_sub 1600 : OOB 0.4037 : L 3 : T 3.4 sec
 - d_sub 1600 : OOB 0.3936 : L 4 : T 3.8 sec
 - d_sub 1600 : OOB 0.3788 : L 5 : T 6.3 sec
 - d_sub 1600 : OOB 0.3762 : L 6 : T 6.7 sec
 - d_sub 1600 : OOB 0.3735 : L 7 : T 8.0 sec
 - d_sub 1600 : OOB 0.3660 : L 8 : T 10.1 sec
 - d_sub 1600 : OOB 0.3626 : L 9 : T 10.6 sec
 - d_sub 1600 : OOB 0.3641 : L 10 : T 12.0 sec
 - d_sub 1600 : OOB 0.3618 : L 11 : T 13.0 sec
 - d_sub 1600 : OOB 0.3584 : L 12 : T 14.2 sec
 - d_sub 1600 : OOB 0.3561 : L 13 : T 14.7 sec
 - d_sub 1600 : OOB 0.3524 : L 14 : T 17.3 sec
 - d_sub 1600 : OOB 0.3541 : L 15 : T 17.8 sec
 - d_sub 1600 : OOB 0.3514 : L 16 : T 19.1 sec
 - d_sub 1600 : OOB 0.3479 : L 17 : T 20.6 sec
 - d_sub 1600 : OOB 0.3487 : L 18 : T 21.8 sec
 - d_sub 1600 : OOB 0.3456 : L 19 : T 22.3 sec
 - d_sub 1600 : OOB 0.3486 : L 20 : T 24.3 sec
 - d_sub 1600 : OOB 0.3460 : L 21 : T 24.7 sec
 - d_sub 1600 : OOB 0.3438 : L 22 : T 26.4 sec
 - d_sub 1600 : OOB 0.3429 : L 23 : T 28.1 sec
 - d_sub 1600 : OOB 0.3430 : L 24 : T 28.5 sec
 - d_sub 1600 : OOB 0.3423 : L 25 : T 30.2 sec
 - d_sub 1600 : OOB 0.3417 : L 26 : T 31.5 sec
 - d_sub 1600 : OOB 0.3402 : L 27 : T 32.6 sec
 - d_sub 1600 : OOB 0.3405 : L 28 : T 33.1 sec
 - d_sub 1600 : OOB 0.3394 : L 29 : T 35.4 sec
 - d_sub 1600 : OOB 0.3404 : L 30 : T 35.9 sec
 - d_sub 1600 : OOB 0.3390 : L 31 : T 37.4 sec
 - d_sub 1600 : OOB 0.3381 : L 32 : T 37.8 sec
 - d_sub 1600 : OOB 0.3407 : L 33 : T 38.9 sec
 - d_sub 1600 : OOB 0.3399 : L 34 : T 39.4 sec
 - d_sub 1600 : OOB 0.3405 : L 35 : T 42.6 sec
 - d_sub 1600 : OOB 0.3397 : L 36 : T 43.1 sec
 - d_sub 1600 : OOB 0.3378 : L 37 : T 43.6 sec
 - d_sub 1600 : OOB 0.3389 : L 38 : T 45.1 sec
 - d_sub 1600 : OOB 0.3406 : L 39 : T 47.3 sec
 - d_sub 1600 : OOB 0.3386 : L 40 : T 48.9 sec
 - d_sub 1600 : OOB 0.3364 : L 41 : T 49.4 sec
 - d_sub 1600 : OOB 0.3370 : L 42 : T 50.8 sec
 - d_sub 1600 : OOB 0.3349 : L 43 : T 51.3 sec
 - d_sub 1600 : OOB 0.3355 : L 44 : T 52.6 sec
 - d_sub 1600 : OOB 0.3356 : L 45 : T 53.5 sec
 - d_sub 1600 : OOB 0.3354 : L 46 : T 55.9 sec
 - d_sub 1600 : OOB 0.3344 : L 47 : T 57.3 sec
 - d_sub 1600 : OOB 0.3357 : L 48 : T 57.8 sec
 - d_sub 1600 : OOB 0.3345 : L 49 : T 60.1 sec
 - d_sub 1600 : OOB 0.3357 : L 50 : T 60.5 sec
 - d_sub 1600 : OOB 0.3328 : L 51 : T 61.6 sec
 - d_sub 1600 : OOB 0.3340 : L 52 : T 63.7 sec
 - d_sub 1600 : OOB 0.3341 : L 53 : T 64.1 sec
 - d_sub 1600 : OOB 0.3348 : L 54 : T 65.5 sec
 - d_sub 1600 : OOB 0.3335 : L 55 : T 66.7 sec
 - d_sub 1600 : OOB 0.3334 : L 56 : T 67.9 sec
 - d_sub 1600 : OOB 0.3331 : L 57 : T 68.3 sec
 - d_sub 1600 : OOB 0.3328 : L 58 : T 69.5 sec
 - d_sub 1600 : OOB 0.3309 : L 59 : T 70.6 sec
 - d_sub 1600 : OOB 0.3352 : L 60 : T 72.6 sec
 - d_sub 1600 : OOB 0.3324 : L 61 : T 73.0 sec
 - d_sub 1600 : OOB 0.3330 : L 62 : T 75.1 sec
 - d_sub 1600 : OOB 0.3322 : L 63 : T 75.6 sec
 - d_sub 1600 : OOB 0.3332 : L 64 : T 76.9 sec
 - d_sub 1600 : OOB 0.3341 : L 65 : T 78.4 sec
 - d_sub 1600 : OOB 0.3319 : L 66 : T 78.9 sec
 - d_sub 1600 : OOB 0.3327 : L 67 : T 80.2 sec
 - d_sub 1600 : OOB 0.3340 : L 68 : T 81.5 sec
 - d_sub 1600 : OOB 0.3326 : L 69 : T 82.7 sec
 - d_sub 1600 : OOB 0.3337 : L 70 : T 84.0 sec
 - d_sub 1600 : OOB 0.3314 : L 71 : T 84.9 sec
 - d_sub 1600 : OOB 0.3330 : L 72 : T 85.4 sec
 - d_sub 1600 : OOB 0.3305 : L 73 : T 87.4 sec
 - d_sub 1600 : OOB 0.3324 : L 74 : T 88.7 sec
 - d_sub 1600 : OOB 0.3318 : L 75 : T 89.4 sec
 - d_sub 1600 : OOB 0.3330 : L 76 : T 91.7 sec
 - d_sub 1600 : OOB 0.3321 : L 77 : T 92.2 sec
 - d_sub 1600 : OOB 0.3316 : L 78 : T 93.6 sec
 - d_sub 1600 : OOB 0.3297 : L 79 : T 95.3 sec
 - d_sub 1600 : OOB 0.3311 : L 80 : T 98.3 sec
 - d_sub 1600 : OOB 0.3299 : L 81 : T 98.7 sec
 - d_sub 1600 : OOB 0.3294 : L 82 : T 100.1 sec
 - d_sub 1600 : OOB 0.3294 : L 83 : T 100.5 sec
 - d_sub 1600 : OOB 0.3296 : L 84 : T 102.7 sec
 - d_sub 1600 : OOB 0.3281 : L 85 : T 103.9 sec
 - d_sub 1600 : OOB 0.3280 : L 86 : T 105.2 sec
 - d_sub 1600 : OOB 0.3288 : L 87 : T 106.0 sec
 - d_sub 1600 : OOB 0.3282 : L 88 : T 106.4 sec
 - d_sub 1600 : OOB 0.3295 : L 89 : T 108.6 sec
 - d_sub 1600 : OOB 0.3263 : L 90 : T 109.0 sec
 - d_sub 1600 : OOB 0.3286 : L 91 : T 110.3 sec
 - d_sub 1600 : OOB 0.3295 : L 92 : T 110.7 sec
 - d_sub 1600 : OOB 0.3275 : L 93 : T 111.8 sec
 - d_sub 1600 : OOB 0.3291 : L 94 : T 112.2 sec
 - d_sub 1600 : OOB 0.3282 : L 95 : T 114.1 sec
 - d_sub 1600 : OOB 0.3275 : L 96 : T 114.6 sec
 - d_sub 1600 : OOB 0.3283 : L 97 : T 117.4 sec
 - d_sub 1600 : OOB 0.3275 : L 98 : T 117.8 sec
 - d_sub 1600 : OOB 0.3271 : L 99 : T 118.9 sec
 - d_sub 1600 : OOB 0.3274 : L 100 : T 119.3 sec
 - d_sub 1600 : OOB 0.3267 : L 101 : T 121.4 sec
 - d_sub 1600 : OOB 0.3264 : L 102 : T 121.8 sec
 - d_sub 1600 : OOB 0.3268 : L 103 : T 123.3 sec
 - d_sub 1600 : OOB 0.3271 : L 104 : T 123.8 sec
 - d_sub 1600 : OOB 0.3266 : L 105 : T 125.2 sec
 - d_sub 1600 : OOB 0.3265 : L 106 : T 125.6 sec
 - d_sub 1600 : OOB 0.3266 : L 107 : T 126.7 sec
 - d_sub 1600 : OOB 0.3252 : L 108 : T 127.1 sec
 - d_sub 1600 : OOB 0.3260 : L 109 : T 128.8 sec
 - d_sub 1600 : OOB 0.3253 : L 110 : T 129.3 sec
 - d_sub 1600 : OOB 0.3267 : L 111 : T 131.3 sec
 - d_sub 1600 : OOB 0.3245 : L 112 : T 131.7 sec
 - d_sub 1600 : OOB 0.3262 : L 113 : T 133.6 sec
 - d_sub 1600 : OOB 0.3277 : L 114 : T 134.0 sec
 - d_sub 1600 : OOB 0.3269 : L 115 : T 134.8 sec
 - d_sub 1600 : OOB 0.3273 : L 116 : T 135.7 sec
 - d_sub 1600 : OOB 0.3271 : L 117 : T 136.8 sec
 - d_sub 1600 : OOB 0.3270 : L 118 : T 137.7 sec
 - d_sub 1600 : OOB 0.3262 : L 119 : T 138.1 sec
 - d_sub 1600 : OOB 0.3270 : L 120 : T 140.8 sec
 - d_sub 1600 : OOB 0.3268 : L 121 : T 141.2 sec
 - d_sub 1600 : OOB 0.3270 : L 122 : T 142.0 sec
 - d_sub 1600 : OOB 0.3278 : L 123 : T 142.4 sec
 - d_sub 1600 : OOB 0.3265 : L 124 : T 143.8 sec
 - d_sub 1600 : OOB 0.3278 : L 125 : T 145.5 sec
 - d_sub 1600 : OOB 0.3276 : L 126 : T 145.9 sec
 - d_sub 1600 : OOB 0.3289 : L 127 : T 147.1 sec

 - d_sub 1800 : OOB 0.4546 : L 1 : T 2.0 sec
 - d_sub 1800 : OOB 0.4248 : L 2 : T 3.6 sec
 - d_sub 1800 : OOB 0.4072 : L 3 : T 5.6 sec
 - d_sub 1800 : OOB 0.3962 : L 4 : T 7.7 sec
 - d_sub 1800 : OOB 0.3822 : L 5 : T 9.2 sec
 - d_sub 1800 : OOB 0.3768 : L 6 : T 12.0 sec
 - d_sub 1800 : OOB 0.3786 : L 7 : T 14.4 sec
 - d_sub 1800 : OOB 0.3802 : L 8 : T 15.6 sec
 - d_sub 1800 : OOB 0.3804 : L 9 : T 18.3 sec
 - d_sub 1800 : OOB 0.3686 : L 10 : T 20.1 sec
 - d_sub 1800 : OOB 0.3683 : L 11 : T 21.7 sec
 - d_sub 1800 : OOB 0.3631 : L 12 : T 23.5 sec
 - d_sub 1800 : OOB 0.3668 : L 13 : T 25.1 sec
 - d_sub 1800 : OOB 0.3626 : L 14 : T 26.2 sec
 - d_sub 1800 : OOB 0.3573 : L 15 : T 28.0 sec
 - d_sub 1800 : OOB 0.3541 : L 16 : T 29.2 sec
 - d_sub 1800 : OOB 0.3540 : L 17 : T 32.0 sec
 - d_sub 1800 : OOB 0.3523 : L 18 : T 33.1 sec
 - d_sub 1800 : OOB 0.3532 : L 19 : T 36.3 sec
 - d_sub 1800 : OOB 0.3499 : L 20 : T 38.7 sec
 - d_sub 1800 : OOB 0.3484 : L 21 : T 40.2 sec
 - d_sub 1800 : OOB 0.3465 : L 22 : T 42.2 sec
 - d_sub 1800 : OOB 0.3480 : L 23 : T 43.6 sec
 - d_sub 1800 : OOB 0.3479 : L 24 : T 44.1 sec
 - d_sub 1800 : OOB 0.3443 : L 25 : T 49.0 sec
 - d_sub 1800 : OOB 0.3427 : L 26 : T 50.6 sec
 - d_sub 1800 : OOB 0.3434 : L 27 : T 52.7 sec
 - d_sub 1800 : OOB 0.3416 : L 28 : T 53.9 sec
 - d_sub 1800 : OOB 0.3416 : L 29 : T 58.0 sec
 - d_sub 1800 : OOB 0.3414 : L 30 : T 61.1 sec
 - d_sub 1800 : OOB 0.3420 : L 31 : T 62.2 sec
 - d_sub 1800 : OOB 0.3420 : L 32 : T 67.3 sec
 - d_sub 1800 : OOB 0.3394 : L 33 : T 69.1 sec
 - d_sub 1800 : OOB 0.3416 : L 34 : T 72.2 sec
 - d_sub 1800 : OOB 0.3406 : L 35 : T 73.5 sec
 - d_sub 1800 : OOB 0.3403 : L 36 : T 74.8 sec
 - d_sub 1800 : OOB 0.3411 : L 37 : T 76.3 sec
 - d_sub 1800 : OOB 0.3404 : L 38 : T 78.9 sec
 - d_sub 1800 : OOB 0.3402 : L 39 : T 80.7 sec
 - d_sub 1800 : OOB 0.3385 : L 40 : T 82.3 sec
 - d_sub 1800 : OOB 0.3403 : L 41 : T 84.5 sec
 - d_sub 1800 : OOB 0.3384 : L 42 : T 85.1 sec
 - d_sub 1800 : OOB 0.3381 : L 43 : T 88.0 sec
 - d_sub 1800 : OOB 0.3357 : L 44 : T 91.3 sec
 - d_sub 1800 : OOB 0.3355 : L 45 : T 92.6 sec
 - d_sub 1800 : OOB 0.3354 : L 46 : T 94.7 sec
 - d_sub 1800 : OOB 0.3376 : L 47 : T 96.8 sec
 - d_sub 1800 : OOB 0.3339 : L 48 : T 98.0 sec
 - d_sub 1800 : OOB 0.3367 : L 49 : T 100.5 sec
 - d_sub 1800 : OOB 0.3347 : L 50 : T 104.9 sec
 - d_sub 1800 : OOB 0.3346 : L 51 : T 105.5 sec
 - d_sub 1800 : OOB 0.3366 : L 52 : T 109.5 sec
 - d_sub 1800 : OOB 0.3359 : L 53 : T 111.2 sec
 - d_sub 1800 : OOB 0.3339 : L 54 : T 113.5 sec
 - d_sub 1800 : OOB 0.3318 : L 55 : T 115.4 sec
 - d_sub 1800 : OOB 0.3355 : L 56 : T 117.4 sec
 - d_sub 1800 : OOB 0.3328 : L 57 : T 119.3 sec
 - d_sub 1800 : OOB 0.3317 : L 58 : T 121.9 sec
 - d_sub 1800 : OOB 0.3334 : L 59 : T 123.4 sec
 - d_sub 1800 : OOB 0.3358 : L 60 : T 126.4 sec
 - d_sub 1800 : OOB 0.3321 : L 61 : T 128.3 sec
 - d_sub 1800 : OOB 0.3349 : L 62 : T 129.5 sec
 - d_sub 1800 : OOB 0.3361 : L 63 : T 131.5 sec
 - d_sub 1800 : OOB 0.3344 : L 64 : T 133.1 sec
 - d_sub 1800 : OOB 0.3344 : L 65 : T 135.3 sec
 - d_sub 1800 : OOB 0.3365 : L 66 : T 137.5 sec
 - d_sub 1800 : OOB 0.3349 : L 67 : T 138.5 sec
 - d_sub 1800 : OOB 0.3355 : L 68 : T 140.8 sec
 - d_sub 1800 : OOB 0.3343 : L 69 : T 142.4 sec
 - d_sub 1800 : OOB 0.3321 : L 70 : T 143.4 sec
 - d_sub 1800 : OOB 0.3323 : L 71 : T 145.4 sec
 - d_sub 1800 : OOB 0.3328 : L 72 : T 146.7 sec
 - d_sub 1800 : OOB 0.3337 : L 73 : T 149.4 sec
 - d_sub 1800 : OOB 0.3328 : L 74 : T 150.6 sec
 - d_sub 1800 : OOB 0.3332 : L 75 : T 152.7 sec
 - d_sub 1800 : OOB 0.3341 : L 76 : T 154.0 sec
 - d_sub 1800 : OOB 0.3333 : L 77 : T 156.2 sec
 - d_sub 1800 : OOB 0.3334 : L 78 : T 162.1 sec
 - d_sub 1800 : OOB 0.3336 : L 79 : T 164.6 sec
 - d_sub 1800 : OOB 0.3321 : L 80 : T 165.9 sec
 - d_sub 1800 : OOB 0.3321 : L 81 : T 167.9 sec
 - d_sub 1800 : OOB 0.3324 : L 82 : T 170.0 sec
 - d_sub 1800 : OOB 0.3324 : L 83 : T 172.3 sec
 - d_sub 1800 : OOB 0.3312 : L 84 : T 173.6 sec
 - d_sub 1800 : OOB 0.3313 : L 85 : T 182.5 sec
 - d_sub 1800 : OOB 0.3303 : L 86 : T 184.8 sec
 - d_sub 1800 : OOB 0.3309 : L 87 : T 185.3 sec
 - d_sub 1800 : OOB 0.3307 : L 88 : T 189.2 sec
 - d_sub 1800 : OOB 0.3318 : L 89 : T 191.6 sec
 - d_sub 1800 : OOB 0.3320 : L 90 : T 192.9 sec
 - d_sub 1800 : OOB 0.3319 : L 91 : T 195.3 sec
 - d_sub 1800 : OOB 0.3324 : L 92 : T 197.6 sec
 - d_sub 1800 : OOB 0.3298 : L 93 : T 200.0 sec

 - d_sub 2000 : OOB 0.4552 : L 1 : T 1.8 sec
 - d_sub 2000 : OOB 0.4281 : L 2 : T 2.7 sec
 - d_sub 2000 : OOB 0.4138 : L 3 : T 4.7 sec
 - d_sub 2000 : OOB 0.4049 : L 4 : T 7.0 sec
 - d_sub 2000 : OOB 0.3918 : L 5 : T 9.9 sec
 - d_sub 2000 : OOB 0.3890 : L 6 : T 11.5 sec
 - d_sub 2000 : OOB 0.3858 : L 7 : T 13.6 sec
 - d_sub 2000 : OOB 0.3799 : L 8 : T 17.4 sec
 - d_sub 2000 : OOB 0.3717 : L 9 : T 18.8 sec
 - d_sub 2000 : OOB 0.3644 : L 10 : T 21.8 sec
 - d_sub 2000 : OOB 0.3684 : L 11 : T 22.4 sec
 - d_sub 2000 : OOB 0.3634 : L 12 : T 25.1 sec
 - d_sub 2000 : OOB 0.3649 : L 13 : T 27.2 sec
 - d_sub 2000 : OOB 0.3640 : L 14 : T 30.0 sec
 - d_sub 2000 : OOB 0.3592 : L 15 : T 32.7 sec
 - d_sub 2000 : OOB 0.3568 : L 16 : T 34.2 sec
 - d_sub 2000 : OOB 0.3552 : L 17 : T 36.3 sec
 - d_sub 2000 : OOB 0.3518 : L 18 : T 39.3 sec
 - d_sub 2000 : OOB 0.3538 : L 19 : T 40.8 sec
 - d_sub 2000 : OOB 0.3517 : L 20 : T 43.6 sec
 - d_sub 2000 : OOB 0.3504 : L 21 : T 45.0 sec
 - d_sub 2000 : OOB 0.3516 : L 22 : T 47.8 sec
 - d_sub 2000 : OOB 0.3503 : L 23 : T 53.2 sec
 - d_sub 2000 : OOB 0.3479 : L 24 : T 56.5 sec
 - d_sub 2000 : OOB 0.3456 : L 25 : T 58.6 sec
 - d_sub 2000 : OOB 0.3471 : L 26 : T 59.6 sec
 - d_sub 2000 : OOB 0.3461 : L 27 : T 62.4 sec
 - d_sub 2000 : OOB 0.3448 : L 28 : T 64.8 sec
 - d_sub 2000 : OOB 0.3440 : L 29 : T 66.7 sec
 - d_sub 2000 : OOB 0.3450 : L 30 : T 68.3 sec
 - d_sub 2000 : OOB 0.3445 : L 31 : T 71.0 sec
 - d_sub 2000 : OOB 0.3420 : L 32 : T 72.6 sec
 - d_sub 2000 : OOB 0.3411 : L 33 : T 75.3 sec
 - d_sub 2000 : OOB 0.3409 : L 34 : T 76.5 sec
 - d_sub 2000 : OOB 0.3409 : L 35 : T 79.1 sec
 - d_sub 2000 : OOB 0.3448 : L 36 : T 80.9 sec
 - d_sub 2000 : OOB 0.3450 : L 37 : T 82.5 sec
 - d_sub 2000 : OOB 0.3436 : L 38 : T 85.1 sec
 - d_sub 2000 : OOB 0.3418 : L 39 : T 88.1 sec
 - d_sub 2000 : OOB 0.3431 : L 40 : T 90.6 sec
 - d_sub 2000 : OOB 0.3445 : L 41 : T 94.1 sec
 - d_sub 2000 : OOB 0.3422 : L 42 : T 95.7 sec
 - d_sub 2000 : OOB 0.3421 : L 43 : T 98.1 sec
 - d_sub 2000 : OOB 0.3411 : L 44 : T 100.2 sec
 - d_sub 2000 : OOB 0.3416 : L 45 : T 102.5 sec
 - d_sub 2000 : OOB 0.3408 : L 46 : T 105.1 sec
 - d_sub 2000 : OOB 0.3416 : L 47 : T 106.6 sec
 - d_sub 2000 : OOB 0.3415 : L 48 : T 107.6 sec
 - d_sub 2000 : OOB 0.3387 : L 49 : T 109.4 sec
 - d_sub 2000 : OOB 0.3401 : L 50 : T 110.5 sec
 - d_sub 2000 : OOB 0.3384 : L 51 : T 113.5 sec
 - d_sub 2000 : OOB 0.3397 : L 52 : T 117.2 sec
 - d_sub 2000 : OOB 0.3409 : L 53 : T 119.5 sec
 - d_sub 2000 : OOB 0.3382 : L 54 : T 121.8 sec
 - d_sub 2000 : OOB 0.3362 : L 55 : T 124.1 sec
 - d_sub 2000 : OOB 0.3376 : L 56 : T 125.4 sec
 - d_sub 2000 : OOB 0.3375 : L 57 : T 127.5 sec
 - d_sub 2000 : OOB 0.3373 : L 58 : T 129.4 sec
 - d_sub 2000 : OOB 0.3372 : L 59 : T 130.9 sec
 - d_sub 2000 : OOB 0.3364 : L 60 : T 132.1 sec
 - d_sub 2000 : OOB 0.3372 : L 61 : T 134.1 sec
 - d_sub 2000 : OOB 0.3371 : L 62 : T 137.1 sec
 - d_sub 2000 : OOB 0.3352 : L 63 : T 139.6 sec
 - d_sub 2000 : OOB 0.3363 : L 64 : T 141.8 sec
 - d_sub 2000 : OOB 0.3365 : L 65 : T 143.8 sec
 - d_sub 2000 : OOB 0.3368 : L 66 : T 146.9 sec
 - d_sub 2000 : OOB 0.3353 : L 67 : T 148.1 sec
 - d_sub 2000 : OOB 0.3338 : L 68 : T 150.5 sec
 - d_sub 2000 : OOB 0.3351 : L 69 : T 152.4 sec
 - d_sub 2000 : OOB 0.3343 : L 70 : T 154.2 sec
 - d_sub 2000 : OOB 0.3349 : L 71 : T 156.3 sec
 - d_sub 2000 : OOB 0.3349 : L 72 : T 158.1 sec
 - d_sub 2000 : OOB 0.3353 : L 73 : T 160.8 sec
 - d_sub 2000 : OOB 0.3360 : L 74 : T 162.8 sec
 - d_sub 2000 : OOB 0.3345 : L 75 : T 164.3 sec
 - d_sub 2000 : OOB 0.3339 : L 76 : T 167.4 sec
 - d_sub 2000 : OOB 0.3358 : L 77 : T 169.6 sec
 - d_sub 2000 : OOB 0.3348 : L 78 : T 171.2 sec
 - d_sub 2000 : OOB 0.3361 : L 79 : T 174.7 sec
 - d_sub 2000 : OOB 0.3336 : L 80 : T 177.0 sec
 - d_sub 2000 : OOB 0.3332 : L 81 : T 178.2 sec
 - d_sub 2000 : OOB 0.3343 : L 82 : T 180.3 sec
 - d_sub 2000 : OOB 0.3331 : L 83 : T 182.8 sec
 - d_sub 2000 : OOB 0.3341 : L 84 : T 186.7 sec
 - d_sub 2000 : OOB 0.3335 : L 85 : T 189.0 sec
 - d_sub 2000 : OOB 0.3322 : L 86 : T 192.1 sec
 - d_sub 2000 : OOB 0.3349 : L 87 : T 193.7 sec
 - d_sub 2000 : OOB 0.3350 : L 88 : T 195.6 sec
 - d_sub 2000 : OOB 0.3338 : L 89 : T 197.1 sec
 - d_sub 2000 : OOB 0.3334 : L 90 : T 199.6 sec
 - d_sub 2000 : OOB 0.3332 : L 91 : T 200.6 sec
 - d_sub 2000 : OOB 0.3326 : L 92 : T 202.8 sec
 - d_sub 2000 : OOB 0.3341 : L 93 : T 204.5 sec
 - d_sub 2000 : OOB 0.3343 : L 94 : T 207.6 sec
 - d_sub 2000 : OOB 0.3334 : L 95 : T 209.9 sec
 - d_sub 2000 : OOB 0.3328 : L 96 : T 212.9 sec
 - d_sub 2000 : OOB 0.3327 : L 97 : T 214.3 sec
 - d_sub 2000 : OOB 0.3329 : L 98 : T 216.7 sec
 - d_sub 2000 : OOB 0.3316 : L 99 : T 220.1 sec
 - d_sub 2000 : OOB 0.3317 : L 100 : T 222.4 sec
 - d_sub 2000 : OOB 0.3319 : L 101 : T 226.0 sec
 - d_sub 2000 : OOB 0.3324 : L 102 : T 228.5 sec
 - d_sub 2000 : OOB 0.3330 : L 103 : T 231.5 sec
 - d_sub 2000 : OOB 0.3308 : L 104 : T 234.5 sec
 - d_sub 2000 : OOB 0.3320 : L 105 : T 237.6 sec
 - d_sub 2000 : OOB 0.3312 : L 106 : T 242.9 sec
 - d_sub 2000 : OOB 0.3303 : L 107 : T 246.1 sec
 - d_sub 2000 : OOB 0.3324 : L 108 : T 248.0 sec
 - d_sub 2000 : OOB 0.3307 : L 109 : T 253.2 sec
 - d_sub 2000 : OOB 0.3313 : L 110 : T 256.3 sec
 - d_sub 2000 : OOB 0.3301 : L 111 : T 258.7 sec
 - d_sub 2000 : OOB 0.3302 : L 112 : T 261.6 sec
 - d_sub 2000 : OOB 0.3308 : L 113 : T 262.9 sec
 - d_sub 2000 : OOB 0.3310 : L 114 : T 267.1 sec
# -------------------------
optimal d_sub 1600 : OOB 0.3289 : L 127 : T 775.2 sec
Testing error: 0.3227
# -------------------------
# Ensemble classification
#  - Training samples: 10000 (5000/5000)
#  - Feature-space dimensionality: 24157
#  - L : automatic (min 25, max 500, length 50, eps 0.00500)
#  - d_sub : 300
#  - Seed 1 (subspaces) : 489183062
#  - Seed 2 (bootstrap) : 28247450
# -------------------------

 - d_sub 300 : OOB 0.4601 : L 1 : T 0.0 sec
 - d_sub 300 : OOB 0.4409 : L 2 : T 0.1 sec
 - d_sub 300 : OOB 0.4294 : L 3 : T 0.1 sec
 - d_sub 300 : OOB 0.4205 : L 4 : T 0.2 sec
 - d_sub 300 : OOB 0.4076 : L 5 : T 0.2 sec
 - d_sub 300 : OOB 0.3999 : L 6 : T 0.3 sec
 - d_sub 300 : OOB 0.4004 : L 7 : T 0.3 sec
 - d_sub 300 : OOB 0.3955 : L 8 : T 0.4 sec
 - d_sub 300 : OOB 0.3926 : L 9 : T 0.4 sec
 - d_sub 300 : OOB 0.3895 : L 10 : T 0.4 sec
 - d_sub 300 : OOB 0.3888 : L 11 : T 0.5 sec
 - d_sub 300 : OOB 0.3897 : L 12 : T 0.5 sec
 - d_sub 300 : OOB 0.3846 : L 13 : T 0.6 sec
 - d_sub 300 : OOB 0.3886 : L 14 : T 0.6 sec
 - d_sub 300 : OOB 0.3838 : L 15 : T 0.7 sec
 - d_sub 300 : OOB 0.3839 : L 16 : T 0.7 sec
 - d_sub 300 : OOB 0.3829 : L 17 : T 0.8 sec
 - d_sub 300 : OOB 0.3825 : L 18 : T 0.8 sec
 - d_sub 300 : OOB 0.3821 : L 19 : T 0.9 sec
 - d_sub 300 : OOB 0.3816 : L 20 : T 0.9 sec
 - d_sub 300 : OOB 0.3831 : L 21 : T 1.0 sec
 - d_sub 300 : OOB 0.3824 : L 22 : T 1.0 sec
 - d_sub 300 : OOB 0.3817 : L 23 : T 1.0 sec
 - d_sub 300 : OOB 0.3818 : L 24 : T 1.1 sec
 - d_sub 300 : OOB 0.3800 : L 25 : T 1.1 sec
 - d_sub 300 : OOB 0.3786 : L 26 : T 1.2 sec
 - d_sub 300 : OOB 0.3796 : L 27 : T 1.2 sec
 - d_sub 300 : OOB 0.3826 : L 28 : T 1.3 sec
 - d_sub 300 : OOB 0.3800 : L 29 : T 1.3 sec
 - d_sub 300 : OOB 0.3807 : L 30 : T 1.4 sec
 - d_sub 300 : OOB 0.3793 : L 31 : T 1.4 sec
 - d_sub 300 : OOB 0.3791 : L 32 : T 1.4 sec
 - d_sub 300 : OOB 0.3775 : L 33 : T 1.5 sec
 - d_sub 300 : OOB 0.3763 : L 34 : T 1.5 sec
 - d_sub 300 : OOB 0.3767 : L 35 : T 1.6 sec
 - d_sub 300 : OOB 0.3761 : L 36 : T 1.6 sec
 - d_sub 300 : OOB 0.3779 : L 37 : T 1.7 sec
 - d_sub 300 : OOB 0.3742 : L 38 : T 1.7 sec
 - d_sub 300 : OOB 0.3737 : L 39 : T 1.8 sec
 - d_sub 300 : OOB 0.3737 : L 40 : T 1.8 sec
 - d_sub 300 : OOB 0.3738 : L 41 : T 1.9 sec
 - d_sub 300 : OOB 0.3717 : L 42 : T 1.9 sec
 - d_sub 300 : OOB 0.3725 : L 43 : T 2.0 sec
 - d_sub 300 : OOB 0.3736 : L 44 : T 2.0 sec
 - d_sub 300 : OOB 0.3717 : L 45 : T 2.0 sec
 - d_sub 300 : OOB 0.3741 : L 46 : T 2.1 sec
 - d_sub 300 : OOB 0.3727 : L 47 : T 2.1 sec
 - d_sub 300 : OOB 0.3713 : L 48 : T 2.2 sec
 - d_sub 300 : OOB 0.3719 : L 49 : T 2.2 sec
 - d_sub 300 : OOB 0.3709 : L 50 : T 2.3 sec
 - d_sub 300 : OOB 0.3708 : L 51 : T 2.3 sec
 - d_sub 300 : OOB 0.3719 : L 52 : T 2.4 sec
 - d_sub 300 : OOB 0.3711 : L 53 : T 2.4 sec
 - d_sub 300 : OOB 0.3725 : L 54 : T 2.4 sec
 - d_sub 300 : OOB 0.3724 : L 55 : T 2.5 sec
 - d_sub 300 : OOB 0.3701 : L 56 : T 2.5 sec
 - d_sub 300 : OOB 0.3712 : L 57 : T 2.6 sec
 - d_sub 300 : OOB 0.3714 : L 58 : T 2.6 sec
 - d_sub 300 : OOB 0.3726 : L 59 : T 2.7 sec
 - d_sub 300 : OOB 0.3725 : L 60 : T 2.7 sec
 - d_sub 300 : OOB 0.3708 : L 61 : T 2.7 sec
 - d_sub 300 : OOB 0.3732 : L 62 : T 2.8 sec
 - d_sub 300 : OOB 0.3731 : L 63 : T 2.8 sec
 - d_sub 300 : OOB 0.3709 : L 64 : T 2.9 sec
 - d_sub 300 : OOB 0.3725 : L 65 : T 2.9 sec
 - d_sub 300 : OOB 0.3724 : L 66 : T 3.0 sec
 - d_sub 300 : OOB 0.3721 : L 67 : T 3.0 sec
 - d_sub 300 : OOB 0.3713 : L 68 : T 3.1 sec
 - d_sub 300 : OOB 0.3725 : L 69 : T 3.1 sec
 - d_sub 300 : OOB 0.3714 : L 70 : T 3.2 sec
 - d_sub 300 : OOB 0.3712 : L 71 : T 3.2 sec
 - d_sub 300 : OOB 0.3697 : L 72 : T 3.2 sec
 - d_sub 300 : OOB 0.3721 : L 73 : T 3.3 sec
 - d_sub 300 : OOB 0.3695 : L 74 : T 3.3 sec
 - d_sub 300 : OOB 0.3703 : L 75 : T 3.4 sec
 - d_sub 300 : OOB 0.3709 : L 76 : T 3.4 sec
 - d_sub 300 : OOB 0.3710 : L 77 : T 3.5 sec
 - d_sub 300 : OOB 0.3710 : L 78 : T 3.5 sec
 - d_sub 300 : OOB 0.3689 : L 79 : T 3.6 sec
 - d_sub 300 : OOB 0.3710 : L 80 : T 3.6 sec
 - d_sub 300 : OOB 0.3723 : L 81 : T 3.7 sec
 - d_sub 300 : OOB 0.3706 : L 82 : T 3.7 sec
 - d_sub 300 : OOB 0.3700 : L 83 : T 3.7 sec
 - d_sub 300 : OOB 0.3693 : L 84 : T 3.8 sec
 - d_sub 300 : OOB 0.3703 : L 85 : T 3.8 sec
# -------------------------
optimal d_sub 300 : OOB 0.3703 : L 85 : T 3.8 sec
# -------------------------
# Ensemble classification
#  - Training samples: 10000 (5000/5000)
#  - Feature-space dimensionality: 24157
#  - L : 30
#  - d_sub : 300
#  - Seed 1 (subspaces) : 975595916
#  - Seed 2 (bootstrap) : 594213298
# -------------------------

 - d_sub 300 : OOB 0.4621 : L 1 : T 0.0 sec
 - d_sub 300 : OOB 0.4368 : L 2 : T 0.1 sec
 - d_sub 300 : OOB 0.4226 : L 3 : T 0.1 sec
 - d_sub 300 : OOB 0.4155 : L 4 : T 0.2 sec
 - d_sub 300 : OOB 0.4044 : L 5 : T 0.2 sec
 - d_sub 300 : OOB 0.4015 : L 6 : T 0.3 sec
 - d_sub 300 : OOB 0.3973 : L 7 : T 0.3 sec
 - d_sub 300 : OOB 0.3911 : L 8 : T 0.4 sec
 - d_sub 300 : OOB 0.3917 : L 9 : T 0.4 sec
 - d_sub 300 : OOB 0.3901 : L 10 : T 0.4 sec
 - d_sub 300 : OOB 0.3881 : L 11 : T 0.5 sec
 - d_sub 300 : OOB 0.3901 : L 12 : T 0.5 sec
 - d_sub 300 : OOB 0.3825 : L 13 : T 0.6 sec
 - d_sub 300 : OOB 0.3861 : L 14 : T 0.6 sec
 - d_sub 300 : OOB 0.3809 : L 15 : T 0.7 sec
 - d_sub 300 : OOB 0.3810 : L 16 : T 0.7 sec
 - d_sub 300 : OOB 0.3806 : L 17 : T 0.8 sec
 - d_sub 300 : OOB 0.3795 : L 18 : T 0.8 sec
 - d_sub 300 : OOB 0.3799 : L 19 : T 0.8 sec
 - d_sub 300 : OOB 0.3782 : L 20 : T 0.9 sec
 - d_sub 300 : OOB 0.3816 : L 21 : T 0.9 sec
 - d_sub 300 : OOB 0.3783 : L 22 : T 1.0 sec
 - d_sub 300 : OOB 0.3798 : L 23 : T 1.0 sec
 - d_sub 300 : OOB 0.3779 : L 24 : T 1.1 sec
 - d_sub 300 : OOB 0.3755 : L 25 : T 1.1 sec
 - d_sub 300 : OOB 0.3767 : L 26 : T 1.2 sec
 - d_sub 300 : OOB 0.3741 : L 27 : T 1.2 sec
 - d_sub 300 : OOB 0.3751 : L 28 : T 1.3 sec
 - d_sub 300 : OOB 0.3744 : L 29 : T 1.3 sec
 - d_sub 300 : OOB 0.3762 : L 30 : T 1.4 sec
# -------------------------
optimal d_sub 300 : OOB 0.3762 : L 30 : T 1.4 sec
# -------------------------
# Ensemble classification
#  - Training samples: 10000 (5000/5000)
#  - Feature-space dimensionality: 24157
#  - L : 30
#  - d_sub : 300
#  - Seed 1 (subspaces) : 431076059
#  - Seed 2 (bootstrap) : 980096521
# -------------------------

 - d_sub 300 : OOB 0.4621 : L 1 : T 0.0 sec
 - d_sub 300 : OOB 0.4381 : L 2 : T 0.1 sec
 - d_sub 300 : OOB 0.4294 : L 3 : T 0.1 sec
 - d_sub 300 : OOB 0.4208 : L 4 : T 0.2 sec
 - d_sub 300 : OOB 0.4056 : L 5 : T 0.2 sec
 - d_sub 300 : OOB 0.4037 : L 6 : T 0.3 sec
 - d_sub 300 : OOB 0.4015 : L 7 : T 0.3 sec
 - d_sub 300 : OOB 0.3930 : L 8 : T 0.4 sec
 - d_sub 300 : OOB 0.3902 : L 9 : T 0.4 sec
 - d_sub 300 : OOB 0.3881 : L 10 : T 0.4 sec
 - d_sub 300 : OOB 0.3881 : L 11 : T 0.5 sec
 - d_sub 300 : OOB 0.3878 : L 12 : T 0.6 sec
 - d_sub 300 : OOB 0.3812 : L 13 : T 0.6 sec
 - d_sub 300 : OOB 0.3862 : L 14 : T 0.6 sec
 - d_sub 300 : OOB 0.3803 : L 15 : T 0.7 sec
 - d_sub 300 : OOB 0.3822 : L 16 : T 0.7 sec
 - d_sub 300 : OOB 0.3829 : L 17 : T 0.8 sec
 - d_sub 300 : OOB 0.3772 : L 18 : T 0.8 sec
 - d_sub 300 : OOB 0.3792 : L 19 : T 0.9 sec
 - d_sub 300 : OOB 0.3764 : L 20 : T 0.9 sec
 - d_sub 300 : OOB 0.3742 : L 21 : T 1.0 sec
 - d_sub 300 : OOB 0.3780 : L 22 : T 1.0 sec
 - d_sub 300 : OOB 0.3784 : L 23 : T 1.0 sec
 - d_sub 300 : OOB 0.3775 : L 24 : T 1.1 sec
 - d_sub 300 : OOB 0.3761 : L 25 : T 1.1 sec
 - d_sub 300 : OOB 0.3752 : L 26 : T 1.2 sec
 - d_sub 300 : OOB 0.3753 : L 27 : T 1.2 sec
 - d_sub 300 : OOB 0.3776 : L 28 : T 1.3 sec
 - d_sub 300 : OOB 0.3771 : L 29 : T 1.3 sec
 - d_sub 300 : OOB 0.3769 : L 30 : T 1.3 sec
# -------------------------
optimal d_sub 300 : OOB 0.3769 : L 30 : T 1.4 sec
# -------------------------
# Ensemble classification
#  - Training samples: 10000 (5000/5000)
#  - Feature-space dimensionality: 24157
#  - L : 30
#  - d_sub : 300
#  - Seed 1 (subspaces) : 323216991
#  - Seed 2 (bootstrap) : 629912504
# -------------------------

 - d_sub 300 : OOB 0.4646 : L 1 : T 0.1 sec
 - d_sub 300 : OOB 0.4395 : L 2 : T 0.1 sec
 - d_sub 300 : OOB 0.4272 : L 3 : T 0.1 sec
 - d_sub 300 : OOB 0.4179 : L 4 : T 0.2 sec
 - d_sub 300 : OOB 0.4066 : L 5 : T 0.2 sec
 - d_sub 300 : OOB 0.4052 : L 6 : T 0.3 sec
 - d_sub 300 : OOB 0.3989 : L 7 : T 0.3 sec
 - d_sub 300 : OOB 0.3912 : L 8 : T 0.4 sec
 - d_sub 300 : OOB 0.3913 : L 9 : T 0.4 sec
 - d_sub 300 : OOB 0.3883 : L 10 : T 0.4 sec
 - d_sub 300 : OOB 0.3850 : L 11 : T 0.5 sec
 - d_sub 300 : OOB 0.3850 : L 12 : T 0.5 sec
 - d_sub 300 : OOB 0.3833 : L 13 : T 0.6 sec
 - d_sub 300 : OOB 0.3854 : L 14 : T 0.6 sec
 - d_sub 300 : OOB 0.3803 : L 15 : T 0.7 sec
 - d_sub 300 : OOB 0.3830 : L 16 : T 0.7 sec
 - d_sub 300 : OOB 0.3822 : L 17 : T 0.8 sec
 - d_sub 300 : OOB 0.3803 : L 18 : T 0.8 sec
 - d_sub 300 : OOB 0.3815 : L 19 : T 0.9 sec
 - d_sub 300 : OOB 0.3804 : L 20 : T 0.9 sec
 - d_sub 300 : OOB 0.3807 : L 21 : T 0.9 sec
 - d_sub 300 : OOB 0.3809 : L 22 : T 1.0 sec
 - d_sub 300 : OOB 0.3782 : L 23 : T 1.0 sec
 - d_sub 300 : OOB 0.3750 : L 24 : T 1.1 sec
 - d_sub 300 : OOB 0.3762 : L 25 : T 1.1 sec
 - d_sub 300 : OOB 0.3750 : L 26 : T 1.2 sec
 - d_sub 300 : OOB 0.3761 : L 27 : T 1.2 sec
 - d_sub 300 : OOB 0.3726 : L 28 : T 1.2 sec
 - d_sub 300 : OOB 0.3751 : L 29 : T 1.3 sec
 - d_sub 300 : OOB 0.3751 : L 30 : T 1.3 sec
# -------------------------
optimal d_sub 300 : OOB 0.3751 : L 30 : T 1.3 sec
# -------------------------
# Ensemble classification
#  - Training samples: 10000 (5000/5000)
#  - Feature-space dimensionality: 24157
#  - L : 30
#  - d_sub : 300
#  - Seed 1 (subspaces) : 653920785
#  - Seed 2 (bootstrap) : 375225102
# -------------------------

 - d_sub 300 : OOB 0.4590 : L 1 : T 0.0 sec
 - d_sub 300 : OOB 0.4337 : L 2 : T 0.1 sec
 - d_sub 300 : OOB 0.4219 : L 3 : T 0.1 sec
 - d_sub 300 : OOB 0.4168 : L 4 : T 0.2 sec
 - d_sub 300 : OOB 0.4030 : L 5 : T 0.2 sec
 - d_sub 300 : OOB 0.3990 : L 6 : T 0.3 sec
 - d_sub 300 : OOB 0.3999 : L 7 : T 0.3 sec
 - d_sub 300 : OOB 0.3919 : L 8 : T 0.4 sec
 - d_sub 300 : OOB 0.3893 : L 9 : T 0.4 sec
 - d_sub 300 : OOB 0.3860 : L 10 : T 0.5 sec
 - d_sub 300 : OOB 0.3857 : L 11 : T 0.5 sec
 - d_sub 300 : OOB 0.3848 : L 12 : T 0.5 sec
 - d_sub 300 : OOB 0.3804 : L 13 : T 0.6 sec
 - d_sub 300 : OOB 0.3840 : L 14 : T 0.6 sec
 - d_sub 300 : OOB 0.3845 : L 15 : T 0.7 sec
 - d_sub 300 : OOB 0.3811 : L 16 : T 0.7 sec
 - d_sub 300 : OOB 0.3813 : L 17 : T 0.8 sec
 - d_sub 300 : OOB 0.3793 : L 18 : T 0.8 sec
 - d_sub 300 : OOB 0.3789 : L 19 : T 0.9 sec
 - d_sub 300 : OOB 0.3777 : L 20 : T 0.9 sec
 - d_sub 300 : OOB 0.3810 : L 21 : T 0.9 sec
 - d_sub 300 : OOB 0.3793 : L 22 : T 1.0 sec
 - d_sub 300 : OOB 0.3788 : L 23 : T 1.0 sec
 - d_sub 300 : OOB 0.3781 : L 24 : T 1.1 sec
 - d_sub 300 : OOB 0.3778 : L 25 : T 1.1 sec
 - d_sub 300 : OOB 0.3759 : L 26 : T 1.2 sec
 - d_sub 300 : OOB 0.3743 : L 27 : T 1.2 sec
 - d_sub 300 : OOB 0.3746 : L 28 : T 1.2 sec
 - d_sub 300 : OOB 0.3742 : L 29 : T 1.3 sec
 - d_sub 300 : OOB 0.3757 : L 30 : T 1.3 sec
# -------------------------
optimal d_sub 300 : OOB 0.3757 : L 30 : T 1.3 sec
# -------------------------
# Ensemble classification
#  - Training samples: 10000 (5000/5000)
#  - Feature-space dimensionality: 24157
#  - L : 30
#  - d_sub : 300
#  - Seed 1 (subspaces) : 495208288
#  - Seed 2 (bootstrap) : 809453217
# -------------------------

 - d_sub 300 : OOB 0.4613 : L 1 : T 0.0 sec
 - d_sub 300 : OOB 0.4347 : L 2 : T 0.1 sec
 - d_sub 300 : OOB 0.4266 : L 3 : T 0.1 sec
 - d_sub 300 : OOB 0.4208 : L 4 : T 0.2 sec
 - d_sub 300 : OOB 0.4089 : L 5 : T 0.2 sec
 - d_sub 300 : OOB 0.4013 : L 6 : T 0.3 sec
 - d_sub 300 : OOB 0.3961 : L 7 : T 0.3 sec
 - d_sub 300 : OOB 0.3877 : L 8 : T 0.4 sec
 - d_sub 300 : OOB 0.3865 : L 9 : T 0.4 sec
 - d_sub 300 : OOB 0.3842 : L 10 : T 0.4 sec
 - d_sub 300 : OOB 0.3833 : L 11 : T 0.5 sec
 - d_sub 300 : OOB 0.3835 : L 12 : T 0.5 sec
 - d_sub 300 : OOB 0.3788 : L 13 : T 0.6 sec
 - d_sub 300 : OOB 0.3803 : L 14 : T 0.6 sec
 - d_sub 300 : OOB 0.3763 : L 15 : T 0.7 sec
 - d_sub 300 : OOB 0.3779 : L 16 : T 0.7 sec
 - d_sub 300 : OOB 0.3761 : L 17 : T 0.8 sec
 - d_sub 300 : OOB 0.3759 : L 18 : T 0.8 sec
 - d_sub 300 : OOB 0.3765 : L 19 : T 0.8 sec
 - d_sub 300 : OOB 0.3736 : L 20 : T 0.9 sec
 - d_sub 300 : OOB 0.3727 : L 21 : T 0.9 sec
 - d_sub 300 : OOB 0.3728 : L 22 : T 1.0 sec
 - d_sub 300 : OOB 0.3725 : L 23 : T 1.0 sec
 - d_sub 300 : OOB 0.3719 : L 24 : T 1.1 sec
 - d_sub 300 : OOB 0.3731 : L 25 : T 1.1 sec
 - d_sub 300 : OOB 0.3738 : L 26 : T 1.2 sec
 - d_sub 300 : OOB 0.3749 : L 27 : T 1.2 sec
 - d_sub 300 : OOB 0.3746 : L 28 : T 1.3 sec
 - d_sub 300 : OOB 0.3728 : L 29 : T 1.3 sec
 - d_sub 300 : OOB 0.3714 : L 30 : T 1.4 sec
# -------------------------
optimal d_sub 300 : OOB 0.3714 : L 30 : T 1.4 sec
# -------------------------
# Ensemble classification
#  - Training samples: 10000 (5000/5000)
#  - Feature-space dimensionality: 24157
#  - L : 30
#  - d_sub : 300
#  - Seed 1 (subspaces) : 146635610
#  - Seed 2 (bootstrap) : 632664081
# -------------------------

 - d_sub 300 : OOB 0.4602 : L 1 : T 0.0 sec
 - d_sub 300 : OOB 0.4364 : L 2 : T 0.1 sec
 - d_sub 300 : OOB 0.4226 : L 3 : T 0.1 sec
 - d_sub 300 : OOB 0.4138 : L 4 : T 0.2 sec
 - d_sub 300 : OOB 0.4035 : L 5 : T 0.2 sec
 - d_sub 300 : OOB 0.3951 : L 6 : T 0.3 sec
 - d_sub 300 : OOB 0.3961 : L 7 : T 0.3 sec
 - d_sub 300 : OOB 0.3921 : L 8 : T 0.4 sec
 - d_sub 300 : OOB 0.3886 : L 9 : T 0.4 sec
 - d_sub 300 : OOB 0.3880 : L 10 : T 0.4 sec
 - d_sub 300 : OOB 0.3868 : L 11 : T 0.5 sec
 - d_sub 300 : OOB 0.3882 : L 12 : T 0.5 sec
 - d_sub 300 : OOB 0.3791 : L 13 : T 0.6 sec
 - d_sub 300 : OOB 0.3833 : L 14 : T 0.6 sec
 - d_sub 300 : OOB 0.3833 : L 15 : T 0.7 sec
 - d_sub 300 : OOB 0.3821 : L 16 : T 0.7 sec
 - d_sub 300 : OOB 0.3813 : L 17 : T 0.8 sec
 - d_sub 300 : OOB 0.3806 : L 18 : T 0.8 sec
 - d_sub 300 : OOB 0.3807 : L 19 : T 0.8 sec
 - d_sub 300 : OOB 0.3776 : L 20 : T 0.9 sec
 - d_sub 300 : OOB 0.3795 : L 21 : T 0.9 sec
 - d_sub 300 : OOB 0.3772 : L 22 : T 1.0 sec
 - d_sub 300 : OOB 0.3784 : L 23 : T 1.0 sec
 - d_sub 300 : OOB 0.3782 : L 24 : T 1.1 sec
 - d_sub 300 : OOB 0.3767 : L 25 : T 1.1 sec
 - d_sub 300 : OOB 0.3763 : L 26 : T 1.2 sec
 - d_sub 300 : OOB 0.3753 : L 27 : T 1.2 sec
 - d_sub 300 : OOB 0.3787 : L 28 : T 1.2 sec
 - d_sub 300 : OOB 0.3780 : L 29 : T 1.3 sec
 - d_sub 300 : OOB 0.3777 : L 30 : T 1.3 sec
# -------------------------
optimal d_sub 300 : OOB 0.3777 : L 30 : T 1.3 sec
# -------------------------
# Ensemble classification
#  - Training samples: 10000 (5000/5000)
#  - Feature-space dimensionality: 24157
#  - L : 30
#  - d_sub : 300
#  - Seed 1 (subspaces) : 667173886
#  - Seed 2 (bootstrap) : 72360411
# -------------------------

 - d_sub 300 : OOB 0.4623 : L 1 : T 0.0 sec
 - d_sub 300 : OOB 0.4388 : L 2 : T 0.1 sec
 - d_sub 300 : OOB 0.4251 : L 3 : T 0.1 sec
 - d_sub 300 : OOB 0.4172 : L 4 : T 0.2 sec
 - d_sub 300 : OOB 0.4066 : L 5 : T 0.2 sec
 - d_sub 300 : OOB 0.4007 : L 6 : T 0.3 sec
 - d_sub 300 : OOB 0.4016 : L 7 : T 0.3 sec
 - d_sub 300 : OOB 0.3955 : L 8 : T 0.4 sec
 - d_sub 300 : OOB 0.3925 : L 9 : T 0.4 sec
 - d_sub 300 : OOB 0.3893 : L 10 : T 0.5 sec
 - d_sub 300 : OOB 0.3874 : L 11 : T 0.5 sec
 - d_sub 300 : OOB 0.3852 : L 12 : T 0.6 sec
 - d_sub 300 : OOB 0.3837 : L 13 : T 0.6 sec
 - d_sub 300 : OOB 0.3816 : L 14 : T 0.6 sec
 - d_sub 300 : OOB 0.3824 : L 15 : T 0.7 sec
 - d_sub 300 : OOB 0.3801 : L 16 : T 0.7 sec
 - d_sub 300 : OOB 0.3810 : L 17 : T 0.8 sec
 - d_sub 300 : OOB 0.3804 : L 18 : T 0.8 sec
 - d_sub 300 : OOB 0.3778 : L 19 : T 0.9 sec
 - d_sub 300 : OOB 0.3770 : L 20 : T 0.9 sec
 - d_sub 300 : OOB 0.3771 : L 21 : T 1.0 sec
 - d_sub 300 : OOB 0.3771 : L 22 : T 1.0 sec
 - d_sub 300 : OOB 0.3762 : L 23 : T 1.1 sec
 - d_sub 300 : OOB 0.3736 : L 24 : T 1.1 sec
 - d_sub 300 : OOB 0.3743 : L 25 : T 1.2 sec
 - d_sub 300 : OOB 0.3709 : L 26 : T 1.2 sec
 - d_sub 300 : OOB 0.3735 : L 27 : T 1.3 sec
 - d_sub 300 : OOB 0.3736 : L 28 : T 1.3 sec
 - d_sub 300 : OOB 0.3719 : L 29 : T 1.4 sec
 - d_sub 300 : OOB 0.3707 : L 30 : T 1.4 sec
# -------------------------
optimal d_sub 300 : OOB 0.3707 : L 30 : T 1.4 sec
# -------------------------
# Ensemble classification
#  - Training samples: 10000 (5000/5000)
#  - Feature-space dimensionality: 24157
#  - L : 30
#  - d_sub : 300
#  - Seed 1 (subspaces) : 6384443
#  - Seed 2 (bootstrap) : 264407657
# -------------------------

 - d_sub 300 : OOB 0.4571 : L 1 : T 0.0 sec
 - d_sub 300 : OOB 0.4341 : L 2 : T 0.1 sec
 - d_sub 300 : OOB 0.4207 : L 3 : T 0.1 sec
 - d_sub 300 : OOB 0.4156 : L 4 : T 0.2 sec
 - d_sub 300 : OOB 0.4062 : L 5 : T 0.2 sec
 - d_sub 300 : OOB 0.3992 : L 6 : T 0.3 sec
 - d_sub 300 : OOB 0.4017 : L 7 : T 0.3 sec
 - d_sub 300 : OOB 0.3919 : L 8 : T 0.4 sec
 - d_sub 300 : OOB 0.3923 : L 9 : T 0.4 sec
 - d_sub 300 : OOB 0.3916 : L 10 : T 0.4 sec
 - d_sub 300 : OOB 0.3906 : L 11 : T 0.5 sec
 - d_sub 300 : OOB 0.3882 : L 12 : T 0.5 sec
 - d_sub 300 : OOB 0.3827 : L 13 : T 0.6 sec
 - d_sub 300 : OOB 0.3825 : L 14 : T 0.6 sec
 - d_sub 300 : OOB 0.3820 : L 15 : T 0.7 sec
 - d_sub 300 : OOB 0.3811 : L 16 : T 0.7 sec
 - d_sub 300 : OOB 0.3794 : L 17 : T 0.7 sec
 - d_sub 300 : OOB 0.3777 : L 18 : T 0.8 sec
 - d_sub 300 : OOB 0.3775 : L 19 : T 0.8 sec
 - d_sub 300 : OOB 0.3747 : L 20 : T 0.9 sec
 - d_sub 300 : OOB 0.3756 : L 21 : T 0.9 sec
 - d_sub 300 : OOB 0.3795 : L 22 : T 1.0 sec
 - d_sub 300 : OOB 0.3799 : L 23 : T 1.0 sec
 - d_sub 300 : OOB 0.3772 : L 24 : T 1.1 sec
 - d_sub 300 : OOB 0.3769 : L 25 : T 1.1 sec
 - d_sub 300 : OOB 0.3765 : L 26 : T 1.2 sec
 - d_sub 300 : OOB 0.3773 : L 27 : T 1.2 sec
 - d_sub 300 : OOB 0.3732 : L 28 : T 1.2 sec
 - d_sub 300 : OOB 0.3748 : L 29 : T 1.3 sec
 - d_sub 300 : OOB 0.3744 : L 30 : T 1.3 sec
# -------------------------
optimal d_sub 300 : OOB 0.3744 : L 30 : T 1.3 sec
# -------------------------
# Ensemble classification
#  - Training samples: 10000 (5000/5000)
#  - Feature-space dimensionality: 24157
#  - L : 30
#  - d_sub : 300
#  - Seed 1 (subspaces) : 78113837
#  - Seed 2 (bootstrap) : 379899479
# -------------------------

 - d_sub 300 : OOB 0.4638 : L 1 : T 0.0 sec
 - d_sub 300 : OOB 0.4380 : L 2 : T 0.1 sec
 - d_sub 300 : OOB 0.4243 : L 3 : T 0.1 sec
 - d_sub 300 : OOB 0.4154 : L 4 : T 0.2 sec
 - d_sub 300 : OOB 0.3997 : L 5 : T 0.2 sec
 - d_sub 300 : OOB 0.3946 : L 6 : T 0.3 sec
 - d_sub 300 : OOB 0.3966 : L 7 : T 0.3 sec
 - d_sub 300 : OOB 0.3910 : L 8 : T 0.4 sec
 - d_sub 300 : OOB 0.3892 : L 9 : T 0.4 sec
 - d_sub 300 : OOB 0.3881 : L 10 : T 0.5 sec
 - d_sub 300 : OOB 0.3870 : L 11 : T 0.5 sec
 - d_sub 300 : OOB 0.3886 : L 12 : T 0.5 sec
 - d_sub 300 : OOB 0.3821 : L 13 : T 0.6 sec
 - d_sub 300 : OOB 0.3873 : L 14 : T 0.6 sec
 - d_sub 300 : OOB 0.3827 : L 15 : T 0.7 sec
 - d_sub 300 : OOB 0.3864 : L 16 : T 0.7 sec
 - d_sub 300 : OOB 0.3842 : L 17 : T 0.8 sec
 - d_sub 300 : OOB 0.3823 : L 18 : T 0.8 sec
 - d_sub 300 : OOB 0.3832 : L 19 : T 0.8 sec
 - d_sub 300 : OOB 0.3772 : L 20 : T 0.9 sec
 - d_sub 300 : OOB 0.3782 : L 21 : T 0.9 sec
 - d_sub 300 : OOB 0.3777 : L 22 : T 1.0 sec
 - d_sub 300 : OOB 0.3782 : L 23 : T 1.0 sec
 - d_sub 300 : OOB 0.3774 : L 24 : T 1.1 sec
 - d_sub 300 : OOB 0.3777 : L 25 : T 1.1 sec
 - d_sub 300 : OOB 0.3769 : L 26 : T 1.2 sec
 - d_sub 300 : OOB 0.3802 : L 27 : T 1.2 sec
 - d_sub 300 : OOB 0.3788 : L 28 : T 1.2 sec
 - d_sub 300 : OOB 0.3755 : L 29 : T 1.3 sec
 - d_sub 300 : OOB 0.3741 : L 30 : T 1.3 sec
# -------------------------
optimal d_sub 300 : OOB 0.3741 : L 30 : T 1.3 sec
# -------------------------
# Ensemble classification
#  - Training samples: 10000 (5000/5000)
#  - Feature-space dimensionality: 24157
#  - L : 30
#  - d_sub : 300
#  - Seed 1 (subspaces) : 461740365
#  - Seed 2 (bootstrap) : 877744840
# -------------------------

 - d_sub 300 : OOB 0.4584 : L 1 : T 0.0 sec
 - d_sub 300 : OOB 0.4367 : L 2 : T 0.1 sec
 - d_sub 300 : OOB 0.4244 : L 3 : T 0.1 sec
 - d_sub 300 : OOB 0.4178 : L 4 : T 0.2 sec
 - d_sub 300 : OOB 0.4065 : L 5 : T 0.2 sec
 - d_sub 300 : OOB 0.3995 : L 6 : T 0.3 sec
 - d_sub 300 : OOB 0.4032 : L 7 : T 0.3 sec
 - d_sub 300 : OOB 0.3977 : L 8 : T 0.4 sec
 - d_sub 300 : OOB 0.3951 : L 9 : T 0.4 sec
 - d_sub 300 : OOB 0.3929 : L 10 : T 0.5 sec
 - d_sub 300 : OOB 0.3922 : L 11 : T 0.5 sec
 - d_sub 300 : OOB 0.3919 : L 12 : T 0.6 sec
 - d_sub 300 : OOB 0.3842 : L 13 : T 0.6 sec
 - d_sub 300 : OOB 0.3863 : L 14 : T 0.6 sec
 - d_sub 300 : OOB 0.3857 : L 15 : T 0.7 sec
 - d_sub 300 : OOB 0.3857 : L 16 : T 0.7 sec
 - d_sub 300 : OOB 0.3846 : L 17 : T 0.8 sec
 - d_sub 300 : OOB 0.3834 : L 18 : T 0.8 sec
 - d_sub 300 : OOB 0.3798 : L 19 : T 0.9 sec
 - d_sub 300 : OOB 0.3779 : L 20 : T 0.9 sec
 - d_sub 300 : OOB 0.3767 : L 21 : T 1.0 sec
 - d_sub 300 : OOB 0.3754 : L 22 : T 1.0 sec
 - d_sub 300 : OOB 0.3777 : L 23 : T 1.1 sec
 - d_sub 300 : OOB 0.3770 : L 24 : T 1.1 sec
 - d_sub 300 : OOB 0.3758 : L 25 : T 1.2 sec
 - d_sub 300 : OOB 0.3762 : L 26 : T 1.2 sec
 - d_sub 300 : OOB 0.3749 : L 27 : T 1.2 sec
 - d_sub 300 : OOB 0.3778 : L 28 : T 1.3 sec
 - d_sub 300 : OOB 0.3765 : L 29 : T 1.3 sec
 - d_sub 300 : OOB 0.3767 : L 30 : T 1.4 sec
# -------------------------
optimal d_sub 300 : OOB 0.3767 : L 30 : T 1.4 sec
# -------------------------
# Ensemble classification
#  - Training samples: 10000 (5000/5000)
#  - Feature-space dimensionality: 24157
#  - L : 30
#  - d_sub : 300
#  - Seed 1 (subspaces) : 580219616
#  - Seed 2 (bootstrap) : 885390124
# -------------------------

 - d_sub 300 : OOB 0.4627 : L 1 : T 0.0 sec
 - d_sub 300 : OOB 0.4365 : L 2 : T 0.1 sec
 - d_sub 300 : OOB 0.4224 : L 3 : T 0.1 sec
 - d_sub 300 : OOB 0.4113 : L 4 : T 0.2 sec
 - d_sub 300 : OOB 0.4021 : L 5 : T 0.2 sec
 - d_sub 300 : OOB 0.4017 : L 6 : T 0.3 sec
 - d_sub 300 : OOB 0.3936 : L 7 : T 0.3 sec
 - d_sub 300 : OOB 0.3881 : L 8 : T 0.4 sec
 - d_sub 300 : OOB 0.3884 : L 9 : T 0.4 sec
 - d_sub 300 : OOB 0.3850 : L 10 : T 0.5 sec
 - d_sub 300 : OOB 0.3824 : L 11 : T 0.5 sec
 - d_sub 300 : OOB 0.3813 : L 12 : T 0.5 sec
 - d_sub 300 : OOB 0.3790 : L 13 : T 0.6 sec
 - d_sub 300 : OOB 0.3812 : L 14 : T 0.6 sec
 - d_sub 300 : OOB 0.3778 : L 15 : T 0.7 sec
 - d_sub 300 : OOB 0.3793 : L 16 : T 0.7 sec
 - d_sub 300 : OOB 0.3778 : L 17 : T 0.8 sec
 - d_sub 300 : OOB 0.3765 : L 18 : T 0.8 sec
 - d_sub 300 : OOB 0.3766 : L 19 : T 0.9 sec
 - d_sub 300 : OOB 0.3762 : L 20 : T 0.9 sec
 - d_sub 300 : OOB 0.3741 : L 21 : T 1.0 sec
 - d_sub 300 : OOB 0.3752 : L 22 : T 1.0 sec
 - d_sub 300 : OOB 0.3763 : L 23 : T 1.0 sec
 - d_sub 300 : OOB 0.3759 : L 24 : T 1.1 sec
 - d_sub 300 : OOB 0.3730 : L 25 : T 1.1 sec
 - d_sub 300 : OOB 0.3741 : L 26 : T 1.2 sec
 - d_sub 300 : OOB 0.3729 : L 27 : T 1.2 sec
 - d_sub 300 : OOB 0.3746 : L 28 : T 1.3 sec
 - d_sub 300 : OOB 0.3731 : L 29 : T 1.3 sec
 - d_sub 300 : OOB 0.3706 : L 30 : T 1.4 sec
# -------------------------
optimal d_sub 300 : OOB 0.3706 : L 30 : T 1.4 sec
# -------------------------
Average OOB error = 0.37433 (+/- 0.00262)
# -------------------------
# Ensemble classification
#  - Training samples: 10000 (5000/5000)
#  - Feature-space dimensionality: 24157
#  - L : 30
#  - d_sub : 300
#  - Seed 1 (subspaces) : 5
#  - Seed 2 (bootstrap) : 73
# -------------------------

 - d_sub 300 : OOB 0.4606 : L 1 : T 0.0 sec
 - d_sub 300 : OOB 0.4339 : L 2 : T 0.1 sec
 - d_sub 300 : OOB 0.4200 : L 3 : T 0.1 sec
 - d_sub 300 : OOB 0.4117 : L 4 : T 0.2 sec
 - d_sub 300 : OOB 0.4029 : L 5 : T 0.2 sec
 - d_sub 300 : OOB 0.4053 : L 6 : T 0.3 sec
 - d_sub 300 : OOB 0.3970 : L 7 : T 0.3 sec
 - d_sub 300 : OOB 0.3920 : L 8 : T 0.4 sec
 - d_sub 300 : OOB 0.3889 : L 9 : T 0.4 sec
 - d_sub 300 : OOB 0.3900 : L 10 : T 0.5 sec
 - d_sub 300 : OOB 0.3864 : L 11 : T 0.5 sec
 - d_sub 300 : OOB 0.3885 : L 12 : T 0.5 sec
 - d_sub 300 : OOB 0.3876 : L 13 : T 0.6 sec
 - d_sub 300 : OOB 0.3819 : L 14 : T 0.6 sec
 - d_sub 300 : OOB 0.3866 : L 15 : T 0.7 sec
 - d_sub 300 : OOB 0.3827 : L 16 : T 0.7 sec
 - d_sub 300 : OOB 0.3839 : L 17 : T 0.8 sec
 - d_sub 300 : OOB 0.3827 : L 18 : T 0.8 sec
 - d_sub 300 : OOB 0.3794 : L 19 : T 0.9 sec
 - d_sub 300 : OOB 0.3778 : L 20 : T 0.9 sec
 - d_sub 300 : OOB 0.3779 : L 21 : T 1.0 sec
 - d_sub 300 : OOB 0.3777 : L 22 : T 1.0 sec
 - d_sub 300 : OOB 0.3799 : L 23 : T 1.0 sec
 - d_sub 300 : OOB 0.3812 : L 24 : T 1.1 sec
 - d_sub 300 : OOB 0.3795 : L 25 : T 1.1 sec
 - d_sub 300 : OOB 0.3783 : L 26 : T 1.2 sec
 - d_sub 300 : OOB 0.3781 : L 27 : T 1.2 sec
 - d_sub 300 : OOB 0.3802 : L 28 : T 1.3 sec
 - d_sub 300 : OOB 0.3817 : L 29 : T 1.3 sec
 - d_sub 300 : OOB 0.3783 : L 30 : T 1.4 sec
# -------------------------
optimal d_sub 300 : OOB 0.3783 : L 30 : T 1.4 sec
OOB error = 0.3748
optimal d_sub 300 : OOB 0.3736 : L 30 : T 1.4 sec
optimal d_sub 300 : OOB 0.3647 : L 84 : T 3.8 sec
Testing error 1: 0.3702
optimal d_sub 300 : OOB 0.3692 : L 81 : T 3.7 sec
Testing error 2: 0.3633
optimal d_sub 300 : OOB 0.3698 : L 93 : T 4.2 sec
Testing error 3: 0.3630
optimal d_sub 300 : OOB 0.3652 : L 89 : T 4.1 sec
Testing error 4: 0.3681
optimal d_sub 300 : OOB 0.3736 : L 65 : T 3.0 sec
Testing error 5: 0.3667
optimal d_sub 300 : OOB 0.3736 : L 84 : T 3.9 sec
Testing error 6: 0.3657
optimal d_sub 300 : OOB 0.3680 : L 75 : T 3.4 sec
Testing error 7: 0.3643
optimal d_sub 300 : OOB 0.3702 : L 76 : T 3.5 sec
Testing error 8: 0.3674
optimal d_sub 300 : OOB 0.3716 : L 72 : T 3.3 sec
Testing error 9: 0.3641
optimal d_sub 300 : OOB 0.3744 : L 69 : T 3.2 sec
Testing error 10: 0.3606
---
Average testing error over 10 splits: 0.3653 (+/- 0.0028)
