# -------------------------
# Ensemble classification
#  - Training samples: 10000 (5000/5000)
#  - Feature-space dimensionality: 24157
#  - L : automatic (min 25, max 500, length 50, eps 0.00500)
#  - d_sub : automatic (Eoob tolerance 0.0200, step 200)
#  - Seed 1 (subspaces) : 169010289
#  - Seed 2 (bootstrap) : 563570641
# -------------------------

 - d_sub 200 : OOB 0.4457 : L 1 : T 0.0 sec
 - d_sub 200 : OOB 0.4165 : L 2 : T 0.1 sec
 - d_sub 200 : OOB 0.4016 : L 3 : T 0.1 sec
 - d_sub 200 : OOB 0.3894 : L 4 : T 0.2 sec
 - d_sub 200 : OOB 0.3782 : L 5 : T 0.2 sec
 - d_sub 200 : OOB 0.3758 : L 6 : T 0.3 sec
 - d_sub 200 : OOB 0.3665 : L 7 : T 0.3 sec
 - d_sub 200 : OOB 0.3615 : L 8 : T 0.3 sec
 - d_sub 200 : OOB 0.3591 : L 9 : T 0.4 sec
 - d_sub 200 : OOB 0.3556 : L 10 : T 0.4 sec
 - d_sub 200 : OOB 0.3526 : L 11 : T 0.5 sec
 - d_sub 200 : OOB 0.3497 : L 12 : T 0.5 sec
 - d_sub 200 : OOB 0.3466 : L 13 : T 0.5 sec
 - d_sub 200 : OOB 0.3458 : L 14 : T 0.6 sec
 - d_sub 200 : OOB 0.3423 : L 15 : T 0.6 sec
 - d_sub 200 : OOB 0.3452 : L 16 : T 0.7 sec
 - d_sub 200 : OOB 0.3431 : L 17 : T 0.7 sec
 - d_sub 200 : OOB 0.3425 : L 18 : T 0.7 sec
 - d_sub 200 : OOB 0.3444 : L 19 : T 0.8 sec
 - d_sub 200 : OOB 0.3427 : L 20 : T 0.9 sec
 - d_sub 200 : OOB 0.3410 : L 21 : T 0.9 sec
 - d_sub 200 : OOB 0.3419 : L 22 : T 1.0 sec
 - d_sub 200 : OOB 0.3397 : L 23 : T 1.0 sec
 - d_sub 200 : OOB 0.3391 : L 24 : T 1.0 sec
 - d_sub 200 : OOB 0.3363 : L 25 : T 1.1 sec
 - d_sub 200 : OOB 0.3368 : L 26 : T 1.1 sec
 - d_sub 200 : OOB 0.3381 : L 27 : T 1.2 sec
 - d_sub 200 : OOB 0.3400 : L 28 : T 1.2 sec
 - d_sub 200 : OOB 0.3417 : L 29 : T 1.3 sec
 - d_sub 200 : OOB 0.3397 : L 30 : T 1.3 sec
 - d_sub 200 : OOB 0.3371 : L 31 : T 1.3 sec
 - d_sub 200 : OOB 0.3376 : L 32 : T 1.4 sec
 - d_sub 200 : OOB 0.3360 : L 33 : T 1.4 sec
 - d_sub 200 : OOB 0.3365 : L 34 : T 1.5 sec
 - d_sub 200 : OOB 0.3361 : L 35 : T 1.5 sec
 - d_sub 200 : OOB 0.3360 : L 36 : T 1.5 sec
 - d_sub 200 : OOB 0.3367 : L 37 : T 1.6 sec
 - d_sub 200 : OOB 0.3342 : L 38 : T 1.6 sec
 - d_sub 200 : OOB 0.3341 : L 39 : T 1.7 sec
 - d_sub 200 : OOB 0.3365 : L 40 : T 1.7 sec
 - d_sub 200 : OOB 0.3357 : L 41 : T 1.7 sec
 - d_sub 200 : OOB 0.3357 : L 42 : T 1.8 sec
 - d_sub 200 : OOB 0.3355 : L 43 : T 1.8 sec
 - d_sub 200 : OOB 0.3357 : L 44 : T 1.9 sec
 - d_sub 200 : OOB 0.3353 : L 45 : T 1.9 sec
 - d_sub 200 : OOB 0.3354 : L 46 : T 2.0 sec
 - d_sub 200 : OOB 0.3345 : L 47 : T 2.0 sec
 - d_sub 200 : OOB 0.3335 : L 48 : T 2.0 sec
 - d_sub 200 : OOB 0.3318 : L 49 : T 2.1 sec
 - d_sub 200 : OOB 0.3313 : L 50 : T 2.1 sec
 - d_sub 200 : OOB 0.3326 : L 51 : T 2.1 sec
 - d_sub 200 : OOB 0.3317 : L 52 : T 2.2 sec
 - d_sub 200 : OOB 0.3319 : L 53 : T 2.2 sec
 - d_sub 200 : OOB 0.3313 : L 54 : T 2.3 sec
 - d_sub 200 : OOB 0.3315 : L 55 : T 2.3 sec
 - d_sub 200 : OOB 0.3330 : L 56 : T 2.4 sec
 - d_sub 200 : OOB 0.3321 : L 57 : T 2.4 sec
 - d_sub 200 : OOB 0.3318 : L 58 : T 2.4 sec
 - d_sub 200 : OOB 0.3313 : L 59 : T 2.5 sec
 - d_sub 200 : OOB 0.3304 : L 60 : T 2.5 sec
 - d_sub 200 : OOB 0.3298 : L 61 : T 2.5 sec
 - d_sub 200 : OOB 0.3328 : L 62 : T 2.6 sec
 - d_sub 200 : OOB 0.3304 : L 63 : T 2.6 sec
 - d_sub 200 : OOB 0.3314 : L 64 : T 2.7 sec
 - d_sub 200 : OOB 0.3311 : L 65 : T 2.7 sec
 - d_sub 200 : OOB 0.3299 : L 66 : T 2.7 sec
 - d_sub 200 : OOB 0.3318 : L 67 : T 2.8 sec
 - d_sub 200 : OOB 0.3333 : L 68 : T 2.8 sec
 - d_sub 200 : OOB 0.3328 : L 69 : T 2.9 sec
 - d_sub 200 : OOB 0.3306 : L 70 : T 2.9 sec
 - d_sub 200 : OOB 0.3306 : L 71 : T 2.9 sec
 - d_sub 200 : OOB 0.3302 : L 72 : T 3.0 sec
 - d_sub 200 : OOB 0.3314 : L 73 : T 3.0 sec
 - d_sub 200 : OOB 0.3328 : L 74 : T 3.1 sec
 - d_sub 200 : OOB 0.3321 : L 75 : T 3.1 sec
 - d_sub 200 : OOB 0.3337 : L 76 : T 3.1 sec
 - d_sub 200 : OOB 0.3329 : L 77 : T 3.2 sec
 - d_sub 200 : OOB 0.3320 : L 78 : T 3.2 sec
 - d_sub 200 : OOB 0.3329 : L 79 : T 3.3 sec
 - d_sub 200 : OOB 0.3323 : L 80 : T 3.3 sec
 - d_sub 200 : OOB 0.3330 : L 81 : T 3.3 sec
 - d_sub 200 : OOB 0.3314 : L 82 : T 3.4 sec
 - d_sub 200 : OOB 0.3327 : L 83 : T 3.4 sec

 - d_sub 400 : OOB 0.4314 : L 1 : T 0.1 sec
 - d_sub 400 : OOB 0.3980 : L 2 : T 0.2 sec
 - d_sub 400 : OOB 0.3809 : L 3 : T 0.2 sec
 - d_sub 400 : OOB 0.3650 : L 4 : T 0.3 sec
 - d_sub 400 : OOB 0.3475 : L 5 : T 0.4 sec
 - d_sub 400 : OOB 0.3464 : L 6 : T 0.5 sec
 - d_sub 400 : OOB 0.3353 : L 7 : T 0.6 sec
 - d_sub 400 : OOB 0.3335 : L 8 : T 0.6 sec
 - d_sub 400 : OOB 0.3288 : L 9 : T 0.7 sec
 - d_sub 400 : OOB 0.3269 : L 10 : T 0.8 sec
 - d_sub 400 : OOB 0.3273 : L 11 : T 0.9 sec
 - d_sub 400 : OOB 0.3228 : L 12 : T 1.0 sec
 - d_sub 400 : OOB 0.3211 : L 13 : T 1.0 sec
 - d_sub 400 : OOB 0.3194 : L 14 : T 1.1 sec
 - d_sub 400 : OOB 0.3179 : L 15 : T 1.2 sec
 - d_sub 400 : OOB 0.3161 : L 16 : T 1.2 sec
 - d_sub 400 : OOB 0.3205 : L 17 : T 1.3 sec
 - d_sub 400 : OOB 0.3166 : L 18 : T 1.4 sec
 - d_sub 400 : OOB 0.3174 : L 19 : T 1.4 sec
 - d_sub 400 : OOB 0.3187 : L 20 : T 1.5 sec
 - d_sub 400 : OOB 0.3165 : L 21 : T 1.6 sec
 - d_sub 400 : OOB 0.3143 : L 22 : T 1.7 sec
 - d_sub 400 : OOB 0.3132 : L 23 : T 1.7 sec
 - d_sub 400 : OOB 0.3142 : L 24 : T 1.8 sec
 - d_sub 400 : OOB 0.3138 : L 25 : T 1.9 sec
 - d_sub 400 : OOB 0.3116 : L 26 : T 1.9 sec
 - d_sub 400 : OOB 0.3110 : L 27 : T 2.0 sec
 - d_sub 400 : OOB 0.3119 : L 28 : T 2.1 sec
 - d_sub 400 : OOB 0.3094 : L 29 : T 2.2 sec
 - d_sub 400 : OOB 0.3122 : L 30 : T 2.2 sec
 - d_sub 400 : OOB 0.3097 : L 31 : T 2.3 sec
 - d_sub 400 : OOB 0.3114 : L 32 : T 2.4 sec
 - d_sub 400 : OOB 0.3119 : L 33 : T 2.4 sec
 - d_sub 400 : OOB 0.3134 : L 34 : T 2.5 sec
 - d_sub 400 : OOB 0.3122 : L 35 : T 2.6 sec
 - d_sub 400 : OOB 0.3124 : L 36 : T 2.7 sec
 - d_sub 400 : OOB 0.3128 : L 37 : T 2.7 sec
 - d_sub 400 : OOB 0.3129 : L 38 : T 2.8 sec
 - d_sub 400 : OOB 0.3120 : L 39 : T 2.9 sec
 - d_sub 400 : OOB 0.3125 : L 40 : T 2.9 sec
 - d_sub 400 : OOB 0.3116 : L 41 : T 3.0 sec
 - d_sub 400 : OOB 0.3107 : L 42 : T 3.1 sec
 - d_sub 400 : OOB 0.3119 : L 43 : T 3.1 sec
 - d_sub 400 : OOB 0.3143 : L 44 : T 3.2 sec
 - d_sub 400 : OOB 0.3124 : L 45 : T 3.3 sec
 - d_sub 400 : OOB 0.3107 : L 46 : T 3.3 sec
 - d_sub 400 : OOB 0.3118 : L 47 : T 3.4 sec
 - d_sub 400 : OOB 0.3110 : L 48 : T 3.5 sec
 - d_sub 400 : OOB 0.3107 : L 49 : T 3.5 sec
 - d_sub 400 : OOB 0.3115 : L 50 : T 3.6 sec
 - d_sub 400 : OOB 0.3105 : L 51 : T 3.7 sec
 - d_sub 400 : OOB 0.3114 : L 52 : T 3.7 sec
 - d_sub 400 : OOB 0.3092 : L 53 : T 3.8 sec
 - d_sub 400 : OOB 0.3106 : L 54 : T 3.9 sec
 - d_sub 400 : OOB 0.3114 : L 55 : T 3.9 sec
 - d_sub 400 : OOB 0.3093 : L 56 : T 4.0 sec
 - d_sub 400 : OOB 0.3099 : L 57 : T 4.1 sec
 - d_sub 400 : OOB 0.3099 : L 58 : T 4.2 sec
 - d_sub 400 : OOB 0.3095 : L 59 : T 4.2 sec
 - d_sub 400 : OOB 0.3086 : L 60 : T 4.3 sec
 - d_sub 400 : OOB 0.3080 : L 61 : T 4.4 sec
 - d_sub 400 : OOB 0.3088 : L 62 : T 4.4 sec
 - d_sub 400 : OOB 0.3077 : L 63 : T 4.5 sec
 - d_sub 400 : OOB 0.3082 : L 64 : T 4.6 sec
 - d_sub 400 : OOB 0.3090 : L 65 : T 4.6 sec
 - d_sub 400 : OOB 0.3078 : L 66 : T 4.7 sec
 - d_sub 400 : OOB 0.3063 : L 67 : T 4.8 sec
 - d_sub 400 : OOB 0.3075 : L 68 : T 4.8 sec
 - d_sub 400 : OOB 0.3080 : L 69 : T 4.9 sec
 - d_sub 400 : OOB 0.3082 : L 70 : T 5.0 sec
 - d_sub 400 : OOB 0.3078 : L 71 : T 5.0 sec
 - d_sub 400 : OOB 0.3047 : L 72 : T 5.1 sec
 - d_sub 400 : OOB 0.3057 : L 73 : T 5.2 sec
 - d_sub 400 : OOB 0.3051 : L 74 : T 5.3 sec
 - d_sub 400 : OOB 0.3058 : L 75 : T 5.3 sec
 - d_sub 400 : OOB 0.3073 : L 76 : T 5.4 sec
 - d_sub 400 : OOB 0.3066 : L 77 : T 5.5 sec
 - d_sub 400 : OOB 0.3060 : L 78 : T 5.5 sec
 - d_sub 400 : OOB 0.3064 : L 79 : T 5.6 sec
 - d_sub 400 : OOB 0.3055 : L 80 : T 5.7 sec
 - d_sub 400 : OOB 0.3070 : L 81 : T 5.8 sec
 - d_sub 400 : OOB 0.3046 : L 82 : T 5.8 sec
 - d_sub 400 : OOB 0.3053 : L 83 : T 5.9 sec
 - d_sub 400 : OOB 0.3057 : L 84 : T 6.0 sec
 - d_sub 400 : OOB 0.3048 : L 85 : T 6.0 sec
 - d_sub 400 : OOB 0.3047 : L 86 : T 6.1 sec
 - d_sub 400 : OOB 0.3068 : L 87 : T 6.2 sec
 - d_sub 400 : OOB 0.3068 : L 88 : T 6.2 sec
 - d_sub 400 : OOB 0.3060 : L 89 : T 6.3 sec
 - d_sub 400 : OOB 0.3051 : L 90 : T 6.4 sec
 - d_sub 400 : OOB 0.3051 : L 91 : T 6.4 sec
 - d_sub 400 : OOB 0.3066 : L 92 : T 6.5 sec
 - d_sub 400 : OOB 0.3048 : L 93 : T 6.6 sec
 - d_sub 400 : OOB 0.3052 : L 94 : T 6.6 sec
 - d_sub 400 : OOB 0.3043 : L 95 : T 6.7 sec
 - d_sub 400 : OOB 0.3058 : L 96 : T 6.8 sec
 - d_sub 400 : OOB 0.3059 : L 97 : T 6.9 sec
 - d_sub 400 : OOB 0.3062 : L 98 : T 7.0 sec
 - d_sub 400 : OOB 0.3062 : L 99 : T 7.1 sec
 - d_sub 400 : OOB 0.3069 : L 100 : T 7.1 sec
 - d_sub 400 : OOB 0.3071 : L 101 : T 7.2 sec
 - d_sub 400 : OOB 0.3062 : L 102 : T 7.3 sec
 - d_sub 400 : OOB 0.3073 : L 103 : T 7.3 sec
 - d_sub 400 : OOB 0.3062 : L 104 : T 7.4 sec

 - d_sub 600 : OOB 0.4360 : L 1 : T 0.1 sec
 - d_sub 600 : OOB 0.3965 : L 2 : T 0.3 sec
 - d_sub 600 : OOB 0.3751 : L 3 : T 0.4 sec
 - d_sub 600 : OOB 0.3583 : L 4 : T 0.5 sec
 - d_sub 600 : OOB 0.3448 : L 5 : T 0.6 sec
 - d_sub 600 : OOB 0.3404 : L 6 : T 0.7 sec
 - d_sub 600 : OOB 0.3276 : L 7 : T 0.9 sec
 - d_sub 600 : OOB 0.3224 : L 8 : T 1.0 sec
 - d_sub 600 : OOB 0.3175 : L 9 : T 1.1 sec
 - d_sub 600 : OOB 0.3128 : L 10 : T 1.2 sec
 - d_sub 600 : OOB 0.3088 : L 11 : T 1.3 sec
 - d_sub 600 : OOB 0.3049 : L 12 : T 1.4 sec
 - d_sub 600 : OOB 0.3067 : L 13 : T 1.5 sec
 - d_sub 600 : OOB 0.3076 : L 14 : T 1.6 sec
 - d_sub 600 : OOB 0.3034 : L 15 : T 1.8 sec
 - d_sub 600 : OOB 0.3039 : L 16 : T 1.9 sec
 - d_sub 600 : OOB 0.3047 : L 17 : T 2.0 sec
 - d_sub 600 : OOB 0.3019 : L 18 : T 2.1 sec
 - d_sub 600 : OOB 0.3033 : L 19 : T 2.2 sec
 - d_sub 600 : OOB 0.3016 : L 20 : T 2.3 sec
 - d_sub 600 : OOB 0.3024 : L 21 : T 2.5 sec
 - d_sub 600 : OOB 0.3005 : L 22 : T 2.6 sec
 - d_sub 600 : OOB 0.3008 : L 23 : T 2.7 sec
 - d_sub 600 : OOB 0.2991 : L 24 : T 2.8 sec
 - d_sub 600 : OOB 0.2981 : L 25 : T 3.0 sec
 - d_sub 600 : OOB 0.2977 : L 26 : T 3.1 sec
 - d_sub 600 : OOB 0.2979 : L 27 : T 3.2 sec
 - d_sub 600 : OOB 0.2971 : L 28 : T 3.3 sec
 - d_sub 600 : OOB 0.2951 : L 29 : T 3.5 sec
 - d_sub 600 : OOB 0.2943 : L 30 : T 3.6 sec
 - d_sub 600 : OOB 0.2955 : L 31 : T 3.7 sec
 - d_sub 600 : OOB 0.2962 : L 32 : T 3.8 sec
 - d_sub 600 : OOB 0.2965 : L 33 : T 3.9 sec
 - d_sub 600 : OOB 0.2966 : L 34 : T 4.1 sec
 - d_sub 600 : OOB 0.2978 : L 35 : T 4.2 sec
 - d_sub 600 : OOB 0.2951 : L 36 : T 4.3 sec
 - d_sub 600 : OOB 0.2952 : L 37 : T 4.5 sec
 - d_sub 600 : OOB 0.2964 : L 38 : T 4.6 sec
 - d_sub 600 : OOB 0.2956 : L 39 : T 4.7 sec
 - d_sub 600 : OOB 0.2964 : L 40 : T 4.8 sec
 - d_sub 600 : OOB 0.2956 : L 41 : T 4.9 sec
 - d_sub 600 : OOB 0.2939 : L 42 : T 5.0 sec
 - d_sub 600 : OOB 0.2966 : L 43 : T 5.2 sec
 - d_sub 600 : OOB 0.2945 : L 44 : T 5.3 sec
 - d_sub 600 : OOB 0.2932 : L 45 : T 5.4 sec
 - d_sub 600 : OOB 0.2940 : L 46 : T 5.5 sec
 - d_sub 600 : OOB 0.2958 : L 47 : T 5.7 sec
 - d_sub 600 : OOB 0.2952 : L 48 : T 5.8 sec
 - d_sub 600 : OOB 0.2945 : L 49 : T 5.9 sec
 - d_sub 600 : OOB 0.2940 : L 50 : T 6.0 sec
 - d_sub 600 : OOB 0.2921 : L 51 : T 6.2 sec
 - d_sub 600 : OOB 0.2926 : L 52 : T 6.3 sec
 - d_sub 600 : OOB 0.2928 : L 53 : T 6.4 sec
 - d_sub 600 : OOB 0.2949 : L 54 : T 6.5 sec
 - d_sub 600 : OOB 0.2951 : L 55 : T 6.7 sec
 - d_sub 600 : OOB 0.2937 : L 56 : T 6.8 sec
 - d_sub 600 : OOB 0.2944 : L 57 : T 6.9 sec
 - d_sub 600 : OOB 0.2941 : L 58 : T 7.0 sec
 - d_sub 600 : OOB 0.2940 : L 59 : T 7.1 sec
 - d_sub 600 : OOB 0.2938 : L 60 : T 7.2 sec
 - d_sub 600 : OOB 0.2922 : L 61 : T 7.3 sec
 - d_sub 600 : OOB 0.2915 : L 62 : T 7.4 sec
 - d_sub 600 : OOB 0.2930 : L 63 : T 7.5 sec
 - d_sub 600 : OOB 0.2913 : L 64 : T 7.6 sec
 - d_sub 600 : OOB 0.2910 : L 65 : T 7.7 sec
 - d_sub 600 : OOB 0.2922 : L 66 : T 7.8 sec
 - d_sub 600 : OOB 0.2918 : L 67 : T 7.9 sec
 - d_sub 600 : OOB 0.2909 : L 68 : T 8.0 sec
 - d_sub 600 : OOB 0.2920 : L 69 : T 8.1 sec
 - d_sub 600 : OOB 0.2911 : L 70 : T 8.2 sec
 - d_sub 600 : OOB 0.2910 : L 71 : T 8.4 sec
 - d_sub 600 : OOB 0.2915 : L 72 : T 8.5 sec
 - d_sub 600 : OOB 0.2885 : L 73 : T 8.6 sec
 - d_sub 600 : OOB 0.2900 : L 74 : T 8.7 sec
 - d_sub 600 : OOB 0.2907 : L 75 : T 8.8 sec
 - d_sub 600 : OOB 0.2904 : L 76 : T 9.2 sec
 - d_sub 600 : OOB 0.2913 : L 77 : T 9.3 sec
 - d_sub 600 : OOB 0.2891 : L 78 : T 9.4 sec
 - d_sub 600 : OOB 0.2890 : L 79 : T 9.5 sec
 - d_sub 600 : OOB 0.2909 : L 80 : T 9.6 sec
 - d_sub 600 : OOB 0.2901 : L 81 : T 9.7 sec
 - d_sub 600 : OOB 0.2902 : L 82 : T 9.8 sec
 - d_sub 600 : OOB 0.2899 : L 83 : T 9.9 sec
 - d_sub 600 : OOB 0.2900 : L 84 : T 10.0 sec
 - d_sub 600 : OOB 0.2919 : L 85 : T 10.1 sec
 - d_sub 600 : OOB 0.2914 : L 86 : T 10.2 sec
 - d_sub 600 : OOB 0.2917 : L 87 : T 10.3 sec
 - d_sub 600 : OOB 0.2906 : L 88 : T 10.4 sec
 - d_sub 600 : OOB 0.2892 : L 89 : T 10.5 sec
 - d_sub 600 : OOB 0.2900 : L 90 : T 10.6 sec

 - d_sub 800 : OOB 0.4300 : L 1 : T 0.1 sec
 - d_sub 800 : OOB 0.3895 : L 2 : T 0.3 sec
 - d_sub 800 : OOB 0.3674 : L 3 : T 0.5 sec
 - d_sub 800 : OOB 0.3482 : L 4 : T 0.6 sec
 - d_sub 800 : OOB 0.3327 : L 5 : T 0.8 sec
 - d_sub 800 : OOB 0.3284 : L 6 : T 0.9 sec
 - d_sub 800 : OOB 0.3147 : L 7 : T 1.1 sec
 - d_sub 800 : OOB 0.3098 : L 8 : T 1.2 sec
 - d_sub 800 : OOB 0.3077 : L 9 : T 1.4 sec
 - d_sub 800 : OOB 0.3031 : L 10 : T 1.5 sec
 - d_sub 800 : OOB 0.3007 : L 11 : T 1.7 sec
 - d_sub 800 : OOB 0.2950 : L 12 : T 1.8 sec
 - d_sub 800 : OOB 0.2964 : L 13 : T 2.0 sec
 - d_sub 800 : OOB 0.2957 : L 14 : T 2.2 sec
 - d_sub 800 : OOB 0.2921 : L 15 : T 2.4 sec
 - d_sub 800 : OOB 0.2911 : L 16 : T 2.5 sec
 - d_sub 800 : OOB 0.2949 : L 17 : T 2.7 sec
 - d_sub 800 : OOB 0.2906 : L 18 : T 2.9 sec
 - d_sub 800 : OOB 0.2913 : L 19 : T 3.1 sec
 - d_sub 800 : OOB 0.2908 : L 20 : T 3.3 sec
 - d_sub 800 : OOB 0.2921 : L 21 : T 3.5 sec
 - d_sub 800 : OOB 0.2915 : L 22 : T 3.7 sec
 - d_sub 800 : OOB 0.2879 : L 23 : T 3.8 sec
 - d_sub 800 : OOB 0.2870 : L 24 : T 4.0 sec
 - d_sub 800 : OOB 0.2869 : L 25 : T 4.2 sec
 - d_sub 800 : OOB 0.2901 : L 26 : T 4.3 sec
 - d_sub 800 : OOB 0.2896 : L 27 : T 4.5 sec
 - d_sub 800 : OOB 0.2874 : L 28 : T 4.7 sec
 - d_sub 800 : OOB 0.2866 : L 29 : T 4.8 sec
 - d_sub 800 : OOB 0.2853 : L 30 : T 5.0 sec
 - d_sub 800 : OOB 0.2859 : L 31 : T 5.2 sec
 - d_sub 800 : OOB 0.2852 : L 32 : T 5.4 sec
 - d_sub 800 : OOB 0.2849 : L 33 : T 5.5 sec
 - d_sub 800 : OOB 0.2846 : L 34 : T 5.7 sec
 - d_sub 800 : OOB 0.2850 : L 35 : T 5.9 sec
 - d_sub 800 : OOB 0.2853 : L 36 : T 6.1 sec
 - d_sub 800 : OOB 0.2834 : L 37 : T 6.3 sec
 - d_sub 800 : OOB 0.2848 : L 38 : T 6.5 sec
 - d_sub 800 : OOB 0.2836 : L 39 : T 6.7 sec
 - d_sub 800 : OOB 0.2853 : L 40 : T 6.8 sec
 - d_sub 800 : OOB 0.2822 : L 41 : T 7.0 sec
 - d_sub 800 : OOB 0.2819 : L 42 : T 7.2 sec
 - d_sub 800 : OOB 0.2849 : L 43 : T 7.4 sec
 - d_sub 800 : OOB 0.2821 : L 44 : T 7.5 sec
 - d_sub 800 : OOB 0.2820 : L 45 : T 7.8 sec
 - d_sub 800 : OOB 0.2829 : L 46 : T 8.0 sec
 - d_sub 800 : OOB 0.2797 : L 47 : T 8.1 sec
 - d_sub 800 : OOB 0.2795 : L 48 : T 8.3 sec
 - d_sub 800 : OOB 0.2800 : L 49 : T 8.4 sec
 - d_sub 800 : OOB 0.2793 : L 50 : T 8.6 sec
 - d_sub 800 : OOB 0.2801 : L 51 : T 8.8 sec
 - d_sub 800 : OOB 0.2812 : L 52 : T 9.0 sec
 - d_sub 800 : OOB 0.2779 : L 53 : T 9.1 sec
 - d_sub 800 : OOB 0.2801 : L 54 : T 9.3 sec
 - d_sub 800 : OOB 0.2803 : L 55 : T 9.5 sec
 - d_sub 800 : OOB 0.2788 : L 56 : T 9.7 sec
 - d_sub 800 : OOB 0.2780 : L 57 : T 9.8 sec
 - d_sub 800 : OOB 0.2795 : L 58 : T 10.0 sec
 - d_sub 800 : OOB 0.2793 : L 59 : T 10.1 sec
 - d_sub 800 : OOB 0.2788 : L 60 : T 10.3 sec
 - d_sub 800 : OOB 0.2776 : L 61 : T 10.5 sec
 - d_sub 800 : OOB 0.2784 : L 62 : T 10.6 sec
 - d_sub 800 : OOB 0.2782 : L 63 : T 10.8 sec
 - d_sub 800 : OOB 0.2754 : L 64 : T 10.9 sec
 - d_sub 800 : OOB 0.2758 : L 65 : T 11.1 sec
 - d_sub 800 : OOB 0.2772 : L 66 : T 11.2 sec
 - d_sub 800 : OOB 0.2761 : L 67 : T 11.4 sec
 - d_sub 800 : OOB 0.2752 : L 68 : T 11.5 sec
 - d_sub 800 : OOB 0.2774 : L 69 : T 11.7 sec
 - d_sub 800 : OOB 0.2757 : L 70 : T 11.9 sec
 - d_sub 800 : OOB 0.2772 : L 71 : T 12.0 sec
 - d_sub 800 : OOB 0.2778 : L 72 : T 12.2 sec
 - d_sub 800 : OOB 0.2784 : L 73 : T 12.3 sec
 - d_sub 800 : OOB 0.2794 : L 74 : T 12.5 sec
 - d_sub 800 : OOB 0.2780 : L 75 : T 12.7 sec
 - d_sub 800 : OOB 0.2793 : L 76 : T 12.8 sec
 - d_sub 800 : OOB 0.2768 : L 77 : T 13.0 sec
 - d_sub 800 : OOB 0.2776 : L 78 : T 13.1 sec
 - d_sub 800 : OOB 0.2770 : L 79 : T 13.3 sec
 - d_sub 800 : OOB 0.2763 : L 80 : T 13.4 sec
 - d_sub 800 : OOB 0.2764 : L 81 : T 13.6 sec
 - d_sub 800 : OOB 0.2751 : L 82 : T 13.8 sec
 - d_sub 800 : OOB 0.2756 : L 83 : T 13.9 sec
 - d_sub 800 : OOB 0.2750 : L 84 : T 14.0 sec
 - d_sub 800 : OOB 0.2738 : L 85 : T 14.2 sec
 - d_sub 800 : OOB 0.2749 : L 86 : T 14.4 sec
 - d_sub 800 : OOB 0.2743 : L 87 : T 14.5 sec
 - d_sub 800 : OOB 0.2735 : L 88 : T 14.6 sec
 - d_sub 800 : OOB 0.2732 : L 89 : T 14.8 sec
 - d_sub 800 : OOB 0.2742 : L 90 : T 14.9 sec
 - d_sub 800 : OOB 0.2752 : L 91 : T 15.1 sec
 - d_sub 800 : OOB 0.2737 : L 92 : T 15.2 sec
 - d_sub 800 : OOB 0.2742 : L 93 : T 15.4 sec
 - d_sub 800 : OOB 0.2731 : L 94 : T 15.6 sec
 - d_sub 800 : OOB 0.2744 : L 95 : T 15.7 sec
 - d_sub 800 : OOB 0.2723 : L 96 : T 15.9 sec
 - d_sub 800 : OOB 0.2731 : L 97 : T 16.1 sec
 - d_sub 800 : OOB 0.2726 : L 98 : T 16.3 sec
 - d_sub 800 : OOB 0.2741 : L 99 : T 16.5 sec
 - d_sub 800 : OOB 0.2727 : L 100 : T 16.7 sec
 - d_sub 800 : OOB 0.2738 : L 101 : T 16.8 sec
 - d_sub 800 : OOB 0.2738 : L 102 : T 17.0 sec
 - d_sub 800 : OOB 0.2728 : L 103 : T 17.2 sec
 - d_sub 800 : OOB 0.2740 : L 104 : T 17.4 sec
 - d_sub 800 : OOB 0.2738 : L 105 : T 17.6 sec
 - d_sub 800 : OOB 0.2731 : L 106 : T 17.7 sec
 - d_sub 800 : OOB 0.2730 : L 107 : T 17.9 sec
 - d_sub 800 : OOB 0.2732 : L 108 : T 18.1 sec
 - d_sub 800 : OOB 0.2729 : L 109 : T 18.3 sec
 - d_sub 800 : OOB 0.2738 : L 110 : T 18.4 sec
 - d_sub 800 : OOB 0.2755 : L 111 : T 18.6 sec
 - d_sub 800 : OOB 0.2746 : L 112 : T 18.8 sec
 - d_sub 800 : OOB 0.2754 : L 113 : T 19.0 sec
 - d_sub 800 : OOB 0.2760 : L 114 : T 19.2 sec
 - d_sub 800 : OOB 0.2760 : L 115 : T 19.3 sec
 - d_sub 800 : OOB 0.2757 : L 116 : T 19.5 sec
 - d_sub 800 : OOB 0.2760 : L 117 : T 19.7 sec
 - d_sub 800 : OOB 0.2749 : L 118 : T 19.9 sec
 - d_sub 800 : OOB 0.2757 : L 119 : T 20.1 sec
 - d_sub 800 : OOB 0.2747 : L 120 : T 20.3 sec
 - d_sub 800 : OOB 0.2739 : L 121 : T 20.5 sec
 - d_sub 800 : OOB 0.2748 : L 122 : T 20.6 sec
 - d_sub 800 : OOB 0.2742 : L 123 : T 20.8 sec
 - d_sub 800 : OOB 0.2745 : L 124 : T 21.0 sec

 - d_sub 1000 : OOB 0.4314 : L 1 : T 0.2 sec
 - d_sub 1000 : OOB 0.3913 : L 2 : T 0.5 sec
 - d_sub 1000 : OOB 0.3685 : L 3 : T 0.8 sec
 - d_sub 1000 : OOB 0.3474 : L 4 : T 1.0 sec
 - d_sub 1000 : OOB 0.3343 : L 5 : T 1.2 sec
 - d_sub 1000 : OOB 0.3291 : L 6 : T 1.5 sec
 - d_sub 1000 : OOB 0.3193 : L 7 : T 1.7 sec
 - d_sub 1000 : OOB 0.3125 : L 8 : T 1.9 sec
 - d_sub 1000 : OOB 0.3077 : L 9 : T 2.2 sec
 - d_sub 1000 : OOB 0.3050 : L 10 : T 2.4 sec
 - d_sub 1000 : OOB 0.3009 : L 11 : T 2.6 sec
 - d_sub 1000 : OOB 0.2965 : L 12 : T 2.8 sec
 - d_sub 1000 : OOB 0.2986 : L 13 : T 3.0 sec
 - d_sub 1000 : OOB 0.2989 : L 14 : T 3.3 sec
 - d_sub 1000 : OOB 0.2919 : L 15 : T 3.5 sec
 - d_sub 1000 : OOB 0.2915 : L 16 : T 3.7 sec
 - d_sub 1000 : OOB 0.2915 : L 17 : T 4.0 sec
 - d_sub 1000 : OOB 0.2890 : L 18 : T 4.2 sec
 - d_sub 1000 : OOB 0.2879 : L 19 : T 4.4 sec
 - d_sub 1000 : OOB 0.2898 : L 20 : T 4.6 sec
 - d_sub 1000 : OOB 0.2872 : L 21 : T 4.9 sec
 - d_sub 1000 : OOB 0.2842 : L 22 : T 5.1 sec
 - d_sub 1000 : OOB 0.2823 : L 23 : T 5.3 sec
 - d_sub 1000 : OOB 0.2827 : L 24 : T 5.5 sec
 - d_sub 1000 : OOB 0.2821 : L 25 : T 5.8 sec
 - d_sub 1000 : OOB 0.2803 : L 26 : T 6.0 sec
 - d_sub 1000 : OOB 0.2800 : L 27 : T 6.2 sec
 - d_sub 1000 : OOB 0.2816 : L 28 : T 6.4 sec
 - d_sub 1000 : OOB 0.2811 : L 29 : T 6.6 sec
 - d_sub 1000 : OOB 0.2804 : L 30 : T 6.8 sec
 - d_sub 1000 : OOB 0.2811 : L 31 : T 7.1 sec
 - d_sub 1000 : OOB 0.2789 : L 32 : T 7.3 sec
 - d_sub 1000 : OOB 0.2781 : L 33 : T 7.5 sec
 - d_sub 1000 : OOB 0.2780 : L 34 : T 7.8 sec
 - d_sub 1000 : OOB 0.2777 : L 35 : T 8.1 sec
 - d_sub 1000 : OOB 0.2762 : L 36 : T 8.3 sec
 - d_sub 1000 : OOB 0.2766 : L 37 : T 8.6 sec
 - d_sub 1000 : OOB 0.2759 : L 38 : T 8.9 sec
 - d_sub 1000 : OOB 0.2763 : L 39 : T 9.1 sec
 - d_sub 1000 : OOB 0.2766 : L 40 : T 9.4 sec
 - d_sub 1000 : OOB 0.2765 : L 41 : T 9.6 sec
 - d_sub 1000 : OOB 0.2751 : L 42 : T 9.9 sec
 - d_sub 1000 : OOB 0.2737 : L 43 : T 10.2 sec
 - d_sub 1000 : OOB 0.2727 : L 44 : T 10.4 sec
 - d_sub 1000 : OOB 0.2727 : L 45 : T 10.7 sec
 - d_sub 1000 : OOB 0.2716 : L 46 : T 10.9 sec
 - d_sub 1000 : OOB 0.2711 : L 47 : T 11.2 sec
 - d_sub 1000 : OOB 0.2715 : L 48 : T 11.4 sec
 - d_sub 1000 : OOB 0.2727 : L 49 : T 11.7 sec
 - d_sub 1000 : OOB 0.2715 : L 50 : T 12.0 sec
 - d_sub 1000 : OOB 0.2706 : L 51 : T 12.2 sec
 - d_sub 1000 : OOB 0.2720 : L 52 : T 12.5 sec
 - d_sub 1000 : OOB 0.2716 : L 53 : T 12.8 sec
 - d_sub 1000 : OOB 0.2719 : L 54 : T 13.1 sec
 - d_sub 1000 : OOB 0.2715 : L 55 : T 13.3 sec
 - d_sub 1000 : OOB 0.2731 : L 56 : T 13.6 sec
 - d_sub 1000 : OOB 0.2728 : L 57 : T 13.8 sec
 - d_sub 1000 : OOB 0.2716 : L 58 : T 14.1 sec
 - d_sub 1000 : OOB 0.2733 : L 59 : T 14.4 sec
 - d_sub 1000 : OOB 0.2718 : L 60 : T 14.6 sec
 - d_sub 1000 : OOB 0.2710 : L 61 : T 14.9 sec
 - d_sub 1000 : OOB 0.2689 : L 62 : T 15.1 sec
 - d_sub 1000 : OOB 0.2716 : L 63 : T 15.4 sec
 - d_sub 1000 : OOB 0.2700 : L 64 : T 15.6 sec
 - d_sub 1000 : OOB 0.2711 : L 65 : T 15.8 sec
 - d_sub 1000 : OOB 0.2698 : L 66 : T 16.1 sec
 - d_sub 1000 : OOB 0.2702 : L 67 : T 16.3 sec
 - d_sub 1000 : OOB 0.2712 : L 68 : T 16.5 sec
 - d_sub 1000 : OOB 0.2707 : L 69 : T 16.7 sec
 - d_sub 1000 : OOB 0.2705 : L 70 : T 17.0 sec
 - d_sub 1000 : OOB 0.2720 : L 71 : T 17.2 sec
 - d_sub 1000 : OOB 0.2677 : L 72 : T 17.4 sec
 - d_sub 1000 : OOB 0.2683 : L 73 : T 17.7 sec
 - d_sub 1000 : OOB 0.2680 : L 74 : T 17.9 sec
 - d_sub 1000 : OOB 0.2688 : L 75 : T 18.1 sec
 - d_sub 1000 : OOB 0.2713 : L 76 : T 18.3 sec
 - d_sub 1000 : OOB 0.2699 : L 77 : T 18.6 sec
 - d_sub 1000 : OOB 0.2714 : L 78 : T 18.8 sec
 - d_sub 1000 : OOB 0.2696 : L 79 : T 19.0 sec
 - d_sub 1000 : OOB 0.2692 : L 80 : T 19.2 sec
 - d_sub 1000 : OOB 0.2705 : L 81 : T 19.5 sec
 - d_sub 1000 : OOB 0.2704 : L 82 : T 19.7 sec
 - d_sub 1000 : OOB 0.2702 : L 83 : T 19.9 sec
 - d_sub 1000 : OOB 0.2701 : L 84 : T 20.2 sec
 - d_sub 1000 : OOB 0.2691 : L 85 : T 20.4 sec
 - d_sub 1000 : OOB 0.2670 : L 86 : T 20.6 sec
 - d_sub 1000 : OOB 0.2691 : L 87 : T 20.8 sec
 - d_sub 1000 : OOB 0.2679 : L 88 : T 21.1 sec
 - d_sub 1000 : OOB 0.2694 : L 89 : T 21.3 sec
 - d_sub 1000 : OOB 0.2684 : L 90 : T 21.5 sec
 - d_sub 1000 : OOB 0.2674 : L 91 : T 21.8 sec

 - d_sub 1200 : OOB 0.4304 : L 1 : T 0.3 sec
 - d_sub 1200 : OOB 0.3856 : L 2 : T 0.7 sec
 - d_sub 1200 : OOB 0.3657 : L 3 : T 1.0 sec
 - d_sub 1200 : OOB 0.3485 : L 4 : T 1.3 sec
 - d_sub 1200 : OOB 0.3305 : L 5 : T 1.7 sec
 - d_sub 1200 : OOB 0.3260 : L 6 : T 2.0 sec
 - d_sub 1200 : OOB 0.3133 : L 7 : T 2.3 sec
 - d_sub 1200 : OOB 0.3053 : L 8 : T 2.7 sec
 - d_sub 1200 : OOB 0.3015 : L 9 : T 3.0 sec
 - d_sub 1200 : OOB 0.3020 : L 10 : T 3.3 sec
 - d_sub 1200 : OOB 0.2960 : L 11 : T 3.6 sec
 - d_sub 1200 : OOB 0.2934 : L 12 : T 3.9 sec
 - d_sub 1200 : OOB 0.2913 : L 13 : T 4.2 sec
 - d_sub 1200 : OOB 0.2884 : L 14 : T 4.5 sec
 - d_sub 1200 : OOB 0.2871 : L 15 : T 4.9 sec
 - d_sub 1200 : OOB 0.2889 : L 16 : T 5.2 sec
 - d_sub 1200 : OOB 0.2842 : L 17 : T 5.5 sec
 - d_sub 1200 : OOB 0.2850 : L 18 : T 5.9 sec
 - d_sub 1200 : OOB 0.2843 : L 19 : T 6.2 sec
 - d_sub 1200 : OOB 0.2828 : L 20 : T 6.5 sec
 - d_sub 1200 : OOB 0.2806 : L 21 : T 6.9 sec
 - d_sub 1200 : OOB 0.2831 : L 22 : T 7.2 sec
 - d_sub 1200 : OOB 0.2812 : L 23 : T 7.5 sec
 - d_sub 1200 : OOB 0.2838 : L 24 : T 7.7 sec
 - d_sub 1200 : OOB 0.2815 : L 25 : T 8.0 sec
 - d_sub 1200 : OOB 0.2790 : L 26 : T 8.3 sec
 - d_sub 1200 : OOB 0.2772 : L 27 : T 8.5 sec
 - d_sub 1200 : OOB 0.2746 : L 28 : T 8.8 sec
 - d_sub 1200 : OOB 0.2754 : L 29 : T 9.1 sec
 - d_sub 1200 : OOB 0.2760 : L 30 : T 9.4 sec
 - d_sub 1200 : OOB 0.2761 : L 31 : T 9.7 sec
 - d_sub 1200 : OOB 0.2752 : L 32 : T 10.0 sec
 - d_sub 1200 : OOB 0.2731 : L 33 : T 10.3 sec
 - d_sub 1200 : OOB 0.2755 : L 34 : T 10.5 sec
 - d_sub 1200 : OOB 0.2723 : L 35 : T 10.8 sec
 - d_sub 1200 : OOB 0.2738 : L 36 : T 11.1 sec
 - d_sub 1200 : OOB 0.2739 : L 37 : T 11.4 sec
 - d_sub 1200 : OOB 0.2726 : L 38 : T 11.7 sec
 - d_sub 1200 : OOB 0.2721 : L 39 : T 12.0 sec
 - d_sub 1200 : OOB 0.2718 : L 40 : T 12.3 sec
 - d_sub 1200 : OOB 0.2687 : L 41 : T 12.6 sec
 - d_sub 1200 : OOB 0.2686 : L 42 : T 12.9 sec
 - d_sub 1200 : OOB 0.2694 : L 43 : T 13.2 sec
 - d_sub 1200 : OOB 0.2697 : L 44 : T 13.6 sec
 - d_sub 1200 : OOB 0.2700 : L 45 : T 13.9 sec
 - d_sub 1200 : OOB 0.2715 : L 46 : T 14.3 sec
 - d_sub 1200 : OOB 0.2683 : L 47 : T 14.7 sec
 - d_sub 1200 : OOB 0.2707 : L 48 : T 15.0 sec
 - d_sub 1200 : OOB 0.2687 : L 49 : T 15.4 sec
 - d_sub 1200 : OOB 0.2684 : L 50 : T 15.7 sec
 - d_sub 1200 : OOB 0.2693 : L 51 : T 16.1 sec
 - d_sub 1200 : OOB 0.2703 : L 52 : T 16.4 sec
 - d_sub 1200 : OOB 0.2707 : L 53 : T 16.8 sec
 - d_sub 1200 : OOB 0.2698 : L 54 : T 17.1 sec
 - d_sub 1200 : OOB 0.2683 : L 55 : T 17.5 sec
 - d_sub 1200 : OOB 0.2675 : L 56 : T 17.8 sec
 - d_sub 1200 : OOB 0.2679 : L 57 : T 18.1 sec
 - d_sub 1200 : OOB 0.2676 : L 58 : T 18.4 sec
 - d_sub 1200 : OOB 0.2674 : L 59 : T 18.7 sec
 - d_sub 1200 : OOB 0.2695 : L 60 : T 19.0 sec
 - d_sub 1200 : OOB 0.2703 : L 61 : T 19.3 sec
 - d_sub 1200 : OOB 0.2688 : L 62 : T 19.6 sec
 - d_sub 1200 : OOB 0.2656 : L 63 : T 19.9 sec
 - d_sub 1200 : OOB 0.2685 : L 64 : T 20.2 sec
 - d_sub 1200 : OOB 0.2687 : L 65 : T 20.5 sec
 - d_sub 1200 : OOB 0.2666 : L 66 : T 20.8 sec
 - d_sub 1200 : OOB 0.2672 : L 67 : T 21.1 sec
 - d_sub 1200 : OOB 0.2685 : L 68 : T 21.4 sec
 - d_sub 1200 : OOB 0.2671 : L 69 : T 21.7 sec
 - d_sub 1200 : OOB 0.2671 : L 70 : T 22.0 sec
 - d_sub 1200 : OOB 0.2679 : L 71 : T 22.3 sec
 - d_sub 1200 : OOB 0.2690 : L 72 : T 22.5 sec
 - d_sub 1200 : OOB 0.2680 : L 73 : T 22.8 sec
 - d_sub 1200 : OOB 0.2705 : L 74 : T 23.1 sec
 - d_sub 1200 : OOB 0.2675 : L 75 : T 23.4 sec
 - d_sub 1200 : OOB 0.2698 : L 76 : T 23.7 sec
 - d_sub 1200 : OOB 0.2683 : L 77 : T 23.9 sec
 - d_sub 1200 : OOB 0.2687 : L 78 : T 24.2 sec
 - d_sub 1200 : OOB 0.2686 : L 79 : T 24.5 sec
 - d_sub 1200 : OOB 0.2676 : L 80 : T 24.8 sec
 - d_sub 1200 : OOB 0.2667 : L 81 : T 25.0 sec
 - d_sub 1200 : OOB 0.2672 : L 82 : T 25.3 sec
 - d_sub 1200 : OOB 0.2650 : L 83 : T 25.6 sec
 - d_sub 1200 : OOB 0.2649 : L 84 : T 25.8 sec
 - d_sub 1200 : OOB 0.2665 : L 85 : T 26.1 sec
 - d_sub 1200 : OOB 0.2658 : L 86 : T 26.4 sec
 - d_sub 1200 : OOB 0.2667 : L 87 : T 26.7 sec

 - d_sub 1400 : OOB 0.4285 : L 1 : T 0.4 sec
 - d_sub 1400 : OOB 0.3848 : L 2 : T 0.7 sec
 - d_sub 1400 : OOB 0.3642 : L 3 : T 1.1 sec
 - d_sub 1400 : OOB 0.3473 : L 4 : T 1.5 sec
 - d_sub 1400 : OOB 0.3323 : L 5 : T 1.9 sec
 - d_sub 1400 : OOB 0.3293 : L 6 : T 2.3 sec
 - d_sub 1400 : OOB 0.3175 : L 7 : T 2.7 sec
 - d_sub 1400 : OOB 0.3152 : L 8 : T 3.1 sec
 - d_sub 1400 : OOB 0.3092 : L 9 : T 3.5 sec
 - d_sub 1400 : OOB 0.3023 : L 10 : T 3.9 sec
 - d_sub 1400 : OOB 0.2996 : L 11 : T 4.4 sec
 - d_sub 1400 : OOB 0.2977 : L 12 : T 4.8 sec
 - d_sub 1400 : OOB 0.2937 : L 13 : T 5.2 sec
 - d_sub 1400 : OOB 0.2902 : L 14 : T 5.6 sec
 - d_sub 1400 : OOB 0.2907 : L 15 : T 6.0 sec
 - d_sub 1400 : OOB 0.2888 : L 16 : T 6.4 sec
 - d_sub 1400 : OOB 0.2850 : L 17 : T 6.8 sec
 - d_sub 1400 : OOB 0.2851 : L 18 : T 7.3 sec
 - d_sub 1400 : OOB 0.2821 : L 19 : T 7.7 sec
 - d_sub 1400 : OOB 0.2805 : L 20 : T 8.1 sec
 - d_sub 1400 : OOB 0.2798 : L 21 : T 8.5 sec
 - d_sub 1400 : OOB 0.2808 : L 22 : T 8.9 sec
 - d_sub 1400 : OOB 0.2782 : L 23 : T 9.2 sec
 - d_sub 1400 : OOB 0.2792 : L 24 : T 9.7 sec
 - d_sub 1400 : OOB 0.2784 : L 25 : T 10.0 sec
 - d_sub 1400 : OOB 0.2770 : L 26 : T 10.4 sec
 - d_sub 1400 : OOB 0.2744 : L 27 : T 10.8 sec
 - d_sub 1400 : OOB 0.2741 : L 28 : T 11.1 sec
 - d_sub 1400 : OOB 0.2744 : L 29 : T 11.5 sec
 - d_sub 1400 : OOB 0.2737 : L 30 : T 11.9 sec
 - d_sub 1400 : OOB 0.2738 : L 31 : T 12.2 sec
 - d_sub 1400 : OOB 0.2760 : L 32 : T 12.6 sec
 - d_sub 1400 : OOB 0.2735 : L 33 : T 12.9 sec
 - d_sub 1400 : OOB 0.2724 : L 34 : T 13.3 sec
 - d_sub 1400 : OOB 0.2714 : L 35 : T 13.7 sec
 - d_sub 1400 : OOB 0.2707 : L 36 : T 14.0 sec
 - d_sub 1400 : OOB 0.2709 : L 37 : T 14.4 sec
 - d_sub 1400 : OOB 0.2702 : L 38 : T 14.8 sec
 - d_sub 1400 : OOB 0.2728 : L 39 : T 15.2 sec
 - d_sub 1400 : OOB 0.2726 : L 40 : T 15.5 sec
 - d_sub 1400 : OOB 0.2705 : L 41 : T 16.0 sec
 - d_sub 1400 : OOB 0.2700 : L 42 : T 16.4 sec
 - d_sub 1400 : OOB 0.2701 : L 43 : T 16.8 sec
 - d_sub 1400 : OOB 0.2691 : L 44 : T 17.2 sec
 - d_sub 1400 : OOB 0.2690 : L 45 : T 17.6 sec
 - d_sub 1400 : OOB 0.2678 : L 46 : T 18.0 sec
 - d_sub 1400 : OOB 0.2668 : L 47 : T 18.5 sec
 - d_sub 1400 : OOB 0.2668 : L 48 : T 18.9 sec
 - d_sub 1400 : OOB 0.2672 : L 49 : T 19.3 sec
 - d_sub 1400 : OOB 0.2656 : L 50 : T 19.7 sec
 - d_sub 1400 : OOB 0.2677 : L 51 : T 20.1 sec
 - d_sub 1400 : OOB 0.2663 : L 52 : T 20.6 sec
 - d_sub 1400 : OOB 0.2647 : L 53 : T 21.0 sec
 - d_sub 1400 : OOB 0.2664 : L 54 : T 21.4 sec
 - d_sub 1400 : OOB 0.2662 : L 55 : T 21.8 sec
 - d_sub 1400 : OOB 0.2670 : L 56 : T 22.2 sec
 - d_sub 1400 : OOB 0.2657 : L 57 : T 22.6 sec
 - d_sub 1400 : OOB 0.2667 : L 58 : T 23.0 sec
 - d_sub 1400 : OOB 0.2663 : L 59 : T 23.5 sec
 - d_sub 1400 : OOB 0.2652 : L 60 : T 23.8 sec
 - d_sub 1400 : OOB 0.2661 : L 61 : T 24.2 sec
 - d_sub 1400 : OOB 0.2659 : L 62 : T 24.6 sec
 - d_sub 1400 : OOB 0.2629 : L 63 : T 25.0 sec
 - d_sub 1400 : OOB 0.2642 : L 64 : T 25.3 sec
 - d_sub 1400 : OOB 0.2669 : L 65 : T 25.7 sec
 - d_sub 1400 : OOB 0.2655 : L 66 : T 26.0 sec
 - d_sub 1400 : OOB 0.2648 : L 67 : T 26.4 sec
 - d_sub 1400 : OOB 0.2649 : L 68 : T 26.8 sec
 - d_sub 1400 : OOB 0.2638 : L 69 : T 27.1 sec
 - d_sub 1400 : OOB 0.2636 : L 70 : T 27.5 sec
 - d_sub 1400 : OOB 0.2646 : L 71 : T 27.9 sec
 - d_sub 1400 : OOB 0.2644 : L 72 : T 28.3 sec
 - d_sub 1400 : OOB 0.2642 : L 73 : T 28.6 sec
 - d_sub 1400 : OOB 0.2613 : L 74 : T 29.0 sec
 - d_sub 1400 : OOB 0.2644 : L 75 : T 29.4 sec
 - d_sub 1400 : OOB 0.2627 : L 76 : T 29.8 sec
 - d_sub 1400 : OOB 0.2622 : L 77 : T 30.2 sec
 - d_sub 1400 : OOB 0.2601 : L 78 : T 30.7 sec
 - d_sub 1400 : OOB 0.2615 : L 79 : T 31.1 sec
 - d_sub 1400 : OOB 0.2635 : L 80 : T 31.6 sec
 - d_sub 1400 : OOB 0.2621 : L 81 : T 32.1 sec
 - d_sub 1400 : OOB 0.2617 : L 82 : T 32.5 sec
 - d_sub 1400 : OOB 0.2617 : L 83 : T 33.0 sec
 - d_sub 1400 : OOB 0.2621 : L 84 : T 33.4 sec
 - d_sub 1400 : OOB 0.2615 : L 85 : T 33.8 sec
 - d_sub 1400 : OOB 0.2606 : L 86 : T 34.3 sec
 - d_sub 1400 : OOB 0.2614 : L 87 : T 34.7 sec
 - d_sub 1400 : OOB 0.2612 : L 88 : T 35.1 sec
 - d_sub 1400 : OOB 0.2614 : L 89 : T 35.6 sec
 - d_sub 1400 : OOB 0.2598 : L 90 : T 36.1 sec
 - d_sub 1400 : OOB 0.2590 : L 91 : T 36.6 sec
 - d_sub 1400 : OOB 0.2593 : L 92 : T 37.0 sec
 - d_sub 1400 : OOB 0.2607 : L 93 : T 37.5 sec
 - d_sub 1400 : OOB 0.2604 : L 94 : T 37.9 sec
 - d_sub 1400 : OOB 0.2609 : L 95 : T 38.3 sec
 - d_sub 1400 : OOB 0.2612 : L 96 : T 38.7 sec
 - d_sub 1400 : OOB 0.2596 : L 97 : T 39.1 sec
 - d_sub 1400 : OOB 0.2600 : L 98 : T 39.5 sec
 - d_sub 1400 : OOB 0.2610 : L 99 : T 39.8 sec
 - d_sub 1400 : OOB 0.2600 : L 100 : T 40.3 sec
 - d_sub 1400 : OOB 0.2607 : L 101 : T 40.6 sec
 - d_sub 1400 : OOB 0.2601 : L 102 : T 41.0 sec
 - d_sub 1400 : OOB 0.2609 : L 103 : T 41.5 sec
 - d_sub 1400 : OOB 0.2614 : L 104 : T 41.9 sec
 - d_sub 1400 : OOB 0.2615 : L 105 : T 42.3 sec
 - d_sub 1400 : OOB 0.2603 : L 106 : T 42.7 sec
 - d_sub 1400 : OOB 0.2613 : L 107 : T 43.1 sec
 - d_sub 1400 : OOB 0.2608 : L 108 : T 43.5 sec
 - d_sub 1400 : OOB 0.2603 : L 109 : T 44.0 sec
 - d_sub 1400 : OOB 0.2605 : L 110 : T 44.4 sec
 - d_sub 1400 : OOB 0.2606 : L 111 : T 44.8 sec
 - d_sub 1400 : OOB 0.2603 : L 112 : T 45.2 sec
 - d_sub 1400 : OOB 0.2605 : L 113 : T 45.6 sec
 - d_sub 1400 : OOB 0.2612 : L 114 : T 46.0 sec
 - d_sub 1400 : OOB 0.2610 : L 115 : T 46.5 sec

 - d_sub 1600 : OOB 0.4313 : L 1 : T 0.6 sec
 - d_sub 1600 : OOB 0.3916 : L 2 : T 1.2 sec
 - d_sub 1600 : OOB 0.3635 : L 3 : T 1.7 sec
 - d_sub 1600 : OOB 0.3446 : L 4 : T 2.3 sec
 - d_sub 1600 : OOB 0.3335 : L 5 : T 2.8 sec
 - d_sub 1600 : OOB 0.3306 : L 6 : T 3.3 sec
 - d_sub 1600 : OOB 0.3195 : L 7 : T 3.9 sec
 - d_sub 1600 : OOB 0.3120 : L 8 : T 4.4 sec
 - d_sub 1600 : OOB 0.3057 : L 9 : T 4.9 sec
 - d_sub 1600 : OOB 0.3039 : L 10 : T 5.3 sec
 - d_sub 1600 : OOB 0.3018 : L 11 : T 5.8 sec
 - d_sub 1600 : OOB 0.3041 : L 12 : T 6.2 sec
 - d_sub 1600 : OOB 0.3033 : L 13 : T 6.6 sec
 - d_sub 1600 : OOB 0.2930 : L 14 : T 7.0 sec
 - d_sub 1600 : OOB 0.2951 : L 15 : T 7.4 sec
 - d_sub 1600 : OOB 0.2876 : L 16 : T 7.9 sec
 - d_sub 1600 : OOB 0.2854 : L 17 : T 8.3 sec
 - d_sub 1600 : OOB 0.2852 : L 18 : T 8.7 sec
 - d_sub 1600 : OOB 0.2836 : L 19 : T 9.2 sec
 - d_sub 1600 : OOB 0.2804 : L 20 : T 9.6 sec
 - d_sub 1600 : OOB 0.2816 : L 21 : T 10.0 sec
 - d_sub 1600 : OOB 0.2773 : L 22 : T 10.6 sec
 - d_sub 1600 : OOB 0.2774 : L 23 : T 11.2 sec
 - d_sub 1600 : OOB 0.2812 : L 24 : T 11.7 sec
 - d_sub 1600 : OOB 0.2760 : L 25 : T 12.2 sec
 - d_sub 1600 : OOB 0.2757 : L 26 : T 12.7 sec
 - d_sub 1600 : OOB 0.2742 : L 27 : T 13.2 sec
 - d_sub 1600 : OOB 0.2731 : L 28 : T 13.8 sec
 - d_sub 1600 : OOB 0.2748 : L 29 : T 14.4 sec
 - d_sub 1600 : OOB 0.2755 : L 30 : T 15.1 sec
 - d_sub 1600 : OOB 0.2710 : L 31 : T 15.6 sec
 - d_sub 1600 : OOB 0.2709 : L 32 : T 16.1 sec
 - d_sub 1600 : OOB 0.2713 : L 33 : T 16.6 sec
 - d_sub 1600 : OOB 0.2714 : L 34 : T 17.1 sec
 - d_sub 1600 : OOB 0.2691 : L 35 : T 17.6 sec
 - d_sub 1600 : OOB 0.2691 : L 36 : T 18.1 sec
 - d_sub 1600 : OOB 0.2669 : L 37 : T 18.6 sec
 - d_sub 1600 : OOB 0.2696 : L 38 : T 19.0 sec
 - d_sub 1600 : OOB 0.2685 : L 39 : T 19.4 sec
 - d_sub 1600 : OOB 0.2689 : L 40 : T 19.9 sec
 - d_sub 1600 : OOB 0.2685 : L 41 : T 20.3 sec
 - d_sub 1600 : OOB 0.2678 : L 42 : T 20.7 sec
 - d_sub 1600 : OOB 0.2690 : L 43 : T 21.2 sec
 - d_sub 1600 : OOB 0.2664 : L 44 : T 21.6 sec
 - d_sub 1600 : OOB 0.2667 : L 45 : T 22.1 sec
 - d_sub 1600 : OOB 0.2658 : L 46 : T 22.5 sec
 - d_sub 1600 : OOB 0.2657 : L 47 : T 22.9 sec
 - d_sub 1600 : OOB 0.2658 : L 48 : T 23.4 sec
 - d_sub 1600 : OOB 0.2665 : L 49 : T 23.8 sec
 - d_sub 1600 : OOB 0.2654 : L 50 : T 24.3 sec
 - d_sub 1600 : OOB 0.2674 : L 51 : T 24.8 sec
 - d_sub 1600 : OOB 0.2640 : L 52 : T 25.3 sec
 - d_sub 1600 : OOB 0.2646 : L 53 : T 25.8 sec
 - d_sub 1600 : OOB 0.2650 : L 54 : T 26.3 sec
 - d_sub 1600 : OOB 0.2648 : L 55 : T 26.9 sec
 - d_sub 1600 : OOB 0.2641 : L 56 : T 27.4 sec
 - d_sub 1600 : OOB 0.2664 : L 57 : T 28.0 sec
 - d_sub 1600 : OOB 0.2660 : L 58 : T 28.6 sec
 - d_sub 1600 : OOB 0.2653 : L 59 : T 29.1 sec
 - d_sub 1600 : OOB 0.2645 : L 60 : T 29.7 sec
 - d_sub 1600 : OOB 0.2645 : L 61 : T 30.2 sec
 - d_sub 1600 : OOB 0.2647 : L 62 : T 30.7 sec
 - d_sub 1600 : OOB 0.2631 : L 63 : T 31.3 sec
 - d_sub 1600 : OOB 0.2635 : L 64 : T 31.9 sec
 - d_sub 1600 : OOB 0.2631 : L 65 : T 32.4 sec
 - d_sub 1600 : OOB 0.2640 : L 66 : T 32.8 sec
 - d_sub 1600 : OOB 0.2625 : L 67 : T 33.3 sec
 - d_sub 1600 : OOB 0.2619 : L 68 : T 33.7 sec
 - d_sub 1600 : OOB 0.2629 : L 69 : T 34.2 sec
 - d_sub 1600 : OOB 0.2625 : L 70 : T 34.7 sec
 - d_sub 1600 : OOB 0.2622 : L 71 : T 35.1 sec
 - d_sub 1600 : OOB 0.2622 : L 72 : T 35.6 sec
 - d_sub 1600 : OOB 0.2639 : L 73 : T 36.0 sec
 - d_sub 1600 : OOB 0.2631 : L 74 : T 36.5 sec
 - d_sub 1600 : OOB 0.2639 : L 75 : T 36.9 sec
 - d_sub 1600 : OOB 0.2623 : L 76 : T 37.4 sec
 - d_sub 1600 : OOB 0.2622 : L 77 : T 37.8 sec
 - d_sub 1600 : OOB 0.2613 : L 78 : T 38.4 sec
 - d_sub 1600 : OOB 0.2620 : L 79 : T 38.9 sec
 - d_sub 1600 : OOB 0.2622 : L 80 : T 39.5 sec
 - d_sub 1600 : OOB 0.2601 : L 81 : T 40.0 sec
 - d_sub 1600 : OOB 0.2618 : L 82 : T 40.5 sec
 - d_sub 1600 : OOB 0.2595 : L 83 : T 41.0 sec
 - d_sub 1600 : OOB 0.2590 : L 84 : T 41.5 sec
 - d_sub 1600 : OOB 0.2591 : L 85 : T 42.1 sec
 - d_sub 1600 : OOB 0.2595 : L 86 : T 42.6 sec
 - d_sub 1600 : OOB 0.2599 : L 87 : T 43.2 sec
 - d_sub 1600 : OOB 0.2576 : L 88 : T 43.8 sec
 - d_sub 1600 : OOB 0.2593 : L 89 : T 44.3 sec
 - d_sub 1600 : OOB 0.2613 : L 90 : T 44.9 sec
 - d_sub 1600 : OOB 0.2604 : L 91 : T 45.5 sec
 - d_sub 1600 : OOB 0.2599 : L 92 : T 46.0 sec
 - d_sub 1600 : OOB 0.2593 : L 93 : T 46.4 sec
 - d_sub 1600 : OOB 0.2592 : L 94 : T 46.9 sec
 - d_sub 1600 : OOB 0.2577 : L 95 : T 47.3 sec
 - d_sub 1600 : OOB 0.2587 : L 96 : T 47.8 sec
 - d_sub 1600 : OOB 0.2588 : L 97 : T 48.3 sec
 - d_sub 1600 : OOB 0.2577 : L 98 : T 48.7 sec
 - d_sub 1600 : OOB 0.2581 : L 99 : T 49.2 sec
 - d_sub 1600 : OOB 0.2603 : L 100 : T 49.7 sec
 - d_sub 1600 : OOB 0.2591 : L 101 : T 50.2 sec
 - d_sub 1600 : OOB 0.2593 : L 102 : T 50.6 sec
 - d_sub 1600 : OOB 0.2599 : L 103 : T 51.0 sec
 - d_sub 1600 : OOB 0.2587 : L 104 : T 51.6 sec
 - d_sub 1600 : OOB 0.2589 : L 105 : T 52.1 sec
 - d_sub 1600 : OOB 0.2600 : L 106 : T 52.7 sec
 - d_sub 1600 : OOB 0.2587 : L 107 : T 53.2 sec
 - d_sub 1600 : OOB 0.2589 : L 108 : T 53.6 sec
 - d_sub 1600 : OOB 0.2591 : L 109 : T 54.1 sec
 - d_sub 1600 : OOB 0.2596 : L 110 : T 54.6 sec
 - d_sub 1600 : OOB 0.2586 : L 111 : T 55.1 sec
 - d_sub 1600 : OOB 0.2570 : L 112 : T 55.5 sec
 - d_sub 1600 : OOB 0.2589 : L 113 : T 56.0 sec

 - d_sub 1800 : OOB 0.4293 : L 1 : T 0.6 sec
 - d_sub 1800 : OOB 0.3901 : L 2 : T 1.1 sec
 - d_sub 1800 : OOB 0.3669 : L 3 : T 1.7 sec
 - d_sub 1800 : OOB 0.3553 : L 4 : T 2.2 sec
 - d_sub 1800 : OOB 0.3496 : L 5 : T 2.8 sec
 - d_sub 1800 : OOB 0.3384 : L 6 : T 3.3 sec
 - d_sub 1800 : OOB 0.3297 : L 7 : T 3.8 sec
 - d_sub 1800 : OOB 0.3195 : L 8 : T 4.3 sec
 - d_sub 1800 : OOB 0.3202 : L 9 : T 4.8 sec
 - d_sub 1800 : OOB 0.3133 : L 10 : T 5.3 sec
 - d_sub 1800 : OOB 0.3067 : L 11 : T 5.8 sec
 - d_sub 1800 : OOB 0.3041 : L 12 : T 6.3 sec
 - d_sub 1800 : OOB 0.2977 : L 13 : T 6.8 sec
 - d_sub 1800 : OOB 0.2995 : L 14 : T 7.3 sec
 - d_sub 1800 : OOB 0.2958 : L 15 : T 7.8 sec
 - d_sub 1800 : OOB 0.2930 : L 16 : T 8.3 sec
 - d_sub 1800 : OOB 0.2900 : L 17 : T 8.9 sec
 - d_sub 1800 : OOB 0.2895 : L 18 : T 9.5 sec
 - d_sub 1800 : OOB 0.2886 : L 19 : T 10.0 sec
 - d_sub 1800 : OOB 0.2869 : L 20 : T 10.6 sec
 - d_sub 1800 : OOB 0.2891 : L 21 : T 11.2 sec
 - d_sub 1800 : OOB 0.2851 : L 22 : T 11.8 sec
 - d_sub 1800 : OOB 0.2878 : L 23 : T 12.4 sec
 - d_sub 1800 : OOB 0.2843 : L 24 : T 12.9 sec
 - d_sub 1800 : OOB 0.2830 : L 25 : T 13.5 sec
 - d_sub 1800 : OOB 0.2808 : L 26 : T 14.1 sec
 - d_sub 1800 : OOB 0.2786 : L 27 : T 14.6 sec
 - d_sub 1800 : OOB 0.2809 : L 28 : T 15.2 sec
 - d_sub 1800 : OOB 0.2788 : L 29 : T 15.8 sec
 - d_sub 1800 : OOB 0.2781 : L 30 : T 16.3 sec
 - d_sub 1800 : OOB 0.2774 : L 31 : T 16.9 sec
 - d_sub 1800 : OOB 0.2780 : L 32 : T 17.4 sec
 - d_sub 1800 : OOB 0.2775 : L 33 : T 18.0 sec
 - d_sub 1800 : OOB 0.2781 : L 34 : T 18.5 sec
 - d_sub 1800 : OOB 0.2768 : L 35 : T 19.1 sec
 - d_sub 1800 : OOB 0.2757 : L 36 : T 19.6 sec
 - d_sub 1800 : OOB 0.2759 : L 37 : T 20.2 sec
 - d_sub 1800 : OOB 0.2760 : L 38 : T 20.7 sec
 - d_sub 1800 : OOB 0.2749 : L 39 : T 21.3 sec
 - d_sub 1800 : OOB 0.2722 : L 40 : T 21.8 sec
 - d_sub 1800 : OOB 0.2714 : L 41 : T 22.4 sec
 - d_sub 1800 : OOB 0.2705 : L 42 : T 22.9 sec
 - d_sub 1800 : OOB 0.2692 : L 43 : T 23.5 sec
 - d_sub 1800 : OOB 0.2698 : L 44 : T 24.2 sec
 - d_sub 1800 : OOB 0.2698 : L 45 : T 24.8 sec
 - d_sub 1800 : OOB 0.2691 : L 46 : T 25.3 sec
 - d_sub 1800 : OOB 0.2692 : L 47 : T 25.9 sec
 - d_sub 1800 : OOB 0.2687 : L 48 : T 26.5 sec
 - d_sub 1800 : OOB 0.2683 : L 49 : T 27.1 sec
 - d_sub 1800 : OOB 0.2701 : L 50 : T 27.7 sec
 - d_sub 1800 : OOB 0.2681 : L 51 : T 28.2 sec
 - d_sub 1800 : OOB 0.2675 : L 52 : T 28.8 sec
 - d_sub 1800 : OOB 0.2665 : L 53 : T 29.3 sec
 - d_sub 1800 : OOB 0.2669 : L 54 : T 29.9 sec
 - d_sub 1800 : OOB 0.2684 : L 55 : T 30.4 sec
 - d_sub 1800 : OOB 0.2648 : L 56 : T 31.0 sec
 - d_sub 1800 : OOB 0.2657 : L 57 : T 31.6 sec
 - d_sub 1800 : OOB 0.2667 : L 58 : T 32.1 sec
 - d_sub 1800 : OOB 0.2678 : L 59 : T 32.6 sec
 - d_sub 1800 : OOB 0.2665 : L 60 : T 33.2 sec
 - d_sub 1800 : OOB 0.2650 : L 61 : T 33.7 sec
 - d_sub 1800 : OOB 0.2664 : L 62 : T 34.2 sec
 - d_sub 1800 : OOB 0.2644 : L 63 : T 34.7 sec
 - d_sub 1800 : OOB 0.2644 : L 64 : T 35.2 sec
 - d_sub 1800 : OOB 0.2647 : L 65 : T 35.7 sec
 - d_sub 1800 : OOB 0.2642 : L 66 : T 36.2 sec
 - d_sub 1800 : OOB 0.2620 : L 67 : T 36.7 sec
 - d_sub 1800 : OOB 0.2643 : L 68 : T 37.2 sec
 - d_sub 1800 : OOB 0.2649 : L 69 : T 37.7 sec
 - d_sub 1800 : OOB 0.2647 : L 70 : T 38.3 sec
 - d_sub 1800 : OOB 0.2636 : L 71 : T 38.8 sec
 - d_sub 1800 : OOB 0.2632 : L 72 : T 39.4 sec
 - d_sub 1800 : OOB 0.2630 : L 73 : T 40.1 sec
 - d_sub 1800 : OOB 0.2639 : L 74 : T 40.6 sec
 - d_sub 1800 : OOB 0.2637 : L 75 : T 41.2 sec
 - d_sub 1800 : OOB 0.2642 : L 76 : T 41.7 sec
 - d_sub 1800 : OOB 0.2614 : L 77 : T 42.4 sec
 - d_sub 1800 : OOB 0.2627 : L 78 : T 43.2 sec
 - d_sub 1800 : OOB 0.2624 : L 79 : T 43.9 sec
 - d_sub 1800 : OOB 0.2622 : L 80 : T 44.6 sec
 - d_sub 1800 : OOB 0.2635 : L 81 : T 45.4 sec
 - d_sub 1800 : OOB 0.2622 : L 82 : T 46.0 sec
 - d_sub 1800 : OOB 0.2597 : L 83 : T 46.5 sec
 - d_sub 1800 : OOB 0.2614 : L 84 : T 47.1 sec
 - d_sub 1800 : OOB 0.2616 : L 85 : T 47.7 sec
 - d_sub 1800 : OOB 0.2632 : L 86 : T 48.2 sec
 - d_sub 1800 : OOB 0.2633 : L 87 : T 48.8 sec
 - d_sub 1800 : OOB 0.2632 : L 88 : T 49.3 sec
 - d_sub 1800 : OOB 0.2631 : L 89 : T 49.9 sec
 - d_sub 1800 : OOB 0.2640 : L 90 : T 50.4 sec
 - d_sub 1800 : OOB 0.2626 : L 91 : T 51.0 sec
 - d_sub 1800 : OOB 0.2636 : L 92 : T 51.6 sec
 - d_sub 1800 : OOB 0.2626 : L 93 : T 52.2 sec
 - d_sub 1800 : OOB 0.2614 : L 94 : T 52.9 sec
 - d_sub 1800 : OOB 0.2618 : L 95 : T 53.6 sec
 - d_sub 1800 : OOB 0.2618 : L 96 : T 54.3 sec
 - d_sub 1800 : OOB 0.2607 : L 97 : T 55.0 sec
 - d_sub 1800 : OOB 0.2616 : L 98 : T 55.6 sec
 - d_sub 1800 : OOB 0.2610 : L 99 : T 56.2 sec
 - d_sub 1800 : OOB 0.2609 : L 100 : T 56.7 sec
 - d_sub 1800 : OOB 0.2604 : L 101 : T 57.3 sec
 - d_sub 1800 : OOB 0.2594 : L 102 : T 57.9 sec
 - d_sub 1800 : OOB 0.2609 : L 103 : T 58.4 sec
 - d_sub 1800 : OOB 0.2598 : L 104 : T 59.0 sec
 - d_sub 1800 : OOB 0.2619 : L 105 : T 59.6 sec
 - d_sub 1800 : OOB 0.2595 : L 106 : T 60.2 sec
 - d_sub 1800 : OOB 0.2601 : L 107 : T 60.9 sec
 - d_sub 1800 : OOB 0.2611 : L 108 : T 61.6 sec
 - d_sub 1800 : OOB 0.2605 : L 109 : T 62.2 sec
 - d_sub 1800 : OOB 0.2611 : L 110 : T 62.7 sec
# -------------------------
optimal d_sub 1600 : OOB 0.2589 : L 113 : T 256.3 sec
Testing error: 0.2541
# -------------------------
# Ensemble classification
#  - Training samples: 10000 (5000/5000)
#  - Feature-space dimensionality: 24157
#  - L : automatic (min 25, max 500, length 50, eps 0.00500)
#  - d_sub : 300
#  - Seed 1 (subspaces) : 362142114
#  - Seed 2 (bootstrap) : 914047122
# -------------------------

 - d_sub 300 : OOB 0.4436 : L 1 : T 0.1 sec
 - d_sub 300 : OOB 0.4050 : L 2 : T 0.1 sec
 - d_sub 300 : OOB 0.3861 : L 3 : T 0.2 sec
 - d_sub 300 : OOB 0.3738 : L 4 : T 0.3 sec
 - d_sub 300 : OOB 0.3600 : L 5 : T 0.3 sec
 - d_sub 300 : OOB 0.3560 : L 6 : T 0.4 sec
 - d_sub 300 : OOB 0.3487 : L 7 : T 0.4 sec
 - d_sub 300 : OOB 0.3423 : L 8 : T 0.5 sec
 - d_sub 300 : OOB 0.3414 : L 9 : T 0.6 sec
 - d_sub 300 : OOB 0.3398 : L 10 : T 0.6 sec
 - d_sub 300 : OOB 0.3361 : L 11 : T 0.7 sec
 - d_sub 300 : OOB 0.3354 : L 12 : T 0.7 sec
 - d_sub 300 : OOB 0.3343 : L 13 : T 0.8 sec
 - d_sub 300 : OOB 0.3314 : L 14 : T 0.9 sec
 - d_sub 300 : OOB 0.3319 : L 15 : T 0.9 sec
 - d_sub 300 : OOB 0.3282 : L 16 : T 1.0 sec
 - d_sub 300 : OOB 0.3270 : L 17 : T 1.1 sec
 - d_sub 300 : OOB 0.3279 : L 18 : T 1.1 sec
 - d_sub 300 : OOB 0.3270 : L 19 : T 1.2 sec
 - d_sub 300 : OOB 0.3263 : L 20 : T 1.2 sec
 - d_sub 300 : OOB 0.3224 : L 21 : T 1.3 sec
 - d_sub 300 : OOB 0.3245 : L 22 : T 1.4 sec
 - d_sub 300 : OOB 0.3237 : L 23 : T 1.4 sec
 - d_sub 300 : OOB 0.3243 : L 24 : T 1.5 sec
 - d_sub 300 : OOB 0.3241 : L 25 : T 1.5 sec
 - d_sub 300 : OOB 0.3233 : L 26 : T 1.6 sec
 - d_sub 300 : OOB 0.3218 : L 27 : T 1.7 sec
 - d_sub 300 : OOB 0.3227 : L 28 : T 1.7 sec
 - d_sub 300 : OOB 0.3213 : L 29 : T 1.8 sec
 - d_sub 300 : OOB 0.3218 : L 30 : T 1.9 sec
 - d_sub 300 : OOB 0.3201 : L 31 : T 1.9 sec
 - d_sub 300 : OOB 0.3197 : L 32 : T 2.0 sec
 - d_sub 300 : OOB 0.3208 : L 33 : T 2.1 sec
 - d_sub 300 : OOB 0.3188 : L 34 : T 2.1 sec
 - d_sub 300 : OOB 0.3218 : L 35 : T 2.2 sec
 - d_sub 300 : OOB 0.3179 : L 36 : T 2.3 sec
 - d_sub 300 : OOB 0.3185 : L 37 : T 2.3 sec
 - d_sub 300 : OOB 0.3187 : L 38 : T 2.4 sec
 - d_sub 300 : OOB 0.3186 : L 39 : T 2.4 sec
 - d_sub 300 : OOB 0.3164 : L 40 : T 2.5 sec
 - d_sub 300 : OOB 0.3170 : L 41 : T 2.6 sec
 - d_sub 300 : OOB 0.3170 : L 42 : T 2.6 sec
 - d_sub 300 : OOB 0.3168 : L 43 : T 2.7 sec
 - d_sub 300 : OOB 0.3156 : L 44 : T 2.8 sec
 - d_sub 300 : OOB 0.3163 : L 45 : T 2.8 sec
 - d_sub 300 : OOB 0.3158 : L 46 : T 2.9 sec
 - d_sub 300 : OOB 0.3142 : L 47 : T 3.0 sec
 - d_sub 300 : OOB 0.3161 : L 48 : T 3.0 sec
 - d_sub 300 : OOB 0.3159 : L 49 : T 3.1 sec
 - d_sub 300 : OOB 0.3158 : L 50 : T 3.1 sec
 - d_sub 300 : OOB 0.3157 : L 51 : T 3.2 sec
 - d_sub 300 : OOB 0.3151 : L 52 : T 3.2 sec
 - d_sub 300 : OOB 0.3161 : L 53 : T 3.3 sec
 - d_sub 300 : OOB 0.3152 : L 54 : T 3.4 sec
 - d_sub 300 : OOB 0.3162 : L 55 : T 3.4 sec
 - d_sub 300 : OOB 0.3163 : L 56 : T 3.5 sec
 - d_sub 300 : OOB 0.3146 : L 57 : T 3.5 sec
 - d_sub 300 : OOB 0.3148 : L 58 : T 3.6 sec
 - d_sub 300 : OOB 0.3152 : L 59 : T 3.7 sec
 - d_sub 300 : OOB 0.3163 : L 60 : T 3.7 sec
 - d_sub 300 : OOB 0.3174 : L 61 : T 3.8 sec
 - d_sub 300 : OOB 0.3152 : L 62 : T 3.9 sec
 - d_sub 300 : OOB 0.3158 : L 63 : T 3.9 sec
 - d_sub 300 : OOB 0.3171 : L 64 : T 4.0 sec
 - d_sub 300 : OOB 0.3165 : L 65 : T 4.1 sec
 - d_sub 300 : OOB 0.3134 : L 66 : T 4.1 sec
 - d_sub 300 : OOB 0.3138 : L 67 : T 4.2 sec
 - d_sub 300 : OOB 0.3165 : L 68 : T 4.2 sec
 - d_sub 300 : OOB 0.3150 : L 69 : T 4.3 sec
 - d_sub 300 : OOB 0.3152 : L 70 : T 4.4 sec
 - d_sub 300 : OOB 0.3146 : L 71 : T 4.4 sec
 - d_sub 300 : OOB 0.3134 : L 72 : T 4.5 sec
 - d_sub 300 : OOB 0.3134 : L 73 : T 4.5 sec
 - d_sub 300 : OOB 0.3144 : L 74 : T 4.6 sec
 - d_sub 300 : OOB 0.3144 : L 75 : T 4.7 sec
 - d_sub 300 : OOB 0.3145 : L 76 : T 4.7 sec
 - d_sub 300 : OOB 0.3123 : L 77 : T 4.8 sec
 - d_sub 300 : OOB 0.3161 : L 78 : T 4.9 sec
 - d_sub 300 : OOB 0.3136 : L 79 : T 4.9 sec
 - d_sub 300 : OOB 0.3144 : L 80 : T 5.0 sec
 - d_sub 300 : OOB 0.3146 : L 81 : T 5.0 sec
 - d_sub 300 : OOB 0.3129 : L 82 : T 5.1 sec
 - d_sub 300 : OOB 0.3118 : L 83 : T 5.2 sec
 - d_sub 300 : OOB 0.3115 : L 84 : T 5.2 sec
 - d_sub 300 : OOB 0.3114 : L 85 : T 5.3 sec
 - d_sub 300 : OOB 0.3130 : L 86 : T 5.4 sec
 - d_sub 300 : OOB 0.3104 : L 87 : T 5.4 sec
 - d_sub 300 : OOB 0.3118 : L 88 : T 5.5 sec
 - d_sub 300 : OOB 0.3096 : L 89 : T 5.6 sec
 - d_sub 300 : OOB 0.3100 : L 90 : T 5.6 sec
 - d_sub 300 : OOB 0.3116 : L 91 : T 5.7 sec
 - d_sub 300 : OOB 0.3111 : L 92 : T 5.8 sec
 - d_sub 300 : OOB 0.3099 : L 93 : T 5.8 sec
 - d_sub 300 : OOB 0.3096 : L 94 : T 5.9 sec
 - d_sub 300 : OOB 0.3101 : L 95 : T 5.9 sec
 - d_sub 300 : OOB 0.3115 : L 96 : T 6.0 sec
 - d_sub 300 : OOB 0.3111 : L 97 : T 6.0 sec
 - d_sub 300 : OOB 0.3112 : L 98 : T 6.1 sec
 - d_sub 300 : OOB 0.3101 : L 99 : T 6.1 sec
 - d_sub 300 : OOB 0.3111 : L 100 : T 6.2 sec
 - d_sub 300 : OOB 0.3103 : L 101 : T 6.2 sec
 - d_sub 300 : OOB 0.3106 : L 102 : T 6.3 sec
 - d_sub 300 : OOB 0.3110 : L 103 : T 6.3 sec
 - d_sub 300 : OOB 0.3098 : L 104 : T 6.4 sec
 - d_sub 300 : OOB 0.3099 : L 105 : T 6.4 sec
 - d_sub 300 : OOB 0.3106 : L 106 : T 6.5 sec
 - d_sub 300 : OOB 0.3109 : L 107 : T 6.5 sec
 - d_sub 300 : OOB 0.3121 : L 108 : T 6.6 sec
 - d_sub 300 : OOB 0.3120 : L 109 : T 6.6 sec
 - d_sub 300 : OOB 0.3107 : L 110 : T 6.7 sec
 - d_sub 300 : OOB 0.3097 : L 111 : T 6.7 sec
 - d_sub 300 : OOB 0.3106 : L 112 : T 6.8 sec
 - d_sub 300 : OOB 0.3115 : L 113 : T 6.8 sec
 - d_sub 300 : OOB 0.3111 : L 114 : T 6.9 sec
# -------------------------
optimal d_sub 300 : OOB 0.3111 : L 114 : T 6.9 sec
# -------------------------
# Ensemble classification
#  - Training samples: 10000 (5000/5000)
#  - Feature-space dimensionality: 24157
#  - L : 30
#  - d_sub : 300
#  - Seed 1 (subspaces) : 799156441
#  - Seed 2 (bootstrap) : 118789603
# -------------------------

 - d_sub 300 : OOB 0.4444 : L 1 : T 0.1 sec
 - d_sub 300 : OOB 0.4068 : L 2 : T 0.1 sec
 - d_sub 300 : OOB 0.3877 : L 3 : T 0.1 sec
 - d_sub 300 : OOB 0.3730 : L 4 : T 0.2 sec
 - d_sub 300 : OOB 0.3641 : L 5 : T 0.2 sec
 - d_sub 300 : OOB 0.3608 : L 6 : T 0.3 sec
 - d_sub 300 : OOB 0.3508 : L 7 : T 0.3 sec
 - d_sub 300 : OOB 0.3453 : L 8 : T 0.4 sec
 - d_sub 300 : OOB 0.3424 : L 9 : T 0.4 sec
 - d_sub 300 : OOB 0.3380 : L 10 : T 0.5 sec
 - d_sub 300 : OOB 0.3326 : L 11 : T 0.5 sec
 - d_sub 300 : OOB 0.3302 : L 12 : T 0.6 sec
 - d_sub 300 : OOB 0.3285 : L 13 : T 0.6 sec
 - d_sub 300 : OOB 0.3309 : L 14 : T 0.7 sec
 - d_sub 300 : OOB 0.3274 : L 15 : T 0.7 sec
 - d_sub 300 : OOB 0.3274 : L 16 : T 0.8 sec
 - d_sub 300 : OOB 0.3247 : L 17 : T 0.8 sec
 - d_sub 300 : OOB 0.3240 : L 18 : T 0.9 sec
 - d_sub 300 : OOB 0.3254 : L 19 : T 0.9 sec
 - d_sub 300 : OOB 0.3244 : L 20 : T 1.0 sec
 - d_sub 300 : OOB 0.3228 : L 21 : T 1.0 sec
 - d_sub 300 : OOB 0.3209 : L 22 : T 1.1 sec
 - d_sub 300 : OOB 0.3217 : L 23 : T 1.1 sec
 - d_sub 300 : OOB 0.3204 : L 24 : T 1.2 sec
 - d_sub 300 : OOB 0.3229 : L 25 : T 1.2 sec
 - d_sub 300 : OOB 0.3216 : L 26 : T 1.3 sec
 - d_sub 300 : OOB 0.3201 : L 27 : T 1.3 sec
 - d_sub 300 : OOB 0.3207 : L 28 : T 1.4 sec
 - d_sub 300 : OOB 0.3196 : L 29 : T 1.4 sec
 - d_sub 300 : OOB 0.3195 : L 30 : T 1.5 sec
# -------------------------
optimal d_sub 300 : OOB 0.3195 : L 30 : T 1.5 sec
# -------------------------
# Ensemble classification
#  - Training samples: 10000 (5000/5000)
#  - Feature-space dimensionality: 24157
#  - L : 30
#  - d_sub : 300
#  - Seed 1 (subspaces) : 14871917
#  - Seed 2 (bootstrap) : 240881896
# -------------------------

 - d_sub 300 : OOB 0.4427 : L 1 : T 0.1 sec
 - d_sub 300 : OOB 0.4084 : L 2 : T 0.1 sec
 - d_sub 300 : OOB 0.3907 : L 3 : T 0.1 sec
 - d_sub 300 : OOB 0.3801 : L 4 : T 0.2 sec
 - d_sub 300 : OOB 0.3654 : L 5 : T 0.3 sec
 - d_sub 300 : OOB 0.3595 : L 6 : T 0.3 sec
 - d_sub 300 : OOB 0.3552 : L 7 : T 0.3 sec
 - d_sub 300 : OOB 0.3476 : L 8 : T 0.4 sec
 - d_sub 300 : OOB 0.3455 : L 9 : T 0.4 sec
 - d_sub 300 : OOB 0.3449 : L 10 : T 0.5 sec
 - d_sub 300 : OOB 0.3382 : L 11 : T 0.6 sec
 - d_sub 300 : OOB 0.3395 : L 12 : T 0.6 sec
 - d_sub 300 : OOB 0.3392 : L 13 : T 0.7 sec
 - d_sub 300 : OOB 0.3340 : L 14 : T 0.8 sec
 - d_sub 300 : OOB 0.3373 : L 15 : T 0.8 sec
 - d_sub 300 : OOB 0.3337 : L 16 : T 0.9 sec
 - d_sub 300 : OOB 0.3349 : L 17 : T 0.9 sec
 - d_sub 300 : OOB 0.3304 : L 18 : T 1.0 sec
 - d_sub 300 : OOB 0.3285 : L 19 : T 1.1 sec
 - d_sub 300 : OOB 0.3283 : L 20 : T 1.1 sec
 - d_sub 300 : OOB 0.3280 : L 21 : T 1.2 sec
 - d_sub 300 : OOB 0.3263 : L 22 : T 1.3 sec
 - d_sub 300 : OOB 0.3252 : L 23 : T 1.3 sec
 - d_sub 300 : OOB 0.3248 : L 24 : T 1.4 sec
 - d_sub 300 : OOB 0.3214 : L 25 : T 1.4 sec
 - d_sub 300 : OOB 0.3216 : L 26 : T 1.5 sec
 - d_sub 300 : OOB 0.3212 : L 27 : T 1.6 sec
 - d_sub 300 : OOB 0.3219 : L 28 : T 1.6 sec
 - d_sub 300 : OOB 0.3203 : L 29 : T 1.7 sec
 - d_sub 300 : OOB 0.3201 : L 30 : T 1.7 sec
# -------------------------
optimal d_sub 300 : OOB 0.3201 : L 30 : T 1.7 sec
# -------------------------
# Ensemble classification
#  - Training samples: 10000 (5000/5000)
#  - Feature-space dimensionality: 24157
#  - L : 30
#  - d_sub : 300
#  - Seed 1 (subspaces) : 227938200
#  - Seed 2 (bootstrap) : 992950946
# -------------------------

 - d_sub 300 : OOB 0.4370 : L 1 : T 0.0 sec
 - d_sub 300 : OOB 0.4013 : L 2 : T 0.1 sec
 - d_sub 300 : OOB 0.3827 : L 3 : T 0.2 sec
 - d_sub 300 : OOB 0.3642 : L 4 : T 0.2 sec
 - d_sub 300 : OOB 0.3546 : L 5 : T 0.3 sec
 - d_sub 300 : OOB 0.3532 : L 6 : T 0.3 sec
 - d_sub 300 : OOB 0.3442 : L 7 : T 0.4 sec
 - d_sub 300 : OOB 0.3406 : L 8 : T 0.4 sec
 - d_sub 300 : OOB 0.3361 : L 9 : T 0.4 sec
 - d_sub 300 : OOB 0.3343 : L 10 : T 0.5 sec
 - d_sub 300 : OOB 0.3300 : L 11 : T 0.5 sec
 - d_sub 300 : OOB 0.3290 : L 12 : T 0.6 sec
 - d_sub 300 : OOB 0.3298 : L 13 : T 0.6 sec
 - d_sub 300 : OOB 0.3305 : L 14 : T 0.7 sec
 - d_sub 300 : OOB 0.3282 : L 15 : T 0.8 sec
 - d_sub 300 : OOB 0.3286 : L 16 : T 0.8 sec
 - d_sub 300 : OOB 0.3265 : L 17 : T 0.9 sec
 - d_sub 300 : OOB 0.3251 : L 18 : T 0.9 sec
 - d_sub 300 : OOB 0.3258 : L 19 : T 1.0 sec
 - d_sub 300 : OOB 0.3235 : L 20 : T 1.0 sec
 - d_sub 300 : OOB 0.3238 : L 21 : T 1.1 sec
 - d_sub 300 : OOB 0.3216 : L 22 : T 1.2 sec
 - d_sub 300 : OOB 0.3192 : L 23 : T 1.2 sec
 - d_sub 300 : OOB 0.3193 : L 24 : T 1.3 sec
 - d_sub 300 : OOB 0.3175 : L 25 : T 1.3 sec
 - d_sub 300 : OOB 0.3198 : L 26 : T 1.4 sec
 - d_sub 300 : OOB 0.3185 : L 27 : T 1.4 sec
 - d_sub 300 : OOB 0.3177 : L 28 : T 1.5 sec
 - d_sub 300 : OOB 0.3167 : L 29 : T 1.5 sec
 - d_sub 300 : OOB 0.3168 : L 30 : T 1.6 sec
# -------------------------
optimal d_sub 300 : OOB 0.3168 : L 30 : T 1.6 sec
# -------------------------
# Ensemble classification
#  - Training samples: 10000 (5000/5000)
#  - Feature-space dimensionality: 24157
#  - L : 30
#  - d_sub : 300
#  - Seed 1 (subspaces) : 740462892
#  - Seed 2 (bootstrap) : 724034702
# -------------------------

 - d_sub 300 : OOB 0.4476 : L 1 : T 0.0 sec
 - d_sub 300 : OOB 0.4127 : L 2 : T 0.1 sec
 - d_sub 300 : OOB 0.3928 : L 3 : T 0.2 sec
 - d_sub 300 : OOB 0.3776 : L 4 : T 0.2 sec
 - d_sub 300 : OOB 0.3648 : L 5 : T 0.2 sec
 - d_sub 300 : OOB 0.3599 : L 6 : T 0.3 sec
 - d_sub 300 : OOB 0.3509 : L 7 : T 0.4 sec
 - d_sub 300 : OOB 0.3446 : L 8 : T 0.4 sec
 - d_sub 300 : OOB 0.3413 : L 9 : T 0.5 sec
 - d_sub 300 : OOB 0.3442 : L 10 : T 0.6 sec
 - d_sub 300 : OOB 0.3375 : L 11 : T 0.6 sec
 - d_sub 300 : OOB 0.3359 : L 12 : T 0.7 sec
 - d_sub 300 : OOB 0.3312 : L 13 : T 0.8 sec
 - d_sub 300 : OOB 0.3308 : L 14 : T 0.8 sec
 - d_sub 300 : OOB 0.3296 : L 15 : T 0.9 sec
 - d_sub 300 : OOB 0.3307 : L 16 : T 1.0 sec
 - d_sub 300 : OOB 0.3296 : L 17 : T 1.0 sec
 - d_sub 300 : OOB 0.3296 : L 18 : T 1.1 sec
 - d_sub 300 : OOB 0.3259 : L 19 : T 1.2 sec
 - d_sub 300 : OOB 0.3247 : L 20 : T 1.2 sec
 - d_sub 300 : OOB 0.3237 : L 21 : T 1.3 sec
 - d_sub 300 : OOB 0.3239 : L 22 : T 1.3 sec
 - d_sub 300 : OOB 0.3204 : L 23 : T 1.4 sec
 - d_sub 300 : OOB 0.3211 : L 24 : T 1.5 sec
 - d_sub 300 : OOB 0.3212 : L 25 : T 1.5 sec
 - d_sub 300 : OOB 0.3221 : L 26 : T 1.6 sec
 - d_sub 300 : OOB 0.3193 : L 27 : T 1.6 sec
 - d_sub 300 : OOB 0.3185 : L 28 : T 1.7 sec
 - d_sub 300 : OOB 0.3172 : L 29 : T 1.7 sec
 - d_sub 300 : OOB 0.3179 : L 30 : T 1.8 sec
# -------------------------
optimal d_sub 300 : OOB 0.3179 : L 30 : T 1.8 sec
# -------------------------
# Ensemble classification
#  - Training samples: 10000 (5000/5000)
#  - Feature-space dimensionality: 24157
#  - L : 30
#  - d_sub : 300
#  - Seed 1 (subspaces) : 478919949
#  - Seed 2 (bootstrap) : 152129225
# -------------------------

 - d_sub 300 : OOB 0.4409 : L 1 : T 0.0 sec
 - d_sub 300 : OOB 0.4013 : L 2 : T 0.1 sec
 - d_sub 300 : OOB 0.3789 : L 3 : T 0.2 sec
 - d_sub 300 : OOB 0.3630 : L 4 : T 0.2 sec
 - d_sub 300 : OOB 0.3519 : L 5 : T 0.3 sec
 - d_sub 300 : OOB 0.3527 : L 6 : T 0.3 sec
 - d_sub 300 : OOB 0.3465 : L 7 : T 0.4 sec
 - d_sub 300 : OOB 0.3433 : L 8 : T 0.5 sec
 - d_sub 300 : OOB 0.3382 : L 9 : T 0.5 sec
 - d_sub 300 : OOB 0.3381 : L 10 : T 0.6 sec
 - d_sub 300 : OOB 0.3339 : L 11 : T 0.6 sec
 - d_sub 300 : OOB 0.3282 : L 12 : T 0.7 sec
 - d_sub 300 : OOB 0.3292 : L 13 : T 0.7 sec
 - d_sub 300 : OOB 0.3283 : L 14 : T 0.8 sec
 - d_sub 300 : OOB 0.3258 : L 15 : T 0.9 sec
 - d_sub 300 : OOB 0.3253 : L 16 : T 0.9 sec
 - d_sub 300 : OOB 0.3257 : L 17 : T 1.0 sec
 - d_sub 300 : OOB 0.3226 : L 18 : T 1.0 sec
 - d_sub 300 : OOB 0.3262 : L 19 : T 1.1 sec
 - d_sub 300 : OOB 0.3225 : L 20 : T 1.1 sec
 - d_sub 300 : OOB 0.3235 : L 21 : T 1.2 sec
 - d_sub 300 : OOB 0.3230 : L 22 : T 1.2 sec
 - d_sub 300 : OOB 0.3215 : L 23 : T 1.3 sec
 - d_sub 300 : OOB 0.3203 : L 24 : T 1.3 sec
 - d_sub 300 : OOB 0.3207 : L 25 : T 1.4 sec
 - d_sub 300 : OOB 0.3235 : L 26 : T 1.4 sec
 - d_sub 300 : OOB 0.3213 : L 27 : T 1.5 sec
 - d_sub 300 : OOB 0.3199 : L 28 : T 1.5 sec
 - d_sub 300 : OOB 0.3195 : L 29 : T 1.6 sec
 - d_sub 300 : OOB 0.3201 : L 30 : T 1.7 sec
# -------------------------
optimal d_sub 300 : OOB 0.3201 : L 30 : T 1.7 sec
# -------------------------
# Ensemble classification
#  - Training samples: 10000 (5000/5000)
#  - Feature-space dimensionality: 24157
#  - L : 30
#  - d_sub : 300
#  - Seed 1 (subspaces) : 1006325
#  - Seed 2 (bootstrap) : 819830966
# -------------------------

 - d_sub 300 : OOB 0.4463 : L 1 : T 0.1 sec
 - d_sub 300 : OOB 0.4024 : L 2 : T 0.1 sec
 - d_sub 300 : OOB 0.3870 : L 3 : T 0.2 sec
 - d_sub 300 : OOB 0.3711 : L 4 : T 0.2 sec
 - d_sub 300 : OOB 0.3583 : L 5 : T 0.3 sec
 - d_sub 300 : OOB 0.3561 : L 6 : T 0.3 sec
 - d_sub 300 : OOB 0.3486 : L 7 : T 0.4 sec
 - d_sub 300 : OOB 0.3418 : L 8 : T 0.5 sec
 - d_sub 300 : OOB 0.3399 : L 9 : T 0.5 sec
 - d_sub 300 : OOB 0.3374 : L 10 : T 0.6 sec
 - d_sub 300 : OOB 0.3353 : L 11 : T 0.6 sec
 - d_sub 300 : OOB 0.3333 : L 12 : T 0.7 sec
 - d_sub 300 : OOB 0.3332 : L 13 : T 0.8 sec
 - d_sub 300 : OOB 0.3296 : L 14 : T 0.8 sec
 - d_sub 300 : OOB 0.3265 : L 15 : T 0.9 sec
 - d_sub 300 : OOB 0.3306 : L 16 : T 0.9 sec
 - d_sub 300 : OOB 0.3261 : L 17 : T 1.0 sec
 - d_sub 300 : OOB 0.3249 : L 18 : T 1.0 sec
 - d_sub 300 : OOB 0.3267 : L 19 : T 1.1 sec
 - d_sub 300 : OOB 0.3267 : L 20 : T 1.2 sec
 - d_sub 300 : OOB 0.3255 : L 21 : T 1.2 sec
 - d_sub 300 : OOB 0.3230 : L 22 : T 1.3 sec
 - d_sub 300 : OOB 0.3240 : L 23 : T 1.3 sec
 - d_sub 300 : OOB 0.3230 : L 24 : T 1.4 sec
 - d_sub 300 : OOB 0.3257 : L 25 : T 1.5 sec
 - d_sub 300 : OOB 0.3217 : L 26 : T 1.5 sec
 - d_sub 300 : OOB 0.3211 : L 27 : T 1.6 sec
 - d_sub 300 : OOB 0.3203 : L 28 : T 1.7 sec
 - d_sub 300 : OOB 0.3195 : L 29 : T 1.7 sec
 - d_sub 300 : OOB 0.3199 : L 30 : T 1.8 sec
# -------------------------
optimal d_sub 300 : OOB 0.3199 : L 30 : T 1.8 sec
# -------------------------
# Ensemble classification
#  - Training samples: 10000 (5000/5000)
#  - Feature-space dimensionality: 24157
#  - L : 30
#  - d_sub : 300
#  - Seed 1 (subspaces) : 827031492
#  - Seed 2 (bootstrap) : 95517633
# -------------------------

 - d_sub 300 : OOB 0.4435 : L 1 : T 0.1 sec
 - d_sub 300 : OOB 0.4084 : L 2 : T 0.1 sec
 - d_sub 300 : OOB 0.3895 : L 3 : T 0.2 sec
 - d_sub 300 : OOB 0.3806 : L 4 : T 0.2 sec
 - d_sub 300 : OOB 0.3659 : L 5 : T 0.3 sec
 - d_sub 300 : OOB 0.3592 : L 6 : T 0.3 sec
 - d_sub 300 : OOB 0.3483 : L 7 : T 0.4 sec
 - d_sub 300 : OOB 0.3437 : L 8 : T 0.4 sec
 - d_sub 300 : OOB 0.3424 : L 9 : T 0.5 sec
 - d_sub 300 : OOB 0.3420 : L 10 : T 0.6 sec
 - d_sub 300 : OOB 0.3373 : L 11 : T 0.6 sec
 - d_sub 300 : OOB 0.3351 : L 12 : T 0.7 sec
 - d_sub 300 : OOB 0.3334 : L 13 : T 0.8 sec
 - d_sub 300 : OOB 0.3321 : L 14 : T 0.8 sec
 - d_sub 300 : OOB 0.3316 : L 15 : T 0.9 sec
 - d_sub 300 : OOB 0.3299 : L 16 : T 1.0 sec
 - d_sub 300 : OOB 0.3265 : L 17 : T 1.0 sec
 - d_sub 300 : OOB 0.3271 : L 18 : T 1.1 sec
 - d_sub 300 : OOB 0.3223 : L 19 : T 1.1 sec
 - d_sub 300 : OOB 0.3217 : L 20 : T 1.2 sec
 - d_sub 300 : OOB 0.3219 : L 21 : T 1.3 sec
 - d_sub 300 : OOB 0.3247 : L 22 : T 1.3 sec
 - d_sub 300 : OOB 0.3242 : L 23 : T 1.4 sec
 - d_sub 300 : OOB 0.3252 : L 24 : T 1.4 sec
 - d_sub 300 : OOB 0.3238 : L 25 : T 1.5 sec
 - d_sub 300 : OOB 0.3202 : L 26 : T 1.5 sec
 - d_sub 300 : OOB 0.3228 : L 27 : T 1.6 sec
 - d_sub 300 : OOB 0.3232 : L 28 : T 1.7 sec
 - d_sub 300 : OOB 0.3225 : L 29 : T 1.7 sec
 - d_sub 300 : OOB 0.3208 : L 30 : T 1.8 sec
# -------------------------
optimal d_sub 300 : OOB 0.3208 : L 30 : T 1.8 sec
# -------------------------
# Ensemble classification
#  - Training samples: 10000 (5000/5000)
#  - Feature-space dimensionality: 24157
#  - L : 30
#  - d_sub : 300
#  - Seed 1 (subspaces) : 278736205
#  - Seed 2 (bootstrap) : 757429208
# -------------------------

 - d_sub 300 : OOB 0.4431 : L 1 : T 0.1 sec
 - d_sub 300 : OOB 0.4089 : L 2 : T 0.1 sec
 - d_sub 300 : OOB 0.3882 : L 3 : T 0.2 sec
 - d_sub 300 : OOB 0.3759 : L 4 : T 0.2 sec
 - d_sub 300 : OOB 0.3624 : L 5 : T 0.3 sec
 - d_sub 300 : OOB 0.3570 : L 6 : T 0.4 sec
 - d_sub 300 : OOB 0.3472 : L 7 : T 0.4 sec
 - d_sub 300 : OOB 0.3438 : L 8 : T 0.5 sec
 - d_sub 300 : OOB 0.3415 : L 9 : T 0.5 sec
 - d_sub 300 : OOB 0.3425 : L 10 : T 0.6 sec
 - d_sub 300 : OOB 0.3370 : L 11 : T 0.7 sec
 - d_sub 300 : OOB 0.3380 : L 12 : T 0.7 sec
 - d_sub 300 : OOB 0.3412 : L 13 : T 0.8 sec
 - d_sub 300 : OOB 0.3367 : L 14 : T 0.8 sec
 - d_sub 300 : OOB 0.3360 : L 15 : T 0.9 sec
 - d_sub 300 : OOB 0.3332 : L 16 : T 1.0 sec
 - d_sub 300 : OOB 0.3322 : L 17 : T 1.0 sec
 - d_sub 300 : OOB 0.3317 : L 18 : T 1.1 sec
 - d_sub 300 : OOB 0.3279 : L 19 : T 1.2 sec
 - d_sub 300 : OOB 0.3291 : L 20 : T 1.2 sec
 - d_sub 300 : OOB 0.3284 : L 21 : T 1.3 sec
 - d_sub 300 : OOB 0.3298 : L 22 : T 1.3 sec
 - d_sub 300 : OOB 0.3280 : L 23 : T 1.4 sec
 - d_sub 300 : OOB 0.3247 : L 24 : T 1.4 sec
 - d_sub 300 : OOB 0.3255 : L 25 : T 1.5 sec
 - d_sub 300 : OOB 0.3245 : L 26 : T 1.5 sec
 - d_sub 300 : OOB 0.3252 : L 27 : T 1.6 sec
 - d_sub 300 : OOB 0.3282 : L 28 : T 1.7 sec
 - d_sub 300 : OOB 0.3259 : L 29 : T 1.7 sec
 - d_sub 300 : OOB 0.3267 : L 30 : T 1.8 sec
# -------------------------
optimal d_sub 300 : OOB 0.3267 : L 30 : T 1.8 sec
# -------------------------
# Ensemble classification
#  - Training samples: 10000 (5000/5000)
#  - Feature-space dimensionality: 24157
#  - L : 30
#  - d_sub : 300
#  - Seed 1 (subspaces) : 518147334
#  - Seed 2 (bootstrap) : 944753060
# -------------------------

 - d_sub 300 : OOB 0.4375 : L 1 : T 0.0 sec
 - d_sub 300 : OOB 0.4041 : L 2 : T 0.1 sec
 - d_sub 300 : OOB 0.3881 : L 3 : T 0.2 sec
 - d_sub 300 : OOB 0.3738 : L 4 : T 0.2 sec
 - d_sub 300 : OOB 0.3590 : L 5 : T 0.3 sec
 - d_sub 300 : OOB 0.3605 : L 6 : T 0.3 sec
 - d_sub 300 : OOB 0.3501 : L 7 : T 0.4 sec
 - d_sub 300 : OOB 0.3470 : L 8 : T 0.4 sec
 - d_sub 300 : OOB 0.3454 : L 9 : T 0.5 sec
 - d_sub 300 : OOB 0.3421 : L 10 : T 0.5 sec
 - d_sub 300 : OOB 0.3376 : L 11 : T 0.6 sec
 - d_sub 300 : OOB 0.3332 : L 12 : T 0.6 sec
 - d_sub 300 : OOB 0.3341 : L 13 : T 0.7 sec
 - d_sub 300 : OOB 0.3292 : L 14 : T 0.7 sec
 - d_sub 300 : OOB 0.3264 : L 15 : T 0.8 sec
 - d_sub 300 : OOB 0.3296 : L 16 : T 0.8 sec
 - d_sub 300 : OOB 0.3247 : L 17 : T 0.9 sec
 - d_sub 300 : OOB 0.3242 : L 18 : T 0.9 sec
 - d_sub 300 : OOB 0.3242 : L 19 : T 1.0 sec
 - d_sub 300 : OOB 0.3239 : L 20 : T 1.0 sec
 - d_sub 300 : OOB 0.3219 : L 21 : T 1.1 sec
 - d_sub 300 : OOB 0.3214 : L 22 : T 1.2 sec
 - d_sub 300 : OOB 0.3207 : L 23 : T 1.2 sec
 - d_sub 300 : OOB 0.3199 : L 24 : T 1.3 sec
 - d_sub 300 : OOB 0.3193 : L 25 : T 1.3 sec
 - d_sub 300 : OOB 0.3216 : L 26 : T 1.4 sec
 - d_sub 300 : OOB 0.3204 : L 27 : T 1.4 sec
 - d_sub 300 : OOB 0.3221 : L 28 : T 1.5 sec
 - d_sub 300 : OOB 0.3207 : L 29 : T 1.5 sec
 - d_sub 300 : OOB 0.3195 : L 30 : T 1.6 sec
# -------------------------
optimal d_sub 300 : OOB 0.3195 : L 30 : T 1.6 sec
# -------------------------
# Ensemble classification
#  - Training samples: 10000 (5000/5000)
#  - Feature-space dimensionality: 24157
#  - L : 30
#  - d_sub : 300
#  - Seed 1 (subspaces) : 288106083
#  - Seed 2 (bootstrap) : 831044422
# -------------------------

 - d_sub 300 : OOB 0.4436 : L 1 : T 0.1 sec
 - d_sub 300 : OOB 0.4066 : L 2 : T 0.1 sec
 - d_sub 300 : OOB 0.3872 : L 3 : T 0.2 sec
 - d_sub 300 : OOB 0.3686 : L 4 : T 0.2 sec
 - d_sub 300 : OOB 0.3567 : L 5 : T 0.3 sec
 - d_sub 300 : OOB 0.3580 : L 6 : T 0.4 sec
 - d_sub 300 : OOB 0.3468 : L 7 : T 0.4 sec
 - d_sub 300 : OOB 0.3437 : L 8 : T 0.5 sec
 - d_sub 300 : OOB 0.3404 : L 9 : T 0.5 sec
 - d_sub 300 : OOB 0.3358 : L 10 : T 0.6 sec
 - d_sub 300 : OOB 0.3308 : L 11 : T 0.6 sec
 - d_sub 300 : OOB 0.3283 : L 12 : T 0.7 sec
 - d_sub 300 : OOB 0.3285 : L 13 : T 0.7 sec
 - d_sub 300 : OOB 0.3321 : L 14 : T 0.8 sec
 - d_sub 300 : OOB 0.3270 : L 15 : T 0.8 sec
 - d_sub 300 : OOB 0.3291 : L 16 : T 0.9 sec
 - d_sub 300 : OOB 0.3282 : L 17 : T 0.9 sec
 - d_sub 300 : OOB 0.3258 : L 18 : T 1.0 sec
 - d_sub 300 : OOB 0.3244 : L 19 : T 1.1 sec
 - d_sub 300 : OOB 0.3237 : L 20 : T 1.1 sec
 - d_sub 300 : OOB 0.3241 : L 21 : T 1.2 sec
 - d_sub 300 : OOB 0.3242 : L 22 : T 1.2 sec
 - d_sub 300 : OOB 0.3248 : L 23 : T 1.3 sec
 - d_sub 300 : OOB 0.3233 : L 24 : T 1.3 sec
 - d_sub 300 : OOB 0.3233 : L 25 : T 1.4 sec
 - d_sub 300 : OOB 0.3221 : L 26 : T 1.4 sec
 - d_sub 300 : OOB 0.3208 : L 27 : T 1.5 sec
 - d_sub 300 : OOB 0.3204 : L 28 : T 1.5 sec
 - d_sub 300 : OOB 0.3204 : L 29 : T 1.6 sec
 - d_sub 300 : OOB 0.3202 : L 30 : T 1.6 sec
# -------------------------
optimal d_sub 300 : OOB 0.3202 : L 30 : T 1.6 sec
# -------------------------
# Ensemble classification
#  - Training samples: 10000 (5000/5000)
#  - Feature-space dimensionality: 24157
#  - L : 30
#  - d_sub : 300
#  - Seed 1 (subspaces) : 999229008
#  - Seed 2 (bootstrap) : 384873748
# -------------------------

 - d_sub 300 : OOB 0.4432 : L 1 : T 0.1 sec
 - d_sub 300 : OOB 0.4076 : L 2 : T 0.1 sec
 - d_sub 300 : OOB 0.3838 : L 3 : T 0.2 sec
 - d_sub 300 : OOB 0.3752 : L 4 : T 0.2 sec
 - d_sub 300 : OOB 0.3635 : L 5 : T 0.3 sec
 - d_sub 300 : OOB 0.3608 : L 6 : T 0.3 sec
 - d_sub 300 : OOB 0.3524 : L 7 : T 0.4 sec
 - d_sub 300 : OOB 0.3497 : L 8 : T 0.4 sec
 - d_sub 300 : OOB 0.3451 : L 9 : T 0.5 sec
 - d_sub 300 : OOB 0.3366 : L 10 : T 0.5 sec
 - d_sub 300 : OOB 0.3331 : L 11 : T 0.6 sec
 - d_sub 300 : OOB 0.3345 : L 12 : T 0.6 sec
 - d_sub 300 : OOB 0.3344 : L 13 : T 0.7 sec
 - d_sub 300 : OOB 0.3339 : L 14 : T 0.7 sec
 - d_sub 300 : OOB 0.3280 : L 15 : T 0.8 sec
 - d_sub 300 : OOB 0.3295 : L 16 : T 0.9 sec
 - d_sub 300 : OOB 0.3237 : L 17 : T 0.9 sec
 - d_sub 300 : OOB 0.3253 : L 18 : T 1.0 sec
 - d_sub 300 : OOB 0.3270 : L 19 : T 1.0 sec
 - d_sub 300 : OOB 0.3261 : L 20 : T 1.1 sec
 - d_sub 300 : OOB 0.3247 : L 21 : T 1.1 sec
 - d_sub 300 : OOB 0.3233 : L 22 : T 1.2 sec
 - d_sub 300 : OOB 0.3239 : L 23 : T 1.2 sec
 - d_sub 300 : OOB 0.3230 : L 24 : T 1.3 sec
 - d_sub 300 : OOB 0.3208 : L 25 : T 1.3 sec
 - d_sub 300 : OOB 0.3200 : L 26 : T 1.4 sec
 - d_sub 300 : OOB 0.3216 : L 27 : T 1.4 sec
 - d_sub 300 : OOB 0.3191 : L 28 : T 1.5 sec
 - d_sub 300 : OOB 0.3205 : L 29 : T 1.6 sec
 - d_sub 300 : OOB 0.3173 : L 30 : T 1.6 sec
# -------------------------
optimal d_sub 300 : OOB 0.3173 : L 30 : T 1.6 sec
# -------------------------
Average OOB error = 0.31993 (+/- 0.00274)
# -------------------------
# Ensemble classification
#  - Training samples: 10000 (5000/5000)
#  - Feature-space dimensionality: 24157
#  - L : 30
#  - d_sub : 300
#  - Seed 1 (subspaces) : 5
#  - Seed 2 (bootstrap) : 73
# -------------------------

 - d_sub 300 : OOB 0.4405 : L 1 : T 0.1 sec
 - d_sub 300 : OOB 0.4069 : L 2 : T 0.1 sec
 - d_sub 300 : OOB 0.3850 : L 3 : T 0.2 sec
 - d_sub 300 : OOB 0.3721 : L 4 : T 0.2 sec
 - d_sub 300 : OOB 0.3619 : L 5 : T 0.3 sec
 - d_sub 300 : OOB 0.3552 : L 6 : T 0.3 sec
 - d_sub 300 : OOB 0.3454 : L 7 : T 0.4 sec
 - d_sub 300 : OOB 0.3402 : L 8 : T 0.4 sec
 - d_sub 300 : OOB 0.3340 : L 9 : T 0.5 sec
 - d_sub 300 : OOB 0.3338 : L 10 : T 0.5 sec
 - d_sub 300 : OOB 0.3317 : L 11 : T 0.6 sec
 - d_sub 300 : OOB 0.3286 : L 12 : T 0.7 sec
 - d_sub 300 : OOB 0.3309 : L 13 : T 0.7 sec
 - d_sub 300 : OOB 0.3277 : L 14 : T 0.8 sec
 - d_sub 300 : OOB 0.3252 : L 15 : T 0.9 sec
 - d_sub 300 : OOB 0.3241 : L 16 : T 0.9 sec
 - d_sub 300 : OOB 0.3272 : L 17 : T 1.0 sec
 - d_sub 300 : OOB 0.3213 : L 18 : T 1.1 sec
 - d_sub 300 : OOB 0.3240 : L 19 : T 1.1 sec
 - d_sub 300 : OOB 0.3205 : L 20 : T 1.2 sec
 - d_sub 300 : OOB 0.3199 : L 21 : T 1.2 sec
 - d_sub 300 : OOB 0.3218 : L 22 : T 1.3 sec
 - d_sub 300 : OOB 0.3213 : L 23 : T 1.3 sec
 - d_sub 300 : OOB 0.3220 : L 24 : T 1.4 sec
 - d_sub 300 : OOB 0.3215 : L 25 : T 1.5 sec
 - d_sub 300 : OOB 0.3237 : L 26 : T 1.5 sec
 - d_sub 300 : OOB 0.3224 : L 27 : T 1.6 sec
 - d_sub 300 : OOB 0.3228 : L 28 : T 1.7 sec
 - d_sub 300 : OOB 0.3210 : L 29 : T 1.7 sec
 - d_sub 300 : OOB 0.3222 : L 30 : T 1.8 sec
# -------------------------
optimal d_sub 300 : OOB 0.3222 : L 30 : T 1.8 sec
OOB error = 0.3197
optimal d_sub 300 : OOB 0.3152 : L 30 : T 1.9 sec
optimal d_sub 300 : OOB 0.3083 : L 110 : T 5.7 sec
Testing error 1: 0.3122
optimal d_sub 300 : OOB 0.3124 : L 93 : T 5.5 sec
Testing error 2: 0.3066
optimal d_sub 300 : OOB 0.3069 : L 114 : T 5.9 sec
Testing error 3: 0.3069
optimal d_sub 300 : OOB 0.3131 : L 88 : T 5.1 sec
Testing error 4: 0.3056
optimal d_sub 300 : OOB 0.3110 : L 74 : T 4.2 sec
Testing error 5: 0.3095
optimal d_sub 300 : OOB 0.3081 : L 93 : T 5.4 sec
Testing error 6: 0.3101
optimal d_sub 300 : OOB 0.3171 : L 77 : T 4.2 sec
Testing error 7: 0.3095
optimal d_sub 300 : OOB 0.3130 : L 84 : T 4.6 sec
Testing error 8: 0.3077
optimal d_sub 300 : OOB 0.3170 : L 89 : T 5.0 sec
Testing error 9: 0.3051
optimal d_sub 300 : OOB 0.3181 : L 94 : T 5.0 sec
Testing error 10: 0.3083
---
Average testing error over 10 splits: 0.3082 (+/- 0.0022)
