# -------------------------
# Ensemble classification
#  - Training samples: 10000 (5000/5000)
#  - Feature-space dimensionality: 18157
#  - L : automatic (min 25, max 500, length 50, eps 0.00500)
#  - d_sub : automatic (Eoob tolerance 0.0200, step 200)
#  - Seed 1 (subspaces) : 82493481
#  - Seed 2 (bootstrap) : 146405211
# -------------------------

 - d_sub 200 : OOB 0.4486 : L 1 : T 0.0 sec
 - d_sub 200 : OOB 0.4130 : L 2 : T 0.1 sec
 - d_sub 200 : OOB 0.3922 : L 3 : T 0.1 sec
 - d_sub 200 : OOB 0.3845 : L 4 : T 0.1 sec
 - d_sub 200 : OOB 0.3699 : L 5 : T 0.2 sec
 - d_sub 200 : OOB 0.3651 : L 6 : T 0.2 sec
 - d_sub 200 : OOB 0.3545 : L 7 : T 0.2 sec
 - d_sub 200 : OOB 0.3520 : L 8 : T 0.2 sec
 - d_sub 200 : OOB 0.3511 : L 9 : T 0.3 sec
 - d_sub 200 : OOB 0.3500 : L 10 : T 0.3 sec
 - d_sub 200 : OOB 0.3437 : L 11 : T 0.3 sec
 - d_sub 200 : OOB 0.3452 : L 12 : T 0.4 sec
 - d_sub 200 : OOB 0.3456 : L 13 : T 0.5 sec
 - d_sub 200 : OOB 0.3423 : L 14 : T 0.5 sec
 - d_sub 200 : OOB 0.3423 : L 15 : T 0.6 sec
 - d_sub 200 : OOB 0.3358 : L 16 : T 0.6 sec
 - d_sub 200 : OOB 0.3353 : L 17 : T 0.6 sec
 - d_sub 200 : OOB 0.3350 : L 18 : T 0.6 sec
 - d_sub 200 : OOB 0.3317 : L 19 : T 0.7 sec
 - d_sub 200 : OOB 0.3309 : L 20 : T 0.7 sec
 - d_sub 200 : OOB 0.3307 : L 21 : T 0.7 sec
 - d_sub 200 : OOB 0.3323 : L 22 : T 0.8 sec
 - d_sub 200 : OOB 0.3302 : L 23 : T 0.8 sec
 - d_sub 200 : OOB 0.3312 : L 24 : T 0.8 sec
 - d_sub 200 : OOB 0.3308 : L 25 : T 0.9 sec
 - d_sub 200 : OOB 0.3303 : L 26 : T 0.9 sec
 - d_sub 200 : OOB 0.3275 : L 27 : T 0.9 sec
 - d_sub 200 : OOB 0.3282 : L 28 : T 1.0 sec
 - d_sub 200 : OOB 0.3281 : L 29 : T 1.0 sec
 - d_sub 200 : OOB 0.3270 : L 30 : T 1.0 sec
 - d_sub 200 : OOB 0.3282 : L 31 : T 1.1 sec
 - d_sub 200 : OOB 0.3276 : L 32 : T 1.1 sec
 - d_sub 200 : OOB 0.3248 : L 33 : T 1.1 sec
 - d_sub 200 : OOB 0.3284 : L 34 : T 1.2 sec
 - d_sub 200 : OOB 0.3243 : L 35 : T 1.2 sec
 - d_sub 200 : OOB 0.3259 : L 36 : T 1.2 sec
 - d_sub 200 : OOB 0.3259 : L 37 : T 1.3 sec
 - d_sub 200 : OOB 0.3246 : L 38 : T 1.3 sec
 - d_sub 200 : OOB 0.3245 : L 39 : T 1.3 sec
 - d_sub 200 : OOB 0.3243 : L 40 : T 1.3 sec
 - d_sub 200 : OOB 0.3253 : L 41 : T 1.4 sec
 - d_sub 200 : OOB 0.3264 : L 42 : T 1.4 sec
 - d_sub 200 : OOB 0.3252 : L 43 : T 1.4 sec
 - d_sub 200 : OOB 0.3259 : L 44 : T 1.5 sec
 - d_sub 200 : OOB 0.3253 : L 45 : T 1.5 sec
 - d_sub 200 : OOB 0.3255 : L 46 : T 1.5 sec
 - d_sub 200 : OOB 0.3271 : L 47 : T 1.6 sec
 - d_sub 200 : OOB 0.3252 : L 48 : T 1.6 sec
 - d_sub 200 : OOB 0.3267 : L 49 : T 1.6 sec
 - d_sub 200 : OOB 0.3245 : L 50 : T 1.7 sec
 - d_sub 200 : OOB 0.3224 : L 51 : T 1.7 sec
 - d_sub 200 : OOB 0.3225 : L 52 : T 1.7 sec
 - d_sub 200 : OOB 0.3228 : L 53 : T 1.8 sec
 - d_sub 200 : OOB 0.3224 : L 54 : T 1.8 sec
 - d_sub 200 : OOB 0.3220 : L 55 : T 1.8 sec
 - d_sub 200 : OOB 0.3236 : L 56 : T 1.9 sec
 - d_sub 200 : OOB 0.3233 : L 57 : T 1.9 sec
 - d_sub 200 : OOB 0.3220 : L 58 : T 1.9 sec
 - d_sub 200 : OOB 0.3230 : L 59 : T 2.0 sec
 - d_sub 200 : OOB 0.3222 : L 60 : T 2.0 sec
 - d_sub 200 : OOB 0.3224 : L 61 : T 2.0 sec
 - d_sub 200 : OOB 0.3236 : L 62 : T 2.1 sec
 - d_sub 200 : OOB 0.3224 : L 63 : T 2.1 sec
 - d_sub 200 : OOB 0.3244 : L 64 : T 2.1 sec
 - d_sub 200 : OOB 0.3253 : L 65 : T 2.1 sec
 - d_sub 200 : OOB 0.3239 : L 66 : T 2.2 sec
 - d_sub 200 : OOB 0.3230 : L 67 : T 2.2 sec
 - d_sub 200 : OOB 0.3262 : L 68 : T 2.2 sec
 - d_sub 200 : OOB 0.3240 : L 69 : T 2.3 sec
 - d_sub 200 : OOB 0.3231 : L 70 : T 2.3 sec
 - d_sub 200 : OOB 0.3232 : L 71 : T 2.3 sec
 - d_sub 200 : OOB 0.3239 : L 72 : T 2.4 sec
 - d_sub 200 : OOB 0.3225 : L 73 : T 2.4 sec
 - d_sub 200 : OOB 0.3243 : L 74 : T 2.4 sec
 - d_sub 200 : OOB 0.3219 : L 75 : T 2.5 sec
 - d_sub 200 : OOB 0.3255 : L 76 : T 2.5 sec
 - d_sub 200 : OOB 0.3242 : L 77 : T 2.5 sec
 - d_sub 200 : OOB 0.3236 : L 78 : T 2.6 sec

 - d_sub 400 : OOB 0.4333 : L 1 : T 0.1 sec
 - d_sub 400 : OOB 0.3970 : L 2 : T 0.1 sec
 - d_sub 400 : OOB 0.3761 : L 3 : T 0.2 sec
 - d_sub 400 : OOB 0.3564 : L 4 : T 0.3 sec
 - d_sub 400 : OOB 0.3431 : L 5 : T 0.3 sec
 - d_sub 400 : OOB 0.3427 : L 6 : T 0.4 sec
 - d_sub 400 : OOB 0.3315 : L 7 : T 0.5 sec
 - d_sub 400 : OOB 0.3284 : L 8 : T 0.5 sec
 - d_sub 400 : OOB 0.3247 : L 9 : T 0.6 sec
 - d_sub 400 : OOB 0.3222 : L 10 : T 0.6 sec
 - d_sub 400 : OOB 0.3197 : L 11 : T 0.7 sec
 - d_sub 400 : OOB 0.3151 : L 12 : T 0.8 sec
 - d_sub 400 : OOB 0.3138 : L 13 : T 0.8 sec
 - d_sub 400 : OOB 0.3117 : L 14 : T 0.9 sec
 - d_sub 400 : OOB 0.3094 : L 15 : T 1.0 sec
 - d_sub 400 : OOB 0.3074 : L 16 : T 1.0 sec
 - d_sub 400 : OOB 0.3094 : L 17 : T 1.1 sec
 - d_sub 400 : OOB 0.3069 : L 18 : T 1.2 sec
 - d_sub 400 : OOB 0.3067 : L 19 : T 1.2 sec
 - d_sub 400 : OOB 0.3062 : L 20 : T 1.3 sec
 - d_sub 400 : OOB 0.3049 : L 21 : T 1.3 sec
 - d_sub 400 : OOB 0.3029 : L 22 : T 1.4 sec
 - d_sub 400 : OOB 0.3052 : L 23 : T 1.5 sec
 - d_sub 400 : OOB 0.3078 : L 24 : T 1.5 sec
 - d_sub 400 : OOB 0.3051 : L 25 : T 1.6 sec
 - d_sub 400 : OOB 0.3043 : L 26 : T 1.6 sec
 - d_sub 400 : OOB 0.3067 : L 27 : T 1.7 sec
 - d_sub 400 : OOB 0.3048 : L 28 : T 1.8 sec
 - d_sub 400 : OOB 0.3047 : L 29 : T 1.8 sec
 - d_sub 400 : OOB 0.3021 : L 30 : T 1.9 sec
 - d_sub 400 : OOB 0.3034 : L 31 : T 2.0 sec
 - d_sub 400 : OOB 0.3008 : L 32 : T 2.0 sec
 - d_sub 400 : OOB 0.2996 : L 33 : T 2.1 sec
 - d_sub 400 : OOB 0.2990 : L 34 : T 2.1 sec
 - d_sub 400 : OOB 0.2996 : L 35 : T 2.2 sec
 - d_sub 400 : OOB 0.3002 : L 36 : T 2.3 sec
 - d_sub 400 : OOB 0.3019 : L 37 : T 2.3 sec
 - d_sub 400 : OOB 0.2994 : L 38 : T 2.4 sec
 - d_sub 400 : OOB 0.3018 : L 39 : T 2.4 sec
 - d_sub 400 : OOB 0.3008 : L 40 : T 2.5 sec
 - d_sub 400 : OOB 0.3011 : L 41 : T 2.6 sec
 - d_sub 400 : OOB 0.3003 : L 42 : T 2.6 sec
 - d_sub 400 : OOB 0.3010 : L 43 : T 2.7 sec
 - d_sub 400 : OOB 0.3030 : L 44 : T 2.8 sec
 - d_sub 400 : OOB 0.3011 : L 45 : T 2.8 sec
 - d_sub 400 : OOB 0.3002 : L 46 : T 2.9 sec
 - d_sub 400 : OOB 0.3014 : L 47 : T 3.0 sec
 - d_sub 400 : OOB 0.3008 : L 48 : T 3.0 sec
 - d_sub 400 : OOB 0.3002 : L 49 : T 3.1 sec
 - d_sub 400 : OOB 0.2989 : L 50 : T 3.2 sec
 - d_sub 400 : OOB 0.2983 : L 51 : T 3.2 sec
 - d_sub 400 : OOB 0.2985 : L 52 : T 3.3 sec
 - d_sub 400 : OOB 0.2976 : L 53 : T 3.3 sec
 - d_sub 400 : OOB 0.2982 : L 54 : T 3.4 sec
 - d_sub 400 : OOB 0.2994 : L 55 : T 3.5 sec
 - d_sub 400 : OOB 0.2967 : L 56 : T 3.5 sec
 - d_sub 400 : OOB 0.2972 : L 57 : T 3.6 sec
 - d_sub 400 : OOB 0.2977 : L 58 : T 3.7 sec
 - d_sub 400 : OOB 0.2956 : L 59 : T 3.7 sec
 - d_sub 400 : OOB 0.2957 : L 60 : T 3.8 sec
 - d_sub 400 : OOB 0.2954 : L 61 : T 3.8 sec
 - d_sub 400 : OOB 0.2960 : L 62 : T 3.9 sec
 - d_sub 400 : OOB 0.2955 : L 63 : T 4.0 sec
 - d_sub 400 : OOB 0.2974 : L 64 : T 4.0 sec
 - d_sub 400 : OOB 0.2951 : L 65 : T 4.1 sec
 - d_sub 400 : OOB 0.2954 : L 66 : T 4.2 sec
 - d_sub 400 : OOB 0.2956 : L 67 : T 4.2 sec
 - d_sub 400 : OOB 0.2953 : L 68 : T 4.3 sec
 - d_sub 400 : OOB 0.2957 : L 69 : T 4.3 sec
 - d_sub 400 : OOB 0.2941 : L 70 : T 4.4 sec
 - d_sub 400 : OOB 0.2955 : L 71 : T 4.5 sec
 - d_sub 400 : OOB 0.2947 : L 72 : T 4.5 sec
 - d_sub 400 : OOB 0.2931 : L 73 : T 4.6 sec
 - d_sub 400 : OOB 0.2939 : L 74 : T 4.7 sec
 - d_sub 400 : OOB 0.2930 : L 75 : T 4.7 sec
 - d_sub 400 : OOB 0.2943 : L 76 : T 4.8 sec
 - d_sub 400 : OOB 0.2938 : L 77 : T 4.8 sec
 - d_sub 400 : OOB 0.2954 : L 78 : T 4.9 sec
 - d_sub 400 : OOB 0.2923 : L 79 : T 5.0 sec
 - d_sub 400 : OOB 0.2928 : L 80 : T 5.0 sec
 - d_sub 400 : OOB 0.2915 : L 81 : T 5.1 sec
 - d_sub 400 : OOB 0.2945 : L 82 : T 5.1 sec
 - d_sub 400 : OOB 0.2927 : L 83 : T 5.2 sec
 - d_sub 400 : OOB 0.2924 : L 84 : T 5.3 sec
 - d_sub 400 : OOB 0.2934 : L 85 : T 5.3 sec
 - d_sub 400 : OOB 0.2932 : L 86 : T 5.4 sec
 - d_sub 400 : OOB 0.2929 : L 87 : T 5.5 sec
 - d_sub 400 : OOB 0.2927 : L 88 : T 5.5 sec
 - d_sub 400 : OOB 0.2909 : L 89 : T 5.6 sec
 - d_sub 400 : OOB 0.2929 : L 90 : T 5.6 sec
 - d_sub 400 : OOB 0.2927 : L 91 : T 5.7 sec
 - d_sub 400 : OOB 0.2914 : L 92 : T 5.8 sec
 - d_sub 400 : OOB 0.2914 : L 93 : T 5.8 sec
 - d_sub 400 : OOB 0.2920 : L 94 : T 5.9 sec
 - d_sub 400 : OOB 0.2909 : L 95 : T 6.0 sec
 - d_sub 400 : OOB 0.2922 : L 96 : T 6.0 sec
 - d_sub 400 : OOB 0.2918 : L 97 : T 6.1 sec
 - d_sub 400 : OOB 0.2928 : L 98 : T 6.2 sec
 - d_sub 400 : OOB 0.2923 : L 99 : T 6.2 sec
 - d_sub 400 : OOB 0.2925 : L 100 : T 6.3 sec
 - d_sub 400 : OOB 0.2927 : L 101 : T 6.4 sec
 - d_sub 400 : OOB 0.2917 : L 102 : T 6.4 sec
 - d_sub 400 : OOB 0.2917 : L 103 : T 6.5 sec
 - d_sub 400 : OOB 0.2912 : L 104 : T 6.5 sec
 - d_sub 400 : OOB 0.2914 : L 105 : T 6.6 sec
 - d_sub 400 : OOB 0.2906 : L 106 : T 6.7 sec
 - d_sub 400 : OOB 0.2910 : L 107 : T 6.7 sec

 - d_sub 600 : OOB 0.4356 : L 1 : T 0.1 sec
 - d_sub 600 : OOB 0.3901 : L 2 : T 0.2 sec
 - d_sub 600 : OOB 0.3686 : L 3 : T 0.3 sec
 - d_sub 600 : OOB 0.3508 : L 4 : T 0.4 sec
 - d_sub 600 : OOB 0.3350 : L 5 : T 0.5 sec
 - d_sub 600 : OOB 0.3320 : L 6 : T 0.6 sec
 - d_sub 600 : OOB 0.3218 : L 7 : T 0.6 sec
 - d_sub 600 : OOB 0.3176 : L 8 : T 0.7 sec
 - d_sub 600 : OOB 0.3107 : L 9 : T 0.8 sec
 - d_sub 600 : OOB 0.3091 : L 10 : T 0.9 sec
 - d_sub 600 : OOB 0.3072 : L 11 : T 1.0 sec
 - d_sub 600 : OOB 0.2998 : L 12 : T 1.1 sec
 - d_sub 600 : OOB 0.2992 : L 13 : T 1.2 sec
 - d_sub 600 : OOB 0.2987 : L 14 : T 1.3 sec
 - d_sub 600 : OOB 0.2943 : L 15 : T 1.4 sec
 - d_sub 600 : OOB 0.2930 : L 16 : T 1.5 sec
 - d_sub 600 : OOB 0.2954 : L 17 : T 1.6 sec
 - d_sub 600 : OOB 0.2918 : L 18 : T 1.7 sec
 - d_sub 600 : OOB 0.2913 : L 19 : T 1.8 sec
 - d_sub 600 : OOB 0.2919 : L 20 : T 1.9 sec
 - d_sub 600 : OOB 0.2903 : L 21 : T 2.0 sec
 - d_sub 600 : OOB 0.2880 : L 22 : T 2.1 sec
 - d_sub 600 : OOB 0.2871 : L 23 : T 2.1 sec
 - d_sub 600 : OOB 0.2876 : L 24 : T 2.2 sec
 - d_sub 600 : OOB 0.2852 : L 25 : T 2.3 sec
 - d_sub 600 : OOB 0.2843 : L 26 : T 2.4 sec
 - d_sub 600 : OOB 0.2857 : L 27 : T 2.5 sec
 - d_sub 600 : OOB 0.2864 : L 28 : T 2.6 sec
 - d_sub 600 : OOB 0.2851 : L 29 : T 2.7 sec
 - d_sub 600 : OOB 0.2841 : L 30 : T 2.8 sec
 - d_sub 600 : OOB 0.2848 : L 31 : T 2.9 sec
 - d_sub 600 : OOB 0.2839 : L 32 : T 3.0 sec
 - d_sub 600 : OOB 0.2830 : L 33 : T 3.0 sec
 - d_sub 600 : OOB 0.2833 : L 34 : T 3.1 sec
 - d_sub 600 : OOB 0.2827 : L 35 : T 3.2 sec
 - d_sub 600 : OOB 0.2810 : L 36 : T 3.3 sec
 - d_sub 600 : OOB 0.2821 : L 37 : T 3.4 sec
 - d_sub 600 : OOB 0.2811 : L 38 : T 3.5 sec
 - d_sub 600 : OOB 0.2830 : L 39 : T 3.6 sec
 - d_sub 600 : OOB 0.2790 : L 40 : T 3.7 sec
 - d_sub 600 : OOB 0.2806 : L 41 : T 3.8 sec
 - d_sub 600 : OOB 0.2797 : L 42 : T 3.9 sec
 - d_sub 600 : OOB 0.2810 : L 43 : T 4.0 sec
 - d_sub 600 : OOB 0.2807 : L 44 : T 4.0 sec
 - d_sub 600 : OOB 0.2799 : L 45 : T 4.1 sec
 - d_sub 600 : OOB 0.2815 : L 46 : T 4.2 sec
 - d_sub 600 : OOB 0.2782 : L 47 : T 4.3 sec
 - d_sub 600 : OOB 0.2786 : L 48 : T 4.4 sec
 - d_sub 600 : OOB 0.2798 : L 49 : T 4.5 sec
 - d_sub 600 : OOB 0.2791 : L 50 : T 4.6 sec
 - d_sub 600 : OOB 0.2790 : L 51 : T 4.7 sec
 - d_sub 600 : OOB 0.2778 : L 52 : T 4.8 sec
 - d_sub 600 : OOB 0.2786 : L 53 : T 4.9 sec
 - d_sub 600 : OOB 0.2795 : L 54 : T 5.0 sec
 - d_sub 600 : OOB 0.2795 : L 55 : T 5.1 sec
 - d_sub 600 : OOB 0.2785 : L 56 : T 5.1 sec
 - d_sub 600 : OOB 0.2795 : L 57 : T 5.2 sec
 - d_sub 600 : OOB 0.2785 : L 58 : T 5.3 sec
 - d_sub 600 : OOB 0.2781 : L 59 : T 5.4 sec
 - d_sub 600 : OOB 0.2777 : L 60 : T 5.5 sec
 - d_sub 600 : OOB 0.2784 : L 61 : T 5.6 sec
 - d_sub 600 : OOB 0.2793 : L 62 : T 5.7 sec
 - d_sub 600 : OOB 0.2799 : L 63 : T 5.8 sec
 - d_sub 600 : OOB 0.2810 : L 64 : T 5.9 sec
 - d_sub 600 : OOB 0.2785 : L 65 : T 6.0 sec
 - d_sub 600 : OOB 0.2782 : L 66 : T 6.1 sec
 - d_sub 600 : OOB 0.2769 : L 67 : T 6.2 sec
 - d_sub 600 : OOB 0.2778 : L 68 : T 6.3 sec
 - d_sub 600 : OOB 0.2759 : L 69 : T 6.4 sec
 - d_sub 600 : OOB 0.2765 : L 70 : T 6.4 sec
 - d_sub 600 : OOB 0.2772 : L 71 : T 6.5 sec
 - d_sub 600 : OOB 0.2780 : L 72 : T 6.6 sec
 - d_sub 600 : OOB 0.2777 : L 73 : T 6.7 sec
 - d_sub 600 : OOB 0.2766 : L 74 : T 6.8 sec
 - d_sub 600 : OOB 0.2781 : L 75 : T 6.9 sec
 - d_sub 600 : OOB 0.2754 : L 76 : T 7.0 sec
 - d_sub 600 : OOB 0.2778 : L 77 : T 7.1 sec
 - d_sub 600 : OOB 0.2765 : L 78 : T 7.2 sec
 - d_sub 600 : OOB 0.2789 : L 79 : T 7.3 sec
 - d_sub 600 : OOB 0.2771 : L 80 : T 7.4 sec
 - d_sub 600 : OOB 0.2777 : L 81 : T 7.5 sec
 - d_sub 600 : OOB 0.2779 : L 82 : T 7.6 sec
 - d_sub 600 : OOB 0.2790 : L 83 : T 7.7 sec
 - d_sub 600 : OOB 0.2772 : L 84 : T 7.8 sec
 - d_sub 600 : OOB 0.2772 : L 85 : T 7.8 sec

 - d_sub 800 : OOB 0.4299 : L 1 : T 0.1 sec
 - d_sub 800 : OOB 0.3858 : L 2 : T 0.3 sec
 - d_sub 800 : OOB 0.3609 : L 3 : T 0.4 sec
 - d_sub 800 : OOB 0.3406 : L 4 : T 0.5 sec
 - d_sub 800 : OOB 0.3235 : L 5 : T 0.6 sec
 - d_sub 800 : OOB 0.3202 : L 6 : T 0.7 sec
 - d_sub 800 : OOB 0.3082 : L 7 : T 0.9 sec
 - d_sub 800 : OOB 0.3039 : L 8 : T 1.0 sec
 - d_sub 800 : OOB 0.2999 : L 9 : T 1.1 sec
 - d_sub 800 : OOB 0.2931 : L 10 : T 1.3 sec
 - d_sub 800 : OOB 0.2891 : L 11 : T 1.4 sec
 - d_sub 800 : OOB 0.2874 : L 12 : T 1.5 sec
 - d_sub 800 : OOB 0.2881 : L 13 : T 1.6 sec
 - d_sub 800 : OOB 0.2888 : L 14 : T 1.8 sec
 - d_sub 800 : OOB 0.2852 : L 15 : T 1.9 sec
 - d_sub 800 : OOB 0.2868 : L 16 : T 2.0 sec
 - d_sub 800 : OOB 0.2836 : L 17 : T 2.2 sec
 - d_sub 800 : OOB 0.2815 : L 18 : T 2.3 sec
 - d_sub 800 : OOB 0.2823 : L 19 : T 2.4 sec
 - d_sub 800 : OOB 0.2781 : L 20 : T 2.5 sec
 - d_sub 800 : OOB 0.2814 : L 21 : T 2.7 sec
 - d_sub 800 : OOB 0.2806 : L 22 : T 2.8 sec
 - d_sub 800 : OOB 0.2786 : L 23 : T 2.9 sec
 - d_sub 800 : OOB 0.2785 : L 24 : T 3.0 sec
 - d_sub 800 : OOB 0.2776 : L 25 : T 3.2 sec
 - d_sub 800 : OOB 0.2745 : L 26 : T 3.3 sec
 - d_sub 800 : OOB 0.2737 : L 27 : T 3.4 sec
 - d_sub 800 : OOB 0.2747 : L 28 : T 3.5 sec
 - d_sub 800 : OOB 0.2741 : L 29 : T 3.7 sec
 - d_sub 800 : OOB 0.2748 : L 30 : T 3.8 sec
 - d_sub 800 : OOB 0.2751 : L 31 : T 3.9 sec
 - d_sub 800 : OOB 0.2741 : L 32 : T 4.0 sec
 - d_sub 800 : OOB 0.2723 : L 33 : T 4.2 sec
 - d_sub 800 : OOB 0.2727 : L 34 : T 4.3 sec
 - d_sub 800 : OOB 0.2731 : L 35 : T 4.4 sec
 - d_sub 800 : OOB 0.2726 : L 36 : T 4.5 sec
 - d_sub 800 : OOB 0.2738 : L 37 : T 4.7 sec
 - d_sub 800 : OOB 0.2728 : L 38 : T 4.8 sec
 - d_sub 800 : OOB 0.2760 : L 39 : T 5.0 sec
 - d_sub 800 : OOB 0.2726 : L 40 : T 5.1 sec
 - d_sub 800 : OOB 0.2720 : L 41 : T 5.2 sec
 - d_sub 800 : OOB 0.2719 : L 42 : T 5.4 sec
 - d_sub 800 : OOB 0.2727 : L 43 : T 5.5 sec
 - d_sub 800 : OOB 0.2711 : L 44 : T 5.6 sec
 - d_sub 800 : OOB 0.2723 : L 45 : T 5.8 sec
 - d_sub 800 : OOB 0.2723 : L 46 : T 5.9 sec
 - d_sub 800 : OOB 0.2705 : L 47 : T 6.0 sec
 - d_sub 800 : OOB 0.2692 : L 48 : T 6.1 sec
 - d_sub 800 : OOB 0.2694 : L 49 : T 6.3 sec
 - d_sub 800 : OOB 0.2688 : L 50 : T 6.4 sec
 - d_sub 800 : OOB 0.2698 : L 51 : T 6.5 sec
 - d_sub 800 : OOB 0.2693 : L 52 : T 6.7 sec
 - d_sub 800 : OOB 0.2684 : L 53 : T 6.8 sec
 - d_sub 800 : OOB 0.2674 : L 54 : T 7.0 sec
 - d_sub 800 : OOB 0.2690 : L 55 : T 7.1 sec
 - d_sub 800 : OOB 0.2665 : L 56 : T 7.2 sec
 - d_sub 800 : OOB 0.2672 : L 57 : T 7.4 sec
 - d_sub 800 : OOB 0.2654 : L 58 : T 7.5 sec
 - d_sub 800 : OOB 0.2669 : L 59 : T 7.6 sec
 - d_sub 800 : OOB 0.2664 : L 60 : T 7.8 sec
 - d_sub 800 : OOB 0.2660 : L 61 : T 7.9 sec
 - d_sub 800 : OOB 0.2670 : L 62 : T 8.0 sec
 - d_sub 800 : OOB 0.2675 : L 63 : T 8.1 sec
 - d_sub 800 : OOB 0.2665 : L 64 : T 8.3 sec
 - d_sub 800 : OOB 0.2682 : L 65 : T 8.4 sec
 - d_sub 800 : OOB 0.2667 : L 66 : T 8.5 sec
 - d_sub 800 : OOB 0.2678 : L 67 : T 8.7 sec
 - d_sub 800 : OOB 0.2663 : L 68 : T 8.8 sec
 - d_sub 800 : OOB 0.2667 : L 69 : T 9.0 sec
 - d_sub 800 : OOB 0.2665 : L 70 : T 9.1 sec
 - d_sub 800 : OOB 0.2688 : L 71 : T 9.2 sec
 - d_sub 800 : OOB 0.2681 : L 72 : T 9.3 sec
 - d_sub 800 : OOB 0.2676 : L 73 : T 9.5 sec
 - d_sub 800 : OOB 0.2689 : L 74 : T 9.6 sec
 - d_sub 800 : OOB 0.2669 : L 75 : T 9.7 sec
 - d_sub 800 : OOB 0.2685 : L 76 : T 9.9 sec
 - d_sub 800 : OOB 0.2675 : L 77 : T 10.0 sec
 - d_sub 800 : OOB 0.2678 : L 78 : T 10.1 sec
 - d_sub 800 : OOB 0.2668 : L 79 : T 10.3 sec
 - d_sub 800 : OOB 0.2679 : L 80 : T 10.4 sec
 - d_sub 800 : OOB 0.2675 : L 81 : T 10.5 sec
 - d_sub 800 : OOB 0.2680 : L 82 : T 10.6 sec
 - d_sub 800 : OOB 0.2698 : L 83 : T 10.8 sec
 - d_sub 800 : OOB 0.2683 : L 84 : T 10.9 sec
 - d_sub 800 : OOB 0.2679 : L 85 : T 11.1 sec
 - d_sub 800 : OOB 0.2662 : L 86 : T 11.2 sec
 - d_sub 800 : OOB 0.2676 : L 87 : T 11.3 sec
 - d_sub 800 : OOB 0.2678 : L 88 : T 11.5 sec
 - d_sub 800 : OOB 0.2679 : L 89 : T 11.6 sec
 - d_sub 800 : OOB 0.2673 : L 90 : T 11.7 sec
 - d_sub 800 : OOB 0.2669 : L 91 : T 11.9 sec
 - d_sub 800 : OOB 0.2673 : L 92 : T 12.0 sec
 - d_sub 800 : OOB 0.2664 : L 93 : T 12.1 sec

 - d_sub 1000 : OOB 0.4301 : L 1 : T 0.2 sec
 - d_sub 1000 : OOB 0.3845 : L 2 : T 0.4 sec
 - d_sub 1000 : OOB 0.3650 : L 3 : T 0.6 sec
 - d_sub 1000 : OOB 0.3453 : L 4 : T 0.7 sec
 - d_sub 1000 : OOB 0.3297 : L 5 : T 0.9 sec
 - d_sub 1000 : OOB 0.3232 : L 6 : T 1.1 sec
 - d_sub 1000 : OOB 0.3083 : L 7 : T 1.3 sec
 - d_sub 1000 : OOB 0.3020 : L 8 : T 1.5 sec
 - d_sub 1000 : OOB 0.3011 : L 9 : T 1.7 sec
 - d_sub 1000 : OOB 0.2954 : L 10 : T 1.8 sec
 - d_sub 1000 : OOB 0.2904 : L 11 : T 2.0 sec
 - d_sub 1000 : OOB 0.2880 : L 12 : T 2.2 sec
 - d_sub 1000 : OOB 0.2861 : L 13 : T 2.4 sec
 - d_sub 1000 : OOB 0.2853 : L 14 : T 2.6 sec
 - d_sub 1000 : OOB 0.2827 : L 15 : T 2.8 sec
 - d_sub 1000 : OOB 0.2811 : L 16 : T 3.0 sec
 - d_sub 1000 : OOB 0.2787 : L 17 : T 3.2 sec
 - d_sub 1000 : OOB 0.2778 : L 18 : T 3.4 sec
 - d_sub 1000 : OOB 0.2779 : L 19 : T 3.6 sec
 - d_sub 1000 : OOB 0.2766 : L 20 : T 3.8 sec
 - d_sub 1000 : OOB 0.2766 : L 21 : T 3.9 sec
 - d_sub 1000 : OOB 0.2750 : L 22 : T 4.1 sec
 - d_sub 1000 : OOB 0.2761 : L 23 : T 4.3 sec
 - d_sub 1000 : OOB 0.2749 : L 24 : T 4.5 sec
 - d_sub 1000 : OOB 0.2724 : L 25 : T 4.7 sec
 - d_sub 1000 : OOB 0.2732 : L 26 : T 4.9 sec
 - d_sub 1000 : OOB 0.2717 : L 27 : T 5.1 sec
 - d_sub 1000 : OOB 0.2718 : L 28 : T 5.3 sec
 - d_sub 1000 : OOB 0.2719 : L 29 : T 5.6 sec
 - d_sub 1000 : OOB 0.2723 : L 30 : T 5.8 sec
 - d_sub 1000 : OOB 0.2703 : L 31 : T 6.0 sec
 - d_sub 1000 : OOB 0.2686 : L 32 : T 6.2 sec
 - d_sub 1000 : OOB 0.2681 : L 33 : T 6.4 sec
 - d_sub 1000 : OOB 0.2678 : L 34 : T 6.6 sec
 - d_sub 1000 : OOB 0.2672 : L 35 : T 6.8 sec
 - d_sub 1000 : OOB 0.2686 : L 36 : T 7.1 sec
 - d_sub 1000 : OOB 0.2673 : L 37 : T 7.3 sec
 - d_sub 1000 : OOB 0.2674 : L 38 : T 7.5 sec
 - d_sub 1000 : OOB 0.2683 : L 39 : T 7.7 sec
 - d_sub 1000 : OOB 0.2663 : L 40 : T 7.9 sec
 - d_sub 1000 : OOB 0.2654 : L 41 : T 8.1 sec
 - d_sub 1000 : OOB 0.2637 : L 42 : T 8.4 sec
 - d_sub 1000 : OOB 0.2630 : L 43 : T 8.6 sec
 - d_sub 1000 : OOB 0.2666 : L 44 : T 8.8 sec
 - d_sub 1000 : OOB 0.2645 : L 45 : T 9.0 sec
 - d_sub 1000 : OOB 0.2635 : L 46 : T 9.3 sec
 - d_sub 1000 : OOB 0.2641 : L 47 : T 9.5 sec
 - d_sub 1000 : OOB 0.2643 : L 48 : T 9.7 sec
 - d_sub 1000 : OOB 0.2635 : L 49 : T 9.9 sec
 - d_sub 1000 : OOB 0.2627 : L 50 : T 10.1 sec
 - d_sub 1000 : OOB 0.2620 : L 51 : T 10.4 sec
 - d_sub 1000 : OOB 0.2622 : L 52 : T 10.6 sec
 - d_sub 1000 : OOB 0.2630 : L 53 : T 10.8 sec
 - d_sub 1000 : OOB 0.2598 : L 54 : T 11.0 sec
 - d_sub 1000 : OOB 0.2601 : L 55 : T 11.3 sec
 - d_sub 1000 : OOB 0.2605 : L 56 : T 11.5 sec
 - d_sub 1000 : OOB 0.2583 : L 57 : T 11.7 sec
 - d_sub 1000 : OOB 0.2599 : L 58 : T 11.9 sec
 - d_sub 1000 : OOB 0.2604 : L 59 : T 12.1 sec
 - d_sub 1000 : OOB 0.2599 : L 60 : T 12.3 sec
 - d_sub 1000 : OOB 0.2605 : L 61 : T 12.5 sec
 - d_sub 1000 : OOB 0.2599 : L 62 : T 12.7 sec
 - d_sub 1000 : OOB 0.2598 : L 63 : T 12.9 sec
 - d_sub 1000 : OOB 0.2610 : L 64 : T 13.1 sec
 - d_sub 1000 : OOB 0.2598 : L 65 : T 13.2 sec
 - d_sub 1000 : OOB 0.2599 : L 66 : T 13.4 sec
 - d_sub 1000 : OOB 0.2615 : L 67 : T 13.6 sec
 - d_sub 1000 : OOB 0.2602 : L 68 : T 13.8 sec
 - d_sub 1000 : OOB 0.2599 : L 69 : T 14.0 sec
 - d_sub 1000 : OOB 0.2617 : L 70 : T 14.2 sec
 - d_sub 1000 : OOB 0.2595 : L 71 : T 14.3 sec
 - d_sub 1000 : OOB 0.2618 : L 72 : T 14.5 sec
 - d_sub 1000 : OOB 0.2609 : L 73 : T 14.7 sec
 - d_sub 1000 : OOB 0.2610 : L 74 : T 14.9 sec
 - d_sub 1000 : OOB 0.2618 : L 75 : T 15.1 sec
 - d_sub 1000 : OOB 0.2594 : L 76 : T 15.3 sec
 - d_sub 1000 : OOB 0.2590 : L 77 : T 15.4 sec
 - d_sub 1000 : OOB 0.2596 : L 78 : T 15.6 sec
 - d_sub 1000 : OOB 0.2591 : L 79 : T 15.8 sec
 - d_sub 1000 : OOB 0.2596 : L 80 : T 16.0 sec
 - d_sub 1000 : OOB 0.2595 : L 81 : T 16.2 sec
 - d_sub 1000 : OOB 0.2612 : L 82 : T 16.4 sec
 - d_sub 1000 : OOB 0.2615 : L 83 : T 16.6 sec
 - d_sub 1000 : OOB 0.2613 : L 84 : T 16.8 sec
 - d_sub 1000 : OOB 0.2621 : L 85 : T 17.0 sec
 - d_sub 1000 : OOB 0.2608 : L 86 : T 17.2 sec
 - d_sub 1000 : OOB 0.2625 : L 87 : T 17.3 sec
 - d_sub 1000 : OOB 0.2613 : L 88 : T 17.5 sec
 - d_sub 1000 : OOB 0.2609 : L 89 : T 17.7 sec
 - d_sub 1000 : OOB 0.2612 : L 90 : T 17.9 sec
 - d_sub 1000 : OOB 0.2630 : L 91 : T 18.2 sec
 - d_sub 1000 : OOB 0.2629 : L 92 : T 18.4 sec
 - d_sub 1000 : OOB 0.2624 : L 93 : T 18.6 sec
 - d_sub 1000 : OOB 0.2629 : L 94 : T 18.8 sec

 - d_sub 1200 : OOB 0.4258 : L 1 : T 0.3 sec
 - d_sub 1200 : OOB 0.3791 : L 2 : T 0.5 sec
 - d_sub 1200 : OOB 0.3587 : L 3 : T 0.8 sec
 - d_sub 1200 : OOB 0.3381 : L 4 : T 1.1 sec
 - d_sub 1200 : OOB 0.3219 : L 5 : T 1.4 sec
 - d_sub 1200 : OOB 0.3189 : L 6 : T 1.7 sec
 - d_sub 1200 : OOB 0.3080 : L 7 : T 2.0 sec
 - d_sub 1200 : OOB 0.3001 : L 8 : T 2.3 sec
 - d_sub 1200 : OOB 0.2949 : L 9 : T 2.5 sec
 - d_sub 1200 : OOB 0.2907 : L 10 : T 2.8 sec
 - d_sub 1200 : OOB 0.2875 : L 11 : T 3.0 sec
 - d_sub 1200 : OOB 0.2823 : L 12 : T 3.3 sec
 - d_sub 1200 : OOB 0.2844 : L 13 : T 3.6 sec
 - d_sub 1200 : OOB 0.2821 : L 14 : T 3.9 sec
 - d_sub 1200 : OOB 0.2789 : L 15 : T 4.2 sec
 - d_sub 1200 : OOB 0.2757 : L 16 : T 4.5 sec
 - d_sub 1200 : OOB 0.2799 : L 17 : T 4.8 sec
 - d_sub 1200 : OOB 0.2761 : L 18 : T 5.1 sec
 - d_sub 1200 : OOB 0.2752 : L 19 : T 5.4 sec
 - d_sub 1200 : OOB 0.2737 : L 20 : T 5.6 sec
 - d_sub 1200 : OOB 0.2748 : L 21 : T 5.9 sec
 - d_sub 1200 : OOB 0.2744 : L 22 : T 6.2 sec
 - d_sub 1200 : OOB 0.2764 : L 23 : T 6.5 sec
 - d_sub 1200 : OOB 0.2751 : L 24 : T 6.7 sec
 - d_sub 1200 : OOB 0.2752 : L 25 : T 7.0 sec
 - d_sub 1200 : OOB 0.2727 : L 26 : T 7.2 sec
 - d_sub 1200 : OOB 0.2749 : L 27 : T 7.5 sec
 - d_sub 1200 : OOB 0.2733 : L 28 : T 7.7 sec
 - d_sub 1200 : OOB 0.2737 : L 29 : T 8.0 sec
 - d_sub 1200 : OOB 0.2709 : L 30 : T 8.2 sec
 - d_sub 1200 : OOB 0.2703 : L 31 : T 8.4 sec
 - d_sub 1200 : OOB 0.2674 : L 32 : T 8.7 sec
 - d_sub 1200 : OOB 0.2700 : L 33 : T 8.9 sec
 - d_sub 1200 : OOB 0.2695 : L 34 : T 9.1 sec
 - d_sub 1200 : OOB 0.2674 : L 35 : T 9.4 sec
 - d_sub 1200 : OOB 0.2673 : L 36 : T 9.6 sec
 - d_sub 1200 : OOB 0.2668 : L 37 : T 9.9 sec
 - d_sub 1200 : OOB 0.2641 : L 38 : T 10.1 sec
 - d_sub 1200 : OOB 0.2671 : L 39 : T 10.3 sec
 - d_sub 1200 : OOB 0.2633 : L 40 : T 10.6 sec
 - d_sub 1200 : OOB 0.2639 : L 41 : T 10.8 sec
 - d_sub 1200 : OOB 0.2646 : L 42 : T 11.1 sec
 - d_sub 1200 : OOB 0.2648 : L 43 : T 11.3 sec
 - d_sub 1200 : OOB 0.2645 : L 44 : T 11.5 sec
 - d_sub 1200 : OOB 0.2644 : L 45 : T 11.8 sec
 - d_sub 1200 : OOB 0.2615 : L 46 : T 12.0 sec
 - d_sub 1200 : OOB 0.2642 : L 47 : T 12.3 sec
 - d_sub 1200 : OOB 0.2623 : L 48 : T 12.5 sec
 - d_sub 1200 : OOB 0.2634 : L 49 : T 12.8 sec
 - d_sub 1200 : OOB 0.2632 : L 50 : T 13.2 sec
 - d_sub 1200 : OOB 0.2621 : L 51 : T 13.4 sec
 - d_sub 1200 : OOB 0.2630 : L 52 : T 13.7 sec
 - d_sub 1200 : OOB 0.2623 : L 53 : T 13.9 sec
 - d_sub 1200 : OOB 0.2633 : L 54 : T 14.2 sec
 - d_sub 1200 : OOB 0.2628 : L 55 : T 14.5 sec
 - d_sub 1200 : OOB 0.2624 : L 56 : T 14.7 sec
 - d_sub 1200 : OOB 0.2617 : L 57 : T 15.0 sec
 - d_sub 1200 : OOB 0.2600 : L 58 : T 15.3 sec
 - d_sub 1200 : OOB 0.2618 : L 59 : T 15.6 sec
 - d_sub 1200 : OOB 0.2622 : L 60 : T 15.8 sec
 - d_sub 1200 : OOB 0.2610 : L 61 : T 16.1 sec
 - d_sub 1200 : OOB 0.2577 : L 62 : T 16.4 sec
 - d_sub 1200 : OOB 0.2597 : L 63 : T 16.7 sec
 - d_sub 1200 : OOB 0.2578 : L 64 : T 16.9 sec
 - d_sub 1200 : OOB 0.2597 : L 65 : T 17.2 sec
 - d_sub 1200 : OOB 0.2586 : L 66 : T 17.5 sec
 - d_sub 1200 : OOB 0.2592 : L 67 : T 17.7 sec
 - d_sub 1200 : OOB 0.2581 : L 68 : T 18.0 sec
 - d_sub 1200 : OOB 0.2603 : L 69 : T 18.2 sec
 - d_sub 1200 : OOB 0.2590 : L 70 : T 18.5 sec
 - d_sub 1200 : OOB 0.2583 : L 71 : T 18.8 sec
 - d_sub 1200 : OOB 0.2610 : L 72 : T 19.1 sec
 - d_sub 1200 : OOB 0.2597 : L 73 : T 19.3 sec
 - d_sub 1200 : OOB 0.2611 : L 74 : T 19.6 sec
 - d_sub 1200 : OOB 0.2616 : L 75 : T 19.8 sec
 - d_sub 1200 : OOB 0.2608 : L 76 : T 20.1 sec
 - d_sub 1200 : OOB 0.2598 : L 77 : T 20.3 sec
 - d_sub 1200 : OOB 0.2617 : L 78 : T 20.6 sec
 - d_sub 1200 : OOB 0.2607 : L 79 : T 20.8 sec
 - d_sub 1200 : OOB 0.2621 : L 80 : T 21.0 sec
 - d_sub 1200 : OOB 0.2601 : L 81 : T 21.3 sec
 - d_sub 1200 : OOB 0.2603 : L 82 : T 21.5 sec
 - d_sub 1200 : OOB 0.2600 : L 83 : T 21.7 sec
 - d_sub 1200 : OOB 0.2608 : L 84 : T 22.0 sec
 - d_sub 1200 : OOB 0.2613 : L 85 : T 22.2 sec
 - d_sub 1200 : OOB 0.2612 : L 86 : T 22.4 sec
 - d_sub 1200 : OOB 0.2608 : L 87 : T 22.6 sec
 - d_sub 1200 : OOB 0.2598 : L 88 : T 22.9 sec
 - d_sub 1200 : OOB 0.2600 : L 89 : T 23.1 sec
 - d_sub 1200 : OOB 0.2602 : L 90 : T 23.3 sec
 - d_sub 1200 : OOB 0.2588 : L 91 : T 23.5 sec
 - d_sub 1200 : OOB 0.2598 : L 92 : T 23.8 sec
 - d_sub 1200 : OOB 0.2602 : L 93 : T 24.0 sec

 - d_sub 1400 : OOB 0.4323 : L 1 : T 0.3 sec
 - d_sub 1400 : OOB 0.3906 : L 2 : T 0.6 sec
 - d_sub 1400 : OOB 0.3654 : L 3 : T 0.9 sec
 - d_sub 1400 : OOB 0.3467 : L 4 : T 1.2 sec
 - d_sub 1400 : OOB 0.3283 : L 5 : T 1.5 sec
 - d_sub 1400 : OOB 0.3265 : L 6 : T 1.9 sec
 - d_sub 1400 : OOB 0.3140 : L 7 : T 2.2 sec
 - d_sub 1400 : OOB 0.3056 : L 8 : T 2.5 sec
 - d_sub 1400 : OOB 0.3039 : L 9 : T 2.8 sec
 - d_sub 1400 : OOB 0.2978 : L 10 : T 3.2 sec
 - d_sub 1400 : OOB 0.2940 : L 11 : T 3.4 sec
 - d_sub 1400 : OOB 0.2904 : L 12 : T 3.8 sec
 - d_sub 1400 : OOB 0.2855 : L 13 : T 4.1 sec
 - d_sub 1400 : OOB 0.2812 : L 14 : T 4.4 sec
 - d_sub 1400 : OOB 0.2798 : L 15 : T 4.8 sec
 - d_sub 1400 : OOB 0.2808 : L 16 : T 5.1 sec
 - d_sub 1400 : OOB 0.2781 : L 17 : T 5.5 sec
 - d_sub 1400 : OOB 0.2781 : L 18 : T 5.8 sec
 - d_sub 1400 : OOB 0.2771 : L 19 : T 6.2 sec
 - d_sub 1400 : OOB 0.2763 : L 20 : T 6.5 sec
 - d_sub 1400 : OOB 0.2736 : L 21 : T 6.8 sec
 - d_sub 1400 : OOB 0.2761 : L 22 : T 7.1 sec
 - d_sub 1400 : OOB 0.2731 : L 23 : T 7.5 sec
 - d_sub 1400 : OOB 0.2701 : L 24 : T 7.9 sec
 - d_sub 1400 : OOB 0.2687 : L 25 : T 8.2 sec
 - d_sub 1400 : OOB 0.2707 : L 26 : T 8.5 sec
 - d_sub 1400 : OOB 0.2703 : L 27 : T 8.9 sec
 - d_sub 1400 : OOB 0.2706 : L 28 : T 9.2 sec
 - d_sub 1400 : OOB 0.2708 : L 29 : T 9.6 sec
 - d_sub 1400 : OOB 0.2718 : L 30 : T 9.9 sec
 - d_sub 1400 : OOB 0.2729 : L 31 : T 10.3 sec
 - d_sub 1400 : OOB 0.2719 : L 32 : T 10.6 sec
 - d_sub 1400 : OOB 0.2668 : L 33 : T 10.9 sec
 - d_sub 1400 : OOB 0.2700 : L 34 : T 11.2 sec
 - d_sub 1400 : OOB 0.2677 : L 35 : T 11.5 sec
 - d_sub 1400 : OOB 0.2667 : L 36 : T 11.8 sec
 - d_sub 1400 : OOB 0.2673 : L 37 : T 12.1 sec
 - d_sub 1400 : OOB 0.2647 : L 38 : T 12.4 sec
 - d_sub 1400 : OOB 0.2651 : L 39 : T 12.7 sec
 - d_sub 1400 : OOB 0.2636 : L 40 : T 13.0 sec
 - d_sub 1400 : OOB 0.2624 : L 41 : T 13.3 sec
 - d_sub 1400 : OOB 0.2625 : L 42 : T 13.6 sec
 - d_sub 1400 : OOB 0.2613 : L 43 : T 13.9 sec
 - d_sub 1400 : OOB 0.2600 : L 44 : T 14.2 sec
 - d_sub 1400 : OOB 0.2634 : L 45 : T 14.6 sec
 - d_sub 1400 : OOB 0.2620 : L 46 : T 14.9 sec
 - d_sub 1400 : OOB 0.2618 : L 47 : T 15.2 sec
 - d_sub 1400 : OOB 0.2630 : L 48 : T 15.5 sec
 - d_sub 1400 : OOB 0.2627 : L 49 : T 15.8 sec
 - d_sub 1400 : OOB 0.2633 : L 50 : T 16.2 sec
 - d_sub 1400 : OOB 0.2640 : L 51 : T 16.5 sec
 - d_sub 1400 : OOB 0.2621 : L 52 : T 16.8 sec
 - d_sub 1400 : OOB 0.2626 : L 53 : T 17.3 sec
 - d_sub 1400 : OOB 0.2620 : L 54 : T 17.6 sec
 - d_sub 1400 : OOB 0.2624 : L 55 : T 17.9 sec
 - d_sub 1400 : OOB 0.2623 : L 56 : T 18.3 sec
 - d_sub 1400 : OOB 0.2627 : L 57 : T 18.6 sec
 - d_sub 1400 : OOB 0.2621 : L 58 : T 18.9 sec
 - d_sub 1400 : OOB 0.2618 : L 59 : T 19.2 sec
 - d_sub 1400 : OOB 0.2600 : L 60 : T 19.6 sec
 - d_sub 1400 : OOB 0.2604 : L 61 : T 19.9 sec
 - d_sub 1400 : OOB 0.2628 : L 62 : T 20.3 sec
 - d_sub 1400 : OOB 0.2613 : L 63 : T 20.6 sec
 - d_sub 1400 : OOB 0.2596 : L 64 : T 21.0 sec
 - d_sub 1400 : OOB 0.2601 : L 65 : T 21.3 sec
 - d_sub 1400 : OOB 0.2609 : L 66 : T 21.7 sec
 - d_sub 1400 : OOB 0.2605 : L 67 : T 22.1 sec
 - d_sub 1400 : OOB 0.2602 : L 68 : T 22.5 sec
 - d_sub 1400 : OOB 0.2613 : L 69 : T 22.9 sec
 - d_sub 1400 : OOB 0.2604 : L 70 : T 23.3 sec
 - d_sub 1400 : OOB 0.2607 : L 71 : T 23.6 sec
 - d_sub 1400 : OOB 0.2614 : L 72 : T 23.9 sec
 - d_sub 1400 : OOB 0.2606 : L 73 : T 24.2 sec
 - d_sub 1400 : OOB 0.2600 : L 74 : T 24.5 sec
 - d_sub 1400 : OOB 0.2598 : L 75 : T 24.8 sec
 - d_sub 1400 : OOB 0.2600 : L 76 : T 25.2 sec
 - d_sub 1400 : OOB 0.2588 : L 77 : T 25.5 sec
 - d_sub 1400 : OOB 0.2578 : L 78 : T 25.8 sec
 - d_sub 1400 : OOB 0.2572 : L 79 : T 26.1 sec
 - d_sub 1400 : OOB 0.2587 : L 80 : T 26.4 sec
 - d_sub 1400 : OOB 0.2593 : L 81 : T 26.7 sec
 - d_sub 1400 : OOB 0.2573 : L 82 : T 27.0 sec
 - d_sub 1400 : OOB 0.2569 : L 83 : T 27.3 sec
 - d_sub 1400 : OOB 0.2576 : L 84 : T 27.6 sec
 - d_sub 1400 : OOB 0.2556 : L 85 : T 27.9 sec
 - d_sub 1400 : OOB 0.2569 : L 86 : T 28.2 sec
 - d_sub 1400 : OOB 0.2566 : L 87 : T 28.5 sec
 - d_sub 1400 : OOB 0.2554 : L 88 : T 28.8 sec
 - d_sub 1400 : OOB 0.2566 : L 89 : T 29.1 sec
 - d_sub 1400 : OOB 0.2561 : L 90 : T 29.4 sec
 - d_sub 1400 : OOB 0.2560 : L 91 : T 29.7 sec
 - d_sub 1400 : OOB 0.2543 : L 92 : T 30.0 sec
 - d_sub 1400 : OOB 0.2557 : L 93 : T 30.4 sec
 - d_sub 1400 : OOB 0.2550 : L 94 : T 30.7 sec
 - d_sub 1400 : OOB 0.2549 : L 95 : T 31.1 sec
 - d_sub 1400 : OOB 0.2561 : L 96 : T 31.5 sec
 - d_sub 1400 : OOB 0.2548 : L 97 : T 31.8 sec
 - d_sub 1400 : OOB 0.2558 : L 98 : T 32.2 sec
 - d_sub 1400 : OOB 0.2557 : L 99 : T 32.5 sec
 - d_sub 1400 : OOB 0.2535 : L 100 : T 32.9 sec
 - d_sub 1400 : OOB 0.2540 : L 101 : T 33.2 sec
 - d_sub 1400 : OOB 0.2551 : L 102 : T 33.6 sec
 - d_sub 1400 : OOB 0.2540 : L 103 : T 34.0 sec
 - d_sub 1400 : OOB 0.2536 : L 104 : T 34.3 sec
 - d_sub 1400 : OOB 0.2546 : L 105 : T 34.7 sec
 - d_sub 1400 : OOB 0.2544 : L 106 : T 35.0 sec
 - d_sub 1400 : OOB 0.2535 : L 107 : T 35.4 sec
 - d_sub 1400 : OOB 0.2540 : L 108 : T 35.7 sec
 - d_sub 1400 : OOB 0.2540 : L 109 : T 36.1 sec
 - d_sub 1400 : OOB 0.2528 : L 110 : T 36.4 sec
 - d_sub 1400 : OOB 0.2543 : L 111 : T 36.8 sec
 - d_sub 1400 : OOB 0.2538 : L 112 : T 37.1 sec
 - d_sub 1400 : OOB 0.2543 : L 113 : T 37.4 sec
 - d_sub 1400 : OOB 0.2543 : L 114 : T 37.7 sec
 - d_sub 1400 : OOB 0.2523 : L 115 : T 38.0 sec
 - d_sub 1400 : OOB 0.2548 : L 116 : T 38.3 sec
 - d_sub 1400 : OOB 0.2537 : L 117 : T 38.6 sec
 - d_sub 1400 : OOB 0.2551 : L 118 : T 38.9 sec
 - d_sub 1400 : OOB 0.2549 : L 119 : T 39.2 sec
 - d_sub 1400 : OOB 0.2534 : L 120 : T 39.5 sec
 - d_sub 1400 : OOB 0.2513 : L 121 : T 39.8 sec
 - d_sub 1400 : OOB 0.2528 : L 122 : T 40.1 sec
 - d_sub 1400 : OOB 0.2524 : L 123 : T 40.4 sec
 - d_sub 1400 : OOB 0.2526 : L 124 : T 40.7 sec
 - d_sub 1400 : OOB 0.2537 : L 125 : T 41.0 sec
 - d_sub 1400 : OOB 0.2532 : L 126 : T 41.2 sec
 - d_sub 1400 : OOB 0.2534 : L 127 : T 41.5 sec
 - d_sub 1400 : OOB 0.2538 : L 128 : T 41.8 sec
 - d_sub 1400 : OOB 0.2542 : L 129 : T 42.1 sec
 - d_sub 1400 : OOB 0.2545 : L 130 : T 42.4 sec

 - d_sub 1600 : OOB 0.4304 : L 1 : T 0.4 sec
 - d_sub 1600 : OOB 0.3833 : L 2 : T 0.9 sec
 - d_sub 1600 : OOB 0.3622 : L 3 : T 1.3 sec
 - d_sub 1600 : OOB 0.3413 : L 4 : T 1.7 sec
 - d_sub 1600 : OOB 0.3243 : L 5 : T 2.1 sec
 - d_sub 1600 : OOB 0.3198 : L 6 : T 2.6 sec
 - d_sub 1600 : OOB 0.3086 : L 7 : T 3.0 sec
 - d_sub 1600 : OOB 0.3037 : L 8 : T 3.4 sec
 - d_sub 1600 : OOB 0.2989 : L 9 : T 3.8 sec
 - d_sub 1600 : OOB 0.2957 : L 10 : T 4.2 sec
 - d_sub 1600 : OOB 0.2920 : L 11 : T 4.6 sec
 - d_sub 1600 : OOB 0.2891 : L 12 : T 5.0 sec
 - d_sub 1600 : OOB 0.2816 : L 13 : T 5.5 sec
 - d_sub 1600 : OOB 0.2792 : L 14 : T 5.9 sec
 - d_sub 1600 : OOB 0.2798 : L 15 : T 6.3 sec
 - d_sub 1600 : OOB 0.2783 : L 16 : T 6.7 sec
 - d_sub 1600 : OOB 0.2743 : L 17 : T 7.1 sec
 - d_sub 1600 : OOB 0.2739 : L 18 : T 7.4 sec
 - d_sub 1600 : OOB 0.2708 : L 19 : T 7.8 sec
 - d_sub 1600 : OOB 0.2710 : L 20 : T 8.2 sec
 - d_sub 1600 : OOB 0.2707 : L 21 : T 8.6 sec
 - d_sub 1600 : OOB 0.2722 : L 22 : T 9.0 sec
 - d_sub 1600 : OOB 0.2693 : L 23 : T 9.4 sec
 - d_sub 1600 : OOB 0.2708 : L 24 : T 9.8 sec
 - d_sub 1600 : OOB 0.2707 : L 25 : T 10.2 sec
 - d_sub 1600 : OOB 0.2697 : L 26 : T 10.6 sec
 - d_sub 1600 : OOB 0.2713 : L 27 : T 11.0 sec
 - d_sub 1600 : OOB 0.2686 : L 28 : T 11.3 sec
 - d_sub 1600 : OOB 0.2664 : L 29 : T 11.7 sec
 - d_sub 1600 : OOB 0.2655 : L 30 : T 12.1 sec
 - d_sub 1600 : OOB 0.2640 : L 31 : T 12.5 sec
 - d_sub 1600 : OOB 0.2666 : L 32 : T 12.9 sec
 - d_sub 1600 : OOB 0.2625 : L 33 : T 13.3 sec
 - d_sub 1600 : OOB 0.2645 : L 34 : T 13.7 sec
 - d_sub 1600 : OOB 0.2630 : L 35 : T 14.1 sec
 - d_sub 1600 : OOB 0.2614 : L 36 : T 14.4 sec
 - d_sub 1600 : OOB 0.2627 : L 37 : T 14.8 sec
 - d_sub 1600 : OOB 0.2601 : L 38 : T 15.3 sec
 - d_sub 1600 : OOB 0.2602 : L 39 : T 15.7 sec
 - d_sub 1600 : OOB 0.2575 : L 40 : T 16.1 sec
 - d_sub 1600 : OOB 0.2603 : L 41 : T 16.5 sec
 - d_sub 1600 : OOB 0.2602 : L 42 : T 16.9 sec
 - d_sub 1600 : OOB 0.2600 : L 43 : T 17.3 sec
 - d_sub 1600 : OOB 0.2609 : L 44 : T 17.6 sec
 - d_sub 1600 : OOB 0.2610 : L 45 : T 18.0 sec
 - d_sub 1600 : OOB 0.2602 : L 46 : T 18.4 sec
 - d_sub 1600 : OOB 0.2609 : L 47 : T 18.8 sec
 - d_sub 1600 : OOB 0.2604 : L 48 : T 19.2 sec
 - d_sub 1600 : OOB 0.2591 : L 49 : T 19.6 sec
 - d_sub 1600 : OOB 0.2598 : L 50 : T 19.9 sec
 - d_sub 1600 : OOB 0.2596 : L 51 : T 20.3 sec
 - d_sub 1600 : OOB 0.2587 : L 52 : T 20.7 sec
 - d_sub 1600 : OOB 0.2581 : L 53 : T 21.1 sec
 - d_sub 1600 : OOB 0.2578 : L 54 : T 21.5 sec
 - d_sub 1600 : OOB 0.2566 : L 55 : T 21.8 sec
 - d_sub 1600 : OOB 0.2581 : L 56 : T 22.2 sec
 - d_sub 1600 : OOB 0.2596 : L 57 : T 22.5 sec
 - d_sub 1600 : OOB 0.2597 : L 58 : T 22.9 sec
 - d_sub 1600 : OOB 0.2591 : L 59 : T 23.2 sec
 - d_sub 1600 : OOB 0.2570 : L 60 : T 23.6 sec
 - d_sub 1600 : OOB 0.2564 : L 61 : T 23.9 sec
 - d_sub 1600 : OOB 0.2578 : L 62 : T 24.3 sec
 - d_sub 1600 : OOB 0.2583 : L 63 : T 24.6 sec
 - d_sub 1600 : OOB 0.2550 : L 64 : T 25.0 sec
 - d_sub 1600 : OOB 0.2568 : L 65 : T 25.3 sec
 - d_sub 1600 : OOB 0.2594 : L 66 : T 25.7 sec
 - d_sub 1600 : OOB 0.2561 : L 67 : T 26.1 sec
 - d_sub 1600 : OOB 0.2558 : L 68 : T 26.4 sec
 - d_sub 1600 : OOB 0.2571 : L 69 : T 26.8 sec
 - d_sub 1600 : OOB 0.2558 : L 70 : T 27.1 sec
 - d_sub 1600 : OOB 0.2560 : L 71 : T 27.5 sec
 - d_sub 1600 : OOB 0.2562 : L 72 : T 27.9 sec
 - d_sub 1600 : OOB 0.2561 : L 73 : T 28.3 sec
 - d_sub 1600 : OOB 0.2571 : L 74 : T 28.7 sec
 - d_sub 1600 : OOB 0.2563 : L 75 : T 29.2 sec
 - d_sub 1600 : OOB 0.2564 : L 76 : T 29.6 sec
 - d_sub 1600 : OOB 0.2558 : L 77 : T 30.0 sec
 - d_sub 1600 : OOB 0.2572 : L 78 : T 30.4 sec
 - d_sub 1600 : OOB 0.2556 : L 79 : T 30.8 sec
 - d_sub 1600 : OOB 0.2572 : L 80 : T 31.3 sec
 - d_sub 1600 : OOB 0.2563 : L 81 : T 31.7 sec
 - d_sub 1600 : OOB 0.2568 : L 82 : T 32.1 sec
 - d_sub 1600 : OOB 0.2553 : L 83 : T 32.6 sec
 - d_sub 1600 : OOB 0.2550 : L 84 : T 33.0 sec
 - d_sub 1600 : OOB 0.2568 : L 85 : T 33.4 sec

 - d_sub 1800 : OOB 0.4343 : L 1 : T 0.6 sec
 - d_sub 1800 : OOB 0.3919 : L 2 : T 1.1 sec
 - d_sub 1800 : OOB 0.3668 : L 3 : T 1.5 sec
 - d_sub 1800 : OOB 0.3505 : L 4 : T 2.0 sec
 - d_sub 1800 : OOB 0.3351 : L 5 : T 2.4 sec
 - d_sub 1800 : OOB 0.3274 : L 6 : T 2.8 sec
 - d_sub 1800 : OOB 0.3149 : L 7 : T 3.2 sec
 - d_sub 1800 : OOB 0.3074 : L 8 : T 3.6 sec
 - d_sub 1800 : OOB 0.3035 : L 9 : T 4.0 sec
 - d_sub 1800 : OOB 0.3003 : L 10 : T 4.4 sec
 - d_sub 1800 : OOB 0.2940 : L 11 : T 4.8 sec
 - d_sub 1800 : OOB 0.2917 : L 12 : T 5.2 sec
 - d_sub 1800 : OOB 0.2890 : L 13 : T 5.7 sec
 - d_sub 1800 : OOB 0.2864 : L 14 : T 6.1 sec
 - d_sub 1800 : OOB 0.2868 : L 15 : T 6.5 sec
 - d_sub 1800 : OOB 0.2838 : L 16 : T 6.9 sec
 - d_sub 1800 : OOB 0.2823 : L 17 : T 7.3 sec
 - d_sub 1800 : OOB 0.2800 : L 18 : T 7.7 sec
 - d_sub 1800 : OOB 0.2798 : L 19 : T 8.1 sec
 - d_sub 1800 : OOB 0.2806 : L 20 : T 8.6 sec
 - d_sub 1800 : OOB 0.2796 : L 21 : T 9.1 sec
 - d_sub 1800 : OOB 0.2787 : L 22 : T 9.6 sec
 - d_sub 1800 : OOB 0.2777 : L 23 : T 10.0 sec
 - d_sub 1800 : OOB 0.2766 : L 24 : T 10.5 sec
 - d_sub 1800 : OOB 0.2762 : L 25 : T 11.0 sec
 - d_sub 1800 : OOB 0.2720 : L 26 : T 11.5 sec
 - d_sub 1800 : OOB 0.2730 : L 27 : T 12.0 sec
 - d_sub 1800 : OOB 0.2720 : L 28 : T 12.5 sec
 - d_sub 1800 : OOB 0.2707 : L 29 : T 12.9 sec
 - d_sub 1800 : OOB 0.2691 : L 30 : T 13.4 sec
 - d_sub 1800 : OOB 0.2677 : L 31 : T 13.9 sec
 - d_sub 1800 : OOB 0.2677 : L 32 : T 14.3 sec
 - d_sub 1800 : OOB 0.2688 : L 33 : T 14.7 sec
 - d_sub 1800 : OOB 0.2649 : L 34 : T 15.2 sec
 - d_sub 1800 : OOB 0.2649 : L 35 : T 15.6 sec
 - d_sub 1800 : OOB 0.2656 : L 36 : T 16.0 sec
 - d_sub 1800 : OOB 0.2640 : L 37 : T 16.4 sec
 - d_sub 1800 : OOB 0.2626 : L 38 : T 16.8 sec
 - d_sub 1800 : OOB 0.2647 : L 39 : T 17.2 sec
 - d_sub 1800 : OOB 0.2637 : L 40 : T 17.6 sec
 - d_sub 1800 : OOB 0.2635 : L 41 : T 18.0 sec
 - d_sub 1800 : OOB 0.2643 : L 42 : T 18.4 sec
 - d_sub 1800 : OOB 0.2640 : L 43 : T 18.8 sec
 - d_sub 1800 : OOB 0.2645 : L 44 : T 19.2 sec
 - d_sub 1800 : OOB 0.2614 : L 45 : T 19.6 sec
 - d_sub 1800 : OOB 0.2616 : L 46 : T 20.0 sec
 - d_sub 1800 : OOB 0.2592 : L 47 : T 20.4 sec
 - d_sub 1800 : OOB 0.2607 : L 48 : T 20.8 sec
 - d_sub 1800 : OOB 0.2593 : L 49 : T 21.2 sec
 - d_sub 1800 : OOB 0.2604 : L 50 : T 21.7 sec
 - d_sub 1800 : OOB 0.2627 : L 51 : T 22.4 sec
 - d_sub 1800 : OOB 0.2592 : L 52 : T 22.8 sec
 - d_sub 1800 : OOB 0.2599 : L 53 : T 23.3 sec
 - d_sub 1800 : OOB 0.2593 : L 54 : T 23.7 sec
 - d_sub 1800 : OOB 0.2605 : L 55 : T 24.2 sec
 - d_sub 1800 : OOB 0.2610 : L 56 : T 24.7 sec
 - d_sub 1800 : OOB 0.2617 : L 57 : T 25.2 sec
 - d_sub 1800 : OOB 0.2591 : L 58 : T 25.6 sec
 - d_sub 1800 : OOB 0.2593 : L 59 : T 26.1 sec
 - d_sub 1800 : OOB 0.2604 : L 60 : T 26.6 sec
 - d_sub 1800 : OOB 0.2602 : L 61 : T 27.0 sec
 - d_sub 1800 : OOB 0.2590 : L 62 : T 27.5 sec
 - d_sub 1800 : OOB 0.2580 : L 63 : T 28.0 sec
 - d_sub 1800 : OOB 0.2591 : L 64 : T 28.5 sec
 - d_sub 1800 : OOB 0.2589 : L 65 : T 29.0 sec
 - d_sub 1800 : OOB 0.2594 : L 66 : T 29.5 sec
 - d_sub 1800 : OOB 0.2595 : L 67 : T 29.9 sec
 - d_sub 1800 : OOB 0.2585 : L 68 : T 30.4 sec
 - d_sub 1800 : OOB 0.2585 : L 69 : T 30.8 sec
 - d_sub 1800 : OOB 0.2572 : L 70 : T 31.2 sec
 - d_sub 1800 : OOB 0.2593 : L 71 : T 31.6 sec
 - d_sub 1800 : OOB 0.2570 : L 72 : T 32.0 sec
 - d_sub 1800 : OOB 0.2604 : L 73 : T 32.4 sec
 - d_sub 1800 : OOB 0.2585 : L 74 : T 32.8 sec
 - d_sub 1800 : OOB 0.2579 : L 75 : T 33.2 sec
 - d_sub 1800 : OOB 0.2578 : L 76 : T 33.6 sec
 - d_sub 1800 : OOB 0.2584 : L 77 : T 34.0 sec
 - d_sub 1800 : OOB 0.2597 : L 78 : T 34.4 sec
 - d_sub 1800 : OOB 0.2583 : L 79 : T 34.7 sec
 - d_sub 1800 : OOB 0.2572 : L 80 : T 35.2 sec
 - d_sub 1800 : OOB 0.2577 : L 81 : T 35.6 sec
 - d_sub 1800 : OOB 0.2569 : L 82 : T 36.2 sec
 - d_sub 1800 : OOB 0.2558 : L 83 : T 36.6 sec
 - d_sub 1800 : OOB 0.2557 : L 84 : T 37.1 sec
 - d_sub 1800 : OOB 0.2575 : L 85 : T 37.5 sec
 - d_sub 1800 : OOB 0.2575 : L 86 : T 37.9 sec
 - d_sub 1800 : OOB 0.2573 : L 87 : T 38.4 sec
 - d_sub 1800 : OOB 0.2549 : L 88 : T 38.8 sec
 - d_sub 1800 : OOB 0.2561 : L 89 : T 39.3 sec
 - d_sub 1800 : OOB 0.2568 : L 90 : T 39.7 sec
 - d_sub 1800 : OOB 0.2574 : L 91 : T 40.2 sec
 - d_sub 1800 : OOB 0.2569 : L 92 : T 40.7 sec
 - d_sub 1800 : OOB 0.2574 : L 93 : T 41.1 sec
 - d_sub 1800 : OOB 0.2562 : L 94 : T 41.6 sec
# -------------------------
optimal d_sub 1400 : OOB 0.2545 : L 130 : T 189.6 sec
Testing error: 0.2442
# -------------------------
# Ensemble classification
#  - Training samples: 10000 (5000/5000)
#  - Feature-space dimensionality: 18157
#  - L : automatic (min 25, max 500, length 50, eps 0.00500)
#  - d_sub : 300
#  - Seed 1 (subspaces) : 329396092
#  - Seed 2 (bootstrap) : 293157744
# -------------------------

 - d_sub 300 : OOB 0.4387 : L 1 : T 0.0 sec
 - d_sub 300 : OOB 0.4010 : L 2 : T 0.1 sec
 - d_sub 300 : OOB 0.3797 : L 3 : T 0.1 sec
 - d_sub 300 : OOB 0.3662 : L 4 : T 0.2 sec
 - d_sub 300 : OOB 0.3526 : L 5 : T 0.2 sec
 - d_sub 300 : OOB 0.3492 : L 6 : T 0.3 sec
 - d_sub 300 : OOB 0.3387 : L 7 : T 0.3 sec
 - d_sub 300 : OOB 0.3348 : L 8 : T 0.4 sec
 - d_sub 300 : OOB 0.3321 : L 9 : T 0.4 sec
 - d_sub 300 : OOB 0.3293 : L 10 : T 0.5 sec
 - d_sub 300 : OOB 0.3244 : L 11 : T 0.5 sec
 - d_sub 300 : OOB 0.3203 : L 12 : T 0.6 sec
 - d_sub 300 : OOB 0.3212 : L 13 : T 0.6 sec
 - d_sub 300 : OOB 0.3219 : L 14 : T 0.7 sec
 - d_sub 300 : OOB 0.3193 : L 15 : T 0.7 sec
 - d_sub 300 : OOB 0.3202 : L 16 : T 0.8 sec
 - d_sub 300 : OOB 0.3160 : L 17 : T 0.8 sec
 - d_sub 300 : OOB 0.3142 : L 18 : T 0.9 sec
 - d_sub 300 : OOB 0.3152 : L 19 : T 0.9 sec
 - d_sub 300 : OOB 0.3132 : L 20 : T 1.0 sec
 - d_sub 300 : OOB 0.3141 : L 21 : T 1.0 sec
 - d_sub 300 : OOB 0.3122 : L 22 : T 1.0 sec
 - d_sub 300 : OOB 0.3092 : L 23 : T 1.1 sec
 - d_sub 300 : OOB 0.3093 : L 24 : T 1.1 sec
 - d_sub 300 : OOB 0.3106 : L 25 : T 1.2 sec
 - d_sub 300 : OOB 0.3119 : L 26 : T 1.2 sec
 - d_sub 300 : OOB 0.3097 : L 27 : T 1.3 sec
 - d_sub 300 : OOB 0.3081 : L 28 : T 1.3 sec
 - d_sub 300 : OOB 0.3074 : L 29 : T 1.4 sec
 - d_sub 300 : OOB 0.3084 : L 30 : T 1.4 sec
 - d_sub 300 : OOB 0.3087 : L 31 : T 1.5 sec
 - d_sub 300 : OOB 0.3087 : L 32 : T 1.5 sec
 - d_sub 300 : OOB 0.3065 : L 33 : T 1.6 sec
 - d_sub 300 : OOB 0.3077 : L 34 : T 1.6 sec
 - d_sub 300 : OOB 0.3077 : L 35 : T 1.7 sec
 - d_sub 300 : OOB 0.3057 : L 36 : T 1.7 sec
 - d_sub 300 : OOB 0.3079 : L 37 : T 1.8 sec
 - d_sub 300 : OOB 0.3063 : L 38 : T 1.8 sec
 - d_sub 300 : OOB 0.3076 : L 39 : T 1.8 sec
 - d_sub 300 : OOB 0.3062 : L 40 : T 1.9 sec
 - d_sub 300 : OOB 0.3054 : L 41 : T 1.9 sec
 - d_sub 300 : OOB 0.3055 : L 42 : T 2.0 sec
 - d_sub 300 : OOB 0.3086 : L 43 : T 2.0 sec
 - d_sub 300 : OOB 0.3061 : L 44 : T 2.1 sec
 - d_sub 300 : OOB 0.3056 : L 45 : T 2.1 sec
 - d_sub 300 : OOB 0.3072 : L 46 : T 2.2 sec
 - d_sub 300 : OOB 0.3062 : L 47 : T 2.2 sec
 - d_sub 300 : OOB 0.3065 : L 48 : T 2.3 sec
 - d_sub 300 : OOB 0.3064 : L 49 : T 2.3 sec
 - d_sub 300 : OOB 0.3053 : L 50 : T 2.4 sec
 - d_sub 300 : OOB 0.3063 : L 51 : T 2.4 sec
 - d_sub 300 : OOB 0.3045 : L 52 : T 2.5 sec
 - d_sub 300 : OOB 0.3060 : L 53 : T 2.5 sec
 - d_sub 300 : OOB 0.3056 : L 54 : T 2.5 sec
 - d_sub 300 : OOB 0.3049 : L 55 : T 2.6 sec
 - d_sub 300 : OOB 0.3051 : L 56 : T 2.6 sec
 - d_sub 300 : OOB 0.3055 : L 57 : T 2.7 sec
 - d_sub 300 : OOB 0.3037 : L 58 : T 2.7 sec
 - d_sub 300 : OOB 0.3063 : L 59 : T 2.8 sec
 - d_sub 300 : OOB 0.3041 : L 60 : T 2.8 sec
 - d_sub 300 : OOB 0.3060 : L 61 : T 2.9 sec
 - d_sub 300 : OOB 0.3049 : L 62 : T 2.9 sec
 - d_sub 300 : OOB 0.3048 : L 63 : T 3.0 sec
 - d_sub 300 : OOB 0.3075 : L 64 : T 3.0 sec
 - d_sub 300 : OOB 0.3069 : L 65 : T 3.1 sec
 - d_sub 300 : OOB 0.3064 : L 66 : T 3.1 sec
 - d_sub 300 : OOB 0.3042 : L 67 : T 3.2 sec
 - d_sub 300 : OOB 0.3067 : L 68 : T 3.2 sec
 - d_sub 300 : OOB 0.3046 : L 69 : T 3.3 sec
 - d_sub 300 : OOB 0.3062 : L 70 : T 3.3 sec
 - d_sub 300 : OOB 0.3065 : L 71 : T 3.4 sec
 - d_sub 300 : OOB 0.3044 : L 72 : T 3.4 sec
 - d_sub 300 : OOB 0.3042 : L 73 : T 3.5 sec
# -------------------------
optimal d_sub 300 : OOB 0.3042 : L 73 : T 3.5 sec
# -------------------------
# Ensemble classification
#  - Training samples: 10000 (5000/5000)
#  - Feature-space dimensionality: 18157
#  - L : 30
#  - d_sub : 300
#  - Seed 1 (subspaces) : 719858743
#  - Seed 2 (bootstrap) : 889231220
# -------------------------

 - d_sub 300 : OOB 0.4378 : L 1 : T 0.1 sec
 - d_sub 300 : OOB 0.3939 : L 2 : T 0.1 sec
 - d_sub 300 : OOB 0.3768 : L 3 : T 0.2 sec
 - d_sub 300 : OOB 0.3644 : L 4 : T 0.2 sec
 - d_sub 300 : OOB 0.3495 : L 5 : T 0.3 sec
 - d_sub 300 : OOB 0.3473 : L 6 : T 0.3 sec
 - d_sub 300 : OOB 0.3354 : L 7 : T 0.4 sec
 - d_sub 300 : OOB 0.3343 : L 8 : T 0.4 sec
 - d_sub 300 : OOB 0.3301 : L 9 : T 0.5 sec
 - d_sub 300 : OOB 0.3259 : L 10 : T 0.6 sec
 - d_sub 300 : OOB 0.3269 : L 11 : T 0.6 sec
 - d_sub 300 : OOB 0.3224 : L 12 : T 0.7 sec
 - d_sub 300 : OOB 0.3176 : L 13 : T 0.7 sec
 - d_sub 300 : OOB 0.3170 : L 14 : T 0.8 sec
 - d_sub 300 : OOB 0.3169 : L 15 : T 0.9 sec
 - d_sub 300 : OOB 0.3196 : L 16 : T 0.9 sec
 - d_sub 300 : OOB 0.3176 : L 17 : T 1.0 sec
 - d_sub 300 : OOB 0.3182 : L 18 : T 1.0 sec
 - d_sub 300 : OOB 0.3154 : L 19 : T 1.1 sec
 - d_sub 300 : OOB 0.3151 : L 20 : T 1.1 sec
 - d_sub 300 : OOB 0.3141 : L 21 : T 1.2 sec
 - d_sub 300 : OOB 0.3133 : L 22 : T 1.3 sec
 - d_sub 300 : OOB 0.3121 : L 23 : T 1.3 sec
 - d_sub 300 : OOB 0.3116 : L 24 : T 1.4 sec
 - d_sub 300 : OOB 0.3096 : L 25 : T 1.4 sec
 - d_sub 300 : OOB 0.3106 : L 26 : T 1.5 sec
 - d_sub 300 : OOB 0.3084 : L 27 : T 1.6 sec
 - d_sub 300 : OOB 0.3098 : L 28 : T 1.6 sec
 - d_sub 300 : OOB 0.3084 : L 29 : T 1.7 sec
 - d_sub 300 : OOB 0.3085 : L 30 : T 1.7 sec
# -------------------------
optimal d_sub 300 : OOB 0.3085 : L 30 : T 1.7 sec
# -------------------------
# Ensemble classification
#  - Training samples: 10000 (5000/5000)
#  - Feature-space dimensionality: 18157
#  - L : 30
#  - d_sub : 300
#  - Seed 1 (subspaces) : 411514212
#  - Seed 2 (bootstrap) : 18153606
# -------------------------

 - d_sub 300 : OOB 0.4378 : L 1 : T 0.1 sec
 - d_sub 300 : OOB 0.3985 : L 2 : T 0.1 sec
 - d_sub 300 : OOB 0.3766 : L 3 : T 0.2 sec
 - d_sub 300 : OOB 0.3613 : L 4 : T 0.2 sec
 - d_sub 300 : OOB 0.3471 : L 5 : T 0.3 sec
 - d_sub 300 : OOB 0.3461 : L 6 : T 0.3 sec
 - d_sub 300 : OOB 0.3359 : L 7 : T 0.4 sec
 - d_sub 300 : OOB 0.3332 : L 8 : T 0.5 sec
 - d_sub 300 : OOB 0.3297 : L 9 : T 0.5 sec
 - d_sub 300 : OOB 0.3243 : L 10 : T 0.6 sec
 - d_sub 300 : OOB 0.3226 : L 11 : T 0.6 sec
 - d_sub 300 : OOB 0.3179 : L 12 : T 0.7 sec
 - d_sub 300 : OOB 0.3183 : L 13 : T 0.7 sec
 - d_sub 300 : OOB 0.3189 : L 14 : T 0.8 sec
 - d_sub 300 : OOB 0.3162 : L 15 : T 0.8 sec
 - d_sub 300 : OOB 0.3128 : L 16 : T 0.9 sec
 - d_sub 300 : OOB 0.3121 : L 17 : T 0.9 sec
 - d_sub 300 : OOB 0.3122 : L 18 : T 1.0 sec
 - d_sub 300 : OOB 0.3131 : L 19 : T 1.0 sec
 - d_sub 300 : OOB 0.3102 : L 20 : T 1.1 sec
 - d_sub 300 : OOB 0.3093 : L 21 : T 1.1 sec
 - d_sub 300 : OOB 0.3101 : L 22 : T 1.2 sec
 - d_sub 300 : OOB 0.3096 : L 23 : T 1.3 sec
 - d_sub 300 : OOB 0.3084 : L 24 : T 1.3 sec
 - d_sub 300 : OOB 0.3085 : L 25 : T 1.4 sec
 - d_sub 300 : OOB 0.3108 : L 26 : T 1.4 sec
 - d_sub 300 : OOB 0.3082 : L 27 : T 1.5 sec
 - d_sub 300 : OOB 0.3089 : L 28 : T 1.5 sec
 - d_sub 300 : OOB 0.3085 : L 29 : T 1.6 sec
 - d_sub 300 : OOB 0.3100 : L 30 : T 1.7 sec
# -------------------------
optimal d_sub 300 : OOB 0.3100 : L 30 : T 1.7 sec
# -------------------------
# Ensemble classification
#  - Training samples: 10000 (5000/5000)
#  - Feature-space dimensionality: 18157
#  - L : 30
#  - d_sub : 300
#  - Seed 1 (subspaces) : 237815430
#  - Seed 2 (bootstrap) : 607826010
# -------------------------

 - d_sub 300 : OOB 0.4419 : L 1 : T 0.1 sec
 - d_sub 300 : OOB 0.4016 : L 2 : T 0.1 sec
 - d_sub 300 : OOB 0.3799 : L 3 : T 0.2 sec
 - d_sub 300 : OOB 0.3645 : L 4 : T 0.2 sec
 - d_sub 300 : OOB 0.3523 : L 5 : T 0.3 sec
 - d_sub 300 : OOB 0.3484 : L 6 : T 0.3 sec
 - d_sub 300 : OOB 0.3372 : L 7 : T 0.4 sec
 - d_sub 300 : OOB 0.3338 : L 8 : T 0.4 sec
 - d_sub 300 : OOB 0.3316 : L 9 : T 0.5 sec
 - d_sub 300 : OOB 0.3289 : L 10 : T 0.6 sec
 - d_sub 300 : OOB 0.3262 : L 11 : T 0.6 sec
 - d_sub 300 : OOB 0.3220 : L 12 : T 0.7 sec
 - d_sub 300 : OOB 0.3206 : L 13 : T 0.7 sec
 - d_sub 300 : OOB 0.3189 : L 14 : T 0.8 sec
 - d_sub 300 : OOB 0.3143 : L 15 : T 0.8 sec
 - d_sub 300 : OOB 0.3175 : L 16 : T 0.9 sec
 - d_sub 300 : OOB 0.3135 : L 17 : T 1.0 sec
 - d_sub 300 : OOB 0.3158 : L 18 : T 1.0 sec
 - d_sub 300 : OOB 0.3173 : L 19 : T 1.1 sec
 - d_sub 300 : OOB 0.3128 : L 20 : T 1.1 sec
 - d_sub 300 : OOB 0.3140 : L 21 : T 1.2 sec
 - d_sub 300 : OOB 0.3119 : L 22 : T 1.2 sec
 - d_sub 300 : OOB 0.3118 : L 23 : T 1.3 sec
 - d_sub 300 : OOB 0.3110 : L 24 : T 1.3 sec
 - d_sub 300 : OOB 0.3103 : L 25 : T 1.4 sec
 - d_sub 300 : OOB 0.3114 : L 26 : T 1.4 sec
 - d_sub 300 : OOB 0.3112 : L 27 : T 1.5 sec
 - d_sub 300 : OOB 0.3095 : L 28 : T 1.6 sec
 - d_sub 300 : OOB 0.3101 : L 29 : T 1.7 sec
 - d_sub 300 : OOB 0.3068 : L 30 : T 1.7 sec
# -------------------------
optimal d_sub 300 : OOB 0.3068 : L 30 : T 1.7 sec
# -------------------------
# Ensemble classification
#  - Training samples: 10000 (5000/5000)
#  - Feature-space dimensionality: 18157
#  - L : 30
#  - d_sub : 300
#  - Seed 1 (subspaces) : 11540105
#  - Seed 2 (bootstrap) : 572647112
# -------------------------

 - d_sub 300 : OOB 0.4394 : L 1 : T 0.1 sec
 - d_sub 300 : OOB 0.4015 : L 2 : T 0.1 sec
 - d_sub 300 : OOB 0.3826 : L 3 : T 0.2 sec
 - d_sub 300 : OOB 0.3661 : L 4 : T 0.2 sec
 - d_sub 300 : OOB 0.3519 : L 5 : T 0.3 sec
 - d_sub 300 : OOB 0.3478 : L 6 : T 0.3 sec
 - d_sub 300 : OOB 0.3384 : L 7 : T 0.4 sec
 - d_sub 300 : OOB 0.3339 : L 8 : T 0.4 sec
 - d_sub 300 : OOB 0.3317 : L 9 : T 0.5 sec
 - d_sub 300 : OOB 0.3309 : L 10 : T 0.5 sec
 - d_sub 300 : OOB 0.3282 : L 11 : T 0.6 sec
 - d_sub 300 : OOB 0.3236 : L 12 : T 0.7 sec
 - d_sub 300 : OOB 0.3229 : L 13 : T 0.7 sec
 - d_sub 300 : OOB 0.3217 : L 14 : T 0.8 sec
 - d_sub 300 : OOB 0.3181 : L 15 : T 0.8 sec
 - d_sub 300 : OOB 0.3239 : L 16 : T 0.9 sec
 - d_sub 300 : OOB 0.3179 : L 17 : T 1.0 sec
 - d_sub 300 : OOB 0.3182 : L 18 : T 1.0 sec
 - d_sub 300 : OOB 0.3157 : L 19 : T 1.1 sec
 - d_sub 300 : OOB 0.3168 : L 20 : T 1.1 sec
 - d_sub 300 : OOB 0.3166 : L 21 : T 1.2 sec
 - d_sub 300 : OOB 0.3153 : L 22 : T 1.2 sec
 - d_sub 300 : OOB 0.3126 : L 23 : T 1.3 sec
 - d_sub 300 : OOB 0.3117 : L 24 : T 1.3 sec
 - d_sub 300 : OOB 0.3109 : L 25 : T 1.4 sec
 - d_sub 300 : OOB 0.3118 : L 26 : T 1.5 sec
 - d_sub 300 : OOB 0.3092 : L 27 : T 1.5 sec
 - d_sub 300 : OOB 0.3104 : L 28 : T 1.6 sec
 - d_sub 300 : OOB 0.3098 : L 29 : T 1.6 sec
 - d_sub 300 : OOB 0.3101 : L 30 : T 1.7 sec
# -------------------------
optimal d_sub 300 : OOB 0.3101 : L 30 : T 1.7 sec
# -------------------------
# Ensemble classification
#  - Training samples: 10000 (5000/5000)
#  - Feature-space dimensionality: 18157
#  - L : 30
#  - d_sub : 300
#  - Seed 1 (subspaces) : 779458789
#  - Seed 2 (bootstrap) : 823218570
# -------------------------

 - d_sub 300 : OOB 0.4440 : L 1 : T 0.1 sec
 - d_sub 300 : OOB 0.4050 : L 2 : T 0.1 sec
 - d_sub 300 : OOB 0.3860 : L 3 : T 0.2 sec
 - d_sub 300 : OOB 0.3740 : L 4 : T 0.2 sec
 - d_sub 300 : OOB 0.3607 : L 5 : T 0.3 sec
 - d_sub 300 : OOB 0.3544 : L 6 : T 0.3 sec
 - d_sub 300 : OOB 0.3395 : L 7 : T 0.4 sec
 - d_sub 300 : OOB 0.3354 : L 8 : T 0.4 sec
 - d_sub 300 : OOB 0.3324 : L 9 : T 0.5 sec
 - d_sub 300 : OOB 0.3266 : L 10 : T 0.6 sec
 - d_sub 300 : OOB 0.3243 : L 11 : T 0.6 sec
 - d_sub 300 : OOB 0.3217 : L 12 : T 0.7 sec
 - d_sub 300 : OOB 0.3195 : L 13 : T 0.7 sec
 - d_sub 300 : OOB 0.3196 : L 14 : T 0.8 sec
 - d_sub 300 : OOB 0.3162 : L 15 : T 0.8 sec
 - d_sub 300 : OOB 0.3204 : L 16 : T 0.9 sec
 - d_sub 300 : OOB 0.3172 : L 17 : T 0.9 sec
 - d_sub 300 : OOB 0.3149 : L 18 : T 1.0 sec
 - d_sub 300 : OOB 0.3138 : L 19 : T 1.0 sec
 - d_sub 300 : OOB 0.3172 : L 20 : T 1.1 sec
 - d_sub 300 : OOB 0.3165 : L 21 : T 1.1 sec
 - d_sub 300 : OOB 0.3140 : L 22 : T 1.2 sec
 - d_sub 300 : OOB 0.3137 : L 23 : T 1.2 sec
 - d_sub 300 : OOB 0.3123 : L 24 : T 1.3 sec
 - d_sub 300 : OOB 0.3154 : L 25 : T 1.3 sec
 - d_sub 300 : OOB 0.3147 : L 26 : T 1.4 sec
 - d_sub 300 : OOB 0.3134 : L 27 : T 1.4 sec
 - d_sub 300 : OOB 0.3140 : L 28 : T 1.4 sec
 - d_sub 300 : OOB 0.3122 : L 29 : T 1.5 sec
 - d_sub 300 : OOB 0.3124 : L 30 : T 1.5 sec
# -------------------------
optimal d_sub 300 : OOB 0.3124 : L 30 : T 1.6 sec
# -------------------------
# Ensemble classification
#  - Training samples: 10000 (5000/5000)
#  - Feature-space dimensionality: 18157
#  - L : 30
#  - d_sub : 300
#  - Seed 1 (subspaces) : 234895444
#  - Seed 2 (bootstrap) : 472539024
# -------------------------

 - d_sub 300 : OOB 0.4439 : L 1 : T 0.0 sec
 - d_sub 300 : OOB 0.3993 : L 2 : T 0.1 sec
 - d_sub 300 : OOB 0.3783 : L 3 : T 0.1 sec
 - d_sub 300 : OOB 0.3695 : L 4 : T 0.2 sec
 - d_sub 300 : OOB 0.3528 : L 5 : T 0.2 sec
 - d_sub 300 : OOB 0.3507 : L 6 : T 0.3 sec
 - d_sub 300 : OOB 0.3418 : L 7 : T 0.3 sec
 - d_sub 300 : OOB 0.3347 : L 8 : T 0.4 sec
 - d_sub 300 : OOB 0.3322 : L 9 : T 0.4 sec
 - d_sub 300 : OOB 0.3301 : L 10 : T 0.5 sec
 - d_sub 300 : OOB 0.3268 : L 11 : T 0.5 sec
 - d_sub 300 : OOB 0.3212 : L 12 : T 0.6 sec
 - d_sub 300 : OOB 0.3189 : L 13 : T 0.6 sec
 - d_sub 300 : OOB 0.3186 : L 14 : T 0.7 sec
 - d_sub 300 : OOB 0.3148 : L 15 : T 0.7 sec
 - d_sub 300 : OOB 0.3160 : L 16 : T 0.8 sec
 - d_sub 300 : OOB 0.3148 : L 17 : T 0.8 sec
 - d_sub 300 : OOB 0.3142 : L 18 : T 0.9 sec
 - d_sub 300 : OOB 0.3149 : L 19 : T 0.9 sec
 - d_sub 300 : OOB 0.3148 : L 20 : T 1.0 sec
 - d_sub 300 : OOB 0.3141 : L 21 : T 1.0 sec
 - d_sub 300 : OOB 0.3110 : L 22 : T 1.1 sec
 - d_sub 300 : OOB 0.3109 : L 23 : T 1.1 sec
 - d_sub 300 : OOB 0.3103 : L 24 : T 1.2 sec
 - d_sub 300 : OOB 0.3114 : L 25 : T 1.2 sec
 - d_sub 300 : OOB 0.3103 : L 26 : T 1.3 sec
 - d_sub 300 : OOB 0.3080 : L 27 : T 1.3 sec
 - d_sub 300 : OOB 0.3092 : L 28 : T 1.4 sec
 - d_sub 300 : OOB 0.3077 : L 29 : T 1.4 sec
 - d_sub 300 : OOB 0.3061 : L 30 : T 1.5 sec
# -------------------------
optimal d_sub 300 : OOB 0.3061 : L 30 : T 1.5 sec
# -------------------------
# Ensemble classification
#  - Training samples: 10000 (5000/5000)
#  - Feature-space dimensionality: 18157
#  - L : 30
#  - d_sub : 300
#  - Seed 1 (subspaces) : 58694845
#  - Seed 2 (bootstrap) : 726941268
# -------------------------

 - d_sub 300 : OOB 0.4429 : L 1 : T 0.1 sec
 - d_sub 300 : OOB 0.4063 : L 2 : T 0.1 sec
 - d_sub 300 : OOB 0.3844 : L 3 : T 0.2 sec
 - d_sub 300 : OOB 0.3676 : L 4 : T 0.2 sec
 - d_sub 300 : OOB 0.3573 : L 5 : T 0.3 sec
 - d_sub 300 : OOB 0.3516 : L 6 : T 0.3 sec
 - d_sub 300 : OOB 0.3401 : L 7 : T 0.4 sec
 - d_sub 300 : OOB 0.3353 : L 8 : T 0.4 sec
 - d_sub 300 : OOB 0.3341 : L 9 : T 0.4 sec
 - d_sub 300 : OOB 0.3324 : L 10 : T 0.5 sec
 - d_sub 300 : OOB 0.3288 : L 11 : T 0.5 sec
 - d_sub 300 : OOB 0.3267 : L 12 : T 0.6 sec
 - d_sub 300 : OOB 0.3249 : L 13 : T 0.6 sec
 - d_sub 300 : OOB 0.3210 : L 14 : T 0.7 sec
 - d_sub 300 : OOB 0.3231 : L 15 : T 0.7 sec
 - d_sub 300 : OOB 0.3234 : L 16 : T 0.8 sec
 - d_sub 300 : OOB 0.3173 : L 17 : T 0.8 sec
 - d_sub 300 : OOB 0.3186 : L 18 : T 0.9 sec
 - d_sub 300 : OOB 0.3168 : L 19 : T 0.9 sec
 - d_sub 300 : OOB 0.3182 : L 20 : T 0.9 sec
 - d_sub 300 : OOB 0.3175 : L 21 : T 1.0 sec
 - d_sub 300 : OOB 0.3174 : L 22 : T 1.0 sec
 - d_sub 300 : OOB 0.3151 : L 23 : T 1.1 sec
 - d_sub 300 : OOB 0.3134 : L 24 : T 1.1 sec
 - d_sub 300 : OOB 0.3133 : L 25 : T 1.2 sec
 - d_sub 300 : OOB 0.3130 : L 26 : T 1.2 sec
 - d_sub 300 : OOB 0.3121 : L 27 : T 1.3 sec
 - d_sub 300 : OOB 0.3133 : L 28 : T 1.3 sec
 - d_sub 300 : OOB 0.3125 : L 29 : T 1.4 sec
 - d_sub 300 : OOB 0.3126 : L 30 : T 1.4 sec
# -------------------------
optimal d_sub 300 : OOB 0.3126 : L 30 : T 1.4 sec
# -------------------------
# Ensemble classification
#  - Training samples: 10000 (5000/5000)
#  - Feature-space dimensionality: 18157
#  - L : 30
#  - d_sub : 300
#  - Seed 1 (subspaces) : 671437573
#  - Seed 2 (bootstrap) : 563146292
# -------------------------

 - d_sub 300 : OOB 0.4409 : L 1 : T 0.0 sec
 - d_sub 300 : OOB 0.4004 : L 2 : T 0.1 sec
 - d_sub 300 : OOB 0.3852 : L 3 : T 0.1 sec
 - d_sub 300 : OOB 0.3701 : L 4 : T 0.2 sec
 - d_sub 300 : OOB 0.3573 : L 5 : T 0.2 sec
 - d_sub 300 : OOB 0.3538 : L 6 : T 0.3 sec
 - d_sub 300 : OOB 0.3427 : L 7 : T 0.3 sec
 - d_sub 300 : OOB 0.3359 : L 8 : T 0.4 sec
 - d_sub 300 : OOB 0.3333 : L 9 : T 0.4 sec
 - d_sub 300 : OOB 0.3277 : L 10 : T 0.5 sec
 - d_sub 300 : OOB 0.3242 : L 11 : T 0.5 sec
 - d_sub 300 : OOB 0.3215 : L 12 : T 0.6 sec
 - d_sub 300 : OOB 0.3198 : L 13 : T 0.6 sec
 - d_sub 300 : OOB 0.3199 : L 14 : T 0.7 sec
 - d_sub 300 : OOB 0.3165 : L 15 : T 0.7 sec
 - d_sub 300 : OOB 0.3188 : L 16 : T 0.8 sec
 - d_sub 300 : OOB 0.3155 : L 17 : T 0.8 sec
 - d_sub 300 : OOB 0.3149 : L 18 : T 0.9 sec
 - d_sub 300 : OOB 0.3154 : L 19 : T 0.9 sec
 - d_sub 300 : OOB 0.3162 : L 20 : T 1.0 sec
 - d_sub 300 : OOB 0.3138 : L 21 : T 1.0 sec
 - d_sub 300 : OOB 0.3129 : L 22 : T 1.0 sec
 - d_sub 300 : OOB 0.3122 : L 23 : T 1.1 sec
 - d_sub 300 : OOB 0.3103 : L 24 : T 1.1 sec
 - d_sub 300 : OOB 0.3100 : L 25 : T 1.2 sec
 - d_sub 300 : OOB 0.3115 : L 26 : T 1.2 sec
 - d_sub 300 : OOB 0.3088 : L 27 : T 1.3 sec
 - d_sub 300 : OOB 0.3092 : L 28 : T 1.3 sec
 - d_sub 300 : OOB 0.3082 : L 29 : T 1.4 sec
 - d_sub 300 : OOB 0.3089 : L 30 : T 1.4 sec
# -------------------------
optimal d_sub 300 : OOB 0.3089 : L 30 : T 1.4 sec
# -------------------------
# Ensemble classification
#  - Training samples: 10000 (5000/5000)
#  - Feature-space dimensionality: 18157
#  - L : 30
#  - d_sub : 300
#  - Seed 1 (subspaces) : 763153782
#  - Seed 2 (bootstrap) : 835370
# -------------------------

 - d_sub 300 : OOB 0.4423 : L 1 : T 0.1 sec
 - d_sub 300 : OOB 0.4027 : L 2 : T 0.1 sec
 - d_sub 300 : OOB 0.3832 : L 3 : T 0.1 sec
 - d_sub 300 : OOB 0.3677 : L 4 : T 0.2 sec
 - d_sub 300 : OOB 0.3526 : L 5 : T 0.2 sec
 - d_sub 300 : OOB 0.3465 : L 6 : T 0.3 sec
 - d_sub 300 : OOB 0.3391 : L 7 : T 0.4 sec
 - d_sub 300 : OOB 0.3347 : L 8 : T 0.4 sec
 - d_sub 300 : OOB 0.3305 : L 9 : T 0.4 sec
 - d_sub 300 : OOB 0.3319 : L 10 : T 0.5 sec
 - d_sub 300 : OOB 0.3270 : L 11 : T 0.5 sec
 - d_sub 300 : OOB 0.3268 : L 12 : T 0.6 sec
 - d_sub 300 : OOB 0.3264 : L 13 : T 0.6 sec
 - d_sub 300 : OOB 0.3230 : L 14 : T 0.7 sec
 - d_sub 300 : OOB 0.3234 : L 15 : T 0.7 sec
 - d_sub 300 : OOB 0.3180 : L 16 : T 0.8 sec
 - d_sub 300 : OOB 0.3175 : L 17 : T 0.8 sec
 - d_sub 300 : OOB 0.3180 : L 18 : T 0.9 sec
 - d_sub 300 : OOB 0.3183 : L 19 : T 0.9 sec
 - d_sub 300 : OOB 0.3135 : L 20 : T 1.0 sec
 - d_sub 300 : OOB 0.3148 : L 21 : T 1.0 sec
 - d_sub 300 : OOB 0.3167 : L 22 : T 1.1 sec
 - d_sub 300 : OOB 0.3144 : L 23 : T 1.1 sec
 - d_sub 300 : OOB 0.3146 : L 24 : T 1.2 sec
 - d_sub 300 : OOB 0.3147 : L 25 : T 1.3 sec
 - d_sub 300 : OOB 0.3146 : L 26 : T 1.3 sec
 - d_sub 300 : OOB 0.3143 : L 27 : T 1.4 sec
 - d_sub 300 : OOB 0.3144 : L 28 : T 1.4 sec
 - d_sub 300 : OOB 0.3107 : L 29 : T 1.5 sec
 - d_sub 300 : OOB 0.3108 : L 30 : T 1.5 sec
# -------------------------
optimal d_sub 300 : OOB 0.3108 : L 30 : T 1.5 sec
# -------------------------
# Ensemble classification
#  - Training samples: 10000 (5000/5000)
#  - Feature-space dimensionality: 18157
#  - L : 30
#  - d_sub : 300
#  - Seed 1 (subspaces) : 861929098
#  - Seed 2 (bootstrap) : 224145492
# -------------------------

 - d_sub 300 : OOB 0.4405 : L 1 : T 0.1 sec
 - d_sub 300 : OOB 0.3994 : L 2 : T 0.1 sec
 - d_sub 300 : OOB 0.3788 : L 3 : T 0.2 sec
 - d_sub 300 : OOB 0.3614 : L 4 : T 0.2 sec
 - d_sub 300 : OOB 0.3505 : L 5 : T 0.3 sec
 - d_sub 300 : OOB 0.3510 : L 6 : T 0.3 sec
 - d_sub 300 : OOB 0.3402 : L 7 : T 0.4 sec
 - d_sub 300 : OOB 0.3401 : L 8 : T 0.5 sec
 - d_sub 300 : OOB 0.3315 : L 9 : T 0.5 sec
 - d_sub 300 : OOB 0.3288 : L 10 : T 0.6 sec
 - d_sub 300 : OOB 0.3279 : L 11 : T 0.6 sec
 - d_sub 300 : OOB 0.3235 : L 12 : T 0.7 sec
 - d_sub 300 : OOB 0.3200 : L 13 : T 0.8 sec
 - d_sub 300 : OOB 0.3205 : L 14 : T 0.8 sec
 - d_sub 300 : OOB 0.3220 : L 15 : T 0.9 sec
 - d_sub 300 : OOB 0.3188 : L 16 : T 0.9 sec
 - d_sub 300 : OOB 0.3178 : L 17 : T 1.0 sec
 - d_sub 300 : OOB 0.3168 : L 18 : T 1.0 sec
 - d_sub 300 : OOB 0.3158 : L 19 : T 1.1 sec
 - d_sub 300 : OOB 0.3139 : L 20 : T 1.1 sec
 - d_sub 300 : OOB 0.3105 : L 21 : T 1.2 sec
 - d_sub 300 : OOB 0.3111 : L 22 : T 1.2 sec
 - d_sub 300 : OOB 0.3089 : L 23 : T 1.3 sec
 - d_sub 300 : OOB 0.3094 : L 24 : T 1.3 sec
 - d_sub 300 : OOB 0.3086 : L 25 : T 1.4 sec
 - d_sub 300 : OOB 0.3089 : L 26 : T 1.5 sec
 - d_sub 300 : OOB 0.3104 : L 27 : T 1.5 sec
 - d_sub 300 : OOB 0.3096 : L 28 : T 1.6 sec
 - d_sub 300 : OOB 0.3079 : L 29 : T 1.6 sec
 - d_sub 300 : OOB 0.3085 : L 30 : T 1.7 sec
# -------------------------
optimal d_sub 300 : OOB 0.3085 : L 30 : T 1.7 sec
# -------------------------
# Ensemble classification
#  - Training samples: 10000 (5000/5000)
#  - Feature-space dimensionality: 18157
#  - L : 30
#  - d_sub : 300
#  - Seed 1 (subspaces) : 372827107
#  - Seed 2 (bootstrap) : 955822874
# -------------------------

 - d_sub 300 : OOB 0.4416 : L 1 : T 0.1 sec
 - d_sub 300 : OOB 0.4041 : L 2 : T 0.1 sec
 - d_sub 300 : OOB 0.3813 : L 3 : T 0.2 sec
 - d_sub 300 : OOB 0.3671 : L 4 : T 0.2 sec
 - d_sub 300 : OOB 0.3558 : L 5 : T 0.3 sec
 - d_sub 300 : OOB 0.3503 : L 6 : T 0.3 sec
 - d_sub 300 : OOB 0.3383 : L 7 : T 0.4 sec
 - d_sub 300 : OOB 0.3407 : L 8 : T 0.5 sec
 - d_sub 300 : OOB 0.3297 : L 9 : T 0.5 sec
 - d_sub 300 : OOB 0.3305 : L 10 : T 0.6 sec
 - d_sub 300 : OOB 0.3298 : L 11 : T 0.6 sec
 - d_sub 300 : OOB 0.3245 : L 12 : T 0.7 sec
 - d_sub 300 : OOB 0.3250 : L 13 : T 0.7 sec
 - d_sub 300 : OOB 0.3203 : L 14 : T 0.8 sec
 - d_sub 300 : OOB 0.3195 : L 15 : T 0.8 sec
 - d_sub 300 : OOB 0.3177 : L 16 : T 0.9 sec
 - d_sub 300 : OOB 0.3191 : L 17 : T 0.9 sec
 - d_sub 300 : OOB 0.3163 : L 18 : T 1.0 sec
 - d_sub 300 : OOB 0.3164 : L 19 : T 1.0 sec
 - d_sub 300 : OOB 0.3164 : L 20 : T 1.1 sec
 - d_sub 300 : OOB 0.3144 : L 21 : T 1.1 sec
 - d_sub 300 : OOB 0.3108 : L 22 : T 1.2 sec
 - d_sub 300 : OOB 0.3111 : L 23 : T 1.2 sec
 - d_sub 300 : OOB 0.3156 : L 24 : T 1.3 sec
 - d_sub 300 : OOB 0.3143 : L 25 : T 1.4 sec
 - d_sub 300 : OOB 0.3125 : L 26 : T 1.4 sec
 - d_sub 300 : OOB 0.3110 : L 27 : T 1.5 sec
 - d_sub 300 : OOB 0.3121 : L 28 : T 1.5 sec
 - d_sub 300 : OOB 0.3104 : L 29 : T 1.6 sec
 - d_sub 300 : OOB 0.3108 : L 30 : T 1.6 sec
# -------------------------
optimal d_sub 300 : OOB 0.3108 : L 30 : T 1.6 sec
# -------------------------
Average OOB error = 0.30970 (+/- 0.00216)
# -------------------------
# Ensemble classification
#  - Training samples: 10000 (5000/5000)
#  - Feature-space dimensionality: 18157
#  - L : 30
#  - d_sub : 300
#  - Seed 1 (subspaces) : 5
#  - Seed 2 (bootstrap) : 73
# -------------------------

 - d_sub 300 : OOB 0.4335 : L 1 : T 0.0 sec
 - d_sub 300 : OOB 0.3982 : L 2 : T 0.1 sec
 - d_sub 300 : OOB 0.3811 : L 3 : T 0.1 sec
 - d_sub 300 : OOB 0.3672 : L 4 : T 0.2 sec
 - d_sub 300 : OOB 0.3529 : L 5 : T 0.3 sec
 - d_sub 300 : OOB 0.3517 : L 6 : T 0.3 sec
 - d_sub 300 : OOB 0.3401 : L 7 : T 0.4 sec
 - d_sub 300 : OOB 0.3354 : L 8 : T 0.4 sec
 - d_sub 300 : OOB 0.3331 : L 9 : T 0.5 sec
 - d_sub 300 : OOB 0.3285 : L 10 : T 0.5 sec
 - d_sub 300 : OOB 0.3260 : L 11 : T 0.6 sec
 - d_sub 300 : OOB 0.3209 : L 12 : T 0.6 sec
 - d_sub 300 : OOB 0.3222 : L 13 : T 0.7 sec
 - d_sub 300 : OOB 0.3213 : L 14 : T 0.7 sec
 - d_sub 300 : OOB 0.3170 : L 15 : T 0.8 sec
 - d_sub 300 : OOB 0.3161 : L 16 : T 0.9 sec
 - d_sub 300 : OOB 0.3135 : L 17 : T 0.9 sec
 - d_sub 300 : OOB 0.3126 : L 18 : T 1.0 sec
 - d_sub 300 : OOB 0.3133 : L 19 : T 1.0 sec
 - d_sub 300 : OOB 0.3100 : L 20 : T 1.1 sec
 - d_sub 300 : OOB 0.3133 : L 21 : T 1.2 sec
 - d_sub 300 : OOB 0.3130 : L 22 : T 1.2 sec
 - d_sub 300 : OOB 0.3119 : L 23 : T 1.3 sec
 - d_sub 300 : OOB 0.3114 : L 24 : T 1.3 sec
 - d_sub 300 : OOB 0.3097 : L 25 : T 1.4 sec
 - d_sub 300 : OOB 0.3113 : L 26 : T 1.4 sec
 - d_sub 300 : OOB 0.3095 : L 27 : T 1.5 sec
 - d_sub 300 : OOB 0.3095 : L 28 : T 1.5 sec
 - d_sub 300 : OOB 0.3089 : L 29 : T 1.6 sec
 - d_sub 300 : OOB 0.3091 : L 30 : T 1.7 sec
# -------------------------
optimal d_sub 300 : OOB 0.3091 : L 30 : T 1.7 sec
OOB error = 0.3106
optimal d_sub 300 : OOB 0.3090 : L 30 : T 1.5 sec
optimal d_sub 300 : OOB 0.2962 : L 77 : T 3.7 sec
Testing error 1: 0.3047
optimal d_sub 300 : OOB 0.3035 : L 72 : T 4.1 sec
Testing error 2: 0.2969
optimal d_sub 300 : OOB 0.3011 : L 76 : T 3.6 sec
Testing error 3: 0.2978
optimal d_sub 300 : OOB 0.2999 : L 98 : T 5.5 sec
Testing error 4: 0.2974
optimal d_sub 300 : OOB 0.3017 : L 78 : T 3.8 sec
Testing error 5: 0.2980
optimal d_sub 300 : OOB 0.3006 : L 93 : T 5.1 sec
Testing error 6: 0.2974
optimal d_sub 300 : OOB 0.3031 : L 68 : T 3.6 sec
Testing error 7: 0.2962
optimal d_sub 300 : OOB 0.2957 : L 97 : T 4.9 sec
Testing error 8: 0.2953
optimal d_sub 300 : OOB 0.3077 : L 79 : T 4.1 sec
Testing error 9: 0.2926
optimal d_sub 300 : OOB 0.3029 : L 116 : T 5.7 sec
Testing error 10: 0.2926
---
Average testing error over 10 splits: 0.2969 (+/- 0.0034)
