# -------------------------
# Ensemble classification
#  - Training samples: 10000 (5000/5000)
#  - Feature-space dimensionality: 18157
#  - L : automatic (min 25, max 500, length 50, eps 0.00500)
#  - d_sub : automatic (Eoob tolerance 0.0200, step 200)
#  - Seed 1 (subspaces) : 721852416
#  - Seed 2 (bootstrap) : 347978759
# -------------------------

 - d_sub 200 : OOB 0.4411 : L 1 : T 0.5 sec
 - d_sub 200 : OOB 0.4038 : L 2 : T 0.5 sec
 - d_sub 200 : OOB 0.3876 : L 3 : T 0.5 sec
 - d_sub 200 : OOB 0.3729 : L 4 : T 0.6 sec
 - d_sub 200 : OOB 0.3563 : L 5 : T 0.6 sec
 - d_sub 200 : OOB 0.3512 : L 6 : T 0.6 sec
 - d_sub 200 : OOB 0.3422 : L 7 : T 0.7 sec
 - d_sub 200 : OOB 0.3423 : L 8 : T 0.7 sec
 - d_sub 200 : OOB 0.3370 : L 9 : T 0.7 sec
 - d_sub 200 : OOB 0.3345 : L 10 : T 0.8 sec
 - d_sub 200 : OOB 0.3352 : L 11 : T 0.8 sec
 - d_sub 200 : OOB 0.3310 : L 12 : T 0.8 sec
 - d_sub 200 : OOB 0.3265 : L 13 : T 0.9 sec
 - d_sub 200 : OOB 0.3254 : L 14 : T 0.9 sec
 - d_sub 200 : OOB 0.3246 : L 15 : T 0.9 sec
 - d_sub 200 : OOB 0.3293 : L 16 : T 1.0 sec
 - d_sub 200 : OOB 0.3262 : L 17 : T 1.0 sec
 - d_sub 200 : OOB 0.3259 : L 18 : T 1.0 sec
 - d_sub 200 : OOB 0.3237 : L 19 : T 1.1 sec
 - d_sub 200 : OOB 0.3256 : L 20 : T 1.1 sec
 - d_sub 200 : OOB 0.3232 : L 21 : T 1.1 sec
 - d_sub 200 : OOB 0.3230 : L 22 : T 1.2 sec
 - d_sub 200 : OOB 0.3208 : L 23 : T 1.3 sec
 - d_sub 200 : OOB 0.3186 : L 24 : T 1.3 sec
 - d_sub 200 : OOB 0.3217 : L 25 : T 1.4 sec
 - d_sub 200 : OOB 0.3230 : L 26 : T 1.5 sec
 - d_sub 200 : OOB 0.3219 : L 27 : T 1.5 sec
 - d_sub 200 : OOB 0.3211 : L 28 : T 1.5 sec
 - d_sub 200 : OOB 0.3203 : L 29 : T 1.6 sec
 - d_sub 200 : OOB 0.3198 : L 30 : T 1.6 sec
 - d_sub 200 : OOB 0.3194 : L 31 : T 1.6 sec
 - d_sub 200 : OOB 0.3210 : L 32 : T 1.7 sec
 - d_sub 200 : OOB 0.3202 : L 33 : T 1.7 sec
 - d_sub 200 : OOB 0.3197 : L 34 : T 1.7 sec
 - d_sub 200 : OOB 0.3243 : L 35 : T 1.8 sec
 - d_sub 200 : OOB 0.3210 : L 36 : T 1.8 sec
 - d_sub 200 : OOB 0.3215 : L 37 : T 1.8 sec
 - d_sub 200 : OOB 0.3203 : L 38 : T 1.9 sec
 - d_sub 200 : OOB 0.3190 : L 39 : T 1.9 sec
 - d_sub 200 : OOB 0.3176 : L 40 : T 1.9 sec
 - d_sub 200 : OOB 0.3213 : L 41 : T 1.9 sec
 - d_sub 200 : OOB 0.3197 : L 42 : T 2.0 sec
 - d_sub 200 : OOB 0.3178 : L 43 : T 2.0 sec
 - d_sub 200 : OOB 0.3183 : L 44 : T 2.0 sec
 - d_sub 200 : OOB 0.3178 : L 45 : T 2.1 sec
 - d_sub 200 : OOB 0.3169 : L 46 : T 2.1 sec
 - d_sub 200 : OOB 0.3161 : L 47 : T 2.1 sec
 - d_sub 200 : OOB 0.3181 : L 48 : T 2.2 sec
 - d_sub 200 : OOB 0.3163 : L 49 : T 2.2 sec
 - d_sub 200 : OOB 0.3188 : L 50 : T 2.2 sec
 - d_sub 200 : OOB 0.3191 : L 51 : T 2.3 sec
 - d_sub 200 : OOB 0.3164 : L 52 : T 2.3 sec
 - d_sub 200 : OOB 0.3164 : L 53 : T 2.3 sec
 - d_sub 200 : OOB 0.3163 : L 54 : T 2.4 sec
 - d_sub 200 : OOB 0.3165 : L 55 : T 2.4 sec
 - d_sub 200 : OOB 0.3162 : L 56 : T 2.4 sec
 - d_sub 200 : OOB 0.3154 : L 57 : T 2.5 sec
 - d_sub 200 : OOB 0.3161 : L 58 : T 2.5 sec
 - d_sub 200 : OOB 0.3148 : L 59 : T 2.6 sec
 - d_sub 200 : OOB 0.3150 : L 60 : T 2.6 sec
 - d_sub 200 : OOB 0.3158 : L 61 : T 2.7 sec
 - d_sub 200 : OOB 0.3154 : L 62 : T 2.8 sec
 - d_sub 200 : OOB 0.3165 : L 63 : T 2.8 sec
 - d_sub 200 : OOB 0.3147 : L 64 : T 2.8 sec
 - d_sub 200 : OOB 0.3164 : L 65 : T 2.9 sec
 - d_sub 200 : OOB 0.3171 : L 66 : T 2.9 sec
 - d_sub 200 : OOB 0.3151 : L 67 : T 2.9 sec
 - d_sub 200 : OOB 0.3141 : L 68 : T 3.0 sec
 - d_sub 200 : OOB 0.3159 : L 69 : T 3.0 sec
 - d_sub 200 : OOB 0.3154 : L 70 : T 3.0 sec
 - d_sub 200 : OOB 0.3162 : L 71 : T 3.1 sec
 - d_sub 200 : OOB 0.3158 : L 72 : T 3.1 sec
 - d_sub 200 : OOB 0.3167 : L 73 : T 3.1 sec
 - d_sub 200 : OOB 0.3154 : L 74 : T 3.2 sec
 - d_sub 200 : OOB 0.3156 : L 75 : T 3.2 sec
 - d_sub 200 : OOB 0.3156 : L 76 : T 3.2 sec
 - d_sub 200 : OOB 0.3147 : L 77 : T 3.3 sec
 - d_sub 200 : OOB 0.3142 : L 78 : T 3.3 sec
 - d_sub 200 : OOB 0.3146 : L 79 : T 3.3 sec
 - d_sub 200 : OOB 0.3143 : L 80 : T 3.4 sec
 - d_sub 200 : OOB 0.3142 : L 81 : T 3.4 sec
 - d_sub 200 : OOB 0.3145 : L 82 : T 3.4 sec
 - d_sub 200 : OOB 0.3161 : L 83 : T 3.5 sec
 - d_sub 200 : OOB 0.3150 : L 84 : T 3.5 sec
 - d_sub 200 : OOB 0.3148 : L 85 : T 3.5 sec
 - d_sub 200 : OOB 0.3159 : L 86 : T 3.5 sec
 - d_sub 200 : OOB 0.3156 : L 87 : T 3.6 sec
 - d_sub 200 : OOB 0.3151 : L 88 : T 3.6 sec

 - d_sub 400 : OOB 0.4370 : L 1 : T 0.3 sec
 - d_sub 400 : OOB 0.3955 : L 2 : T 0.6 sec
 - d_sub 400 : OOB 0.3700 : L 3 : T 0.7 sec
 - d_sub 400 : OOB 0.3523 : L 4 : T 1.0 sec
 - d_sub 400 : OOB 0.3402 : L 5 : T 1.2 sec
 - d_sub 400 : OOB 0.3359 : L 6 : T 1.4 sec
 - d_sub 400 : OOB 0.3262 : L 7 : T 1.4 sec
 - d_sub 400 : OOB 0.3231 : L 8 : T 1.5 sec
 - d_sub 400 : OOB 0.3168 : L 9 : T 1.5 sec
 - d_sub 400 : OOB 0.3146 : L 10 : T 1.6 sec
 - d_sub 400 : OOB 0.3125 : L 11 : T 1.7 sec
 - d_sub 400 : OOB 0.3110 : L 12 : T 1.7 sec
 - d_sub 400 : OOB 0.3082 : L 13 : T 1.8 sec
 - d_sub 400 : OOB 0.3034 : L 14 : T 1.9 sec
 - d_sub 400 : OOB 0.3025 : L 15 : T 2.0 sec
 - d_sub 400 : OOB 0.3005 : L 16 : T 2.1 sec
 - d_sub 400 : OOB 0.2991 : L 17 : T 2.3 sec
 - d_sub 400 : OOB 0.2977 : L 18 : T 2.3 sec
 - d_sub 400 : OOB 0.2969 : L 19 : T 2.5 sec
 - d_sub 400 : OOB 0.2986 : L 20 : T 2.6 sec
 - d_sub 400 : OOB 0.2977 : L 21 : T 2.7 sec
 - d_sub 400 : OOB 0.2978 : L 22 : T 2.7 sec
 - d_sub 400 : OOB 0.2977 : L 23 : T 2.8 sec
 - d_sub 400 : OOB 0.2947 : L 24 : T 2.9 sec
 - d_sub 400 : OOB 0.2957 : L 25 : T 2.9 sec
 - d_sub 400 : OOB 0.2956 : L 26 : T 3.0 sec
 - d_sub 400 : OOB 0.2933 : L 27 : T 3.0 sec
 - d_sub 400 : OOB 0.2940 : L 28 : T 3.2 sec
 - d_sub 400 : OOB 0.2968 : L 29 : T 3.2 sec
 - d_sub 400 : OOB 0.2955 : L 30 : T 3.3 sec
 - d_sub 400 : OOB 0.2946 : L 31 : T 3.3 sec
 - d_sub 400 : OOB 0.2930 : L 32 : T 3.4 sec
 - d_sub 400 : OOB 0.2931 : L 33 : T 3.5 sec
 - d_sub 400 : OOB 0.2928 : L 34 : T 3.6 sec
 - d_sub 400 : OOB 0.2943 : L 35 : T 3.6 sec
 - d_sub 400 : OOB 0.2937 : L 36 : T 3.7 sec
 - d_sub 400 : OOB 0.2967 : L 37 : T 3.8 sec
 - d_sub 400 : OOB 0.2921 : L 38 : T 3.8 sec
 - d_sub 400 : OOB 0.2925 : L 39 : T 3.9 sec
 - d_sub 400 : OOB 0.2926 : L 40 : T 4.0 sec
 - d_sub 400 : OOB 0.2924 : L 41 : T 4.1 sec
 - d_sub 400 : OOB 0.2923 : L 42 : T 4.1 sec
 - d_sub 400 : OOB 0.2901 : L 43 : T 4.4 sec
 - d_sub 400 : OOB 0.2901 : L 44 : T 4.4 sec
 - d_sub 400 : OOB 0.2919 : L 45 : T 4.5 sec
 - d_sub 400 : OOB 0.2891 : L 46 : T 4.5 sec
 - d_sub 400 : OOB 0.2889 : L 47 : T 4.6 sec
 - d_sub 400 : OOB 0.2891 : L 48 : T 4.7 sec
 - d_sub 400 : OOB 0.2885 : L 49 : T 4.7 sec
 - d_sub 400 : OOB 0.2886 : L 50 : T 4.8 sec
 - d_sub 400 : OOB 0.2890 : L 51 : T 4.8 sec
 - d_sub 400 : OOB 0.2873 : L 52 : T 4.9 sec
 - d_sub 400 : OOB 0.2878 : L 53 : T 4.9 sec
 - d_sub 400 : OOB 0.2874 : L 54 : T 5.0 sec
 - d_sub 400 : OOB 0.2855 : L 55 : T 5.0 sec
 - d_sub 400 : OOB 0.2854 : L 56 : T 5.1 sec
 - d_sub 400 : OOB 0.2867 : L 57 : T 5.2 sec
 - d_sub 400 : OOB 0.2867 : L 58 : T 5.2 sec
 - d_sub 400 : OOB 0.2873 : L 59 : T 5.3 sec
 - d_sub 400 : OOB 0.2875 : L 60 : T 5.3 sec
 - d_sub 400 : OOB 0.2863 : L 61 : T 5.4 sec
 - d_sub 400 : OOB 0.2867 : L 62 : T 5.5 sec
 - d_sub 400 : OOB 0.2852 : L 63 : T 5.5 sec
 - d_sub 400 : OOB 0.2866 : L 64 : T 5.6 sec
 - d_sub 400 : OOB 0.2848 : L 65 : T 5.6 sec
 - d_sub 400 : OOB 0.2847 : L 66 : T 5.7 sec
 - d_sub 400 : OOB 0.2860 : L 67 : T 5.7 sec
 - d_sub 400 : OOB 0.2866 : L 68 : T 5.8 sec
 - d_sub 400 : OOB 0.2851 : L 69 : T 5.9 sec
 - d_sub 400 : OOB 0.2850 : L 70 : T 5.9 sec
 - d_sub 400 : OOB 0.2859 : L 71 : T 6.0 sec
 - d_sub 400 : OOB 0.2828 : L 72 : T 6.0 sec
 - d_sub 400 : OOB 0.2837 : L 73 : T 6.1 sec
 - d_sub 400 : OOB 0.2838 : L 74 : T 6.2 sec
 - d_sub 400 : OOB 0.2826 : L 75 : T 6.2 sec
 - d_sub 400 : OOB 0.2860 : L 76 : T 6.3 sec
 - d_sub 400 : OOB 0.2837 : L 77 : T 6.3 sec
 - d_sub 400 : OOB 0.2847 : L 78 : T 6.4 sec
 - d_sub 400 : OOB 0.2851 : L 79 : T 6.4 sec
 - d_sub 400 : OOB 0.2831 : L 80 : T 6.5 sec
 - d_sub 400 : OOB 0.2843 : L 81 : T 6.6 sec
 - d_sub 400 : OOB 0.2850 : L 82 : T 6.6 sec
 - d_sub 400 : OOB 0.2839 : L 83 : T 6.7 sec
 - d_sub 400 : OOB 0.2851 : L 84 : T 6.7 sec
 - d_sub 400 : OOB 0.2834 : L 85 : T 6.8 sec
 - d_sub 400 : OOB 0.2837 : L 86 : T 6.8 sec
 - d_sub 400 : OOB 0.2841 : L 87 : T 6.9 sec
 - d_sub 400 : OOB 0.2827 : L 88 : T 7.0 sec
 - d_sub 400 : OOB 0.2844 : L 89 : T 7.0 sec
 - d_sub 400 : OOB 0.2828 : L 90 : T 7.1 sec
 - d_sub 400 : OOB 0.2807 : L 91 : T 7.1 sec
 - d_sub 400 : OOB 0.2836 : L 92 : T 7.2 sec
 - d_sub 400 : OOB 0.2825 : L 93 : T 7.2 sec
 - d_sub 400 : OOB 0.2828 : L 94 : T 7.3 sec
 - d_sub 400 : OOB 0.2808 : L 95 : T 7.4 sec
 - d_sub 400 : OOB 0.2816 : L 96 : T 7.4 sec
 - d_sub 400 : OOB 0.2818 : L 97 : T 7.5 sec
 - d_sub 400 : OOB 0.2837 : L 98 : T 7.5 sec
 - d_sub 400 : OOB 0.2830 : L 99 : T 7.6 sec
 - d_sub 400 : OOB 0.2840 : L 100 : T 7.7 sec
 - d_sub 400 : OOB 0.2829 : L 101 : T 7.7 sec
 - d_sub 400 : OOB 0.2823 : L 102 : T 7.8 sec
 - d_sub 400 : OOB 0.2830 : L 103 : T 7.8 sec
 - d_sub 400 : OOB 0.2829 : L 104 : T 7.9 sec
 - d_sub 400 : OOB 0.2838 : L 105 : T 7.9 sec
 - d_sub 400 : OOB 0.2831 : L 106 : T 8.0 sec
 - d_sub 400 : OOB 0.2822 : L 107 : T 8.0 sec
 - d_sub 400 : OOB 0.2839 : L 108 : T 8.1 sec

 - d_sub 600 : OOB 0.4346 : L 1 : T 0.1 sec
 - d_sub 600 : OOB 0.3926 : L 2 : T 0.2 sec
 - d_sub 600 : OOB 0.3680 : L 3 : T 0.3 sec
 - d_sub 600 : OOB 0.3518 : L 4 : T 0.3 sec
 - d_sub 600 : OOB 0.3374 : L 5 : T 0.4 sec
 - d_sub 600 : OOB 0.3303 : L 6 : T 0.5 sec
 - d_sub 600 : OOB 0.3180 : L 7 : T 0.6 sec
 - d_sub 600 : OOB 0.3138 : L 8 : T 0.7 sec
 - d_sub 600 : OOB 0.3089 : L 9 : T 0.8 sec
 - d_sub 600 : OOB 0.3046 : L 10 : T 0.8 sec
 - d_sub 600 : OOB 0.3004 : L 11 : T 0.9 sec
 - d_sub 600 : OOB 0.2966 : L 12 : T 1.0 sec
 - d_sub 600 : OOB 0.2968 : L 13 : T 1.1 sec
 - d_sub 600 : OOB 0.2951 : L 14 : T 1.2 sec
 - d_sub 600 : OOB 0.2914 : L 15 : T 1.3 sec
 - d_sub 600 : OOB 0.2884 : L 16 : T 1.4 sec
 - d_sub 600 : OOB 0.2912 : L 17 : T 1.4 sec
 - d_sub 600 : OOB 0.2857 : L 18 : T 1.5 sec
 - d_sub 600 : OOB 0.2858 : L 19 : T 1.6 sec
 - d_sub 600 : OOB 0.2860 : L 20 : T 1.7 sec
 - d_sub 600 : OOB 0.2851 : L 21 : T 1.8 sec
 - d_sub 600 : OOB 0.2827 : L 22 : T 1.9 sec
 - d_sub 600 : OOB 0.2836 : L 23 : T 2.0 sec
 - d_sub 600 : OOB 0.2820 : L 24 : T 2.0 sec
 - d_sub 600 : OOB 0.2802 : L 25 : T 2.1 sec
 - d_sub 600 : OOB 0.2829 : L 26 : T 2.2 sec
 - d_sub 600 : OOB 0.2848 : L 27 : T 2.3 sec
 - d_sub 600 : OOB 0.2835 : L 28 : T 2.4 sec
 - d_sub 600 : OOB 0.2806 : L 29 : T 2.5 sec
 - d_sub 600 : OOB 0.2793 : L 30 : T 2.6 sec
 - d_sub 600 : OOB 0.2795 : L 31 : T 2.7 sec
 - d_sub 600 : OOB 0.2796 : L 32 : T 2.7 sec
 - d_sub 600 : OOB 0.2784 : L 33 : T 2.8 sec
 - d_sub 600 : OOB 0.2798 : L 34 : T 2.9 sec
 - d_sub 600 : OOB 0.2791 : L 35 : T 3.0 sec
 - d_sub 600 : OOB 0.2764 : L 36 : T 3.1 sec
 - d_sub 600 : OOB 0.2775 : L 37 : T 3.2 sec
 - d_sub 600 : OOB 0.2772 : L 38 : T 3.3 sec
 - d_sub 600 : OOB 0.2750 : L 39 : T 3.4 sec
 - d_sub 600 : OOB 0.2748 : L 40 : T 3.4 sec
 - d_sub 600 : OOB 0.2734 : L 41 : T 3.5 sec
 - d_sub 600 : OOB 0.2742 : L 42 : T 3.6 sec
 - d_sub 600 : OOB 0.2749 : L 43 : T 3.7 sec
 - d_sub 600 : OOB 0.2754 : L 44 : T 3.8 sec
 - d_sub 600 : OOB 0.2740 : L 45 : T 3.9 sec
 - d_sub 600 : OOB 0.2739 : L 46 : T 4.0 sec
 - d_sub 600 : OOB 0.2730 : L 47 : T 4.1 sec
 - d_sub 600 : OOB 0.2737 : L 48 : T 4.1 sec
 - d_sub 600 : OOB 0.2727 : L 49 : T 4.2 sec
 - d_sub 600 : OOB 0.2738 : L 50 : T 4.3 sec
 - d_sub 600 : OOB 0.2731 : L 51 : T 4.4 sec
 - d_sub 600 : OOB 0.2734 : L 52 : T 4.5 sec
 - d_sub 600 : OOB 0.2716 : L 53 : T 4.6 sec
 - d_sub 600 : OOB 0.2738 : L 54 : T 4.7 sec
 - d_sub 600 : OOB 0.2740 : L 55 : T 4.7 sec
 - d_sub 600 : OOB 0.2735 : L 56 : T 4.8 sec
 - d_sub 600 : OOB 0.2723 : L 57 : T 4.9 sec
 - d_sub 600 : OOB 0.2735 : L 58 : T 5.0 sec
 - d_sub 600 : OOB 0.2735 : L 59 : T 5.1 sec
 - d_sub 600 : OOB 0.2738 : L 60 : T 5.1 sec
 - d_sub 600 : OOB 0.2743 : L 61 : T 5.2 sec
 - d_sub 600 : OOB 0.2752 : L 62 : T 5.3 sec
 - d_sub 600 : OOB 0.2743 : L 63 : T 5.4 sec
 - d_sub 600 : OOB 0.2729 : L 64 : T 5.5 sec
 - d_sub 600 : OOB 0.2725 : L 65 : T 5.6 sec
 - d_sub 600 : OOB 0.2740 : L 66 : T 5.7 sec
 - d_sub 600 : OOB 0.2727 : L 67 : T 5.8 sec
 - d_sub 600 : OOB 0.2727 : L 68 : T 5.8 sec
 - d_sub 600 : OOB 0.2727 : L 69 : T 5.9 sec
 - d_sub 600 : OOB 0.2738 : L 70 : T 6.0 sec
 - d_sub 600 : OOB 0.2737 : L 71 : T 6.1 sec
 - d_sub 600 : OOB 0.2724 : L 72 : T 6.2 sec
 - d_sub 600 : OOB 0.2737 : L 73 : T 6.3 sec
 - d_sub 600 : OOB 0.2704 : L 74 : T 6.4 sec
 - d_sub 600 : OOB 0.2719 : L 75 : T 6.4 sec
 - d_sub 600 : OOB 0.2691 : L 76 : T 6.5 sec
 - d_sub 600 : OOB 0.2701 : L 77 : T 6.6 sec
 - d_sub 600 : OOB 0.2695 : L 78 : T 6.7 sec
 - d_sub 600 : OOB 0.2704 : L 79 : T 6.8 sec
 - d_sub 600 : OOB 0.2710 : L 80 : T 6.9 sec
 - d_sub 600 : OOB 0.2727 : L 81 : T 7.0 sec
 - d_sub 600 : OOB 0.2710 : L 82 : T 7.1 sec
 - d_sub 600 : OOB 0.2713 : L 83 : T 7.1 sec
 - d_sub 600 : OOB 0.2712 : L 84 : T 7.2 sec
 - d_sub 600 : OOB 0.2705 : L 85 : T 7.3 sec
 - d_sub 600 : OOB 0.2696 : L 86 : T 7.4 sec
 - d_sub 600 : OOB 0.2668 : L 87 : T 7.5 sec
 - d_sub 600 : OOB 0.2669 : L 88 : T 7.6 sec
 - d_sub 600 : OOB 0.2677 : L 89 : T 7.6 sec
 - d_sub 600 : OOB 0.2681 : L 90 : T 7.7 sec
 - d_sub 600 : OOB 0.2691 : L 91 : T 7.8 sec
 - d_sub 600 : OOB 0.2681 : L 92 : T 7.9 sec
 - d_sub 600 : OOB 0.2695 : L 93 : T 8.0 sec
 - d_sub 600 : OOB 0.2684 : L 94 : T 8.1 sec
 - d_sub 600 : OOB 0.2666 : L 95 : T 8.2 sec
 - d_sub 600 : OOB 0.2675 : L 96 : T 8.3 sec
 - d_sub 600 : OOB 0.2673 : L 97 : T 8.4 sec
 - d_sub 600 : OOB 0.2691 : L 98 : T 8.4 sec
 - d_sub 600 : OOB 0.2680 : L 99 : T 8.5 sec
 - d_sub 600 : OOB 0.2680 : L 100 : T 8.6 sec
 - d_sub 600 : OOB 0.2687 : L 101 : T 8.7 sec
 - d_sub 600 : OOB 0.2682 : L 102 : T 8.8 sec
 - d_sub 600 : OOB 0.2685 : L 103 : T 8.9 sec
 - d_sub 600 : OOB 0.2665 : L 104 : T 9.0 sec
 - d_sub 600 : OOB 0.2663 : L 105 : T 9.0 sec
 - d_sub 600 : OOB 0.2647 : L 106 : T 9.1 sec
 - d_sub 600 : OOB 0.2667 : L 107 : T 9.2 sec
 - d_sub 600 : OOB 0.2665 : L 108 : T 9.3 sec
 - d_sub 600 : OOB 0.2660 : L 109 : T 9.4 sec
 - d_sub 600 : OOB 0.2661 : L 110 : T 9.5 sec
 - d_sub 600 : OOB 0.2654 : L 111 : T 9.6 sec
 - d_sub 600 : OOB 0.2679 : L 112 : T 9.7 sec
 - d_sub 600 : OOB 0.2675 : L 113 : T 9.7 sec
 - d_sub 600 : OOB 0.2677 : L 114 : T 9.8 sec
 - d_sub 600 : OOB 0.2683 : L 115 : T 9.9 sec
 - d_sub 600 : OOB 0.2682 : L 116 : T 10.0 sec
 - d_sub 600 : OOB 0.2686 : L 117 : T 10.1 sec
 - d_sub 600 : OOB 0.2692 : L 118 : T 10.2 sec
 - d_sub 600 : OOB 0.2686 : L 119 : T 10.3 sec
 - d_sub 600 : OOB 0.2679 : L 120 : T 10.3 sec
 - d_sub 600 : OOB 0.2667 : L 121 : T 10.4 sec
 - d_sub 600 : OOB 0.2670 : L 122 : T 10.5 sec
 - d_sub 600 : OOB 0.2673 : L 123 : T 10.6 sec
 - d_sub 600 : OOB 0.2687 : L 124 : T 10.7 sec
 - d_sub 600 : OOB 0.2694 : L 125 : T 10.8 sec
 - d_sub 600 : OOB 0.2684 : L 126 : T 10.9 sec
 - d_sub 600 : OOB 0.2679 : L 127 : T 10.9 sec
 - d_sub 600 : OOB 0.2673 : L 128 : T 11.0 sec
 - d_sub 600 : OOB 0.2665 : L 129 : T 11.1 sec
 - d_sub 600 : OOB 0.2678 : L 130 : T 11.2 sec
 - d_sub 600 : OOB 0.2671 : L 131 : T 11.3 sec

 - d_sub 800 : OOB 0.4253 : L 1 : T 0.1 sec
 - d_sub 800 : OOB 0.3812 : L 2 : T 0.2 sec
 - d_sub 800 : OOB 0.3547 : L 3 : T 0.3 sec
 - d_sub 800 : OOB 0.3371 : L 4 : T 0.5 sec
 - d_sub 800 : OOB 0.3235 : L 5 : T 0.6 sec
 - d_sub 800 : OOB 0.3184 : L 6 : T 0.7 sec
 - d_sub 800 : OOB 0.3058 : L 7 : T 0.8 sec
 - d_sub 800 : OOB 0.3051 : L 8 : T 1.0 sec
 - d_sub 800 : OOB 0.2980 : L 9 : T 1.1 sec
 - d_sub 800 : OOB 0.2950 : L 10 : T 1.2 sec
 - d_sub 800 : OOB 0.2911 : L 11 : T 1.3 sec
 - d_sub 800 : OOB 0.2855 : L 12 : T 1.4 sec
 - d_sub 800 : OOB 0.2864 : L 13 : T 1.6 sec
 - d_sub 800 : OOB 0.2806 : L 14 : T 1.7 sec
 - d_sub 800 : OOB 0.2794 : L 15 : T 1.8 sec
 - d_sub 800 : OOB 0.2768 : L 16 : T 1.9 sec
 - d_sub 800 : OOB 0.2799 : L 17 : T 2.1 sec
 - d_sub 800 : OOB 0.2755 : L 18 : T 2.2 sec
 - d_sub 800 : OOB 0.2741 : L 19 : T 2.3 sec
 - d_sub 800 : OOB 0.2761 : L 20 : T 2.5 sec
 - d_sub 800 : OOB 0.2768 : L 21 : T 2.6 sec
 - d_sub 800 : OOB 0.2742 : L 22 : T 2.7 sec
 - d_sub 800 : OOB 0.2713 : L 23 : T 2.9 sec
 - d_sub 800 : OOB 0.2702 : L 24 : T 3.0 sec
 - d_sub 800 : OOB 0.2708 : L 25 : T 3.1 sec
 - d_sub 800 : OOB 0.2696 : L 26 : T 3.2 sec
 - d_sub 800 : OOB 0.2685 : L 27 : T 3.4 sec
 - d_sub 800 : OOB 0.2680 : L 28 : T 3.5 sec
 - d_sub 800 : OOB 0.2650 : L 29 : T 3.6 sec
 - d_sub 800 : OOB 0.2661 : L 30 : T 3.8 sec
 - d_sub 800 : OOB 0.2648 : L 31 : T 3.9 sec
 - d_sub 800 : OOB 0.2644 : L 32 : T 4.0 sec
 - d_sub 800 : OOB 0.2659 : L 33 : T 4.2 sec
 - d_sub 800 : OOB 0.2655 : L 34 : T 4.3 sec
 - d_sub 800 : OOB 0.2644 : L 35 : T 4.4 sec
 - d_sub 800 : OOB 0.2649 : L 36 : T 4.6 sec
 - d_sub 800 : OOB 0.2647 : L 37 : T 4.7 sec
 - d_sub 800 : OOB 0.2652 : L 38 : T 4.8 sec
 - d_sub 800 : OOB 0.2654 : L 39 : T 5.0 sec
 - d_sub 800 : OOB 0.2642 : L 40 : T 5.1 sec
 - d_sub 800 : OOB 0.2665 : L 41 : T 5.2 sec
 - d_sub 800 : OOB 0.2645 : L 42 : T 5.4 sec
 - d_sub 800 : OOB 0.2654 : L 43 : T 5.5 sec
 - d_sub 800 : OOB 0.2646 : L 44 : T 5.6 sec
 - d_sub 800 : OOB 0.2634 : L 45 : T 5.8 sec
 - d_sub 800 : OOB 0.2626 : L 46 : T 5.9 sec
 - d_sub 800 : OOB 0.2626 : L 47 : T 6.0 sec
 - d_sub 800 : OOB 0.2623 : L 48 : T 6.2 sec
 - d_sub 800 : OOB 0.2614 : L 49 : T 6.3 sec
 - d_sub 800 : OOB 0.2633 : L 50 : T 6.4 sec
 - d_sub 800 : OOB 0.2629 : L 51 : T 6.6 sec
 - d_sub 800 : OOB 0.2630 : L 52 : T 6.7 sec
 - d_sub 800 : OOB 0.2623 : L 53 : T 6.8 sec
 - d_sub 800 : OOB 0.2620 : L 54 : T 7.0 sec
 - d_sub 800 : OOB 0.2628 : L 55 : T 7.1 sec
 - d_sub 800 : OOB 0.2628 : L 56 : T 7.2 sec
 - d_sub 800 : OOB 0.2650 : L 57 : T 7.4 sec
 - d_sub 800 : OOB 0.2635 : L 58 : T 7.5 sec
 - d_sub 800 : OOB 0.2636 : L 59 : T 7.6 sec
 - d_sub 800 : OOB 0.2627 : L 60 : T 7.8 sec
 - d_sub 800 : OOB 0.2610 : L 61 : T 7.9 sec
 - d_sub 800 : OOB 0.2622 : L 62 : T 8.0 sec
 - d_sub 800 : OOB 0.2633 : L 63 : T 8.2 sec
 - d_sub 800 : OOB 0.2608 : L 64 : T 8.3 sec
 - d_sub 800 : OOB 0.2618 : L 65 : T 8.4 sec
 - d_sub 800 : OOB 0.2612 : L 66 : T 8.6 sec
 - d_sub 800 : OOB 0.2611 : L 67 : T 8.7 sec
 - d_sub 800 : OOB 0.2611 : L 68 : T 8.8 sec
 - d_sub 800 : OOB 0.2601 : L 69 : T 9.0 sec
 - d_sub 800 : OOB 0.2588 : L 70 : T 9.1 sec
 - d_sub 800 : OOB 0.2596 : L 71 : T 9.2 sec
 - d_sub 800 : OOB 0.2597 : L 72 : T 9.4 sec
 - d_sub 800 : OOB 0.2602 : L 73 : T 9.5 sec
 - d_sub 800 : OOB 0.2585 : L 74 : T 9.6 sec
 - d_sub 800 : OOB 0.2584 : L 75 : T 9.8 sec
 - d_sub 800 : OOB 0.2594 : L 76 : T 9.9 sec
 - d_sub 800 : OOB 0.2582 : L 77 : T 10.0 sec
 - d_sub 800 : OOB 0.2599 : L 78 : T 10.2 sec
 - d_sub 800 : OOB 0.2569 : L 79 : T 10.3 sec
 - d_sub 800 : OOB 0.2587 : L 80 : T 10.4 sec
 - d_sub 800 : OOB 0.2559 : L 81 : T 10.6 sec
 - d_sub 800 : OOB 0.2577 : L 82 : T 10.7 sec
 - d_sub 800 : OOB 0.2578 : L 83 : T 10.8 sec
 - d_sub 800 : OOB 0.2590 : L 84 : T 11.0 sec
 - d_sub 800 : OOB 0.2582 : L 85 : T 11.1 sec
 - d_sub 800 : OOB 0.2592 : L 86 : T 11.3 sec
 - d_sub 800 : OOB 0.2599 : L 87 : T 11.4 sec
 - d_sub 800 : OOB 0.2595 : L 88 : T 11.5 sec
 - d_sub 800 : OOB 0.2577 : L 89 : T 11.6 sec
 - d_sub 800 : OOB 0.2593 : L 90 : T 11.8 sec
 - d_sub 800 : OOB 0.2592 : L 91 : T 11.9 sec
 - d_sub 800 : OOB 0.2588 : L 92 : T 12.1 sec
 - d_sub 800 : OOB 0.2581 : L 93 : T 12.2 sec
 - d_sub 800 : OOB 0.2590 : L 94 : T 12.3 sec
 - d_sub 800 : OOB 0.2603 : L 95 : T 12.5 sec
 - d_sub 800 : OOB 0.2591 : L 96 : T 12.6 sec
 - d_sub 800 : OOB 0.2592 : L 97 : T 12.7 sec
 - d_sub 800 : OOB 0.2583 : L 98 : T 12.8 sec
 - d_sub 800 : OOB 0.2586 : L 99 : T 13.0 sec
 - d_sub 800 : OOB 0.2589 : L 100 : T 13.1 sec
 - d_sub 800 : OOB 0.2591 : L 101 : T 13.3 sec
 - d_sub 800 : OOB 0.2592 : L 102 : T 13.4 sec
 - d_sub 800 : OOB 0.2604 : L 103 : T 13.5 sec
 - d_sub 800 : OOB 0.2578 : L 104 : T 13.6 sec
 - d_sub 800 : OOB 0.2581 : L 105 : T 13.8 sec
 - d_sub 800 : OOB 0.2572 : L 106 : T 13.9 sec
 - d_sub 800 : OOB 0.2576 : L 107 : T 14.1 sec
 - d_sub 800 : OOB 0.2568 : L 108 : T 14.2 sec
 - d_sub 800 : OOB 0.2574 : L 109 : T 14.3 sec

 - d_sub 1000 : OOB 0.4295 : L 1 : T 0.2 sec
 - d_sub 1000 : OOB 0.3827 : L 2 : T 0.4 sec
 - d_sub 1000 : OOB 0.3569 : L 3 : T 0.5 sec
 - d_sub 1000 : OOB 0.3361 : L 4 : T 0.7 sec
 - d_sub 1000 : OOB 0.3193 : L 5 : T 0.9 sec
 - d_sub 1000 : OOB 0.3155 : L 6 : T 1.1 sec
 - d_sub 1000 : OOB 0.3056 : L 7 : T 1.3 sec
 - d_sub 1000 : OOB 0.2968 : L 8 : T 1.5 sec
 - d_sub 1000 : OOB 0.2903 : L 9 : T 1.7 sec
 - d_sub 1000 : OOB 0.2887 : L 10 : T 1.9 sec
 - d_sub 1000 : OOB 0.2851 : L 11 : T 2.1 sec
 - d_sub 1000 : OOB 0.2806 : L 12 : T 2.2 sec
 - d_sub 1000 : OOB 0.2820 : L 13 : T 2.4 sec
 - d_sub 1000 : OOB 0.2769 : L 14 : T 2.6 sec
 - d_sub 1000 : OOB 0.2758 : L 15 : T 2.8 sec
 - d_sub 1000 : OOB 0.2741 : L 16 : T 3.0 sec
 - d_sub 1000 : OOB 0.2799 : L 17 : T 3.2 sec
 - d_sub 1000 : OOB 0.2748 : L 18 : T 3.4 sec
 - d_sub 1000 : OOB 0.2746 : L 19 : T 3.6 sec
 - d_sub 1000 : OOB 0.2748 : L 20 : T 3.8 sec
 - d_sub 1000 : OOB 0.2725 : L 21 : T 4.0 sec
 - d_sub 1000 : OOB 0.2718 : L 22 : T 4.2 sec
 - d_sub 1000 : OOB 0.2701 : L 23 : T 4.3 sec
 - d_sub 1000 : OOB 0.2720 : L 24 : T 4.5 sec
 - d_sub 1000 : OOB 0.2698 : L 25 : T 4.7 sec
 - d_sub 1000 : OOB 0.2680 : L 26 : T 4.9 sec
 - d_sub 1000 : OOB 0.2674 : L 27 : T 5.1 sec
 - d_sub 1000 : OOB 0.2680 : L 28 : T 5.3 sec
 - d_sub 1000 : OOB 0.2658 : L 29 : T 5.5 sec
 - d_sub 1000 : OOB 0.2670 : L 30 : T 5.6 sec
 - d_sub 1000 : OOB 0.2657 : L 31 : T 5.9 sec
 - d_sub 1000 : OOB 0.2646 : L 32 : T 6.1 sec
 - d_sub 1000 : OOB 0.2645 : L 33 : T 6.3 sec
 - d_sub 1000 : OOB 0.2631 : L 34 : T 6.5 sec
 - d_sub 1000 : OOB 0.2634 : L 35 : T 6.7 sec
 - d_sub 1000 : OOB 0.2639 : L 36 : T 6.9 sec
 - d_sub 1000 : OOB 0.2628 : L 37 : T 7.0 sec
 - d_sub 1000 : OOB 0.2620 : L 38 : T 7.2 sec
 - d_sub 1000 : OOB 0.2631 : L 39 : T 7.4 sec
 - d_sub 1000 : OOB 0.2623 : L 40 : T 7.6 sec
 - d_sub 1000 : OOB 0.2637 : L 41 : T 7.8 sec
 - d_sub 1000 : OOB 0.2648 : L 42 : T 8.0 sec
 - d_sub 1000 : OOB 0.2630 : L 43 : T 8.2 sec
 - d_sub 1000 : OOB 0.2626 : L 44 : T 8.4 sec
 - d_sub 1000 : OOB 0.2630 : L 45 : T 8.6 sec
 - d_sub 1000 : OOB 0.2616 : L 46 : T 8.8 sec
 - d_sub 1000 : OOB 0.2613 : L 47 : T 9.0 sec
 - d_sub 1000 : OOB 0.2611 : L 48 : T 9.2 sec
 - d_sub 1000 : OOB 0.2607 : L 49 : T 9.5 sec
 - d_sub 1000 : OOB 0.2625 : L 50 : T 9.6 sec
 - d_sub 1000 : OOB 0.2604 : L 51 : T 9.8 sec
 - d_sub 1000 : OOB 0.2601 : L 52 : T 10.0 sec
 - d_sub 1000 : OOB 0.2605 : L 53 : T 10.2 sec
 - d_sub 1000 : OOB 0.2603 : L 54 : T 10.4 sec
 - d_sub 1000 : OOB 0.2602 : L 55 : T 10.6 sec
 - d_sub 1000 : OOB 0.2597 : L 56 : T 10.8 sec
 - d_sub 1000 : OOB 0.2589 : L 57 : T 11.0 sec
 - d_sub 1000 : OOB 0.2585 : L 58 : T 11.2 sec
 - d_sub 1000 : OOB 0.2567 : L 59 : T 11.4 sec
 - d_sub 1000 : OOB 0.2556 : L 60 : T 11.5 sec
 - d_sub 1000 : OOB 0.2554 : L 61 : T 11.7 sec
 - d_sub 1000 : OOB 0.2563 : L 62 : T 11.9 sec
 - d_sub 1000 : OOB 0.2543 : L 63 : T 12.1 sec
 - d_sub 1000 : OOB 0.2556 : L 64 : T 12.3 sec
 - d_sub 1000 : OOB 0.2569 : L 65 : T 12.5 sec
 - d_sub 1000 : OOB 0.2571 : L 66 : T 12.7 sec
 - d_sub 1000 : OOB 0.2557 : L 67 : T 12.9 sec
 - d_sub 1000 : OOB 0.2556 : L 68 : T 13.1 sec
 - d_sub 1000 : OOB 0.2563 : L 69 : T 13.3 sec
 - d_sub 1000 : OOB 0.2534 : L 70 : T 13.5 sec
 - d_sub 1000 : OOB 0.2540 : L 71 : T 13.6 sec
 - d_sub 1000 : OOB 0.2558 : L 72 : T 13.8 sec
 - d_sub 1000 : OOB 0.2545 : L 73 : T 14.0 sec
 - d_sub 1000 : OOB 0.2545 : L 74 : T 14.2 sec
 - d_sub 1000 : OOB 0.2552 : L 75 : T 14.4 sec
 - d_sub 1000 : OOB 0.2564 : L 76 : T 14.6 sec
 - d_sub 1000 : OOB 0.2550 : L 77 : T 14.8 sec
 - d_sub 1000 : OOB 0.2544 : L 78 : T 15.0 sec
 - d_sub 1000 : OOB 0.2556 : L 79 : T 15.2 sec
 - d_sub 1000 : OOB 0.2534 : L 80 : T 15.4 sec
 - d_sub 1000 : OOB 0.2543 : L 81 : T 15.6 sec
 - d_sub 1000 : OOB 0.2538 : L 82 : T 15.8 sec
 - d_sub 1000 : OOB 0.2531 : L 83 : T 15.9 sec
 - d_sub 1000 : OOB 0.2560 : L 84 : T 16.1 sec
 - d_sub 1000 : OOB 0.2550 : L 85 : T 16.3 sec
 - d_sub 1000 : OOB 0.2559 : L 86 : T 16.5 sec
 - d_sub 1000 : OOB 0.2551 : L 87 : T 16.7 sec
 - d_sub 1000 : OOB 0.2530 : L 88 : T 16.9 sec
 - d_sub 1000 : OOB 0.2540 : L 89 : T 17.1 sec
 - d_sub 1000 : OOB 0.2543 : L 90 : T 17.3 sec
 - d_sub 1000 : OOB 0.2529 : L 91 : T 17.5 sec
 - d_sub 1000 : OOB 0.2532 : L 92 : T 17.7 sec
 - d_sub 1000 : OOB 0.2525 : L 93 : T 17.9 sec
 - d_sub 1000 : OOB 0.2528 : L 94 : T 18.0 sec
 - d_sub 1000 : OOB 0.2520 : L 95 : T 18.2 sec
 - d_sub 1000 : OOB 0.2527 : L 96 : T 18.4 sec
 - d_sub 1000 : OOB 0.2522 : L 97 : T 18.6 sec
 - d_sub 1000 : OOB 0.2508 : L 98 : T 18.8 sec
 - d_sub 1000 : OOB 0.2519 : L 99 : T 19.0 sec
 - d_sub 1000 : OOB 0.2522 : L 100 : T 19.2 sec
 - d_sub 1000 : OOB 0.2505 : L 101 : T 19.4 sec
 - d_sub 1000 : OOB 0.2510 : L 102 : T 19.6 sec
 - d_sub 1000 : OOB 0.2511 : L 103 : T 19.8 sec
 - d_sub 1000 : OOB 0.2523 : L 104 : T 20.1 sec
 - d_sub 1000 : OOB 0.2515 : L 105 : T 20.2 sec
 - d_sub 1000 : OOB 0.2508 : L 106 : T 20.4 sec
 - d_sub 1000 : OOB 0.2507 : L 107 : T 20.6 sec
 - d_sub 1000 : OOB 0.2499 : L 108 : T 20.8 sec
 - d_sub 1000 : OOB 0.2507 : L 109 : T 21.0 sec
 - d_sub 1000 : OOB 0.2500 : L 110 : T 21.2 sec
 - d_sub 1000 : OOB 0.2498 : L 111 : T 21.4 sec
 - d_sub 1000 : OOB 0.2488 : L 112 : T 21.6 sec
 - d_sub 1000 : OOB 0.2496 : L 113 : T 21.8 sec
 - d_sub 1000 : OOB 0.2498 : L 114 : T 22.0 sec
 - d_sub 1000 : OOB 0.2503 : L 115 : T 22.2 sec
 - d_sub 1000 : OOB 0.2505 : L 116 : T 22.3 sec
 - d_sub 1000 : OOB 0.2503 : L 117 : T 22.5 sec
 - d_sub 1000 : OOB 0.2501 : L 118 : T 22.7 sec
 - d_sub 1000 : OOB 0.2502 : L 119 : T 22.9 sec
 - d_sub 1000 : OOB 0.2510 : L 120 : T 23.1 sec
 - d_sub 1000 : OOB 0.2506 : L 121 : T 23.3 sec
 - d_sub 1000 : OOB 0.2514 : L 122 : T 23.5 sec
 - d_sub 1000 : OOB 0.2506 : L 123 : T 23.7 sec
 - d_sub 1000 : OOB 0.2509 : L 124 : T 23.9 sec
 - d_sub 1000 : OOB 0.2501 : L 125 : T 24.1 sec
 - d_sub 1000 : OOB 0.2506 : L 126 : T 24.3 sec
 - d_sub 1000 : OOB 0.2503 : L 127 : T 24.5 sec
 - d_sub 1000 : OOB 0.2500 : L 128 : T 24.7 sec
 - d_sub 1000 : OOB 0.2508 : L 129 : T 24.8 sec
 - d_sub 1000 : OOB 0.2504 : L 130 : T 25.0 sec
 - d_sub 1000 : OOB 0.2499 : L 131 : T 25.2 sec
 - d_sub 1000 : OOB 0.2489 : L 132 : T 25.4 sec
 - d_sub 1000 : OOB 0.2503 : L 133 : T 25.6 sec
 - d_sub 1000 : OOB 0.2508 : L 134 : T 25.8 sec
 - d_sub 1000 : OOB 0.2512 : L 135 : T 26.0 sec

 - d_sub 1200 : OOB 0.4266 : L 1 : T 0.2 sec
 - d_sub 1200 : OOB 0.3826 : L 2 : T 0.5 sec
 - d_sub 1200 : OOB 0.3559 : L 3 : T 0.7 sec
 - d_sub 1200 : OOB 0.3345 : L 4 : T 1.7 sec
 - d_sub 1200 : OOB 0.3165 : L 5 : T 1.9 sec
 - d_sub 1200 : OOB 0.3081 : L 6 : T 2.2 sec
 - d_sub 1200 : OOB 0.2940 : L 7 : T 2.4 sec
 - d_sub 1200 : OOB 0.2947 : L 8 : T 2.7 sec
 - d_sub 1200 : OOB 0.2823 : L 9 : T 2.9 sec
 - d_sub 1200 : OOB 0.2831 : L 10 : T 3.2 sec
 - d_sub 1200 : OOB 0.2815 : L 11 : T 3.4 sec
 - d_sub 1200 : OOB 0.2767 : L 12 : T 3.7 sec
 - d_sub 1200 : OOB 0.2760 : L 13 : T 3.9 sec
 - d_sub 1200 : OOB 0.2704 : L 14 : T 4.2 sec
 - d_sub 1200 : OOB 0.2682 : L 15 : T 4.4 sec
 - d_sub 1200 : OOB 0.2658 : L 16 : T 4.7 sec
 - d_sub 1200 : OOB 0.2690 : L 17 : T 4.9 sec
 - d_sub 1200 : OOB 0.2663 : L 18 : T 5.2 sec
 - d_sub 1200 : OOB 0.2671 : L 19 : T 5.4 sec
 - d_sub 1200 : OOB 0.2666 : L 20 : T 5.7 sec
 - d_sub 1200 : OOB 0.2656 : L 21 : T 5.9 sec
 - d_sub 1200 : OOB 0.2629 : L 22 : T 6.2 sec
 - d_sub 1200 : OOB 0.2643 : L 23 : T 6.4 sec
 - d_sub 1200 : OOB 0.2650 : L 24 : T 6.7 sec
 - d_sub 1200 : OOB 0.2642 : L 25 : T 6.9 sec
 - d_sub 1200 : OOB 0.2606 : L 26 : T 7.1 sec
 - d_sub 1200 : OOB 0.2602 : L 27 : T 7.3 sec
 - d_sub 1200 : OOB 0.2608 : L 28 : T 7.6 sec
 - d_sub 1200 : OOB 0.2588 : L 29 : T 7.8 sec
 - d_sub 1200 : OOB 0.2594 : L 30 : T 8.0 sec
 - d_sub 1200 : OOB 0.2584 : L 31 : T 8.2 sec
 - d_sub 1200 : OOB 0.2604 : L 32 : T 8.5 sec
 - d_sub 1200 : OOB 0.2603 : L 33 : T 8.7 sec
 - d_sub 1200 : OOB 0.2585 : L 34 : T 8.9 sec
 - d_sub 1200 : OOB 0.2579 : L 35 : T 9.2 sec
 - d_sub 1200 : OOB 0.2581 : L 36 : T 9.4 sec
 - d_sub 1200 : OOB 0.2535 : L 37 : T 9.6 sec
 - d_sub 1200 : OOB 0.2552 : L 38 : T 9.8 sec
 - d_sub 1200 : OOB 0.2545 : L 39 : T 10.1 sec
 - d_sub 1200 : OOB 0.2545 : L 40 : T 10.3 sec
 - d_sub 1200 : OOB 0.2546 : L 41 : T 10.6 sec
 - d_sub 1200 : OOB 0.2533 : L 42 : T 10.8 sec
 - d_sub 1200 : OOB 0.2521 : L 43 : T 11.1 sec
 - d_sub 1200 : OOB 0.2530 : L 44 : T 11.3 sec
 - d_sub 1200 : OOB 0.2506 : L 45 : T 11.5 sec
 - d_sub 1200 : OOB 0.2520 : L 46 : T 11.8 sec
 - d_sub 1200 : OOB 0.2522 : L 47 : T 12.0 sec
 - d_sub 1200 : OOB 0.2525 : L 48 : T 12.2 sec
 - d_sub 1200 : OOB 0.2525 : L 49 : T 12.5 sec
 - d_sub 1200 : OOB 0.2525 : L 50 : T 12.7 sec
 - d_sub 1200 : OOB 0.2522 : L 51 : T 13.0 sec
 - d_sub 1200 : OOB 0.2517 : L 52 : T 13.2 sec
 - d_sub 1200 : OOB 0.2514 : L 53 : T 13.5 sec
 - d_sub 1200 : OOB 0.2517 : L 54 : T 13.8 sec
 - d_sub 1200 : OOB 0.2522 : L 55 : T 14.0 sec
 - d_sub 1200 : OOB 0.2506 : L 56 : T 14.2 sec
 - d_sub 1200 : OOB 0.2489 : L 57 : T 14.5 sec
 - d_sub 1200 : OOB 0.2499 : L 58 : T 14.7 sec
 - d_sub 1200 : OOB 0.2497 : L 59 : T 15.0 sec
 - d_sub 1200 : OOB 0.2502 : L 60 : T 15.7 sec
 - d_sub 1200 : OOB 0.2489 : L 61 : T 15.9 sec
 - d_sub 1200 : OOB 0.2493 : L 62 : T 16.2 sec
 - d_sub 1200 : OOB 0.2500 : L 63 : T 16.4 sec
 - d_sub 1200 : OOB 0.2504 : L 64 : T 16.7 sec
 - d_sub 1200 : OOB 0.2502 : L 65 : T 16.9 sec
 - d_sub 1200 : OOB 0.2482 : L 66 : T 17.1 sec
 - d_sub 1200 : OOB 0.2492 : L 67 : T 17.3 sec
 - d_sub 1200 : OOB 0.2497 : L 68 : T 17.5 sec
 - d_sub 1200 : OOB 0.2488 : L 69 : T 17.8 sec
 - d_sub 1200 : OOB 0.2498 : L 70 : T 18.0 sec
 - d_sub 1200 : OOB 0.2502 : L 71 : T 18.2 sec
 - d_sub 1200 : OOB 0.2499 : L 72 : T 18.4 sec
 - d_sub 1200 : OOB 0.2509 : L 73 : T 18.7 sec
 - d_sub 1200 : OOB 0.2506 : L 74 : T 19.0 sec
 - d_sub 1200 : OOB 0.2525 : L 75 : T 19.2 sec
 - d_sub 1200 : OOB 0.2505 : L 76 : T 19.4 sec
 - d_sub 1200 : OOB 0.2521 : L 77 : T 19.7 sec
 - d_sub 1200 : OOB 0.2515 : L 78 : T 20.0 sec
 - d_sub 1200 : OOB 0.2510 : L 79 : T 20.2 sec
 - d_sub 1200 : OOB 0.2492 : L 80 : T 20.5 sec
 - d_sub 1200 : OOB 0.2493 : L 81 : T 20.7 sec
 - d_sub 1200 : OOB 0.2492 : L 82 : T 20.9 sec
 - d_sub 1200 : OOB 0.2501 : L 83 : T 21.1 sec
 - d_sub 1200 : OOB 0.2492 : L 84 : T 21.4 sec
 - d_sub 1200 : OOB 0.2484 : L 85 : T 21.6 sec
 - d_sub 1200 : OOB 0.2495 : L 86 : T 21.8 sec
 - d_sub 1200 : OOB 0.2484 : L 87 : T 22.0 sec
 - d_sub 1200 : OOB 0.2504 : L 88 : T 22.2 sec

 - d_sub 1400 : OOB 0.4312 : L 1 : T 1.3 sec
 - d_sub 1400 : OOB 0.3828 : L 2 : T 1.6 sec
 - d_sub 1400 : OOB 0.3572 : L 3 : T 1.9 sec
 - d_sub 1400 : OOB 0.3410 : L 4 : T 2.2 sec
 - d_sub 1400 : OOB 0.3224 : L 5 : T 2.5 sec
 - d_sub 1400 : OOB 0.3198 : L 6 : T 2.8 sec
 - d_sub 1400 : OOB 0.3071 : L 7 : T 3.1 sec
 - d_sub 1400 : OOB 0.3016 : L 8 : T 3.3 sec
 - d_sub 1400 : OOB 0.2982 : L 9 : T 3.6 sec
 - d_sub 1400 : OOB 0.2908 : L 10 : T 3.9 sec
 - d_sub 1400 : OOB 0.2889 : L 11 : T 4.2 sec
 - d_sub 1400 : OOB 0.2843 : L 12 : T 4.5 sec
 - d_sub 1400 : OOB 0.2835 : L 13 : T 4.8 sec
 - d_sub 1400 : OOB 0.2838 : L 14 : T 5.1 sec
 - d_sub 1400 : OOB 0.2807 : L 15 : T 5.4 sec
 - d_sub 1400 : OOB 0.2818 : L 16 : T 5.7 sec
 - d_sub 1400 : OOB 0.2757 : L 17 : T 6.0 sec
 - d_sub 1400 : OOB 0.2755 : L 18 : T 6.4 sec
 - d_sub 1400 : OOB 0.2751 : L 19 : T 6.7 sec
 - d_sub 1400 : OOB 0.2741 : L 20 : T 7.0 sec
 - d_sub 1400 : OOB 0.2723 : L 21 : T 7.3 sec
 - d_sub 1400 : OOB 0.2683 : L 22 : T 7.6 sec
 - d_sub 1400 : OOB 0.2686 : L 23 : T 7.9 sec
 - d_sub 1400 : OOB 0.2681 : L 24 : T 8.3 sec
 - d_sub 1400 : OOB 0.2678 : L 25 : T 8.6 sec
 - d_sub 1400 : OOB 0.2684 : L 26 : T 8.9 sec
 - d_sub 1400 : OOB 0.2653 : L 27 : T 9.2 sec
 - d_sub 1400 : OOB 0.2650 : L 28 : T 9.5 sec
 - d_sub 1400 : OOB 0.2633 : L 29 : T 9.8 sec
 - d_sub 1400 : OOB 0.2634 : L 30 : T 10.2 sec
 - d_sub 1400 : OOB 0.2617 : L 31 : T 10.5 sec
 - d_sub 1400 : OOB 0.2603 : L 32 : T 10.8 sec
 - d_sub 1400 : OOB 0.2617 : L 33 : T 11.1 sec
 - d_sub 1400 : OOB 0.2628 : L 34 : T 11.4 sec
 - d_sub 1400 : OOB 0.2589 : L 35 : T 11.7 sec
 - d_sub 1400 : OOB 0.2586 : L 36 : T 12.0 sec
 - d_sub 1400 : OOB 0.2587 : L 37 : T 12.3 sec
 - d_sub 1400 : OOB 0.2567 : L 38 : T 12.7 sec
 - d_sub 1400 : OOB 0.2570 : L 39 : T 13.0 sec
 - d_sub 1400 : OOB 0.2583 : L 40 : T 13.3 sec
 - d_sub 1400 : OOB 0.2573 : L 41 : T 13.6 sec
 - d_sub 1400 : OOB 0.2550 : L 42 : T 13.9 sec
 - d_sub 1400 : OOB 0.2549 : L 43 : T 14.2 sec
 - d_sub 1400 : OOB 0.2553 : L 44 : T 14.6 sec
 - d_sub 1400 : OOB 0.2538 : L 45 : T 14.9 sec
 - d_sub 1400 : OOB 0.2546 : L 46 : T 15.2 sec
 - d_sub 1400 : OOB 0.2543 : L 47 : T 15.5 sec
 - d_sub 1400 : OOB 0.2534 : L 48 : T 15.8 sec
 - d_sub 1400 : OOB 0.2545 : L 49 : T 16.1 sec
 - d_sub 1400 : OOB 0.2520 : L 50 : T 16.5 sec
 - d_sub 1400 : OOB 0.2516 : L 51 : T 16.8 sec
 - d_sub 1400 : OOB 0.2503 : L 52 : T 17.1 sec
 - d_sub 1400 : OOB 0.2510 : L 53 : T 17.4 sec
 - d_sub 1400 : OOB 0.2531 : L 54 : T 17.7 sec
 - d_sub 1400 : OOB 0.2525 : L 55 : T 18.0 sec
 - d_sub 1400 : OOB 0.2527 : L 56 : T 18.3 sec
 - d_sub 1400 : OOB 0.2517 : L 57 : T 18.6 sec
 - d_sub 1400 : OOB 0.2520 : L 58 : T 19.0 sec
 - d_sub 1400 : OOB 0.2493 : L 59 : T 19.3 sec
 - d_sub 1400 : OOB 0.2506 : L 60 : T 19.6 sec
 - d_sub 1400 : OOB 0.2491 : L 61 : T 19.9 sec
 - d_sub 1400 : OOB 0.2498 : L 62 : T 20.2 sec
 - d_sub 1400 : OOB 0.2505 : L 63 : T 20.5 sec
 - d_sub 1400 : OOB 0.2524 : L 64 : T 20.8 sec
 - d_sub 1400 : OOB 0.2514 : L 65 : T 21.1 sec
 - d_sub 1400 : OOB 0.2483 : L 66 : T 21.5 sec
 - d_sub 1400 : OOB 0.2496 : L 67 : T 21.8 sec
 - d_sub 1400 : OOB 0.2493 : L 68 : T 22.1 sec
 - d_sub 1400 : OOB 0.2471 : L 69 : T 22.4 sec
 - d_sub 1400 : OOB 0.2478 : L 70 : T 22.8 sec
 - d_sub 1400 : OOB 0.2466 : L 71 : T 23.1 sec
 - d_sub 1400 : OOB 0.2472 : L 72 : T 23.4 sec
 - d_sub 1400 : OOB 0.2484 : L 73 : T 23.7 sec
 - d_sub 1400 : OOB 0.2469 : L 74 : T 24.0 sec
 - d_sub 1400 : OOB 0.2452 : L 75 : T 24.3 sec
 - d_sub 1400 : OOB 0.2469 : L 76 : T 24.6 sec
 - d_sub 1400 : OOB 0.2461 : L 77 : T 24.9 sec
 - d_sub 1400 : OOB 0.2464 : L 78 : T 25.2 sec
 - d_sub 1400 : OOB 0.2444 : L 79 : T 25.5 sec
 - d_sub 1400 : OOB 0.2465 : L 80 : T 25.8 sec
 - d_sub 1400 : OOB 0.2460 : L 81 : T 26.2 sec
 - d_sub 1400 : OOB 0.2478 : L 82 : T 26.5 sec
 - d_sub 1400 : OOB 0.2464 : L 83 : T 26.8 sec
 - d_sub 1400 : OOB 0.2459 : L 84 : T 27.1 sec
 - d_sub 1400 : OOB 0.2454 : L 85 : T 27.4 sec
 - d_sub 1400 : OOB 0.2459 : L 86 : T 27.7 sec
 - d_sub 1400 : OOB 0.2435 : L 87 : T 28.1 sec
 - d_sub 1400 : OOB 0.2451 : L 88 : T 28.4 sec
 - d_sub 1400 : OOB 0.2447 : L 89 : T 28.7 sec
 - d_sub 1400 : OOB 0.2460 : L 90 : T 29.0 sec
 - d_sub 1400 : OOB 0.2462 : L 91 : T 29.4 sec
 - d_sub 1400 : OOB 0.2440 : L 92 : T 29.7 sec
 - d_sub 1400 : OOB 0.2443 : L 93 : T 30.0 sec
 - d_sub 1400 : OOB 0.2450 : L 94 : T 30.3 sec
 - d_sub 1400 : OOB 0.2449 : L 95 : T 30.6 sec
 - d_sub 1400 : OOB 0.2453 : L 96 : T 30.9 sec
 - d_sub 1400 : OOB 0.2461 : L 97 : T 31.3 sec
 - d_sub 1400 : OOB 0.2441 : L 98 : T 31.6 sec
 - d_sub 1400 : OOB 0.2453 : L 99 : T 31.9 sec
 - d_sub 1400 : OOB 0.2452 : L 100 : T 32.2 sec
 - d_sub 1400 : OOB 0.2458 : L 101 : T 32.5 sec
 - d_sub 1400 : OOB 0.2465 : L 102 : T 32.8 sec
 - d_sub 1400 : OOB 0.2452 : L 103 : T 33.1 sec
 - d_sub 1400 : OOB 0.2459 : L 104 : T 33.5 sec
 - d_sub 1400 : OOB 0.2458 : L 105 : T 33.8 sec
 - d_sub 1400 : OOB 0.2455 : L 106 : T 34.1 sec
 - d_sub 1400 : OOB 0.2457 : L 107 : T 34.4 sec
 - d_sub 1400 : OOB 0.2465 : L 108 : T 34.7 sec
 - d_sub 1400 : OOB 0.2474 : L 109 : T 35.0 sec
 - d_sub 1400 : OOB 0.2476 : L 110 : T 35.3 sec
 - d_sub 1400 : OOB 0.2488 : L 111 : T 35.7 sec
 - d_sub 1400 : OOB 0.2483 : L 112 : T 36.0 sec
 - d_sub 1400 : OOB 0.2473 : L 113 : T 36.3 sec
 - d_sub 1400 : OOB 0.2482 : L 114 : T 36.6 sec

 - d_sub 1600 : OOB 0.4290 : L 1 : T 0.4 sec
 - d_sub 1600 : OOB 0.3857 : L 2 : T 0.8 sec
 - d_sub 1600 : OOB 0.3624 : L 3 : T 1.1 sec
 - d_sub 1600 : OOB 0.3420 : L 4 : T 1.5 sec
 - d_sub 1600 : OOB 0.3236 : L 5 : T 1.9 sec
 - d_sub 1600 : OOB 0.3185 : L 6 : T 2.2 sec
 - d_sub 1600 : OOB 0.3075 : L 7 : T 2.6 sec
 - d_sub 1600 : OOB 0.3007 : L 8 : T 3.0 sec
 - d_sub 1600 : OOB 0.2947 : L 9 : T 3.4 sec
 - d_sub 1600 : OOB 0.2876 : L 10 : T 3.7 sec
 - d_sub 1600 : OOB 0.2853 : L 11 : T 4.1 sec
 - d_sub 1600 : OOB 0.2805 : L 12 : T 4.5 sec
 - d_sub 1600 : OOB 0.2786 : L 13 : T 4.9 sec
 - d_sub 1600 : OOB 0.2763 : L 14 : T 5.2 sec
 - d_sub 1600 : OOB 0.2727 : L 15 : T 5.6 sec
 - d_sub 1600 : OOB 0.2753 : L 16 : T 6.0 sec
 - d_sub 1600 : OOB 0.2714 : L 17 : T 6.4 sec
 - d_sub 1600 : OOB 0.2704 : L 18 : T 6.7 sec
 - d_sub 1600 : OOB 0.2691 : L 19 : T 7.1 sec
 - d_sub 1600 : OOB 0.2657 : L 20 : T 7.5 sec
 - d_sub 1600 : OOB 0.2641 : L 21 : T 7.9 sec
 - d_sub 1600 : OOB 0.2633 : L 22 : T 8.2 sec
 - d_sub 1600 : OOB 0.2626 : L 23 : T 8.6 sec
 - d_sub 1600 : OOB 0.2607 : L 24 : T 9.0 sec
 - d_sub 1600 : OOB 0.2624 : L 25 : T 9.4 sec
 - d_sub 1600 : OOB 0.2608 : L 26 : T 9.8 sec
 - d_sub 1600 : OOB 0.2592 : L 27 : T 10.1 sec
 - d_sub 1600 : OOB 0.2600 : L 28 : T 10.5 sec
 - d_sub 1600 : OOB 0.2591 : L 29 : T 10.9 sec
 - d_sub 1600 : OOB 0.2589 : L 30 : T 11.3 sec
 - d_sub 1600 : OOB 0.2575 : L 31 : T 11.7 sec
 - d_sub 1600 : OOB 0.2567 : L 32 : T 12.0 sec
 - d_sub 1600 : OOB 0.2548 : L 33 : T 12.4 sec
 - d_sub 1600 : OOB 0.2577 : L 34 : T 12.8 sec
 - d_sub 1600 : OOB 0.2564 : L 35 : T 13.2 sec
 - d_sub 1600 : OOB 0.2546 : L 36 : T 13.5 sec
 - d_sub 1600 : OOB 0.2549 : L 37 : T 13.9 sec
 - d_sub 1600 : OOB 0.2540 : L 38 : T 14.3 sec
 - d_sub 1600 : OOB 0.2553 : L 39 : T 14.7 sec
 - d_sub 1600 : OOB 0.2556 : L 40 : T 15.0 sec
 - d_sub 1600 : OOB 0.2555 : L 41 : T 15.4 sec
 - d_sub 1600 : OOB 0.2523 : L 42 : T 15.8 sec
 - d_sub 1600 : OOB 0.2530 : L 43 : T 16.2 sec
 - d_sub 1600 : OOB 0.2546 : L 44 : T 16.6 sec
 - d_sub 1600 : OOB 0.2537 : L 45 : T 17.0 sec
 - d_sub 1600 : OOB 0.2550 : L 46 : T 17.3 sec
 - d_sub 1600 : OOB 0.2531 : L 47 : T 17.7 sec
 - d_sub 1600 : OOB 0.2536 : L 48 : T 18.1 sec
 - d_sub 1600 : OOB 0.2524 : L 49 : T 18.5 sec
 - d_sub 1600 : OOB 0.2540 : L 50 : T 18.8 sec
 - d_sub 1600 : OOB 0.2514 : L 51 : T 19.2 sec
 - d_sub 1600 : OOB 0.2514 : L 52 : T 19.6 sec
 - d_sub 1600 : OOB 0.2520 : L 53 : T 19.9 sec
 - d_sub 1600 : OOB 0.2502 : L 54 : T 20.3 sec
 - d_sub 1600 : OOB 0.2517 : L 55 : T 20.7 sec
 - d_sub 1600 : OOB 0.2517 : L 56 : T 21.1 sec
 - d_sub 1600 : OOB 0.2509 : L 57 : T 21.4 sec
 - d_sub 1600 : OOB 0.2525 : L 58 : T 21.8 sec
 - d_sub 1600 : OOB 0.2510 : L 59 : T 22.2 sec
 - d_sub 1600 : OOB 0.2533 : L 60 : T 22.6 sec
 - d_sub 1600 : OOB 0.2519 : L 61 : T 22.9 sec
 - d_sub 1600 : OOB 0.2518 : L 62 : T 23.3 sec
 - d_sub 1600 : OOB 0.2522 : L 63 : T 23.7 sec
 - d_sub 1600 : OOB 0.2505 : L 64 : T 24.0 sec
 - d_sub 1600 : OOB 0.2507 : L 65 : T 24.4 sec
 - d_sub 1600 : OOB 0.2521 : L 66 : T 24.8 sec
 - d_sub 1600 : OOB 0.2496 : L 67 : T 25.2 sec
 - d_sub 1600 : OOB 0.2507 : L 68 : T 25.6 sec
 - d_sub 1600 : OOB 0.2496 : L 69 : T 26.0 sec
 - d_sub 1600 : OOB 0.2490 : L 70 : T 26.4 sec
 - d_sub 1600 : OOB 0.2507 : L 71 : T 26.8 sec
 - d_sub 1600 : OOB 0.2504 : L 72 : T 27.1 sec
 - d_sub 1600 : OOB 0.2517 : L 73 : T 27.5 sec
 - d_sub 1600 : OOB 0.2506 : L 74 : T 27.9 sec
 - d_sub 1600 : OOB 0.2497 : L 75 : T 28.3 sec
 - d_sub 1600 : OOB 0.2500 : L 76 : T 29.0 sec
 - d_sub 1600 : OOB 0.2495 : L 77 : T 29.4 sec
 - d_sub 1600 : OOB 0.2491 : L 78 : T 29.7 sec
 - d_sub 1600 : OOB 0.2504 : L 79 : T 30.1 sec
 - d_sub 1600 : OOB 0.2508 : L 80 : T 30.5 sec
 - d_sub 1600 : OOB 0.2503 : L 81 : T 30.8 sec
 - d_sub 1600 : OOB 0.2498 : L 82 : T 31.3 sec
 - d_sub 1600 : OOB 0.2484 : L 83 : T 31.7 sec
 - d_sub 1600 : OOB 0.2489 : L 84 : T 32.0 sec
 - d_sub 1600 : OOB 0.2483 : L 85 : T 32.4 sec
 - d_sub 1600 : OOB 0.2499 : L 86 : T 32.8 sec
 - d_sub 1600 : OOB 0.2486 : L 87 : T 33.1 sec
 - d_sub 1600 : OOB 0.2492 : L 88 : T 33.5 sec
 - d_sub 1600 : OOB 0.2491 : L 89 : T 33.9 sec
 - d_sub 1600 : OOB 0.2478 : L 90 : T 34.3 sec
 - d_sub 1600 : OOB 0.2478 : L 91 : T 34.7 sec
 - d_sub 1600 : OOB 0.2485 : L 92 : T 35.0 sec
 - d_sub 1600 : OOB 0.2481 : L 93 : T 35.4 sec
 - d_sub 1600 : OOB 0.2470 : L 94 : T 35.8 sec
 - d_sub 1600 : OOB 0.2467 : L 95 : T 36.2 sec
 - d_sub 1600 : OOB 0.2474 : L 96 : T 36.5 sec
 - d_sub 1600 : OOB 0.2463 : L 97 : T 36.9 sec
 - d_sub 1600 : OOB 0.2460 : L 98 : T 37.2 sec
 - d_sub 1600 : OOB 0.2463 : L 99 : T 37.6 sec
 - d_sub 1600 : OOB 0.2454 : L 100 : T 37.9 sec
 - d_sub 1600 : OOB 0.2464 : L 101 : T 38.3 sec
 - d_sub 1600 : OOB 0.2457 : L 102 : T 38.6 sec
 - d_sub 1600 : OOB 0.2463 : L 103 : T 39.0 sec
 - d_sub 1600 : OOB 0.2455 : L 104 : T 39.3 sec
 - d_sub 1600 : OOB 0.2449 : L 105 : T 39.6 sec
 - d_sub 1600 : OOB 0.2455 : L 106 : T 40.0 sec
 - d_sub 1600 : OOB 0.2444 : L 107 : T 40.3 sec
 - d_sub 1600 : OOB 0.2443 : L 108 : T 40.7 sec
 - d_sub 1600 : OOB 0.2440 : L 109 : T 41.0 sec
 - d_sub 1600 : OOB 0.2431 : L 110 : T 41.4 sec
 - d_sub 1600 : OOB 0.2429 : L 111 : T 41.7 sec
 - d_sub 1600 : OOB 0.2443 : L 112 : T 42.0 sec
 - d_sub 1600 : OOB 0.2435 : L 113 : T 42.4 sec
 - d_sub 1600 : OOB 0.2436 : L 114 : T 42.7 sec
 - d_sub 1600 : OOB 0.2449 : L 115 : T 43.1 sec
 - d_sub 1600 : OOB 0.2436 : L 116 : T 43.4 sec
 - d_sub 1600 : OOB 0.2443 : L 117 : T 43.8 sec
 - d_sub 1600 : OOB 0.2436 : L 118 : T 44.1 sec
 - d_sub 1600 : OOB 0.2449 : L 119 : T 44.5 sec
 - d_sub 1600 : OOB 0.2450 : L 120 : T 44.9 sec
 - d_sub 1600 : OOB 0.2452 : L 121 : T 45.3 sec
 - d_sub 1600 : OOB 0.2444 : L 122 : T 45.6 sec
 - d_sub 1600 : OOB 0.2442 : L 123 : T 46.0 sec
 - d_sub 1600 : OOB 0.2446 : L 124 : T 46.3 sec
 - d_sub 1600 : OOB 0.2446 : L 125 : T 46.7 sec
 - d_sub 1600 : OOB 0.2445 : L 126 : T 47.0 sec
 - d_sub 1600 : OOB 0.2438 : L 127 : T 47.3 sec
 - d_sub 1600 : OOB 0.2447 : L 128 : T 47.7 sec
 - d_sub 1600 : OOB 0.2453 : L 129 : T 48.0 sec
 - d_sub 1600 : OOB 0.2448 : L 130 : T 48.4 sec
 - d_sub 1600 : OOB 0.2448 : L 131 : T 48.7 sec
 - d_sub 1600 : OOB 0.2446 : L 132 : T 49.0 sec
 - d_sub 1600 : OOB 0.2441 : L 133 : T 49.4 sec
 - d_sub 1600 : OOB 0.2449 : L 134 : T 49.8 sec
 - d_sub 1600 : OOB 0.2447 : L 135 : T 50.1 sec
 - d_sub 1600 : OOB 0.2441 : L 136 : T 50.4 sec
 - d_sub 1600 : OOB 0.2435 : L 137 : T 50.8 sec

 - d_sub 1800 : OOB 0.4299 : L 1 : T 0.6 sec
 - d_sub 1800 : OOB 0.3832 : L 2 : T 1.2 sec
 - d_sub 1800 : OOB 0.3580 : L 3 : T 1.6 sec
 - d_sub 1800 : OOB 0.3402 : L 4 : T 2.0 sec
 - d_sub 1800 : OOB 0.3248 : L 5 : T 2.4 sec
 - d_sub 1800 : OOB 0.3205 : L 6 : T 2.8 sec
 - d_sub 1800 : OOB 0.3084 : L 7 : T 3.3 sec
 - d_sub 1800 : OOB 0.3003 : L 8 : T 3.7 sec
 - d_sub 1800 : OOB 0.2953 : L 9 : T 4.1 sec
 - d_sub 1800 : OOB 0.2919 : L 10 : T 4.5 sec
 - d_sub 1800 : OOB 0.2846 : L 11 : T 4.9 sec
 - d_sub 1800 : OOB 0.2807 : L 12 : T 5.4 sec
 - d_sub 1800 : OOB 0.2788 : L 13 : T 5.8 sec
 - d_sub 1800 : OOB 0.2731 : L 14 : T 6.2 sec
 - d_sub 1800 : OOB 0.2731 : L 15 : T 6.6 sec
 - d_sub 1800 : OOB 0.2684 : L 16 : T 7.2 sec
 - d_sub 1800 : OOB 0.2673 : L 17 : T 7.6 sec
 - d_sub 1800 : OOB 0.2688 : L 18 : T 8.1 sec
 - d_sub 1800 : OOB 0.2670 : L 19 : T 8.5 sec
 - d_sub 1800 : OOB 0.2669 : L 20 : T 8.9 sec
 - d_sub 1800 : OOB 0.2641 : L 21 : T 9.4 sec
 - d_sub 1800 : OOB 0.2660 : L 22 : T 9.8 sec
 - d_sub 1800 : OOB 0.2645 : L 23 : T 10.2 sec
 - d_sub 1800 : OOB 0.2644 : L 24 : T 10.6 sec
 - d_sub 1800 : OOB 0.2676 : L 25 : T 11.1 sec
 - d_sub 1800 : OOB 0.2658 : L 26 : T 11.5 sec
 - d_sub 1800 : OOB 0.2648 : L 27 : T 11.9 sec
 - d_sub 1800 : OOB 0.2633 : L 28 : T 12.3 sec
 - d_sub 1800 : OOB 0.2631 : L 29 : T 12.7 sec
 - d_sub 1800 : OOB 0.2611 : L 30 : T 13.2 sec
 - d_sub 1800 : OOB 0.2608 : L 31 : T 13.6 sec
 - d_sub 1800 : OOB 0.2613 : L 32 : T 14.1 sec
 - d_sub 1800 : OOB 0.2650 : L 33 : T 14.5 sec
 - d_sub 1800 : OOB 0.2634 : L 34 : T 15.0 sec
 - d_sub 1800 : OOB 0.2609 : L 35 : T 15.4 sec
 - d_sub 1800 : OOB 0.2611 : L 36 : T 15.9 sec
 - d_sub 1800 : OOB 0.2611 : L 37 : T 16.3 sec
 - d_sub 1800 : OOB 0.2618 : L 38 : T 16.7 sec
 - d_sub 1800 : OOB 0.2613 : L 39 : T 17.1 sec
 - d_sub 1800 : OOB 0.2609 : L 40 : T 17.5 sec
 - d_sub 1800 : OOB 0.2602 : L 41 : T 18.0 sec
 - d_sub 1800 : OOB 0.2601 : L 42 : T 18.4 sec
 - d_sub 1800 : OOB 0.2604 : L 43 : T 18.8 sec
 - d_sub 1800 : OOB 0.2582 : L 44 : T 19.2 sec
 - d_sub 1800 : OOB 0.2593 : L 45 : T 19.7 sec
 - d_sub 1800 : OOB 0.2568 : L 46 : T 20.1 sec
 - d_sub 1800 : OOB 0.2594 : L 47 : T 20.5 sec
 - d_sub 1800 : OOB 0.2576 : L 48 : T 20.9 sec
 - d_sub 1800 : OOB 0.2573 : L 49 : T 21.4 sec
 - d_sub 1800 : OOB 0.2558 : L 50 : T 21.8 sec
 - d_sub 1800 : OOB 0.2539 : L 51 : T 22.2 sec
 - d_sub 1800 : OOB 0.2555 : L 52 : T 22.7 sec
 - d_sub 1800 : OOB 0.2544 : L 53 : T 23.1 sec
 - d_sub 1800 : OOB 0.2559 : L 54 : T 23.5 sec
 - d_sub 1800 : OOB 0.2557 : L 55 : T 23.9 sec
 - d_sub 1800 : OOB 0.2556 : L 56 : T 24.4 sec
 - d_sub 1800 : OOB 0.2554 : L 57 : T 24.9 sec
 - d_sub 1800 : OOB 0.2533 : L 58 : T 25.3 sec
 - d_sub 1800 : OOB 0.2516 : L 59 : T 25.7 sec
 - d_sub 1800 : OOB 0.2545 : L 60 : T 26.1 sec
 - d_sub 1800 : OOB 0.2547 : L 61 : T 26.6 sec
 - d_sub 1800 : OOB 0.2559 : L 62 : T 27.0 sec
 - d_sub 1800 : OOB 0.2535 : L 63 : T 27.4 sec
 - d_sub 1800 : OOB 0.2545 : L 64 : T 27.8 sec
 - d_sub 1800 : OOB 0.2548 : L 65 : T 28.3 sec
 - d_sub 1800 : OOB 0.2530 : L 66 : T 28.7 sec
 - d_sub 1800 : OOB 0.2525 : L 67 : T 29.1 sec
 - d_sub 1800 : OOB 0.2522 : L 68 : T 29.5 sec
 - d_sub 1800 : OOB 0.2522 : L 69 : T 30.0 sec
 - d_sub 1800 : OOB 0.2510 : L 70 : T 30.4 sec
 - d_sub 1800 : OOB 0.2502 : L 71 : T 30.8 sec
 - d_sub 1800 : OOB 0.2505 : L 72 : T 31.2 sec
 - d_sub 1800 : OOB 0.2489 : L 73 : T 31.6 sec
 - d_sub 1800 : OOB 0.2497 : L 74 : T 32.0 sec
 - d_sub 1800 : OOB 0.2490 : L 75 : T 32.4 sec
 - d_sub 1800 : OOB 0.2489 : L 76 : T 32.8 sec
 - d_sub 1800 : OOB 0.2501 : L 77 : T 33.3 sec
 - d_sub 1800 : OOB 0.2486 : L 78 : T 33.7 sec
 - d_sub 1800 : OOB 0.2490 : L 79 : T 34.1 sec
 - d_sub 1800 : OOB 0.2502 : L 80 : T 34.5 sec
 - d_sub 1800 : OOB 0.2482 : L 81 : T 35.0 sec
 - d_sub 1800 : OOB 0.2472 : L 82 : T 35.4 sec
 - d_sub 1800 : OOB 0.2486 : L 83 : T 35.8 sec
 - d_sub 1800 : OOB 0.2496 : L 84 : T 36.3 sec
 - d_sub 1800 : OOB 0.2483 : L 85 : T 36.7 sec
 - d_sub 1800 : OOB 0.2506 : L 86 : T 37.1 sec
 - d_sub 1800 : OOB 0.2484 : L 87 : T 37.5 sec
 - d_sub 1800 : OOB 0.2493 : L 88 : T 37.9 sec
 - d_sub 1800 : OOB 0.2485 : L 89 : T 38.3 sec
 - d_sub 1800 : OOB 0.2488 : L 90 : T 38.8 sec
 - d_sub 1800 : OOB 0.2492 : L 91 : T 39.2 sec
 - d_sub 1800 : OOB 0.2469 : L 92 : T 39.6 sec
 - d_sub 1800 : OOB 0.2481 : L 93 : T 40.0 sec
 - d_sub 1800 : OOB 0.2493 : L 94 : T 40.4 sec
 - d_sub 1800 : OOB 0.2497 : L 95 : T 40.8 sec
 - d_sub 1800 : OOB 0.2494 : L 96 : T 41.3 sec
 - d_sub 1800 : OOB 0.2486 : L 97 : T 41.7 sec
 - d_sub 1800 : OOB 0.2493 : L 98 : T 42.1 sec
 - d_sub 1800 : OOB 0.2477 : L 99 : T 42.5 sec
 - d_sub 1800 : OOB 0.2479 : L 100 : T 42.9 sec
 - d_sub 1800 : OOB 0.2487 : L 101 : T 43.3 sec
 - d_sub 1800 : OOB 0.2479 : L 102 : T 43.7 sec
 - d_sub 1800 : OOB 0.2491 : L 103 : T 44.1 sec
 - d_sub 1800 : OOB 0.2476 : L 104 : T 44.6 sec
 - d_sub 1800 : OOB 0.2477 : L 105 : T 45.0 sec
 - d_sub 1800 : OOB 0.2474 : L 106 : T 45.4 sec
 - d_sub 1800 : OOB 0.2480 : L 107 : T 46.3 sec
 - d_sub 1800 : OOB 0.2487 : L 108 : T 46.7 sec
 - d_sub 1800 : OOB 0.2471 : L 109 : T 47.1 sec
 - d_sub 1800 : OOB 0.2485 : L 110 : T 47.5 sec
 - d_sub 1800 : OOB 0.2476 : L 111 : T 48.0 sec
 - d_sub 1800 : OOB 0.2476 : L 112 : T 48.4 sec
 - d_sub 1800 : OOB 0.2469 : L 113 : T 48.8 sec
 - d_sub 1800 : OOB 0.2477 : L 114 : T 49.2 sec
 - d_sub 1800 : OOB 0.2470 : L 115 : T 49.6 sec

 - d_sub 2000 : OOB 0.4273 : L 1 : T 0.5 sec
 - d_sub 2000 : OOB 0.3853 : L 2 : T 1.0 sec
 - d_sub 2000 : OOB 0.3640 : L 3 : T 1.4 sec
 - d_sub 2000 : OOB 0.3444 : L 4 : T 1.9 sec
 - d_sub 2000 : OOB 0.3259 : L 5 : T 2.4 sec
 - d_sub 2000 : OOB 0.3219 : L 6 : T 2.9 sec
 - d_sub 2000 : OOB 0.3103 : L 7 : T 3.6 sec
 - d_sub 2000 : OOB 0.3014 : L 8 : T 4.1 sec
 - d_sub 2000 : OOB 0.2955 : L 9 : T 4.6 sec
 - d_sub 2000 : OOB 0.2920 : L 10 : T 5.1 sec
 - d_sub 2000 : OOB 0.2823 : L 11 : T 5.7 sec
 - d_sub 2000 : OOB 0.2824 : L 12 : T 6.2 sec
 - d_sub 2000 : OOB 0.2772 : L 13 : T 6.7 sec
 - d_sub 2000 : OOB 0.2728 : L 14 : T 7.1 sec
 - d_sub 2000 : OOB 0.2777 : L 15 : T 7.6 sec
 - d_sub 2000 : OOB 0.2727 : L 16 : T 8.2 sec
 - d_sub 2000 : OOB 0.2708 : L 17 : T 8.7 sec
 - d_sub 2000 : OOB 0.2697 : L 18 : T 9.2 sec
 - d_sub 2000 : OOB 0.2682 : L 19 : T 9.7 sec
 - d_sub 2000 : OOB 0.2648 : L 20 : T 10.3 sec
 - d_sub 2000 : OOB 0.2643 : L 21 : T 10.9 sec
 - d_sub 2000 : OOB 0.2620 : L 22 : T 11.6 sec
 - d_sub 2000 : OOB 0.2622 : L 23 : T 12.1 sec
 - d_sub 2000 : OOB 0.2614 : L 24 : T 12.6 sec
 - d_sub 2000 : OOB 0.2605 : L 25 : T 13.1 sec
 - d_sub 2000 : OOB 0.2590 : L 26 : T 13.6 sec
 - d_sub 2000 : OOB 0.2602 : L 27 : T 14.1 sec
 - d_sub 2000 : OOB 0.2594 : L 28 : T 14.6 sec
 - d_sub 2000 : OOB 0.2578 : L 29 : T 15.1 sec
 - d_sub 2000 : OOB 0.2600 : L 30 : T 15.6 sec
 - d_sub 2000 : OOB 0.2567 : L 31 : T 16.1 sec
 - d_sub 2000 : OOB 0.2588 : L 32 : T 16.6 sec
 - d_sub 2000 : OOB 0.2568 : L 33 : T 17.1 sec
 - d_sub 2000 : OOB 0.2558 : L 34 : T 17.6 sec
 - d_sub 2000 : OOB 0.2552 : L 35 : T 18.2 sec
 - d_sub 2000 : OOB 0.2538 : L 36 : T 18.7 sec
 - d_sub 2000 : OOB 0.2526 : L 37 : T 19.2 sec
 - d_sub 2000 : OOB 0.2528 : L 38 : T 19.7 sec
 - d_sub 2000 : OOB 0.2528 : L 39 : T 20.2 sec
 - d_sub 2000 : OOB 0.2525 : L 40 : T 20.7 sec
 - d_sub 2000 : OOB 0.2532 : L 41 : T 21.1 sec
 - d_sub 2000 : OOB 0.2548 : L 42 : T 21.6 sec
 - d_sub 2000 : OOB 0.2524 : L 43 : T 22.1 sec
 - d_sub 2000 : OOB 0.2532 : L 44 : T 22.6 sec
 - d_sub 2000 : OOB 0.2522 : L 45 : T 23.1 sec
 - d_sub 2000 : OOB 0.2532 : L 46 : T 23.6 sec
 - d_sub 2000 : OOB 0.2510 : L 47 : T 24.1 sec
 - d_sub 2000 : OOB 0.2522 : L 48 : T 24.6 sec
 - d_sub 2000 : OOB 0.2515 : L 49 : T 25.1 sec
 - d_sub 2000 : OOB 0.2496 : L 50 : T 25.6 sec
 - d_sub 2000 : OOB 0.2491 : L 51 : T 26.0 sec
 - d_sub 2000 : OOB 0.2504 : L 52 : T 26.5 sec
 - d_sub 2000 : OOB 0.2483 : L 53 : T 27.0 sec
 - d_sub 2000 : OOB 0.2484 : L 54 : T 27.5 sec
 - d_sub 2000 : OOB 0.2503 : L 55 : T 28.0 sec
 - d_sub 2000 : OOB 0.2500 : L 56 : T 28.5 sec
 - d_sub 2000 : OOB 0.2487 : L 57 : T 28.9 sec
 - d_sub 2000 : OOB 0.2464 : L 58 : T 29.4 sec
 - d_sub 2000 : OOB 0.2496 : L 59 : T 29.9 sec
 - d_sub 2000 : OOB 0.2504 : L 60 : T 30.5 sec
 - d_sub 2000 : OOB 0.2476 : L 61 : T 31.0 sec
 - d_sub 2000 : OOB 0.2482 : L 62 : T 31.5 sec
 - d_sub 2000 : OOB 0.2507 : L 63 : T 32.0 sec
 - d_sub 2000 : OOB 0.2485 : L 64 : T 32.5 sec
 - d_sub 2000 : OOB 0.2484 : L 65 : T 33.0 sec
 - d_sub 2000 : OOB 0.2484 : L 66 : T 33.4 sec
 - d_sub 2000 : OOB 0.2497 : L 67 : T 33.9 sec
 - d_sub 2000 : OOB 0.2484 : L 68 : T 34.4 sec
 - d_sub 2000 : OOB 0.2484 : L 69 : T 34.9 sec
 - d_sub 2000 : OOB 0.2490 : L 70 : T 35.5 sec
 - d_sub 2000 : OOB 0.2488 : L 71 : T 36.0 sec
 - d_sub 2000 : OOB 0.2483 : L 72 : T 36.5 sec
 - d_sub 2000 : OOB 0.2473 : L 73 : T 37.0 sec
 - d_sub 2000 : OOB 0.2489 : L 74 : T 37.4 sec
 - d_sub 2000 : OOB 0.2488 : L 75 : T 37.9 sec
 - d_sub 2000 : OOB 0.2461 : L 76 : T 38.5 sec
 - d_sub 2000 : OOB 0.2461 : L 77 : T 39.0 sec
 - d_sub 2000 : OOB 0.2469 : L 78 : T 39.5 sec
 - d_sub 2000 : OOB 0.2474 : L 79 : T 40.0 sec
 - d_sub 2000 : OOB 0.2467 : L 80 : T 40.5 sec
 - d_sub 2000 : OOB 0.2458 : L 81 : T 41.0 sec
 - d_sub 2000 : OOB 0.2454 : L 82 : T 41.6 sec
 - d_sub 2000 : OOB 0.2461 : L 83 : T 42.2 sec
 - d_sub 2000 : OOB 0.2466 : L 84 : T 42.8 sec
 - d_sub 2000 : OOB 0.2482 : L 85 : T 43.2 sec
 - d_sub 2000 : OOB 0.2469 : L 86 : T 43.7 sec
 - d_sub 2000 : OOB 0.2476 : L 87 : T 44.2 sec
 - d_sub 2000 : OOB 0.2474 : L 88 : T 44.7 sec
 - d_sub 2000 : OOB 0.2478 : L 89 : T 45.2 sec
 - d_sub 2000 : OOB 0.2461 : L 90 : T 45.6 sec
 - d_sub 2000 : OOB 0.2448 : L 91 : T 46.3 sec
 - d_sub 2000 : OOB 0.2463 : L 92 : T 46.9 sec
 - d_sub 2000 : OOB 0.2472 : L 93 : T 47.4 sec
 - d_sub 2000 : OOB 0.2455 : L 94 : T 47.9 sec
 - d_sub 2000 : OOB 0.2455 : L 95 : T 48.4 sec
 - d_sub 2000 : OOB 0.2453 : L 96 : T 48.9 sec
# -------------------------
optimal d_sub 1600 : OOB 0.2435 : L 137 : T 271.6 sec
Testing error: 0.2482
# -------------------------
# Ensemble classification
#  - Training samples: 10000 (5000/5000)
#  - Feature-space dimensionality: 18157
#  - L : automatic (min 25, max 500, length 50, eps 0.00500)
#  - d_sub : 300
#  - Seed 1 (subspaces) : 161730600
#  - Seed 2 (bootstrap) : 641722154
# -------------------------

 - d_sub 300 : OOB 0.4403 : L 1 : T 0.0 sec
 - d_sub 300 : OOB 0.4020 : L 2 : T 0.1 sec
 - d_sub 300 : OOB 0.3804 : L 3 : T 0.1 sec
 - d_sub 300 : OOB 0.3675 : L 4 : T 0.2 sec
 - d_sub 300 : OOB 0.3522 : L 5 : T 0.2 sec
 - d_sub 300 : OOB 0.3487 : L 6 : T 0.3 sec
 - d_sub 300 : OOB 0.3370 : L 7 : T 0.3 sec
 - d_sub 300 : OOB 0.3310 : L 8 : T 0.4 sec
 - d_sub 300 : OOB 0.3269 : L 9 : T 0.4 sec
 - d_sub 300 : OOB 0.3247 : L 10 : T 0.5 sec
 - d_sub 300 : OOB 0.3214 : L 11 : T 0.5 sec
 - d_sub 300 : OOB 0.3178 : L 12 : T 0.6 sec
 - d_sub 300 : OOB 0.3155 : L 13 : T 0.6 sec
 - d_sub 300 : OOB 0.3162 : L 14 : T 0.7 sec
 - d_sub 300 : OOB 0.3139 : L 15 : T 0.7 sec
 - d_sub 300 : OOB 0.3151 : L 16 : T 0.7 sec
 - d_sub 300 : OOB 0.3093 : L 17 : T 0.8 sec
 - d_sub 300 : OOB 0.3087 : L 18 : T 0.8 sec
 - d_sub 300 : OOB 0.3096 : L 19 : T 0.9 sec
 - d_sub 300 : OOB 0.3057 : L 20 : T 0.9 sec
 - d_sub 300 : OOB 0.3068 : L 21 : T 1.0 sec
 - d_sub 300 : OOB 0.3059 : L 22 : T 1.0 sec
 - d_sub 300 : OOB 0.3061 : L 23 : T 1.1 sec
 - d_sub 300 : OOB 0.3040 : L 24 : T 1.1 sec
 - d_sub 300 : OOB 0.3020 : L 25 : T 1.2 sec
 - d_sub 300 : OOB 0.3045 : L 26 : T 1.2 sec
 - d_sub 300 : OOB 0.3052 : L 27 : T 1.3 sec
 - d_sub 300 : OOB 0.3035 : L 28 : T 1.3 sec
 - d_sub 300 : OOB 0.3037 : L 29 : T 1.4 sec
 - d_sub 300 : OOB 0.3025 : L 30 : T 1.4 sec
 - d_sub 300 : OOB 0.3035 : L 31 : T 1.5 sec
 - d_sub 300 : OOB 0.3028 : L 32 : T 1.5 sec
 - d_sub 300 : OOB 0.3000 : L 33 : T 1.5 sec
 - d_sub 300 : OOB 0.3004 : L 34 : T 1.6 sec
 - d_sub 300 : OOB 0.3026 : L 35 : T 1.6 sec
 - d_sub 300 : OOB 0.2990 : L 36 : T 1.7 sec
 - d_sub 300 : OOB 0.2995 : L 37 : T 1.7 sec
 - d_sub 300 : OOB 0.2996 : L 38 : T 1.8 sec
 - d_sub 300 : OOB 0.2993 : L 39 : T 1.8 sec
 - d_sub 300 : OOB 0.3004 : L 40 : T 1.9 sec
 - d_sub 300 : OOB 0.2996 : L 41 : T 1.9 sec
 - d_sub 300 : OOB 0.3008 : L 42 : T 2.0 sec
 - d_sub 300 : OOB 0.3016 : L 43 : T 2.0 sec
 - d_sub 300 : OOB 0.3011 : L 44 : T 2.0 sec
 - d_sub 300 : OOB 0.2989 : L 45 : T 2.1 sec
 - d_sub 300 : OOB 0.2989 : L 46 : T 2.1 sec
 - d_sub 300 : OOB 0.2981 : L 47 : T 2.2 sec
 - d_sub 300 : OOB 0.2981 : L 48 : T 2.2 sec
 - d_sub 300 : OOB 0.3007 : L 49 : T 2.3 sec
 - d_sub 300 : OOB 0.2981 : L 50 : T 2.3 sec
 - d_sub 300 : OOB 0.2989 : L 51 : T 2.4 sec
 - d_sub 300 : OOB 0.2977 : L 52 : T 2.4 sec
 - d_sub 300 : OOB 0.2981 : L 53 : T 2.5 sec
 - d_sub 300 : OOB 0.2961 : L 54 : T 2.5 sec
 - d_sub 300 : OOB 0.2960 : L 55 : T 2.5 sec
 - d_sub 300 : OOB 0.2962 : L 56 : T 2.6 sec
 - d_sub 300 : OOB 0.2958 : L 57 : T 2.6 sec
 - d_sub 300 : OOB 0.2941 : L 58 : T 2.7 sec
 - d_sub 300 : OOB 0.2941 : L 59 : T 2.7 sec
 - d_sub 300 : OOB 0.2947 : L 60 : T 2.8 sec
 - d_sub 300 : OOB 0.2942 : L 61 : T 2.8 sec
 - d_sub 300 : OOB 0.2935 : L 62 : T 2.9 sec
 - d_sub 300 : OOB 0.2931 : L 63 : T 2.9 sec
 - d_sub 300 : OOB 0.2932 : L 64 : T 3.0 sec
 - d_sub 300 : OOB 0.2947 : L 65 : T 3.0 sec
 - d_sub 300 : OOB 0.2952 : L 66 : T 3.1 sec
 - d_sub 300 : OOB 0.2941 : L 67 : T 3.1 sec
 - d_sub 300 : OOB 0.2962 : L 68 : T 3.1 sec
 - d_sub 300 : OOB 0.2953 : L 69 : T 3.2 sec
 - d_sub 300 : OOB 0.2959 : L 70 : T 3.2 sec
 - d_sub 300 : OOB 0.2974 : L 71 : T 3.3 sec
 - d_sub 300 : OOB 0.2957 : L 72 : T 3.3 sec
 - d_sub 300 : OOB 0.2959 : L 73 : T 3.4 sec
 - d_sub 300 : OOB 0.2963 : L 74 : T 3.4 sec
 - d_sub 300 : OOB 0.2958 : L 75 : T 3.5 sec
 - d_sub 300 : OOB 0.2968 : L 76 : T 3.5 sec
 - d_sub 300 : OOB 0.2968 : L 77 : T 3.6 sec
 - d_sub 300 : OOB 0.2961 : L 78 : T 3.6 sec
 - d_sub 300 : OOB 0.2979 : L 79 : T 3.7 sec
 - d_sub 300 : OOB 0.2950 : L 80 : T 3.7 sec
 - d_sub 300 : OOB 0.2966 : L 81 : T 3.7 sec
 - d_sub 300 : OOB 0.2961 : L 82 : T 3.8 sec
 - d_sub 300 : OOB 0.2969 : L 83 : T 3.8 sec
 - d_sub 300 : OOB 0.2959 : L 84 : T 3.9 sec
 - d_sub 300 : OOB 0.2942 : L 85 : T 3.9 sec
 - d_sub 300 : OOB 0.2954 : L 86 : T 4.0 sec
 - d_sub 300 : OOB 0.2950 : L 87 : T 4.0 sec
 - d_sub 300 : OOB 0.2955 : L 88 : T 4.1 sec
 - d_sub 300 : OOB 0.2943 : L 89 : T 4.1 sec
 - d_sub 300 : OOB 0.2947 : L 90 : T 4.2 sec
 - d_sub 300 : OOB 0.2963 : L 91 : T 4.2 sec
 - d_sub 300 : OOB 0.2964 : L 92 : T 4.3 sec
 - d_sub 300 : OOB 0.2973 : L 93 : T 4.3 sec
 - d_sub 300 : OOB 0.2962 : L 94 : T 4.4 sec
 - d_sub 300 : OOB 0.2959 : L 95 : T 4.4 sec
 - d_sub 300 : OOB 0.2957 : L 96 : T 4.5 sec
 - d_sub 300 : OOB 0.2959 : L 97 : T 4.5 sec
# -------------------------
optimal d_sub 300 : OOB 0.2959 : L 97 : T 4.5 sec
# -------------------------
# Ensemble classification
#  - Training samples: 10000 (5000/5000)
#  - Feature-space dimensionality: 18157
#  - L : 30
#  - d_sub : 300
#  - Seed 1 (subspaces) : 908128963
#  - Seed 2 (bootstrap) : 108899944
# -------------------------

 - d_sub 300 : OOB 0.4403 : L 1 : T 0.1 sec
 - d_sub 300 : OOB 0.4011 : L 2 : T 0.1 sec
 - d_sub 300 : OOB 0.3790 : L 3 : T 0.1 sec
 - d_sub 300 : OOB 0.3607 : L 4 : T 0.2 sec
 - d_sub 300 : OOB 0.3423 : L 5 : T 0.2 sec
 - d_sub 300 : OOB 0.3403 : L 6 : T 0.3 sec
 - d_sub 300 : OOB 0.3308 : L 7 : T 0.3 sec
 - d_sub 300 : OOB 0.3274 : L 8 : T 0.4 sec
 - d_sub 300 : OOB 0.3252 : L 9 : T 0.4 sec
 - d_sub 300 : OOB 0.3216 : L 10 : T 0.5 sec
 - d_sub 300 : OOB 0.3209 : L 11 : T 0.5 sec
 - d_sub 300 : OOB 0.3155 : L 12 : T 0.6 sec
 - d_sub 300 : OOB 0.3162 : L 13 : T 0.6 sec
 - d_sub 300 : OOB 0.3165 : L 14 : T 0.7 sec
 - d_sub 300 : OOB 0.3151 : L 15 : T 0.7 sec
 - d_sub 300 : OOB 0.3159 : L 16 : T 0.8 sec
 - d_sub 300 : OOB 0.3148 : L 17 : T 0.8 sec
 - d_sub 300 : OOB 0.3130 : L 18 : T 0.8 sec
 - d_sub 300 : OOB 0.3133 : L 19 : T 0.9 sec
 - d_sub 300 : OOB 0.3122 : L 20 : T 1.0 sec
 - d_sub 300 : OOB 0.3115 : L 21 : T 1.0 sec
 - d_sub 300 : OOB 0.3105 : L 22 : T 1.0 sec
 - d_sub 300 : OOB 0.3081 : L 23 : T 1.1 sec
 - d_sub 300 : OOB 0.3084 : L 24 : T 1.1 sec
 - d_sub 300 : OOB 0.3074 : L 25 : T 1.2 sec
 - d_sub 300 : OOB 0.3052 : L 26 : T 1.2 sec
 - d_sub 300 : OOB 0.3056 : L 27 : T 1.3 sec
 - d_sub 300 : OOB 0.3080 : L 28 : T 1.3 sec
 - d_sub 300 : OOB 0.3074 : L 29 : T 1.4 sec
 - d_sub 300 : OOB 0.3087 : L 30 : T 1.4 sec
# -------------------------
optimal d_sub 300 : OOB 0.3087 : L 30 : T 1.4 sec
# -------------------------
# Ensemble classification
#  - Training samples: 10000 (5000/5000)
#  - Feature-space dimensionality: 18157
#  - L : 30
#  - d_sub : 300
#  - Seed 1 (subspaces) : 926273849
#  - Seed 2 (bootstrap) : 366427796
# -------------------------

 - d_sub 300 : OOB 0.4373 : L 1 : T 0.1 sec
 - d_sub 300 : OOB 0.3994 : L 2 : T 0.1 sec
 - d_sub 300 : OOB 0.3816 : L 3 : T 0.1 sec
 - d_sub 300 : OOB 0.3658 : L 4 : T 0.2 sec
 - d_sub 300 : OOB 0.3558 : L 5 : T 0.3 sec
 - d_sub 300 : OOB 0.3500 : L 6 : T 0.3 sec
 - d_sub 300 : OOB 0.3403 : L 7 : T 0.4 sec
 - d_sub 300 : OOB 0.3354 : L 8 : T 0.4 sec
 - d_sub 300 : OOB 0.3326 : L 9 : T 0.4 sec
 - d_sub 300 : OOB 0.3271 : L 10 : T 0.5 sec
 - d_sub 300 : OOB 0.3271 : L 11 : T 0.5 sec
 - d_sub 300 : OOB 0.3253 : L 12 : T 0.6 sec
 - d_sub 300 : OOB 0.3218 : L 13 : T 0.6 sec
 - d_sub 300 : OOB 0.3191 : L 14 : T 0.7 sec
 - d_sub 300 : OOB 0.3159 : L 15 : T 0.7 sec
 - d_sub 300 : OOB 0.3181 : L 16 : T 0.8 sec
 - d_sub 300 : OOB 0.3150 : L 17 : T 0.8 sec
 - d_sub 300 : OOB 0.3142 : L 18 : T 0.9 sec
 - d_sub 300 : OOB 0.3140 : L 19 : T 0.9 sec
 - d_sub 300 : OOB 0.3152 : L 20 : T 1.0 sec
 - d_sub 300 : OOB 0.3127 : L 21 : T 1.0 sec
 - d_sub 300 : OOB 0.3103 : L 22 : T 1.0 sec
 - d_sub 300 : OOB 0.3126 : L 23 : T 1.1 sec
 - d_sub 300 : OOB 0.3082 : L 24 : T 1.1 sec
 - d_sub 300 : OOB 0.3084 : L 25 : T 1.2 sec
 - d_sub 300 : OOB 0.3075 : L 26 : T 1.2 sec
 - d_sub 300 : OOB 0.3098 : L 27 : T 1.3 sec
 - d_sub 300 : OOB 0.3075 : L 28 : T 1.3 sec
 - d_sub 300 : OOB 0.3070 : L 29 : T 1.4 sec
 - d_sub 300 : OOB 0.3067 : L 30 : T 1.4 sec
# -------------------------
optimal d_sub 300 : OOB 0.3067 : L 30 : T 1.4 sec
# -------------------------
# Ensemble classification
#  - Training samples: 10000 (5000/5000)
#  - Feature-space dimensionality: 18157
#  - L : 30
#  - d_sub : 300
#  - Seed 1 (subspaces) : 675967975
#  - Seed 2 (bootstrap) : 736957151
# -------------------------

 - d_sub 300 : OOB 0.4388 : L 1 : T 0.0 sec
 - d_sub 300 : OOB 0.3965 : L 2 : T 0.1 sec
 - d_sub 300 : OOB 0.3791 : L 3 : T 0.1 sec
 - d_sub 300 : OOB 0.3648 : L 4 : T 0.2 sec
 - d_sub 300 : OOB 0.3488 : L 5 : T 0.2 sec
 - d_sub 300 : OOB 0.3467 : L 6 : T 0.3 sec
 - d_sub 300 : OOB 0.3370 : L 7 : T 0.3 sec
 - d_sub 300 : OOB 0.3315 : L 8 : T 0.4 sec
 - d_sub 300 : OOB 0.3285 : L 9 : T 0.4 sec
 - d_sub 300 : OOB 0.3262 : L 10 : T 0.5 sec
 - d_sub 300 : OOB 0.3219 : L 11 : T 0.5 sec
 - d_sub 300 : OOB 0.3177 : L 12 : T 0.5 sec
 - d_sub 300 : OOB 0.3160 : L 13 : T 0.6 sec
 - d_sub 300 : OOB 0.3140 : L 14 : T 0.6 sec
 - d_sub 300 : OOB 0.3128 : L 15 : T 0.7 sec
 - d_sub 300 : OOB 0.3166 : L 16 : T 0.7 sec
 - d_sub 300 : OOB 0.3119 : L 17 : T 0.8 sec
 - d_sub 300 : OOB 0.3152 : L 18 : T 0.9 sec
 - d_sub 300 : OOB 0.3144 : L 19 : T 0.9 sec
 - d_sub 300 : OOB 0.3120 : L 20 : T 0.9 sec
 - d_sub 300 : OOB 0.3115 : L 21 : T 1.0 sec
 - d_sub 300 : OOB 0.3106 : L 22 : T 1.0 sec
 - d_sub 300 : OOB 0.3107 : L 23 : T 1.1 sec
 - d_sub 300 : OOB 0.3103 : L 24 : T 1.1 sec
 - d_sub 300 : OOB 0.3087 : L 25 : T 1.2 sec
 - d_sub 300 : OOB 0.3096 : L 26 : T 1.2 sec
 - d_sub 300 : OOB 0.3080 : L 27 : T 1.3 sec
 - d_sub 300 : OOB 0.3066 : L 28 : T 1.3 sec
 - d_sub 300 : OOB 0.3062 : L 29 : T 1.4 sec
 - d_sub 300 : OOB 0.3068 : L 30 : T 1.4 sec
# -------------------------
optimal d_sub 300 : OOB 0.3068 : L 30 : T 1.4 sec
# -------------------------
# Ensemble classification
#  - Training samples: 10000 (5000/5000)
#  - Feature-space dimensionality: 18157
#  - L : 30
#  - d_sub : 300
#  - Seed 1 (subspaces) : 990966540
#  - Seed 2 (bootstrap) : 165663137
# -------------------------

 - d_sub 300 : OOB 0.4383 : L 1 : T 0.0 sec
 - d_sub 300 : OOB 0.4006 : L 2 : T 0.1 sec
 - d_sub 300 : OOB 0.3831 : L 3 : T 0.1 sec
 - d_sub 300 : OOB 0.3641 : L 4 : T 0.2 sec
 - d_sub 300 : OOB 0.3518 : L 5 : T 0.2 sec
 - d_sub 300 : OOB 0.3466 : L 6 : T 0.3 sec
 - d_sub 300 : OOB 0.3365 : L 7 : T 0.3 sec
 - d_sub 300 : OOB 0.3346 : L 8 : T 0.4 sec
 - d_sub 300 : OOB 0.3300 : L 9 : T 0.4 sec
 - d_sub 300 : OOB 0.3253 : L 10 : T 0.5 sec
 - d_sub 300 : OOB 0.3225 : L 11 : T 0.5 sec
 - d_sub 300 : OOB 0.3214 : L 12 : T 0.6 sec
 - d_sub 300 : OOB 0.3220 : L 13 : T 0.6 sec
 - d_sub 300 : OOB 0.3246 : L 14 : T 0.6 sec
 - d_sub 300 : OOB 0.3213 : L 15 : T 0.7 sec
 - d_sub 300 : OOB 0.3198 : L 16 : T 0.7 sec
 - d_sub 300 : OOB 0.3167 : L 17 : T 0.8 sec
 - d_sub 300 : OOB 0.3166 : L 18 : T 0.8 sec
 - d_sub 300 : OOB 0.3175 : L 19 : T 0.9 sec
 - d_sub 300 : OOB 0.3152 : L 20 : T 0.9 sec
 - d_sub 300 : OOB 0.3123 : L 21 : T 1.0 sec
 - d_sub 300 : OOB 0.3112 : L 22 : T 1.0 sec
 - d_sub 300 : OOB 0.3109 : L 23 : T 1.1 sec
 - d_sub 300 : OOB 0.3105 : L 24 : T 1.1 sec
 - d_sub 300 : OOB 0.3121 : L 25 : T 1.2 sec
 - d_sub 300 : OOB 0.3112 : L 26 : T 1.2 sec
 - d_sub 300 : OOB 0.3077 : L 27 : T 1.2 sec
 - d_sub 300 : OOB 0.3077 : L 28 : T 1.3 sec
 - d_sub 300 : OOB 0.3062 : L 29 : T 1.3 sec
 - d_sub 300 : OOB 0.3081 : L 30 : T 1.4 sec
# -------------------------
optimal d_sub 300 : OOB 0.3081 : L 30 : T 1.4 sec
# -------------------------
# Ensemble classification
#  - Training samples: 10000 (5000/5000)
#  - Feature-space dimensionality: 18157
#  - L : 30
#  - d_sub : 300
#  - Seed 1 (subspaces) : 934677983
#  - Seed 2 (bootstrap) : 305135506
# -------------------------

 - d_sub 300 : OOB 0.4392 : L 1 : T 0.0 sec
 - d_sub 300 : OOB 0.3999 : L 2 : T 0.1 sec
 - d_sub 300 : OOB 0.3790 : L 3 : T 0.1 sec
 - d_sub 300 : OOB 0.3669 : L 4 : T 0.2 sec
 - d_sub 300 : OOB 0.3516 : L 5 : T 0.2 sec
 - d_sub 300 : OOB 0.3469 : L 6 : T 0.3 sec
 - d_sub 300 : OOB 0.3382 : L 7 : T 0.3 sec
 - d_sub 300 : OOB 0.3318 : L 8 : T 0.4 sec
 - d_sub 300 : OOB 0.3276 : L 9 : T 0.4 sec
 - d_sub 300 : OOB 0.3194 : L 10 : T 0.5 sec
 - d_sub 300 : OOB 0.3179 : L 11 : T 0.5 sec
 - d_sub 300 : OOB 0.3150 : L 12 : T 0.5 sec
 - d_sub 300 : OOB 0.3158 : L 13 : T 0.6 sec
 - d_sub 300 : OOB 0.3126 : L 14 : T 0.6 sec
 - d_sub 300 : OOB 0.3099 : L 15 : T 0.7 sec
 - d_sub 300 : OOB 0.3081 : L 16 : T 0.7 sec
 - d_sub 300 : OOB 0.3137 : L 17 : T 0.8 sec
 - d_sub 300 : OOB 0.3099 : L 18 : T 0.8 sec
 - d_sub 300 : OOB 0.3097 : L 19 : T 0.9 sec
 - d_sub 300 : OOB 0.3087 : L 20 : T 0.9 sec
 - d_sub 300 : OOB 0.3086 : L 21 : T 1.0 sec
 - d_sub 300 : OOB 0.3059 : L 22 : T 1.0 sec
 - d_sub 300 : OOB 0.3054 : L 23 : T 1.0 sec
 - d_sub 300 : OOB 0.3066 : L 24 : T 1.1 sec
 - d_sub 300 : OOB 0.3068 : L 25 : T 1.1 sec
 - d_sub 300 : OOB 0.3050 : L 26 : T 1.2 sec
 - d_sub 300 : OOB 0.3052 : L 27 : T 1.2 sec
 - d_sub 300 : OOB 0.3084 : L 28 : T 1.3 sec
 - d_sub 300 : OOB 0.3060 : L 29 : T 1.3 sec
 - d_sub 300 : OOB 0.3065 : L 30 : T 1.4 sec
# -------------------------
optimal d_sub 300 : OOB 0.3065 : L 30 : T 1.4 sec
# -------------------------
# Ensemble classification
#  - Training samples: 10000 (5000/5000)
#  - Feature-space dimensionality: 18157
#  - L : 30
#  - d_sub : 300
#  - Seed 1 (subspaces) : 942747480
#  - Seed 2 (bootstrap) : 104529883
# -------------------------

 - d_sub 300 : OOB 0.4323 : L 1 : T 0.0 sec
 - d_sub 300 : OOB 0.3915 : L 2 : T 0.1 sec
 - d_sub 300 : OOB 0.3726 : L 3 : T 0.1 sec
 - d_sub 300 : OOB 0.3531 : L 4 : T 0.2 sec
 - d_sub 300 : OOB 0.3441 : L 5 : T 0.2 sec
 - d_sub 300 : OOB 0.3397 : L 6 : T 0.3 sec
 - d_sub 300 : OOB 0.3270 : L 7 : T 0.3 sec
 - d_sub 300 : OOB 0.3307 : L 8 : T 0.4 sec
 - d_sub 300 : OOB 0.3224 : L 9 : T 0.4 sec
 - d_sub 300 : OOB 0.3201 : L 10 : T 0.5 sec
 - d_sub 300 : OOB 0.3203 : L 11 : T 0.5 sec
 - d_sub 300 : OOB 0.3160 : L 12 : T 0.6 sec
 - d_sub 300 : OOB 0.3193 : L 13 : T 0.6 sec
 - d_sub 300 : OOB 0.3138 : L 14 : T 0.6 sec
 - d_sub 300 : OOB 0.3118 : L 15 : T 0.7 sec
 - d_sub 300 : OOB 0.3116 : L 16 : T 0.7 sec
 - d_sub 300 : OOB 0.3157 : L 17 : T 0.8 sec
 - d_sub 300 : OOB 0.3108 : L 18 : T 0.8 sec
 - d_sub 300 : OOB 0.3101 : L 19 : T 0.9 sec
 - d_sub 300 : OOB 0.3098 : L 20 : T 0.9 sec
 - d_sub 300 : OOB 0.3095 : L 21 : T 1.0 sec
 - d_sub 300 : OOB 0.3089 : L 22 : T 1.0 sec
 - d_sub 300 : OOB 0.3076 : L 23 : T 1.1 sec
 - d_sub 300 : OOB 0.3066 : L 24 : T 1.1 sec
 - d_sub 300 : OOB 0.3066 : L 25 : T 1.2 sec
 - d_sub 300 : OOB 0.3090 : L 26 : T 1.2 sec
 - d_sub 300 : OOB 0.3071 : L 27 : T 1.2 sec
 - d_sub 300 : OOB 0.3065 : L 28 : T 1.3 sec
 - d_sub 300 : OOB 0.3061 : L 29 : T 1.3 sec
 - d_sub 300 : OOB 0.3057 : L 30 : T 1.4 sec
# -------------------------
optimal d_sub 300 : OOB 0.3057 : L 30 : T 1.4 sec
# -------------------------
# Ensemble classification
#  - Training samples: 10000 (5000/5000)
#  - Feature-space dimensionality: 18157
#  - L : 30
#  - d_sub : 300
#  - Seed 1 (subspaces) : 4226482
#  - Seed 2 (bootstrap) : 5115126
# -------------------------

 - d_sub 300 : OOB 0.4407 : L 1 : T 0.0 sec
 - d_sub 300 : OOB 0.4002 : L 2 : T 0.1 sec
 - d_sub 300 : OOB 0.3766 : L 3 : T 0.1 sec
 - d_sub 300 : OOB 0.3607 : L 4 : T 0.2 sec
 - d_sub 300 : OOB 0.3487 : L 5 : T 0.2 sec
 - d_sub 300 : OOB 0.3462 : L 6 : T 0.3 sec
 - d_sub 300 : OOB 0.3353 : L 7 : T 0.3 sec
 - d_sub 300 : OOB 0.3294 : L 8 : T 0.4 sec
 - d_sub 300 : OOB 0.3250 : L 9 : T 0.4 sec
 - d_sub 300 : OOB 0.3206 : L 10 : T 0.5 sec
 - d_sub 300 : OOB 0.3184 : L 11 : T 0.5 sec
 - d_sub 300 : OOB 0.3141 : L 12 : T 0.6 sec
 - d_sub 300 : OOB 0.3171 : L 13 : T 0.6 sec
 - d_sub 300 : OOB 0.3167 : L 14 : T 0.6 sec
 - d_sub 300 : OOB 0.3137 : L 15 : T 0.7 sec
 - d_sub 300 : OOB 0.3141 : L 16 : T 0.7 sec
 - d_sub 300 : OOB 0.3122 : L 17 : T 0.8 sec
 - d_sub 300 : OOB 0.3108 : L 18 : T 0.8 sec
 - d_sub 300 : OOB 0.3118 : L 19 : T 0.9 sec
 - d_sub 300 : OOB 0.3079 : L 20 : T 0.9 sec
 - d_sub 300 : OOB 0.3088 : L 21 : T 1.0 sec
 - d_sub 300 : OOB 0.3084 : L 22 : T 1.0 sec
 - d_sub 300 : OOB 0.3065 : L 23 : T 1.1 sec
 - d_sub 300 : OOB 0.3066 : L 24 : T 1.1 sec
 - d_sub 300 : OOB 0.3057 : L 25 : T 1.2 sec
 - d_sub 300 : OOB 0.3050 : L 26 : T 1.2 sec
 - d_sub 300 : OOB 0.3014 : L 27 : T 1.3 sec
 - d_sub 300 : OOB 0.3039 : L 28 : T 1.3 sec
 - d_sub 300 : OOB 0.3018 : L 29 : T 1.4 sec
 - d_sub 300 : OOB 0.3028 : L 30 : T 1.5 sec
# -------------------------
optimal d_sub 300 : OOB 0.3028 : L 30 : T 1.5 sec
# -------------------------
# Ensemble classification
#  - Training samples: 10000 (5000/5000)
#  - Feature-space dimensionality: 18157
#  - L : 30
#  - d_sub : 300
#  - Seed 1 (subspaces) : 871267166
#  - Seed 2 (bootstrap) : 875932510
# -------------------------

 - d_sub 300 : OOB 0.4382 : L 1 : T 0.0 sec
 - d_sub 300 : OOB 0.3996 : L 2 : T 0.1 sec
 - d_sub 300 : OOB 0.3776 : L 3 : T 0.1 sec
 - d_sub 300 : OOB 0.3657 : L 4 : T 0.2 sec
 - d_sub 300 : OOB 0.3505 : L 5 : T 0.2 sec
 - d_sub 300 : OOB 0.3475 : L 6 : T 0.3 sec
 - d_sub 300 : OOB 0.3359 : L 7 : T 0.3 sec
 - d_sub 300 : OOB 0.3323 : L 8 : T 0.4 sec
 - d_sub 300 : OOB 0.3318 : L 9 : T 0.4 sec
 - d_sub 300 : OOB 0.3257 : L 10 : T 0.4 sec
 - d_sub 300 : OOB 0.3183 : L 11 : T 0.5 sec
 - d_sub 300 : OOB 0.3154 : L 12 : T 0.5 sec
 - d_sub 300 : OOB 0.3171 : L 13 : T 0.6 sec
 - d_sub 300 : OOB 0.3187 : L 14 : T 0.6 sec
 - d_sub 300 : OOB 0.3142 : L 15 : T 0.7 sec
 - d_sub 300 : OOB 0.3126 : L 16 : T 0.7 sec
 - d_sub 300 : OOB 0.3103 : L 17 : T 0.8 sec
 - d_sub 300 : OOB 0.3092 : L 18 : T 0.8 sec
 - d_sub 300 : OOB 0.3105 : L 19 : T 0.8 sec
 - d_sub 300 : OOB 0.3096 : L 20 : T 0.9 sec
 - d_sub 300 : OOB 0.3091 : L 21 : T 0.9 sec
 - d_sub 300 : OOB 0.3084 : L 22 : T 1.0 sec
 - d_sub 300 : OOB 0.3069 : L 23 : T 1.0 sec
 - d_sub 300 : OOB 0.3062 : L 24 : T 1.1 sec
 - d_sub 300 : OOB 0.3061 : L 25 : T 1.1 sec
 - d_sub 300 : OOB 0.3060 : L 26 : T 1.2 sec
 - d_sub 300 : OOB 0.3019 : L 27 : T 1.2 sec
 - d_sub 300 : OOB 0.3033 : L 28 : T 1.3 sec
 - d_sub 300 : OOB 0.3028 : L 29 : T 1.3 sec
 - d_sub 300 : OOB 0.3051 : L 30 : T 1.3 sec
# -------------------------
optimal d_sub 300 : OOB 0.3051 : L 30 : T 1.4 sec
# -------------------------
# Ensemble classification
#  - Training samples: 10000 (5000/5000)
#  - Feature-space dimensionality: 18157
#  - L : 30
#  - d_sub : 300
#  - Seed 1 (subspaces) : 973411340
#  - Seed 2 (bootstrap) : 271432226
# -------------------------

 - d_sub 300 : OOB 0.4381 : L 1 : T 0.0 sec
 - d_sub 300 : OOB 0.3978 : L 2 : T 0.1 sec
 - d_sub 300 : OOB 0.3751 : L 3 : T 0.1 sec
 - d_sub 300 : OOB 0.3647 : L 4 : T 0.2 sec
 - d_sub 300 : OOB 0.3521 : L 5 : T 0.2 sec
 - d_sub 300 : OOB 0.3462 : L 6 : T 0.3 sec
 - d_sub 300 : OOB 0.3351 : L 7 : T 0.3 sec
 - d_sub 300 : OOB 0.3284 : L 8 : T 0.4 sec
 - d_sub 300 : OOB 0.3241 : L 9 : T 0.4 sec
 - d_sub 300 : OOB 0.3206 : L 10 : T 0.5 sec
 - d_sub 300 : OOB 0.3207 : L 11 : T 0.5 sec
 - d_sub 300 : OOB 0.3181 : L 12 : T 0.6 sec
 - d_sub 300 : OOB 0.3159 : L 13 : T 0.6 sec
 - d_sub 300 : OOB 0.3174 : L 14 : T 0.6 sec
 - d_sub 300 : OOB 0.3143 : L 15 : T 0.7 sec
 - d_sub 300 : OOB 0.3123 : L 16 : T 0.7 sec
 - d_sub 300 : OOB 0.3077 : L 17 : T 0.8 sec
 - d_sub 300 : OOB 0.3080 : L 18 : T 0.8 sec
 - d_sub 300 : OOB 0.3102 : L 19 : T 0.9 sec
 - d_sub 300 : OOB 0.3075 : L 20 : T 0.9 sec
 - d_sub 300 : OOB 0.3070 : L 21 : T 1.0 sec
 - d_sub 300 : OOB 0.3063 : L 22 : T 1.0 sec
 - d_sub 300 : OOB 0.3048 : L 23 : T 1.1 sec
 - d_sub 300 : OOB 0.3059 : L 24 : T 1.1 sec
 - d_sub 300 : OOB 0.3057 : L 25 : T 1.2 sec
 - d_sub 300 : OOB 0.3083 : L 26 : T 1.2 sec
 - d_sub 300 : OOB 0.3061 : L 27 : T 1.3 sec
 - d_sub 300 : OOB 0.3063 : L 28 : T 1.3 sec
 - d_sub 300 : OOB 0.3043 : L 29 : T 1.4 sec
 - d_sub 300 : OOB 0.3047 : L 30 : T 1.4 sec
# -------------------------
optimal d_sub 300 : OOB 0.3047 : L 30 : T 1.4 sec
# -------------------------
# Ensemble classification
#  - Training samples: 10000 (5000/5000)
#  - Feature-space dimensionality: 18157
#  - L : 30
#  - d_sub : 300
#  - Seed 1 (subspaces) : 387414723
#  - Seed 2 (bootstrap) : 570510218
# -------------------------

 - d_sub 300 : OOB 0.4384 : L 1 : T 0.1 sec
 - d_sub 300 : OOB 0.3987 : L 2 : T 0.1 sec
 - d_sub 300 : OOB 0.3795 : L 3 : T 0.1 sec
 - d_sub 300 : OOB 0.3625 : L 4 : T 0.2 sec
 - d_sub 300 : OOB 0.3492 : L 5 : T 0.2 sec
 - d_sub 300 : OOB 0.3441 : L 6 : T 0.3 sec
 - d_sub 300 : OOB 0.3345 : L 7 : T 0.3 sec
 - d_sub 300 : OOB 0.3260 : L 8 : T 0.4 sec
 - d_sub 300 : OOB 0.3205 : L 9 : T 0.4 sec
 - d_sub 300 : OOB 0.3159 : L 10 : T 0.5 sec
 - d_sub 300 : OOB 0.3124 : L 11 : T 0.5 sec
 - d_sub 300 : OOB 0.3088 : L 12 : T 0.6 sec
 - d_sub 300 : OOB 0.3094 : L 13 : T 0.6 sec
 - d_sub 300 : OOB 0.3106 : L 14 : T 0.6 sec
 - d_sub 300 : OOB 0.3069 : L 15 : T 0.7 sec
 - d_sub 300 : OOB 0.3078 : L 16 : T 0.7 sec
 - d_sub 300 : OOB 0.3083 : L 17 : T 0.8 sec
 - d_sub 300 : OOB 0.3054 : L 18 : T 0.8 sec
 - d_sub 300 : OOB 0.3058 : L 19 : T 0.9 sec
 - d_sub 300 : OOB 0.3031 : L 20 : T 0.9 sec
 - d_sub 300 : OOB 0.3037 : L 21 : T 1.0 sec
 - d_sub 300 : OOB 0.3040 : L 22 : T 1.0 sec
 - d_sub 300 : OOB 0.3033 : L 23 : T 1.1 sec
 - d_sub 300 : OOB 0.3046 : L 24 : T 1.1 sec
 - d_sub 300 : OOB 0.3068 : L 25 : T 1.2 sec
 - d_sub 300 : OOB 0.3040 : L 26 : T 1.2 sec
 - d_sub 300 : OOB 0.3044 : L 27 : T 1.3 sec
 - d_sub 300 : OOB 0.3038 : L 28 : T 1.3 sec
 - d_sub 300 : OOB 0.3032 : L 29 : T 1.3 sec
 - d_sub 300 : OOB 0.3015 : L 30 : T 1.4 sec
# -------------------------
optimal d_sub 300 : OOB 0.3015 : L 30 : T 1.4 sec
# -------------------------
# Ensemble classification
#  - Training samples: 10000 (5000/5000)
#  - Feature-space dimensionality: 18157
#  - L : 30
#  - d_sub : 300
#  - Seed 1 (subspaces) : 257287862
#  - Seed 2 (bootstrap) : 32625272
# -------------------------

 - d_sub 300 : OOB 0.4357 : L 1 : T 0.0 sec
 - d_sub 300 : OOB 0.3982 : L 2 : T 0.1 sec
 - d_sub 300 : OOB 0.3764 : L 3 : T 0.1 sec
 - d_sub 300 : OOB 0.3651 : L 4 : T 0.2 sec
 - d_sub 300 : OOB 0.3482 : L 5 : T 0.2 sec
 - d_sub 300 : OOB 0.3478 : L 6 : T 0.3 sec
 - d_sub 300 : OOB 0.3341 : L 7 : T 0.3 sec
 - d_sub 300 : OOB 0.3301 : L 8 : T 0.4 sec
 - d_sub 300 : OOB 0.3260 : L 9 : T 0.4 sec
 - d_sub 300 : OOB 0.3219 : L 10 : T 0.5 sec
 - d_sub 300 : OOB 0.3217 : L 11 : T 0.5 sec
 - d_sub 300 : OOB 0.3185 : L 12 : T 0.6 sec
 - d_sub 300 : OOB 0.3166 : L 13 : T 0.6 sec
 - d_sub 300 : OOB 0.3149 : L 14 : T 0.7 sec
 - d_sub 300 : OOB 0.3134 : L 15 : T 0.7 sec
 - d_sub 300 : OOB 0.3178 : L 16 : T 0.8 sec
 - d_sub 300 : OOB 0.3147 : L 17 : T 0.8 sec
 - d_sub 300 : OOB 0.3139 : L 18 : T 0.8 sec
 - d_sub 300 : OOB 0.3143 : L 19 : T 0.9 sec
 - d_sub 300 : OOB 0.3132 : L 20 : T 0.9 sec
 - d_sub 300 : OOB 0.3112 : L 21 : T 1.0 sec
 - d_sub 300 : OOB 0.3111 : L 22 : T 1.0 sec
 - d_sub 300 : OOB 0.3113 : L 23 : T 1.1 sec
 - d_sub 300 : OOB 0.3106 : L 24 : T 1.1 sec
 - d_sub 300 : OOB 0.3105 : L 25 : T 1.2 sec
 - d_sub 300 : OOB 0.3103 : L 26 : T 1.2 sec
 - d_sub 300 : OOB 0.3094 : L 27 : T 1.3 sec
 - d_sub 300 : OOB 0.3083 : L 28 : T 1.3 sec
 - d_sub 300 : OOB 0.3080 : L 29 : T 1.4 sec
 - d_sub 300 : OOB 0.3068 : L 30 : T 1.4 sec
# -------------------------
optimal d_sub 300 : OOB 0.3068 : L 30 : T 1.4 sec
# -------------------------
Average OOB error = 0.30547 (+/- 0.00202)
# -------------------------
# Ensemble classification
#  - Training samples: 10000 (5000/5000)
#  - Feature-space dimensionality: 18157
#  - L : 30
#  - d_sub : 300
#  - Seed 1 (subspaces) : 5
#  - Seed 2 (bootstrap) : 73
# -------------------------

 - d_sub 300 : OOB 0.4294 : L 1 : T 0.0 sec
 - d_sub 300 : OOB 0.3971 : L 2 : T 0.1 sec
 - d_sub 300 : OOB 0.3794 : L 3 : T 0.1 sec
 - d_sub 300 : OOB 0.3632 : L 4 : T 0.2 sec
 - d_sub 300 : OOB 0.3470 : L 5 : T 0.2 sec
 - d_sub 300 : OOB 0.3463 : L 6 : T 0.3 sec
 - d_sub 300 : OOB 0.3361 : L 7 : T 0.3 sec
 - d_sub 300 : OOB 0.3295 : L 8 : T 0.4 sec
 - d_sub 300 : OOB 0.3235 : L 9 : T 0.4 sec
 - d_sub 300 : OOB 0.3215 : L 10 : T 0.5 sec
 - d_sub 300 : OOB 0.3211 : L 11 : T 0.5 sec
 - d_sub 300 : OOB 0.3184 : L 12 : T 0.6 sec
 - d_sub 300 : OOB 0.3188 : L 13 : T 0.6 sec
 - d_sub 300 : OOB 0.3169 : L 14 : T 0.6 sec
 - d_sub 300 : OOB 0.3127 : L 15 : T 0.7 sec
 - d_sub 300 : OOB 0.3137 : L 16 : T 0.7 sec
 - d_sub 300 : OOB 0.3121 : L 17 : T 0.8 sec
 - d_sub 300 : OOB 0.3085 : L 18 : T 0.8 sec
 - d_sub 300 : OOB 0.3076 : L 19 : T 0.9 sec
 - d_sub 300 : OOB 0.3067 : L 20 : T 0.9 sec
 - d_sub 300 : OOB 0.3085 : L 21 : T 1.0 sec
 - d_sub 300 : OOB 0.3090 : L 22 : T 1.0 sec
 - d_sub 300 : OOB 0.3069 : L 23 : T 1.1 sec
 - d_sub 300 : OOB 0.3055 : L 24 : T 1.1 sec
 - d_sub 300 : OOB 0.3052 : L 25 : T 1.2 sec
 - d_sub 300 : OOB 0.3062 : L 26 : T 1.2 sec
 - d_sub 300 : OOB 0.3054 : L 27 : T 1.3 sec
 - d_sub 300 : OOB 0.3058 : L 28 : T 1.3 sec
 - d_sub 300 : OOB 0.3043 : L 29 : T 1.4 sec
 - d_sub 300 : OOB 0.3052 : L 30 : T 1.4 sec
# -------------------------
optimal d_sub 300 : OOB 0.3052 : L 30 : T 1.4 sec
OOB error = 0.3061
optimal d_sub 300 : OOB 0.3007 : L 30 : T 1.4 sec
optimal d_sub 300 : OOB 0.3000 : L 84 : T 3.9 sec
Testing error 1: 0.3040
optimal d_sub 300 : OOB 0.3043 : L 78 : T 3.7 sec
Testing error 2: 0.2966
optimal d_sub 300 : OOB 0.2985 : L 93 : T 4.2 sec
Testing error 3: 0.2942
optimal d_sub 300 : OOB 0.3033 : L 97 : T 4.5 sec
Testing error 4: 0.2995
optimal d_sub 300 : OOB 0.3039 : L 84 : T 3.8 sec
Testing error 5: 0.2998
optimal d_sub 300 : OOB 0.2996 : L 88 : T 4.1 sec
Testing error 6: 0.3002
optimal d_sub 300 : OOB 0.3091 : L 73 : T 3.4 sec
Testing error 7: 0.2982
optimal d_sub 300 : OOB 0.3009 : L 84 : T 3.9 sec
Testing error 8: 0.2947
optimal d_sub 300 : OOB 0.3009 : L 96 : T 4.4 sec
Testing error 9: 0.2961
optimal d_sub 300 : OOB 0.3044 : L 80 : T 3.7 sec
Testing error 10: 0.2934
---
Average testing error over 10 splits: 0.2977 (+/- 0.0033)
