# -------------------------
# Ensemble classification
#  - Training samples: 10000 (5000/5000)
#  - Feature-space dimensionality: 18157
#  - L : automatic (min 25, max 500, length 50, eps 0.00500)
#  - d_sub : automatic (Eoob tolerance 0.0200, step 200)
#  - Seed 1 (subspaces) : 242612598
#  - Seed 2 (bootstrap) : 447167308
# -------------------------

 - d_sub 200 : OOB 0.4058 : L 1 : T 0.0 sec
 - d_sub 200 : OOB 0.3397 : L 2 : T 0.1 sec
 - d_sub 200 : OOB 0.3036 : L 3 : T 0.1 sec
 - d_sub 200 : OOB 0.2763 : L 4 : T 0.1 sec
 - d_sub 200 : OOB 0.2534 : L 5 : T 0.2 sec
 - d_sub 200 : OOB 0.2456 : L 6 : T 0.2 sec
 - d_sub 200 : OOB 0.2405 : L 7 : T 0.2 sec
 - d_sub 200 : OOB 0.2332 : L 8 : T 0.3 sec
 - d_sub 200 : OOB 0.2293 : L 9 : T 0.3 sec
 - d_sub 200 : OOB 0.2226 : L 10 : T 0.3 sec
 - d_sub 200 : OOB 0.2195 : L 11 : T 0.4 sec
 - d_sub 200 : OOB 0.2134 : L 12 : T 0.4 sec
 - d_sub 200 : OOB 0.2105 : L 13 : T 0.4 sec
 - d_sub 200 : OOB 0.2114 : L 14 : T 0.5 sec
 - d_sub 200 : OOB 0.2056 : L 15 : T 0.5 sec
 - d_sub 200 : OOB 0.2067 : L 16 : T 0.5 sec
 - d_sub 200 : OOB 0.2068 : L 17 : T 0.6 sec
 - d_sub 200 : OOB 0.2041 : L 18 : T 0.6 sec
 - d_sub 200 : OOB 0.1999 : L 19 : T 0.6 sec
 - d_sub 200 : OOB 0.1976 : L 20 : T 0.6 sec
 - d_sub 200 : OOB 0.1987 : L 21 : T 0.7 sec
 - d_sub 200 : OOB 0.1968 : L 22 : T 0.7 sec
 - d_sub 200 : OOB 0.1956 : L 23 : T 0.7 sec
 - d_sub 200 : OOB 0.1946 : L 24 : T 0.8 sec
 - d_sub 200 : OOB 0.1962 : L 25 : T 0.8 sec
 - d_sub 200 : OOB 0.1969 : L 26 : T 0.8 sec
 - d_sub 200 : OOB 0.1953 : L 27 : T 0.9 sec
 - d_sub 200 : OOB 0.1939 : L 28 : T 0.9 sec
 - d_sub 200 : OOB 0.1942 : L 29 : T 0.9 sec
 - d_sub 200 : OOB 0.1955 : L 30 : T 1.0 sec
 - d_sub 200 : OOB 0.1961 : L 31 : T 1.0 sec
 - d_sub 200 : OOB 0.1988 : L 32 : T 1.0 sec
 - d_sub 200 : OOB 0.1993 : L 33 : T 1.1 sec
 - d_sub 200 : OOB 0.1981 : L 34 : T 1.1 sec
 - d_sub 200 : OOB 0.1969 : L 35 : T 1.1 sec
 - d_sub 200 : OOB 0.1962 : L 36 : T 1.1 sec
 - d_sub 200 : OOB 0.1964 : L 37 : T 1.2 sec
 - d_sub 200 : OOB 0.1971 : L 38 : T 1.2 sec
 - d_sub 200 : OOB 0.1960 : L 39 : T 1.2 sec
 - d_sub 200 : OOB 0.1952 : L 40 : T 1.3 sec
 - d_sub 200 : OOB 0.1952 : L 41 : T 1.3 sec
 - d_sub 200 : OOB 0.1960 : L 42 : T 1.3 sec
 - d_sub 200 : OOB 0.1947 : L 43 : T 1.4 sec
 - d_sub 200 : OOB 0.1933 : L 44 : T 1.4 sec
 - d_sub 200 : OOB 0.1940 : L 45 : T 1.4 sec
 - d_sub 200 : OOB 0.1936 : L 46 : T 1.5 sec
 - d_sub 200 : OOB 0.1936 : L 47 : T 1.5 sec
 - d_sub 200 : OOB 0.1936 : L 48 : T 1.5 sec
 - d_sub 200 : OOB 0.1953 : L 49 : T 1.6 sec
 - d_sub 200 : OOB 0.1947 : L 50 : T 1.6 sec
 - d_sub 200 : OOB 0.1957 : L 51 : T 1.6 sec
 - d_sub 200 : OOB 0.1946 : L 52 : T 1.6 sec
 - d_sub 200 : OOB 0.1942 : L 53 : T 1.7 sec
 - d_sub 200 : OOB 0.1955 : L 54 : T 1.7 sec
 - d_sub 200 : OOB 0.1949 : L 55 : T 1.7 sec
 - d_sub 200 : OOB 0.1940 : L 56 : T 1.8 sec
 - d_sub 200 : OOB 0.1945 : L 57 : T 1.8 sec
 - d_sub 200 : OOB 0.1936 : L 58 : T 1.8 sec
 - d_sub 200 : OOB 0.1947 : L 59 : T 1.9 sec
 - d_sub 200 : OOB 0.1933 : L 60 : T 1.9 sec
 - d_sub 200 : OOB 0.1930 : L 61 : T 1.9 sec
 - d_sub 200 : OOB 0.1934 : L 62 : T 2.0 sec
 - d_sub 200 : OOB 0.1946 : L 63 : T 2.0 sec
 - d_sub 200 : OOB 0.1936 : L 64 : T 2.0 sec
 - d_sub 200 : OOB 0.1935 : L 65 : T 2.1 sec
 - d_sub 200 : OOB 0.1928 : L 66 : T 2.1 sec
 - d_sub 200 : OOB 0.1930 : L 67 : T 2.1 sec
 - d_sub 200 : OOB 0.1930 : L 68 : T 2.2 sec

 - d_sub 400 : OOB 0.3957 : L 1 : T 0.1 sec
 - d_sub 400 : OOB 0.3242 : L 2 : T 0.1 sec
 - d_sub 400 : OOB 0.2841 : L 3 : T 0.2 sec
 - d_sub 400 : OOB 0.2505 : L 4 : T 0.3 sec
 - d_sub 400 : OOB 0.2305 : L 5 : T 0.3 sec
 - d_sub 400 : OOB 0.2192 : L 6 : T 0.4 sec
 - d_sub 400 : OOB 0.2094 : L 7 : T 0.5 sec
 - d_sub 400 : OOB 0.1998 : L 8 : T 0.5 sec
 - d_sub 400 : OOB 0.1941 : L 9 : T 0.6 sec
 - d_sub 400 : OOB 0.1932 : L 10 : T 0.7 sec
 - d_sub 400 : OOB 0.1902 : L 11 : T 0.7 sec
 - d_sub 400 : OOB 0.1885 : L 12 : T 0.8 sec
 - d_sub 400 : OOB 0.1862 : L 13 : T 0.8 sec
 - d_sub 400 : OOB 0.1857 : L 14 : T 0.9 sec
 - d_sub 400 : OOB 0.1855 : L 15 : T 1.0 sec
 - d_sub 400 : OOB 0.1811 : L 16 : T 1.0 sec
 - d_sub 400 : OOB 0.1819 : L 17 : T 1.1 sec
 - d_sub 400 : OOB 0.1783 : L 18 : T 1.2 sec
 - d_sub 400 : OOB 0.1775 : L 19 : T 1.2 sec
 - d_sub 400 : OOB 0.1778 : L 20 : T 1.3 sec
 - d_sub 400 : OOB 0.1753 : L 21 : T 1.4 sec
 - d_sub 400 : OOB 0.1753 : L 22 : T 1.4 sec
 - d_sub 400 : OOB 0.1769 : L 23 : T 1.5 sec
 - d_sub 400 : OOB 0.1758 : L 24 : T 1.6 sec
 - d_sub 400 : OOB 0.1750 : L 25 : T 1.6 sec
 - d_sub 400 : OOB 0.1751 : L 26 : T 1.7 sec
 - d_sub 400 : OOB 0.1736 : L 27 : T 1.7 sec
 - d_sub 400 : OOB 0.1729 : L 28 : T 1.8 sec
 - d_sub 400 : OOB 0.1719 : L 29 : T 1.9 sec
 - d_sub 400 : OOB 0.1741 : L 30 : T 1.9 sec
 - d_sub 400 : OOB 0.1744 : L 31 : T 2.0 sec
 - d_sub 400 : OOB 0.1713 : L 32 : T 2.1 sec
 - d_sub 400 : OOB 0.1711 : L 33 : T 2.1 sec
 - d_sub 400 : OOB 0.1715 : L 34 : T 2.2 sec
 - d_sub 400 : OOB 0.1712 : L 35 : T 2.3 sec
 - d_sub 400 : OOB 0.1715 : L 36 : T 2.3 sec
 - d_sub 400 : OOB 0.1693 : L 37 : T 2.4 sec
 - d_sub 400 : OOB 0.1709 : L 38 : T 2.5 sec
 - d_sub 400 : OOB 0.1685 : L 39 : T 2.5 sec
 - d_sub 400 : OOB 0.1703 : L 40 : T 2.6 sec
 - d_sub 400 : OOB 0.1705 : L 41 : T 2.7 sec
 - d_sub 400 : OOB 0.1688 : L 42 : T 2.7 sec
 - d_sub 400 : OOB 0.1705 : L 43 : T 2.8 sec
 - d_sub 400 : OOB 0.1698 : L 44 : T 2.9 sec
 - d_sub 400 : OOB 0.1704 : L 45 : T 2.9 sec
 - d_sub 400 : OOB 0.1698 : L 46 : T 3.0 sec
 - d_sub 400 : OOB 0.1690 : L 47 : T 3.1 sec
 - d_sub 400 : OOB 0.1673 : L 48 : T 3.2 sec
 - d_sub 400 : OOB 0.1673 : L 49 : T 3.3 sec
 - d_sub 400 : OOB 0.1659 : L 50 : T 3.3 sec
 - d_sub 400 : OOB 0.1680 : L 51 : T 3.4 sec
 - d_sub 400 : OOB 0.1664 : L 52 : T 3.5 sec
 - d_sub 400 : OOB 0.1678 : L 53 : T 3.5 sec
 - d_sub 400 : OOB 0.1673 : L 54 : T 3.6 sec
 - d_sub 400 : OOB 0.1688 : L 55 : T 3.7 sec
 - d_sub 400 : OOB 0.1691 : L 56 : T 3.8 sec
 - d_sub 400 : OOB 0.1671 : L 57 : T 3.8 sec
 - d_sub 400 : OOB 0.1680 : L 58 : T 3.9 sec
 - d_sub 400 : OOB 0.1681 : L 59 : T 4.0 sec
 - d_sub 400 : OOB 0.1679 : L 60 : T 4.1 sec
 - d_sub 400 : OOB 0.1675 : L 61 : T 4.1 sec
 - d_sub 400 : OOB 0.1684 : L 62 : T 4.2 sec
 - d_sub 400 : OOB 0.1682 : L 63 : T 4.3 sec
 - d_sub 400 : OOB 0.1678 : L 64 : T 4.3 sec
 - d_sub 400 : OOB 0.1677 : L 65 : T 4.4 sec
 - d_sub 400 : OOB 0.1661 : L 66 : T 4.5 sec
 - d_sub 400 : OOB 0.1667 : L 67 : T 4.5 sec
 - d_sub 400 : OOB 0.1677 : L 68 : T 4.6 sec
 - d_sub 400 : OOB 0.1667 : L 69 : T 4.7 sec
 - d_sub 400 : OOB 0.1661 : L 70 : T 4.7 sec
 - d_sub 400 : OOB 0.1666 : L 71 : T 4.8 sec
 - d_sub 400 : OOB 0.1662 : L 72 : T 4.9 sec
 - d_sub 400 : OOB 0.1651 : L 73 : T 5.0 sec
 - d_sub 400 : OOB 0.1653 : L 74 : T 5.1 sec
 - d_sub 400 : OOB 0.1654 : L 75 : T 5.1 sec
 - d_sub 400 : OOB 0.1653 : L 76 : T 5.2 sec
 - d_sub 400 : OOB 0.1655 : L 77 : T 5.3 sec
 - d_sub 400 : OOB 0.1654 : L 78 : T 5.4 sec
 - d_sub 400 : OOB 0.1658 : L 79 : T 5.4 sec
 - d_sub 400 : OOB 0.1658 : L 80 : T 5.5 sec
 - d_sub 400 : OOB 0.1658 : L 81 : T 5.6 sec
 - d_sub 400 : OOB 0.1649 : L 82 : T 5.7 sec
 - d_sub 400 : OOB 0.1643 : L 83 : T 5.7 sec
 - d_sub 400 : OOB 0.1639 : L 84 : T 5.8 sec
 - d_sub 400 : OOB 0.1649 : L 85 : T 5.9 sec
 - d_sub 400 : OOB 0.1640 : L 86 : T 6.0 sec
 - d_sub 400 : OOB 0.1644 : L 87 : T 6.1 sec
 - d_sub 400 : OOB 0.1649 : L 88 : T 6.2 sec
 - d_sub 400 : OOB 0.1655 : L 89 : T 6.2 sec
 - d_sub 400 : OOB 0.1656 : L 90 : T 6.3 sec
 - d_sub 400 : OOB 0.1652 : L 91 : T 6.4 sec
 - d_sub 400 : OOB 0.1655 : L 92 : T 6.4 sec
 - d_sub 400 : OOB 0.1651 : L 93 : T 6.5 sec

 - d_sub 600 : OOB 0.3914 : L 1 : T 0.1 sec
 - d_sub 600 : OOB 0.3229 : L 2 : T 0.2 sec
 - d_sub 600 : OOB 0.2778 : L 3 : T 0.3 sec
 - d_sub 600 : OOB 0.2449 : L 4 : T 0.5 sec
 - d_sub 600 : OOB 0.2232 : L 5 : T 0.6 sec
 - d_sub 600 : OOB 0.2122 : L 6 : T 0.7 sec
 - d_sub 600 : OOB 0.2044 : L 7 : T 0.8 sec
 - d_sub 600 : OOB 0.1942 : L 8 : T 0.9 sec
 - d_sub 600 : OOB 0.1859 : L 9 : T 1.0 sec
 - d_sub 600 : OOB 0.1864 : L 10 : T 1.1 sec
 - d_sub 600 : OOB 0.1849 : L 11 : T 1.2 sec
 - d_sub 600 : OOB 0.1818 : L 12 : T 1.3 sec
 - d_sub 600 : OOB 0.1785 : L 13 : T 1.5 sec
 - d_sub 600 : OOB 0.1776 : L 14 : T 1.6 sec
 - d_sub 600 : OOB 0.1746 : L 15 : T 1.7 sec
 - d_sub 600 : OOB 0.1751 : L 16 : T 1.8 sec
 - d_sub 600 : OOB 0.1711 : L 17 : T 1.9 sec
 - d_sub 600 : OOB 0.1736 : L 18 : T 2.0 sec
 - d_sub 600 : OOB 0.1690 : L 19 : T 2.1 sec
 - d_sub 600 : OOB 0.1695 : L 20 : T 2.2 sec
 - d_sub 600 : OOB 0.1681 : L 21 : T 2.3 sec
 - d_sub 600 : OOB 0.1684 : L 22 : T 2.4 sec
 - d_sub 600 : OOB 0.1679 : L 23 : T 2.6 sec
 - d_sub 600 : OOB 0.1650 : L 24 : T 2.7 sec
 - d_sub 600 : OOB 0.1682 : L 25 : T 2.9 sec
 - d_sub 600 : OOB 0.1666 : L 26 : T 3.0 sec
 - d_sub 600 : OOB 0.1648 : L 27 : T 3.1 sec
 - d_sub 600 : OOB 0.1642 : L 28 : T 3.2 sec
 - d_sub 600 : OOB 0.1637 : L 29 : T 3.4 sec
 - d_sub 600 : OOB 0.1619 : L 30 : T 3.5 sec
 - d_sub 600 : OOB 0.1635 : L 31 : T 3.7 sec
 - d_sub 600 : OOB 0.1619 : L 32 : T 3.8 sec
 - d_sub 600 : OOB 0.1616 : L 33 : T 3.9 sec
 - d_sub 600 : OOB 0.1623 : L 34 : T 4.0 sec
 - d_sub 600 : OOB 0.1608 : L 35 : T 4.1 sec
 - d_sub 600 : OOB 0.1609 : L 36 : T 4.2 sec
 - d_sub 600 : OOB 0.1583 : L 37 : T 4.3 sec
 - d_sub 600 : OOB 0.1585 : L 38 : T 4.4 sec
 - d_sub 600 : OOB 0.1575 : L 39 : T 4.5 sec
 - d_sub 600 : OOB 0.1581 : L 40 : T 4.6 sec
 - d_sub 600 : OOB 0.1561 : L 41 : T 4.6 sec
 - d_sub 600 : OOB 0.1567 : L 42 : T 4.7 sec
 - d_sub 600 : OOB 0.1551 : L 43 : T 4.8 sec
 - d_sub 600 : OOB 0.1564 : L 44 : T 4.9 sec
 - d_sub 600 : OOB 0.1565 : L 45 : T 5.0 sec
 - d_sub 600 : OOB 0.1570 : L 46 : T 5.1 sec
 - d_sub 600 : OOB 0.1583 : L 47 : T 5.2 sec
 - d_sub 600 : OOB 0.1568 : L 48 : T 5.3 sec
 - d_sub 600 : OOB 0.1565 : L 49 : T 5.4 sec
 - d_sub 600 : OOB 0.1569 : L 50 : T 5.5 sec
 - d_sub 600 : OOB 0.1564 : L 51 : T 5.5 sec
 - d_sub 600 : OOB 0.1578 : L 52 : T 5.6 sec
 - d_sub 600 : OOB 0.1564 : L 53 : T 5.7 sec
 - d_sub 600 : OOB 0.1577 : L 54 : T 5.8 sec
 - d_sub 600 : OOB 0.1575 : L 55 : T 5.9 sec
 - d_sub 600 : OOB 0.1565 : L 56 : T 6.0 sec
 - d_sub 600 : OOB 0.1557 : L 57 : T 6.1 sec
 - d_sub 600 : OOB 0.1549 : L 58 : T 6.2 sec
 - d_sub 600 : OOB 0.1563 : L 59 : T 6.3 sec
 - d_sub 600 : OOB 0.1564 : L 60 : T 6.3 sec
 - d_sub 600 : OOB 0.1565 : L 61 : T 6.4 sec
 - d_sub 600 : OOB 0.1563 : L 62 : T 6.5 sec
 - d_sub 600 : OOB 0.1569 : L 63 : T 6.6 sec
 - d_sub 600 : OOB 0.1546 : L 64 : T 6.7 sec
 - d_sub 600 : OOB 0.1555 : L 65 : T 6.8 sec
 - d_sub 600 : OOB 0.1551 : L 66 : T 6.9 sec
 - d_sub 600 : OOB 0.1538 : L 67 : T 7.0 sec
 - d_sub 600 : OOB 0.1547 : L 68 : T 7.1 sec
 - d_sub 600 : OOB 0.1552 : L 69 : T 7.2 sec
 - d_sub 600 : OOB 0.1543 : L 70 : T 7.3 sec
 - d_sub 600 : OOB 0.1554 : L 71 : T 7.3 sec
 - d_sub 600 : OOB 0.1551 : L 72 : T 7.4 sec
 - d_sub 600 : OOB 0.1547 : L 73 : T 7.5 sec
 - d_sub 600 : OOB 0.1535 : L 74 : T 7.6 sec
 - d_sub 600 : OOB 0.1545 : L 75 : T 7.7 sec
 - d_sub 600 : OOB 0.1533 : L 76 : T 7.8 sec
 - d_sub 600 : OOB 0.1536 : L 77 : T 7.9 sec
 - d_sub 600 : OOB 0.1542 : L 78 : T 8.0 sec
 - d_sub 600 : OOB 0.1543 : L 79 : T 8.1 sec
 - d_sub 600 : OOB 0.1548 : L 80 : T 8.2 sec
 - d_sub 600 : OOB 0.1541 : L 81 : T 8.3 sec
 - d_sub 600 : OOB 0.1537 : L 82 : T 8.3 sec
 - d_sub 600 : OOB 0.1542 : L 83 : T 8.4 sec
 - d_sub 600 : OOB 0.1541 : L 84 : T 8.5 sec
 - d_sub 600 : OOB 0.1544 : L 85 : T 8.6 sec

 - d_sub 800 : OOB 0.3860 : L 1 : T 0.1 sec
 - d_sub 800 : OOB 0.3135 : L 2 : T 0.2 sec
 - d_sub 800 : OOB 0.2739 : L 3 : T 0.4 sec
 - d_sub 800 : OOB 0.2368 : L 4 : T 0.5 sec
 - d_sub 800 : OOB 0.2168 : L 5 : T 0.6 sec
 - d_sub 800 : OOB 0.2012 : L 6 : T 0.7 sec
 - d_sub 800 : OOB 0.1936 : L 7 : T 0.9 sec
 - d_sub 800 : OOB 0.1850 : L 8 : T 1.0 sec
 - d_sub 800 : OOB 0.1784 : L 9 : T 1.1 sec
 - d_sub 800 : OOB 0.1740 : L 10 : T 1.2 sec
 - d_sub 800 : OOB 0.1703 : L 11 : T 1.4 sec
 - d_sub 800 : OOB 0.1697 : L 12 : T 1.5 sec
 - d_sub 800 : OOB 0.1659 : L 13 : T 1.7 sec
 - d_sub 800 : OOB 0.1658 : L 14 : T 1.8 sec
 - d_sub 800 : OOB 0.1655 : L 15 : T 2.0 sec
 - d_sub 800 : OOB 0.1630 : L 16 : T 2.1 sec
 - d_sub 800 : OOB 0.1627 : L 17 : T 2.2 sec
 - d_sub 800 : OOB 0.1621 : L 18 : T 2.4 sec
 - d_sub 800 : OOB 0.1602 : L 19 : T 2.5 sec
 - d_sub 800 : OOB 0.1594 : L 20 : T 2.7 sec
 - d_sub 800 : OOB 0.1609 : L 21 : T 2.8 sec
 - d_sub 800 : OOB 0.1592 : L 22 : T 3.0 sec
 - d_sub 800 : OOB 0.1604 : L 23 : T 3.2 sec
 - d_sub 800 : OOB 0.1584 : L 24 : T 3.3 sec
 - d_sub 800 : OOB 0.1584 : L 25 : T 3.5 sec
 - d_sub 800 : OOB 0.1574 : L 26 : T 3.6 sec
 - d_sub 800 : OOB 0.1576 : L 27 : T 3.8 sec
 - d_sub 800 : OOB 0.1574 : L 28 : T 3.9 sec
 - d_sub 800 : OOB 0.1558 : L 29 : T 4.1 sec
 - d_sub 800 : OOB 0.1542 : L 30 : T 4.3 sec
 - d_sub 800 : OOB 0.1556 : L 31 : T 4.4 sec
 - d_sub 800 : OOB 0.1549 : L 32 : T 4.6 sec
 - d_sub 800 : OOB 0.1541 : L 33 : T 4.8 sec
 - d_sub 800 : OOB 0.1538 : L 34 : T 4.9 sec
 - d_sub 800 : OOB 0.1525 : L 35 : T 5.0 sec
 - d_sub 800 : OOB 0.1551 : L 36 : T 5.2 sec
 - d_sub 800 : OOB 0.1533 : L 37 : T 5.3 sec
 - d_sub 800 : OOB 0.1529 : L 38 : T 5.4 sec
 - d_sub 800 : OOB 0.1529 : L 39 : T 5.6 sec
 - d_sub 800 : OOB 0.1534 : L 40 : T 5.7 sec
 - d_sub 800 : OOB 0.1519 : L 41 : T 5.9 sec
 - d_sub 800 : OOB 0.1531 : L 42 : T 6.0 sec
 - d_sub 800 : OOB 0.1537 : L 43 : T 6.2 sec
 - d_sub 800 : OOB 0.1536 : L 44 : T 6.3 sec
 - d_sub 800 : OOB 0.1522 : L 45 : T 6.5 sec
 - d_sub 800 : OOB 0.1530 : L 46 : T 6.7 sec
 - d_sub 800 : OOB 0.1518 : L 47 : T 6.8 sec
 - d_sub 800 : OOB 0.1518 : L 48 : T 7.0 sec
 - d_sub 800 : OOB 0.1504 : L 49 : T 7.1 sec
 - d_sub 800 : OOB 0.1504 : L 50 : T 7.3 sec
 - d_sub 800 : OOB 0.1505 : L 51 : T 7.4 sec
 - d_sub 800 : OOB 0.1494 : L 52 : T 7.5 sec
 - d_sub 800 : OOB 0.1518 : L 53 : T 7.7 sec
 - d_sub 800 : OOB 0.1516 : L 54 : T 7.8 sec
 - d_sub 800 : OOB 0.1507 : L 55 : T 8.0 sec
 - d_sub 800 : OOB 0.1500 : L 56 : T 8.1 sec
 - d_sub 800 : OOB 0.1517 : L 57 : T 8.3 sec
 - d_sub 800 : OOB 0.1511 : L 58 : T 8.4 sec
 - d_sub 800 : OOB 0.1508 : L 59 : T 8.6 sec
 - d_sub 800 : OOB 0.1508 : L 60 : T 8.7 sec
 - d_sub 800 : OOB 0.1509 : L 61 : T 8.9 sec
 - d_sub 800 : OOB 0.1523 : L 62 : T 9.0 sec
 - d_sub 800 : OOB 0.1502 : L 63 : T 9.2 sec
 - d_sub 800 : OOB 0.1498 : L 64 : T 9.3 sec
 - d_sub 800 : OOB 0.1508 : L 65 : T 9.5 sec
 - d_sub 800 : OOB 0.1498 : L 66 : T 9.6 sec
 - d_sub 800 : OOB 0.1505 : L 67 : T 9.7 sec
 - d_sub 800 : OOB 0.1501 : L 68 : T 9.9 sec
 - d_sub 800 : OOB 0.1499 : L 69 : T 10.0 sec
 - d_sub 800 : OOB 0.1496 : L 70 : T 10.1 sec
 - d_sub 800 : OOB 0.1492 : L 71 : T 10.2 sec
 - d_sub 800 : OOB 0.1498 : L 72 : T 10.4 sec
 - d_sub 800 : OOB 0.1502 : L 73 : T 10.5 sec
 - d_sub 800 : OOB 0.1489 : L 74 : T 10.6 sec
 - d_sub 800 : OOB 0.1490 : L 75 : T 10.8 sec
 - d_sub 800 : OOB 0.1486 : L 76 : T 10.9 sec
 - d_sub 800 : OOB 0.1485 : L 77 : T 11.0 sec
 - d_sub 800 : OOB 0.1481 : L 78 : T 11.1 sec
 - d_sub 800 : OOB 0.1488 : L 79 : T 11.3 sec
 - d_sub 800 : OOB 0.1479 : L 80 : T 11.4 sec
 - d_sub 800 : OOB 0.1493 : L 81 : T 11.5 sec
 - d_sub 800 : OOB 0.1493 : L 82 : T 11.7 sec
 - d_sub 800 : OOB 0.1492 : L 83 : T 11.8 sec
 - d_sub 800 : OOB 0.1483 : L 84 : T 11.9 sec
 - d_sub 800 : OOB 0.1480 : L 85 : T 12.0 sec
 - d_sub 800 : OOB 0.1477 : L 86 : T 12.2 sec

 - d_sub 1000 : OOB 0.3873 : L 1 : T 0.2 sec
 - d_sub 1000 : OOB 0.3141 : L 2 : T 0.4 sec
 - d_sub 1000 : OOB 0.2732 : L 3 : T 0.5 sec
 - d_sub 1000 : OOB 0.2381 : L 4 : T 0.7 sec
 - d_sub 1000 : OOB 0.2150 : L 5 : T 0.9 sec
 - d_sub 1000 : OOB 0.2045 : L 6 : T 1.1 sec
 - d_sub 1000 : OOB 0.1996 : L 7 : T 1.3 sec
 - d_sub 1000 : OOB 0.1854 : L 8 : T 1.5 sec
 - d_sub 1000 : OOB 0.1820 : L 9 : T 1.6 sec
 - d_sub 1000 : OOB 0.1804 : L 10 : T 1.8 sec
 - d_sub 1000 : OOB 0.1754 : L 11 : T 2.0 sec
 - d_sub 1000 : OOB 0.1698 : L 12 : T 2.2 sec
 - d_sub 1000 : OOB 0.1690 : L 13 : T 2.4 sec
 - d_sub 1000 : OOB 0.1668 : L 14 : T 2.5 sec
 - d_sub 1000 : OOB 0.1647 : L 15 : T 2.7 sec
 - d_sub 1000 : OOB 0.1637 : L 16 : T 2.9 sec
 - d_sub 1000 : OOB 0.1608 : L 17 : T 3.1 sec
 - d_sub 1000 : OOB 0.1599 : L 18 : T 3.3 sec
 - d_sub 1000 : OOB 0.1582 : L 19 : T 3.5 sec
 - d_sub 1000 : OOB 0.1590 : L 20 : T 3.7 sec
 - d_sub 1000 : OOB 0.1556 : L 21 : T 3.9 sec
 - d_sub 1000 : OOB 0.1546 : L 22 : T 4.1 sec
 - d_sub 1000 : OOB 0.1535 : L 23 : T 4.3 sec
 - d_sub 1000 : OOB 0.1552 : L 24 : T 4.5 sec
 - d_sub 1000 : OOB 0.1546 : L 25 : T 4.7 sec
 - d_sub 1000 : OOB 0.1549 : L 26 : T 4.9 sec
 - d_sub 1000 : OOB 0.1537 : L 27 : T 5.1 sec
 - d_sub 1000 : OOB 0.1531 : L 28 : T 5.3 sec
 - d_sub 1000 : OOB 0.1542 : L 29 : T 5.5 sec
 - d_sub 1000 : OOB 0.1528 : L 30 : T 5.7 sec
 - d_sub 1000 : OOB 0.1525 : L 31 : T 6.0 sec
 - d_sub 1000 : OOB 0.1521 : L 32 : T 6.2 sec
 - d_sub 1000 : OOB 0.1521 : L 33 : T 6.4 sec
 - d_sub 1000 : OOB 0.1522 : L 34 : T 6.6 sec
 - d_sub 1000 : OOB 0.1514 : L 35 : T 6.8 sec
 - d_sub 1000 : OOB 0.1507 : L 36 : T 7.0 sec
 - d_sub 1000 : OOB 0.1507 : L 37 : T 7.2 sec
 - d_sub 1000 : OOB 0.1502 : L 38 : T 7.4 sec
 - d_sub 1000 : OOB 0.1503 : L 39 : T 7.6 sec
 - d_sub 1000 : OOB 0.1491 : L 40 : T 7.8 sec
 - d_sub 1000 : OOB 0.1509 : L 41 : T 8.1 sec
 - d_sub 1000 : OOB 0.1502 : L 42 : T 8.3 sec
 - d_sub 1000 : OOB 0.1505 : L 43 : T 8.6 sec
 - d_sub 1000 : OOB 0.1483 : L 44 : T 8.8 sec
 - d_sub 1000 : OOB 0.1489 : L 45 : T 9.1 sec
 - d_sub 1000 : OOB 0.1477 : L 46 : T 9.3 sec
 - d_sub 1000 : OOB 0.1491 : L 47 : T 9.5 sec
 - d_sub 1000 : OOB 0.1468 : L 48 : T 9.7 sec
 - d_sub 1000 : OOB 0.1487 : L 49 : T 10.0 sec
 - d_sub 1000 : OOB 0.1476 : L 50 : T 10.2 sec
 - d_sub 1000 : OOB 0.1481 : L 51 : T 10.4 sec
 - d_sub 1000 : OOB 0.1477 : L 52 : T 10.6 sec
 - d_sub 1000 : OOB 0.1473 : L 53 : T 10.8 sec
 - d_sub 1000 : OOB 0.1476 : L 54 : T 11.0 sec
 - d_sub 1000 : OOB 0.1458 : L 55 : T 11.2 sec
 - d_sub 1000 : OOB 0.1484 : L 56 : T 11.4 sec
 - d_sub 1000 : OOB 0.1472 : L 57 : T 11.5 sec
 - d_sub 1000 : OOB 0.1466 : L 58 : T 11.7 sec
 - d_sub 1000 : OOB 0.1455 : L 59 : T 11.9 sec
 - d_sub 1000 : OOB 0.1459 : L 60 : T 12.1 sec
 - d_sub 1000 : OOB 0.1456 : L 61 : T 12.3 sec
 - d_sub 1000 : OOB 0.1452 : L 62 : T 12.4 sec
 - d_sub 1000 : OOB 0.1456 : L 63 : T 12.6 sec
 - d_sub 1000 : OOB 0.1454 : L 64 : T 12.8 sec
 - d_sub 1000 : OOB 0.1438 : L 65 : T 13.0 sec
 - d_sub 1000 : OOB 0.1450 : L 66 : T 13.2 sec
 - d_sub 1000 : OOB 0.1450 : L 67 : T 13.4 sec
 - d_sub 1000 : OOB 0.1461 : L 68 : T 13.6 sec
 - d_sub 1000 : OOB 0.1465 : L 69 : T 13.8 sec
 - d_sub 1000 : OOB 0.1456 : L 70 : T 14.0 sec
 - d_sub 1000 : OOB 0.1463 : L 71 : T 14.3 sec
 - d_sub 1000 : OOB 0.1462 : L 72 : T 14.5 sec
 - d_sub 1000 : OOB 0.1454 : L 73 : T 14.7 sec
 - d_sub 1000 : OOB 0.1452 : L 74 : T 14.8 sec
 - d_sub 1000 : OOB 0.1453 : L 75 : T 15.0 sec
 - d_sub 1000 : OOB 0.1458 : L 76 : T 15.2 sec
 - d_sub 1000 : OOB 0.1450 : L 77 : T 15.4 sec
 - d_sub 1000 : OOB 0.1448 : L 78 : T 15.6 sec
 - d_sub 1000 : OOB 0.1439 : L 79 : T 15.8 sec
 - d_sub 1000 : OOB 0.1433 : L 80 : T 16.0 sec
 - d_sub 1000 : OOB 0.1432 : L 81 : T 16.1 sec
 - d_sub 1000 : OOB 0.1430 : L 82 : T 16.4 sec
 - d_sub 1000 : OOB 0.1440 : L 83 : T 16.6 sec
 - d_sub 1000 : OOB 0.1449 : L 84 : T 16.8 sec
 - d_sub 1000 : OOB 0.1449 : L 85 : T 17.0 sec
 - d_sub 1000 : OOB 0.1439 : L 86 : T 17.2 sec
 - d_sub 1000 : OOB 0.1442 : L 87 : T 17.4 sec
 - d_sub 1000 : OOB 0.1444 : L 88 : T 17.6 sec
 - d_sub 1000 : OOB 0.1435 : L 89 : T 17.7 sec
 - d_sub 1000 : OOB 0.1441 : L 90 : T 18.0 sec
 - d_sub 1000 : OOB 0.1428 : L 91 : T 18.2 sec
 - d_sub 1000 : OOB 0.1428 : L 92 : T 18.4 sec
 - d_sub 1000 : OOB 0.1425 : L 93 : T 18.6 sec
 - d_sub 1000 : OOB 0.1424 : L 94 : T 18.8 sec
 - d_sub 1000 : OOB 0.1430 : L 95 : T 19.0 sec
 - d_sub 1000 : OOB 0.1433 : L 96 : T 19.2 sec
 - d_sub 1000 : OOB 0.1424 : L 97 : T 19.4 sec
 - d_sub 1000 : OOB 0.1438 : L 98 : T 19.6 sec
 - d_sub 1000 : OOB 0.1434 : L 99 : T 19.9 sec

 - d_sub 1200 : OOB 0.3832 : L 1 : T 0.2 sec
 - d_sub 1200 : OOB 0.3106 : L 2 : T 0.5 sec
 - d_sub 1200 : OOB 0.2721 : L 3 : T 0.7 sec
 - d_sub 1200 : OOB 0.2375 : L 4 : T 1.0 sec
 - d_sub 1200 : OOB 0.2130 : L 5 : T 1.3 sec
 - d_sub 1200 : OOB 0.1995 : L 6 : T 1.6 sec
 - d_sub 1200 : OOB 0.1921 : L 7 : T 1.9 sec
 - d_sub 1200 : OOB 0.1815 : L 8 : T 2.2 sec
 - d_sub 1200 : OOB 0.1737 : L 9 : T 2.4 sec
 - d_sub 1200 : OOB 0.1697 : L 10 : T 2.7 sec
 - d_sub 1200 : OOB 0.1668 : L 11 : T 3.0 sec
 - d_sub 1200 : OOB 0.1651 : L 12 : T 3.3 sec
 - d_sub 1200 : OOB 0.1597 : L 13 : T 3.6 sec
 - d_sub 1200 : OOB 0.1614 : L 14 : T 3.9 sec
 - d_sub 1200 : OOB 0.1577 : L 15 : T 4.1 sec
 - d_sub 1200 : OOB 0.1579 : L 16 : T 4.3 sec
 - d_sub 1200 : OOB 0.1538 : L 17 : T 4.6 sec
 - d_sub 1200 : OOB 0.1545 : L 18 : T 4.8 sec
 - d_sub 1200 : OOB 0.1506 : L 19 : T 5.0 sec
 - d_sub 1200 : OOB 0.1517 : L 20 : T 5.3 sec
 - d_sub 1200 : OOB 0.1518 : L 21 : T 5.5 sec
 - d_sub 1200 : OOB 0.1505 : L 22 : T 5.7 sec
 - d_sub 1200 : OOB 0.1515 : L 23 : T 6.0 sec
 - d_sub 1200 : OOB 0.1505 : L 24 : T 6.2 sec
 - d_sub 1200 : OOB 0.1499 : L 25 : T 6.5 sec
 - d_sub 1200 : OOB 0.1481 : L 26 : T 6.7 sec
 - d_sub 1200 : OOB 0.1481 : L 27 : T 6.9 sec
 - d_sub 1200 : OOB 0.1489 : L 28 : T 7.2 sec
 - d_sub 1200 : OOB 0.1465 : L 29 : T 7.4 sec
 - d_sub 1200 : OOB 0.1470 : L 30 : T 7.6 sec
 - d_sub 1200 : OOB 0.1481 : L 31 : T 7.8 sec
 - d_sub 1200 : OOB 0.1485 : L 32 : T 8.1 sec
 - d_sub 1200 : OOB 0.1488 : L 33 : T 8.3 sec
 - d_sub 1200 : OOB 0.1484 : L 34 : T 8.5 sec
 - d_sub 1200 : OOB 0.1469 : L 35 : T 8.8 sec
 - d_sub 1200 : OOB 0.1473 : L 36 : T 9.0 sec
 - d_sub 1200 : OOB 0.1448 : L 37 : T 9.2 sec
 - d_sub 1200 : OOB 0.1456 : L 38 : T 9.5 sec
 - d_sub 1200 : OOB 0.1459 : L 39 : T 9.8 sec
 - d_sub 1200 : OOB 0.1463 : L 40 : T 10.1 sec
 - d_sub 1200 : OOB 0.1441 : L 41 : T 10.3 sec
 - d_sub 1200 : OOB 0.1454 : L 42 : T 10.6 sec
 - d_sub 1200 : OOB 0.1433 : L 43 : T 10.9 sec
 - d_sub 1200 : OOB 0.1443 : L 44 : T 11.2 sec
 - d_sub 1200 : OOB 0.1425 : L 45 : T 11.4 sec
 - d_sub 1200 : OOB 0.1422 : L 46 : T 11.7 sec
 - d_sub 1200 : OOB 0.1448 : L 47 : T 12.0 sec
 - d_sub 1200 : OOB 0.1439 : L 48 : T 12.3 sec
 - d_sub 1200 : OOB 0.1430 : L 49 : T 12.6 sec
 - d_sub 1200 : OOB 0.1437 : L 50 : T 12.8 sec
 - d_sub 1200 : OOB 0.1438 : L 51 : T 13.1 sec
 - d_sub 1200 : OOB 0.1442 : L 52 : T 13.4 sec
 - d_sub 1200 : OOB 0.1419 : L 53 : T 13.6 sec
 - d_sub 1200 : OOB 0.1433 : L 54 : T 13.9 sec
 - d_sub 1200 : OOB 0.1433 : L 55 : T 14.2 sec
 - d_sub 1200 : OOB 0.1426 : L 56 : T 14.5 sec
 - d_sub 1200 : OOB 0.1419 : L 57 : T 14.8 sec
 - d_sub 1200 : OOB 0.1406 : L 58 : T 15.0 sec
 - d_sub 1200 : OOB 0.1411 : L 59 : T 15.3 sec
 - d_sub 1200 : OOB 0.1409 : L 60 : T 15.6 sec
 - d_sub 1200 : OOB 0.1425 : L 61 : T 15.9 sec
 - d_sub 1200 : OOB 0.1428 : L 62 : T 16.2 sec
 - d_sub 1200 : OOB 0.1429 : L 63 : T 16.5 sec
 - d_sub 1200 : OOB 0.1422 : L 64 : T 16.7 sec
 - d_sub 1200 : OOB 0.1423 : L 65 : T 17.0 sec
 - d_sub 1200 : OOB 0.1420 : L 66 : T 17.2 sec
 - d_sub 1200 : OOB 0.1417 : L 67 : T 17.5 sec
 - d_sub 1200 : OOB 0.1420 : L 68 : T 17.8 sec
 - d_sub 1200 : OOB 0.1417 : L 69 : T 18.0 sec
 - d_sub 1200 : OOB 0.1410 : L 70 : T 18.2 sec
 - d_sub 1200 : OOB 0.1410 : L 71 : T 18.5 sec
 - d_sub 1200 : OOB 0.1416 : L 72 : T 18.7 sec
 - d_sub 1200 : OOB 0.1423 : L 73 : T 19.0 sec
 - d_sub 1200 : OOB 0.1417 : L 74 : T 19.2 sec
 - d_sub 1200 : OOB 0.1416 : L 75 : T 19.4 sec
 - d_sub 1200 : OOB 0.1414 : L 76 : T 19.6 sec
 - d_sub 1200 : OOB 0.1424 : L 77 : T 19.9 sec
 - d_sub 1200 : OOB 0.1415 : L 78 : T 20.1 sec
 - d_sub 1200 : OOB 0.1420 : L 79 : T 20.3 sec
 - d_sub 1200 : OOB 0.1421 : L 80 : T 20.6 sec
 - d_sub 1200 : OOB 0.1411 : L 81 : T 20.8 sec
 - d_sub 1200 : OOB 0.1415 : L 82 : T 21.0 sec
 - d_sub 1200 : OOB 0.1400 : L 83 : T 21.2 sec
 - d_sub 1200 : OOB 0.1406 : L 84 : T 21.5 sec
 - d_sub 1200 : OOB 0.1415 : L 85 : T 21.7 sec
 - d_sub 1200 : OOB 0.1423 : L 86 : T 21.9 sec

 - d_sub 1400 : OOB 0.3871 : L 1 : T 0.3 sec
 - d_sub 1400 : OOB 0.3137 : L 2 : T 0.6 sec
 - d_sub 1400 : OOB 0.2728 : L 3 : T 0.9 sec
 - d_sub 1400 : OOB 0.2388 : L 4 : T 1.2 sec
 - d_sub 1400 : OOB 0.2137 : L 5 : T 1.6 sec
 - d_sub 1400 : OOB 0.1980 : L 6 : T 2.0 sec
 - d_sub 1400 : OOB 0.1909 : L 7 : T 2.3 sec
 - d_sub 1400 : OOB 0.1804 : L 8 : T 2.7 sec
 - d_sub 1400 : OOB 0.1744 : L 9 : T 3.1 sec
 - d_sub 1400 : OOB 0.1713 : L 10 : T 3.4 sec
 - d_sub 1400 : OOB 0.1690 : L 11 : T 3.8 sec
 - d_sub 1400 : OOB 0.1669 : L 12 : T 4.2 sec
 - d_sub 1400 : OOB 0.1669 : L 13 : T 4.5 sec
 - d_sub 1400 : OOB 0.1646 : L 14 : T 4.9 sec
 - d_sub 1400 : OOB 0.1644 : L 15 : T 5.3 sec
 - d_sub 1400 : OOB 0.1608 : L 16 : T 5.7 sec
 - d_sub 1400 : OOB 0.1589 : L 17 : T 6.1 sec
 - d_sub 1400 : OOB 0.1563 : L 18 : T 6.5 sec
 - d_sub 1400 : OOB 0.1570 : L 19 : T 6.8 sec
 - d_sub 1400 : OOB 0.1551 : L 20 : T 7.2 sec
 - d_sub 1400 : OOB 0.1561 : L 21 : T 7.6 sec
 - d_sub 1400 : OOB 0.1565 : L 22 : T 7.9 sec
 - d_sub 1400 : OOB 0.1536 : L 23 : T 8.3 sec
 - d_sub 1400 : OOB 0.1548 : L 24 : T 8.7 sec
 - d_sub 1400 : OOB 0.1540 : L 25 : T 9.0 sec
 - d_sub 1400 : OOB 0.1518 : L 26 : T 9.3 sec
 - d_sub 1400 : OOB 0.1519 : L 27 : T 9.6 sec
 - d_sub 1400 : OOB 0.1505 : L 28 : T 9.9 sec
 - d_sub 1400 : OOB 0.1497 : L 29 : T 10.1 sec
 - d_sub 1400 : OOB 0.1490 : L 30 : T 10.4 sec
 - d_sub 1400 : OOB 0.1478 : L 31 : T 10.7 sec
 - d_sub 1400 : OOB 0.1466 : L 32 : T 11.0 sec
 - d_sub 1400 : OOB 0.1457 : L 33 : T 11.3 sec
 - d_sub 1400 : OOB 0.1440 : L 34 : T 11.6 sec
 - d_sub 1400 : OOB 0.1445 : L 35 : T 11.9 sec
 - d_sub 1400 : OOB 0.1441 : L 36 : T 12.2 sec
 - d_sub 1400 : OOB 0.1443 : L 37 : T 12.5 sec
 - d_sub 1400 : OOB 0.1440 : L 38 : T 12.8 sec
 - d_sub 1400 : OOB 0.1439 : L 39 : T 13.1 sec
 - d_sub 1400 : OOB 0.1438 : L 40 : T 13.4 sec
 - d_sub 1400 : OOB 0.1446 : L 41 : T 13.7 sec
 - d_sub 1400 : OOB 0.1440 : L 42 : T 14.0 sec
 - d_sub 1400 : OOB 0.1451 : L 43 : T 14.3 sec
 - d_sub 1400 : OOB 0.1443 : L 44 : T 14.7 sec
 - d_sub 1400 : OOB 0.1429 : L 45 : T 15.0 sec
 - d_sub 1400 : OOB 0.1443 : L 46 : T 15.4 sec
 - d_sub 1400 : OOB 0.1430 : L 47 : T 15.7 sec
 - d_sub 1400 : OOB 0.1436 : L 48 : T 16.0 sec
 - d_sub 1400 : OOB 0.1424 : L 49 : T 16.4 sec
 - d_sub 1400 : OOB 0.1414 : L 50 : T 16.7 sec
 - d_sub 1400 : OOB 0.1425 : L 51 : T 17.0 sec
 - d_sub 1400 : OOB 0.1411 : L 52 : T 17.4 sec
 - d_sub 1400 : OOB 0.1403 : L 53 : T 17.7 sec
 - d_sub 1400 : OOB 0.1392 : L 54 : T 18.1 sec
 - d_sub 1400 : OOB 0.1409 : L 55 : T 18.5 sec
 - d_sub 1400 : OOB 0.1394 : L 56 : T 18.8 sec
 - d_sub 1400 : OOB 0.1407 : L 57 : T 19.2 sec
 - d_sub 1400 : OOB 0.1407 : L 58 : T 19.6 sec
 - d_sub 1400 : OOB 0.1404 : L 59 : T 20.0 sec
 - d_sub 1400 : OOB 0.1393 : L 60 : T 20.4 sec
 - d_sub 1400 : OOB 0.1394 : L 61 : T 20.7 sec
 - d_sub 1400 : OOB 0.1390 : L 62 : T 21.1 sec
 - d_sub 1400 : OOB 0.1390 : L 63 : T 21.5 sec
 - d_sub 1400 : OOB 0.1384 : L 64 : T 21.9 sec
 - d_sub 1400 : OOB 0.1391 : L 65 : T 22.2 sec
 - d_sub 1400 : OOB 0.1386 : L 66 : T 22.5 sec
 - d_sub 1400 : OOB 0.1386 : L 67 : T 22.8 sec
 - d_sub 1400 : OOB 0.1391 : L 68 : T 23.1 sec
 - d_sub 1400 : OOB 0.1398 : L 69 : T 23.4 sec
 - d_sub 1400 : OOB 0.1398 : L 70 : T 23.7 sec
 - d_sub 1400 : OOB 0.1391 : L 71 : T 24.0 sec
 - d_sub 1400 : OOB 0.1398 : L 72 : T 24.3 sec
 - d_sub 1400 : OOB 0.1398 : L 73 : T 24.6 sec
 - d_sub 1400 : OOB 0.1413 : L 74 : T 25.0 sec
 - d_sub 1400 : OOB 0.1400 : L 75 : T 25.4 sec
 - d_sub 1400 : OOB 0.1413 : L 76 : T 25.7 sec
 - d_sub 1400 : OOB 0.1392 : L 77 : T 26.0 sec
 - d_sub 1400 : OOB 0.1401 : L 78 : T 26.3 sec
 - d_sub 1400 : OOB 0.1392 : L 79 : T 26.6 sec
 - d_sub 1400 : OOB 0.1401 : L 80 : T 26.9 sec
 - d_sub 1400 : OOB 0.1401 : L 81 : T 27.2 sec
 - d_sub 1400 : OOB 0.1391 : L 82 : T 27.5 sec
 - d_sub 1400 : OOB 0.1395 : L 83 : T 27.8 sec
 - d_sub 1400 : OOB 0.1389 : L 84 : T 28.2 sec
 - d_sub 1400 : OOB 0.1390 : L 85 : T 28.5 sec
 - d_sub 1400 : OOB 0.1395 : L 86 : T 28.8 sec
 - d_sub 1400 : OOB 0.1386 : L 87 : T 29.2 sec
 - d_sub 1400 : OOB 0.1390 : L 88 : T 29.5 sec
 - d_sub 1400 : OOB 0.1387 : L 89 : T 29.9 sec
 - d_sub 1400 : OOB 0.1394 : L 90 : T 30.3 sec
 - d_sub 1400 : OOB 0.1388 : L 91 : T 30.7 sec
 - d_sub 1400 : OOB 0.1384 : L 92 : T 31.0 sec
 - d_sub 1400 : OOB 0.1388 : L 93 : T 31.3 sec

 - d_sub 1600 : OOB 0.3858 : L 1 : T 0.5 sec
 - d_sub 1600 : OOB 0.3133 : L 2 : T 0.9 sec
 - d_sub 1600 : OOB 0.2709 : L 3 : T 1.3 sec
 - d_sub 1600 : OOB 0.2402 : L 4 : T 1.7 sec
 - d_sub 1600 : OOB 0.2155 : L 5 : T 2.1 sec
 - d_sub 1600 : OOB 0.2039 : L 6 : T 2.5 sec
 - d_sub 1600 : OOB 0.1996 : L 7 : T 2.9 sec
 - d_sub 1600 : OOB 0.1863 : L 8 : T 3.3 sec
 - d_sub 1600 : OOB 0.1779 : L 9 : T 3.7 sec
 - d_sub 1600 : OOB 0.1787 : L 10 : T 4.1 sec
 - d_sub 1600 : OOB 0.1713 : L 11 : T 4.4 sec
 - d_sub 1600 : OOB 0.1695 : L 12 : T 4.8 sec
 - d_sub 1600 : OOB 0.1673 : L 13 : T 5.1 sec
 - d_sub 1600 : OOB 0.1636 : L 14 : T 5.5 sec
 - d_sub 1600 : OOB 0.1630 : L 15 : T 5.8 sec
 - d_sub 1600 : OOB 0.1594 : L 16 : T 6.1 sec
 - d_sub 1600 : OOB 0.1595 : L 17 : T 6.5 sec
 - d_sub 1600 : OOB 0.1554 : L 18 : T 6.8 sec
 - d_sub 1600 : OOB 0.1533 : L 19 : T 7.2 sec
 - d_sub 1600 : OOB 0.1534 : L 20 : T 7.5 sec
 - d_sub 1600 : OOB 0.1516 : L 21 : T 7.9 sec
 - d_sub 1600 : OOB 0.1493 : L 22 : T 8.2 sec
 - d_sub 1600 : OOB 0.1505 : L 23 : T 8.6 sec
 - d_sub 1600 : OOB 0.1485 : L 24 : T 8.9 sec
 - d_sub 1600 : OOB 0.1469 : L 25 : T 9.2 sec
 - d_sub 1600 : OOB 0.1470 : L 26 : T 9.6 sec
 - d_sub 1600 : OOB 0.1465 : L 27 : T 9.9 sec
 - d_sub 1600 : OOB 0.1459 : L 28 : T 10.3 sec
 - d_sub 1600 : OOB 0.1458 : L 29 : T 10.7 sec
 - d_sub 1600 : OOB 0.1450 : L 30 : T 11.1 sec
 - d_sub 1600 : OOB 0.1451 : L 31 : T 11.5 sec
 - d_sub 1600 : OOB 0.1414 : L 32 : T 12.0 sec
 - d_sub 1600 : OOB 0.1437 : L 33 : T 12.4 sec
 - d_sub 1600 : OOB 0.1438 : L 34 : T 12.8 sec
 - d_sub 1600 : OOB 0.1440 : L 35 : T 13.3 sec
 - d_sub 1600 : OOB 0.1450 : L 36 : T 13.7 sec
 - d_sub 1600 : OOB 0.1426 : L 37 : T 14.1 sec
 - d_sub 1600 : OOB 0.1426 : L 38 : T 14.6 sec
 - d_sub 1600 : OOB 0.1413 : L 39 : T 15.0 sec
 - d_sub 1600 : OOB 0.1406 : L 40 : T 15.4 sec
 - d_sub 1600 : OOB 0.1417 : L 41 : T 15.9 sec
 - d_sub 1600 : OOB 0.1389 : L 42 : T 16.3 sec
 - d_sub 1600 : OOB 0.1394 : L 43 : T 16.8 sec
 - d_sub 1600 : OOB 0.1391 : L 44 : T 17.2 sec
 - d_sub 1600 : OOB 0.1387 : L 45 : T 17.6 sec
 - d_sub 1600 : OOB 0.1377 : L 46 : T 18.0 sec
 - d_sub 1600 : OOB 0.1389 : L 47 : T 18.3 sec
 - d_sub 1600 : OOB 0.1407 : L 48 : T 18.7 sec
 - d_sub 1600 : OOB 0.1393 : L 49 : T 19.1 sec
 - d_sub 1600 : OOB 0.1407 : L 50 : T 19.4 sec
 - d_sub 1600 : OOB 0.1388 : L 51 : T 19.8 sec
 - d_sub 1600 : OOB 0.1402 : L 52 : T 20.1 sec
 - d_sub 1600 : OOB 0.1395 : L 53 : T 20.5 sec
 - d_sub 1600 : OOB 0.1395 : L 54 : T 20.8 sec
 - d_sub 1600 : OOB 0.1395 : L 55 : T 21.2 sec
 - d_sub 1600 : OOB 0.1387 : L 56 : T 21.6 sec
 - d_sub 1600 : OOB 0.1387 : L 57 : T 21.9 sec
 - d_sub 1600 : OOB 0.1385 : L 58 : T 22.3 sec
 - d_sub 1600 : OOB 0.1383 : L 59 : T 22.6 sec
 - d_sub 1600 : OOB 0.1390 : L 60 : T 23.0 sec
 - d_sub 1600 : OOB 0.1377 : L 61 : T 23.3 sec
 - d_sub 1600 : OOB 0.1376 : L 62 : T 23.8 sec
 - d_sub 1600 : OOB 0.1385 : L 63 : T 24.2 sec
 - d_sub 1600 : OOB 0.1375 : L 64 : T 24.6 sec
 - d_sub 1600 : OOB 0.1379 : L 65 : T 25.0 sec
 - d_sub 1600 : OOB 0.1367 : L 66 : T 25.4 sec
 - d_sub 1600 : OOB 0.1370 : L 67 : T 25.9 sec
 - d_sub 1600 : OOB 0.1378 : L 68 : T 26.3 sec
 - d_sub 1600 : OOB 0.1378 : L 69 : T 26.7 sec
 - d_sub 1600 : OOB 0.1373 : L 70 : T 27.0 sec
 - d_sub 1600 : OOB 0.1393 : L 71 : T 27.4 sec
 - d_sub 1600 : OOB 0.1378 : L 72 : T 27.9 sec
 - d_sub 1600 : OOB 0.1377 : L 73 : T 28.3 sec
 - d_sub 1600 : OOB 0.1379 : L 74 : T 28.8 sec
 - d_sub 1600 : OOB 0.1382 : L 75 : T 29.2 sec
 - d_sub 1600 : OOB 0.1376 : L 76 : T 29.6 sec
 - d_sub 1600 : OOB 0.1376 : L 77 : T 30.0 sec
 - d_sub 1600 : OOB 0.1388 : L 78 : T 30.5 sec
 - d_sub 1600 : OOB 0.1383 : L 79 : T 30.9 sec
 - d_sub 1600 : OOB 0.1385 : L 80 : T 31.3 sec
 - d_sub 1600 : OOB 0.1373 : L 81 : T 31.6 sec
 - d_sub 1600 : OOB 0.1376 : L 82 : T 32.0 sec
 - d_sub 1600 : OOB 0.1379 : L 83 : T 32.4 sec
 - d_sub 1600 : OOB 0.1389 : L 84 : T 32.7 sec
 - d_sub 1600 : OOB 0.1383 : L 85 : T 33.1 sec
 - d_sub 1600 : OOB 0.1389 : L 86 : T 33.5 sec

 - d_sub 1800 : OOB 0.3816 : L 1 : T 0.4 sec
 - d_sub 1800 : OOB 0.3165 : L 2 : T 0.9 sec
 - d_sub 1800 : OOB 0.2776 : L 3 : T 1.3 sec
 - d_sub 1800 : OOB 0.2476 : L 4 : T 1.8 sec
 - d_sub 1800 : OOB 0.2221 : L 5 : T 2.2 sec
 - d_sub 1800 : OOB 0.2072 : L 6 : T 2.6 sec
 - d_sub 1800 : OOB 0.1993 : L 7 : T 3.1 sec
 - d_sub 1800 : OOB 0.1898 : L 8 : T 3.6 sec
 - d_sub 1800 : OOB 0.1837 : L 9 : T 4.1 sec
 - d_sub 1800 : OOB 0.1787 : L 10 : T 4.6 sec
 - d_sub 1800 : OOB 0.1707 : L 11 : T 5.1 sec
 - d_sub 1800 : OOB 0.1703 : L 12 : T 5.6 sec
 - d_sub 1800 : OOB 0.1672 : L 13 : T 6.1 sec
 - d_sub 1800 : OOB 0.1663 : L 14 : T 6.6 sec
 - d_sub 1800 : OOB 0.1644 : L 15 : T 7.0 sec
 - d_sub 1800 : OOB 0.1646 : L 16 : T 7.6 sec
 - d_sub 1800 : OOB 0.1614 : L 17 : T 8.1 sec
 - d_sub 1800 : OOB 0.1598 : L 18 : T 8.8 sec
 - d_sub 1800 : OOB 0.1582 : L 19 : T 9.3 sec
 - d_sub 1800 : OOB 0.1560 : L 20 : T 9.8 sec
 - d_sub 1800 : OOB 0.1542 : L 21 : T 10.4 sec
 - d_sub 1800 : OOB 0.1540 : L 22 : T 10.9 sec
 - d_sub 1800 : OOB 0.1548 : L 23 : T 11.3 sec
 - d_sub 1800 : OOB 0.1532 : L 24 : T 11.8 sec
 - d_sub 1800 : OOB 0.1542 : L 25 : T 12.2 sec
 - d_sub 1800 : OOB 0.1538 : L 26 : T 12.6 sec
 - d_sub 1800 : OOB 0.1524 : L 27 : T 13.0 sec
 - d_sub 1800 : OOB 0.1518 : L 28 : T 13.5 sec
 - d_sub 1800 : OOB 0.1519 : L 29 : T 13.9 sec
 - d_sub 1800 : OOB 0.1509 : L 30 : T 14.3 sec
 - d_sub 1800 : OOB 0.1479 : L 31 : T 14.7 sec
 - d_sub 1800 : OOB 0.1500 : L 32 : T 15.1 sec
 - d_sub 1800 : OOB 0.1481 : L 33 : T 15.6 sec
 - d_sub 1800 : OOB 0.1472 : L 34 : T 16.0 sec
 - d_sub 1800 : OOB 0.1477 : L 35 : T 16.5 sec
 - d_sub 1800 : OOB 0.1470 : L 36 : T 16.9 sec
 - d_sub 1800 : OOB 0.1479 : L 37 : T 17.4 sec
 - d_sub 1800 : OOB 0.1486 : L 38 : T 17.9 sec
 - d_sub 1800 : OOB 0.1462 : L 39 : T 18.3 sec
 - d_sub 1800 : OOB 0.1447 : L 40 : T 18.7 sec
 - d_sub 1800 : OOB 0.1453 : L 41 : T 19.2 sec
 - d_sub 1800 : OOB 0.1450 : L 42 : T 19.7 sec
 - d_sub 1800 : OOB 0.1442 : L 43 : T 20.2 sec
 - d_sub 1800 : OOB 0.1449 : L 44 : T 20.6 sec
 - d_sub 1800 : OOB 0.1435 : L 45 : T 21.0 sec
 - d_sub 1800 : OOB 0.1442 : L 46 : T 21.5 sec
 - d_sub 1800 : OOB 0.1436 : L 47 : T 21.9 sec
 - d_sub 1800 : OOB 0.1432 : L 48 : T 22.4 sec
 - d_sub 1800 : OOB 0.1428 : L 49 : T 22.9 sec
 - d_sub 1800 : OOB 0.1430 : L 50 : T 23.4 sec
 - d_sub 1800 : OOB 0.1427 : L 51 : T 23.9 sec
 - d_sub 1800 : OOB 0.1405 : L 52 : T 24.3 sec
 - d_sub 1800 : OOB 0.1414 : L 53 : T 24.8 sec
 - d_sub 1800 : OOB 0.1422 : L 54 : T 25.2 sec
 - d_sub 1800 : OOB 0.1429 : L 55 : T 25.6 sec
 - d_sub 1800 : OOB 0.1424 : L 56 : T 26.0 sec
 - d_sub 1800 : OOB 0.1424 : L 57 : T 26.4 sec
 - d_sub 1800 : OOB 0.1430 : L 58 : T 26.8 sec
 - d_sub 1800 : OOB 0.1429 : L 59 : T 27.2 sec
 - d_sub 1800 : OOB 0.1425 : L 60 : T 27.6 sec
 - d_sub 1800 : OOB 0.1420 : L 61 : T 28.0 sec
 - d_sub 1800 : OOB 0.1416 : L 62 : T 28.4 sec
 - d_sub 1800 : OOB 0.1419 : L 63 : T 28.8 sec
 - d_sub 1800 : OOB 0.1423 : L 64 : T 29.2 sec
 - d_sub 1800 : OOB 0.1410 : L 65 : T 29.6 sec
 - d_sub 1800 : OOB 0.1406 : L 66 : T 30.0 sec
 - d_sub 1800 : OOB 0.1401 : L 67 : T 30.4 sec
 - d_sub 1800 : OOB 0.1407 : L 68 : T 30.8 sec
 - d_sub 1800 : OOB 0.1402 : L 69 : T 31.2 sec
 - d_sub 1800 : OOB 0.1402 : L 70 : T 31.6 sec
 - d_sub 1800 : OOB 0.1410 : L 71 : T 32.2 sec
 - d_sub 1800 : OOB 0.1404 : L 72 : T 32.6 sec
 - d_sub 1800 : OOB 0.1406 : L 73 : T 33.0 sec
 - d_sub 1800 : OOB 0.1418 : L 74 : T 33.5 sec
 - d_sub 1800 : OOB 0.1408 : L 75 : T 33.9 sec
 - d_sub 1800 : OOB 0.1414 : L 76 : T 34.4 sec
 - d_sub 1800 : OOB 0.1398 : L 77 : T 34.9 sec
 - d_sub 1800 : OOB 0.1401 : L 78 : T 35.4 sec
 - d_sub 1800 : OOB 0.1399 : L 79 : T 35.9 sec
 - d_sub 1800 : OOB 0.1400 : L 80 : T 36.4 sec
 - d_sub 1800 : OOB 0.1394 : L 81 : T 36.9 sec
 - d_sub 1800 : OOB 0.1401 : L 82 : T 37.4 sec
 - d_sub 1800 : OOB 0.1392 : L 83 : T 37.9 sec
 - d_sub 1800 : OOB 0.1389 : L 84 : T 38.3 sec
 - d_sub 1800 : OOB 0.1389 : L 85 : T 38.7 sec
 - d_sub 1800 : OOB 0.1397 : L 86 : T 39.1 sec
 - d_sub 1800 : OOB 0.1391 : L 87 : T 39.5 sec
 - d_sub 1800 : OOB 0.1390 : L 88 : T 39.9 sec
 - d_sub 1800 : OOB 0.1402 : L 89 : T 40.3 sec
 - d_sub 1800 : OOB 0.1399 : L 90 : T 40.7 sec
 - d_sub 1800 : OOB 0.1396 : L 91 : T 41.1 sec
 - d_sub 1800 : OOB 0.1396 : L 92 : T 41.5 sec
# -------------------------
optimal d_sub 1400 : OOB 0.1388 : L 93 : T 177.6 sec
Testing error: 0.1354
# -------------------------
# Ensemble classification
#  - Training samples: 10000 (5000/5000)
#  - Feature-space dimensionality: 18157
#  - L : automatic (min 25, max 500, length 50, eps 0.00500)
#  - d_sub : 300
#  - Seed 1 (subspaces) : 131667539
#  - Seed 2 (bootstrap) : 668523968
# -------------------------

 - d_sub 300 : OOB 0.3980 : L 1 : T 0.1 sec
 - d_sub 300 : OOB 0.3325 : L 2 : T 0.1 sec
 - d_sub 300 : OOB 0.2927 : L 3 : T 0.2 sec
 - d_sub 300 : OOB 0.2629 : L 4 : T 0.3 sec
 - d_sub 300 : OOB 0.2406 : L 5 : T 0.3 sec
 - d_sub 300 : OOB 0.2273 : L 6 : T 0.4 sec
 - d_sub 300 : OOB 0.2236 : L 7 : T 0.4 sec
 - d_sub 300 : OOB 0.2137 : L 8 : T 0.5 sec
 - d_sub 300 : OOB 0.2072 : L 9 : T 0.6 sec
 - d_sub 300 : OOB 0.2066 : L 10 : T 0.6 sec
 - d_sub 300 : OOB 0.2036 : L 11 : T 0.7 sec
 - d_sub 300 : OOB 0.1993 : L 12 : T 0.7 sec
 - d_sub 300 : OOB 0.1988 : L 13 : T 0.8 sec
 - d_sub 300 : OOB 0.1972 : L 14 : T 0.9 sec
 - d_sub 300 : OOB 0.1948 : L 15 : T 0.9 sec
 - d_sub 300 : OOB 0.1917 : L 16 : T 1.0 sec
 - d_sub 300 : OOB 0.1925 : L 17 : T 1.1 sec
 - d_sub 300 : OOB 0.1909 : L 18 : T 1.1 sec
 - d_sub 300 : OOB 0.1908 : L 19 : T 1.2 sec
 - d_sub 300 : OOB 0.1911 : L 20 : T 1.2 sec
 - d_sub 300 : OOB 0.1893 : L 21 : T 1.3 sec
 - d_sub 300 : OOB 0.1871 : L 22 : T 1.3 sec
 - d_sub 300 : OOB 0.1893 : L 23 : T 1.4 sec
 - d_sub 300 : OOB 0.1880 : L 24 : T 1.4 sec
 - d_sub 300 : OOB 0.1878 : L 25 : T 1.5 sec
 - d_sub 300 : OOB 0.1880 : L 26 : T 1.5 sec
 - d_sub 300 : OOB 0.1846 : L 27 : T 1.6 sec
 - d_sub 300 : OOB 0.1874 : L 28 : T 1.6 sec
 - d_sub 300 : OOB 0.1857 : L 29 : T 1.7 sec
 - d_sub 300 : OOB 0.1852 : L 30 : T 1.8 sec
 - d_sub 300 : OOB 0.1856 : L 31 : T 1.8 sec
 - d_sub 300 : OOB 0.1856 : L 32 : T 1.9 sec
 - d_sub 300 : OOB 0.1860 : L 33 : T 1.9 sec
 - d_sub 300 : OOB 0.1859 : L 34 : T 2.0 sec
 - d_sub 300 : OOB 0.1864 : L 35 : T 2.1 sec
 - d_sub 300 : OOB 0.1839 : L 36 : T 2.1 sec
 - d_sub 300 : OOB 0.1856 : L 37 : T 2.2 sec
 - d_sub 300 : OOB 0.1861 : L 38 : T 2.2 sec
 - d_sub 300 : OOB 0.1843 : L 39 : T 2.3 sec
 - d_sub 300 : OOB 0.1835 : L 40 : T 2.3 sec
 - d_sub 300 : OOB 0.1842 : L 41 : T 2.4 sec
 - d_sub 300 : OOB 0.1831 : L 42 : T 2.5 sec
 - d_sub 300 : OOB 0.1838 : L 43 : T 2.5 sec
 - d_sub 300 : OOB 0.1827 : L 44 : T 2.6 sec
 - d_sub 300 : OOB 0.1846 : L 45 : T 2.6 sec
 - d_sub 300 : OOB 0.1850 : L 46 : T 2.7 sec
 - d_sub 300 : OOB 0.1831 : L 47 : T 2.7 sec
 - d_sub 300 : OOB 0.1832 : L 48 : T 2.8 sec
 - d_sub 300 : OOB 0.1836 : L 49 : T 2.8 sec
 - d_sub 300 : OOB 0.1835 : L 50 : T 2.9 sec
 - d_sub 300 : OOB 0.1831 : L 51 : T 3.0 sec
 - d_sub 300 : OOB 0.1834 : L 52 : T 3.0 sec
 - d_sub 300 : OOB 0.1827 : L 53 : T 3.1 sec
 - d_sub 300 : OOB 0.1830 : L 54 : T 3.2 sec
 - d_sub 300 : OOB 0.1823 : L 55 : T 3.2 sec
 - d_sub 300 : OOB 0.1823 : L 56 : T 3.3 sec
 - d_sub 300 : OOB 0.1823 : L 57 : T 3.3 sec
 - d_sub 300 : OOB 0.1819 : L 58 : T 3.4 sec
 - d_sub 300 : OOB 0.1825 : L 59 : T 3.4 sec
 - d_sub 300 : OOB 0.1808 : L 60 : T 3.5 sec
 - d_sub 300 : OOB 0.1816 : L 61 : T 3.6 sec
 - d_sub 300 : OOB 0.1815 : L 62 : T 3.6 sec
 - d_sub 300 : OOB 0.1805 : L 63 : T 3.7 sec
 - d_sub 300 : OOB 0.1787 : L 64 : T 3.7 sec
 - d_sub 300 : OOB 0.1798 : L 65 : T 3.8 sec
 - d_sub 300 : OOB 0.1817 : L 66 : T 3.8 sec
 - d_sub 300 : OOB 0.1817 : L 67 : T 3.9 sec
 - d_sub 300 : OOB 0.1804 : L 68 : T 4.0 sec
 - d_sub 300 : OOB 0.1815 : L 69 : T 4.0 sec
 - d_sub 300 : OOB 0.1809 : L 70 : T 4.1 sec
 - d_sub 300 : OOB 0.1801 : L 71 : T 4.1 sec
 - d_sub 300 : OOB 0.1800 : L 72 : T 4.2 sec
 - d_sub 300 : OOB 0.1805 : L 73 : T 4.2 sec
 - d_sub 300 : OOB 0.1789 : L 74 : T 4.3 sec
 - d_sub 300 : OOB 0.1778 : L 75 : T 4.4 sec
 - d_sub 300 : OOB 0.1797 : L 76 : T 4.4 sec
 - d_sub 300 : OOB 0.1794 : L 77 : T 4.5 sec
 - d_sub 300 : OOB 0.1793 : L 78 : T 4.5 sec
 - d_sub 300 : OOB 0.1792 : L 79 : T 4.6 sec
 - d_sub 300 : OOB 0.1795 : L 80 : T 4.6 sec
 - d_sub 300 : OOB 0.1789 : L 81 : T 4.7 sec
 - d_sub 300 : OOB 0.1793 : L 82 : T 4.7 sec
 - d_sub 300 : OOB 0.1800 : L 83 : T 4.8 sec
 - d_sub 300 : OOB 0.1792 : L 84 : T 4.9 sec
 - d_sub 300 : OOB 0.1802 : L 85 : T 4.9 sec
 - d_sub 300 : OOB 0.1802 : L 86 : T 5.0 sec
 - d_sub 300 : OOB 0.1805 : L 87 : T 5.1 sec
 - d_sub 300 : OOB 0.1803 : L 88 : T 5.1 sec
# -------------------------
optimal d_sub 300 : OOB 0.1803 : L 88 : T 5.1 sec
# -------------------------
# Ensemble classification
#  - Training samples: 10000 (5000/5000)
#  - Feature-space dimensionality: 18157
#  - L : 30
#  - d_sub : 300
#  - Seed 1 (subspaces) : 838552564
#  - Seed 2 (bootstrap) : 899317408
# -------------------------

 - d_sub 300 : OOB 0.3939 : L 1 : T 0.1 sec
 - d_sub 300 : OOB 0.3278 : L 2 : T 0.1 sec
 - d_sub 300 : OOB 0.2905 : L 3 : T 0.2 sec
 - d_sub 300 : OOB 0.2564 : L 4 : T 0.2 sec
 - d_sub 300 : OOB 0.2360 : L 5 : T 0.3 sec
 - d_sub 300 : OOB 0.2235 : L 6 : T 0.3 sec
 - d_sub 300 : OOB 0.2196 : L 7 : T 0.4 sec
 - d_sub 300 : OOB 0.2133 : L 8 : T 0.4 sec
 - d_sub 300 : OOB 0.2063 : L 9 : T 0.5 sec
 - d_sub 300 : OOB 0.2045 : L 10 : T 0.6 sec
 - d_sub 300 : OOB 0.2023 : L 11 : T 0.6 sec
 - d_sub 300 : OOB 0.1990 : L 12 : T 0.7 sec
 - d_sub 300 : OOB 0.1951 : L 13 : T 0.7 sec
 - d_sub 300 : OOB 0.1918 : L 14 : T 0.8 sec
 - d_sub 300 : OOB 0.1917 : L 15 : T 0.8 sec
 - d_sub 300 : OOB 0.1909 : L 16 : T 0.9 sec
 - d_sub 300 : OOB 0.1918 : L 17 : T 1.0 sec
 - d_sub 300 : OOB 0.1866 : L 18 : T 1.0 sec
 - d_sub 300 : OOB 0.1877 : L 19 : T 1.1 sec
 - d_sub 300 : OOB 0.1891 : L 20 : T 1.1 sec
 - d_sub 300 : OOB 0.1867 : L 21 : T 1.2 sec
 - d_sub 300 : OOB 0.1849 : L 22 : T 1.3 sec
 - d_sub 300 : OOB 0.1855 : L 23 : T 1.3 sec
 - d_sub 300 : OOB 0.1836 : L 24 : T 1.4 sec
 - d_sub 300 : OOB 0.1855 : L 25 : T 1.4 sec
 - d_sub 300 : OOB 0.1869 : L 26 : T 1.5 sec
 - d_sub 300 : OOB 0.1846 : L 27 : T 1.6 sec
 - d_sub 300 : OOB 0.1845 : L 28 : T 1.6 sec
 - d_sub 300 : OOB 0.1839 : L 29 : T 1.7 sec
 - d_sub 300 : OOB 0.1849 : L 30 : T 1.7 sec
# -------------------------
optimal d_sub 300 : OOB 0.1849 : L 30 : T 1.7 sec
# -------------------------
# Ensemble classification
#  - Training samples: 10000 (5000/5000)
#  - Feature-space dimensionality: 18157
#  - L : 30
#  - d_sub : 300
#  - Seed 1 (subspaces) : 139869658
#  - Seed 2 (bootstrap) : 676347074
# -------------------------

 - d_sub 300 : OOB 0.3924 : L 1 : T 0.1 sec
 - d_sub 300 : OOB 0.3292 : L 2 : T 0.1 sec
 - d_sub 300 : OOB 0.2894 : L 3 : T 0.2 sec
 - d_sub 300 : OOB 0.2590 : L 4 : T 0.2 sec
 - d_sub 300 : OOB 0.2338 : L 5 : T 0.3 sec
 - d_sub 300 : OOB 0.2236 : L 6 : T 0.4 sec
 - d_sub 300 : OOB 0.2176 : L 7 : T 0.4 sec
 - d_sub 300 : OOB 0.2087 : L 8 : T 0.5 sec
 - d_sub 300 : OOB 0.2011 : L 9 : T 0.5 sec
 - d_sub 300 : OOB 0.2020 : L 10 : T 0.6 sec
 - d_sub 300 : OOB 0.1993 : L 11 : T 0.6 sec
 - d_sub 300 : OOB 0.1983 : L 12 : T 0.7 sec
 - d_sub 300 : OOB 0.1960 : L 13 : T 0.8 sec
 - d_sub 300 : OOB 0.1938 : L 14 : T 0.8 sec
 - d_sub 300 : OOB 0.1946 : L 15 : T 0.9 sec
 - d_sub 300 : OOB 0.1890 : L 16 : T 0.9 sec
 - d_sub 300 : OOB 0.1935 : L 17 : T 1.0 sec
 - d_sub 300 : OOB 0.1892 : L 18 : T 1.0 sec
 - d_sub 300 : OOB 0.1880 : L 19 : T 1.1 sec
 - d_sub 300 : OOB 0.1879 : L 20 : T 1.1 sec
 - d_sub 300 : OOB 0.1874 : L 21 : T 1.2 sec
 - d_sub 300 : OOB 0.1851 : L 22 : T 1.2 sec
 - d_sub 300 : OOB 0.1872 : L 23 : T 1.3 sec
 - d_sub 300 : OOB 0.1850 : L 24 : T 1.3 sec
 - d_sub 300 : OOB 0.1832 : L 25 : T 1.4 sec
 - d_sub 300 : OOB 0.1829 : L 26 : T 1.4 sec
 - d_sub 300 : OOB 0.1822 : L 27 : T 1.5 sec
 - d_sub 300 : OOB 0.1831 : L 28 : T 1.5 sec
 - d_sub 300 : OOB 0.1848 : L 29 : T 1.6 sec
 - d_sub 300 : OOB 0.1825 : L 30 : T 1.6 sec
# -------------------------
optimal d_sub 300 : OOB 0.1825 : L 30 : T 1.6 sec
# -------------------------
# Ensemble classification
#  - Training samples: 10000 (5000/5000)
#  - Feature-space dimensionality: 18157
#  - L : 30
#  - d_sub : 300
#  - Seed 1 (subspaces) : 630894356
#  - Seed 2 (bootstrap) : 265098012
# -------------------------

 - d_sub 300 : OOB 0.3960 : L 1 : T 0.0 sec
 - d_sub 300 : OOB 0.3297 : L 2 : T 0.1 sec
 - d_sub 300 : OOB 0.2935 : L 3 : T 0.1 sec
 - d_sub 300 : OOB 0.2629 : L 4 : T 0.2 sec
 - d_sub 300 : OOB 0.2445 : L 5 : T 0.2 sec
 - d_sub 300 : OOB 0.2329 : L 6 : T 0.3 sec
 - d_sub 300 : OOB 0.2289 : L 7 : T 0.3 sec
 - d_sub 300 : OOB 0.2155 : L 8 : T 0.4 sec
 - d_sub 300 : OOB 0.2108 : L 9 : T 0.4 sec
 - d_sub 300 : OOB 0.2073 : L 10 : T 0.5 sec
 - d_sub 300 : OOB 0.2055 : L 11 : T 0.5 sec
 - d_sub 300 : OOB 0.2052 : L 12 : T 0.6 sec
 - d_sub 300 : OOB 0.2017 : L 13 : T 0.6 sec
 - d_sub 300 : OOB 0.2002 : L 14 : T 0.7 sec
 - d_sub 300 : OOB 0.1962 : L 15 : T 0.7 sec
 - d_sub 300 : OOB 0.1968 : L 16 : T 0.8 sec
 - d_sub 300 : OOB 0.1920 : L 17 : T 0.8 sec
 - d_sub 300 : OOB 0.1925 : L 18 : T 0.9 sec
 - d_sub 300 : OOB 0.1914 : L 19 : T 0.9 sec
 - d_sub 300 : OOB 0.1900 : L 20 : T 1.0 sec
 - d_sub 300 : OOB 0.1886 : L 21 : T 1.0 sec
 - d_sub 300 : OOB 0.1868 : L 22 : T 1.0 sec
 - d_sub 300 : OOB 0.1875 : L 23 : T 1.1 sec
 - d_sub 300 : OOB 0.1863 : L 24 : T 1.1 sec
 - d_sub 300 : OOB 0.1835 : L 25 : T 1.2 sec
 - d_sub 300 : OOB 0.1846 : L 26 : T 1.2 sec
 - d_sub 300 : OOB 0.1862 : L 27 : T 1.3 sec
 - d_sub 300 : OOB 0.1840 : L 28 : T 1.3 sec
 - d_sub 300 : OOB 0.1848 : L 29 : T 1.4 sec
 - d_sub 300 : OOB 0.1845 : L 30 : T 1.4 sec
# -------------------------
optimal d_sub 300 : OOB 0.1845 : L 30 : T 1.4 sec
# -------------------------
# Ensemble classification
#  - Training samples: 10000 (5000/5000)
#  - Feature-space dimensionality: 18157
#  - L : 30
#  - d_sub : 300
#  - Seed 1 (subspaces) : 903932024
#  - Seed 2 (bootstrap) : 293380305
# -------------------------

 - d_sub 300 : OOB 0.3935 : L 1 : T 0.0 sec
 - d_sub 300 : OOB 0.3220 : L 2 : T 0.1 sec
 - d_sub 300 : OOB 0.2877 : L 3 : T 0.1 sec
 - d_sub 300 : OOB 0.2604 : L 4 : T 0.2 sec
 - d_sub 300 : OOB 0.2394 : L 5 : T 0.2 sec
 - d_sub 300 : OOB 0.2276 : L 6 : T 0.3 sec
 - d_sub 300 : OOB 0.2224 : L 7 : T 0.3 sec
 - d_sub 300 : OOB 0.2110 : L 8 : T 0.4 sec
 - d_sub 300 : OOB 0.2062 : L 9 : T 0.4 sec
 - d_sub 300 : OOB 0.2069 : L 10 : T 0.5 sec
 - d_sub 300 : OOB 0.2029 : L 11 : T 0.5 sec
 - d_sub 300 : OOB 0.2004 : L 12 : T 0.6 sec
 - d_sub 300 : OOB 0.1963 : L 13 : T 0.6 sec
 - d_sub 300 : OOB 0.1950 : L 14 : T 0.7 sec
 - d_sub 300 : OOB 0.1949 : L 15 : T 0.7 sec
 - d_sub 300 : OOB 0.1920 : L 16 : T 0.7 sec
 - d_sub 300 : OOB 0.1898 : L 17 : T 0.8 sec
 - d_sub 300 : OOB 0.1905 : L 18 : T 0.8 sec
 - d_sub 300 : OOB 0.1909 : L 19 : T 0.9 sec
 - d_sub 300 : OOB 0.1891 : L 20 : T 0.9 sec
 - d_sub 300 : OOB 0.1881 : L 21 : T 1.0 sec
 - d_sub 300 : OOB 0.1882 : L 22 : T 1.0 sec
 - d_sub 300 : OOB 0.1869 : L 23 : T 1.1 sec
 - d_sub 300 : OOB 0.1870 : L 24 : T 1.1 sec
 - d_sub 300 : OOB 0.1867 : L 25 : T 1.2 sec
 - d_sub 300 : OOB 0.1851 : L 26 : T 1.2 sec
 - d_sub 300 : OOB 0.1838 : L 27 : T 1.3 sec
 - d_sub 300 : OOB 0.1830 : L 28 : T 1.3 sec
 - d_sub 300 : OOB 0.1834 : L 29 : T 1.3 sec
 - d_sub 300 : OOB 0.1846 : L 30 : T 1.4 sec
# -------------------------
optimal d_sub 300 : OOB 0.1846 : L 30 : T 1.4 sec
# -------------------------
# Ensemble classification
#  - Training samples: 10000 (5000/5000)
#  - Feature-space dimensionality: 18157
#  - L : 30
#  - d_sub : 300
#  - Seed 1 (subspaces) : 873206152
#  - Seed 2 (bootstrap) : 618767322
# -------------------------

 - d_sub 300 : OOB 0.3921 : L 1 : T 0.0 sec
 - d_sub 300 : OOB 0.3329 : L 2 : T 0.1 sec
 - d_sub 300 : OOB 0.2925 : L 3 : T 0.1 sec
 - d_sub 300 : OOB 0.2665 : L 4 : T 0.2 sec
 - d_sub 300 : OOB 0.2438 : L 5 : T 0.2 sec
 - d_sub 300 : OOB 0.2323 : L 6 : T 0.3 sec
 - d_sub 300 : OOB 0.2267 : L 7 : T 0.3 sec
 - d_sub 300 : OOB 0.2176 : L 8 : T 0.4 sec
 - d_sub 300 : OOB 0.2133 : L 9 : T 0.4 sec
 - d_sub 300 : OOB 0.2063 : L 10 : T 0.5 sec
 - d_sub 300 : OOB 0.1998 : L 11 : T 0.5 sec
 - d_sub 300 : OOB 0.1991 : L 12 : T 0.6 sec
 - d_sub 300 : OOB 0.1997 : L 13 : T 0.6 sec
 - d_sub 300 : OOB 0.1963 : L 14 : T 0.7 sec
 - d_sub 300 : OOB 0.1942 : L 15 : T 0.7 sec
 - d_sub 300 : OOB 0.1933 : L 16 : T 0.7 sec
 - d_sub 300 : OOB 0.1898 : L 17 : T 0.8 sec
 - d_sub 300 : OOB 0.1916 : L 18 : T 0.8 sec
 - d_sub 300 : OOB 0.1906 : L 19 : T 0.9 sec
 - d_sub 300 : OOB 0.1857 : L 20 : T 0.9 sec
 - d_sub 300 : OOB 0.1846 : L 21 : T 1.0 sec
 - d_sub 300 : OOB 0.1854 : L 22 : T 1.0 sec
 - d_sub 300 : OOB 0.1840 : L 23 : T 1.1 sec
 - d_sub 300 : OOB 0.1832 : L 24 : T 1.1 sec
 - d_sub 300 : OOB 0.1833 : L 25 : T 1.2 sec
 - d_sub 300 : OOB 0.1828 : L 26 : T 1.2 sec
 - d_sub 300 : OOB 0.1821 : L 27 : T 1.3 sec
 - d_sub 300 : OOB 0.1818 : L 28 : T 1.3 sec
 - d_sub 300 : OOB 0.1820 : L 29 : T 1.4 sec
 - d_sub 300 : OOB 0.1813 : L 30 : T 1.5 sec
# -------------------------
optimal d_sub 300 : OOB 0.1813 : L 30 : T 1.5 sec
# -------------------------
# Ensemble classification
#  - Training samples: 10000 (5000/5000)
#  - Feature-space dimensionality: 18157
#  - L : 30
#  - d_sub : 300
#  - Seed 1 (subspaces) : 819680503
#  - Seed 2 (bootstrap) : 948646372
# -------------------------

 - d_sub 300 : OOB 0.3945 : L 1 : T 0.0 sec
 - d_sub 300 : OOB 0.3323 : L 2 : T 0.1 sec
 - d_sub 300 : OOB 0.3011 : L 3 : T 0.1 sec
 - d_sub 300 : OOB 0.2686 : L 4 : T 0.2 sec
 - d_sub 300 : OOB 0.2450 : L 5 : T 0.2 sec
 - d_sub 300 : OOB 0.2334 : L 6 : T 0.3 sec
 - d_sub 300 : OOB 0.2257 : L 7 : T 0.3 sec
 - d_sub 300 : OOB 0.2179 : L 8 : T 0.4 sec
 - d_sub 300 : OOB 0.2154 : L 9 : T 0.4 sec
 - d_sub 300 : OOB 0.2079 : L 10 : T 0.5 sec
 - d_sub 300 : OOB 0.2016 : L 11 : T 0.5 sec
 - d_sub 300 : OOB 0.1988 : L 12 : T 0.6 sec
 - d_sub 300 : OOB 0.1998 : L 13 : T 0.6 sec
 - d_sub 300 : OOB 0.1966 : L 14 : T 0.7 sec
 - d_sub 300 : OOB 0.1933 : L 15 : T 0.7 sec
 - d_sub 300 : OOB 0.1925 : L 16 : T 0.8 sec
 - d_sub 300 : OOB 0.1880 : L 17 : T 0.8 sec
 - d_sub 300 : OOB 0.1887 : L 18 : T 0.9 sec
 - d_sub 300 : OOB 0.1886 : L 19 : T 0.9 sec
 - d_sub 300 : OOB 0.1885 : L 20 : T 0.9 sec
 - d_sub 300 : OOB 0.1867 : L 21 : T 1.0 sec
 - d_sub 300 : OOB 0.1873 : L 22 : T 1.0 sec
 - d_sub 300 : OOB 0.1854 : L 23 : T 1.1 sec
 - d_sub 300 : OOB 0.1851 : L 24 : T 1.1 sec
 - d_sub 300 : OOB 0.1820 : L 25 : T 1.2 sec
 - d_sub 300 : OOB 0.1840 : L 26 : T 1.2 sec
 - d_sub 300 : OOB 0.1845 : L 27 : T 1.3 sec
 - d_sub 300 : OOB 0.1842 : L 28 : T 1.3 sec
 - d_sub 300 : OOB 0.1823 : L 29 : T 1.4 sec
 - d_sub 300 : OOB 0.1821 : L 30 : T 1.4 sec
# -------------------------
optimal d_sub 300 : OOB 0.1821 : L 30 : T 1.4 sec
# -------------------------
# Ensemble classification
#  - Training samples: 10000 (5000/5000)
#  - Feature-space dimensionality: 18157
#  - L : 30
#  - d_sub : 300
#  - Seed 1 (subspaces) : 552035904
#  - Seed 2 (bootstrap) : 145073788
# -------------------------

 - d_sub 300 : OOB 0.3981 : L 1 : T 0.0 sec
 - d_sub 300 : OOB 0.3304 : L 2 : T 0.1 sec
 - d_sub 300 : OOB 0.2895 : L 3 : T 0.1 sec
 - d_sub 300 : OOB 0.2586 : L 4 : T 0.2 sec
 - d_sub 300 : OOB 0.2356 : L 5 : T 0.2 sec
 - d_sub 300 : OOB 0.2250 : L 6 : T 0.3 sec
 - d_sub 300 : OOB 0.2227 : L 7 : T 0.3 sec
 - d_sub 300 : OOB 0.2115 : L 8 : T 0.4 sec
 - d_sub 300 : OOB 0.2033 : L 9 : T 0.4 sec
 - d_sub 300 : OOB 0.1984 : L 10 : T 0.5 sec
 - d_sub 300 : OOB 0.1982 : L 11 : T 0.6 sec
 - d_sub 300 : OOB 0.1977 : L 12 : T 0.6 sec
 - d_sub 300 : OOB 0.1940 : L 13 : T 0.7 sec
 - d_sub 300 : OOB 0.1930 : L 14 : T 0.7 sec
 - d_sub 300 : OOB 0.1937 : L 15 : T 0.8 sec
 - d_sub 300 : OOB 0.1909 : L 16 : T 0.8 sec
 - d_sub 300 : OOB 0.1910 : L 17 : T 0.9 sec
 - d_sub 300 : OOB 0.1870 : L 18 : T 0.9 sec
 - d_sub 300 : OOB 0.1896 : L 19 : T 1.0 sec
 - d_sub 300 : OOB 0.1906 : L 20 : T 1.0 sec
 - d_sub 300 : OOB 0.1883 : L 21 : T 1.1 sec
 - d_sub 300 : OOB 0.1892 : L 22 : T 1.2 sec
 - d_sub 300 : OOB 0.1894 : L 23 : T 1.2 sec
 - d_sub 300 : OOB 0.1887 : L 24 : T 1.3 sec
 - d_sub 300 : OOB 0.1870 : L 25 : T 1.3 sec
 - d_sub 300 : OOB 0.1876 : L 26 : T 1.4 sec
 - d_sub 300 : OOB 0.1849 : L 27 : T 1.4 sec
 - d_sub 300 : OOB 0.1860 : L 28 : T 1.5 sec
 - d_sub 300 : OOB 0.1859 : L 29 : T 1.5 sec
 - d_sub 300 : OOB 0.1864 : L 30 : T 1.6 sec
# -------------------------
optimal d_sub 300 : OOB 0.1864 : L 30 : T 1.6 sec
# -------------------------
# Ensemble classification
#  - Training samples: 10000 (5000/5000)
#  - Feature-space dimensionality: 18157
#  - L : 30
#  - d_sub : 300
#  - Seed 1 (subspaces) : 114790619
#  - Seed 2 (bootstrap) : 746213597
# -------------------------

 - d_sub 300 : OOB 0.3923 : L 1 : T 0.1 sec
 - d_sub 300 : OOB 0.3297 : L 2 : T 0.1 sec
 - d_sub 300 : OOB 0.2918 : L 3 : T 0.2 sec
 - d_sub 300 : OOB 0.2611 : L 4 : T 0.2 sec
 - d_sub 300 : OOB 0.2378 : L 5 : T 0.3 sec
 - d_sub 300 : OOB 0.2257 : L 6 : T 0.3 sec
 - d_sub 300 : OOB 0.2223 : L 7 : T 0.4 sec
 - d_sub 300 : OOB 0.2119 : L 8 : T 0.4 sec
 - d_sub 300 : OOB 0.2059 : L 9 : T 0.5 sec
 - d_sub 300 : OOB 0.2050 : L 10 : T 0.5 sec
 - d_sub 300 : OOB 0.2011 : L 11 : T 0.6 sec
 - d_sub 300 : OOB 0.2000 : L 12 : T 0.6 sec
 - d_sub 300 : OOB 0.1967 : L 13 : T 0.7 sec
 - d_sub 300 : OOB 0.1937 : L 14 : T 0.7 sec
 - d_sub 300 : OOB 0.1937 : L 15 : T 0.8 sec
 - d_sub 300 : OOB 0.1918 : L 16 : T 0.8 sec
 - d_sub 300 : OOB 0.1913 : L 17 : T 0.9 sec
 - d_sub 300 : OOB 0.1924 : L 18 : T 0.9 sec
 - d_sub 300 : OOB 0.1899 : L 19 : T 1.0 sec
 - d_sub 300 : OOB 0.1889 : L 20 : T 1.0 sec
 - d_sub 300 : OOB 0.1870 : L 21 : T 1.1 sec
 - d_sub 300 : OOB 0.1903 : L 22 : T 1.1 sec
 - d_sub 300 : OOB 0.1874 : L 23 : T 1.2 sec
 - d_sub 300 : OOB 0.1858 : L 24 : T 1.3 sec
 - d_sub 300 : OOB 0.1850 : L 25 : T 1.3 sec
 - d_sub 300 : OOB 0.1866 : L 26 : T 1.4 sec
 - d_sub 300 : OOB 0.1854 : L 27 : T 1.4 sec
 - d_sub 300 : OOB 0.1846 : L 28 : T 1.5 sec
 - d_sub 300 : OOB 0.1841 : L 29 : T 1.5 sec
 - d_sub 300 : OOB 0.1851 : L 30 : T 1.6 sec
# -------------------------
optimal d_sub 300 : OOB 0.1851 : L 30 : T 1.6 sec
# -------------------------
# Ensemble classification
#  - Training samples: 10000 (5000/5000)
#  - Feature-space dimensionality: 18157
#  - L : 30
#  - d_sub : 300
#  - Seed 1 (subspaces) : 860487619
#  - Seed 2 (bootstrap) : 27168018
# -------------------------

 - d_sub 300 : OOB 0.3947 : L 1 : T 0.1 sec
 - d_sub 300 : OOB 0.3278 : L 2 : T 0.1 sec
 - d_sub 300 : OOB 0.2914 : L 3 : T 0.2 sec
 - d_sub 300 : OOB 0.2603 : L 4 : T 0.2 sec
 - d_sub 300 : OOB 0.2370 : L 5 : T 0.3 sec
 - d_sub 300 : OOB 0.2248 : L 6 : T 0.3 sec
 - d_sub 300 : OOB 0.2256 : L 7 : T 0.4 sec
 - d_sub 300 : OOB 0.2138 : L 8 : T 0.4 sec
 - d_sub 300 : OOB 0.2099 : L 9 : T 0.5 sec
 - d_sub 300 : OOB 0.2069 : L 10 : T 0.6 sec
 - d_sub 300 : OOB 0.2021 : L 11 : T 0.6 sec
 - d_sub 300 : OOB 0.2004 : L 12 : T 0.7 sec
 - d_sub 300 : OOB 0.2005 : L 13 : T 0.7 sec
 - d_sub 300 : OOB 0.1961 : L 14 : T 0.8 sec
 - d_sub 300 : OOB 0.1960 : L 15 : T 0.8 sec
 - d_sub 300 : OOB 0.1935 : L 16 : T 0.9 sec
 - d_sub 300 : OOB 0.1916 : L 17 : T 0.9 sec
 - d_sub 300 : OOB 0.1940 : L 18 : T 1.0 sec
 - d_sub 300 : OOB 0.1932 : L 19 : T 1.0 sec
 - d_sub 300 : OOB 0.1892 : L 20 : T 1.1 sec
 - d_sub 300 : OOB 0.1889 : L 21 : T 1.1 sec
 - d_sub 300 : OOB 0.1896 : L 22 : T 1.2 sec
 - d_sub 300 : OOB 0.1872 : L 23 : T 1.2 sec
 - d_sub 300 : OOB 0.1860 : L 24 : T 1.3 sec
 - d_sub 300 : OOB 0.1876 : L 25 : T 1.4 sec
 - d_sub 300 : OOB 0.1831 : L 26 : T 1.4 sec
 - d_sub 300 : OOB 0.1844 : L 27 : T 1.5 sec
 - d_sub 300 : OOB 0.1831 : L 28 : T 1.5 sec
 - d_sub 300 : OOB 0.1823 : L 29 : T 1.6 sec
 - d_sub 300 : OOB 0.1817 : L 30 : T 1.6 sec
# -------------------------
optimal d_sub 300 : OOB 0.1817 : L 30 : T 1.6 sec
# -------------------------
# Ensemble classification
#  - Training samples: 10000 (5000/5000)
#  - Feature-space dimensionality: 18157
#  - L : 30
#  - d_sub : 300
#  - Seed 1 (subspaces) : 716859896
#  - Seed 2 (bootstrap) : 581326589
# -------------------------

 - d_sub 300 : OOB 0.3989 : L 1 : T 0.1 sec
 - d_sub 300 : OOB 0.3274 : L 2 : T 0.1 sec
 - d_sub 300 : OOB 0.2916 : L 3 : T 0.2 sec
 - d_sub 300 : OOB 0.2604 : L 4 : T 0.2 sec
 - d_sub 300 : OOB 0.2379 : L 5 : T 0.3 sec
 - d_sub 300 : OOB 0.2271 : L 6 : T 0.3 sec
 - d_sub 300 : OOB 0.2227 : L 7 : T 0.4 sec
 - d_sub 300 : OOB 0.2138 : L 8 : T 0.4 sec
 - d_sub 300 : OOB 0.2087 : L 9 : T 0.5 sec
 - d_sub 300 : OOB 0.2068 : L 10 : T 0.6 sec
 - d_sub 300 : OOB 0.2054 : L 11 : T 0.6 sec
 - d_sub 300 : OOB 0.2031 : L 12 : T 0.7 sec
 - d_sub 300 : OOB 0.2007 : L 13 : T 0.7 sec
 - d_sub 300 : OOB 0.1991 : L 14 : T 0.8 sec
 - d_sub 300 : OOB 0.1941 : L 15 : T 0.8 sec
 - d_sub 300 : OOB 0.1947 : L 16 : T 0.9 sec
 - d_sub 300 : OOB 0.1932 : L 17 : T 0.9 sec
 - d_sub 300 : OOB 0.1928 : L 18 : T 1.0 sec
 - d_sub 300 : OOB 0.1914 : L 19 : T 1.1 sec
 - d_sub 300 : OOB 0.1905 : L 20 : T 1.1 sec
 - d_sub 300 : OOB 0.1902 : L 21 : T 1.2 sec
 - d_sub 300 : OOB 0.1899 : L 22 : T 1.2 sec
 - d_sub 300 : OOB 0.1877 : L 23 : T 1.3 sec
 - d_sub 300 : OOB 0.1865 : L 24 : T 1.3 sec
 - d_sub 300 : OOB 0.1870 : L 25 : T 1.4 sec
 - d_sub 300 : OOB 0.1855 : L 26 : T 1.5 sec
 - d_sub 300 : OOB 0.1837 : L 27 : T 1.5 sec
 - d_sub 300 : OOB 0.1836 : L 28 : T 1.6 sec
 - d_sub 300 : OOB 0.1826 : L 29 : T 1.6 sec
 - d_sub 300 : OOB 0.1832 : L 30 : T 1.7 sec
# -------------------------
optimal d_sub 300 : OOB 0.1832 : L 30 : T 1.7 sec
# -------------------------
# Ensemble classification
#  - Training samples: 10000 (5000/5000)
#  - Feature-space dimensionality: 18157
#  - L : 30
#  - d_sub : 300
#  - Seed 1 (subspaces) : 565053352
#  - Seed 2 (bootstrap) : 881117784
# -------------------------

 - d_sub 300 : OOB 0.3956 : L 1 : T 0.1 sec
 - d_sub 300 : OOB 0.3227 : L 2 : T 0.1 sec
 - d_sub 300 : OOB 0.2913 : L 3 : T 0.2 sec
 - d_sub 300 : OOB 0.2578 : L 4 : T 0.2 sec
 - d_sub 300 : OOB 0.2359 : L 5 : T 0.3 sec
 - d_sub 300 : OOB 0.2229 : L 6 : T 0.3 sec
 - d_sub 300 : OOB 0.2184 : L 7 : T 0.4 sec
 - d_sub 300 : OOB 0.2073 : L 8 : T 0.4 sec
 - d_sub 300 : OOB 0.2029 : L 9 : T 0.5 sec
 - d_sub 300 : OOB 0.2008 : L 10 : T 0.5 sec
 - d_sub 300 : OOB 0.1994 : L 11 : T 0.6 sec
 - d_sub 300 : OOB 0.1988 : L 12 : T 0.7 sec
 - d_sub 300 : OOB 0.1969 : L 13 : T 0.7 sec
 - d_sub 300 : OOB 0.1920 : L 14 : T 0.8 sec
 - d_sub 300 : OOB 0.1905 : L 15 : T 0.8 sec
 - d_sub 300 : OOB 0.1873 : L 16 : T 0.9 sec
 - d_sub 300 : OOB 0.1871 : L 17 : T 0.9 sec
 - d_sub 300 : OOB 0.1882 : L 18 : T 1.0 sec
 - d_sub 300 : OOB 0.1862 : L 19 : T 1.0 sec
 - d_sub 300 : OOB 0.1849 : L 20 : T 1.1 sec
 - d_sub 300 : OOB 0.1834 : L 21 : T 1.2 sec
 - d_sub 300 : OOB 0.1856 : L 22 : T 1.2 sec
 - d_sub 300 : OOB 0.1841 : L 23 : T 1.3 sec
 - d_sub 300 : OOB 0.1845 : L 24 : T 1.3 sec
 - d_sub 300 : OOB 0.1839 : L 25 : T 1.4 sec
 - d_sub 300 : OOB 0.1840 : L 26 : T 1.4 sec
 - d_sub 300 : OOB 0.1836 : L 27 : T 1.5 sec
 - d_sub 300 : OOB 0.1846 : L 28 : T 1.5 sec
 - d_sub 300 : OOB 0.1825 : L 29 : T 1.6 sec
 - d_sub 300 : OOB 0.1828 : L 30 : T 1.6 sec
# -------------------------
optimal d_sub 300 : OOB 0.1828 : L 30 : T 1.6 sec
# -------------------------
Average OOB error = 0.18342 (+/- 0.00166)
# -------------------------
# Ensemble classification
#  - Training samples: 10000 (5000/5000)
#  - Feature-space dimensionality: 18157
#  - L : 30
#  - d_sub : 300
#  - Seed 1 (subspaces) : 5
#  - Seed 2 (bootstrap) : 73
# -------------------------

 - d_sub 300 : OOB 0.3880 : L 1 : T 0.0 sec
 - d_sub 300 : OOB 0.3272 : L 2 : T 0.1 sec
 - d_sub 300 : OOB 0.2931 : L 3 : T 0.1 sec
 - d_sub 300 : OOB 0.2642 : L 4 : T 0.2 sec
 - d_sub 300 : OOB 0.2414 : L 5 : T 0.2 sec
 - d_sub 300 : OOB 0.2305 : L 6 : T 0.3 sec
 - d_sub 300 : OOB 0.2286 : L 7 : T 0.3 sec
 - d_sub 300 : OOB 0.2141 : L 8 : T 0.4 sec
 - d_sub 300 : OOB 0.2080 : L 9 : T 0.4 sec
 - d_sub 300 : OOB 0.2069 : L 10 : T 0.5 sec
 - d_sub 300 : OOB 0.2046 : L 11 : T 0.5 sec
 - d_sub 300 : OOB 0.2030 : L 12 : T 0.6 sec
 - d_sub 300 : OOB 0.2014 : L 13 : T 0.6 sec
 - d_sub 300 : OOB 0.1989 : L 14 : T 0.7 sec
 - d_sub 300 : OOB 0.1970 : L 15 : T 0.7 sec
 - d_sub 300 : OOB 0.1947 : L 16 : T 0.7 sec
 - d_sub 300 : OOB 0.1932 : L 17 : T 0.8 sec
 - d_sub 300 : OOB 0.1896 : L 18 : T 0.8 sec
 - d_sub 300 : OOB 0.1912 : L 19 : T 0.9 sec
 - d_sub 300 : OOB 0.1913 : L 20 : T 0.9 sec
 - d_sub 300 : OOB 0.1880 : L 21 : T 1.0 sec
 - d_sub 300 : OOB 0.1868 : L 22 : T 1.0 sec
 - d_sub 300 : OOB 0.1893 : L 23 : T 1.1 sec
 - d_sub 300 : OOB 0.1873 : L 24 : T 1.1 sec
 - d_sub 300 : OOB 0.1853 : L 25 : T 1.2 sec
 - d_sub 300 : OOB 0.1841 : L 26 : T 1.2 sec
 - d_sub 300 : OOB 0.1825 : L 27 : T 1.3 sec
 - d_sub 300 : OOB 0.1825 : L 28 : T 1.3 sec
 - d_sub 300 : OOB 0.1825 : L 29 : T 1.4 sec
 - d_sub 300 : OOB 0.1812 : L 30 : T 1.4 sec
# -------------------------
optimal d_sub 300 : OOB 0.1812 : L 30 : T 1.4 sec
OOB error = 0.1834
optimal d_sub 300 : OOB 0.1816 : L 30 : T 1.4 sec
optimal d_sub 300 : OOB 0.1760 : L 77 : T 4.3 sec
Testing error 1: 0.1791
optimal d_sub 300 : OOB 0.1732 : L 80 : T 3.8 sec
Testing error 2: 0.1711
optimal d_sub 300 : OOB 0.1776 : L 83 : T 4.4 sec
Testing error 3: 0.1695
optimal d_sub 300 : OOB 0.1771 : L 112 : T 5.7 sec
Testing error 4: 0.1704
optimal d_sub 300 : OOB 0.1747 : L 99 : T 5.5 sec
Testing error 5: 0.1726
optimal d_sub 300 : OOB 0.1760 : L 82 : T 4.3 sec
Testing error 6: 0.1748
optimal d_sub 300 : OOB 0.1752 : L 73 : T 4.2 sec
Testing error 7: 0.1698
optimal d_sub 300 : OOB 0.1803 : L 81 : T 4.2 sec
Testing error 8: 0.1685
optimal d_sub 300 : OOB 0.1849 : L 78 : T 4.5 sec
Testing error 9: 0.1652
optimal d_sub 300 : OOB 0.1804 : L 69 : T 3.7 sec
Testing error 10: 0.1655
---
Average testing error over 10 splits: 0.1707 (+/- 0.0042)
