# -------------------------
# Ensemble classification
#  - Training samples: 10000 (5000/5000)
#  - Feature-space dimensionality: 24157
#  - L : automatic (min 25, max 500, length 50, eps 0.00500)
#  - d_sub : automatic (Eoob tolerance 0.0200, step 200)
#  - Seed 1 (subspaces) : 69404932
#  - Seed 2 (bootstrap) : 235990988
# -------------------------

 - d_sub 200 : OOB 0.4396 : L 1 : T 0.0 sec
 - d_sub 200 : OOB 0.4039 : L 2 : T 0.1 sec
 - d_sub 200 : OOB 0.3870 : L 3 : T 0.1 sec
 - d_sub 200 : OOB 0.3680 : L 4 : T 0.1 sec
 - d_sub 200 : OOB 0.3561 : L 5 : T 0.1 sec
 - d_sub 200 : OOB 0.3494 : L 6 : T 0.2 sec
 - d_sub 200 : OOB 0.3358 : L 7 : T 0.2 sec
 - d_sub 200 : OOB 0.3368 : L 8 : T 0.2 sec
 - d_sub 200 : OOB 0.3277 : L 9 : T 0.3 sec
 - d_sub 200 : OOB 0.3307 : L 10 : T 0.3 sec
 - d_sub 200 : OOB 0.3283 : L 11 : T 0.3 sec
 - d_sub 200 : OOB 0.3243 : L 12 : T 0.4 sec
 - d_sub 200 : OOB 0.3204 : L 13 : T 0.4 sec
 - d_sub 200 : OOB 0.3179 : L 14 : T 0.4 sec
 - d_sub 200 : OOB 0.3171 : L 15 : T 0.5 sec
 - d_sub 200 : OOB 0.3146 : L 16 : T 0.5 sec
 - d_sub 200 : OOB 0.3184 : L 17 : T 0.5 sec
 - d_sub 200 : OOB 0.3155 : L 18 : T 0.5 sec
 - d_sub 200 : OOB 0.3149 : L 19 : T 0.6 sec
 - d_sub 200 : OOB 0.3131 : L 20 : T 0.6 sec
 - d_sub 200 : OOB 0.3130 : L 21 : T 0.6 sec
 - d_sub 200 : OOB 0.3141 : L 22 : T 0.7 sec
 - d_sub 200 : OOB 0.3146 : L 23 : T 0.7 sec
 - d_sub 200 : OOB 0.3136 : L 24 : T 0.7 sec
 - d_sub 200 : OOB 0.3118 : L 25 : T 0.7 sec
 - d_sub 200 : OOB 0.3105 : L 26 : T 0.8 sec
 - d_sub 200 : OOB 0.3136 : L 27 : T 0.8 sec
 - d_sub 200 : OOB 0.3099 : L 28 : T 0.8 sec
 - d_sub 200 : OOB 0.3084 : L 29 : T 0.9 sec
 - d_sub 200 : OOB 0.3072 : L 30 : T 0.9 sec
 - d_sub 200 : OOB 0.3080 : L 31 : T 0.9 sec
 - d_sub 200 : OOB 0.3058 : L 32 : T 1.0 sec
 - d_sub 200 : OOB 0.3048 : L 33 : T 1.0 sec
 - d_sub 200 : OOB 0.3056 : L 34 : T 1.0 sec
 - d_sub 200 : OOB 0.3058 : L 35 : T 1.0 sec
 - d_sub 200 : OOB 0.3044 : L 36 : T 1.1 sec
 - d_sub 200 : OOB 0.3053 : L 37 : T 1.1 sec
 - d_sub 200 : OOB 0.3058 : L 38 : T 1.1 sec
 - d_sub 200 : OOB 0.3062 : L 39 : T 1.2 sec
 - d_sub 200 : OOB 0.3071 : L 40 : T 1.2 sec
 - d_sub 200 : OOB 0.3052 : L 41 : T 1.2 sec
 - d_sub 200 : OOB 0.3057 : L 42 : T 1.3 sec
 - d_sub 200 : OOB 0.3035 : L 43 : T 1.3 sec
 - d_sub 200 : OOB 0.3037 : L 44 : T 1.3 sec
 - d_sub 200 : OOB 0.3044 : L 45 : T 1.4 sec
 - d_sub 200 : OOB 0.3020 : L 46 : T 1.4 sec
 - d_sub 200 : OOB 0.3035 : L 47 : T 1.4 sec
 - d_sub 200 : OOB 0.3043 : L 48 : T 1.5 sec
 - d_sub 200 : OOB 0.3041 : L 49 : T 1.5 sec
 - d_sub 200 : OOB 0.3038 : L 50 : T 1.5 sec
 - d_sub 200 : OOB 0.3024 : L 51 : T 1.5 sec
 - d_sub 200 : OOB 0.3040 : L 52 : T 1.6 sec
 - d_sub 200 : OOB 0.3030 : L 53 : T 1.6 sec
 - d_sub 200 : OOB 0.3052 : L 54 : T 1.6 sec
 - d_sub 200 : OOB 0.3032 : L 55 : T 1.7 sec
 - d_sub 200 : OOB 0.3014 : L 56 : T 1.7 sec
 - d_sub 200 : OOB 0.3040 : L 57 : T 1.7 sec
 - d_sub 200 : OOB 0.3055 : L 58 : T 1.7 sec
 - d_sub 200 : OOB 0.3029 : L 59 : T 1.8 sec
 - d_sub 200 : OOB 0.3041 : L 60 : T 1.8 sec
 - d_sub 200 : OOB 0.3041 : L 61 : T 1.8 sec
 - d_sub 200 : OOB 0.3048 : L 62 : T 1.9 sec
 - d_sub 200 : OOB 0.3028 : L 63 : T 1.9 sec
 - d_sub 200 : OOB 0.3042 : L 64 : T 1.9 sec
 - d_sub 200 : OOB 0.3041 : L 65 : T 2.0 sec
 - d_sub 200 : OOB 0.3045 : L 66 : T 2.0 sec
 - d_sub 200 : OOB 0.3057 : L 67 : T 2.0 sec
 - d_sub 200 : OOB 0.3046 : L 68 : T 2.1 sec
 - d_sub 200 : OOB 0.3052 : L 69 : T 2.1 sec
 - d_sub 200 : OOB 0.3047 : L 70 : T 2.1 sec
 - d_sub 200 : OOB 0.3026 : L 71 : T 2.1 sec
 - d_sub 200 : OOB 0.3058 : L 72 : T 2.2 sec
 - d_sub 200 : OOB 0.3058 : L 73 : T 2.2 sec
 - d_sub 200 : OOB 0.3053 : L 74 : T 2.2 sec
 - d_sub 200 : OOB 0.3051 : L 75 : T 2.3 sec
 - d_sub 200 : OOB 0.3053 : L 76 : T 2.3 sec
 - d_sub 200 : OOB 0.3032 : L 77 : T 2.3 sec

 - d_sub 400 : OOB 0.4311 : L 1 : T 0.1 sec
 - d_sub 400 : OOB 0.3903 : L 2 : T 0.1 sec
 - d_sub 400 : OOB 0.3653 : L 3 : T 0.2 sec
 - d_sub 400 : OOB 0.3501 : L 4 : T 0.2 sec
 - d_sub 400 : OOB 0.3317 : L 5 : T 0.3 sec
 - d_sub 400 : OOB 0.3289 : L 6 : T 0.4 sec
 - d_sub 400 : OOB 0.3176 : L 7 : T 0.4 sec
 - d_sub 400 : OOB 0.3152 : L 8 : T 0.5 sec
 - d_sub 400 : OOB 0.3051 : L 9 : T 0.5 sec
 - d_sub 400 : OOB 0.3066 : L 10 : T 0.6 sec
 - d_sub 400 : OOB 0.3056 : L 11 : T 0.7 sec
 - d_sub 400 : OOB 0.3003 : L 12 : T 0.7 sec
 - d_sub 400 : OOB 0.2990 : L 13 : T 0.8 sec
 - d_sub 400 : OOB 0.2986 : L 14 : T 0.8 sec
 - d_sub 400 : OOB 0.2963 : L 15 : T 0.9 sec
 - d_sub 400 : OOB 0.2961 : L 16 : T 0.9 sec
 - d_sub 400 : OOB 0.2941 : L 17 : T 1.0 sec
 - d_sub 400 : OOB 0.2953 : L 18 : T 1.1 sec
 - d_sub 400 : OOB 0.2957 : L 19 : T 1.1 sec
 - d_sub 400 : OOB 0.2935 : L 20 : T 1.2 sec
 - d_sub 400 : OOB 0.2939 : L 21 : T 1.2 sec
 - d_sub 400 : OOB 0.2930 : L 22 : T 1.3 sec
 - d_sub 400 : OOB 0.2908 : L 23 : T 1.4 sec
 - d_sub 400 : OOB 0.2898 : L 24 : T 1.4 sec
 - d_sub 400 : OOB 0.2905 : L 25 : T 1.5 sec
 - d_sub 400 : OOB 0.2893 : L 26 : T 1.6 sec
 - d_sub 400 : OOB 0.2884 : L 27 : T 1.6 sec
 - d_sub 400 : OOB 0.2876 : L 28 : T 1.7 sec
 - d_sub 400 : OOB 0.2882 : L 29 : T 1.7 sec
 - d_sub 400 : OOB 0.2878 : L 30 : T 1.8 sec
 - d_sub 400 : OOB 0.2878 : L 31 : T 1.9 sec
 - d_sub 400 : OOB 0.2884 : L 32 : T 1.9 sec
 - d_sub 400 : OOB 0.2883 : L 33 : T 2.0 sec
 - d_sub 400 : OOB 0.2870 : L 34 : T 2.0 sec
 - d_sub 400 : OOB 0.2860 : L 35 : T 2.1 sec
 - d_sub 400 : OOB 0.2862 : L 36 : T 2.2 sec
 - d_sub 400 : OOB 0.2837 : L 37 : T 2.2 sec
 - d_sub 400 : OOB 0.2846 : L 38 : T 2.3 sec
 - d_sub 400 : OOB 0.2854 : L 39 : T 2.3 sec
 - d_sub 400 : OOB 0.2856 : L 40 : T 2.4 sec
 - d_sub 400 : OOB 0.2865 : L 41 : T 2.5 sec
 - d_sub 400 : OOB 0.2864 : L 42 : T 2.6 sec
 - d_sub 400 : OOB 0.2863 : L 43 : T 2.6 sec
 - d_sub 400 : OOB 0.2862 : L 44 : T 2.7 sec
 - d_sub 400 : OOB 0.2863 : L 45 : T 2.8 sec
 - d_sub 400 : OOB 0.2865 : L 46 : T 2.8 sec
 - d_sub 400 : OOB 0.2866 : L 47 : T 2.9 sec
 - d_sub 400 : OOB 0.2870 : L 48 : T 2.9 sec
 - d_sub 400 : OOB 0.2863 : L 49 : T 3.0 sec
 - d_sub 400 : OOB 0.2863 : L 50 : T 3.1 sec
 - d_sub 400 : OOB 0.2873 : L 51 : T 3.1 sec
 - d_sub 400 : OOB 0.2857 : L 52 : T 3.2 sec
 - d_sub 400 : OOB 0.2852 : L 53 : T 3.2 sec
 - d_sub 400 : OOB 0.2844 : L 54 : T 3.3 sec
 - d_sub 400 : OOB 0.2852 : L 55 : T 3.4 sec
 - d_sub 400 : OOB 0.2843 : L 56 : T 3.4 sec
 - d_sub 400 : OOB 0.2858 : L 57 : T 3.5 sec
 - d_sub 400 : OOB 0.2827 : L 58 : T 3.5 sec
 - d_sub 400 : OOB 0.2840 : L 59 : T 3.6 sec
 - d_sub 400 : OOB 0.2830 : L 60 : T 3.7 sec
 - d_sub 400 : OOB 0.2836 : L 61 : T 3.7 sec
 - d_sub 400 : OOB 0.2827 : L 62 : T 3.8 sec
 - d_sub 400 : OOB 0.2837 : L 63 : T 3.8 sec
 - d_sub 400 : OOB 0.2834 : L 64 : T 3.9 sec
 - d_sub 400 : OOB 0.2838 : L 65 : T 4.0 sec
 - d_sub 400 : OOB 0.2832 : L 66 : T 4.0 sec
 - d_sub 400 : OOB 0.2838 : L 67 : T 4.1 sec
 - d_sub 400 : OOB 0.2833 : L 68 : T 4.1 sec
 - d_sub 400 : OOB 0.2836 : L 69 : T 4.2 sec
 - d_sub 400 : OOB 0.2832 : L 70 : T 4.3 sec
 - d_sub 400 : OOB 0.2831 : L 71 : T 4.3 sec
 - d_sub 400 : OOB 0.2835 : L 72 : T 4.4 sec
 - d_sub 400 : OOB 0.2848 : L 73 : T 4.5 sec
 - d_sub 400 : OOB 0.2843 : L 74 : T 4.5 sec
 - d_sub 400 : OOB 0.2830 : L 75 : T 4.6 sec
 - d_sub 400 : OOB 0.2843 : L 76 : T 4.6 sec

 - d_sub 600 : OOB 0.4266 : L 1 : T 0.1 sec
 - d_sub 600 : OOB 0.3820 : L 2 : T 0.2 sec
 - d_sub 600 : OOB 0.3591 : L 3 : T 0.3 sec
 - d_sub 600 : OOB 0.3378 : L 4 : T 0.4 sec
 - d_sub 600 : OOB 0.3249 : L 5 : T 0.5 sec
 - d_sub 600 : OOB 0.3184 : L 6 : T 0.6 sec
 - d_sub 600 : OOB 0.3060 : L 7 : T 0.7 sec
 - d_sub 600 : OOB 0.3043 : L 8 : T 0.8 sec
 - d_sub 600 : OOB 0.2953 : L 9 : T 0.9 sec
 - d_sub 600 : OOB 0.2936 : L 10 : T 1.0 sec
 - d_sub 600 : OOB 0.2906 : L 11 : T 1.1 sec
 - d_sub 600 : OOB 0.2882 : L 12 : T 1.2 sec
 - d_sub 600 : OOB 0.2871 : L 13 : T 1.3 sec
 - d_sub 600 : OOB 0.2882 : L 14 : T 1.4 sec
 - d_sub 600 : OOB 0.2863 : L 15 : T 1.5 sec
 - d_sub 600 : OOB 0.2879 : L 16 : T 1.6 sec
 - d_sub 600 : OOB 0.2862 : L 17 : T 1.7 sec
 - d_sub 600 : OOB 0.2847 : L 18 : T 1.8 sec
 - d_sub 600 : OOB 0.2825 : L 19 : T 1.9 sec
 - d_sub 600 : OOB 0.2811 : L 20 : T 2.0 sec
 - d_sub 600 : OOB 0.2830 : L 21 : T 2.2 sec
 - d_sub 600 : OOB 0.2817 : L 22 : T 2.3 sec
 - d_sub 600 : OOB 0.2812 : L 23 : T 2.3 sec
 - d_sub 600 : OOB 0.2787 : L 24 : T 2.5 sec
 - d_sub 600 : OOB 0.2804 : L 25 : T 2.5 sec
 - d_sub 600 : OOB 0.2776 : L 26 : T 2.6 sec
 - d_sub 600 : OOB 0.2761 : L 27 : T 2.7 sec
 - d_sub 600 : OOB 0.2769 : L 28 : T 2.9 sec
 - d_sub 600 : OOB 0.2793 : L 29 : T 3.0 sec
 - d_sub 600 : OOB 0.2777 : L 30 : T 3.1 sec
 - d_sub 600 : OOB 0.2780 : L 31 : T 3.2 sec
 - d_sub 600 : OOB 0.2786 : L 32 : T 3.3 sec
 - d_sub 600 : OOB 0.2779 : L 33 : T 3.4 sec
 - d_sub 600 : OOB 0.2792 : L 34 : T 3.5 sec
 - d_sub 600 : OOB 0.2765 : L 35 : T 3.6 sec
 - d_sub 600 : OOB 0.2753 : L 36 : T 3.7 sec
 - d_sub 600 : OOB 0.2769 : L 37 : T 3.8 sec
 - d_sub 600 : OOB 0.2774 : L 38 : T 3.9 sec
 - d_sub 600 : OOB 0.2753 : L 39 : T 4.0 sec
 - d_sub 600 : OOB 0.2755 : L 40 : T 4.1 sec
 - d_sub 600 : OOB 0.2753 : L 41 : T 4.2 sec
 - d_sub 600 : OOB 0.2756 : L 42 : T 4.3 sec
 - d_sub 600 : OOB 0.2752 : L 43 : T 4.4 sec
 - d_sub 600 : OOB 0.2757 : L 44 : T 4.5 sec
 - d_sub 600 : OOB 0.2733 : L 45 : T 4.6 sec
 - d_sub 600 : OOB 0.2748 : L 46 : T 4.7 sec
 - d_sub 600 : OOB 0.2751 : L 47 : T 4.8 sec
 - d_sub 600 : OOB 0.2729 : L 48 : T 4.9 sec
 - d_sub 600 : OOB 0.2724 : L 49 : T 5.0 sec
 - d_sub 600 : OOB 0.2728 : L 50 : T 5.1 sec
 - d_sub 600 : OOB 0.2727 : L 51 : T 5.2 sec
 - d_sub 600 : OOB 0.2740 : L 52 : T 5.3 sec
 - d_sub 600 : OOB 0.2727 : L 53 : T 5.4 sec
 - d_sub 600 : OOB 0.2723 : L 54 : T 5.5 sec
 - d_sub 600 : OOB 0.2722 : L 55 : T 5.6 sec
 - d_sub 600 : OOB 0.2709 : L 56 : T 5.7 sec
 - d_sub 600 : OOB 0.2724 : L 57 : T 5.8 sec
 - d_sub 600 : OOB 0.2715 : L 58 : T 5.9 sec
 - d_sub 600 : OOB 0.2714 : L 59 : T 6.1 sec
 - d_sub 600 : OOB 0.2689 : L 60 : T 6.1 sec
 - d_sub 600 : OOB 0.2714 : L 61 : T 6.3 sec
 - d_sub 600 : OOB 0.2699 : L 62 : T 6.4 sec
 - d_sub 600 : OOB 0.2712 : L 63 : T 6.5 sec
 - d_sub 600 : OOB 0.2718 : L 64 : T 6.6 sec
 - d_sub 600 : OOB 0.2726 : L 65 : T 6.7 sec
 - d_sub 600 : OOB 0.2712 : L 66 : T 6.8 sec
 - d_sub 600 : OOB 0.2705 : L 67 : T 6.9 sec
 - d_sub 600 : OOB 0.2702 : L 68 : T 7.0 sec
 - d_sub 600 : OOB 0.2715 : L 69 : T 7.1 sec
 - d_sub 600 : OOB 0.2715 : L 70 : T 7.2 sec
 - d_sub 600 : OOB 0.2710 : L 71 : T 7.3 sec
 - d_sub 600 : OOB 0.2704 : L 72 : T 7.4 sec
 - d_sub 600 : OOB 0.2711 : L 73 : T 7.5 sec
 - d_sub 600 : OOB 0.2719 : L 74 : T 7.6 sec
 - d_sub 600 : OOB 0.2711 : L 75 : T 7.7 sec
 - d_sub 600 : OOB 0.2713 : L 76 : T 7.8 sec
 - d_sub 600 : OOB 0.2693 : L 77 : T 7.9 sec
 - d_sub 600 : OOB 0.2694 : L 78 : T 8.0 sec
 - d_sub 600 : OOB 0.2695 : L 79 : T 8.1 sec
 - d_sub 600 : OOB 0.2709 : L 80 : T 8.2 sec
 - d_sub 600 : OOB 0.2695 : L 81 : T 8.3 sec
 - d_sub 600 : OOB 0.2703 : L 82 : T 8.4 sec
 - d_sub 600 : OOB 0.2708 : L 83 : T 8.5 sec
 - d_sub 600 : OOB 0.2713 : L 84 : T 8.6 sec
 - d_sub 600 : OOB 0.2719 : L 85 : T 8.7 sec
 - d_sub 600 : OOB 0.2712 : L 86 : T 8.8 sec
 - d_sub 600 : OOB 0.2702 : L 87 : T 8.9 sec
 - d_sub 600 : OOB 0.2706 : L 88 : T 9.0 sec
 - d_sub 600 : OOB 0.2697 : L 89 : T 9.1 sec
 - d_sub 600 : OOB 0.2701 : L 90 : T 9.2 sec
 - d_sub 600 : OOB 0.2697 : L 91 : T 9.3 sec
 - d_sub 600 : OOB 0.2702 : L 92 : T 9.4 sec
 - d_sub 600 : OOB 0.2703 : L 93 : T 9.5 sec

 - d_sub 800 : OOB 0.4303 : L 1 : T 0.2 sec
 - d_sub 800 : OOB 0.3795 : L 2 : T 0.3 sec
 - d_sub 800 : OOB 0.3558 : L 3 : T 0.5 sec
 - d_sub 800 : OOB 0.3360 : L 4 : T 0.6 sec
 - d_sub 800 : OOB 0.3221 : L 5 : T 0.8 sec
 - d_sub 800 : OOB 0.3155 : L 6 : T 0.9 sec
 - d_sub 800 : OOB 0.3040 : L 7 : T 1.1 sec
 - d_sub 800 : OOB 0.3028 : L 8 : T 1.3 sec
 - d_sub 800 : OOB 0.2929 : L 9 : T 1.4 sec
 - d_sub 800 : OOB 0.2921 : L 10 : T 1.6 sec
 - d_sub 800 : OOB 0.2934 : L 11 : T 1.8 sec
 - d_sub 800 : OOB 0.2889 : L 12 : T 1.9 sec
 - d_sub 800 : OOB 0.2839 : L 13 : T 2.1 sec
 - d_sub 800 : OOB 0.2802 : L 14 : T 2.2 sec
 - d_sub 800 : OOB 0.2826 : L 15 : T 2.4 sec
 - d_sub 800 : OOB 0.2786 : L 16 : T 2.5 sec
 - d_sub 800 : OOB 0.2768 : L 17 : T 2.7 sec
 - d_sub 800 : OOB 0.2787 : L 18 : T 2.9 sec
 - d_sub 800 : OOB 0.2753 : L 19 : T 3.0 sec
 - d_sub 800 : OOB 0.2747 : L 20 : T 3.2 sec
 - d_sub 800 : OOB 0.2759 : L 21 : T 3.3 sec
 - d_sub 800 : OOB 0.2760 : L 22 : T 3.5 sec
 - d_sub 800 : OOB 0.2724 : L 23 : T 3.7 sec
 - d_sub 800 : OOB 0.2703 : L 24 : T 3.8 sec
 - d_sub 800 : OOB 0.2711 : L 25 : T 4.0 sec
 - d_sub 800 : OOB 0.2711 : L 26 : T 4.1 sec
 - d_sub 800 : OOB 0.2682 : L 27 : T 4.3 sec
 - d_sub 800 : OOB 0.2700 : L 28 : T 4.5 sec
 - d_sub 800 : OOB 0.2670 : L 29 : T 4.6 sec
 - d_sub 800 : OOB 0.2683 : L 30 : T 4.8 sec
 - d_sub 800 : OOB 0.2709 : L 31 : T 4.9 sec
 - d_sub 800 : OOB 0.2687 : L 32 : T 5.1 sec
 - d_sub 800 : OOB 0.2682 : L 33 : T 5.2 sec
 - d_sub 800 : OOB 0.2690 : L 34 : T 5.4 sec
 - d_sub 800 : OOB 0.2700 : L 35 : T 5.6 sec
 - d_sub 800 : OOB 0.2679 : L 36 : T 5.7 sec
 - d_sub 800 : OOB 0.2675 : L 37 : T 5.9 sec
 - d_sub 800 : OOB 0.2675 : L 38 : T 6.0 sec
 - d_sub 800 : OOB 0.2673 : L 39 : T 6.2 sec
 - d_sub 800 : OOB 0.2676 : L 40 : T 6.3 sec
 - d_sub 800 : OOB 0.2682 : L 41 : T 6.5 sec
 - d_sub 800 : OOB 0.2669 : L 42 : T 6.6 sec
 - d_sub 800 : OOB 0.2660 : L 43 : T 6.8 sec
 - d_sub 800 : OOB 0.2679 : L 44 : T 7.0 sec
 - d_sub 800 : OOB 0.2657 : L 45 : T 7.1 sec
 - d_sub 800 : OOB 0.2669 : L 46 : T 7.3 sec
 - d_sub 800 : OOB 0.2663 : L 47 : T 7.4 sec
 - d_sub 800 : OOB 0.2646 : L 48 : T 7.6 sec
 - d_sub 800 : OOB 0.2643 : L 49 : T 7.7 sec
 - d_sub 800 : OOB 0.2635 : L 50 : T 7.9 sec
 - d_sub 800 : OOB 0.2633 : L 51 : T 8.0 sec
 - d_sub 800 : OOB 0.2640 : L 52 : T 8.2 sec
 - d_sub 800 : OOB 0.2634 : L 53 : T 8.3 sec
 - d_sub 800 : OOB 0.2654 : L 54 : T 8.5 sec
 - d_sub 800 : OOB 0.2646 : L 55 : T 8.7 sec
 - d_sub 800 : OOB 0.2650 : L 56 : T 8.8 sec
 - d_sub 800 : OOB 0.2643 : L 57 : T 9.0 sec
 - d_sub 800 : OOB 0.2638 : L 58 : T 9.1 sec
 - d_sub 800 : OOB 0.2646 : L 59 : T 9.3 sec
 - d_sub 800 : OOB 0.2648 : L 60 : T 9.4 sec
 - d_sub 800 : OOB 0.2650 : L 61 : T 9.6 sec
 - d_sub 800 : OOB 0.2640 : L 62 : T 9.8 sec
 - d_sub 800 : OOB 0.2629 : L 63 : T 9.9 sec
 - d_sub 800 : OOB 0.2626 : L 64 : T 10.1 sec
 - d_sub 800 : OOB 0.2612 : L 65 : T 10.2 sec
 - d_sub 800 : OOB 0.2620 : L 66 : T 10.4 sec
 - d_sub 800 : OOB 0.2635 : L 67 : T 10.5 sec
 - d_sub 800 : OOB 0.2637 : L 68 : T 10.7 sec
 - d_sub 800 : OOB 0.2630 : L 69 : T 10.8 sec
 - d_sub 800 : OOB 0.2629 : L 70 : T 11.0 sec
 - d_sub 800 : OOB 0.2629 : L 71 : T 11.2 sec
 - d_sub 800 : OOB 0.2624 : L 72 : T 11.3 sec
 - d_sub 800 : OOB 0.2626 : L 73 : T 11.5 sec
 - d_sub 800 : OOB 0.2633 : L 74 : T 11.7 sec
 - d_sub 800 : OOB 0.2634 : L 75 : T 11.8 sec
 - d_sub 800 : OOB 0.2630 : L 76 : T 12.0 sec
 - d_sub 800 : OOB 0.2619 : L 77 : T 12.1 sec
 - d_sub 800 : OOB 0.2618 : L 78 : T 12.3 sec
 - d_sub 800 : OOB 0.2613 : L 79 : T 12.5 sec
 - d_sub 800 : OOB 0.2611 : L 80 : T 12.6 sec
 - d_sub 800 : OOB 0.2617 : L 81 : T 12.8 sec
 - d_sub 800 : OOB 0.2621 : L 82 : T 13.0 sec
 - d_sub 800 : OOB 0.2621 : L 83 : T 13.1 sec
 - d_sub 800 : OOB 0.2626 : L 84 : T 13.3 sec
 - d_sub 800 : OOB 0.2634 : L 85 : T 13.5 sec
 - d_sub 800 : OOB 0.2617 : L 86 : T 13.6 sec
 - d_sub 800 : OOB 0.2620 : L 87 : T 13.8 sec
 - d_sub 800 : OOB 0.2611 : L 88 : T 13.9 sec
 - d_sub 800 : OOB 0.2626 : L 89 : T 14.1 sec
 - d_sub 800 : OOB 0.2612 : L 90 : T 14.2 sec
 - d_sub 800 : OOB 0.2634 : L 91 : T 14.4 sec
 - d_sub 800 : OOB 0.2623 : L 92 : T 14.6 sec
 - d_sub 800 : OOB 0.2633 : L 93 : T 14.7 sec

 - d_sub 1000 : OOB 0.4287 : L 1 : T 0.2 sec
 - d_sub 1000 : OOB 0.3790 : L 2 : T 0.5 sec
 - d_sub 1000 : OOB 0.3505 : L 3 : T 0.7 sec
 - d_sub 1000 : OOB 0.3290 : L 4 : T 1.0 sec
 - d_sub 1000 : OOB 0.3146 : L 5 : T 2.1 sec
 - d_sub 1000 : OOB 0.3071 : L 6 : T 3.7 sec
 - d_sub 1000 : OOB 0.2949 : L 7 : T 5.4 sec
 - d_sub 1000 : OOB 0.2950 : L 8 : T 7.0 sec
 - d_sub 1000 : OOB 0.2884 : L 9 : T 8.1 sec
 - d_sub 1000 : OOB 0.2876 : L 10 : T 8.3 sec
 - d_sub 1000 : OOB 0.2839 : L 11 : T 9.4 sec
 - d_sub 1000 : OOB 0.2788 : L 12 : T 9.7 sec
 - d_sub 1000 : OOB 0.2757 : L 13 : T 11.0 sec
 - d_sub 1000 : OOB 0.2779 : L 14 : T 12.4 sec
 - d_sub 1000 : OOB 0.2741 : L 15 : T 13.4 sec
 - d_sub 1000 : OOB 0.2729 : L 16 : T 13.6 sec
 - d_sub 1000 : OOB 0.2719 : L 17 : T 13.8 sec
 - d_sub 1000 : OOB 0.2736 : L 18 : T 14.1 sec
 - d_sub 1000 : OOB 0.2733 : L 19 : T 14.3 sec
 - d_sub 1000 : OOB 0.2701 : L 20 : T 15.4 sec
 - d_sub 1000 : OOB 0.2698 : L 21 : T 17.1 sec
 - d_sub 1000 : OOB 0.2692 : L 22 : T 17.3 sec
 - d_sub 1000 : OOB 0.2654 : L 23 : T 17.5 sec
 - d_sub 1000 : OOB 0.2678 : L 24 : T 17.8 sec
 - d_sub 1000 : OOB 0.2668 : L 25 : T 18.0 sec
 - d_sub 1000 : OOB 0.2654 : L 26 : T 18.3 sec
 - d_sub 1000 : OOB 0.2675 : L 27 : T 19.2 sec
 - d_sub 1000 : OOB 0.2654 : L 28 : T 19.4 sec
 - d_sub 1000 : OOB 0.2640 : L 29 : T 19.7 sec
 - d_sub 1000 : OOB 0.2659 : L 30 : T 19.9 sec
 - d_sub 1000 : OOB 0.2626 : L 31 : T 20.1 sec
 - d_sub 1000 : OOB 0.2642 : L 32 : T 20.4 sec
 - d_sub 1000 : OOB 0.2622 : L 33 : T 20.6 sec
 - d_sub 1000 : OOB 0.2620 : L 34 : T 20.8 sec
 - d_sub 1000 : OOB 0.2618 : L 35 : T 21.1 sec
 - d_sub 1000 : OOB 0.2605 : L 36 : T 21.3 sec
 - d_sub 1000 : OOB 0.2596 : L 37 : T 21.5 sec
 - d_sub 1000 : OOB 0.2594 : L 38 : T 21.7 sec
 - d_sub 1000 : OOB 0.2598 : L 39 : T 22.0 sec
 - d_sub 1000 : OOB 0.2599 : L 40 : T 22.2 sec
 - d_sub 1000 : OOB 0.2619 : L 41 : T 22.4 sec
 - d_sub 1000 : OOB 0.2620 : L 42 : T 22.6 sec
 - d_sub 1000 : OOB 0.2614 : L 43 : T 22.9 sec
 - d_sub 1000 : OOB 0.2620 : L 44 : T 23.1 sec
 - d_sub 1000 : OOB 0.2597 : L 45 : T 23.3 sec
 - d_sub 1000 : OOB 0.2601 : L 46 : T 23.6 sec
 - d_sub 1000 : OOB 0.2601 : L 47 : T 23.8 sec
 - d_sub 1000 : OOB 0.2604 : L 48 : T 24.1 sec
 - d_sub 1000 : OOB 0.2597 : L 49 : T 24.3 sec
 - d_sub 1000 : OOB 0.2608 : L 50 : T 25.9 sec
 - d_sub 1000 : OOB 0.2608 : L 51 : T 26.9 sec
 - d_sub 1000 : OOB 0.2623 : L 52 : T 28.4 sec
 - d_sub 1000 : OOB 0.2582 : L 53 : T 30.2 sec
 - d_sub 1000 : OOB 0.2593 : L 54 : T 30.4 sec
 - d_sub 1000 : OOB 0.2578 : L 55 : T 30.6 sec
 - d_sub 1000 : OOB 0.2592 : L 56 : T 30.9 sec
 - d_sub 1000 : OOB 0.2595 : L 57 : T 31.1 sec
 - d_sub 1000 : OOB 0.2585 : L 58 : T 31.3 sec
 - d_sub 1000 : OOB 0.2563 : L 59 : T 31.5 sec
 - d_sub 1000 : OOB 0.2576 : L 60 : T 32.7 sec
 - d_sub 1000 : OOB 0.2564 : L 61 : T 34.1 sec
 - d_sub 1000 : OOB 0.2570 : L 62 : T 34.4 sec
 - d_sub 1000 : OOB 0.2563 : L 63 : T 34.6 sec
 - d_sub 1000 : OOB 0.2573 : L 64 : T 34.8 sec
 - d_sub 1000 : OOB 0.2576 : L 65 : T 35.7 sec
 - d_sub 1000 : OOB 0.2560 : L 66 : T 37.2 sec
 - d_sub 1000 : OOB 0.2569 : L 67 : T 37.6 sec
 - d_sub 1000 : OOB 0.2559 : L 68 : T 39.4 sec
 - d_sub 1000 : OOB 0.2563 : L 69 : T 40.9 sec
 - d_sub 1000 : OOB 0.2564 : L 70 : T 41.3 sec
 - d_sub 1000 : OOB 0.2571 : L 71 : T 42.6 sec
 - d_sub 1000 : OOB 0.2577 : L 72 : T 44.7 sec
 - d_sub 1000 : OOB 0.2566 : L 73 : T 46.1 sec
 - d_sub 1000 : OOB 0.2564 : L 74 : T 46.3 sec
 - d_sub 1000 : OOB 0.2549 : L 75 : T 47.2 sec
 - d_sub 1000 : OOB 0.2554 : L 76 : T 49.3 sec
 - d_sub 1000 : OOB 0.2563 : L 77 : T 50.3 sec
 - d_sub 1000 : OOB 0.2550 : L 78 : T 51.8 sec
 - d_sub 1000 : OOB 0.2552 : L 79 : T 52.7 sec
 - d_sub 1000 : OOB 0.2557 : L 80 : T 54.5 sec
 - d_sub 1000 : OOB 0.2567 : L 81 : T 56.2 sec
 - d_sub 1000 : OOB 0.2552 : L 82 : T 57.9 sec
 - d_sub 1000 : OOB 0.2561 : L 83 : T 58.2 sec
 - d_sub 1000 : OOB 0.2552 : L 84 : T 58.4 sec
 - d_sub 1000 : OOB 0.2565 : L 85 : T 58.6 sec
 - d_sub 1000 : OOB 0.2541 : L 86 : T 58.9 sec
 - d_sub 1000 : OOB 0.2567 : L 87 : T 60.1 sec
 - d_sub 1000 : OOB 0.2551 : L 88 : T 60.3 sec
 - d_sub 1000 : OOB 0.2558 : L 89 : T 60.5 sec
 - d_sub 1000 : OOB 0.2544 : L 90 : T 60.8 sec
 - d_sub 1000 : OOB 0.2546 : L 91 : T 61.0 sec
 - d_sub 1000 : OOB 0.2567 : L 92 : T 61.3 sec
 - d_sub 1000 : OOB 0.2558 : L 93 : T 62.8 sec
 - d_sub 1000 : OOB 0.2546 : L 94 : T 64.9 sec
 - d_sub 1000 : OOB 0.2561 : L 95 : T 65.1 sec
 - d_sub 1000 : OOB 0.2557 : L 96 : T 65.4 sec
 - d_sub 1000 : OOB 0.2557 : L 97 : T 65.6 sec
 - d_sub 1000 : OOB 0.2553 : L 98 : T 65.8 sec
 - d_sub 1000 : OOB 0.2555 : L 99 : T 66.0 sec
 - d_sub 1000 : OOB 0.2555 : L 100 : T 67.7 sec

 - d_sub 1200 : OOB 0.4252 : L 1 : T 1.8 sec
 - d_sub 1200 : OOB 0.3800 : L 2 : T 3.5 sec
 - d_sub 1200 : OOB 0.3537 : L 3 : T 5.4 sec
 - d_sub 1200 : OOB 0.3359 : L 4 : T 5.7 sec
 - d_sub 1200 : OOB 0.3184 : L 5 : T 6.0 sec
 - d_sub 1200 : OOB 0.3118 : L 6 : T 7.9 sec
 - d_sub 1200 : OOB 0.2983 : L 7 : T 9.5 sec
 - d_sub 1200 : OOB 0.2980 : L 8 : T 11.5 sec
 - d_sub 1200 : OOB 0.2881 : L 9 : T 12.9 sec
 - d_sub 1200 : OOB 0.2870 : L 10 : T 15.5 sec
 - d_sub 1200 : OOB 0.2859 : L 11 : T 16.5 sec
 - d_sub 1200 : OOB 0.2827 : L 12 : T 19.4 sec
 - d_sub 1200 : OOB 0.2790 : L 13 : T 19.7 sec
 - d_sub 1200 : OOB 0.2784 : L 14 : T 20.9 sec
 - d_sub 1200 : OOB 0.2778 : L 15 : T 23.4 sec
 - d_sub 1200 : OOB 0.2752 : L 16 : T 25.1 sec
 - d_sub 1200 : OOB 0.2743 : L 17 : T 26.8 sec
 - d_sub 1200 : OOB 0.2760 : L 18 : T 28.4 sec
 - d_sub 1200 : OOB 0.2725 : L 19 : T 30.3 sec
 - d_sub 1200 : OOB 0.2698 : L 20 : T 32.3 sec
 - d_sub 1200 : OOB 0.2694 : L 21 : T 33.7 sec
 - d_sub 1200 : OOB 0.2685 : L 22 : T 35.7 sec
 - d_sub 1200 : OOB 0.2669 : L 23 : T 37.4 sec
 - d_sub 1200 : OOB 0.2669 : L 24 : T 38.4 sec
 - d_sub 1200 : OOB 0.2669 : L 25 : T 40.3 sec
 - d_sub 1200 : OOB 0.2659 : L 26 : T 42.0 sec
 - d_sub 1200 : OOB 0.2670 : L 27 : T 44.1 sec
 - d_sub 1200 : OOB 0.2642 : L 28 : T 44.4 sec
 - d_sub 1200 : OOB 0.2621 : L 29 : T 44.7 sec
 - d_sub 1200 : OOB 0.2648 : L 30 : T 47.1 sec
 - d_sub 1200 : OOB 0.2640 : L 31 : T 48.9 sec
 - d_sub 1200 : OOB 0.2631 : L 32 : T 50.9 sec
 - d_sub 1200 : OOB 0.2612 : L 33 : T 51.1 sec
 - d_sub 1200 : OOB 0.2609 : L 34 : T 53.1 sec
 - d_sub 1200 : OOB 0.2604 : L 35 : T 54.7 sec
 - d_sub 1200 : OOB 0.2591 : L 36 : T 57.2 sec
 - d_sub 1200 : OOB 0.2603 : L 37 : T 58.2 sec
 - d_sub 1200 : OOB 0.2598 : L 38 : T 59.3 sec
 - d_sub 1200 : OOB 0.2616 : L 39 : T 59.6 sec
 - d_sub 1200 : OOB 0.2596 : L 40 : T 61.5 sec
 - d_sub 1200 : OOB 0.2598 : L 41 : T 63.1 sec
 - d_sub 1200 : OOB 0.2599 : L 42 : T 64.6 sec
 - d_sub 1200 : OOB 0.2606 : L 43 : T 66.8 sec
 - d_sub 1200 : OOB 0.2603 : L 44 : T 67.9 sec
 - d_sub 1200 : OOB 0.2595 : L 45 : T 68.2 sec
 - d_sub 1200 : OOB 0.2618 : L 46 : T 68.4 sec
 - d_sub 1200 : OOB 0.2604 : L 47 : T 68.7 sec
 - d_sub 1200 : OOB 0.2606 : L 48 : T 69.9 sec
 - d_sub 1200 : OOB 0.2599 : L 49 : T 72.1 sec
 - d_sub 1200 : OOB 0.2590 : L 50 : T 72.4 sec
 - d_sub 1200 : OOB 0.2571 : L 51 : T 72.7 sec
 - d_sub 1200 : OOB 0.2595 : L 52 : T 73.7 sec
 - d_sub 1200 : OOB 0.2583 : L 53 : T 74.9 sec
 - d_sub 1200 : OOB 0.2566 : L 54 : T 75.2 sec
 - d_sub 1200 : OOB 0.2568 : L 55 : T 76.2 sec
 - d_sub 1200 : OOB 0.2569 : L 56 : T 76.5 sec
 - d_sub 1200 : OOB 0.2545 : L 57 : T 77.6 sec
 - d_sub 1200 : OOB 0.2546 : L 58 : T 77.9 sec
 - d_sub 1200 : OOB 0.2531 : L 59 : T 80.0 sec
 - d_sub 1200 : OOB 0.2532 : L 60 : T 80.3 sec
 - d_sub 1200 : OOB 0.2535 : L 61 : T 80.6 sec
 - d_sub 1200 : OOB 0.2534 : L 62 : T 80.9 sec
 - d_sub 1200 : OOB 0.2536 : L 63 : T 81.1 sec
 - d_sub 1200 : OOB 0.2534 : L 64 : T 81.4 sec
 - d_sub 1200 : OOB 0.2567 : L 65 : T 83.1 sec
 - d_sub 1200 : OOB 0.2553 : L 66 : T 85.0 sec
 - d_sub 1200 : OOB 0.2563 : L 67 : T 86.1 sec
 - d_sub 1200 : OOB 0.2557 : L 68 : T 86.4 sec
 - d_sub 1200 : OOB 0.2550 : L 69 : T 86.7 sec
 - d_sub 1200 : OOB 0.2553 : L 70 : T 88.7 sec
 - d_sub 1200 : OOB 0.2549 : L 71 : T 90.0 sec
 - d_sub 1200 : OOB 0.2549 : L 72 : T 91.2 sec
 - d_sub 1200 : OOB 0.2544 : L 73 : T 93.2 sec
 - d_sub 1200 : OOB 0.2552 : L 74 : T 93.6 sec
 - d_sub 1200 : OOB 0.2560 : L 75 : T 93.9 sec
 - d_sub 1200 : OOB 0.2537 : L 76 : T 95.3 sec
 - d_sub 1200 : OOB 0.2552 : L 77 : T 95.6 sec
 - d_sub 1200 : OOB 0.2545 : L 78 : T 96.0 sec
 - d_sub 1200 : OOB 0.2543 : L 79 : T 96.3 sec
 - d_sub 1200 : OOB 0.2561 : L 80 : T 97.6 sec
 - d_sub 1200 : OOB 0.2551 : L 81 : T 99.7 sec
 - d_sub 1200 : OOB 0.2564 : L 82 : T 100.0 sec
 - d_sub 1200 : OOB 0.2542 : L 83 : T 100.3 sec
 - d_sub 1200 : OOB 0.2556 : L 84 : T 101.5 sec
 - d_sub 1200 : OOB 0.2550 : L 85 : T 102.5 sec
 - d_sub 1200 : OOB 0.2554 : L 86 : T 104.0 sec
 - d_sub 1200 : OOB 0.2541 : L 87 : T 104.4 sec
 - d_sub 1200 : OOB 0.2541 : L 88 : T 104.6 sec
 - d_sub 1200 : OOB 0.2547 : L 89 : T 105.0 sec
 - d_sub 1200 : OOB 0.2537 : L 90 : T 106.2 sec
 - d_sub 1200 : OOB 0.2559 : L 91 : T 106.5 sec
 - d_sub 1200 : OOB 0.2538 : L 92 : T 106.8 sec
 - d_sub 1200 : OOB 0.2536 : L 93 : T 108.1 sec
 - d_sub 1200 : OOB 0.2528 : L 94 : T 110.0 sec
 - d_sub 1200 : OOB 0.2543 : L 95 : T 112.0 sec
 - d_sub 1200 : OOB 0.2544 : L 96 : T 114.0 sec
 - d_sub 1200 : OOB 0.2535 : L 97 : T 115.9 sec
 - d_sub 1200 : OOB 0.2517 : L 98 : T 118.2 sec
 - d_sub 1200 : OOB 0.2526 : L 99 : T 120.1 sec

 - d_sub 1400 : OOB 0.4275 : L 1 : T 2.4 sec
 - d_sub 1400 : OOB 0.4005 : L 2 : T 2.7 sec
 - d_sub 1400 : OOB 0.3711 : L 3 : T 5.6 sec
 - d_sub 1400 : OOB 0.3501 : L 4 : T 7.3 sec
 - d_sub 1400 : OOB 0.3293 : L 5 : T 7.6 sec
 - d_sub 1400 : OOB 0.3186 : L 6 : T 10.2 sec
 - d_sub 1400 : OOB 0.3061 : L 7 : T 10.6 sec
 - d_sub 1400 : OOB 0.2963 : L 8 : T 11.9 sec
 - d_sub 1400 : OOB 0.2931 : L 9 : T 13.8 sec
 - d_sub 1400 : OOB 0.2875 : L 10 : T 14.2 sec
 - d_sub 1400 : OOB 0.2788 : L 11 : T 16.7 sec
 - d_sub 1400 : OOB 0.2809 : L 12 : T 18.8 sec
 - d_sub 1400 : OOB 0.2793 : L 13 : T 19.2 sec
 - d_sub 1400 : OOB 0.2759 : L 14 : T 20.5 sec
 - d_sub 1400 : OOB 0.2749 : L 15 : T 22.3 sec
 - d_sub 1400 : OOB 0.2720 : L 16 : T 22.7 sec
 - d_sub 1400 : OOB 0.2713 : L 17 : T 25.4 sec
 - d_sub 1400 : OOB 0.2710 : L 18 : T 26.6 sec
 - d_sub 1400 : OOB 0.2665 : L 19 : T 28.4 sec
 - d_sub 1400 : OOB 0.2642 : L 20 : T 29.9 sec
 - d_sub 1400 : OOB 0.2635 : L 21 : T 30.3 sec
 - d_sub 1400 : OOB 0.2648 : L 22 : T 32.3 sec
 - d_sub 1400 : OOB 0.2625 : L 23 : T 33.6 sec
 - d_sub 1400 : OOB 0.2632 : L 24 : T 36.0 sec
 - d_sub 1400 : OOB 0.2628 : L 25 : T 38.7 sec
 - d_sub 1400 : OOB 0.2612 : L 26 : T 39.1 sec
 - d_sub 1400 : OOB 0.2607 : L 27 : T 40.4 sec
 - d_sub 1400 : OOB 0.2600 : L 28 : T 42.4 sec
 - d_sub 1400 : OOB 0.2619 : L 29 : T 42.8 sec
 - d_sub 1400 : OOB 0.2632 : L 30 : T 45.1 sec
 - d_sub 1400 : OOB 0.2619 : L 31 : T 46.1 sec
 - d_sub 1400 : OOB 0.2614 : L 32 : T 46.5 sec
 - d_sub 1400 : OOB 0.2622 : L 33 : T 47.5 sec
 - d_sub 1400 : OOB 0.2620 : L 34 : T 49.0 sec
 - d_sub 1400 : OOB 0.2628 : L 35 : T 49.4 sec
 - d_sub 1400 : OOB 0.2602 : L 36 : T 50.4 sec
 - d_sub 1400 : OOB 0.2594 : L 37 : T 50.8 sec
 - d_sub 1400 : OOB 0.2581 : L 38 : T 52.0 sec
 - d_sub 1400 : OOB 0.2567 : L 39 : T 52.4 sec
 - d_sub 1400 : OOB 0.2571 : L 40 : T 53.3 sec
 - d_sub 1400 : OOB 0.2575 : L 41 : T 54.8 sec
 - d_sub 1400 : OOB 0.2546 : L 42 : T 56.4 sec
 - d_sub 1400 : OOB 0.2572 : L 43 : T 56.8 sec
 - d_sub 1400 : OOB 0.2561 : L 44 : T 58.9 sec
 - d_sub 1400 : OOB 0.2547 : L 45 : T 59.3 sec
 - d_sub 1400 : OOB 0.2544 : L 46 : T 60.4 sec
 - d_sub 1400 : OOB 0.2536 : L 47 : T 61.5 sec
 - d_sub 1400 : OOB 0.2537 : L 48 : T 62.8 sec
 - d_sub 1400 : OOB 0.2548 : L 49 : T 63.1 sec
 - d_sub 1400 : OOB 0.2551 : L 50 : T 65.3 sec
 - d_sub 1400 : OOB 0.2535 : L 51 : T 66.6 sec
 - d_sub 1400 : OOB 0.2539 : L 52 : T 67.7 sec
 - d_sub 1400 : OOB 0.2531 : L 53 : T 68.1 sec
 - d_sub 1400 : OOB 0.2537 : L 54 : T 70.4 sec
 - d_sub 1400 : OOB 0.2540 : L 55 : T 71.3 sec
 - d_sub 1400 : OOB 0.2542 : L 56 : T 71.7 sec
 - d_sub 1400 : OOB 0.2537 : L 57 : T 73.9 sec
 - d_sub 1400 : OOB 0.2530 : L 58 : T 74.2 sec
 - d_sub 1400 : OOB 0.2527 : L 59 : T 75.7 sec
 - d_sub 1400 : OOB 0.2536 : L 60 : T 76.8 sec
 - d_sub 1400 : OOB 0.2541 : L 61 : T 77.2 sec
 - d_sub 1400 : OOB 0.2548 : L 62 : T 78.2 sec
 - d_sub 1400 : OOB 0.2540 : L 63 : T 79.5 sec
 - d_sub 1400 : OOB 0.2537 : L 64 : T 79.9 sec
 - d_sub 1400 : OOB 0.2529 : L 65 : T 82.0 sec
 - d_sub 1400 : OOB 0.2541 : L 66 : T 83.0 sec
 - d_sub 1400 : OOB 0.2512 : L 67 : T 83.4 sec
 - d_sub 1400 : OOB 0.2514 : L 68 : T 84.4 sec
 - d_sub 1400 : OOB 0.2534 : L 69 : T 85.7 sec
 - d_sub 1400 : OOB 0.2519 : L 70 : T 87.1 sec
 - d_sub 1400 : OOB 0.2542 : L 71 : T 88.8 sec
 - d_sub 1400 : OOB 0.2522 : L 72 : T 89.8 sec
 - d_sub 1400 : OOB 0.2521 : L 73 : T 90.2 sec
 - d_sub 1400 : OOB 0.2509 : L 74 : T 92.4 sec
 - d_sub 1400 : OOB 0.2518 : L 75 : T 93.5 sec
 - d_sub 1400 : OOB 0.2506 : L 76 : T 93.9 sec
 - d_sub 1400 : OOB 0.2512 : L 77 : T 96.5 sec
 - d_sub 1400 : OOB 0.2528 : L 78 : T 96.9 sec
 - d_sub 1400 : OOB 0.2518 : L 79 : T 100.8 sec
 - d_sub 1400 : OOB 0.2548 : L 80 : T 101.1 sec
 - d_sub 1400 : OOB 0.2538 : L 81 : T 101.9 sec
 - d_sub 1400 : OOB 0.2544 : L 82 : T 102.3 sec
 - d_sub 1400 : OOB 0.2531 : L 83 : T 103.1 sec
 - d_sub 1400 : OOB 0.2518 : L 84 : T 104.3 sec
 - d_sub 1400 : OOB 0.2531 : L 85 : T 104.6 sec
 - d_sub 1400 : OOB 0.2518 : L 86 : T 106.3 sec
 - d_sub 1400 : OOB 0.2521 : L 87 : T 107.4 sec
 - d_sub 1400 : OOB 0.2525 : L 88 : T 107.8 sec
 - d_sub 1400 : OOB 0.2512 : L 89 : T 108.6 sec
 - d_sub 1400 : OOB 0.2523 : L 90 : T 110.5 sec

 - d_sub 1600 : OOB 0.4303 : L 1 : T 1.3 sec
 - d_sub 1600 : OOB 0.3835 : L 2 : T 3.2 sec
 - d_sub 1600 : OOB 0.3610 : L 3 : T 5.7 sec
 - d_sub 1600 : OOB 0.3441 : L 4 : T 7.3 sec
 - d_sub 1600 : OOB 0.3284 : L 5 : T 8.4 sec
 - d_sub 1600 : OOB 0.3211 : L 6 : T 10.4 sec
 - d_sub 1600 : OOB 0.3072 : L 7 : T 11.8 sec
 - d_sub 1600 : OOB 0.3103 : L 8 : T 14.1 sec
 - d_sub 1600 : OOB 0.3040 : L 9 : T 23.2 sec
 - d_sub 1600 : OOB 0.3004 : L 10 : T 25.6 sec
 - d_sub 1600 : OOB 0.2900 : L 11 : T 26.8 sec
 - d_sub 1600 : OOB 0.2897 : L 12 : T 29.0 sec
 - d_sub 1600 : OOB 0.2900 : L 13 : T 30.0 sec
 - d_sub 1600 : OOB 0.2814 : L 14 : T 31.2 sec
 - d_sub 1600 : OOB 0.2852 : L 15 : T 33.6 sec
 - d_sub 1600 : OOB 0.2795 : L 16 : T 35.5 sec
 - d_sub 1600 : OOB 0.2790 : L 17 : T 36.9 sec
 - d_sub 1600 : OOB 0.2784 : L 18 : T 38.2 sec
 - d_sub 1600 : OOB 0.2778 : L 19 : T 39.3 sec
 - d_sub 1600 : OOB 0.2746 : L 20 : T 41.3 sec
 - d_sub 1600 : OOB 0.2744 : L 21 : T 42.6 sec
 - d_sub 1600 : OOB 0.2749 : L 22 : T 43.4 sec
 - d_sub 1600 : OOB 0.2721 : L 23 : T 45.6 sec
 - d_sub 1600 : OOB 0.2712 : L 24 : T 47.0 sec
 - d_sub 1600 : OOB 0.2726 : L 25 : T 48.7 sec
 - d_sub 1600 : OOB 0.2715 : L 26 : T 49.2 sec
 - d_sub 1600 : OOB 0.2681 : L 27 : T 51.2 sec
 - d_sub 1600 : OOB 0.2673 : L 28 : T 52.5 sec
 - d_sub 1600 : OOB 0.2666 : L 29 : T 54.3 sec
 - d_sub 1600 : OOB 0.2670 : L 30 : T 55.6 sec
 - d_sub 1600 : OOB 0.2667 : L 31 : T 57.4 sec
 - d_sub 1600 : OOB 0.2644 : L 32 : T 58.5 sec
 - d_sub 1600 : OOB 0.2676 : L 33 : T 62.1 sec
 - d_sub 1600 : OOB 0.2626 : L 34 : T 63.2 sec
 - d_sub 1600 : OOB 0.2628 : L 35 : T 64.4 sec
 - d_sub 1600 : OOB 0.2627 : L 36 : T 66.2 sec
 - d_sub 1600 : OOB 0.2614 : L 37 : T 67.5 sec
 - d_sub 1600 : OOB 0.2615 : L 38 : T 69.4 sec
 - d_sub 1600 : OOB 0.2627 : L 39 : T 73.4 sec
 - d_sub 1600 : OOB 0.2598 : L 40 : T 74.7 sec
 - d_sub 1600 : OOB 0.2588 : L 41 : T 78.5 sec
 - d_sub 1600 : OOB 0.2607 : L 42 : T 80.3 sec
 - d_sub 1600 : OOB 0.2603 : L 43 : T 81.5 sec
 - d_sub 1600 : OOB 0.2608 : L 44 : T 86.7 sec
 - d_sub 1600 : OOB 0.2626 : L 45 : T 88.3 sec
 - d_sub 1600 : OOB 0.2595 : L 46 : T 92.0 sec
 - d_sub 1600 : OOB 0.2590 : L 47 : T 92.9 sec
 - d_sub 1600 : OOB 0.2585 : L 48 : T 93.8 sec
 - d_sub 1600 : OOB 0.2581 : L 49 : T 95.8 sec
 - d_sub 1600 : OOB 0.2561 : L 50 : T 97.7 sec
 - d_sub 1600 : OOB 0.2567 : L 51 : T 98.9 sec
 - d_sub 1600 : OOB 0.2567 : L 52 : T 99.8 sec
 - d_sub 1600 : OOB 0.2576 : L 53 : T 101.8 sec
 - d_sub 1600 : OOB 0.2589 : L 54 : T 103.5 sec
 - d_sub 1600 : OOB 0.2581 : L 55 : T 105.6 sec
 - d_sub 1600 : OOB 0.2575 : L 56 : T 106.9 sec
 - d_sub 1600 : OOB 0.2575 : L 57 : T 109.8 sec
 - d_sub 1600 : OOB 0.2570 : L 58 : T 111.2 sec
 - d_sub 1600 : OOB 0.2580 : L 59 : T 113.4 sec
 - d_sub 1600 : OOB 0.2569 : L 60 : T 113.9 sec
 - d_sub 1600 : OOB 0.2571 : L 61 : T 116.7 sec
 - d_sub 1600 : OOB 0.2590 : L 62 : T 118.6 sec
 - d_sub 1600 : OOB 0.2567 : L 63 : T 120.0 sec
 - d_sub 1600 : OOB 0.2588 : L 64 : T 122.1 sec
 - d_sub 1600 : OOB 0.2591 : L 65 : T 123.1 sec
 - d_sub 1600 : OOB 0.2574 : L 66 : T 124.0 sec
 - d_sub 1600 : OOB 0.2572 : L 67 : T 125.5 sec
 - d_sub 1600 : OOB 0.2596 : L 68 : T 126.7 sec
 - d_sub 1600 : OOB 0.2583 : L 69 : T 127.2 sec
 - d_sub 1600 : OOB 0.2578 : L 70 : T 129.1 sec
 - d_sub 1600 : OOB 0.2574 : L 71 : T 130.2 sec
 - d_sub 1600 : OOB 0.2577 : L 72 : T 132.9 sec
 - d_sub 1600 : OOB 0.2569 : L 73 : T 135.9 sec
 - d_sub 1600 : OOB 0.2574 : L 74 : T 139.2 sec
 - d_sub 1600 : OOB 0.2553 : L 75 : T 141.4 sec
 - d_sub 1600 : OOB 0.2566 : L 76 : T 143.1 sec
 - d_sub 1600 : OOB 0.2549 : L 77 : T 145.4 sec
 - d_sub 1600 : OOB 0.2547 : L 78 : T 148.9 sec
 - d_sub 1600 : OOB 0.2547 : L 79 : T 150.0 sec
 - d_sub 1600 : OOB 0.2565 : L 80 : T 152.5 sec
 - d_sub 1600 : OOB 0.2561 : L 81 : T 154.1 sec
 - d_sub 1600 : OOB 0.2554 : L 82 : T 157.5 sec
 - d_sub 1600 : OOB 0.2563 : L 83 : T 159.3 sec
 - d_sub 1600 : OOB 0.2571 : L 84 : T 162.3 sec
 - d_sub 1600 : OOB 0.2558 : L 85 : T 164.5 sec
 - d_sub 1600 : OOB 0.2558 : L 86 : T 168.1 sec
 - d_sub 1600 : OOB 0.2550 : L 87 : T 171.9 sec
 - d_sub 1600 : OOB 0.2558 : L 88 : T 172.9 sec
 - d_sub 1600 : OOB 0.2546 : L 89 : T 173.9 sec
 - d_sub 1600 : OOB 0.2546 : L 90 : T 175.8 sec
 - d_sub 1600 : OOB 0.2535 : L 91 : T 180.7 sec
 - d_sub 1600 : OOB 0.2548 : L 92 : T 181.2 sec
 - d_sub 1600 : OOB 0.2542 : L 93 : T 181.7 sec
 - d_sub 1600 : OOB 0.2534 : L 94 : T 182.8 sec
 - d_sub 1600 : OOB 0.2539 : L 95 : T 183.5 sec
# -------------------------
optimal d_sub 1400 : OOB 0.2523 : L 90 : T 513.0 sec
Testing error: 0.2460
# -------------------------
# Ensemble classification
#  - Training samples: 10000 (5000/5000)
#  - Feature-space dimensionality: 24157
#  - L : automatic (min 25, max 500, length 50, eps 0.00500)
#  - d_sub : 300
#  - Seed 1 (subspaces) : 635258694
#  - Seed 2 (bootstrap) : 324426899
# -------------------------

 - d_sub 300 : OOB 0.4330 : L 1 : T 0.0 sec
 - d_sub 300 : OOB 0.3914 : L 2 : T 0.1 sec
 - d_sub 300 : OOB 0.3708 : L 3 : T 0.1 sec
 - d_sub 300 : OOB 0.3561 : L 4 : T 0.2 sec
 - d_sub 300 : OOB 0.3406 : L 5 : T 0.2 sec
 - d_sub 300 : OOB 0.3345 : L 6 : T 0.3 sec
 - d_sub 300 : OOB 0.3231 : L 7 : T 0.3 sec
 - d_sub 300 : OOB 0.3156 : L 8 : T 0.3 sec
 - d_sub 300 : OOB 0.3143 : L 9 : T 0.4 sec
 - d_sub 300 : OOB 0.3121 : L 10 : T 0.4 sec
 - d_sub 300 : OOB 0.3102 : L 11 : T 0.5 sec
 - d_sub 300 : OOB 0.3068 : L 12 : T 0.5 sec
 - d_sub 300 : OOB 0.3050 : L 13 : T 0.6 sec
 - d_sub 300 : OOB 0.3039 : L 14 : T 0.6 sec
 - d_sub 300 : OOB 0.3052 : L 15 : T 0.6 sec
 - d_sub 300 : OOB 0.3045 : L 16 : T 0.7 sec
 - d_sub 300 : OOB 0.3042 : L 17 : T 0.7 sec
 - d_sub 300 : OOB 0.3041 : L 18 : T 0.8 sec
 - d_sub 300 : OOB 0.3011 : L 19 : T 0.8 sec
 - d_sub 300 : OOB 0.2999 : L 20 : T 0.9 sec
 - d_sub 300 : OOB 0.2976 : L 21 : T 0.9 sec
 - d_sub 300 : OOB 0.2944 : L 22 : T 1.0 sec
 - d_sub 300 : OOB 0.2965 : L 23 : T 1.0 sec
 - d_sub 300 : OOB 0.2945 : L 24 : T 1.0 sec
 - d_sub 300 : OOB 0.2943 : L 25 : T 1.1 sec
 - d_sub 300 : OOB 0.2970 : L 26 : T 1.1 sec
 - d_sub 300 : OOB 0.2942 : L 27 : T 1.2 sec
 - d_sub 300 : OOB 0.2947 : L 28 : T 1.2 sec
 - d_sub 300 : OOB 0.2952 : L 29 : T 1.3 sec
 - d_sub 300 : OOB 0.2935 : L 30 : T 1.3 sec
 - d_sub 300 : OOB 0.2922 : L 31 : T 1.4 sec
 - d_sub 300 : OOB 0.2910 : L 32 : T 1.4 sec
 - d_sub 300 : OOB 0.2919 : L 33 : T 1.4 sec
 - d_sub 300 : OOB 0.2902 : L 34 : T 1.5 sec
 - d_sub 300 : OOB 0.2926 : L 35 : T 1.5 sec
 - d_sub 300 : OOB 0.2912 : L 36 : T 1.6 sec
 - d_sub 300 : OOB 0.2897 : L 37 : T 1.6 sec
 - d_sub 300 : OOB 0.2904 : L 38 : T 1.7 sec
 - d_sub 300 : OOB 0.2898 : L 39 : T 1.7 sec
 - d_sub 300 : OOB 0.2908 : L 40 : T 1.8 sec
 - d_sub 300 : OOB 0.2883 : L 41 : T 1.8 sec
 - d_sub 300 : OOB 0.2908 : L 42 : T 1.8 sec
 - d_sub 300 : OOB 0.2905 : L 43 : T 1.9 sec
 - d_sub 300 : OOB 0.2901 : L 44 : T 1.9 sec
 - d_sub 300 : OOB 0.2897 : L 45 : T 2.0 sec
 - d_sub 300 : OOB 0.2883 : L 46 : T 2.0 sec
 - d_sub 300 : OOB 0.2882 : L 47 : T 2.0 sec
 - d_sub 300 : OOB 0.2886 : L 48 : T 2.1 sec
 - d_sub 300 : OOB 0.2875 : L 49 : T 2.1 sec
 - d_sub 300 : OOB 0.2894 : L 50 : T 2.2 sec
 - d_sub 300 : OOB 0.2877 : L 51 : T 2.2 sec
 - d_sub 300 : OOB 0.2889 : L 52 : T 2.3 sec
 - d_sub 300 : OOB 0.2891 : L 53 : T 2.3 sec
 - d_sub 300 : OOB 0.2880 : L 54 : T 2.3 sec
 - d_sub 300 : OOB 0.2880 : L 55 : T 2.4 sec
 - d_sub 300 : OOB 0.2888 : L 56 : T 2.4 sec
 - d_sub 300 : OOB 0.2879 : L 57 : T 2.5 sec
 - d_sub 300 : OOB 0.2891 : L 58 : T 2.5 sec
 - d_sub 300 : OOB 0.2896 : L 59 : T 2.6 sec
 - d_sub 300 : OOB 0.2880 : L 60 : T 2.6 sec
 - d_sub 300 : OOB 0.2882 : L 61 : T 2.7 sec
 - d_sub 300 : OOB 0.2887 : L 62 : T 2.7 sec
 - d_sub 300 : OOB 0.2877 : L 63 : T 2.8 sec
 - d_sub 300 : OOB 0.2876 : L 64 : T 2.8 sec
 - d_sub 300 : OOB 0.2861 : L 65 : T 2.9 sec
 - d_sub 300 : OOB 0.2879 : L 66 : T 2.9 sec
 - d_sub 300 : OOB 0.2874 : L 67 : T 2.9 sec
 - d_sub 300 : OOB 0.2874 : L 68 : T 3.0 sec
 - d_sub 300 : OOB 0.2876 : L 69 : T 3.0 sec
 - d_sub 300 : OOB 0.2875 : L 70 : T 3.1 sec
 - d_sub 300 : OOB 0.2870 : L 71 : T 3.1 sec
 - d_sub 300 : OOB 0.2867 : L 72 : T 3.1 sec
 - d_sub 300 : OOB 0.2862 : L 73 : T 3.2 sec
 - d_sub 300 : OOB 0.2858 : L 74 : T 3.2 sec
 - d_sub 300 : OOB 0.2868 : L 75 : T 3.3 sec
 - d_sub 300 : OOB 0.2863 : L 76 : T 3.3 sec
 - d_sub 300 : OOB 0.2861 : L 77 : T 3.4 sec
 - d_sub 300 : OOB 0.2858 : L 78 : T 3.4 sec
 - d_sub 300 : OOB 0.2870 : L 79 : T 3.5 sec
 - d_sub 300 : OOB 0.2860 : L 80 : T 3.5 sec
 - d_sub 300 : OOB 0.2856 : L 81 : T 3.5 sec
 - d_sub 300 : OOB 0.2875 : L 82 : T 3.6 sec
 - d_sub 300 : OOB 0.2869 : L 83 : T 3.6 sec
# -------------------------
optimal d_sub 300 : OOB 0.2869 : L 83 : T 3.6 sec
# -------------------------
# Ensemble classification
#  - Training samples: 10000 (5000/5000)
#  - Feature-space dimensionality: 24157
#  - L : 30
#  - d_sub : 300
#  - Seed 1 (subspaces) : 217215897
#  - Seed 2 (bootstrap) : 773813266
# -------------------------

 - d_sub 300 : OOB 0.4340 : L 1 : T 0.0 sec
 - d_sub 300 : OOB 0.3882 : L 2 : T 0.1 sec
 - d_sub 300 : OOB 0.3688 : L 3 : T 0.1 sec
 - d_sub 300 : OOB 0.3564 : L 4 : T 0.2 sec
 - d_sub 300 : OOB 0.3434 : L 5 : T 0.2 sec
 - d_sub 300 : OOB 0.3379 : L 6 : T 0.3 sec
 - d_sub 300 : OOB 0.3252 : L 7 : T 0.3 sec
 - d_sub 300 : OOB 0.3268 : L 8 : T 0.3 sec
 - d_sub 300 : OOB 0.3162 : L 9 : T 0.4 sec
 - d_sub 300 : OOB 0.3144 : L 10 : T 0.4 sec
 - d_sub 300 : OOB 0.3146 : L 11 : T 0.5 sec
 - d_sub 300 : OOB 0.3132 : L 12 : T 0.5 sec
 - d_sub 300 : OOB 0.3117 : L 13 : T 0.6 sec
 - d_sub 300 : OOB 0.3129 : L 14 : T 0.6 sec
 - d_sub 300 : OOB 0.3112 : L 15 : T 0.6 sec
 - d_sub 300 : OOB 0.3059 : L 16 : T 0.7 sec
 - d_sub 300 : OOB 0.3054 : L 17 : T 0.7 sec
 - d_sub 300 : OOB 0.3052 : L 18 : T 0.8 sec
 - d_sub 300 : OOB 0.3036 : L 19 : T 0.8 sec
 - d_sub 300 : OOB 0.3036 : L 20 : T 0.8 sec
 - d_sub 300 : OOB 0.3038 : L 21 : T 0.9 sec
 - d_sub 300 : OOB 0.3032 : L 22 : T 0.9 sec
 - d_sub 300 : OOB 0.3021 : L 23 : T 1.0 sec
 - d_sub 300 : OOB 0.3027 : L 24 : T 1.0 sec
 - d_sub 300 : OOB 0.3009 : L 25 : T 1.1 sec
 - d_sub 300 : OOB 0.2986 : L 26 : T 1.1 sec
 - d_sub 300 : OOB 0.2991 : L 27 : T 1.1 sec
 - d_sub 300 : OOB 0.2976 : L 28 : T 1.2 sec
 - d_sub 300 : OOB 0.2971 : L 29 : T 1.2 sec
 - d_sub 300 : OOB 0.2973 : L 30 : T 1.3 sec
# -------------------------
optimal d_sub 300 : OOB 0.2973 : L 30 : T 1.3 sec
# -------------------------
# Ensemble classification
#  - Training samples: 10000 (5000/5000)
#  - Feature-space dimensionality: 24157
#  - L : 30
#  - d_sub : 300
#  - Seed 1 (subspaces) : 269437285
#  - Seed 2 (bootstrap) : 980176572
# -------------------------

 - d_sub 300 : OOB 0.4351 : L 1 : T 0.0 sec
 - d_sub 300 : OOB 0.3951 : L 2 : T 0.1 sec
 - d_sub 300 : OOB 0.3727 : L 3 : T 0.1 sec
 - d_sub 300 : OOB 0.3526 : L 4 : T 0.2 sec
 - d_sub 300 : OOB 0.3405 : L 5 : T 0.2 sec
 - d_sub 300 : OOB 0.3335 : L 6 : T 0.3 sec
 - d_sub 300 : OOB 0.3228 : L 7 : T 0.3 sec
 - d_sub 300 : OOB 0.3228 : L 8 : T 0.3 sec
 - d_sub 300 : OOB 0.3140 : L 9 : T 0.4 sec
 - d_sub 300 : OOB 0.3120 : L 10 : T 0.4 sec
 - d_sub 300 : OOB 0.3127 : L 11 : T 0.5 sec
 - d_sub 300 : OOB 0.3098 : L 12 : T 0.5 sec
 - d_sub 300 : OOB 0.3055 : L 13 : T 0.6 sec
 - d_sub 300 : OOB 0.3031 : L 14 : T 0.6 sec
 - d_sub 300 : OOB 0.3047 : L 15 : T 0.6 sec
 - d_sub 300 : OOB 0.3012 : L 16 : T 0.7 sec
 - d_sub 300 : OOB 0.3004 : L 17 : T 0.7 sec
 - d_sub 300 : OOB 0.3010 : L 18 : T 0.8 sec
 - d_sub 300 : OOB 0.2998 : L 19 : T 0.8 sec
 - d_sub 300 : OOB 0.2973 : L 20 : T 0.9 sec
 - d_sub 300 : OOB 0.2989 : L 21 : T 0.9 sec
 - d_sub 300 : OOB 0.2975 : L 22 : T 0.9 sec
 - d_sub 300 : OOB 0.2981 : L 23 : T 1.0 sec
 - d_sub 300 : OOB 0.2955 : L 24 : T 1.0 sec
 - d_sub 300 : OOB 0.2970 : L 25 : T 1.1 sec
 - d_sub 300 : OOB 0.2967 : L 26 : T 1.1 sec
 - d_sub 300 : OOB 0.2970 : L 27 : T 1.2 sec
 - d_sub 300 : OOB 0.2974 : L 28 : T 1.2 sec
 - d_sub 300 : OOB 0.2949 : L 29 : T 1.2 sec
 - d_sub 300 : OOB 0.2950 : L 30 : T 1.3 sec
# -------------------------
optimal d_sub 300 : OOB 0.2950 : L 30 : T 1.3 sec
# -------------------------
# Ensemble classification
#  - Training samples: 10000 (5000/5000)
#  - Feature-space dimensionality: 24157
#  - L : 30
#  - d_sub : 300
#  - Seed 1 (subspaces) : 487543181
#  - Seed 2 (bootstrap) : 847147417
# -------------------------

 - d_sub 300 : OOB 0.4343 : L 1 : T 0.0 sec
 - d_sub 300 : OOB 0.3940 : L 2 : T 0.1 sec
 - d_sub 300 : OOB 0.3726 : L 3 : T 0.1 sec
 - d_sub 300 : OOB 0.3572 : L 4 : T 0.2 sec
 - d_sub 300 : OOB 0.3409 : L 5 : T 0.2 sec
 - d_sub 300 : OOB 0.3383 : L 6 : T 0.3 sec
 - d_sub 300 : OOB 0.3258 : L 7 : T 0.3 sec
 - d_sub 300 : OOB 0.3242 : L 8 : T 0.4 sec
 - d_sub 300 : OOB 0.3180 : L 9 : T 0.4 sec
 - d_sub 300 : OOB 0.3161 : L 10 : T 0.4 sec
 - d_sub 300 : OOB 0.3116 : L 11 : T 0.5 sec
 - d_sub 300 : OOB 0.3050 : L 12 : T 0.5 sec
 - d_sub 300 : OOB 0.3052 : L 13 : T 0.6 sec
 - d_sub 300 : OOB 0.3018 : L 14 : T 0.6 sec
 - d_sub 300 : OOB 0.3017 : L 15 : T 0.7 sec
 - d_sub 300 : OOB 0.3001 : L 16 : T 0.7 sec
 - d_sub 300 : OOB 0.2993 : L 17 : T 0.8 sec
 - d_sub 300 : OOB 0.2997 : L 18 : T 0.8 sec
 - d_sub 300 : OOB 0.2990 : L 19 : T 0.9 sec
 - d_sub 300 : OOB 0.2963 : L 20 : T 0.9 sec
 - d_sub 300 : OOB 0.2965 : L 21 : T 0.9 sec
 - d_sub 300 : OOB 0.2958 : L 22 : T 1.0 sec
 - d_sub 300 : OOB 0.2949 : L 23 : T 1.0 sec
 - d_sub 300 : OOB 0.2959 : L 24 : T 1.1 sec
 - d_sub 300 : OOB 0.2943 : L 25 : T 1.1 sec
 - d_sub 300 : OOB 0.2957 : L 26 : T 1.2 sec
 - d_sub 300 : OOB 0.2963 : L 27 : T 1.2 sec
 - d_sub 300 : OOB 0.2957 : L 28 : T 1.3 sec
 - d_sub 300 : OOB 0.2984 : L 29 : T 1.3 sec
 - d_sub 300 : OOB 0.2970 : L 30 : T 1.3 sec
# -------------------------
optimal d_sub 300 : OOB 0.2970 : L 30 : T 1.3 sec
# -------------------------
# Ensemble classification
#  - Training samples: 10000 (5000/5000)
#  - Feature-space dimensionality: 24157
#  - L : 30
#  - d_sub : 300
#  - Seed 1 (subspaces) : 278512459
#  - Seed 2 (bootstrap) : 402716186
# -------------------------

 - d_sub 300 : OOB 0.4311 : L 1 : T 0.0 sec
 - d_sub 300 : OOB 0.3934 : L 2 : T 0.1 sec
 - d_sub 300 : OOB 0.3732 : L 3 : T 0.1 sec
 - d_sub 300 : OOB 0.3534 : L 4 : T 0.2 sec
 - d_sub 300 : OOB 0.3387 : L 5 : T 0.2 sec
 - d_sub 300 : OOB 0.3341 : L 6 : T 0.3 sec
 - d_sub 300 : OOB 0.3266 : L 7 : T 0.3 sec
 - d_sub 300 : OOB 0.3238 : L 8 : T 0.3 sec
 - d_sub 300 : OOB 0.3159 : L 9 : T 0.4 sec
 - d_sub 300 : OOB 0.3156 : L 10 : T 0.4 sec
 - d_sub 300 : OOB 0.3152 : L 11 : T 0.5 sec
 - d_sub 300 : OOB 0.3110 : L 12 : T 0.5 sec
 - d_sub 300 : OOB 0.3082 : L 13 : T 0.6 sec
 - d_sub 300 : OOB 0.3080 : L 14 : T 0.6 sec
 - d_sub 300 : OOB 0.3097 : L 15 : T 0.7 sec
 - d_sub 300 : OOB 0.3051 : L 16 : T 0.7 sec
 - d_sub 300 : OOB 0.3029 : L 17 : T 0.7 sec
 - d_sub 300 : OOB 0.3058 : L 18 : T 0.8 sec
 - d_sub 300 : OOB 0.3005 : L 19 : T 0.8 sec
 - d_sub 300 : OOB 0.3003 : L 20 : T 0.9 sec
 - d_sub 300 : OOB 0.3001 : L 21 : T 0.9 sec
 - d_sub 300 : OOB 0.2965 : L 22 : T 1.0 sec
 - d_sub 300 : OOB 0.2996 : L 23 : T 1.0 sec
 - d_sub 300 : OOB 0.2982 : L 24 : T 1.0 sec
 - d_sub 300 : OOB 0.2981 : L 25 : T 1.1 sec
 - d_sub 300 : OOB 0.2984 : L 26 : T 1.1 sec
 - d_sub 300 : OOB 0.2954 : L 27 : T 1.2 sec
 - d_sub 300 : OOB 0.2953 : L 28 : T 1.2 sec
 - d_sub 300 : OOB 0.2971 : L 29 : T 1.3 sec
 - d_sub 300 : OOB 0.2932 : L 30 : T 1.3 sec
# -------------------------
optimal d_sub 300 : OOB 0.2932 : L 30 : T 1.3 sec
# -------------------------
# Ensemble classification
#  - Training samples: 10000 (5000/5000)
#  - Feature-space dimensionality: 24157
#  - L : 30
#  - d_sub : 300
#  - Seed 1 (subspaces) : 542719771
#  - Seed 2 (bootstrap) : 630018715
# -------------------------

 - d_sub 300 : OOB 0.4325 : L 1 : T 0.0 sec
 - d_sub 300 : OOB 0.3910 : L 2 : T 0.1 sec
 - d_sub 300 : OOB 0.3743 : L 3 : T 0.1 sec
 - d_sub 300 : OOB 0.3521 : L 4 : T 0.2 sec
 - d_sub 300 : OOB 0.3418 : L 5 : T 0.2 sec
 - d_sub 300 : OOB 0.3341 : L 6 : T 0.3 sec
 - d_sub 300 : OOB 0.3237 : L 7 : T 0.3 sec
 - d_sub 300 : OOB 0.3205 : L 8 : T 0.3 sec
 - d_sub 300 : OOB 0.3179 : L 9 : T 0.4 sec
 - d_sub 300 : OOB 0.3144 : L 10 : T 0.4 sec
 - d_sub 300 : OOB 0.3091 : L 11 : T 0.5 sec
 - d_sub 300 : OOB 0.3096 : L 12 : T 0.5 sec
 - d_sub 300 : OOB 0.3053 : L 13 : T 0.6 sec
 - d_sub 300 : OOB 0.3077 : L 14 : T 0.6 sec
 - d_sub 300 : OOB 0.3052 : L 15 : T 0.6 sec
 - d_sub 300 : OOB 0.3058 : L 16 : T 0.7 sec
 - d_sub 300 : OOB 0.3046 : L 17 : T 0.7 sec
 - d_sub 300 : OOB 0.3038 : L 18 : T 0.8 sec
 - d_sub 300 : OOB 0.3030 : L 19 : T 0.8 sec
 - d_sub 300 : OOB 0.3010 : L 20 : T 0.9 sec
 - d_sub 300 : OOB 0.2979 : L 21 : T 0.9 sec
 - d_sub 300 : OOB 0.2990 : L 22 : T 1.0 sec
 - d_sub 300 : OOB 0.2975 : L 23 : T 1.0 sec
 - d_sub 300 : OOB 0.2977 : L 24 : T 1.1 sec
 - d_sub 300 : OOB 0.2954 : L 25 : T 1.1 sec
 - d_sub 300 : OOB 0.2975 : L 26 : T 1.1 sec
 - d_sub 300 : OOB 0.2968 : L 27 : T 1.2 sec
 - d_sub 300 : OOB 0.2984 : L 28 : T 1.2 sec
 - d_sub 300 : OOB 0.2969 : L 29 : T 1.3 sec
 - d_sub 300 : OOB 0.2971 : L 30 : T 1.3 sec
# -------------------------
optimal d_sub 300 : OOB 0.2971 : L 30 : T 1.3 sec
# -------------------------
# Ensemble classification
#  - Training samples: 10000 (5000/5000)
#  - Feature-space dimensionality: 24157
#  - L : 30
#  - d_sub : 300
#  - Seed 1 (subspaces) : 611779790
#  - Seed 2 (bootstrap) : 489462123
# -------------------------

 - d_sub 300 : OOB 0.4311 : L 1 : T 0.0 sec
 - d_sub 300 : OOB 0.3909 : L 2 : T 0.1 sec
 - d_sub 300 : OOB 0.3673 : L 3 : T 0.1 sec
 - d_sub 300 : OOB 0.3536 : L 4 : T 0.2 sec
 - d_sub 300 : OOB 0.3410 : L 5 : T 0.2 sec
 - d_sub 300 : OOB 0.3367 : L 6 : T 0.3 sec
 - d_sub 300 : OOB 0.3264 : L 7 : T 0.3 sec
 - d_sub 300 : OOB 0.3240 : L 8 : T 0.3 sec
 - d_sub 300 : OOB 0.3134 : L 9 : T 0.4 sec
 - d_sub 300 : OOB 0.3119 : L 10 : T 0.4 sec
 - d_sub 300 : OOB 0.3112 : L 11 : T 0.5 sec
 - d_sub 300 : OOB 0.3069 : L 12 : T 0.5 sec
 - d_sub 300 : OOB 0.3066 : L 13 : T 0.6 sec
 - d_sub 300 : OOB 0.3029 : L 14 : T 0.6 sec
 - d_sub 300 : OOB 0.3020 : L 15 : T 0.7 sec
 - d_sub 300 : OOB 0.3002 : L 16 : T 0.7 sec
 - d_sub 300 : OOB 0.3011 : L 17 : T 0.7 sec
 - d_sub 300 : OOB 0.2990 : L 18 : T 0.8 sec
 - d_sub 300 : OOB 0.2997 : L 19 : T 0.8 sec
 - d_sub 300 : OOB 0.2980 : L 20 : T 0.9 sec
 - d_sub 300 : OOB 0.2978 : L 21 : T 0.9 sec
 - d_sub 300 : OOB 0.2947 : L 22 : T 1.0 sec
 - d_sub 300 : OOB 0.2938 : L 23 : T 1.0 sec
 - d_sub 300 : OOB 0.2938 : L 24 : T 1.1 sec
 - d_sub 300 : OOB 0.2942 : L 25 : T 1.1 sec
 - d_sub 300 : OOB 0.2933 : L 26 : T 1.1 sec
 - d_sub 300 : OOB 0.2940 : L 27 : T 1.2 sec
 - d_sub 300 : OOB 0.2906 : L 28 : T 1.2 sec
 - d_sub 300 : OOB 0.2913 : L 29 : T 1.3 sec
 - d_sub 300 : OOB 0.2926 : L 30 : T 1.3 sec
# -------------------------
optimal d_sub 300 : OOB 0.2926 : L 30 : T 1.3 sec
# -------------------------
# Ensemble classification
#  - Training samples: 10000 (5000/5000)
#  - Feature-space dimensionality: 24157
#  - L : 30
#  - d_sub : 300
#  - Seed 1 (subspaces) : 442783008
#  - Seed 2 (bootstrap) : 11055518
# -------------------------

 - d_sub 300 : OOB 0.4330 : L 1 : T 0.0 sec
 - d_sub 300 : OOB 0.3911 : L 2 : T 0.1 sec
 - d_sub 300 : OOB 0.3707 : L 3 : T 0.1 sec
 - d_sub 300 : OOB 0.3545 : L 4 : T 0.2 sec
 - d_sub 300 : OOB 0.3401 : L 5 : T 0.2 sec
 - d_sub 300 : OOB 0.3344 : L 6 : T 0.3 sec
 - d_sub 300 : OOB 0.3252 : L 7 : T 0.3 sec
 - d_sub 300 : OOB 0.3204 : L 8 : T 0.4 sec
 - d_sub 300 : OOB 0.3143 : L 9 : T 0.4 sec
 - d_sub 300 : OOB 0.3135 : L 10 : T 0.5 sec
 - d_sub 300 : OOB 0.3127 : L 11 : T 0.5 sec
 - d_sub 300 : OOB 0.3100 : L 12 : T 0.5 sec
 - d_sub 300 : OOB 0.3065 : L 13 : T 0.6 sec
 - d_sub 300 : OOB 0.3066 : L 14 : T 0.6 sec
 - d_sub 300 : OOB 0.3094 : L 15 : T 0.7 sec
 - d_sub 300 : OOB 0.3064 : L 16 : T 0.7 sec
 - d_sub 300 : OOB 0.3041 : L 17 : T 0.8 sec
 - d_sub 300 : OOB 0.3062 : L 18 : T 0.8 sec
 - d_sub 300 : OOB 0.3039 : L 19 : T 0.9 sec
 - d_sub 300 : OOB 0.3033 : L 20 : T 0.9 sec
 - d_sub 300 : OOB 0.3061 : L 21 : T 0.9 sec
 - d_sub 300 : OOB 0.3048 : L 22 : T 1.0 sec
 - d_sub 300 : OOB 0.3048 : L 23 : T 1.0 sec
 - d_sub 300 : OOB 0.3033 : L 24 : T 1.1 sec
 - d_sub 300 : OOB 0.3017 : L 25 : T 1.1 sec
 - d_sub 300 : OOB 0.3018 : L 26 : T 1.2 sec
 - d_sub 300 : OOB 0.3015 : L 27 : T 1.2 sec
 - d_sub 300 : OOB 0.3016 : L 28 : T 1.3 sec
 - d_sub 300 : OOB 0.2990 : L 29 : T 1.3 sec
 - d_sub 300 : OOB 0.2996 : L 30 : T 1.4 sec
# -------------------------
optimal d_sub 300 : OOB 0.2996 : L 30 : T 1.4 sec
# -------------------------
# Ensemble classification
#  - Training samples: 10000 (5000/5000)
#  - Feature-space dimensionality: 24157
#  - L : 30
#  - d_sub : 300
#  - Seed 1 (subspaces) : 183143207
#  - Seed 2 (bootstrap) : 12317453
# -------------------------

 - d_sub 300 : OOB 0.4333 : L 1 : T 0.0 sec
 - d_sub 300 : OOB 0.3959 : L 2 : T 0.1 sec
 - d_sub 300 : OOB 0.3747 : L 3 : T 0.1 sec
 - d_sub 300 : OOB 0.3556 : L 4 : T 0.2 sec
 - d_sub 300 : OOB 0.3414 : L 5 : T 0.2 sec
 - d_sub 300 : OOB 0.3388 : L 6 : T 0.3 sec
 - d_sub 300 : OOB 0.3286 : L 7 : T 0.3 sec
 - d_sub 300 : OOB 0.3258 : L 8 : T 0.3 sec
 - d_sub 300 : OOB 0.3150 : L 9 : T 0.4 sec
 - d_sub 300 : OOB 0.3168 : L 10 : T 0.4 sec
 - d_sub 300 : OOB 0.3153 : L 11 : T 0.5 sec
 - d_sub 300 : OOB 0.3109 : L 12 : T 0.5 sec
 - d_sub 300 : OOB 0.3063 : L 13 : T 0.6 sec
 - d_sub 300 : OOB 0.3033 : L 14 : T 0.6 sec
 - d_sub 300 : OOB 0.3043 : L 15 : T 0.7 sec
 - d_sub 300 : OOB 0.3034 : L 16 : T 0.7 sec
 - d_sub 300 : OOB 0.3013 : L 17 : T 0.7 sec
 - d_sub 300 : OOB 0.2986 : L 18 : T 0.8 sec
 - d_sub 300 : OOB 0.2957 : L 19 : T 0.8 sec
 - d_sub 300 : OOB 0.2965 : L 20 : T 0.9 sec
 - d_sub 300 : OOB 0.2955 : L 21 : T 0.9 sec
 - d_sub 300 : OOB 0.2945 : L 22 : T 0.9 sec
 - d_sub 300 : OOB 0.2957 : L 23 : T 1.0 sec
 - d_sub 300 : OOB 0.2933 : L 24 : T 1.1 sec
 - d_sub 300 : OOB 0.2922 : L 25 : T 1.1 sec
 - d_sub 300 : OOB 0.2929 : L 26 : T 1.2 sec
 - d_sub 300 : OOB 0.2919 : L 27 : T 1.2 sec
 - d_sub 300 : OOB 0.2921 : L 28 : T 1.2 sec
 - d_sub 300 : OOB 0.2942 : L 29 : T 1.3 sec
 - d_sub 300 : OOB 0.2953 : L 30 : T 1.3 sec
# -------------------------
optimal d_sub 300 : OOB 0.2953 : L 30 : T 1.3 sec
# -------------------------
# Ensemble classification
#  - Training samples: 10000 (5000/5000)
#  - Feature-space dimensionality: 24157
#  - L : 30
#  - d_sub : 300
#  - Seed 1 (subspaces) : 155689250
#  - Seed 2 (bootstrap) : 102619400
# -------------------------

 - d_sub 300 : OOB 0.4346 : L 1 : T 0.0 sec
 - d_sub 300 : OOB 0.3945 : L 2 : T 0.1 sec
 - d_sub 300 : OOB 0.3740 : L 3 : T 0.1 sec
 - d_sub 300 : OOB 0.3542 : L 4 : T 0.2 sec
 - d_sub 300 : OOB 0.3390 : L 5 : T 0.2 sec
 - d_sub 300 : OOB 0.3328 : L 6 : T 0.2 sec
 - d_sub 300 : OOB 0.3222 : L 7 : T 0.3 sec
 - d_sub 300 : OOB 0.3242 : L 8 : T 0.3 sec
 - d_sub 300 : OOB 0.3129 : L 9 : T 0.4 sec
 - d_sub 300 : OOB 0.3124 : L 10 : T 0.4 sec
 - d_sub 300 : OOB 0.3098 : L 11 : T 0.5 sec
 - d_sub 300 : OOB 0.3109 : L 12 : T 0.5 sec
 - d_sub 300 : OOB 0.3082 : L 13 : T 0.5 sec
 - d_sub 300 : OOB 0.3068 : L 14 : T 0.6 sec
 - d_sub 300 : OOB 0.3073 : L 15 : T 0.6 sec
 - d_sub 300 : OOB 0.3039 : L 16 : T 0.7 sec
 - d_sub 300 : OOB 0.3015 : L 17 : T 0.7 sec
 - d_sub 300 : OOB 0.3038 : L 18 : T 0.8 sec
 - d_sub 300 : OOB 0.3013 : L 19 : T 0.8 sec
 - d_sub 300 : OOB 0.3021 : L 20 : T 0.8 sec
 - d_sub 300 : OOB 0.3008 : L 21 : T 0.9 sec
 - d_sub 300 : OOB 0.3010 : L 22 : T 0.9 sec
 - d_sub 300 : OOB 0.2969 : L 23 : T 1.0 sec
 - d_sub 300 : OOB 0.2992 : L 24 : T 1.0 sec
 - d_sub 300 : OOB 0.2980 : L 25 : T 1.1 sec
 - d_sub 300 : OOB 0.2974 : L 26 : T 1.1 sec
 - d_sub 300 : OOB 0.2973 : L 27 : T 1.1 sec
 - d_sub 300 : OOB 0.2960 : L 28 : T 1.2 sec
 - d_sub 300 : OOB 0.2951 : L 29 : T 1.2 sec
 - d_sub 300 : OOB 0.2936 : L 30 : T 1.3 sec
# -------------------------
optimal d_sub 300 : OOB 0.2936 : L 30 : T 1.3 sec
# -------------------------
# Ensemble classification
#  - Training samples: 10000 (5000/5000)
#  - Feature-space dimensionality: 24157
#  - L : 30
#  - d_sub : 300
#  - Seed 1 (subspaces) : 607571633
#  - Seed 2 (bootstrap) : 213349088
# -------------------------

 - d_sub 300 : OOB 0.4310 : L 1 : T 0.0 sec
 - d_sub 300 : OOB 0.3871 : L 2 : T 0.1 sec
 - d_sub 300 : OOB 0.3709 : L 3 : T 0.1 sec
 - d_sub 300 : OOB 0.3529 : L 4 : T 0.2 sec
 - d_sub 300 : OOB 0.3393 : L 5 : T 0.2 sec
 - d_sub 300 : OOB 0.3350 : L 6 : T 0.3 sec
 - d_sub 300 : OOB 0.3229 : L 7 : T 0.3 sec
 - d_sub 300 : OOB 0.3197 : L 8 : T 0.3 sec
 - d_sub 300 : OOB 0.3145 : L 9 : T 0.4 sec
 - d_sub 300 : OOB 0.3095 : L 10 : T 0.4 sec
 - d_sub 300 : OOB 0.3062 : L 11 : T 0.5 sec
 - d_sub 300 : OOB 0.3027 : L 12 : T 0.5 sec
 - d_sub 300 : OOB 0.3048 : L 13 : T 0.6 sec
 - d_sub 300 : OOB 0.3028 : L 14 : T 0.6 sec
 - d_sub 300 : OOB 0.3021 : L 15 : T 0.6 sec
 - d_sub 300 : OOB 0.3030 : L 16 : T 0.7 sec
 - d_sub 300 : OOB 0.3013 : L 17 : T 0.7 sec
 - d_sub 300 : OOB 0.3040 : L 18 : T 0.8 sec
 - d_sub 300 : OOB 0.3013 : L 19 : T 0.8 sec
 - d_sub 300 : OOB 0.2999 : L 20 : T 0.9 sec
 - d_sub 300 : OOB 0.3004 : L 21 : T 0.9 sec
 - d_sub 300 : OOB 0.3008 : L 22 : T 0.9 sec
 - d_sub 300 : OOB 0.3002 : L 23 : T 1.0 sec
 - d_sub 300 : OOB 0.2968 : L 24 : T 1.0 sec
 - d_sub 300 : OOB 0.2972 : L 25 : T 1.1 sec
 - d_sub 300 : OOB 0.2953 : L 26 : T 1.1 sec
 - d_sub 300 : OOB 0.2957 : L 27 : T 1.2 sec
 - d_sub 300 : OOB 0.2940 : L 28 : T 1.2 sec
 - d_sub 300 : OOB 0.2951 : L 29 : T 1.3 sec
 - d_sub 300 : OOB 0.2955 : L 30 : T 1.3 sec
# -------------------------
optimal d_sub 300 : OOB 0.2955 : L 30 : T 1.3 sec
# -------------------------
# Ensemble classification
#  - Training samples: 10000 (5000/5000)
#  - Feature-space dimensionality: 24157
#  - L : 30
#  - d_sub : 300
#  - Seed 1 (subspaces) : 774110930
#  - Seed 2 (bootstrap) : 838514996
# -------------------------

 - d_sub 300 : OOB 0.4362 : L 1 : T 0.0 sec
 - d_sub 300 : OOB 0.3934 : L 2 : T 0.1 sec
 - d_sub 300 : OOB 0.3699 : L 3 : T 0.1 sec
 - d_sub 300 : OOB 0.3531 : L 4 : T 0.2 sec
 - d_sub 300 : OOB 0.3394 : L 5 : T 0.2 sec
 - d_sub 300 : OOB 0.3357 : L 6 : T 0.3 sec
 - d_sub 300 : OOB 0.3252 : L 7 : T 0.3 sec
 - d_sub 300 : OOB 0.3244 : L 8 : T 0.3 sec
 - d_sub 300 : OOB 0.3165 : L 9 : T 0.4 sec
 - d_sub 300 : OOB 0.3131 : L 10 : T 0.4 sec
 - d_sub 300 : OOB 0.3115 : L 11 : T 0.5 sec
 - d_sub 300 : OOB 0.3075 : L 12 : T 0.5 sec
 - d_sub 300 : OOB 0.3054 : L 13 : T 0.6 sec
 - d_sub 300 : OOB 0.3058 : L 14 : T 0.6 sec
 - d_sub 300 : OOB 0.3028 : L 15 : T 0.6 sec
 - d_sub 300 : OOB 0.3016 : L 16 : T 0.7 sec
 - d_sub 300 : OOB 0.3000 : L 17 : T 0.7 sec
 - d_sub 300 : OOB 0.3029 : L 18 : T 0.8 sec
 - d_sub 300 : OOB 0.2999 : L 19 : T 0.8 sec
 - d_sub 300 : OOB 0.2999 : L 20 : T 0.9 sec
 - d_sub 300 : OOB 0.2989 : L 21 : T 0.9 sec
 - d_sub 300 : OOB 0.2997 : L 22 : T 1.0 sec
 - d_sub 300 : OOB 0.2986 : L 23 : T 1.0 sec
 - d_sub 300 : OOB 0.2978 : L 24 : T 1.0 sec
 - d_sub 300 : OOB 0.2994 : L 25 : T 1.1 sec
 - d_sub 300 : OOB 0.2978 : L 26 : T 1.1 sec
 - d_sub 300 : OOB 0.2985 : L 27 : T 1.2 sec
 - d_sub 300 : OOB 0.2967 : L 28 : T 1.2 sec
 - d_sub 300 : OOB 0.2946 : L 29 : T 1.3 sec
 - d_sub 300 : OOB 0.2956 : L 30 : T 1.3 sec
# -------------------------
optimal d_sub 300 : OOB 0.2956 : L 30 : T 1.3 sec
# -------------------------
Average OOB error = 0.29545 (+/- 0.00209)
# -------------------------
# Ensemble classification
#  - Training samples: 10000 (5000/5000)
#  - Feature-space dimensionality: 24157
#  - L : 30
#  - d_sub : 300
#  - Seed 1 (subspaces) : 5
#  - Seed 2 (bootstrap) : 73
# -------------------------

 - d_sub 300 : OOB 0.4354 : L 1 : T 0.0 sec
 - d_sub 300 : OOB 0.3943 : L 2 : T 0.1 sec
 - d_sub 300 : OOB 0.3703 : L 3 : T 0.1 sec
 - d_sub 300 : OOB 0.3486 : L 4 : T 0.2 sec
 - d_sub 300 : OOB 0.3382 : L 5 : T 0.2 sec
 - d_sub 300 : OOB 0.3329 : L 6 : T 0.3 sec
 - d_sub 300 : OOB 0.3199 : L 7 : T 0.3 sec
 - d_sub 300 : OOB 0.3178 : L 8 : T 0.4 sec
 - d_sub 300 : OOB 0.3108 : L 9 : T 0.4 sec
 - d_sub 300 : OOB 0.3086 : L 10 : T 0.4 sec
 - d_sub 300 : OOB 0.3078 : L 11 : T 0.5 sec
 - d_sub 300 : OOB 0.3052 : L 12 : T 0.5 sec
 - d_sub 300 : OOB 0.3035 : L 13 : T 0.6 sec
 - d_sub 300 : OOB 0.3039 : L 14 : T 0.6 sec
 - d_sub 300 : OOB 0.3001 : L 15 : T 0.7 sec
 - d_sub 300 : OOB 0.3006 : L 16 : T 0.7 sec
 - d_sub 300 : OOB 0.2993 : L 17 : T 0.8 sec
 - d_sub 300 : OOB 0.3025 : L 18 : T 0.8 sec
 - d_sub 300 : OOB 0.2966 : L 19 : T 0.9 sec
 - d_sub 300 : OOB 0.2963 : L 20 : T 0.9 sec
 - d_sub 300 : OOB 0.2955 : L 21 : T 0.9 sec
 - d_sub 300 : OOB 0.2963 : L 22 : T 1.0 sec
 - d_sub 300 : OOB 0.2961 : L 23 : T 1.0 sec
 - d_sub 300 : OOB 0.2966 : L 24 : T 1.1 sec
 - d_sub 300 : OOB 0.2971 : L 25 : T 1.1 sec
 - d_sub 300 : OOB 0.2943 : L 26 : T 1.2 sec
 - d_sub 300 : OOB 0.2960 : L 27 : T 1.2 sec
 - d_sub 300 : OOB 0.2951 : L 28 : T 1.3 sec
 - d_sub 300 : OOB 0.2939 : L 29 : T 1.3 sec
 - d_sub 300 : OOB 0.2960 : L 30 : T 1.4 sec
# -------------------------
optimal d_sub 300 : OOB 0.2960 : L 30 : T 1.4 sec
OOB error = 0.2967
optimal d_sub 300 : OOB 0.2949 : L 30 : T 1.3 sec
optimal d_sub 300 : OOB 0.2848 : L 75 : T 3.5 sec
Testing error 1: 0.2882
optimal d_sub 300 : OOB 0.2877 : L 91 : T 4.2 sec
Testing error 2: 0.2831
optimal d_sub 300 : OOB 0.2902 : L 81 : T 3.9 sec
Testing error 3: 0.2813
optimal d_sub 300 : OOB 0.2853 : L 95 : T 4.4 sec
Testing error 4: 0.2842
optimal d_sub 300 : OOB 0.2845 : L 97 : T 4.5 sec
Testing error 5: 0.2830
optimal d_sub 300 : OOB 0.2814 : L 103 : T 5.0 sec
Testing error 6: 0.2876
optimal d_sub 300 : OOB 0.2932 : L 80 : T 3.7 sec
Testing error 7: 0.2804
optimal d_sub 300 : OOB 0.2887 : L 110 : T 5.0 sec
Testing error 8: 0.2821
optimal d_sub 300 : OOB 0.2875 : L 91 : T 4.2 sec
Testing error 9: 0.2799
optimal d_sub 300 : OOB 0.2942 : L 89 : T 4.0 sec
Testing error 10: 0.2782
---
Average testing error over 10 splits: 0.2828 (+/- 0.0032)
