# -------------------------
# Ensemble classification
#  - Training samples: 10000 (5000/5000)
#  - Feature-space dimensionality: 24157
#  - L : automatic (min 25, max 500, length 50, eps 0.00500)
#  - d_sub : automatic (Eoob tolerance 0.0200, step 200)
#  - Seed 1 (subspaces) : 449227144
#  - Seed 2 (bootstrap) : 261739453
# -------------------------

 - d_sub 200 : OOB 0.4214 : L 1 : T 0.0 sec
 - d_sub 200 : OOB 0.3725 : L 2 : T 0.1 sec
 - d_sub 200 : OOB 0.3417 : L 3 : T 0.1 sec
 - d_sub 200 : OOB 0.3134 : L 4 : T 0.1 sec
 - d_sub 200 : OOB 0.2958 : L 5 : T 0.2 sec
 - d_sub 200 : OOB 0.2881 : L 6 : T 0.2 sec
 - d_sub 200 : OOB 0.2740 : L 7 : T 0.2 sec
 - d_sub 200 : OOB 0.2731 : L 8 : T 0.2 sec
 - d_sub 200 : OOB 0.2713 : L 9 : T 0.3 sec
 - d_sub 200 : OOB 0.2671 : L 10 : T 0.3 sec
 - d_sub 200 : OOB 0.2638 : L 11 : T 0.3 sec
 - d_sub 200 : OOB 0.2646 : L 12 : T 0.4 sec
 - d_sub 200 : OOB 0.2626 : L 13 : T 0.4 sec
 - d_sub 200 : OOB 0.2591 : L 14 : T 0.4 sec
 - d_sub 200 : OOB 0.2586 : L 15 : T 0.5 sec
 - d_sub 200 : OOB 0.2532 : L 16 : T 0.5 sec
 - d_sub 200 : OOB 0.2550 : L 17 : T 0.5 sec
 - d_sub 200 : OOB 0.2547 : L 18 : T 0.6 sec
 - d_sub 200 : OOB 0.2525 : L 19 : T 0.6 sec
 - d_sub 200 : OOB 0.2524 : L 20 : T 0.6 sec
 - d_sub 200 : OOB 0.2500 : L 21 : T 0.6 sec
 - d_sub 200 : OOB 0.2510 : L 22 : T 0.7 sec
 - d_sub 200 : OOB 0.2506 : L 23 : T 0.7 sec
 - d_sub 200 : OOB 0.2512 : L 24 : T 0.7 sec
 - d_sub 200 : OOB 0.2514 : L 25 : T 0.8 sec
 - d_sub 200 : OOB 0.2524 : L 26 : T 0.8 sec
 - d_sub 200 : OOB 0.2520 : L 27 : T 0.8 sec
 - d_sub 200 : OOB 0.2525 : L 28 : T 0.8 sec
 - d_sub 200 : OOB 0.2508 : L 29 : T 0.9 sec
 - d_sub 200 : OOB 0.2508 : L 30 : T 0.9 sec
 - d_sub 200 : OOB 0.2521 : L 31 : T 0.9 sec
 - d_sub 200 : OOB 0.2524 : L 32 : T 1.0 sec
 - d_sub 200 : OOB 0.2524 : L 33 : T 1.0 sec
 - d_sub 200 : OOB 0.2518 : L 34 : T 1.0 sec
 - d_sub 200 : OOB 0.2527 : L 35 : T 1.1 sec
 - d_sub 200 : OOB 0.2506 : L 36 : T 1.1 sec
 - d_sub 200 : OOB 0.2503 : L 37 : T 1.1 sec
 - d_sub 200 : OOB 0.2511 : L 38 : T 1.2 sec
 - d_sub 200 : OOB 0.2499 : L 39 : T 1.2 sec
 - d_sub 200 : OOB 0.2502 : L 40 : T 1.2 sec
 - d_sub 200 : OOB 0.2502 : L 41 : T 1.3 sec
 - d_sub 200 : OOB 0.2499 : L 42 : T 1.3 sec
 - d_sub 200 : OOB 0.2497 : L 43 : T 1.3 sec
 - d_sub 200 : OOB 0.2503 : L 44 : T 1.4 sec
 - d_sub 200 : OOB 0.2497 : L 45 : T 1.4 sec
 - d_sub 200 : OOB 0.2496 : L 46 : T 1.4 sec
 - d_sub 200 : OOB 0.2485 : L 47 : T 1.4 sec
 - d_sub 200 : OOB 0.2494 : L 48 : T 1.5 sec
 - d_sub 200 : OOB 0.2493 : L 49 : T 1.5 sec
 - d_sub 200 : OOB 0.2485 : L 50 : T 1.5 sec
 - d_sub 200 : OOB 0.2490 : L 51 : T 1.6 sec
 - d_sub 200 : OOB 0.2497 : L 52 : T 1.6 sec
 - d_sub 200 : OOB 0.2499 : L 53 : T 1.6 sec
 - d_sub 200 : OOB 0.2488 : L 54 : T 1.7 sec
 - d_sub 200 : OOB 0.2488 : L 55 : T 1.7 sec
 - d_sub 200 : OOB 0.2491 : L 56 : T 1.7 sec
 - d_sub 200 : OOB 0.2476 : L 57 : T 1.7 sec
 - d_sub 200 : OOB 0.2468 : L 58 : T 1.8 sec
 - d_sub 200 : OOB 0.2475 : L 59 : T 1.8 sec
 - d_sub 200 : OOB 0.2494 : L 60 : T 1.8 sec
 - d_sub 200 : OOB 0.2476 : L 61 : T 1.9 sec
 - d_sub 200 : OOB 0.2475 : L 62 : T 1.9 sec
 - d_sub 200 : OOB 0.2475 : L 63 : T 1.9 sec
 - d_sub 200 : OOB 0.2468 : L 64 : T 2.0 sec
 - d_sub 200 : OOB 0.2471 : L 65 : T 2.0 sec
 - d_sub 200 : OOB 0.2479 : L 66 : T 2.0 sec
 - d_sub 200 : OOB 0.2490 : L 67 : T 2.1 sec

 - d_sub 400 : OOB 0.4114 : L 1 : T 0.1 sec
 - d_sub 400 : OOB 0.3502 : L 2 : T 0.1 sec
 - d_sub 400 : OOB 0.3234 : L 3 : T 0.2 sec
 - d_sub 400 : OOB 0.2947 : L 4 : T 0.2 sec
 - d_sub 400 : OOB 0.2766 : L 5 : T 0.3 sec
 - d_sub 400 : OOB 0.2678 : L 6 : T 0.4 sec
 - d_sub 400 : OOB 0.2647 : L 7 : T 0.4 sec
 - d_sub 400 : OOB 0.2575 : L 8 : T 0.5 sec
 - d_sub 400 : OOB 0.2526 : L 9 : T 0.6 sec
 - d_sub 400 : OOB 0.2448 : L 10 : T 0.6 sec
 - d_sub 400 : OOB 0.2443 : L 11 : T 0.7 sec
 - d_sub 400 : OOB 0.2417 : L 12 : T 0.7 sec
 - d_sub 400 : OOB 0.2411 : L 13 : T 0.8 sec
 - d_sub 400 : OOB 0.2363 : L 14 : T 0.9 sec
 - d_sub 400 : OOB 0.2322 : L 15 : T 0.9 sec
 - d_sub 400 : OOB 0.2331 : L 16 : T 1.0 sec
 - d_sub 400 : OOB 0.2315 : L 17 : T 1.1 sec
 - d_sub 400 : OOB 0.2287 : L 18 : T 1.1 sec
 - d_sub 400 : OOB 0.2319 : L 19 : T 1.2 sec
 - d_sub 400 : OOB 0.2289 : L 20 : T 1.2 sec
 - d_sub 400 : OOB 0.2270 : L 21 : T 1.3 sec
 - d_sub 400 : OOB 0.2279 : L 22 : T 1.4 sec
 - d_sub 400 : OOB 0.2250 : L 23 : T 1.4 sec
 - d_sub 400 : OOB 0.2247 : L 24 : T 1.5 sec
 - d_sub 400 : OOB 0.2241 : L 25 : T 1.6 sec
 - d_sub 400 : OOB 0.2243 : L 26 : T 1.6 sec
 - d_sub 400 : OOB 0.2248 : L 27 : T 1.7 sec
 - d_sub 400 : OOB 0.2267 : L 28 : T 1.8 sec
 - d_sub 400 : OOB 0.2255 : L 29 : T 1.8 sec
 - d_sub 400 : OOB 0.2242 : L 30 : T 1.9 sec
 - d_sub 400 : OOB 0.2241 : L 31 : T 1.9 sec
 - d_sub 400 : OOB 0.2231 : L 32 : T 2.0 sec
 - d_sub 400 : OOB 0.2208 : L 33 : T 2.1 sec
 - d_sub 400 : OOB 0.2213 : L 34 : T 2.1 sec
 - d_sub 400 : OOB 0.2215 : L 35 : T 2.2 sec
 - d_sub 400 : OOB 0.2203 : L 36 : T 2.2 sec
 - d_sub 400 : OOB 0.2209 : L 37 : T 2.3 sec
 - d_sub 400 : OOB 0.2208 : L 38 : T 2.4 sec
 - d_sub 400 : OOB 0.2205 : L 39 : T 2.4 sec
 - d_sub 400 : OOB 0.2208 : L 40 : T 2.5 sec
 - d_sub 400 : OOB 0.2197 : L 41 : T 2.5 sec
 - d_sub 400 : OOB 0.2206 : L 42 : T 2.6 sec
 - d_sub 400 : OOB 0.2194 : L 43 : T 2.7 sec
 - d_sub 400 : OOB 0.2192 : L 44 : T 2.7 sec
 - d_sub 400 : OOB 0.2195 : L 45 : T 2.8 sec
 - d_sub 400 : OOB 0.2192 : L 46 : T 2.9 sec
 - d_sub 400 : OOB 0.2189 : L 47 : T 2.9 sec
 - d_sub 400 : OOB 0.2180 : L 48 : T 3.0 sec
 - d_sub 400 : OOB 0.2202 : L 49 : T 3.0 sec
 - d_sub 400 : OOB 0.2201 : L 50 : T 3.1 sec
 - d_sub 400 : OOB 0.2180 : L 51 : T 3.2 sec
 - d_sub 400 : OOB 0.2174 : L 52 : T 3.2 sec
 - d_sub 400 : OOB 0.2190 : L 53 : T 3.3 sec
 - d_sub 400 : OOB 0.2199 : L 54 : T 3.4 sec
 - d_sub 400 : OOB 0.2175 : L 55 : T 3.4 sec
 - d_sub 400 : OOB 0.2182 : L 56 : T 3.5 sec
 - d_sub 400 : OOB 0.2186 : L 57 : T 3.5 sec
 - d_sub 400 : OOB 0.2177 : L 58 : T 3.6 sec
 - d_sub 400 : OOB 0.2180 : L 59 : T 3.7 sec
 - d_sub 400 : OOB 0.2168 : L 60 : T 3.7 sec
 - d_sub 400 : OOB 0.2166 : L 61 : T 3.8 sec
 - d_sub 400 : OOB 0.2166 : L 62 : T 3.8 sec
 - d_sub 400 : OOB 0.2167 : L 63 : T 3.9 sec
 - d_sub 400 : OOB 0.2157 : L 64 : T 4.0 sec
 - d_sub 400 : OOB 0.2148 : L 65 : T 4.0 sec
 - d_sub 400 : OOB 0.2165 : L 66 : T 4.1 sec
 - d_sub 400 : OOB 0.2165 : L 67 : T 4.2 sec
 - d_sub 400 : OOB 0.2166 : L 68 : T 4.2 sec
 - d_sub 400 : OOB 0.2153 : L 69 : T 4.3 sec
 - d_sub 400 : OOB 0.2158 : L 70 : T 4.3 sec
 - d_sub 400 : OOB 0.2167 : L 71 : T 4.4 sec
 - d_sub 400 : OOB 0.2168 : L 72 : T 4.5 sec
 - d_sub 400 : OOB 0.2158 : L 73 : T 4.5 sec
 - d_sub 400 : OOB 0.2171 : L 74 : T 4.6 sec
 - d_sub 400 : OOB 0.2164 : L 75 : T 4.6 sec
 - d_sub 400 : OOB 0.2160 : L 76 : T 4.7 sec
 - d_sub 400 : OOB 0.2156 : L 77 : T 4.8 sec
 - d_sub 400 : OOB 0.2152 : L 78 : T 4.8 sec
 - d_sub 400 : OOB 0.2155 : L 79 : T 4.9 sec
 - d_sub 400 : OOB 0.2152 : L 80 : T 4.9 sec
 - d_sub 400 : OOB 0.2155 : L 81 : T 5.0 sec
 - d_sub 400 : OOB 0.2148 : L 82 : T 5.1 sec
 - d_sub 400 : OOB 0.2151 : L 83 : T 5.1 sec
 - d_sub 400 : OOB 0.2151 : L 84 : T 5.2 sec
 - d_sub 400 : OOB 0.2144 : L 85 : T 5.2 sec
 - d_sub 400 : OOB 0.2142 : L 86 : T 5.3 sec
 - d_sub 400 : OOB 0.2142 : L 87 : T 5.4 sec
 - d_sub 400 : OOB 0.2143 : L 88 : T 5.4 sec
 - d_sub 400 : OOB 0.2153 : L 89 : T 5.5 sec
 - d_sub 400 : OOB 0.2147 : L 90 : T 5.5 sec
 - d_sub 400 : OOB 0.2146 : L 91 : T 5.6 sec
 - d_sub 400 : OOB 0.2147 : L 92 : T 5.7 sec

 - d_sub 600 : OOB 0.4086 : L 1 : T 0.1 sec
 - d_sub 600 : OOB 0.3503 : L 2 : T 0.2 sec
 - d_sub 600 : OOB 0.3153 : L 3 : T 0.3 sec
 - d_sub 600 : OOB 0.2857 : L 4 : T 0.4 sec
 - d_sub 600 : OOB 0.2676 : L 5 : T 0.5 sec
 - d_sub 600 : OOB 0.2558 : L 6 : T 0.6 sec
 - d_sub 600 : OOB 0.2476 : L 7 : T 0.7 sec
 - d_sub 600 : OOB 0.2438 : L 8 : T 0.8 sec
 - d_sub 600 : OOB 0.2367 : L 9 : T 0.9 sec
 - d_sub 600 : OOB 0.2304 : L 10 : T 1.0 sec
 - d_sub 600 : OOB 0.2297 : L 11 : T 1.1 sec
 - d_sub 600 : OOB 0.2293 : L 12 : T 1.2 sec
 - d_sub 600 : OOB 0.2284 : L 13 : T 1.3 sec
 - d_sub 600 : OOB 0.2210 : L 14 : T 1.5 sec
 - d_sub 600 : OOB 0.2218 : L 15 : T 1.6 sec
 - d_sub 600 : OOB 0.2208 : L 16 : T 1.7 sec
 - d_sub 600 : OOB 0.2200 : L 17 : T 1.8 sec
 - d_sub 600 : OOB 0.2175 : L 18 : T 1.9 sec
 - d_sub 600 : OOB 0.2192 : L 19 : T 2.0 sec
 - d_sub 600 : OOB 0.2155 : L 20 : T 2.1 sec
 - d_sub 600 : OOB 0.2160 : L 21 : T 2.2 sec
 - d_sub 600 : OOB 0.2151 : L 22 : T 2.3 sec
 - d_sub 600 : OOB 0.2138 : L 23 : T 2.4 sec
 - d_sub 600 : OOB 0.2141 : L 24 : T 2.5 sec
 - d_sub 600 : OOB 0.2132 : L 25 : T 2.6 sec
 - d_sub 600 : OOB 0.2123 : L 26 : T 2.7 sec
 - d_sub 600 : OOB 0.2126 : L 27 : T 2.8 sec
 - d_sub 600 : OOB 0.2110 : L 28 : T 2.9 sec
 - d_sub 600 : OOB 0.2114 : L 29 : T 3.0 sec
 - d_sub 600 : OOB 0.2110 : L 30 : T 3.2 sec
 - d_sub 600 : OOB 0.2117 : L 31 : T 3.3 sec
 - d_sub 600 : OOB 0.2101 : L 32 : T 3.4 sec
 - d_sub 600 : OOB 0.2079 : L 33 : T 3.5 sec
 - d_sub 600 : OOB 0.2071 : L 34 : T 3.6 sec
 - d_sub 600 : OOB 0.2057 : L 35 : T 3.7 sec
 - d_sub 600 : OOB 0.2046 : L 36 : T 3.8 sec
 - d_sub 600 : OOB 0.2048 : L 37 : T 3.9 sec
 - d_sub 600 : OOB 0.2046 : L 38 : T 4.0 sec
 - d_sub 600 : OOB 0.2042 : L 39 : T 4.1 sec
 - d_sub 600 : OOB 0.2050 : L 40 : T 4.2 sec
 - d_sub 600 : OOB 0.2062 : L 41 : T 4.3 sec
 - d_sub 600 : OOB 0.2064 : L 42 : T 4.4 sec
 - d_sub 600 : OOB 0.2050 : L 43 : T 4.5 sec
 - d_sub 600 : OOB 0.2040 : L 44 : T 4.6 sec
 - d_sub 600 : OOB 0.2048 : L 45 : T 4.8 sec
 - d_sub 600 : OOB 0.2056 : L 46 : T 4.9 sec
 - d_sub 600 : OOB 0.2051 : L 47 : T 5.0 sec
 - d_sub 600 : OOB 0.2037 : L 48 : T 5.1 sec
 - d_sub 600 : OOB 0.2041 : L 49 : T 5.2 sec
 - d_sub 600 : OOB 0.2044 : L 50 : T 5.3 sec
 - d_sub 600 : OOB 0.2037 : L 51 : T 5.4 sec
 - d_sub 600 : OOB 0.2044 : L 52 : T 5.5 sec
 - d_sub 600 : OOB 0.2038 : L 53 : T 5.6 sec
 - d_sub 600 : OOB 0.2036 : L 54 : T 5.7 sec
 - d_sub 600 : OOB 0.2039 : L 55 : T 5.8 sec
 - d_sub 600 : OOB 0.2028 : L 56 : T 5.9 sec
 - d_sub 600 : OOB 0.2033 : L 57 : T 6.0 sec
 - d_sub 600 : OOB 0.2025 : L 58 : T 6.1 sec
 - d_sub 600 : OOB 0.2023 : L 59 : T 6.2 sec
 - d_sub 600 : OOB 0.2027 : L 60 : T 6.3 sec
 - d_sub 600 : OOB 0.2032 : L 61 : T 6.4 sec
 - d_sub 600 : OOB 0.2023 : L 62 : T 6.5 sec
 - d_sub 600 : OOB 0.2028 : L 63 : T 6.6 sec
 - d_sub 600 : OOB 0.2024 : L 64 : T 6.7 sec
 - d_sub 600 : OOB 0.2025 : L 65 : T 6.9 sec
 - d_sub 600 : OOB 0.2024 : L 66 : T 6.9 sec
 - d_sub 600 : OOB 0.2005 : L 67 : T 7.1 sec
 - d_sub 600 : OOB 0.2027 : L 68 : T 7.2 sec
 - d_sub 600 : OOB 0.2026 : L 69 : T 7.3 sec
 - d_sub 600 : OOB 0.2032 : L 70 : T 7.4 sec
 - d_sub 600 : OOB 0.2029 : L 71 : T 7.5 sec
 - d_sub 600 : OOB 0.2037 : L 72 : T 7.6 sec
 - d_sub 600 : OOB 0.2037 : L 73 : T 7.7 sec
 - d_sub 600 : OOB 0.2037 : L 74 : T 7.8 sec
 - d_sub 600 : OOB 0.2021 : L 75 : T 7.9 sec
 - d_sub 600 : OOB 0.2017 : L 76 : T 8.0 sec
 - d_sub 600 : OOB 0.2002 : L 77 : T 8.1 sec
 - d_sub 600 : OOB 0.2003 : L 78 : T 8.3 sec
 - d_sub 600 : OOB 0.2004 : L 79 : T 8.4 sec
 - d_sub 600 : OOB 0.2004 : L 80 : T 8.5 sec
 - d_sub 600 : OOB 0.2004 : L 81 : T 8.6 sec
 - d_sub 600 : OOB 0.1994 : L 82 : T 8.7 sec
 - d_sub 600 : OOB 0.2000 : L 83 : T 8.8 sec
 - d_sub 600 : OOB 0.1994 : L 84 : T 8.9 sec
 - d_sub 600 : OOB 0.2000 : L 85 : T 9.0 sec
 - d_sub 600 : OOB 0.1992 : L 86 : T 9.1 sec
 - d_sub 600 : OOB 0.2007 : L 87 : T 9.2 sec
 - d_sub 600 : OOB 0.1995 : L 88 : T 9.3 sec
 - d_sub 600 : OOB 0.1988 : L 89 : T 9.4 sec
 - d_sub 600 : OOB 0.1995 : L 90 : T 9.5 sec
 - d_sub 600 : OOB 0.2003 : L 91 : T 9.7 sec
 - d_sub 600 : OOB 0.1994 : L 92 : T 9.8 sec
 - d_sub 600 : OOB 0.2008 : L 93 : T 9.9 sec
 - d_sub 600 : OOB 0.2010 : L 94 : T 10.0 sec
 - d_sub 600 : OOB 0.2000 : L 95 : T 10.1 sec
 - d_sub 600 : OOB 0.1993 : L 96 : T 10.2 sec

 - d_sub 800 : OOB 0.4039 : L 1 : T 0.1 sec
 - d_sub 800 : OOB 0.3483 : L 2 : T 0.3 sec
 - d_sub 800 : OOB 0.3148 : L 3 : T 0.5 sec
 - d_sub 800 : OOB 0.2812 : L 4 : T 0.6 sec
 - d_sub 800 : OOB 0.2649 : L 5 : T 0.8 sec
 - d_sub 800 : OOB 0.2551 : L 6 : T 0.9 sec
 - d_sub 800 : OOB 0.2463 : L 7 : T 1.1 sec
 - d_sub 800 : OOB 0.2422 : L 8 : T 1.2 sec
 - d_sub 800 : OOB 0.2375 : L 9 : T 1.3 sec
 - d_sub 800 : OOB 0.2299 : L 10 : T 1.5 sec
 - d_sub 800 : OOB 0.2271 : L 11 : T 1.6 sec
 - d_sub 800 : OOB 0.2250 : L 12 : T 1.7 sec
 - d_sub 800 : OOB 0.2224 : L 13 : T 1.9 sec
 - d_sub 800 : OOB 0.2135 : L 14 : T 2.1 sec
 - d_sub 800 : OOB 0.2147 : L 15 : T 2.2 sec
 - d_sub 800 : OOB 0.2138 : L 16 : T 2.4 sec
 - d_sub 800 : OOB 0.2137 : L 17 : T 2.6 sec
 - d_sub 800 : OOB 0.2122 : L 18 : T 2.7 sec
 - d_sub 800 : OOB 0.2132 : L 19 : T 2.8 sec
 - d_sub 800 : OOB 0.2096 : L 20 : T 3.0 sec
 - d_sub 800 : OOB 0.2104 : L 21 : T 3.1 sec
 - d_sub 800 : OOB 0.2068 : L 22 : T 3.3 sec
 - d_sub 800 : OOB 0.2064 : L 23 : T 3.4 sec
 - d_sub 800 : OOB 0.2062 : L 24 : T 3.6 sec
 - d_sub 800 : OOB 0.2039 : L 25 : T 3.7 sec
 - d_sub 800 : OOB 0.2054 : L 26 : T 3.9 sec
 - d_sub 800 : OOB 0.2052 : L 27 : T 4.0 sec
 - d_sub 800 : OOB 0.2050 : L 28 : T 4.2 sec
 - d_sub 800 : OOB 0.2056 : L 29 : T 4.3 sec
 - d_sub 800 : OOB 0.2049 : L 30 : T 4.5 sec
 - d_sub 800 : OOB 0.2035 : L 31 : T 4.6 sec
 - d_sub 800 : OOB 0.2034 : L 32 : T 4.8 sec
 - d_sub 800 : OOB 0.2041 : L 33 : T 4.9 sec
 - d_sub 800 : OOB 0.2002 : L 34 : T 5.0 sec
 - d_sub 800 : OOB 0.2010 : L 35 : T 5.2 sec
 - d_sub 800 : OOB 0.2020 : L 36 : T 5.4 sec
 - d_sub 800 : OOB 0.2023 : L 37 : T 5.5 sec
 - d_sub 800 : OOB 0.2037 : L 38 : T 5.6 sec
 - d_sub 800 : OOB 0.2034 : L 39 : T 5.8 sec
 - d_sub 800 : OOB 0.2022 : L 40 : T 5.9 sec
 - d_sub 800 : OOB 0.2025 : L 41 : T 6.0 sec
 - d_sub 800 : OOB 0.2018 : L 42 : T 6.2 sec
 - d_sub 800 : OOB 0.2005 : L 43 : T 6.3 sec
 - d_sub 800 : OOB 0.2026 : L 44 : T 6.5 sec
 - d_sub 800 : OOB 0.2010 : L 45 : T 6.6 sec
 - d_sub 800 : OOB 0.2027 : L 46 : T 6.7 sec
 - d_sub 800 : OOB 0.2011 : L 47 : T 6.9 sec
 - d_sub 800 : OOB 0.1991 : L 48 : T 7.0 sec
 - d_sub 800 : OOB 0.2007 : L 49 : T 7.2 sec
 - d_sub 800 : OOB 0.1993 : L 50 : T 7.3 sec
 - d_sub 800 : OOB 0.1989 : L 51 : T 7.5 sec
 - d_sub 800 : OOB 0.1985 : L 52 : T 7.6 sec
 - d_sub 800 : OOB 0.1980 : L 53 : T 7.7 sec
 - d_sub 800 : OOB 0.1984 : L 54 : T 7.9 sec
 - d_sub 800 : OOB 0.1984 : L 55 : T 8.0 sec
 - d_sub 800 : OOB 0.1995 : L 56 : T 8.2 sec
 - d_sub 800 : OOB 0.1998 : L 57 : T 8.3 sec
 - d_sub 800 : OOB 0.1984 : L 58 : T 8.5 sec
 - d_sub 800 : OOB 0.1988 : L 59 : T 8.6 sec
 - d_sub 800 : OOB 0.1983 : L 60 : T 8.8 sec
 - d_sub 800 : OOB 0.1984 : L 61 : T 8.9 sec
 - d_sub 800 : OOB 0.1980 : L 62 : T 9.1 sec
 - d_sub 800 : OOB 0.1985 : L 63 : T 9.2 sec
 - d_sub 800 : OOB 0.1975 : L 64 : T 9.4 sec
 - d_sub 800 : OOB 0.1981 : L 65 : T 9.5 sec
 - d_sub 800 : OOB 0.1983 : L 66 : T 9.7 sec
 - d_sub 800 : OOB 0.1982 : L 67 : T 9.8 sec
 - d_sub 800 : OOB 0.1985 : L 68 : T 9.9 sec
 - d_sub 800 : OOB 0.1984 : L 69 : T 10.1 sec
 - d_sub 800 : OOB 0.1997 : L 70 : T 10.2 sec
 - d_sub 800 : OOB 0.2001 : L 71 : T 10.4 sec
 - d_sub 800 : OOB 0.1997 : L 72 : T 10.5 sec
 - d_sub 800 : OOB 0.1990 : L 73 : T 10.7 sec
 - d_sub 800 : OOB 0.1992 : L 74 : T 10.8 sec
 - d_sub 800 : OOB 0.1991 : L 75 : T 11.0 sec
 - d_sub 800 : OOB 0.2001 : L 76 : T 11.1 sec
 - d_sub 800 : OOB 0.1994 : L 77 : T 11.3 sec
 - d_sub 800 : OOB 0.2011 : L 78 : T 11.4 sec
 - d_sub 800 : OOB 0.1995 : L 79 : T 11.6 sec
 - d_sub 800 : OOB 0.2004 : L 80 : T 11.7 sec

 - d_sub 1000 : OOB 0.4049 : L 1 : T 0.2 sec
 - d_sub 1000 : OOB 0.3464 : L 2 : T 0.4 sec
 - d_sub 1000 : OOB 0.3077 : L 3 : T 0.6 sec
 - d_sub 1000 : OOB 0.2793 : L 4 : T 0.8 sec
 - d_sub 1000 : OOB 0.2570 : L 5 : T 1.0 sec
 - d_sub 1000 : OOB 0.2493 : L 6 : T 1.2 sec
 - d_sub 1000 : OOB 0.2383 : L 7 : T 1.4 sec
 - d_sub 1000 : OOB 0.2428 : L 8 : T 1.7 sec
 - d_sub 1000 : OOB 0.2375 : L 9 : T 1.9 sec
 - d_sub 1000 : OOB 0.2300 : L 10 : T 2.1 sec
 - d_sub 1000 : OOB 0.2265 : L 11 : T 2.3 sec
 - d_sub 1000 : OOB 0.2222 : L 12 : T 2.5 sec
 - d_sub 1000 : OOB 0.2157 : L 13 : T 2.7 sec
 - d_sub 1000 : OOB 0.2126 : L 14 : T 3.0 sec
 - d_sub 1000 : OOB 0.2115 : L 15 : T 3.2 sec
 - d_sub 1000 : OOB 0.2110 : L 16 : T 3.4 sec
 - d_sub 1000 : OOB 0.2108 : L 17 : T 3.6 sec
 - d_sub 1000 : OOB 0.2081 : L 18 : T 3.9 sec
 - d_sub 1000 : OOB 0.2101 : L 19 : T 4.1 sec
 - d_sub 1000 : OOB 0.2054 : L 20 : T 4.3 sec
 - d_sub 1000 : OOB 0.2046 : L 21 : T 4.5 sec
 - d_sub 1000 : OOB 0.2045 : L 22 : T 4.7 sec
 - d_sub 1000 : OOB 0.2036 : L 23 : T 4.9 sec
 - d_sub 1000 : OOB 0.2031 : L 24 : T 5.2 sec
 - d_sub 1000 : OOB 0.2025 : L 25 : T 5.4 sec
 - d_sub 1000 : OOB 0.2011 : L 26 : T 5.6 sec
 - d_sub 1000 : OOB 0.2034 : L 27 : T 5.9 sec
 - d_sub 1000 : OOB 0.2030 : L 28 : T 6.1 sec
 - d_sub 1000 : OOB 0.2013 : L 29 : T 6.3 sec
 - d_sub 1000 : OOB 0.2003 : L 30 : T 6.5 sec
 - d_sub 1000 : OOB 0.1992 : L 31 : T 6.7 sec
 - d_sub 1000 : OOB 0.1996 : L 32 : T 6.9 sec
 - d_sub 1000 : OOB 0.2000 : L 33 : T 7.1 sec
 - d_sub 1000 : OOB 0.1997 : L 34 : T 7.3 sec
 - d_sub 1000 : OOB 0.1981 : L 35 : T 7.5 sec
 - d_sub 1000 : OOB 0.1981 : L 36 : T 7.7 sec
 - d_sub 1000 : OOB 0.1988 : L 37 : T 7.9 sec
 - d_sub 1000 : OOB 0.2002 : L 38 : T 8.1 sec
 - d_sub 1000 : OOB 0.1978 : L 39 : T 8.3 sec
 - d_sub 1000 : OOB 0.1988 : L 40 : T 8.5 sec
 - d_sub 1000 : OOB 0.1991 : L 41 : T 8.7 sec
 - d_sub 1000 : OOB 0.1991 : L 42 : T 8.9 sec
 - d_sub 1000 : OOB 0.1973 : L 43 : T 9.1 sec
 - d_sub 1000 : OOB 0.1963 : L 44 : T 9.3 sec
 - d_sub 1000 : OOB 0.1967 : L 45 : T 9.5 sec
 - d_sub 1000 : OOB 0.1960 : L 46 : T 9.7 sec
 - d_sub 1000 : OOB 0.1943 : L 47 : T 9.9 sec
 - d_sub 1000 : OOB 0.1949 : L 48 : T 10.1 sec
 - d_sub 1000 : OOB 0.1946 : L 49 : T 10.3 sec
 - d_sub 1000 : OOB 0.1946 : L 50 : T 10.6 sec
 - d_sub 1000 : OOB 0.1935 : L 51 : T 10.8 sec
 - d_sub 1000 : OOB 0.1941 : L 52 : T 11.0 sec
 - d_sub 1000 : OOB 0.1944 : L 53 : T 11.2 sec
 - d_sub 1000 : OOB 0.1935 : L 54 : T 11.4 sec
 - d_sub 1000 : OOB 0.1933 : L 55 : T 11.6 sec
 - d_sub 1000 : OOB 0.1939 : L 56 : T 11.9 sec
 - d_sub 1000 : OOB 0.1942 : L 57 : T 12.1 sec
 - d_sub 1000 : OOB 0.1941 : L 58 : T 12.3 sec
 - d_sub 1000 : OOB 0.1941 : L 59 : T 12.5 sec
 - d_sub 1000 : OOB 0.1920 : L 60 : T 12.7 sec
 - d_sub 1000 : OOB 0.1937 : L 61 : T 12.9 sec
 - d_sub 1000 : OOB 0.1926 : L 62 : T 13.1 sec
 - d_sub 1000 : OOB 0.1925 : L 63 : T 13.4 sec
 - d_sub 1000 : OOB 0.1938 : L 64 : T 13.6 sec
 - d_sub 1000 : OOB 0.1933 : L 65 : T 13.8 sec
 - d_sub 1000 : OOB 0.1932 : L 66 : T 14.0 sec
 - d_sub 1000 : OOB 0.1939 : L 67 : T 14.3 sec
 - d_sub 1000 : OOB 0.1939 : L 68 : T 14.5 sec
 - d_sub 1000 : OOB 0.1945 : L 69 : T 14.7 sec
 - d_sub 1000 : OOB 0.1947 : L 70 : T 14.9 sec
 - d_sub 1000 : OOB 0.1939 : L 71 : T 15.1 sec
 - d_sub 1000 : OOB 0.1932 : L 72 : T 15.3 sec
 - d_sub 1000 : OOB 0.1925 : L 73 : T 15.5 sec
 - d_sub 1000 : OOB 0.1929 : L 74 : T 15.7 sec
 - d_sub 1000 : OOB 0.1923 : L 75 : T 15.9 sec
 - d_sub 1000 : OOB 0.1931 : L 76 : T 16.2 sec
 - d_sub 1000 : OOB 0.1934 : L 77 : T 16.4 sec
 - d_sub 1000 : OOB 0.1938 : L 78 : T 16.6 sec
 - d_sub 1000 : OOB 0.1929 : L 79 : T 16.8 sec
 - d_sub 1000 : OOB 0.1930 : L 80 : T 17.0 sec
 - d_sub 1000 : OOB 0.1934 : L 81 : T 17.2 sec
 - d_sub 1000 : OOB 0.1945 : L 82 : T 17.4 sec
 - d_sub 1000 : OOB 0.1951 : L 83 : T 17.6 sec
 - d_sub 1000 : OOB 0.1950 : L 84 : T 17.8 sec
 - d_sub 1000 : OOB 0.1942 : L 85 : T 18.0 sec
 - d_sub 1000 : OOB 0.1938 : L 86 : T 18.2 sec
 - d_sub 1000 : OOB 0.1941 : L 87 : T 18.4 sec
 - d_sub 1000 : OOB 0.1941 : L 88 : T 18.6 sec
 - d_sub 1000 : OOB 0.1938 : L 89 : T 18.8 sec
 - d_sub 1000 : OOB 0.1942 : L 90 : T 19.0 sec

 - d_sub 1200 : OOB 0.4027 : L 1 : T 0.2 sec
 - d_sub 1200 : OOB 0.3423 : L 2 : T 0.5 sec
 - d_sub 1200 : OOB 0.3061 : L 3 : T 0.7 sec
 - d_sub 1200 : OOB 0.2820 : L 4 : T 1.0 sec
 - d_sub 1200 : OOB 0.2618 : L 5 : T 1.2 sec
 - d_sub 1200 : OOB 0.2487 : L 6 : T 1.5 sec
 - d_sub 1200 : OOB 0.2359 : L 7 : T 1.7 sec
 - d_sub 1200 : OOB 0.2285 : L 8 : T 2.0 sec
 - d_sub 1200 : OOB 0.2270 : L 9 : T 2.3 sec
 - d_sub 1200 : OOB 0.2252 : L 10 : T 2.5 sec
 - d_sub 1200 : OOB 0.2196 : L 11 : T 2.8 sec
 - d_sub 1200 : OOB 0.2185 : L 12 : T 3.1 sec
 - d_sub 1200 : OOB 0.2121 : L 13 : T 3.4 sec
 - d_sub 1200 : OOB 0.2094 : L 14 : T 3.6 sec
 - d_sub 1200 : OOB 0.2099 : L 15 : T 3.9 sec
 - d_sub 1200 : OOB 0.2094 : L 16 : T 4.2 sec
 - d_sub 1200 : OOB 0.2107 : L 17 : T 4.4 sec
 - d_sub 1200 : OOB 0.2052 : L 18 : T 4.7 sec
 - d_sub 1200 : OOB 0.2045 : L 19 : T 4.9 sec
 - d_sub 1200 : OOB 0.2061 : L 20 : T 5.2 sec
 - d_sub 1200 : OOB 0.2073 : L 21 : T 5.4 sec
 - d_sub 1200 : OOB 0.2010 : L 22 : T 5.7 sec
 - d_sub 1200 : OOB 0.2004 : L 23 : T 5.9 sec
 - d_sub 1200 : OOB 0.2021 : L 24 : T 6.2 sec
 - d_sub 1200 : OOB 0.2024 : L 25 : T 6.4 sec
 - d_sub 1200 : OOB 0.2017 : L 26 : T 6.7 sec
 - d_sub 1200 : OOB 0.1997 : L 27 : T 6.9 sec
 - d_sub 1200 : OOB 0.1983 : L 28 : T 7.2 sec
 - d_sub 1200 : OOB 0.1992 : L 29 : T 7.4 sec
 - d_sub 1200 : OOB 0.1977 : L 30 : T 7.7 sec
 - d_sub 1200 : OOB 0.1967 : L 31 : T 8.0 sec
 - d_sub 1200 : OOB 0.1964 : L 32 : T 8.3 sec
 - d_sub 1200 : OOB 0.1968 : L 33 : T 8.5 sec
 - d_sub 1200 : OOB 0.1965 : L 34 : T 8.8 sec
 - d_sub 1200 : OOB 0.1966 : L 35 : T 9.1 sec
 - d_sub 1200 : OOB 0.1958 : L 36 : T 9.3 sec
 - d_sub 1200 : OOB 0.1966 : L 37 : T 9.6 sec
 - d_sub 1200 : OOB 0.1986 : L 38 : T 9.9 sec
 - d_sub 1200 : OOB 0.1966 : L 39 : T 10.1 sec
 - d_sub 1200 : OOB 0.1962 : L 40 : T 10.3 sec
 - d_sub 1200 : OOB 0.1964 : L 41 : T 10.6 sec
 - d_sub 1200 : OOB 0.1961 : L 42 : T 10.9 sec
 - d_sub 1200 : OOB 0.1953 : L 43 : T 11.1 sec
 - d_sub 1200 : OOB 0.1948 : L 44 : T 11.4 sec
 - d_sub 1200 : OOB 0.1940 : L 45 : T 11.6 sec
 - d_sub 1200 : OOB 0.1934 : L 46 : T 11.9 sec
 - d_sub 1200 : OOB 0.1929 : L 47 : T 12.1 sec
 - d_sub 1200 : OOB 0.1935 : L 48 : T 12.4 sec
 - d_sub 1200 : OOB 0.1941 : L 49 : T 12.7 sec
 - d_sub 1200 : OOB 0.1944 : L 50 : T 12.9 sec
 - d_sub 1200 : OOB 0.1947 : L 51 : T 13.2 sec
 - d_sub 1200 : OOB 0.1936 : L 52 : T 13.4 sec
 - d_sub 1200 : OOB 0.1935 : L 53 : T 13.7 sec
 - d_sub 1200 : OOB 0.1934 : L 54 : T 13.9 sec
 - d_sub 1200 : OOB 0.1930 : L 55 : T 14.2 sec
 - d_sub 1200 : OOB 0.1927 : L 56 : T 14.4 sec
 - d_sub 1200 : OOB 0.1921 : L 57 : T 14.6 sec
 - d_sub 1200 : OOB 0.1902 : L 58 : T 14.9 sec
 - d_sub 1200 : OOB 0.1920 : L 59 : T 15.1 sec
 - d_sub 1200 : OOB 0.1919 : L 60 : T 15.4 sec
 - d_sub 1200 : OOB 0.1915 : L 61 : T 15.6 sec
 - d_sub 1200 : OOB 0.1916 : L 62 : T 15.9 sec
 - d_sub 1200 : OOB 0.1914 : L 63 : T 16.1 sec
 - d_sub 1200 : OOB 0.1906 : L 64 : T 16.4 sec
 - d_sub 1200 : OOB 0.1909 : L 65 : T 16.6 sec
 - d_sub 1200 : OOB 0.1911 : L 66 : T 16.8 sec
 - d_sub 1200 : OOB 0.1899 : L 67 : T 17.1 sec
 - d_sub 1200 : OOB 0.1899 : L 68 : T 17.3 sec
 - d_sub 1200 : OOB 0.1900 : L 69 : T 17.6 sec
 - d_sub 1200 : OOB 0.1890 : L 70 : T 17.8 sec
 - d_sub 1200 : OOB 0.1898 : L 71 : T 18.1 sec
 - d_sub 1200 : OOB 0.1919 : L 72 : T 18.3 sec
 - d_sub 1200 : OOB 0.1912 : L 73 : T 18.6 sec
 - d_sub 1200 : OOB 0.1917 : L 74 : T 18.8 sec
 - d_sub 1200 : OOB 0.1900 : L 75 : T 19.1 sec
 - d_sub 1200 : OOB 0.1904 : L 76 : T 19.3 sec
 - d_sub 1200 : OOB 0.1905 : L 77 : T 19.6 sec
 - d_sub 1200 : OOB 0.1899 : L 78 : T 19.8 sec
 - d_sub 1200 : OOB 0.1894 : L 79 : T 20.0 sec
 - d_sub 1200 : OOB 0.1907 : L 80 : T 20.3 sec
 - d_sub 1200 : OOB 0.1908 : L 81 : T 20.5 sec
 - d_sub 1200 : OOB 0.1907 : L 82 : T 20.8 sec
 - d_sub 1200 : OOB 0.1899 : L 83 : T 21.0 sec
 - d_sub 1200 : OOB 0.1909 : L 84 : T 21.3 sec
 - d_sub 1200 : OOB 0.1899 : L 85 : T 21.5 sec
 - d_sub 1200 : OOB 0.1890 : L 86 : T 21.8 sec
 - d_sub 1200 : OOB 0.1900 : L 87 : T 22.0 sec
 - d_sub 1200 : OOB 0.1900 : L 88 : T 22.2 sec
 - d_sub 1200 : OOB 0.1914 : L 89 : T 22.5 sec
 - d_sub 1200 : OOB 0.1895 : L 90 : T 22.8 sec
 - d_sub 1200 : OOB 0.1909 : L 91 : T 23.1 sec

 - d_sub 1400 : OOB 0.4107 : L 1 : T 0.4 sec
 - d_sub 1400 : OOB 0.3530 : L 2 : T 0.7 sec
 - d_sub 1400 : OOB 0.3178 : L 3 : T 1.0 sec
 - d_sub 1400 : OOB 0.2863 : L 4 : T 1.3 sec
 - d_sub 1400 : OOB 0.2662 : L 5 : T 1.6 sec
 - d_sub 1400 : OOB 0.2515 : L 6 : T 2.0 sec
 - d_sub 1400 : OOB 0.2434 : L 7 : T 2.3 sec
 - d_sub 1400 : OOB 0.2357 : L 8 : T 2.6 sec
 - d_sub 1400 : OOB 0.2319 : L 9 : T 2.9 sec
 - d_sub 1400 : OOB 0.2269 : L 10 : T 3.2 sec
 - d_sub 1400 : OOB 0.2222 : L 11 : T 3.5 sec
 - d_sub 1400 : OOB 0.2179 : L 12 : T 3.8 sec
 - d_sub 1400 : OOB 0.2163 : L 13 : T 4.2 sec
 - d_sub 1400 : OOB 0.2121 : L 14 : T 4.5 sec
 - d_sub 1400 : OOB 0.2118 : L 15 : T 4.8 sec
 - d_sub 1400 : OOB 0.2109 : L 16 : T 5.1 sec
 - d_sub 1400 : OOB 0.2103 : L 17 : T 5.4 sec
 - d_sub 1400 : OOB 0.2099 : L 18 : T 5.7 sec
 - d_sub 1400 : OOB 0.2090 : L 19 : T 6.1 sec
 - d_sub 1400 : OOB 0.2066 : L 20 : T 6.4 sec
 - d_sub 1400 : OOB 0.2071 : L 21 : T 6.7 sec
 - d_sub 1400 : OOB 0.2070 : L 22 : T 7.1 sec
 - d_sub 1400 : OOB 0.2047 : L 23 : T 7.4 sec
 - d_sub 1400 : OOB 0.2030 : L 24 : T 7.7 sec
 - d_sub 1400 : OOB 0.2021 : L 25 : T 8.0 sec
 - d_sub 1400 : OOB 0.2008 : L 26 : T 8.3 sec
 - d_sub 1400 : OOB 0.2009 : L 27 : T 8.6 sec
 - d_sub 1400 : OOB 0.1987 : L 28 : T 8.9 sec
 - d_sub 1400 : OOB 0.1980 : L 29 : T 9.2 sec
 - d_sub 1400 : OOB 0.1972 : L 30 : T 9.5 sec
 - d_sub 1400 : OOB 0.1974 : L 31 : T 9.8 sec
 - d_sub 1400 : OOB 0.1994 : L 32 : T 10.1 sec
 - d_sub 1400 : OOB 0.1988 : L 33 : T 10.4 sec
 - d_sub 1400 : OOB 0.1978 : L 34 : T 10.8 sec
 - d_sub 1400 : OOB 0.1964 : L 35 : T 11.1 sec
 - d_sub 1400 : OOB 0.1952 : L 36 : T 11.4 sec
 - d_sub 1400 : OOB 0.1989 : L 37 : T 11.7 sec
 - d_sub 1400 : OOB 0.1962 : L 38 : T 12.0 sec
 - d_sub 1400 : OOB 0.1972 : L 39 : T 12.3 sec
 - d_sub 1400 : OOB 0.1956 : L 40 : T 12.6 sec
 - d_sub 1400 : OOB 0.1941 : L 41 : T 12.9 sec
 - d_sub 1400 : OOB 0.1934 : L 42 : T 13.2 sec
 - d_sub 1400 : OOB 0.1936 : L 43 : T 13.5 sec
 - d_sub 1400 : OOB 0.1945 : L 44 : T 13.8 sec
 - d_sub 1400 : OOB 0.1935 : L 45 : T 14.1 sec
 - d_sub 1400 : OOB 0.1946 : L 46 : T 14.5 sec
 - d_sub 1400 : OOB 0.1928 : L 47 : T 14.8 sec
 - d_sub 1400 : OOB 0.1925 : L 48 : T 15.1 sec
 - d_sub 1400 : OOB 0.1915 : L 49 : T 15.4 sec
 - d_sub 1400 : OOB 0.1918 : L 50 : T 15.7 sec
 - d_sub 1400 : OOB 0.1910 : L 51 : T 16.0 sec
 - d_sub 1400 : OOB 0.1911 : L 52 : T 16.3 sec
 - d_sub 1400 : OOB 0.1908 : L 53 : T 16.7 sec
 - d_sub 1400 : OOB 0.1918 : L 54 : T 17.0 sec
 - d_sub 1400 : OOB 0.1911 : L 55 : T 17.4 sec
 - d_sub 1400 : OOB 0.1907 : L 56 : T 17.7 sec
 - d_sub 1400 : OOB 0.1913 : L 57 : T 18.0 sec
 - d_sub 1400 : OOB 0.1904 : L 58 : T 18.3 sec
 - d_sub 1400 : OOB 0.1898 : L 59 : T 18.6 sec
 - d_sub 1400 : OOB 0.1911 : L 60 : T 18.9 sec
 - d_sub 1400 : OOB 0.1919 : L 61 : T 19.3 sec
 - d_sub 1400 : OOB 0.1886 : L 62 : T 19.6 sec
 - d_sub 1400 : OOB 0.1910 : L 63 : T 19.9 sec
 - d_sub 1400 : OOB 0.1912 : L 64 : T 20.2 sec
 - d_sub 1400 : OOB 0.1898 : L 65 : T 20.6 sec
 - d_sub 1400 : OOB 0.1888 : L 66 : T 21.0 sec
 - d_sub 1400 : OOB 0.1888 : L 67 : T 21.3 sec
 - d_sub 1400 : OOB 0.1899 : L 68 : T 21.6 sec
 - d_sub 1400 : OOB 0.1883 : L 69 : T 21.9 sec
 - d_sub 1400 : OOB 0.1887 : L 70 : T 22.2 sec
 - d_sub 1400 : OOB 0.1873 : L 71 : T 22.5 sec
 - d_sub 1400 : OOB 0.1888 : L 72 : T 22.8 sec
 - d_sub 1400 : OOB 0.1872 : L 73 : T 23.1 sec
 - d_sub 1400 : OOB 0.1876 : L 74 : T 23.4 sec
 - d_sub 1400 : OOB 0.1884 : L 75 : T 23.7 sec
 - d_sub 1400 : OOB 0.1878 : L 76 : T 24.0 sec
 - d_sub 1400 : OOB 0.1886 : L 77 : T 24.4 sec
 - d_sub 1400 : OOB 0.1878 : L 78 : T 24.7 sec
 - d_sub 1400 : OOB 0.1878 : L 79 : T 25.0 sec
 - d_sub 1400 : OOB 0.1886 : L 80 : T 25.4 sec
 - d_sub 1400 : OOB 0.1879 : L 81 : T 25.7 sec
 - d_sub 1400 : OOB 0.1880 : L 82 : T 26.1 sec
 - d_sub 1400 : OOB 0.1878 : L 83 : T 26.4 sec
 - d_sub 1400 : OOB 0.1871 : L 84 : T 26.8 sec
 - d_sub 1400 : OOB 0.1876 : L 85 : T 27.1 sec
 - d_sub 1400 : OOB 0.1875 : L 86 : T 27.4 sec
 - d_sub 1400 : OOB 0.1864 : L 87 : T 27.7 sec
 - d_sub 1400 : OOB 0.1866 : L 88 : T 28.0 sec
 - d_sub 1400 : OOB 0.1868 : L 89 : T 28.4 sec
 - d_sub 1400 : OOB 0.1852 : L 90 : T 28.7 sec
 - d_sub 1400 : OOB 0.1871 : L 91 : T 29.0 sec
 - d_sub 1400 : OOB 0.1864 : L 92 : T 29.3 sec
 - d_sub 1400 : OOB 0.1867 : L 93 : T 29.6 sec
 - d_sub 1400 : OOB 0.1849 : L 94 : T 29.9 sec
 - d_sub 1400 : OOB 0.1857 : L 95 : T 30.3 sec
 - d_sub 1400 : OOB 0.1846 : L 96 : T 30.5 sec
 - d_sub 1400 : OOB 0.1846 : L 97 : T 30.9 sec
 - d_sub 1400 : OOB 0.1862 : L 98 : T 31.1 sec
 - d_sub 1400 : OOB 0.1856 : L 99 : T 31.5 sec
 - d_sub 1400 : OOB 0.1859 : L 100 : T 31.8 sec
 - d_sub 1400 : OOB 0.1861 : L 101 : T 32.1 sec
 - d_sub 1400 : OOB 0.1867 : L 102 : T 32.4 sec
 - d_sub 1400 : OOB 0.1867 : L 103 : T 32.7 sec
 - d_sub 1400 : OOB 0.1872 : L 104 : T 33.0 sec
 - d_sub 1400 : OOB 0.1870 : L 105 : T 33.4 sec
 - d_sub 1400 : OOB 0.1876 : L 106 : T 33.7 sec
 - d_sub 1400 : OOB 0.1877 : L 107 : T 34.0 sec
 - d_sub 1400 : OOB 0.1869 : L 108 : T 34.3 sec
 - d_sub 1400 : OOB 0.1877 : L 109 : T 34.6 sec
 - d_sub 1400 : OOB 0.1880 : L 110 : T 35.0 sec
 - d_sub 1400 : OOB 0.1877 : L 111 : T 35.3 sec

 - d_sub 1600 : OOB 0.4060 : L 1 : T 0.4 sec
 - d_sub 1600 : OOB 0.3785 : L 2 : T 0.8 sec
 - d_sub 1600 : OOB 0.3380 : L 3 : T 1.1 sec
 - d_sub 1600 : OOB 0.3106 : L 4 : T 1.6 sec
 - d_sub 1600 : OOB 0.2834 : L 5 : T 2.0 sec
 - d_sub 1600 : OOB 0.2725 : L 6 : T 2.4 sec
 - d_sub 1600 : OOB 0.2584 : L 7 : T 2.8 sec
 - d_sub 1600 : OOB 0.2499 : L 8 : T 3.2 sec
 - d_sub 1600 : OOB 0.2421 : L 9 : T 3.7 sec
 - d_sub 1600 : OOB 0.2366 : L 10 : T 4.1 sec
 - d_sub 1600 : OOB 0.2327 : L 11 : T 4.5 sec
 - d_sub 1600 : OOB 0.2274 : L 12 : T 5.0 sec
 - d_sub 1600 : OOB 0.2239 : L 13 : T 5.4 sec
 - d_sub 1600 : OOB 0.2254 : L 14 : T 5.8 sec
 - d_sub 1600 : OOB 0.2191 : L 15 : T 6.2 sec
 - d_sub 1600 : OOB 0.2161 : L 16 : T 6.6 sec
 - d_sub 1600 : OOB 0.2161 : L 17 : T 7.1 sec
 - d_sub 1600 : OOB 0.2106 : L 18 : T 7.5 sec
 - d_sub 1600 : OOB 0.2075 : L 19 : T 7.9 sec
 - d_sub 1600 : OOB 0.2097 : L 20 : T 8.3 sec
 - d_sub 1600 : OOB 0.2066 : L 21 : T 8.8 sec
 - d_sub 1600 : OOB 0.2073 : L 22 : T 9.2 sec
 - d_sub 1600 : OOB 0.2031 : L 23 : T 9.7 sec
 - d_sub 1600 : OOB 0.2029 : L 24 : T 10.1 sec
 - d_sub 1600 : OOB 0.2018 : L 25 : T 10.5 sec
 - d_sub 1600 : OOB 0.2041 : L 26 : T 10.9 sec
 - d_sub 1600 : OOB 0.2015 : L 27 : T 11.3 sec
 - d_sub 1600 : OOB 0.2000 : L 28 : T 11.8 sec
 - d_sub 1600 : OOB 0.2019 : L 29 : T 12.2 sec
 - d_sub 1600 : OOB 0.1988 : L 30 : T 12.6 sec
 - d_sub 1600 : OOB 0.1995 : L 31 : T 13.0 sec
 - d_sub 1600 : OOB 0.2004 : L 32 : T 13.4 sec
 - d_sub 1600 : OOB 0.1979 : L 33 : T 13.9 sec
 - d_sub 1600 : OOB 0.1982 : L 34 : T 14.3 sec
 - d_sub 1600 : OOB 0.1986 : L 35 : T 14.7 sec
 - d_sub 1600 : OOB 0.1973 : L 36 : T 15.1 sec
 - d_sub 1600 : OOB 0.1964 : L 37 : T 15.6 sec
 - d_sub 1600 : OOB 0.1955 : L 38 : T 16.0 sec
 - d_sub 1600 : OOB 0.1953 : L 39 : T 16.4 sec
 - d_sub 1600 : OOB 0.1953 : L 40 : T 16.8 sec
 - d_sub 1600 : OOB 0.1947 : L 41 : T 17.3 sec
 - d_sub 1600 : OOB 0.1959 : L 42 : T 17.7 sec
 - d_sub 1600 : OOB 0.1965 : L 43 : T 18.1 sec
 - d_sub 1600 : OOB 0.1944 : L 44 : T 18.6 sec
 - d_sub 1600 : OOB 0.1947 : L 45 : T 19.0 sec
 - d_sub 1600 : OOB 0.1934 : L 46 : T 19.5 sec
 - d_sub 1600 : OOB 0.1930 : L 47 : T 19.9 sec
 - d_sub 1600 : OOB 0.1925 : L 48 : T 20.3 sec
 - d_sub 1600 : OOB 0.1928 : L 49 : T 20.8 sec
 - d_sub 1600 : OOB 0.1933 : L 50 : T 21.2 sec
 - d_sub 1600 : OOB 0.1939 : L 51 : T 21.6 sec
 - d_sub 1600 : OOB 0.1931 : L 52 : T 22.1 sec
 - d_sub 1600 : OOB 0.1934 : L 53 : T 22.5 sec
 - d_sub 1600 : OOB 0.1920 : L 54 : T 22.9 sec
 - d_sub 1600 : OOB 0.1920 : L 55 : T 23.4 sec
 - d_sub 1600 : OOB 0.1911 : L 56 : T 23.8 sec
 - d_sub 1600 : OOB 0.1920 : L 57 : T 24.2 sec
 - d_sub 1600 : OOB 0.1921 : L 58 : T 24.7 sec
 - d_sub 1600 : OOB 0.1912 : L 59 : T 25.1 sec
 - d_sub 1600 : OOB 0.1909 : L 60 : T 25.5 sec
 - d_sub 1600 : OOB 0.1926 : L 61 : T 26.0 sec
 - d_sub 1600 : OOB 0.1920 : L 62 : T 26.4 sec
 - d_sub 1600 : OOB 0.1918 : L 63 : T 26.8 sec
 - d_sub 1600 : OOB 0.1909 : L 64 : T 27.3 sec
 - d_sub 1600 : OOB 0.1914 : L 65 : T 27.7 sec
 - d_sub 1600 : OOB 0.1904 : L 66 : T 28.1 sec
 - d_sub 1600 : OOB 0.1898 : L 67 : T 28.5 sec
 - d_sub 1600 : OOB 0.1904 : L 68 : T 29.0 sec
 - d_sub 1600 : OOB 0.1906 : L 69 : T 29.4 sec
 - d_sub 1600 : OOB 0.1901 : L 70 : T 29.8 sec
 - d_sub 1600 : OOB 0.1889 : L 71 : T 30.3 sec
 - d_sub 1600 : OOB 0.1877 : L 72 : T 30.7 sec
 - d_sub 1600 : OOB 0.1907 : L 73 : T 31.1 sec
 - d_sub 1600 : OOB 0.1888 : L 74 : T 31.6 sec
 - d_sub 1600 : OOB 0.1890 : L 75 : T 32.0 sec
 - d_sub 1600 : OOB 0.1878 : L 76 : T 32.5 sec
 - d_sub 1600 : OOB 0.1875 : L 77 : T 32.9 sec
 - d_sub 1600 : OOB 0.1882 : L 78 : T 33.3 sec
 - d_sub 1600 : OOB 0.1893 : L 79 : T 33.8 sec
 - d_sub 1600 : OOB 0.1892 : L 80 : T 34.2 sec
 - d_sub 1600 : OOB 0.1881 : L 81 : T 34.6 sec
 - d_sub 1600 : OOB 0.1889 : L 82 : T 35.0 sec
 - d_sub 1600 : OOB 0.1906 : L 83 : T 35.4 sec
 - d_sub 1600 : OOB 0.1907 : L 84 : T 35.7 sec
 - d_sub 1600 : OOB 0.1895 : L 85 : T 36.2 sec
 - d_sub 1600 : OOB 0.1884 : L 86 : T 36.6 sec
 - d_sub 1600 : OOB 0.1896 : L 87 : T 37.0 sec
 - d_sub 1600 : OOB 0.1909 : L 88 : T 37.5 sec
 - d_sub 1600 : OOB 0.1898 : L 89 : T 37.9 sec
 - d_sub 1600 : OOB 0.1891 : L 90 : T 38.3 sec
 - d_sub 1600 : OOB 0.1893 : L 91 : T 38.7 sec
 - d_sub 1600 : OOB 0.1895 : L 92 : T 39.1 sec
 - d_sub 1600 : OOB 0.1890 : L 93 : T 39.6 sec
 - d_sub 1600 : OOB 0.1880 : L 94 : T 39.9 sec
 - d_sub 1600 : OOB 0.1883 : L 95 : T 40.3 sec
 - d_sub 1600 : OOB 0.1871 : L 96 : T 40.7 sec
 - d_sub 1600 : OOB 0.1890 : L 97 : T 41.1 sec
 - d_sub 1600 : OOB 0.1882 : L 98 : T 41.5 sec
 - d_sub 1600 : OOB 0.1881 : L 99 : T 41.8 sec
 - d_sub 1600 : OOB 0.1878 : L 100 : T 42.2 sec

 - d_sub 1800 : OOB 0.4142 : L 1 : T 0.4 sec
 - d_sub 1800 : OOB 0.3576 : L 2 : T 0.9 sec
 - d_sub 1800 : OOB 0.3246 : L 3 : T 1.3 sec
 - d_sub 1800 : OOB 0.2993 : L 4 : T 1.8 sec
 - d_sub 1800 : OOB 0.2774 : L 5 : T 2.2 sec
 - d_sub 1800 : OOB 0.2676 : L 6 : T 2.7 sec
 - d_sub 1800 : OOB 0.2543 : L 7 : T 3.1 sec
 - d_sub 1800 : OOB 0.2477 : L 8 : T 3.6 sec
 - d_sub 1800 : OOB 0.2356 : L 9 : T 4.0 sec
 - d_sub 1800 : OOB 0.2318 : L 10 : T 4.5 sec
 - d_sub 1800 : OOB 0.2282 : L 11 : T 4.9 sec
 - d_sub 1800 : OOB 0.2224 : L 12 : T 5.4 sec
 - d_sub 1800 : OOB 0.2186 : L 13 : T 5.8 sec
 - d_sub 1800 : OOB 0.2188 : L 14 : T 6.3 sec
 - d_sub 1800 : OOB 0.2196 : L 15 : T 6.7 sec
 - d_sub 1800 : OOB 0.2143 : L 16 : T 7.2 sec
 - d_sub 1800 : OOB 0.2112 : L 17 : T 7.6 sec
 - d_sub 1800 : OOB 0.2130 : L 18 : T 8.1 sec
 - d_sub 1800 : OOB 0.2108 : L 19 : T 8.5 sec
 - d_sub 1800 : OOB 0.2076 : L 20 : T 8.9 sec
 - d_sub 1800 : OOB 0.2088 : L 21 : T 9.4 sec
 - d_sub 1800 : OOB 0.2067 : L 22 : T 9.8 sec
 - d_sub 1800 : OOB 0.2050 : L 23 : T 10.3 sec
 - d_sub 1800 : OOB 0.2029 : L 24 : T 10.7 sec
 - d_sub 1800 : OOB 0.2016 : L 25 : T 11.1 sec
 - d_sub 1800 : OOB 0.2038 : L 26 : T 11.6 sec
 - d_sub 1800 : OOB 0.2023 : L 27 : T 12.0 sec
 - d_sub 1800 : OOB 0.2026 : L 28 : T 12.5 sec
 - d_sub 1800 : OOB 0.2021 : L 29 : T 12.9 sec
 - d_sub 1800 : OOB 0.2011 : L 30 : T 13.4 sec
 - d_sub 1800 : OOB 0.2030 : L 31 : T 13.8 sec
 - d_sub 1800 : OOB 0.1992 : L 32 : T 14.4 sec
 - d_sub 1800 : OOB 0.1989 : L 33 : T 14.9 sec
 - d_sub 1800 : OOB 0.2005 : L 34 : T 15.3 sec
 - d_sub 1800 : OOB 0.1996 : L 35 : T 15.8 sec
 - d_sub 1800 : OOB 0.1985 : L 36 : T 16.2 sec
 - d_sub 1800 : OOB 0.2010 : L 37 : T 16.7 sec
 - d_sub 1800 : OOB 0.2010 : L 38 : T 17.1 sec
 - d_sub 1800 : OOB 0.1993 : L 39 : T 17.6 sec
 - d_sub 1800 : OOB 0.1985 : L 40 : T 18.0 sec
 - d_sub 1800 : OOB 0.1962 : L 41 : T 18.4 sec
 - d_sub 1800 : OOB 0.1961 : L 42 : T 18.9 sec
 - d_sub 1800 : OOB 0.1959 : L 43 : T 19.4 sec
 - d_sub 1800 : OOB 0.1966 : L 44 : T 19.9 sec
 - d_sub 1800 : OOB 0.1954 : L 45 : T 20.4 sec
 - d_sub 1800 : OOB 0.1945 : L 46 : T 20.9 sec
 - d_sub 1800 : OOB 0.1960 : L 47 : T 21.4 sec
 - d_sub 1800 : OOB 0.1942 : L 48 : T 21.9 sec
 - d_sub 1800 : OOB 0.1941 : L 49 : T 22.4 sec
 - d_sub 1800 : OOB 0.1938 : L 50 : T 23.0 sec
 - d_sub 1800 : OOB 0.1934 : L 51 : T 23.5 sec
 - d_sub 1800 : OOB 0.1947 : L 52 : T 24.0 sec
 - d_sub 1800 : OOB 0.1935 : L 53 : T 24.5 sec
 - d_sub 1800 : OOB 0.1928 : L 54 : T 25.0 sec
 - d_sub 1800 : OOB 0.1911 : L 55 : T 25.5 sec
 - d_sub 1800 : OOB 0.1915 : L 56 : T 26.0 sec
 - d_sub 1800 : OOB 0.1930 : L 57 : T 26.5 sec
 - d_sub 1800 : OOB 0.1902 : L 58 : T 27.1 sec
 - d_sub 1800 : OOB 0.1917 : L 59 : T 27.6 sec
 - d_sub 1800 : OOB 0.1901 : L 60 : T 28.1 sec
 - d_sub 1800 : OOB 0.1898 : L 61 : T 28.5 sec
 - d_sub 1800 : OOB 0.1906 : L 62 : T 28.9 sec
 - d_sub 1800 : OOB 0.1910 : L 63 : T 29.4 sec
 - d_sub 1800 : OOB 0.1911 : L 64 : T 29.8 sec
 - d_sub 1800 : OOB 0.1902 : L 65 : T 30.3 sec
 - d_sub 1800 : OOB 0.1886 : L 66 : T 30.7 sec
 - d_sub 1800 : OOB 0.1898 : L 67 : T 31.2 sec
 - d_sub 1800 : OOB 0.1898 : L 68 : T 31.6 sec
 - d_sub 1800 : OOB 0.1897 : L 69 : T 32.0 sec
 - d_sub 1800 : OOB 0.1883 : L 70 : T 32.5 sec
 - d_sub 1800 : OOB 0.1896 : L 71 : T 32.9 sec
 - d_sub 1800 : OOB 0.1910 : L 72 : T 33.4 sec
 - d_sub 1800 : OOB 0.1906 : L 73 : T 33.9 sec
 - d_sub 1800 : OOB 0.1886 : L 74 : T 34.3 sec
 - d_sub 1800 : OOB 0.1903 : L 75 : T 34.8 sec
 - d_sub 1800 : OOB 0.1903 : L 76 : T 35.2 sec
 - d_sub 1800 : OOB 0.1892 : L 77 : T 35.7 sec
 - d_sub 1800 : OOB 0.1886 : L 78 : T 36.3 sec
 - d_sub 1800 : OOB 0.1890 : L 79 : T 36.8 sec
 - d_sub 1800 : OOB 0.1902 : L 80 : T 37.3 sec
 - d_sub 1800 : OOB 0.1910 : L 81 : T 37.8 sec
 - d_sub 1800 : OOB 0.1911 : L 82 : T 38.3 sec
 - d_sub 1800 : OOB 0.1910 : L 83 : T 38.8 sec
 - d_sub 1800 : OOB 0.1899 : L 84 : T 39.3 sec
 - d_sub 1800 : OOB 0.1884 : L 85 : T 39.8 sec
 - d_sub 1800 : OOB 0.1901 : L 86 : T 40.3 sec
 - d_sub 1800 : OOB 0.1898 : L 87 : T 40.8 sec
 - d_sub 1800 : OOB 0.1897 : L 88 : T 41.3 sec
 - d_sub 1800 : OOB 0.1905 : L 89 : T 41.8 sec
 - d_sub 1800 : OOB 0.1895 : L 90 : T 42.4 sec
 - d_sub 1800 : OOB 0.1902 : L 91 : T 42.9 sec
 - d_sub 1800 : OOB 0.1888 : L 92 : T 43.4 sec
 - d_sub 1800 : OOB 0.1891 : L 93 : T 43.8 sec
 - d_sub 1800 : OOB 0.1903 : L 94 : T 44.3 sec
 - d_sub 1800 : OOB 0.1890 : L 95 : T 44.9 sec
 - d_sub 1800 : OOB 0.1900 : L 96 : T 45.4 sec
 - d_sub 1800 : OOB 0.1899 : L 97 : T 45.9 sec
# -------------------------
optimal d_sub 1400 : OOB 0.1877 : L 111 : T 195.0 sec
Testing error: 0.1796
# -------------------------
# Ensemble classification
#  - Training samples: 10000 (5000/5000)
#  - Feature-space dimensionality: 24157
#  - L : automatic (min 25, max 500, length 50, eps 0.00500)
#  - d_sub : 300
#  - Seed 1 (subspaces) : 429722088
#  - Seed 2 (bootstrap) : 699790607
# -------------------------

 - d_sub 300 : OOB 0.4102 : L 1 : T 0.0 sec
 - d_sub 300 : OOB 0.3482 : L 2 : T 0.1 sec
 - d_sub 300 : OOB 0.3227 : L 3 : T 0.1 sec
 - d_sub 300 : OOB 0.2975 : L 4 : T 0.2 sec
 - d_sub 300 : OOB 0.2782 : L 5 : T 0.2 sec
 - d_sub 300 : OOB 0.2691 : L 6 : T 0.3 sec
 - d_sub 300 : OOB 0.2660 : L 7 : T 0.3 sec
 - d_sub 300 : OOB 0.2596 : L 8 : T 0.3 sec
 - d_sub 300 : OOB 0.2547 : L 9 : T 0.4 sec
 - d_sub 300 : OOB 0.2496 : L 10 : T 0.4 sec
 - d_sub 300 : OOB 0.2473 : L 11 : T 0.5 sec
 - d_sub 300 : OOB 0.2472 : L 12 : T 0.5 sec
 - d_sub 300 : OOB 0.2463 : L 13 : T 0.6 sec
 - d_sub 300 : OOB 0.2430 : L 14 : T 0.6 sec
 - d_sub 300 : OOB 0.2416 : L 15 : T 0.7 sec
 - d_sub 300 : OOB 0.2421 : L 16 : T 0.7 sec
 - d_sub 300 : OOB 0.2425 : L 17 : T 0.8 sec
 - d_sub 300 : OOB 0.2399 : L 18 : T 0.8 sec
 - d_sub 300 : OOB 0.2428 : L 19 : T 0.9 sec
 - d_sub 300 : OOB 0.2404 : L 20 : T 0.9 sec
 - d_sub 300 : OOB 0.2409 : L 21 : T 0.9 sec
 - d_sub 300 : OOB 0.2385 : L 22 : T 1.0 sec
 - d_sub 300 : OOB 0.2395 : L 23 : T 1.0 sec
 - d_sub 300 : OOB 0.2399 : L 24 : T 1.1 sec
 - d_sub 300 : OOB 0.2376 : L 25 : T 1.1 sec
 - d_sub 300 : OOB 0.2378 : L 26 : T 1.2 sec
 - d_sub 300 : OOB 0.2397 : L 27 : T 1.2 sec
 - d_sub 300 : OOB 0.2407 : L 28 : T 1.3 sec
 - d_sub 300 : OOB 0.2375 : L 29 : T 1.3 sec
 - d_sub 300 : OOB 0.2346 : L 30 : T 1.3 sec
 - d_sub 300 : OOB 0.2362 : L 31 : T 1.4 sec
 - d_sub 300 : OOB 0.2383 : L 32 : T 1.4 sec
 - d_sub 300 : OOB 0.2364 : L 33 : T 1.5 sec
 - d_sub 300 : OOB 0.2368 : L 34 : T 1.5 sec
 - d_sub 300 : OOB 0.2345 : L 35 : T 1.6 sec
 - d_sub 300 : OOB 0.2348 : L 36 : T 1.6 sec
 - d_sub 300 : OOB 0.2352 : L 37 : T 1.7 sec
 - d_sub 300 : OOB 0.2337 : L 38 : T 1.7 sec
 - d_sub 300 : OOB 0.2340 : L 39 : T 1.7 sec
 - d_sub 300 : OOB 0.2329 : L 40 : T 1.8 sec
 - d_sub 300 : OOB 0.2346 : L 41 : T 1.8 sec
 - d_sub 300 : OOB 0.2336 : L 42 : T 1.9 sec
 - d_sub 300 : OOB 0.2336 : L 43 : T 1.9 sec
 - d_sub 300 : OOB 0.2320 : L 44 : T 2.0 sec
 - d_sub 300 : OOB 0.2329 : L 45 : T 2.0 sec
 - d_sub 300 : OOB 0.2340 : L 46 : T 2.1 sec
 - d_sub 300 : OOB 0.2346 : L 47 : T 2.1 sec
 - d_sub 300 : OOB 0.2339 : L 48 : T 2.2 sec
 - d_sub 300 : OOB 0.2340 : L 49 : T 2.2 sec
 - d_sub 300 : OOB 0.2323 : L 50 : T 2.2 sec
 - d_sub 300 : OOB 0.2346 : L 51 : T 2.3 sec
 - d_sub 300 : OOB 0.2331 : L 52 : T 2.3 sec
 - d_sub 300 : OOB 0.2347 : L 53 : T 2.4 sec
 - d_sub 300 : OOB 0.2340 : L 54 : T 2.4 sec
 - d_sub 300 : OOB 0.2333 : L 55 : T 2.5 sec
 - d_sub 300 : OOB 0.2340 : L 56 : T 2.5 sec
 - d_sub 300 : OOB 0.2328 : L 57 : T 2.6 sec
 - d_sub 300 : OOB 0.2331 : L 58 : T 2.6 sec
 - d_sub 300 : OOB 0.2324 : L 59 : T 2.7 sec
 - d_sub 300 : OOB 0.2331 : L 60 : T 2.7 sec
 - d_sub 300 : OOB 0.2316 : L 61 : T 2.7 sec
 - d_sub 300 : OOB 0.2322 : L 62 : T 2.8 sec
 - d_sub 300 : OOB 0.2331 : L 63 : T 2.8 sec
 - d_sub 300 : OOB 0.2321 : L 64 : T 2.9 sec
 - d_sub 300 : OOB 0.2313 : L 65 : T 2.9 sec
 - d_sub 300 : OOB 0.2320 : L 66 : T 3.0 sec
 - d_sub 300 : OOB 0.2309 : L 67 : T 3.0 sec
 - d_sub 300 : OOB 0.2305 : L 68 : T 3.0 sec
 - d_sub 300 : OOB 0.2302 : L 69 : T 3.1 sec
 - d_sub 300 : OOB 0.2306 : L 70 : T 3.1 sec
 - d_sub 300 : OOB 0.2304 : L 71 : T 3.2 sec
 - d_sub 300 : OOB 0.2301 : L 72 : T 3.2 sec
 - d_sub 300 : OOB 0.2296 : L 73 : T 3.3 sec
 - d_sub 300 : OOB 0.2301 : L 74 : T 3.3 sec
 - d_sub 300 : OOB 0.2301 : L 75 : T 3.4 sec
 - d_sub 300 : OOB 0.2294 : L 76 : T 3.4 sec
 - d_sub 300 : OOB 0.2291 : L 77 : T 3.4 sec
 - d_sub 300 : OOB 0.2288 : L 78 : T 3.5 sec
 - d_sub 300 : OOB 0.2289 : L 79 : T 3.5 sec
 - d_sub 300 : OOB 0.2295 : L 80 : T 3.6 sec
 - d_sub 300 : OOB 0.2282 : L 81 : T 3.6 sec
 - d_sub 300 : OOB 0.2274 : L 82 : T 3.7 sec
 - d_sub 300 : OOB 0.2286 : L 83 : T 3.7 sec
 - d_sub 300 : OOB 0.2285 : L 84 : T 3.8 sec
 - d_sub 300 : OOB 0.2280 : L 85 : T 3.8 sec
 - d_sub 300 : OOB 0.2270 : L 86 : T 3.9 sec
 - d_sub 300 : OOB 0.2270 : L 87 : T 3.9 sec
 - d_sub 300 : OOB 0.2284 : L 88 : T 3.9 sec
 - d_sub 300 : OOB 0.2266 : L 89 : T 4.0 sec
 - d_sub 300 : OOB 0.2266 : L 90 : T 4.0 sec
 - d_sub 300 : OOB 0.2281 : L 91 : T 4.1 sec
 - d_sub 300 : OOB 0.2272 : L 92 : T 4.1 sec
 - d_sub 300 : OOB 0.2276 : L 93 : T 4.2 sec
 - d_sub 300 : OOB 0.2270 : L 94 : T 4.2 sec
 - d_sub 300 : OOB 0.2289 : L 95 : T 4.3 sec
 - d_sub 300 : OOB 0.2283 : L 96 : T 4.3 sec
 - d_sub 300 : OOB 0.2275 : L 97 : T 4.4 sec
 - d_sub 300 : OOB 0.2278 : L 98 : T 4.4 sec
 - d_sub 300 : OOB 0.2279 : L 99 : T 4.5 sec
 - d_sub 300 : OOB 0.2281 : L 100 : T 4.5 sec
 - d_sub 300 : OOB 0.2288 : L 101 : T 4.5 sec
 - d_sub 300 : OOB 0.2286 : L 102 : T 4.6 sec
 - d_sub 300 : OOB 0.2285 : L 103 : T 4.6 sec
 - d_sub 300 : OOB 0.2277 : L 104 : T 4.7 sec
 - d_sub 300 : OOB 0.2283 : L 105 : T 4.7 sec
 - d_sub 300 : OOB 0.2274 : L 106 : T 4.8 sec
 - d_sub 300 : OOB 0.2271 : L 107 : T 4.8 sec
 - d_sub 300 : OOB 0.2269 : L 108 : T 4.9 sec
 - d_sub 300 : OOB 0.2281 : L 109 : T 4.9 sec
 - d_sub 300 : OOB 0.2279 : L 110 : T 5.0 sec
 - d_sub 300 : OOB 0.2268 : L 111 : T 5.0 sec
 - d_sub 300 : OOB 0.2267 : L 112 : T 5.1 sec
# -------------------------
optimal d_sub 300 : OOB 0.2267 : L 112 : T 5.1 sec
# -------------------------
# Ensemble classification
#  - Training samples: 10000 (5000/5000)
#  - Feature-space dimensionality: 24157
#  - L : 30
#  - d_sub : 300
#  - Seed 1 (subspaces) : 32401350
#  - Seed 2 (bootstrap) : 507221332
# -------------------------

 - d_sub 300 : OOB 0.4184 : L 1 : T 0.0 sec
 - d_sub 300 : OOB 0.3609 : L 2 : T 0.1 sec
 - d_sub 300 : OOB 0.3273 : L 3 : T 0.1 sec
 - d_sub 300 : OOB 0.3024 : L 4 : T 0.2 sec
 - d_sub 300 : OOB 0.2839 : L 5 : T 0.2 sec
 - d_sub 300 : OOB 0.2710 : L 6 : T 0.3 sec
 - d_sub 300 : OOB 0.2659 : L 7 : T 0.3 sec
 - d_sub 300 : OOB 0.2624 : L 8 : T 0.4 sec
 - d_sub 300 : OOB 0.2563 : L 9 : T 0.4 sec
 - d_sub 300 : OOB 0.2486 : L 10 : T 0.5 sec
 - d_sub 300 : OOB 0.2473 : L 11 : T 0.5 sec
 - d_sub 300 : OOB 0.2451 : L 12 : T 0.6 sec
 - d_sub 300 : OOB 0.2447 : L 13 : T 0.6 sec
 - d_sub 300 : OOB 0.2412 : L 14 : T 0.6 sec
 - d_sub 300 : OOB 0.2358 : L 15 : T 0.7 sec
 - d_sub 300 : OOB 0.2378 : L 16 : T 0.7 sec
 - d_sub 300 : OOB 0.2364 : L 17 : T 0.8 sec
 - d_sub 300 : OOB 0.2367 : L 18 : T 0.8 sec
 - d_sub 300 : OOB 0.2350 : L 19 : T 0.9 sec
 - d_sub 300 : OOB 0.2353 : L 20 : T 0.9 sec
 - d_sub 300 : OOB 0.2321 : L 21 : T 0.9 sec
 - d_sub 300 : OOB 0.2334 : L 22 : T 1.0 sec
 - d_sub 300 : OOB 0.2355 : L 23 : T 1.0 sec
 - d_sub 300 : OOB 0.2332 : L 24 : T 1.1 sec
 - d_sub 300 : OOB 0.2351 : L 25 : T 1.1 sec
 - d_sub 300 : OOB 0.2348 : L 26 : T 1.2 sec
 - d_sub 300 : OOB 0.2352 : L 27 : T 1.2 sec
 - d_sub 300 : OOB 0.2354 : L 28 : T 1.3 sec
 - d_sub 300 : OOB 0.2359 : L 29 : T 1.3 sec
 - d_sub 300 : OOB 0.2363 : L 30 : T 1.4 sec
# -------------------------
optimal d_sub 300 : OOB 0.2363 : L 30 : T 1.4 sec
# -------------------------
# Ensemble classification
#  - Training samples: 10000 (5000/5000)
#  - Feature-space dimensionality: 24157
#  - L : 30
#  - d_sub : 300
#  - Seed 1 (subspaces) : 766467306
#  - Seed 2 (bootstrap) : 527755208
# -------------------------

 - d_sub 300 : OOB 0.4149 : L 1 : T 0.1 sec
 - d_sub 300 : OOB 0.3590 : L 2 : T 0.1 sec
 - d_sub 300 : OOB 0.3316 : L 3 : T 0.1 sec
 - d_sub 300 : OOB 0.3041 : L 4 : T 0.2 sec
 - d_sub 300 : OOB 0.2850 : L 5 : T 0.2 sec
 - d_sub 300 : OOB 0.2760 : L 6 : T 0.3 sec
 - d_sub 300 : OOB 0.2691 : L 7 : T 0.3 sec
 - d_sub 300 : OOB 0.2622 : L 8 : T 0.4 sec
 - d_sub 300 : OOB 0.2597 : L 9 : T 0.4 sec
 - d_sub 300 : OOB 0.2506 : L 10 : T 0.5 sec
 - d_sub 300 : OOB 0.2476 : L 11 : T 0.5 sec
 - d_sub 300 : OOB 0.2475 : L 12 : T 0.6 sec
 - d_sub 300 : OOB 0.2452 : L 13 : T 0.6 sec
 - d_sub 300 : OOB 0.2411 : L 14 : T 0.6 sec
 - d_sub 300 : OOB 0.2398 : L 15 : T 0.7 sec
 - d_sub 300 : OOB 0.2381 : L 16 : T 0.7 sec
 - d_sub 300 : OOB 0.2388 : L 17 : T 0.8 sec
 - d_sub 300 : OOB 0.2362 : L 18 : T 0.8 sec
 - d_sub 300 : OOB 0.2391 : L 19 : T 0.9 sec
 - d_sub 300 : OOB 0.2371 : L 20 : T 0.9 sec
 - d_sub 300 : OOB 0.2341 : L 21 : T 1.0 sec
 - d_sub 300 : OOB 0.2352 : L 22 : T 1.0 sec
 - d_sub 300 : OOB 0.2352 : L 23 : T 1.1 sec
 - d_sub 300 : OOB 0.2325 : L 24 : T 1.1 sec
 - d_sub 300 : OOB 0.2336 : L 25 : T 1.2 sec
 - d_sub 300 : OOB 0.2324 : L 26 : T 1.2 sec
 - d_sub 300 : OOB 0.2317 : L 27 : T 1.2 sec
 - d_sub 300 : OOB 0.2322 : L 28 : T 1.3 sec
 - d_sub 300 : OOB 0.2337 : L 29 : T 1.3 sec
 - d_sub 300 : OOB 0.2357 : L 30 : T 1.4 sec
# -------------------------
optimal d_sub 300 : OOB 0.2357 : L 30 : T 1.4 sec
# -------------------------
# Ensemble classification
#  - Training samples: 10000 (5000/5000)
#  - Feature-space dimensionality: 24157
#  - L : 30
#  - d_sub : 300
#  - Seed 1 (subspaces) : 262788699
#  - Seed 2 (bootstrap) : 112916558
# -------------------------

 - d_sub 300 : OOB 0.4112 : L 1 : T 0.0 sec
 - d_sub 300 : OOB 0.3575 : L 2 : T 0.1 sec
 - d_sub 300 : OOB 0.3279 : L 3 : T 0.1 sec
 - d_sub 300 : OOB 0.3004 : L 4 : T 0.2 sec
 - d_sub 300 : OOB 0.2842 : L 5 : T 0.2 sec
 - d_sub 300 : OOB 0.2731 : L 6 : T 0.3 sec
 - d_sub 300 : OOB 0.2659 : L 7 : T 0.3 sec
 - d_sub 300 : OOB 0.2586 : L 8 : T 0.4 sec
 - d_sub 300 : OOB 0.2540 : L 9 : T 0.4 sec
 - d_sub 300 : OOB 0.2504 : L 10 : T 0.4 sec
 - d_sub 300 : OOB 0.2508 : L 11 : T 0.5 sec
 - d_sub 300 : OOB 0.2487 : L 12 : T 0.5 sec
 - d_sub 300 : OOB 0.2461 : L 13 : T 0.6 sec
 - d_sub 300 : OOB 0.2455 : L 14 : T 0.6 sec
 - d_sub 300 : OOB 0.2428 : L 15 : T 0.7 sec
 - d_sub 300 : OOB 0.2452 : L 16 : T 0.7 sec
 - d_sub 300 : OOB 0.2413 : L 17 : T 0.8 sec
 - d_sub 300 : OOB 0.2433 : L 18 : T 0.8 sec
 - d_sub 300 : OOB 0.2414 : L 19 : T 0.9 sec
 - d_sub 300 : OOB 0.2391 : L 20 : T 0.9 sec
 - d_sub 300 : OOB 0.2393 : L 21 : T 1.0 sec
 - d_sub 300 : OOB 0.2400 : L 22 : T 1.0 sec
 - d_sub 300 : OOB 0.2369 : L 23 : T 1.0 sec
 - d_sub 300 : OOB 0.2371 : L 24 : T 1.1 sec
 - d_sub 300 : OOB 0.2370 : L 25 : T 1.1 sec
 - d_sub 300 : OOB 0.2378 : L 26 : T 1.2 sec
 - d_sub 300 : OOB 0.2363 : L 27 : T 1.2 sec
 - d_sub 300 : OOB 0.2372 : L 28 : T 1.3 sec
 - d_sub 300 : OOB 0.2369 : L 29 : T 1.3 sec
 - d_sub 300 : OOB 0.2376 : L 30 : T 1.4 sec
# -------------------------
optimal d_sub 300 : OOB 0.2376 : L 30 : T 1.4 sec
# -------------------------
# Ensemble classification
#  - Training samples: 10000 (5000/5000)
#  - Feature-space dimensionality: 24157
#  - L : 30
#  - d_sub : 300
#  - Seed 1 (subspaces) : 747962316
#  - Seed 2 (bootstrap) : 40519089
# -------------------------

 - d_sub 300 : OOB 0.4185 : L 1 : T 0.0 sec
 - d_sub 300 : OOB 0.3580 : L 2 : T 0.1 sec
 - d_sub 300 : OOB 0.3259 : L 3 : T 0.1 sec
 - d_sub 300 : OOB 0.2985 : L 4 : T 0.2 sec
 - d_sub 300 : OOB 0.2797 : L 5 : T 0.2 sec
 - d_sub 300 : OOB 0.2740 : L 6 : T 0.3 sec
 - d_sub 300 : OOB 0.2669 : L 7 : T 0.3 sec
 - d_sub 300 : OOB 0.2609 : L 8 : T 0.3 sec
 - d_sub 300 : OOB 0.2568 : L 9 : T 0.4 sec
 - d_sub 300 : OOB 0.2512 : L 10 : T 0.4 sec
 - d_sub 300 : OOB 0.2503 : L 11 : T 0.5 sec
 - d_sub 300 : OOB 0.2470 : L 12 : T 0.5 sec
 - d_sub 300 : OOB 0.2470 : L 13 : T 0.6 sec
 - d_sub 300 : OOB 0.2439 : L 14 : T 0.6 sec
 - d_sub 300 : OOB 0.2430 : L 15 : T 0.7 sec
 - d_sub 300 : OOB 0.2407 : L 16 : T 0.7 sec
 - d_sub 300 : OOB 0.2398 : L 17 : T 0.7 sec
 - d_sub 300 : OOB 0.2399 : L 18 : T 0.8 sec
 - d_sub 300 : OOB 0.2375 : L 19 : T 0.8 sec
 - d_sub 300 : OOB 0.2350 : L 20 : T 0.9 sec
 - d_sub 300 : OOB 0.2328 : L 21 : T 0.9 sec
 - d_sub 300 : OOB 0.2326 : L 22 : T 1.0 sec
 - d_sub 300 : OOB 0.2336 : L 23 : T 1.0 sec
 - d_sub 300 : OOB 0.2346 : L 24 : T 1.0 sec
 - d_sub 300 : OOB 0.2316 : L 25 : T 1.1 sec
 - d_sub 300 : OOB 0.2321 : L 26 : T 1.1 sec
 - d_sub 300 : OOB 0.2313 : L 27 : T 1.2 sec
 - d_sub 300 : OOB 0.2309 : L 28 : T 1.2 sec
 - d_sub 300 : OOB 0.2312 : L 29 : T 1.3 sec
 - d_sub 300 : OOB 0.2316 : L 30 : T 1.3 sec
# -------------------------
optimal d_sub 300 : OOB 0.2316 : L 30 : T 1.3 sec
# -------------------------
# Ensemble classification
#  - Training samples: 10000 (5000/5000)
#  - Feature-space dimensionality: 24157
#  - L : 30
#  - d_sub : 300
#  - Seed 1 (subspaces) : 925811557
#  - Seed 2 (bootstrap) : 235257148
# -------------------------

 - d_sub 300 : OOB 0.4131 : L 1 : T 0.0 sec
 - d_sub 300 : OOB 0.3592 : L 2 : T 0.1 sec
 - d_sub 300 : OOB 0.3288 : L 3 : T 0.1 sec
 - d_sub 300 : OOB 0.3008 : L 4 : T 0.2 sec
 - d_sub 300 : OOB 0.2848 : L 5 : T 0.2 sec
 - d_sub 300 : OOB 0.2780 : L 6 : T 0.3 sec
 - d_sub 300 : OOB 0.2694 : L 7 : T 0.3 sec
 - d_sub 300 : OOB 0.2627 : L 8 : T 0.3 sec
 - d_sub 300 : OOB 0.2590 : L 9 : T 0.4 sec
 - d_sub 300 : OOB 0.2550 : L 10 : T 0.4 sec
 - d_sub 300 : OOB 0.2537 : L 11 : T 0.5 sec
 - d_sub 300 : OOB 0.2480 : L 12 : T 0.5 sec
 - d_sub 300 : OOB 0.2477 : L 13 : T 0.6 sec
 - d_sub 300 : OOB 0.2468 : L 14 : T 0.6 sec
 - d_sub 300 : OOB 0.2437 : L 15 : T 0.7 sec
 - d_sub 300 : OOB 0.2416 : L 16 : T 0.7 sec
 - d_sub 300 : OOB 0.2427 : L 17 : T 0.7 sec
 - d_sub 300 : OOB 0.2436 : L 18 : T 0.8 sec
 - d_sub 300 : OOB 0.2394 : L 19 : T 0.8 sec
 - d_sub 300 : OOB 0.2392 : L 20 : T 0.9 sec
 - d_sub 300 : OOB 0.2381 : L 21 : T 0.9 sec
 - d_sub 300 : OOB 0.2389 : L 22 : T 1.0 sec
 - d_sub 300 : OOB 0.2380 : L 23 : T 1.0 sec
 - d_sub 300 : OOB 0.2357 : L 24 : T 1.0 sec
 - d_sub 300 : OOB 0.2356 : L 25 : T 1.1 sec
 - d_sub 300 : OOB 0.2359 : L 26 : T 1.1 sec
 - d_sub 300 : OOB 0.2366 : L 27 : T 1.2 sec
 - d_sub 300 : OOB 0.2382 : L 28 : T 1.2 sec
 - d_sub 300 : OOB 0.2362 : L 29 : T 1.3 sec
 - d_sub 300 : OOB 0.2362 : L 30 : T 1.3 sec
# -------------------------
optimal d_sub 300 : OOB 0.2362 : L 30 : T 1.3 sec
# -------------------------
# Ensemble classification
#  - Training samples: 10000 (5000/5000)
#  - Feature-space dimensionality: 24157
#  - L : 30
#  - d_sub : 300
#  - Seed 1 (subspaces) : 853857307
#  - Seed 2 (bootstrap) : 220313632
# -------------------------

 - d_sub 300 : OOB 0.4099 : L 1 : T 0.0 sec
 - d_sub 300 : OOB 0.3582 : L 2 : T 0.1 sec
 - d_sub 300 : OOB 0.3286 : L 3 : T 0.1 sec
 - d_sub 300 : OOB 0.3021 : L 4 : T 0.2 sec
 - d_sub 300 : OOB 0.2831 : L 5 : T 0.2 sec
 - d_sub 300 : OOB 0.2725 : L 6 : T 0.3 sec
 - d_sub 300 : OOB 0.2692 : L 7 : T 0.3 sec
 - d_sub 300 : OOB 0.2588 : L 8 : T 0.4 sec
 - d_sub 300 : OOB 0.2580 : L 9 : T 0.4 sec
 - d_sub 300 : OOB 0.2541 : L 10 : T 0.5 sec
 - d_sub 300 : OOB 0.2507 : L 11 : T 0.5 sec
 - d_sub 300 : OOB 0.2497 : L 12 : T 0.5 sec
 - d_sub 300 : OOB 0.2467 : L 13 : T 0.6 sec
 - d_sub 300 : OOB 0.2474 : L 14 : T 0.6 sec
 - d_sub 300 : OOB 0.2412 : L 15 : T 0.7 sec
 - d_sub 300 : OOB 0.2431 : L 16 : T 0.7 sec
 - d_sub 300 : OOB 0.2422 : L 17 : T 0.8 sec
 - d_sub 300 : OOB 0.2405 : L 18 : T 0.8 sec
 - d_sub 300 : OOB 0.2396 : L 19 : T 0.9 sec
 - d_sub 300 : OOB 0.2392 : L 20 : T 0.9 sec
 - d_sub 300 : OOB 0.2390 : L 21 : T 0.9 sec
 - d_sub 300 : OOB 0.2375 : L 22 : T 1.0 sec
 - d_sub 300 : OOB 0.2393 : L 23 : T 1.0 sec
 - d_sub 300 : OOB 0.2390 : L 24 : T 1.1 sec
 - d_sub 300 : OOB 0.2386 : L 25 : T 1.1 sec
 - d_sub 300 : OOB 0.2380 : L 26 : T 1.2 sec
 - d_sub 300 : OOB 0.2362 : L 27 : T 1.2 sec
 - d_sub 300 : OOB 0.2341 : L 28 : T 1.2 sec
 - d_sub 300 : OOB 0.2345 : L 29 : T 1.3 sec
 - d_sub 300 : OOB 0.2358 : L 30 : T 1.3 sec
# -------------------------
optimal d_sub 300 : OOB 0.2358 : L 30 : T 1.3 sec
# -------------------------
# Ensemble classification
#  - Training samples: 10000 (5000/5000)
#  - Feature-space dimensionality: 24157
#  - L : 30
#  - d_sub : 300
#  - Seed 1 (subspaces) : 425813836
#  - Seed 2 (bootstrap) : 659553806
# -------------------------

 - d_sub 300 : OOB 0.4159 : L 1 : T 0.0 sec
 - d_sub 300 : OOB 0.3632 : L 2 : T 0.1 sec
 - d_sub 300 : OOB 0.3336 : L 3 : T 0.1 sec
 - d_sub 300 : OOB 0.3085 : L 4 : T 0.2 sec
 - d_sub 300 : OOB 0.2920 : L 5 : T 0.2 sec
 - d_sub 300 : OOB 0.2800 : L 6 : T 0.3 sec
 - d_sub 300 : OOB 0.2690 : L 7 : T 0.3 sec
 - d_sub 300 : OOB 0.2630 : L 8 : T 0.3 sec
 - d_sub 300 : OOB 0.2604 : L 9 : T 0.4 sec
 - d_sub 300 : OOB 0.2584 : L 10 : T 0.4 sec
 - d_sub 300 : OOB 0.2538 : L 11 : T 0.5 sec
 - d_sub 300 : OOB 0.2520 : L 12 : T 0.5 sec
 - d_sub 300 : OOB 0.2461 : L 13 : T 0.6 sec
 - d_sub 300 : OOB 0.2432 : L 14 : T 0.6 sec
 - d_sub 300 : OOB 0.2421 : L 15 : T 0.6 sec
 - d_sub 300 : OOB 0.2403 : L 16 : T 0.7 sec
 - d_sub 300 : OOB 0.2401 : L 17 : T 0.7 sec
 - d_sub 300 : OOB 0.2392 : L 18 : T 0.8 sec
 - d_sub 300 : OOB 0.2371 : L 19 : T 0.8 sec
 - d_sub 300 : OOB 0.2369 : L 20 : T 0.9 sec
 - d_sub 300 : OOB 0.2379 : L 21 : T 0.9 sec
 - d_sub 300 : OOB 0.2367 : L 22 : T 0.9 sec
 - d_sub 300 : OOB 0.2346 : L 23 : T 1.0 sec
 - d_sub 300 : OOB 0.2356 : L 24 : T 1.0 sec
 - d_sub 300 : OOB 0.2342 : L 25 : T 1.1 sec
 - d_sub 300 : OOB 0.2327 : L 26 : T 1.1 sec
 - d_sub 300 : OOB 0.2302 : L 27 : T 1.2 sec
 - d_sub 300 : OOB 0.2306 : L 28 : T 1.2 sec
 - d_sub 300 : OOB 0.2322 : L 29 : T 1.3 sec
 - d_sub 300 : OOB 0.2314 : L 30 : T 1.3 sec
# -------------------------
optimal d_sub 300 : OOB 0.2314 : L 30 : T 1.3 sec
# -------------------------
# Ensemble classification
#  - Training samples: 10000 (5000/5000)
#  - Feature-space dimensionality: 24157
#  - L : 30
#  - d_sub : 300
#  - Seed 1 (subspaces) : 101419108
#  - Seed 2 (bootstrap) : 658382403
# -------------------------

 - d_sub 300 : OOB 0.4154 : L 1 : T 0.0 sec
 - d_sub 300 : OOB 0.3580 : L 2 : T 0.1 sec
 - d_sub 300 : OOB 0.3233 : L 3 : T 0.1 sec
 - d_sub 300 : OOB 0.2995 : L 4 : T 0.2 sec
 - d_sub 300 : OOB 0.2813 : L 5 : T 0.2 sec
 - d_sub 300 : OOB 0.2739 : L 6 : T 0.3 sec
 - d_sub 300 : OOB 0.2685 : L 7 : T 0.3 sec
 - d_sub 300 : OOB 0.2641 : L 8 : T 0.3 sec
 - d_sub 300 : OOB 0.2619 : L 9 : T 0.4 sec
 - d_sub 300 : OOB 0.2551 : L 10 : T 0.4 sec
 - d_sub 300 : OOB 0.2523 : L 11 : T 0.5 sec
 - d_sub 300 : OOB 0.2485 : L 12 : T 0.5 sec
 - d_sub 300 : OOB 0.2495 : L 13 : T 0.6 sec
 - d_sub 300 : OOB 0.2429 : L 14 : T 0.6 sec
 - d_sub 300 : OOB 0.2437 : L 15 : T 0.7 sec
 - d_sub 300 : OOB 0.2431 : L 16 : T 0.7 sec
 - d_sub 300 : OOB 0.2392 : L 17 : T 0.8 sec
 - d_sub 300 : OOB 0.2391 : L 18 : T 0.8 sec
 - d_sub 300 : OOB 0.2405 : L 19 : T 0.8 sec
 - d_sub 300 : OOB 0.2373 : L 20 : T 0.9 sec
 - d_sub 300 : OOB 0.2381 : L 21 : T 0.9 sec
 - d_sub 300 : OOB 0.2365 : L 22 : T 1.0 sec
 - d_sub 300 : OOB 0.2369 : L 23 : T 1.0 sec
 - d_sub 300 : OOB 0.2386 : L 24 : T 1.1 sec
 - d_sub 300 : OOB 0.2374 : L 25 : T 1.1 sec
 - d_sub 300 : OOB 0.2365 : L 26 : T 1.2 sec
 - d_sub 300 : OOB 0.2356 : L 27 : T 1.2 sec
 - d_sub 300 : OOB 0.2359 : L 28 : T 1.2 sec
 - d_sub 300 : OOB 0.2338 : L 29 : T 1.3 sec
 - d_sub 300 : OOB 0.2338 : L 30 : T 1.3 sec
# -------------------------
optimal d_sub 300 : OOB 0.2338 : L 30 : T 1.3 sec
# -------------------------
# Ensemble classification
#  - Training samples: 10000 (5000/5000)
#  - Feature-space dimensionality: 24157
#  - L : 30
#  - d_sub : 300
#  - Seed 1 (subspaces) : 58689842
#  - Seed 2 (bootstrap) : 434141733
# -------------------------

 - d_sub 300 : OOB 0.4092 : L 1 : T 0.0 sec
 - d_sub 300 : OOB 0.3577 : L 2 : T 0.1 sec
 - d_sub 300 : OOB 0.3297 : L 3 : T 0.1 sec
 - d_sub 300 : OOB 0.3088 : L 4 : T 0.2 sec
 - d_sub 300 : OOB 0.2933 : L 5 : T 0.2 sec
 - d_sub 300 : OOB 0.2841 : L 6 : T 0.3 sec
 - d_sub 300 : OOB 0.2701 : L 7 : T 0.3 sec
 - d_sub 300 : OOB 0.2637 : L 8 : T 0.4 sec
 - d_sub 300 : OOB 0.2625 : L 9 : T 0.4 sec
 - d_sub 300 : OOB 0.2590 : L 10 : T 0.5 sec
 - d_sub 300 : OOB 0.2555 : L 11 : T 0.5 sec
 - d_sub 300 : OOB 0.2519 : L 12 : T 0.5 sec
 - d_sub 300 : OOB 0.2484 : L 13 : T 0.6 sec
 - d_sub 300 : OOB 0.2484 : L 14 : T 0.6 sec
 - d_sub 300 : OOB 0.2456 : L 15 : T 0.7 sec
 - d_sub 300 : OOB 0.2425 : L 16 : T 0.7 sec
 - d_sub 300 : OOB 0.2440 : L 17 : T 0.8 sec
 - d_sub 300 : OOB 0.2421 : L 18 : T 0.8 sec
 - d_sub 300 : OOB 0.2384 : L 19 : T 0.9 sec
 - d_sub 300 : OOB 0.2391 : L 20 : T 0.9 sec
 - d_sub 300 : OOB 0.2384 : L 21 : T 0.9 sec
 - d_sub 300 : OOB 0.2387 : L 22 : T 1.0 sec
 - d_sub 300 : OOB 0.2380 : L 23 : T 1.0 sec
 - d_sub 300 : OOB 0.2378 : L 24 : T 1.1 sec
 - d_sub 300 : OOB 0.2355 : L 25 : T 1.1 sec
 - d_sub 300 : OOB 0.2344 : L 26 : T 1.2 sec
 - d_sub 300 : OOB 0.2336 : L 27 : T 1.2 sec
 - d_sub 300 : OOB 0.2338 : L 28 : T 1.3 sec
 - d_sub 300 : OOB 0.2331 : L 29 : T 1.3 sec
 - d_sub 300 : OOB 0.2328 : L 30 : T 1.3 sec
# -------------------------
optimal d_sub 300 : OOB 0.2328 : L 30 : T 1.3 sec
# -------------------------
# Ensemble classification
#  - Training samples: 10000 (5000/5000)
#  - Feature-space dimensionality: 24157
#  - L : 30
#  - d_sub : 300
#  - Seed 1 (subspaces) : 653710021
#  - Seed 2 (bootstrap) : 455534895
# -------------------------

 - d_sub 300 : OOB 0.4088 : L 1 : T 0.0 sec
 - d_sub 300 : OOB 0.3524 : L 2 : T 0.1 sec
 - d_sub 300 : OOB 0.3235 : L 3 : T 0.1 sec
 - d_sub 300 : OOB 0.2952 : L 4 : T 0.2 sec
 - d_sub 300 : OOB 0.2791 : L 5 : T 0.2 sec
 - d_sub 300 : OOB 0.2705 : L 6 : T 0.3 sec
 - d_sub 300 : OOB 0.2613 : L 7 : T 0.3 sec
 - d_sub 300 : OOB 0.2550 : L 8 : T 0.3 sec
 - d_sub 300 : OOB 0.2531 : L 9 : T 0.4 sec
 - d_sub 300 : OOB 0.2492 : L 10 : T 0.4 sec
 - d_sub 300 : OOB 0.2472 : L 11 : T 0.5 sec
 - d_sub 300 : OOB 0.2443 : L 12 : T 0.5 sec
 - d_sub 300 : OOB 0.2433 : L 13 : T 0.6 sec
 - d_sub 300 : OOB 0.2448 : L 14 : T 0.6 sec
 - d_sub 300 : OOB 0.2434 : L 15 : T 0.7 sec
 - d_sub 300 : OOB 0.2427 : L 16 : T 0.7 sec
 - d_sub 300 : OOB 0.2407 : L 17 : T 0.7 sec
 - d_sub 300 : OOB 0.2417 : L 18 : T 0.8 sec
 - d_sub 300 : OOB 0.2382 : L 19 : T 0.8 sec
 - d_sub 300 : OOB 0.2368 : L 20 : T 0.9 sec
 - d_sub 300 : OOB 0.2389 : L 21 : T 0.9 sec
 - d_sub 300 : OOB 0.2380 : L 22 : T 1.0 sec
 - d_sub 300 : OOB 0.2352 : L 23 : T 1.0 sec
 - d_sub 300 : OOB 0.2349 : L 24 : T 1.1 sec
 - d_sub 300 : OOB 0.2363 : L 25 : T 1.1 sec
 - d_sub 300 : OOB 0.2342 : L 26 : T 1.2 sec
 - d_sub 300 : OOB 0.2322 : L 27 : T 1.2 sec
 - d_sub 300 : OOB 0.2304 : L 28 : T 1.3 sec
 - d_sub 300 : OOB 0.2317 : L 29 : T 1.3 sec
 - d_sub 300 : OOB 0.2315 : L 30 : T 1.3 sec
# -------------------------
optimal d_sub 300 : OOB 0.2315 : L 30 : T 1.3 sec
# -------------------------
# Ensemble classification
#  - Training samples: 10000 (5000/5000)
#  - Feature-space dimensionality: 24157
#  - L : 30
#  - d_sub : 300
#  - Seed 1 (subspaces) : 152577265
#  - Seed 2 (bootstrap) : 355374945
# -------------------------

 - d_sub 300 : OOB 0.4128 : L 1 : T 0.0 sec
 - d_sub 300 : OOB 0.3582 : L 2 : T 0.1 sec
 - d_sub 300 : OOB 0.3273 : L 3 : T 0.1 sec
 - d_sub 300 : OOB 0.3005 : L 4 : T 0.2 sec
 - d_sub 300 : OOB 0.2811 : L 5 : T 0.2 sec
 - d_sub 300 : OOB 0.2750 : L 6 : T 0.3 sec
 - d_sub 300 : OOB 0.2716 : L 7 : T 0.3 sec
 - d_sub 300 : OOB 0.2650 : L 8 : T 0.4 sec
 - d_sub 300 : OOB 0.2594 : L 9 : T 0.4 sec
 - d_sub 300 : OOB 0.2509 : L 10 : T 0.5 sec
 - d_sub 300 : OOB 0.2498 : L 11 : T 0.5 sec
 - d_sub 300 : OOB 0.2484 : L 12 : T 0.5 sec
 - d_sub 300 : OOB 0.2464 : L 13 : T 0.6 sec
 - d_sub 300 : OOB 0.2440 : L 14 : T 0.6 sec
 - d_sub 300 : OOB 0.2430 : L 15 : T 0.7 sec
 - d_sub 300 : OOB 0.2410 : L 16 : T 0.7 sec
 - d_sub 300 : OOB 0.2399 : L 17 : T 0.8 sec
 - d_sub 300 : OOB 0.2406 : L 18 : T 0.8 sec
 - d_sub 300 : OOB 0.2395 : L 19 : T 0.8 sec
 - d_sub 300 : OOB 0.2375 : L 20 : T 0.9 sec
 - d_sub 300 : OOB 0.2371 : L 21 : T 0.9 sec
 - d_sub 300 : OOB 0.2341 : L 22 : T 1.0 sec
 - d_sub 300 : OOB 0.2359 : L 23 : T 1.0 sec
 - d_sub 300 : OOB 0.2352 : L 24 : T 1.1 sec
 - d_sub 300 : OOB 0.2335 : L 25 : T 1.1 sec
 - d_sub 300 : OOB 0.2326 : L 26 : T 1.2 sec
 - d_sub 300 : OOB 0.2330 : L 27 : T 1.2 sec
 - d_sub 300 : OOB 0.2328 : L 28 : T 1.3 sec
 - d_sub 300 : OOB 0.2312 : L 29 : T 1.3 sec
 - d_sub 300 : OOB 0.2312 : L 30 : T 1.4 sec
# -------------------------
optimal d_sub 300 : OOB 0.2312 : L 30 : T 1.4 sec
# -------------------------
Average OOB error = 0.23376 (+/- 0.00239)
# -------------------------
# Ensemble classification
#  - Training samples: 10000 (5000/5000)
#  - Feature-space dimensionality: 24157
#  - L : 30
#  - d_sub : 300
#  - Seed 1 (subspaces) : 5
#  - Seed 2 (bootstrap) : 73
# -------------------------

 - d_sub 300 : OOB 0.4074 : L 1 : T 0.0 sec
 - d_sub 300 : OOB 0.3560 : L 2 : T 0.1 sec
 - d_sub 300 : OOB 0.3261 : L 3 : T 0.1 sec
 - d_sub 300 : OOB 0.2995 : L 4 : T 0.2 sec
 - d_sub 300 : OOB 0.2779 : L 5 : T 0.2 sec
 - d_sub 300 : OOB 0.2687 : L 6 : T 0.3 sec
 - d_sub 300 : OOB 0.2690 : L 7 : T 0.3 sec
 - d_sub 300 : OOB 0.2625 : L 8 : T 0.4 sec
 - d_sub 300 : OOB 0.2575 : L 9 : T 0.4 sec
 - d_sub 300 : OOB 0.2522 : L 10 : T 0.5 sec
 - d_sub 300 : OOB 0.2490 : L 11 : T 0.5 sec
 - d_sub 300 : OOB 0.2469 : L 12 : T 0.5 sec
 - d_sub 300 : OOB 0.2446 : L 13 : T 0.6 sec
 - d_sub 300 : OOB 0.2411 : L 14 : T 0.6 sec
 - d_sub 300 : OOB 0.2400 : L 15 : T 0.7 sec
 - d_sub 300 : OOB 0.2370 : L 16 : T 0.7 sec
 - d_sub 300 : OOB 0.2366 : L 17 : T 0.8 sec
 - d_sub 300 : OOB 0.2357 : L 18 : T 0.8 sec
 - d_sub 300 : OOB 0.2353 : L 19 : T 0.9 sec
 - d_sub 300 : OOB 0.2323 : L 20 : T 0.9 sec
 - d_sub 300 : OOB 0.2331 : L 21 : T 1.0 sec
 - d_sub 300 : OOB 0.2310 : L 22 : T 1.0 sec
 - d_sub 300 : OOB 0.2319 : L 23 : T 1.0 sec
 - d_sub 300 : OOB 0.2345 : L 24 : T 1.1 sec
 - d_sub 300 : OOB 0.2313 : L 25 : T 1.1 sec
 - d_sub 300 : OOB 0.2322 : L 26 : T 1.2 sec
 - d_sub 300 : OOB 0.2327 : L 27 : T 1.2 sec
 - d_sub 300 : OOB 0.2325 : L 28 : T 1.3 sec
 - d_sub 300 : OOB 0.2328 : L 29 : T 1.3 sec
 - d_sub 300 : OOB 0.2329 : L 30 : T 1.4 sec
# -------------------------
optimal d_sub 300 : OOB 0.2329 : L 30 : T 1.4 sec
OOB error = 0.2315
optimal d_sub 300 : OOB 0.2300 : L 30 : T 1.4 sec
optimal d_sub 300 : OOB 0.2182 : L 88 : T 4.0 sec
Testing error 1: 0.2265
optimal d_sub 300 : OOB 0.2237 : L 91 : T 4.0 sec
Testing error 2: 0.2170
optimal d_sub 300 : OOB 0.2220 : L 79 : T 3.6 sec
Testing error 3: 0.2182
optimal d_sub 300 : OOB 0.2220 : L 99 : T 4.5 sec
Testing error 4: 0.2187
optimal d_sub 300 : OOB 0.2240 : L 78 : T 3.5 sec
Testing error 5: 0.2178
optimal d_sub 300 : OOB 0.2207 : L 88 : T 3.6 sec
Testing error 6: 0.2198
optimal d_sub 300 : OOB 0.2242 : L 71 : T 3.2 sec
Testing error 7: 0.2156
optimal d_sub 300 : OOB 0.2250 : L 85 : T 3.9 sec
Testing error 8: 0.2142
optimal d_sub 300 : OOB 0.2286 : L 93 : T 4.2 sec
Testing error 9: 0.2192
optimal d_sub 300 : OOB 0.2260 : L 106 : T 4.8 sec
Testing error 10: 0.2139
---
Average testing error over 10 splits: 0.2181 (+/- 0.0036)
