# -------------------------
# Ensemble classification
#  - Training samples: 10000 (5000/5000)
#  - Feature-space dimensionality: 22563
#  - L : automatic (min 25, max 500, length 50, eps 0.00500)
#  - d_sub : automatic (Eoob tolerance 0.0200, step 200)
#  - Seed 1 (subspaces) : 800714811
#  - Seed 2 (bootstrap) : 401043750
# -------------------------

 - d_sub 200 : OOB 0.5020 : L 1 : T 0.0 sec
 - d_sub 200 : OOB 0.4984 : L 2 : T 0.1 sec
 - d_sub 200 : OOB 0.5051 : L 3 : T 0.1 sec
 - d_sub 200 : OOB 0.5068 : L 4 : T 0.2 sec
 - d_sub 200 : OOB 0.4442 : L 5 : T 0.2 sec
 - d_sub 200 : OOB 0.4516 : L 6 : T 0.3 sec
 - d_sub 200 : OOB 0.4180 : L 7 : T 0.3 sec
 - d_sub 200 : OOB 0.4148 : L 8 : T 0.3 sec
 - d_sub 200 : OOB 0.4186 : L 9 : T 0.4 sec
 - d_sub 200 : OOB 0.4183 : L 10 : T 0.4 sec
 - d_sub 200 : OOB 0.4219 : L 11 : T 0.4 sec
 - d_sub 200 : OOB 0.4204 : L 12 : T 0.5 sec
 - d_sub 200 : OOB 0.4190 : L 13 : T 0.5 sec
 - d_sub 200 : OOB 0.3960 : L 14 : T 0.6 sec
 - d_sub 200 : OOB 0.3881 : L 15 : T 0.6 sec
 - d_sub 200 : OOB 0.3746 : L 16 : T 0.6 sec
 - d_sub 200 : OOB 0.3649 : L 17 : T 0.7 sec
 - d_sub 200 : OOB 0.3631 : L 18 : T 0.7 sec
 - d_sub 200 : OOB 0.3600 : L 19 : T 0.8 sec
 - d_sub 200 : OOB 0.3582 : L 20 : T 0.8 sec
 - d_sub 200 : OOB 0.3565 : L 21 : T 0.8 sec
 - d_sub 200 : OOB 0.3539 : L 22 : T 0.9 sec
 - d_sub 200 : OOB 0.3553 : L 23 : T 0.9 sec
 - d_sub 200 : OOB 0.3550 : L 24 : T 0.9 sec
 - d_sub 200 : OOB 0.3557 : L 25 : T 1.0 sec
 - d_sub 200 : OOB 0.3562 : L 26 : T 1.0 sec
 - d_sub 200 : OOB 0.3542 : L 27 : T 1.0 sec
 - d_sub 200 : OOB 0.3532 : L 28 : T 1.1 sec
 - d_sub 200 : OOB 0.3516 : L 29 : T 1.1 sec
 - d_sub 200 : OOB 0.3501 : L 30 : T 1.2 sec
 - d_sub 200 : OOB 0.3524 : L 31 : T 1.2 sec
 - d_sub 200 : OOB 0.3504 : L 32 : T 1.2 sec
 - d_sub 200 : OOB 0.3516 : L 33 : T 1.3 sec
 - d_sub 200 : OOB 0.3478 : L 34 : T 1.3 sec
 - d_sub 200 : OOB 0.3473 : L 35 : T 1.4 sec
 - d_sub 200 : OOB 0.3430 : L 36 : T 1.4 sec
 - d_sub 200 : OOB 0.3401 : L 37 : T 1.4 sec
 - d_sub 200 : OOB 0.3433 : L 38 : T 1.5 sec
 - d_sub 200 : OOB 0.3413 : L 39 : T 1.5 sec
 - d_sub 200 : OOB 0.3435 : L 40 : T 1.5 sec
 - d_sub 200 : OOB 0.3425 : L 41 : T 1.6 sec
 - d_sub 200 : OOB 0.3414 : L 42 : T 1.6 sec
 - d_sub 200 : OOB 0.3428 : L 43 : T 1.6 sec
 - d_sub 200 : OOB 0.3430 : L 44 : T 1.7 sec
 - d_sub 200 : OOB 0.3436 : L 45 : T 1.7 sec
 - d_sub 200 : OOB 0.3401 : L 46 : T 1.7 sec
 - d_sub 200 : OOB 0.3397 : L 47 : T 1.8 sec
 - d_sub 200 : OOB 0.3392 : L 48 : T 1.8 sec
 - d_sub 200 : OOB 0.3415 : L 49 : T 1.9 sec
 - d_sub 200 : OOB 0.3394 : L 50 : T 1.9 sec
 - d_sub 200 : OOB 0.3407 : L 51 : T 1.9 sec
 - d_sub 200 : OOB 0.3394 : L 52 : T 2.0 sec
 - d_sub 200 : OOB 0.3399 : L 53 : T 2.0 sec
 - d_sub 200 : OOB 0.3396 : L 54 : T 2.0 sec
 - d_sub 200 : OOB 0.3402 : L 55 : T 2.1 sec
 - d_sub 200 : OOB 0.3408 : L 56 : T 2.1 sec
 - d_sub 200 : OOB 0.3398 : L 57 : T 2.1 sec
 - d_sub 200 : OOB 0.3425 : L 58 : T 2.2 sec
 - d_sub 200 : OOB 0.3417 : L 59 : T 2.2 sec
 - d_sub 200 : OOB 0.3394 : L 60 : T 2.2 sec
 - d_sub 200 : OOB 0.3403 : L 61 : T 2.3 sec
 - d_sub 200 : OOB 0.3396 : L 62 : T 2.3 sec
 - d_sub 200 : OOB 0.3380 : L 63 : T 2.4 sec
 - d_sub 200 : OOB 0.3401 : L 64 : T 2.4 sec
 - d_sub 200 : OOB 0.3404 : L 65 : T 2.4 sec
 - d_sub 200 : OOB 0.3379 : L 66 : T 2.5 sec
 - d_sub 200 : OOB 0.3381 : L 67 : T 2.5 sec
 - d_sub 200 : OOB 0.3377 : L 68 : T 2.5 sec
 - d_sub 200 : OOB 0.3371 : L 69 : T 2.6 sec
 - d_sub 200 : OOB 0.3367 : L 70 : T 2.6 sec
 - d_sub 200 : OOB 0.3353 : L 71 : T 2.6 sec
 - d_sub 200 : OOB 0.3357 : L 72 : T 2.7 sec
 - d_sub 200 : OOB 0.3349 : L 73 : T 2.7 sec
 - d_sub 200 : OOB 0.3361 : L 74 : T 2.8 sec
 - d_sub 200 : OOB 0.3335 : L 75 : T 2.8 sec
 - d_sub 200 : OOB 0.3356 : L 76 : T 2.8 sec
 - d_sub 200 : OOB 0.3335 : L 77 : T 2.9 sec
 - d_sub 200 : OOB 0.3353 : L 78 : T 2.9 sec
 - d_sub 200 : OOB 0.3357 : L 79 : T 2.9 sec
 - d_sub 200 : OOB 0.3372 : L 80 : T 3.0 sec
 - d_sub 200 : OOB 0.3341 : L 81 : T 3.0 sec
 - d_sub 200 : OOB 0.3355 : L 82 : T 3.0 sec
 - d_sub 200 : OOB 0.3331 : L 83 : T 3.1 sec
 - d_sub 200 : OOB 0.3322 : L 84 : T 3.1 sec
 - d_sub 200 : OOB 0.3348 : L 85 : T 3.1 sec
 - d_sub 200 : OOB 0.3342 : L 86 : T 3.2 sec
 - d_sub 200 : OOB 0.3348 : L 87 : T 3.2 sec
 - d_sub 200 : OOB 0.3341 : L 88 : T 3.2 sec
 - d_sub 200 : OOB 0.3342 : L 89 : T 3.3 sec
 - d_sub 200 : OOB 0.3332 : L 90 : T 3.3 sec
 - d_sub 200 : OOB 0.3329 : L 91 : T 3.3 sec
 - d_sub 200 : OOB 0.3329 : L 92 : T 3.4 sec
 - d_sub 200 : OOB 0.3337 : L 93 : T 3.4 sec
 - d_sub 200 : OOB 0.3328 : L 94 : T 3.5 sec
 - d_sub 200 : OOB 0.3347 : L 95 : T 3.5 sec
 - d_sub 200 : OOB 0.3338 : L 96 : T 3.5 sec
 - d_sub 200 : OOB 0.3321 : L 97 : T 3.6 sec
 - d_sub 200 : OOB 0.3306 : L 98 : T 3.6 sec
 - d_sub 200 : OOB 0.3332 : L 99 : T 3.6 sec
 - d_sub 200 : OOB 0.3323 : L 100 : T 3.7 sec
 - d_sub 200 : OOB 0.3308 : L 101 : T 3.7 sec
 - d_sub 200 : OOB 0.3334 : L 102 : T 3.7 sec
 - d_sub 200 : OOB 0.3314 : L 103 : T 3.8 sec
 - d_sub 200 : OOB 0.3317 : L 104 : T 3.8 sec
 - d_sub 200 : OOB 0.3297 : L 105 : T 3.8 sec
 - d_sub 200 : OOB 0.3311 : L 106 : T 3.9 sec
 - d_sub 200 : OOB 0.3302 : L 107 : T 3.9 sec
 - d_sub 200 : OOB 0.3303 : L 108 : T 4.0 sec
 - d_sub 200 : OOB 0.3283 : L 109 : T 4.0 sec
 - d_sub 200 : OOB 0.3314 : L 110 : T 4.0 sec
 - d_sub 200 : OOB 0.3287 : L 111 : T 4.1 sec
 - d_sub 200 : OOB 0.3270 : L 112 : T 4.1 sec
 - d_sub 200 : OOB 0.3277 : L 113 : T 4.1 sec
 - d_sub 200 : OOB 0.3268 : L 114 : T 4.2 sec
 - d_sub 200 : OOB 0.3284 : L 115 : T 4.2 sec
 - d_sub 200 : OOB 0.3292 : L 116 : T 4.2 sec
 - d_sub 200 : OOB 0.3282 : L 117 : T 4.3 sec
 - d_sub 200 : OOB 0.3279 : L 118 : T 4.3 sec
 - d_sub 200 : OOB 0.3279 : L 119 : T 4.3 sec
 - d_sub 200 : OOB 0.3261 : L 120 : T 4.4 sec
 - d_sub 200 : OOB 0.3266 : L 121 : T 4.4 sec
 - d_sub 200 : OOB 0.3260 : L 122 : T 4.4 sec
 - d_sub 200 : OOB 0.3264 : L 123 : T 4.5 sec
 - d_sub 200 : OOB 0.3269 : L 124 : T 4.5 sec
 - d_sub 200 : OOB 0.3262 : L 125 : T 4.5 sec
 - d_sub 200 : OOB 0.3276 : L 126 : T 4.6 sec
 - d_sub 200 : OOB 0.3267 : L 127 : T 4.6 sec
 - d_sub 200 : OOB 0.3269 : L 128 : T 4.7 sec
 - d_sub 200 : OOB 0.3268 : L 129 : T 4.7 sec
 - d_sub 200 : OOB 0.3258 : L 130 : T 4.7 sec
 - d_sub 200 : OOB 0.3278 : L 131 : T 4.8 sec
 - d_sub 200 : OOB 0.3264 : L 132 : T 4.8 sec
 - d_sub 200 : OOB 0.3274 : L 133 : T 4.8 sec
 - d_sub 200 : OOB 0.3251 : L 134 : T 4.9 sec
 - d_sub 200 : OOB 0.3270 : L 135 : T 4.9 sec
 - d_sub 200 : OOB 0.3257 : L 136 : T 4.9 sec
 - d_sub 200 : OOB 0.3255 : L 137 : T 5.0 sec
 - d_sub 200 : OOB 0.3265 : L 138 : T 5.0 sec
 - d_sub 200 : OOB 0.3301 : L 139 : T 5.0 sec
 - d_sub 200 : OOB 0.3274 : L 140 : T 5.1 sec
 - d_sub 200 : OOB 0.3299 : L 141 : T 5.1 sec
 - d_sub 200 : OOB 0.3278 : L 142 : T 5.2 sec
 - d_sub 200 : OOB 0.3277 : L 143 : T 5.2 sec
 - d_sub 200 : OOB 0.3276 : L 144 : T 5.2 sec
 - d_sub 200 : OOB 0.3260 : L 145 : T 5.3 sec
 - d_sub 200 : OOB 0.3258 : L 146 : T 5.3 sec
 - d_sub 200 : OOB 0.3254 : L 147 : T 5.3 sec
 - d_sub 200 : OOB 0.3254 : L 148 : T 5.4 sec
 - d_sub 200 : OOB 0.3263 : L 149 : T 5.4 sec
 - d_sub 200 : OOB 0.3258 : L 150 : T 5.4 sec
 - d_sub 200 : OOB 0.3258 : L 151 : T 5.5 sec
 - d_sub 200 : OOB 0.3268 : L 152 : T 5.5 sec
 - d_sub 200 : OOB 0.3242 : L 153 : T 5.5 sec

 - d_sub 400 : OOB 0.4402 : L 1 : T 0.1 sec
 - d_sub 400 : OOB 0.4311 : L 2 : T 0.1 sec
 - d_sub 400 : OOB 0.4451 : L 3 : T 0.2 sec
 - d_sub 400 : OOB 0.4479 : L 4 : T 0.3 sec
 - d_sub 400 : OOB 0.3985 : L 5 : T 0.4 sec
 - d_sub 400 : OOB 0.4032 : L 6 : T 0.4 sec
 - d_sub 400 : OOB 0.3798 : L 7 : T 0.5 sec
 - d_sub 400 : OOB 0.3735 : L 8 : T 0.6 sec
 - d_sub 400 : OOB 0.3587 : L 9 : T 0.6 sec
 - d_sub 400 : OOB 0.3640 : L 10 : T 0.7 sec
 - d_sub 400 : OOB 0.3617 : L 11 : T 0.8 sec
 - d_sub 400 : OOB 0.3542 : L 12 : T 0.9 sec
 - d_sub 400 : OOB 0.3526 : L 13 : T 0.9 sec
 - d_sub 400 : OOB 0.3497 : L 14 : T 1.0 sec
 - d_sub 400 : OOB 0.3431 : L 15 : T 1.1 sec
 - d_sub 400 : OOB 0.3466 : L 16 : T 1.2 sec
 - d_sub 400 : OOB 0.3456 : L 17 : T 1.3 sec
 - d_sub 400 : OOB 0.3395 : L 18 : T 1.4 sec
 - d_sub 400 : OOB 0.3423 : L 19 : T 1.5 sec
 - d_sub 400 : OOB 0.3400 : L 20 : T 1.6 sec
 - d_sub 400 : OOB 0.3372 : L 21 : T 1.7 sec
 - d_sub 400 : OOB 0.3353 : L 22 : T 1.8 sec
 - d_sub 400 : OOB 0.3332 : L 23 : T 1.9 sec
 - d_sub 400 : OOB 0.3354 : L 24 : T 2.0 sec
 - d_sub 400 : OOB 0.3275 : L 25 : T 2.1 sec
 - d_sub 400 : OOB 0.3260 : L 26 : T 2.1 sec
 - d_sub 400 : OOB 0.3213 : L 27 : T 2.3 sec
 - d_sub 400 : OOB 0.3208 : L 28 : T 2.4 sec
 - d_sub 400 : OOB 0.3212 : L 29 : T 2.5 sec
 - d_sub 400 : OOB 0.3204 : L 30 : T 2.6 sec
 - d_sub 400 : OOB 0.3168 : L 31 : T 2.6 sec
 - d_sub 400 : OOB 0.3171 : L 32 : T 2.7 sec
 - d_sub 400 : OOB 0.3166 : L 33 : T 2.8 sec
 - d_sub 400 : OOB 0.3167 : L 34 : T 2.9 sec
 - d_sub 400 : OOB 0.3164 : L 35 : T 3.0 sec
 - d_sub 400 : OOB 0.3158 : L 36 : T 3.1 sec
 - d_sub 400 : OOB 0.3137 : L 37 : T 3.2 sec
 - d_sub 400 : OOB 0.3128 : L 38 : T 3.3 sec
 - d_sub 400 : OOB 0.3134 : L 39 : T 3.4 sec
 - d_sub 400 : OOB 0.3147 : L 40 : T 3.4 sec
 - d_sub 400 : OOB 0.3113 : L 41 : T 3.5 sec
 - d_sub 400 : OOB 0.3140 : L 42 : T 3.6 sec
 - d_sub 400 : OOB 0.3133 : L 43 : T 3.7 sec
 - d_sub 400 : OOB 0.3101 : L 44 : T 3.8 sec
 - d_sub 400 : OOB 0.3131 : L 45 : T 3.9 sec
 - d_sub 400 : OOB 0.3161 : L 46 : T 4.0 sec
 - d_sub 400 : OOB 0.3109 : L 47 : T 4.0 sec
 - d_sub 400 : OOB 0.3140 : L 48 : T 4.1 sec
 - d_sub 400 : OOB 0.3118 : L 49 : T 4.2 sec
 - d_sub 400 : OOB 0.3078 : L 50 : T 4.3 sec
 - d_sub 400 : OOB 0.3062 : L 51 : T 4.4 sec
 - d_sub 400 : OOB 0.3076 : L 52 : T 4.5 sec
 - d_sub 400 : OOB 0.3091 : L 53 : T 4.6 sec
 - d_sub 400 : OOB 0.3096 : L 54 : T 4.7 sec
 - d_sub 400 : OOB 0.3068 : L 55 : T 4.8 sec
 - d_sub 400 : OOB 0.3065 : L 56 : T 4.9 sec
 - d_sub 400 : OOB 0.3095 : L 57 : T 5.0 sec
 - d_sub 400 : OOB 0.3098 : L 58 : T 5.1 sec
 - d_sub 400 : OOB 0.3063 : L 59 : T 5.2 sec
 - d_sub 400 : OOB 0.3076 : L 60 : T 5.3 sec
 - d_sub 400 : OOB 0.3070 : L 61 : T 5.4 sec
 - d_sub 400 : OOB 0.3059 : L 62 : T 5.4 sec
 - d_sub 400 : OOB 0.3066 : L 63 : T 5.5 sec
 - d_sub 400 : OOB 0.3054 : L 64 : T 5.6 sec
 - d_sub 400 : OOB 0.3050 : L 65 : T 5.7 sec
 - d_sub 400 : OOB 0.3055 : L 66 : T 5.8 sec
 - d_sub 400 : OOB 0.3073 : L 67 : T 5.9 sec
 - d_sub 400 : OOB 0.3055 : L 68 : T 6.0 sec
 - d_sub 400 : OOB 0.3050 : L 69 : T 6.1 sec
 - d_sub 400 : OOB 0.3070 : L 70 : T 6.2 sec
 - d_sub 400 : OOB 0.3041 : L 71 : T 6.3 sec
 - d_sub 400 : OOB 0.3055 : L 72 : T 6.4 sec
 - d_sub 400 : OOB 0.3077 : L 73 : T 6.5 sec
 - d_sub 400 : OOB 0.3065 : L 74 : T 6.6 sec
 - d_sub 400 : OOB 0.3061 : L 75 : T 6.7 sec
 - d_sub 400 : OOB 0.3056 : L 76 : T 6.8 sec
 - d_sub 400 : OOB 0.3077 : L 77 : T 6.9 sec
 - d_sub 400 : OOB 0.3057 : L 78 : T 7.0 sec
 - d_sub 400 : OOB 0.3050 : L 79 : T 7.0 sec
 - d_sub 400 : OOB 0.3061 : L 80 : T 7.1 sec
 - d_sub 400 : OOB 0.3051 : L 81 : T 7.2 sec
 - d_sub 400 : OOB 0.3052 : L 82 : T 7.3 sec
 - d_sub 400 : OOB 0.3054 : L 83 : T 7.4 sec
 - d_sub 400 : OOB 0.3060 : L 84 : T 7.6 sec
 - d_sub 400 : OOB 0.3054 : L 85 : T 7.7 sec
 - d_sub 400 : OOB 0.3054 : L 86 : T 7.8 sec
 - d_sub 400 : OOB 0.3057 : L 87 : T 7.8 sec
 - d_sub 400 : OOB 0.3036 : L 88 : T 8.0 sec
 - d_sub 400 : OOB 0.3049 : L 89 : T 8.1 sec
 - d_sub 400 : OOB 0.3050 : L 90 : T 8.2 sec
 - d_sub 400 : OOB 0.3057 : L 91 : T 8.3 sec
 - d_sub 400 : OOB 0.3056 : L 92 : T 8.4 sec
 - d_sub 400 : OOB 0.3038 : L 93 : T 8.5 sec
 - d_sub 400 : OOB 0.3032 : L 94 : T 8.5 sec
 - d_sub 400 : OOB 0.3049 : L 95 : T 8.6 sec
 - d_sub 400 : OOB 0.3039 : L 96 : T 8.7 sec
 - d_sub 400 : OOB 0.3040 : L 97 : T 8.7 sec
 - d_sub 400 : OOB 0.3022 : L 98 : T 8.8 sec

 - d_sub 600 : OOB 0.4361 : L 1 : T 0.1 sec
 - d_sub 600 : OOB 0.3980 : L 2 : T 0.2 sec
 - d_sub 600 : OOB 0.4017 : L 3 : T 0.4 sec
 - d_sub 600 : OOB 0.3976 : L 4 : T 0.5 sec
 - d_sub 600 : OOB 0.4004 : L 5 : T 0.6 sec
 - d_sub 600 : OOB 0.4022 : L 6 : T 0.7 sec
 - d_sub 600 : OOB 0.4049 : L 7 : T 0.8 sec
 - d_sub 600 : OOB 0.3748 : L 8 : T 0.9 sec
 - d_sub 600 : OOB 0.3706 : L 9 : T 1.1 sec
 - d_sub 600 : OOB 0.3771 : L 10 : T 1.2 sec
 - d_sub 600 : OOB 0.3547 : L 11 : T 1.3 sec
 - d_sub 600 : OOB 0.3492 : L 12 : T 1.4 sec
 - d_sub 600 : OOB 0.3408 : L 13 : T 1.5 sec
 - d_sub 600 : OOB 0.3281 : L 14 : T 1.7 sec
 - d_sub 600 : OOB 0.3338 : L 15 : T 1.8 sec
 - d_sub 600 : OOB 0.3276 : L 16 : T 1.9 sec
 - d_sub 600 : OOB 0.3299 : L 17 : T 2.0 sec
 - d_sub 600 : OOB 0.3253 : L 18 : T 2.1 sec
 - d_sub 600 : OOB 0.3210 : L 19 : T 2.2 sec
 - d_sub 600 : OOB 0.3178 : L 20 : T 2.4 sec
 - d_sub 600 : OOB 0.3189 : L 21 : T 2.5 sec
 - d_sub 600 : OOB 0.3155 : L 22 : T 2.6 sec
 - d_sub 600 : OOB 0.3145 : L 23 : T 2.7 sec
 - d_sub 600 : OOB 0.3077 : L 24 : T 2.8 sec
 - d_sub 600 : OOB 0.3065 : L 25 : T 2.9 sec
 - d_sub 600 : OOB 0.3006 : L 26 : T 3.1 sec
 - d_sub 600 : OOB 0.3024 : L 27 : T 3.2 sec
 - d_sub 600 : OOB 0.3052 : L 28 : T 3.3 sec
 - d_sub 600 : OOB 0.3020 : L 29 : T 3.4 sec
 - d_sub 600 : OOB 0.3025 : L 30 : T 3.5 sec
 - d_sub 600 : OOB 0.3015 : L 31 : T 3.6 sec
 - d_sub 600 : OOB 0.2998 : L 32 : T 3.8 sec
 - d_sub 600 : OOB 0.2950 : L 33 : T 3.9 sec
 - d_sub 600 : OOB 0.2996 : L 34 : T 4.0 sec
 - d_sub 600 : OOB 0.2966 : L 35 : T 4.1 sec
 - d_sub 600 : OOB 0.2996 : L 36 : T 4.2 sec
 - d_sub 600 : OOB 0.2972 : L 37 : T 4.4 sec
 - d_sub 600 : OOB 0.2961 : L 38 : T 4.5 sec
 - d_sub 600 : OOB 0.2964 : L 39 : T 4.6 sec
 - d_sub 600 : OOB 0.2955 : L 40 : T 4.7 sec
 - d_sub 600 : OOB 0.2955 : L 41 : T 4.8 sec
 - d_sub 600 : OOB 0.2953 : L 42 : T 5.0 sec
 - d_sub 600 : OOB 0.2951 : L 43 : T 5.1 sec
 - d_sub 600 : OOB 0.2958 : L 44 : T 5.2 sec
 - d_sub 600 : OOB 0.2948 : L 45 : T 5.3 sec
 - d_sub 600 : OOB 0.2925 : L 46 : T 5.5 sec
 - d_sub 600 : OOB 0.2932 : L 47 : T 5.6 sec
 - d_sub 600 : OOB 0.2929 : L 48 : T 5.7 sec
 - d_sub 600 : OOB 0.2909 : L 49 : T 5.9 sec
 - d_sub 600 : OOB 0.2917 : L 50 : T 6.0 sec
 - d_sub 600 : OOB 0.2929 : L 51 : T 6.1 sec
 - d_sub 600 : OOB 0.2913 : L 52 : T 6.2 sec
 - d_sub 600 : OOB 0.2922 : L 53 : T 6.3 sec
 - d_sub 600 : OOB 0.2903 : L 54 : T 6.5 sec
 - d_sub 600 : OOB 0.2940 : L 55 : T 6.6 sec
 - d_sub 600 : OOB 0.2922 : L 56 : T 6.7 sec
 - d_sub 600 : OOB 0.2931 : L 57 : T 6.8 sec
 - d_sub 600 : OOB 0.2900 : L 58 : T 6.9 sec
 - d_sub 600 : OOB 0.2891 : L 59 : T 7.1 sec
 - d_sub 600 : OOB 0.2907 : L 60 : T 7.2 sec
 - d_sub 600 : OOB 0.2915 : L 61 : T 7.3 sec
 - d_sub 600 : OOB 0.2919 : L 62 : T 7.4 sec
 - d_sub 600 : OOB 0.2886 : L 63 : T 7.6 sec
 - d_sub 600 : OOB 0.2890 : L 64 : T 7.7 sec
 - d_sub 600 : OOB 0.2903 : L 65 : T 7.8 sec
 - d_sub 600 : OOB 0.2918 : L 66 : T 7.9 sec
 - d_sub 600 : OOB 0.2889 : L 67 : T 8.0 sec
 - d_sub 600 : OOB 0.2924 : L 68 : T 8.2 sec
 - d_sub 600 : OOB 0.2893 : L 69 : T 8.3 sec
 - d_sub 600 : OOB 0.2893 : L 70 : T 8.4 sec
 - d_sub 600 : OOB 0.2883 : L 71 : T 8.6 sec
 - d_sub 600 : OOB 0.2899 : L 72 : T 8.7 sec
 - d_sub 600 : OOB 0.2889 : L 73 : T 8.8 sec
 - d_sub 600 : OOB 0.2902 : L 74 : T 8.9 sec
 - d_sub 600 : OOB 0.2908 : L 75 : T 9.0 sec
 - d_sub 600 : OOB 0.2918 : L 76 : T 9.1 sec
 - d_sub 600 : OOB 0.2903 : L 77 : T 9.2 sec
 - d_sub 600 : OOB 0.2897 : L 78 : T 9.4 sec
 - d_sub 600 : OOB 0.2908 : L 79 : T 9.5 sec
 - d_sub 600 : OOB 0.2897 : L 80 : T 9.6 sec
 - d_sub 600 : OOB 0.2902 : L 81 : T 9.7 sec
 - d_sub 600 : OOB 0.2906 : L 82 : T 9.9 sec
 - d_sub 600 : OOB 0.2912 : L 83 : T 10.0 sec
 - d_sub 600 : OOB 0.2894 : L 84 : T 10.1 sec
 - d_sub 600 : OOB 0.2920 : L 85 : T 10.2 sec
 - d_sub 600 : OOB 0.2907 : L 86 : T 10.3 sec
 - d_sub 600 : OOB 0.2903 : L 87 : T 10.4 sec
 - d_sub 600 : OOB 0.2901 : L 88 : T 10.6 sec
 - d_sub 600 : OOB 0.2873 : L 89 : T 10.7 sec
 - d_sub 600 : OOB 0.2891 : L 90 : T 10.8 sec
 - d_sub 600 : OOB 0.2867 : L 91 : T 10.9 sec
 - d_sub 600 : OOB 0.2901 : L 92 : T 11.0 sec
 - d_sub 600 : OOB 0.2871 : L 93 : T 11.1 sec
 - d_sub 600 : OOB 0.2865 : L 94 : T 11.3 sec

 - d_sub 800 : OOB 0.5020 : L 1 : T 0.2 sec
 - d_sub 800 : OOB 0.4984 : L 2 : T 0.3 sec
 - d_sub 800 : OOB 0.4401 : L 3 : T 0.5 sec
 - d_sub 800 : OOB 0.3878 : L 4 : T 0.6 sec
 - d_sub 800 : OOB 0.3920 : L 5 : T 0.8 sec
 - d_sub 800 : OOB 0.3912 : L 6 : T 1.0 sec
 - d_sub 800 : OOB 0.3900 : L 7 : T 1.1 sec
 - d_sub 800 : OOB 0.3890 : L 8 : T 1.3 sec
 - d_sub 800 : OOB 0.3845 : L 9 : T 1.4 sec
 - d_sub 800 : OOB 0.3632 : L 10 : T 1.6 sec
 - d_sub 800 : OOB 0.3697 : L 11 : T 1.7 sec
 - d_sub 800 : OOB 0.3662 : L 12 : T 1.9 sec
 - d_sub 800 : OOB 0.3448 : L 13 : T 2.0 sec
 - d_sub 800 : OOB 0.3460 : L 14 : T 2.2 sec
 - d_sub 800 : OOB 0.3317 : L 15 : T 2.4 sec
 - d_sub 800 : OOB 0.3268 : L 16 : T 2.5 sec
 - d_sub 800 : OOB 0.3253 : L 17 : T 2.6 sec
 - d_sub 800 : OOB 0.3261 : L 18 : T 2.8 sec
 - d_sub 800 : OOB 0.3235 : L 19 : T 2.9 sec
 - d_sub 800 : OOB 0.3211 : L 20 : T 3.1 sec
 - d_sub 800 : OOB 0.3124 : L 21 : T 3.2 sec
 - d_sub 800 : OOB 0.3105 : L 22 : T 3.4 sec
 - d_sub 800 : OOB 0.3102 : L 23 : T 3.5 sec
 - d_sub 800 : OOB 0.3031 : L 24 : T 3.7 sec
 - d_sub 800 : OOB 0.3033 : L 25 : T 3.8 sec
 - d_sub 800 : OOB 0.3018 : L 26 : T 4.0 sec
 - d_sub 800 : OOB 0.3000 : L 27 : T 4.1 sec
 - d_sub 800 : OOB 0.3018 : L 28 : T 4.3 sec
 - d_sub 800 : OOB 0.2970 : L 29 : T 4.4 sec
 - d_sub 800 : OOB 0.2941 : L 30 : T 4.6 sec
 - d_sub 800 : OOB 0.2908 : L 31 : T 4.7 sec
 - d_sub 800 : OOB 0.2912 : L 32 : T 4.9 sec
 - d_sub 800 : OOB 0.2939 : L 33 : T 5.0 sec
 - d_sub 800 : OOB 0.2921 : L 34 : T 5.2 sec
 - d_sub 800 : OOB 0.2921 : L 35 : T 5.3 sec
 - d_sub 800 : OOB 0.2960 : L 36 : T 5.5 sec
 - d_sub 800 : OOB 0.2917 : L 37 : T 5.6 sec
 - d_sub 800 : OOB 0.2937 : L 38 : T 5.8 sec
 - d_sub 800 : OOB 0.2929 : L 39 : T 5.9 sec
 - d_sub 800 : OOB 0.2940 : L 40 : T 6.0 sec
 - d_sub 800 : OOB 0.2931 : L 41 : T 6.2 sec
 - d_sub 800 : OOB 0.2940 : L 42 : T 6.3 sec
 - d_sub 800 : OOB 0.2899 : L 43 : T 6.5 sec
 - d_sub 800 : OOB 0.2915 : L 44 : T 6.7 sec
 - d_sub 800 : OOB 0.2905 : L 45 : T 6.8 sec
 - d_sub 800 : OOB 0.2914 : L 46 : T 7.0 sec
 - d_sub 800 : OOB 0.2903 : L 47 : T 7.1 sec
 - d_sub 800 : OOB 0.2901 : L 48 : T 7.3 sec
 - d_sub 800 : OOB 0.2852 : L 49 : T 7.4 sec
 - d_sub 800 : OOB 0.2872 : L 50 : T 7.6 sec
 - d_sub 800 : OOB 0.2858 : L 51 : T 7.7 sec
 - d_sub 800 : OOB 0.2850 : L 52 : T 7.9 sec
 - d_sub 800 : OOB 0.2848 : L 53 : T 8.0 sec
 - d_sub 800 : OOB 0.2847 : L 54 : T 8.2 sec
 - d_sub 800 : OOB 0.2853 : L 55 : T 8.4 sec
 - d_sub 800 : OOB 0.2857 : L 56 : T 8.5 sec
 - d_sub 800 : OOB 0.2870 : L 57 : T 8.7 sec
 - d_sub 800 : OOB 0.2850 : L 58 : T 8.8 sec
 - d_sub 800 : OOB 0.2854 : L 59 : T 9.0 sec
 - d_sub 800 : OOB 0.2863 : L 60 : T 9.1 sec
 - d_sub 800 : OOB 0.2849 : L 61 : T 9.3 sec
 - d_sub 800 : OOB 0.2864 : L 62 : T 9.4 sec
 - d_sub 800 : OOB 0.2871 : L 63 : T 9.6 sec
 - d_sub 800 : OOB 0.2853 : L 64 : T 9.8 sec
 - d_sub 800 : OOB 0.2848 : L 65 : T 9.9 sec
 - d_sub 800 : OOB 0.2861 : L 66 : T 10.1 sec
 - d_sub 800 : OOB 0.2856 : L 67 : T 10.2 sec
 - d_sub 800 : OOB 0.2848 : L 68 : T 10.4 sec
 - d_sub 800 : OOB 0.2876 : L 69 : T 10.6 sec
 - d_sub 800 : OOB 0.2849 : L 70 : T 10.7 sec
 - d_sub 800 : OOB 0.2852 : L 71 : T 10.9 sec
 - d_sub 800 : OOB 0.2854 : L 72 : T 11.0 sec
 - d_sub 800 : OOB 0.2847 : L 73 : T 11.2 sec
 - d_sub 800 : OOB 0.2871 : L 74 : T 11.4 sec
 - d_sub 800 : OOB 0.2850 : L 75 : T 11.5 sec
 - d_sub 800 : OOB 0.2853 : L 76 : T 11.7 sec
 - d_sub 800 : OOB 0.2861 : L 77 : T 11.8 sec
 - d_sub 800 : OOB 0.2845 : L 78 : T 12.0 sec
 - d_sub 800 : OOB 0.2845 : L 79 : T 12.2 sec
 - d_sub 800 : OOB 0.2850 : L 80 : T 12.3 sec
 - d_sub 800 : OOB 0.2839 : L 81 : T 12.5 sec
 - d_sub 800 : OOB 0.2854 : L 82 : T 12.7 sec
 - d_sub 800 : OOB 0.2842 : L 83 : T 12.8 sec
 - d_sub 800 : OOB 0.2824 : L 84 : T 13.0 sec
 - d_sub 800 : OOB 0.2799 : L 85 : T 13.2 sec
 - d_sub 800 : OOB 0.2790 : L 86 : T 13.3 sec
 - d_sub 800 : OOB 0.2803 : L 87 : T 13.5 sec
 - d_sub 800 : OOB 0.2798 : L 88 : T 13.6 sec
 - d_sub 800 : OOB 0.2804 : L 89 : T 13.8 sec
 - d_sub 800 : OOB 0.2800 : L 90 : T 14.0 sec
 - d_sub 800 : OOB 0.2789 : L 91 : T 14.1 sec
 - d_sub 800 : OOB 0.2781 : L 92 : T 14.3 sec
 - d_sub 800 : OOB 0.2800 : L 93 : T 14.5 sec
 - d_sub 800 : OOB 0.2785 : L 94 : T 14.7 sec
 - d_sub 800 : OOB 0.2799 : L 95 : T 14.8 sec
 - d_sub 800 : OOB 0.2794 : L 96 : T 15.0 sec
 - d_sub 800 : OOB 0.2808 : L 97 : T 15.2 sec
 - d_sub 800 : OOB 0.2792 : L 98 : T 15.3 sec
 - d_sub 800 : OOB 0.2796 : L 99 : T 15.5 sec
 - d_sub 800 : OOB 0.2790 : L 100 : T 15.7 sec
 - d_sub 800 : OOB 0.2800 : L 101 : T 15.9 sec
 - d_sub 800 : OOB 0.2784 : L 102 : T 16.0 sec
 - d_sub 800 : OOB 0.2791 : L 103 : T 16.2 sec
 - d_sub 800 : OOB 0.2794 : L 104 : T 16.3 sec
 - d_sub 800 : OOB 0.2776 : L 105 : T 16.5 sec
 - d_sub 800 : OOB 0.2776 : L 106 : T 16.6 sec
 - d_sub 800 : OOB 0.2770 : L 107 : T 16.8 sec
 - d_sub 800 : OOB 0.2757 : L 108 : T 16.9 sec
 - d_sub 800 : OOB 0.2768 : L 109 : T 17.0 sec
 - d_sub 800 : OOB 0.2778 : L 110 : T 17.2 sec
 - d_sub 800 : OOB 0.2763 : L 111 : T 17.4 sec
 - d_sub 800 : OOB 0.2774 : L 112 : T 17.5 sec
 - d_sub 800 : OOB 0.2765 : L 113 : T 17.7 sec
 - d_sub 800 : OOB 0.2766 : L 114 : T 17.8 sec
 - d_sub 800 : OOB 0.2764 : L 115 : T 18.0 sec
 - d_sub 800 : OOB 0.2761 : L 116 : T 18.2 sec
 - d_sub 800 : OOB 0.2775 : L 117 : T 18.3 sec
 - d_sub 800 : OOB 0.2775 : L 118 : T 18.5 sec
 - d_sub 800 : OOB 0.2768 : L 119 : T 18.6 sec
 - d_sub 800 : OOB 0.2771 : L 120 : T 18.8 sec
 - d_sub 800 : OOB 0.2784 : L 121 : T 19.0 sec
 - d_sub 800 : OOB 0.2764 : L 122 : T 19.1 sec
 - d_sub 800 : OOB 0.2755 : L 123 : T 19.3 sec
 - d_sub 800 : OOB 0.2758 : L 124 : T 19.5 sec
 - d_sub 800 : OOB 0.2738 : L 125 : T 19.6 sec
 - d_sub 800 : OOB 0.2745 : L 126 : T 19.8 sec
 - d_sub 800 : OOB 0.2750 : L 127 : T 19.9 sec
 - d_sub 800 : OOB 0.2747 : L 128 : T 20.1 sec
 - d_sub 800 : OOB 0.2734 : L 129 : T 20.3 sec
 - d_sub 800 : OOB 0.2745 : L 130 : T 20.4 sec
 - d_sub 800 : OOB 0.2735 : L 131 : T 20.6 sec
 - d_sub 800 : OOB 0.2726 : L 132 : T 20.8 sec
 - d_sub 800 : OOB 0.2763 : L 133 : T 20.9 sec
 - d_sub 800 : OOB 0.2744 : L 134 : T 21.1 sec
 - d_sub 800 : OOB 0.2735 : L 135 : T 21.3 sec
 - d_sub 800 : OOB 0.2742 : L 136 : T 21.4 sec
 - d_sub 800 : OOB 0.2741 : L 137 : T 21.6 sec
 - d_sub 800 : OOB 0.2748 : L 138 : T 21.7 sec
 - d_sub 800 : OOB 0.2733 : L 139 : T 21.9 sec
 - d_sub 800 : OOB 0.2737 : L 140 : T 22.1 sec
 - d_sub 800 : OOB 0.2748 : L 141 : T 22.2 sec
 - d_sub 800 : OOB 0.2751 : L 142 : T 22.4 sec
 - d_sub 800 : OOB 0.2741 : L 143 : T 22.6 sec
 - d_sub 800 : OOB 0.2747 : L 144 : T 22.8 sec
 - d_sub 800 : OOB 0.2742 : L 145 : T 23.0 sec
 - d_sub 800 : OOB 0.2728 : L 146 : T 23.2 sec
 - d_sub 800 : OOB 0.2719 : L 147 : T 23.4 sec
 - d_sub 800 : OOB 0.2738 : L 148 : T 23.6 sec
 - d_sub 800 : OOB 0.2727 : L 149 : T 23.8 sec
 - d_sub 800 : OOB 0.2725 : L 150 : T 23.9 sec
 - d_sub 800 : OOB 0.2731 : L 151 : T 24.1 sec
 - d_sub 800 : OOB 0.2733 : L 152 : T 24.3 sec
 - d_sub 800 : OOB 0.2745 : L 153 : T 24.5 sec

 - d_sub 1000 : OOB 0.4334 : L 1 : T 0.3 sec
 - d_sub 1000 : OOB 0.4250 : L 2 : T 0.5 sec
 - d_sub 1000 : OOB 0.3957 : L 3 : T 0.7 sec
 - d_sub 1000 : OOB 0.3994 : L 4 : T 1.0 sec
 - d_sub 1000 : OOB 0.3648 : L 5 : T 1.3 sec
 - d_sub 1000 : OOB 0.3439 : L 6 : T 1.6 sec
 - d_sub 1000 : OOB 0.3303 : L 7 : T 1.9 sec
 - d_sub 1000 : OOB 0.3342 : L 8 : T 2.2 sec
 - d_sub 1000 : OOB 0.3301 : L 9 : T 2.4 sec
 - d_sub 1000 : OOB 0.3315 : L 10 : T 2.7 sec
 - d_sub 1000 : OOB 0.3313 : L 11 : T 2.9 sec
 - d_sub 1000 : OOB 0.3163 : L 12 : T 3.1 sec
 - d_sub 1000 : OOB 0.3141 : L 13 : T 3.4 sec
 - d_sub 1000 : OOB 0.3101 : L 14 : T 3.7 sec
 - d_sub 1000 : OOB 0.3076 : L 15 : T 3.9 sec
 - d_sub 1000 : OOB 0.3053 : L 16 : T 4.2 sec
 - d_sub 1000 : OOB 0.3058 : L 17 : T 4.4 sec
 - d_sub 1000 : OOB 0.3092 : L 18 : T 4.7 sec
 - d_sub 1000 : OOB 0.2977 : L 19 : T 4.9 sec
 - d_sub 1000 : OOB 0.2956 : L 20 : T 5.2 sec
 - d_sub 1000 : OOB 0.2983 : L 21 : T 5.4 sec
 - d_sub 1000 : OOB 0.2930 : L 22 : T 5.6 sec
 - d_sub 1000 : OOB 0.2948 : L 23 : T 5.9 sec
 - d_sub 1000 : OOB 0.2924 : L 24 : T 6.1 sec
 - d_sub 1000 : OOB 0.2937 : L 25 : T 6.3 sec
 - d_sub 1000 : OOB 0.2897 : L 26 : T 6.5 sec
 - d_sub 1000 : OOB 0.2885 : L 27 : T 6.7 sec
 - d_sub 1000 : OOB 0.2892 : L 28 : T 6.9 sec
 - d_sub 1000 : OOB 0.2900 : L 29 : T 7.2 sec
 - d_sub 1000 : OOB 0.2898 : L 30 : T 7.4 sec
 - d_sub 1000 : OOB 0.2881 : L 31 : T 7.6 sec
 - d_sub 1000 : OOB 0.2898 : L 32 : T 7.8 sec
 - d_sub 1000 : OOB 0.2890 : L 33 : T 8.0 sec
 - d_sub 1000 : OOB 0.2927 : L 34 : T 8.2 sec
 - d_sub 1000 : OOB 0.2836 : L 35 : T 8.4 sec
 - d_sub 1000 : OOB 0.2849 : L 36 : T 8.6 sec
 - d_sub 1000 : OOB 0.2843 : L 37 : T 8.8 sec
 - d_sub 1000 : OOB 0.2846 : L 38 : T 9.0 sec
 - d_sub 1000 : OOB 0.2813 : L 39 : T 9.2 sec
 - d_sub 1000 : OOB 0.2835 : L 40 : T 9.4 sec
 - d_sub 1000 : OOB 0.2846 : L 41 : T 9.6 sec
 - d_sub 1000 : OOB 0.2774 : L 42 : T 9.8 sec
 - d_sub 1000 : OOB 0.2795 : L 43 : T 10.0 sec
 - d_sub 1000 : OOB 0.2794 : L 44 : T 10.3 sec
 - d_sub 1000 : OOB 0.2818 : L 45 : T 10.5 sec
 - d_sub 1000 : OOB 0.2781 : L 46 : T 10.7 sec
 - d_sub 1000 : OOB 0.2792 : L 47 : T 10.9 sec
 - d_sub 1000 : OOB 0.2805 : L 48 : T 11.1 sec
 - d_sub 1000 : OOB 0.2791 : L 49 : T 11.3 sec
 - d_sub 1000 : OOB 0.2762 : L 50 : T 11.5 sec
 - d_sub 1000 : OOB 0.2767 : L 51 : T 11.8 sec
 - d_sub 1000 : OOB 0.2757 : L 52 : T 12.0 sec
 - d_sub 1000 : OOB 0.2761 : L 53 : T 12.2 sec
 - d_sub 1000 : OOB 0.2760 : L 54 : T 12.5 sec
 - d_sub 1000 : OOB 0.2750 : L 55 : T 12.7 sec
 - d_sub 1000 : OOB 0.2743 : L 56 : T 12.9 sec
 - d_sub 1000 : OOB 0.2744 : L 57 : T 13.1 sec
 - d_sub 1000 : OOB 0.2737 : L 58 : T 13.3 sec
 - d_sub 1000 : OOB 0.2757 : L 59 : T 13.5 sec
 - d_sub 1000 : OOB 0.2740 : L 60 : T 13.7 sec
 - d_sub 1000 : OOB 0.2758 : L 61 : T 14.0 sec
 - d_sub 1000 : OOB 0.2736 : L 62 : T 14.2 sec
 - d_sub 1000 : OOB 0.2729 : L 63 : T 14.4 sec
 - d_sub 1000 : OOB 0.2721 : L 64 : T 14.6 sec
 - d_sub 1000 : OOB 0.2729 : L 65 : T 14.8 sec
 - d_sub 1000 : OOB 0.2709 : L 66 : T 15.0 sec
 - d_sub 1000 : OOB 0.2724 : L 67 : T 15.2 sec
 - d_sub 1000 : OOB 0.2730 : L 68 : T 15.4 sec
 - d_sub 1000 : OOB 0.2732 : L 69 : T 15.7 sec
 - d_sub 1000 : OOB 0.2708 : L 70 : T 15.9 sec
 - d_sub 1000 : OOB 0.2706 : L 71 : T 16.1 sec
 - d_sub 1000 : OOB 0.2704 : L 72 : T 16.3 sec
 - d_sub 1000 : OOB 0.2703 : L 73 : T 16.5 sec
 - d_sub 1000 : OOB 0.2714 : L 74 : T 16.8 sec
 - d_sub 1000 : OOB 0.2703 : L 75 : T 17.0 sec
 - d_sub 1000 : OOB 0.2706 : L 76 : T 17.2 sec
 - d_sub 1000 : OOB 0.2715 : L 77 : T 17.4 sec
 - d_sub 1000 : OOB 0.2713 : L 78 : T 17.7 sec
 - d_sub 1000 : OOB 0.2682 : L 79 : T 17.9 sec
 - d_sub 1000 : OOB 0.2696 : L 80 : T 18.1 sec
 - d_sub 1000 : OOB 0.2688 : L 81 : T 18.3 sec
 - d_sub 1000 : OOB 0.2671 : L 82 : T 18.6 sec
 - d_sub 1000 : OOB 0.2682 : L 83 : T 18.8 sec
 - d_sub 1000 : OOB 0.2679 : L 84 : T 19.0 sec
 - d_sub 1000 : OOB 0.2658 : L 85 : T 19.3 sec
 - d_sub 1000 : OOB 0.2661 : L 86 : T 19.5 sec
 - d_sub 1000 : OOB 0.2692 : L 87 : T 19.7 sec
 - d_sub 1000 : OOB 0.2672 : L 88 : T 19.9 sec
 - d_sub 1000 : OOB 0.2679 : L 89 : T 20.5 sec
 - d_sub 1000 : OOB 0.2666 : L 90 : T 20.7 sec
 - d_sub 1000 : OOB 0.2657 : L 91 : T 20.9 sec
 - d_sub 1000 : OOB 0.2663 : L 92 : T 21.1 sec
 - d_sub 1000 : OOB 0.2662 : L 93 : T 21.3 sec
 - d_sub 1000 : OOB 0.2678 : L 94 : T 21.5 sec
 - d_sub 1000 : OOB 0.2682 : L 95 : T 21.7 sec
 - d_sub 1000 : OOB 0.2683 : L 96 : T 21.9 sec
 - d_sub 1000 : OOB 0.2680 : L 97 : T 22.1 sec
 - d_sub 1000 : OOB 0.2690 : L 98 : T 22.3 sec
 - d_sub 1000 : OOB 0.2699 : L 99 : T 22.5 sec
 - d_sub 1000 : OOB 0.2682 : L 100 : T 22.7 sec
 - d_sub 1000 : OOB 0.2703 : L 101 : T 22.9 sec
 - d_sub 1000 : OOB 0.2705 : L 102 : T 23.1 sec
 - d_sub 1000 : OOB 0.2692 : L 103 : T 23.3 sec
 - d_sub 1000 : OOB 0.2697 : L 104 : T 23.5 sec
 - d_sub 1000 : OOB 0.2694 : L 105 : T 23.7 sec
 - d_sub 1000 : OOB 0.2691 : L 106 : T 23.9 sec
 - d_sub 1000 : OOB 0.2701 : L 107 : T 24.1 sec
 - d_sub 1000 : OOB 0.2707 : L 108 : T 24.3 sec
 - d_sub 1000 : OOB 0.2708 : L 109 : T 24.5 sec
 - d_sub 1000 : OOB 0.2699 : L 110 : T 24.7 sec
 - d_sub 1000 : OOB 0.2673 : L 111 : T 24.9 sec
 - d_sub 1000 : OOB 0.2700 : L 112 : T 25.2 sec
 - d_sub 1000 : OOB 0.2697 : L 113 : T 25.4 sec
 - d_sub 1000 : OOB 0.2688 : L 114 : T 25.6 sec
 - d_sub 1000 : OOB 0.2680 : L 115 : T 25.8 sec
 - d_sub 1000 : OOB 0.2692 : L 116 : T 26.1 sec
 - d_sub 1000 : OOB 0.2668 : L 117 : T 26.3 sec
 - d_sub 1000 : OOB 0.2683 : L 118 : T 26.5 sec

 - d_sub 1200 : OOB 0.5020 : L 1 : T 0.3 sec
 - d_sub 1200 : OOB 0.4984 : L 2 : T 0.5 sec
 - d_sub 1200 : OOB 0.5051 : L 3 : T 0.8 sec
 - d_sub 1200 : OOB 0.5068 : L 4 : T 1.1 sec
 - d_sub 1200 : OOB 0.4299 : L 5 : T 1.4 sec
 - d_sub 1200 : OOB 0.4349 : L 6 : T 1.7 sec
 - d_sub 1200 : OOB 0.4339 : L 7 : T 2.0 sec
 - d_sub 1200 : OOB 0.4352 : L 8 : T 2.2 sec
 - d_sub 1200 : OOB 0.4321 : L 9 : T 2.5 sec
 - d_sub 1200 : OOB 0.4386 : L 10 : T 2.8 sec
 - d_sub 1200 : OOB 0.3920 : L 11 : T 3.0 sec
 - d_sub 1200 : OOB 0.3938 : L 12 : T 3.3 sec
 - d_sub 1200 : OOB 0.3865 : L 13 : T 3.6 sec
 - d_sub 1200 : OOB 0.3933 : L 14 : T 3.9 sec
 - d_sub 1200 : OOB 0.3647 : L 15 : T 4.2 sec
 - d_sub 1200 : OOB 0.3458 : L 16 : T 4.5 sec
 - d_sub 1200 : OOB 0.3430 : L 17 : T 4.7 sec
 - d_sub 1200 : OOB 0.3450 : L 18 : T 5.0 sec
 - d_sub 1200 : OOB 0.3475 : L 19 : T 5.3 sec
 - d_sub 1200 : OOB 0.3484 : L 20 : T 5.5 sec
 - d_sub 1200 : OOB 0.3313 : L 21 : T 5.8 sec
 - d_sub 1200 : OOB 0.3302 : L 22 : T 6.1 sec
 - d_sub 1200 : OOB 0.3302 : L 23 : T 6.3 sec
 - d_sub 1200 : OOB 0.3318 : L 24 : T 6.6 sec
 - d_sub 1200 : OOB 0.3315 : L 25 : T 6.8 sec
 - d_sub 1200 : OOB 0.3160 : L 26 : T 7.1 sec
 - d_sub 1200 : OOB 0.3190 : L 27 : T 7.4 sec
 - d_sub 1200 : OOB 0.3108 : L 28 : T 7.6 sec
 - d_sub 1200 : OOB 0.3054 : L 29 : T 7.9 sec
 - d_sub 1200 : OOB 0.3018 : L 30 : T 8.2 sec
 - d_sub 1200 : OOB 0.3006 : L 31 : T 8.4 sec
 - d_sub 1200 : OOB 0.3004 : L 32 : T 8.7 sec
 - d_sub 1200 : OOB 0.3016 : L 33 : T 8.9 sec
 - d_sub 1200 : OOB 0.3010 : L 34 : T 9.2 sec
 - d_sub 1200 : OOB 0.2968 : L 35 : T 9.5 sec
 - d_sub 1200 : OOB 0.2928 : L 36 : T 9.7 sec
 - d_sub 1200 : OOB 0.2887 : L 37 : T 9.9 sec
 - d_sub 1200 : OOB 0.2934 : L 38 : T 10.2 sec
 - d_sub 1200 : OOB 0.2923 : L 39 : T 10.5 sec
 - d_sub 1200 : OOB 0.2907 : L 40 : T 10.7 sec
 - d_sub 1200 : OOB 0.2895 : L 41 : T 11.0 sec
 - d_sub 1200 : OOB 0.2930 : L 42 : T 11.2 sec
 - d_sub 1200 : OOB 0.2886 : L 43 : T 11.5 sec
 - d_sub 1200 : OOB 0.2895 : L 44 : T 11.8 sec
 - d_sub 1200 : OOB 0.2860 : L 45 : T 12.0 sec
 - d_sub 1200 : OOB 0.2834 : L 46 : T 12.3 sec
 - d_sub 1200 : OOB 0.2828 : L 47 : T 12.6 sec
 - d_sub 1200 : OOB 0.2849 : L 48 : T 12.9 sec
 - d_sub 1200 : OOB 0.2825 : L 49 : T 13.2 sec
 - d_sub 1200 : OOB 0.2823 : L 50 : T 13.4 sec
 - d_sub 1200 : OOB 0.2833 : L 51 : T 13.7 sec
 - d_sub 1200 : OOB 0.2799 : L 52 : T 14.0 sec
 - d_sub 1200 : OOB 0.2796 : L 53 : T 14.3 sec
 - d_sub 1200 : OOB 0.2803 : L 54 : T 14.6 sec
 - d_sub 1200 : OOB 0.2803 : L 55 : T 14.8 sec
 - d_sub 1200 : OOB 0.2790 : L 56 : T 15.1 sec
 - d_sub 1200 : OOB 0.2799 : L 57 : T 15.5 sec
 - d_sub 1200 : OOB 0.2783 : L 58 : T 15.7 sec
 - d_sub 1200 : OOB 0.2786 : L 59 : T 16.0 sec
 - d_sub 1200 : OOB 0.2782 : L 60 : T 16.3 sec
 - d_sub 1200 : OOB 0.2778 : L 61 : T 16.6 sec
 - d_sub 1200 : OOB 0.2808 : L 62 : T 16.8 sec
 - d_sub 1200 : OOB 0.2779 : L 63 : T 17.1 sec
 - d_sub 1200 : OOB 0.2793 : L 64 : T 17.4 sec
 - d_sub 1200 : OOB 0.2792 : L 65 : T 17.7 sec
 - d_sub 1200 : OOB 0.2802 : L 66 : T 18.0 sec
 - d_sub 1200 : OOB 0.2785 : L 67 : T 18.2 sec
 - d_sub 1200 : OOB 0.2804 : L 68 : T 18.5 sec
 - d_sub 1200 : OOB 0.2804 : L 69 : T 18.8 sec
 - d_sub 1200 : OOB 0.2790 : L 70 : T 19.1 sec
 - d_sub 1200 : OOB 0.2780 : L 71 : T 19.3 sec
 - d_sub 1200 : OOB 0.2758 : L 72 : T 19.6 sec
 - d_sub 1200 : OOB 0.2785 : L 73 : T 19.8 sec
 - d_sub 1200 : OOB 0.2766 : L 74 : T 20.1 sec
 - d_sub 1200 : OOB 0.2801 : L 75 : T 20.4 sec
 - d_sub 1200 : OOB 0.2778 : L 76 : T 20.7 sec
 - d_sub 1200 : OOB 0.2772 : L 77 : T 20.9 sec
 - d_sub 1200 : OOB 0.2765 : L 78 : T 21.2 sec
 - d_sub 1200 : OOB 0.2771 : L 79 : T 21.5 sec
 - d_sub 1200 : OOB 0.2756 : L 80 : T 21.7 sec
 - d_sub 1200 : OOB 0.2756 : L 81 : T 21.9 sec
 - d_sub 1200 : OOB 0.2750 : L 82 : T 22.2 sec
 - d_sub 1200 : OOB 0.2758 : L 83 : T 22.5 sec
 - d_sub 1200 : OOB 0.2777 : L 84 : T 22.7 sec
 - d_sub 1200 : OOB 0.2755 : L 85 : T 23.0 sec
 - d_sub 1200 : OOB 0.2739 : L 86 : T 23.3 sec
 - d_sub 1200 : OOB 0.2721 : L 87 : T 23.5 sec
 - d_sub 1200 : OOB 0.2723 : L 88 : T 23.8 sec
 - d_sub 1200 : OOB 0.2731 : L 89 : T 24.0 sec
 - d_sub 1200 : OOB 0.2715 : L 90 : T 24.3 sec
 - d_sub 1200 : OOB 0.2724 : L 91 : T 24.5 sec
 - d_sub 1200 : OOB 0.2719 : L 92 : T 24.8 sec
 - d_sub 1200 : OOB 0.2700 : L 93 : T 25.1 sec
 - d_sub 1200 : OOB 0.2705 : L 94 : T 25.3 sec
 - d_sub 1200 : OOB 0.2729 : L 95 : T 25.6 sec
 - d_sub 1200 : OOB 0.2703 : L 96 : T 25.8 sec
 - d_sub 1200 : OOB 0.2704 : L 97 : T 26.1 sec
 - d_sub 1200 : OOB 0.2699 : L 98 : T 26.4 sec
 - d_sub 1200 : OOB 0.2694 : L 99 : T 26.6 sec
 - d_sub 1200 : OOB 0.2687 : L 100 : T 26.9 sec
 - d_sub 1200 : OOB 0.2705 : L 101 : T 27.2 sec
 - d_sub 1200 : OOB 0.2686 : L 102 : T 27.5 sec
 - d_sub 1200 : OOB 0.2691 : L 103 : T 27.8 sec
 - d_sub 1200 : OOB 0.2699 : L 104 : T 28.2 sec
 - d_sub 1200 : OOB 0.2679 : L 105 : T 28.5 sec
 - d_sub 1200 : OOB 0.2693 : L 106 : T 28.8 sec
 - d_sub 1200 : OOB 0.2694 : L 107 : T 29.1 sec
 - d_sub 1200 : OOB 0.2721 : L 108 : T 29.3 sec
 - d_sub 1200 : OOB 0.2694 : L 109 : T 29.6 sec
 - d_sub 1200 : OOB 0.2716 : L 110 : T 29.9 sec
 - d_sub 1200 : OOB 0.2695 : L 111 : T 30.1 sec
 - d_sub 1200 : OOB 0.2702 : L 112 : T 30.4 sec
 - d_sub 1200 : OOB 0.2695 : L 113 : T 30.7 sec
 - d_sub 1200 : OOB 0.2686 : L 114 : T 31.0 sec
 - d_sub 1200 : OOB 0.2689 : L 115 : T 31.3 sec
 - d_sub 1200 : OOB 0.2680 : L 116 : T 31.5 sec
 - d_sub 1200 : OOB 0.2697 : L 117 : T 31.8 sec
 - d_sub 1200 : OOB 0.2699 : L 118 : T 32.1 sec
 - d_sub 1200 : OOB 0.2680 : L 119 : T 32.4 sec
 - d_sub 1200 : OOB 0.2660 : L 120 : T 32.7 sec
 - d_sub 1200 : OOB 0.2676 : L 121 : T 32.9 sec
 - d_sub 1200 : OOB 0.2687 : L 122 : T 33.2 sec
 - d_sub 1200 : OOB 0.2673 : L 123 : T 33.5 sec
 - d_sub 1200 : OOB 0.2679 : L 124 : T 33.8 sec
 - d_sub 1200 : OOB 0.2659 : L 125 : T 34.0 sec
 - d_sub 1200 : OOB 0.2663 : L 126 : T 34.3 sec
 - d_sub 1200 : OOB 0.2683 : L 127 : T 34.6 sec
 - d_sub 1200 : OOB 0.2667 : L 128 : T 34.8 sec
 - d_sub 1200 : OOB 0.2678 : L 129 : T 35.1 sec
 - d_sub 1200 : OOB 0.2679 : L 130 : T 35.3 sec
 - d_sub 1200 : OOB 0.2690 : L 131 : T 35.6 sec
 - d_sub 1200 : OOB 0.2660 : L 132 : T 35.9 sec
 - d_sub 1200 : OOB 0.2660 : L 133 : T 36.2 sec
 - d_sub 1200 : OOB 0.2677 : L 134 : T 36.4 sec
 - d_sub 1200 : OOB 0.2677 : L 135 : T 36.7 sec
 - d_sub 1200 : OOB 0.2655 : L 136 : T 36.9 sec
 - d_sub 1200 : OOB 0.2643 : L 137 : T 37.2 sec
 - d_sub 1200 : OOB 0.2642 : L 138 : T 37.5 sec
 - d_sub 1200 : OOB 0.2654 : L 139 : T 37.7 sec
 - d_sub 1200 : OOB 0.2657 : L 140 : T 38.0 sec
 - d_sub 1200 : OOB 0.2677 : L 141 : T 38.2 sec
 - d_sub 1200 : OOB 0.2674 : L 142 : T 38.5 sec
 - d_sub 1200 : OOB 0.2675 : L 143 : T 38.8 sec
 - d_sub 1200 : OOB 0.2661 : L 144 : T 39.0 sec
 - d_sub 1200 : OOB 0.2665 : L 145 : T 39.3 sec
 - d_sub 1200 : OOB 0.2663 : L 146 : T 39.6 sec
 - d_sub 1200 : OOB 0.2653 : L 147 : T 39.9 sec
 - d_sub 1200 : OOB 0.2652 : L 148 : T 40.1 sec
 - d_sub 1200 : OOB 0.2656 : L 149 : T 40.4 sec
 - d_sub 1200 : OOB 0.2636 : L 150 : T 40.7 sec
 - d_sub 1200 : OOB 0.2646 : L 151 : T 41.0 sec
 - d_sub 1200 : OOB 0.2641 : L 152 : T 41.3 sec
 - d_sub 1200 : OOB 0.2657 : L 153 : T 41.6 sec
 - d_sub 1200 : OOB 0.2635 : L 154 : T 41.9 sec
 - d_sub 1200 : OOB 0.2636 : L 155 : T 42.2 sec
 - d_sub 1200 : OOB 0.2631 : L 156 : T 42.5 sec
 - d_sub 1200 : OOB 0.2646 : L 157 : T 42.8 sec
 - d_sub 1200 : OOB 0.2638 : L 158 : T 43.1 sec
 - d_sub 1200 : OOB 0.2653 : L 159 : T 43.4 sec
 - d_sub 1200 : OOB 0.2650 : L 160 : T 43.6 sec
 - d_sub 1200 : OOB 0.2643 : L 161 : T 43.9 sec
 - d_sub 1200 : OOB 0.2642 : L 162 : T 44.2 sec
 - d_sub 1200 : OOB 0.2641 : L 163 : T 44.5 sec
 - d_sub 1200 : OOB 0.2640 : L 164 : T 44.9 sec
 - d_sub 1200 : OOB 0.2640 : L 165 : T 45.2 sec

 - d_sub 1400 : OOB 0.5020 : L 1 : T 0.4 sec
 - d_sub 1400 : OOB 0.4984 : L 2 : T 0.7 sec
 - d_sub 1400 : OOB 0.4376 : L 3 : T 1.1 sec
 - d_sub 1400 : OOB 0.4291 : L 4 : T 1.4 sec
 - d_sub 1400 : OOB 0.4357 : L 5 : T 1.8 sec
 - d_sub 1400 : OOB 0.3907 : L 6 : T 2.1 sec
 - d_sub 1400 : OOB 0.3634 : L 7 : T 2.4 sec
 - d_sub 1400 : OOB 0.3495 : L 8 : T 2.8 sec
 - d_sub 1400 : OOB 0.3225 : L 9 : T 3.1 sec
 - d_sub 1400 : OOB 0.3291 : L 10 : T 3.4 sec
 - d_sub 1400 : OOB 0.3144 : L 11 : T 3.7 sec
 - d_sub 1400 : OOB 0.3156 : L 12 : T 4.0 sec
 - d_sub 1400 : OOB 0.3157 : L 13 : T 4.3 sec
 - d_sub 1400 : OOB 0.3142 : L 14 : T 4.6 sec
 - d_sub 1400 : OOB 0.3175 : L 15 : T 4.9 sec
 - d_sub 1400 : OOB 0.3072 : L 16 : T 5.3 sec
 - d_sub 1400 : OOB 0.3091 : L 17 : T 5.6 sec
 - d_sub 1400 : OOB 0.3075 : L 18 : T 5.9 sec
 - d_sub 1400 : OOB 0.3032 : L 19 : T 6.2 sec
 - d_sub 1400 : OOB 0.3084 : L 20 : T 6.5 sec
 - d_sub 1400 : OOB 0.3015 : L 21 : T 6.8 sec
 - d_sub 1400 : OOB 0.3006 : L 22 : T 7.2 sec
 - d_sub 1400 : OOB 0.2967 : L 23 : T 7.5 sec
 - d_sub 1400 : OOB 0.3013 : L 24 : T 7.8 sec
 - d_sub 1400 : OOB 0.3018 : L 25 : T 8.1 sec
 - d_sub 1400 : OOB 0.2985 : L 26 : T 8.5 sec
 - d_sub 1400 : OOB 0.2964 : L 27 : T 8.8 sec
 - d_sub 1400 : OOB 0.2962 : L 28 : T 9.1 sec
 - d_sub 1400 : OOB 0.2975 : L 29 : T 9.5 sec
 - d_sub 1400 : OOB 0.2924 : L 30 : T 9.8 sec
 - d_sub 1400 : OOB 0.2966 : L 31 : T 10.2 sec
 - d_sub 1400 : OOB 0.2924 : L 32 : T 10.6 sec
 - d_sub 1400 : OOB 0.2889 : L 33 : T 11.0 sec
 - d_sub 1400 : OOB 0.2908 : L 34 : T 11.3 sec
 - d_sub 1400 : OOB 0.2890 : L 35 : T 11.7 sec
 - d_sub 1400 : OOB 0.2877 : L 36 : T 12.1 sec
 - d_sub 1400 : OOB 0.2866 : L 37 : T 12.5 sec
 - d_sub 1400 : OOB 0.2880 : L 38 : T 12.9 sec
 - d_sub 1400 : OOB 0.2895 : L 39 : T 13.2 sec
 - d_sub 1400 : OOB 0.2861 : L 40 : T 13.6 sec
 - d_sub 1400 : OOB 0.2850 : L 41 : T 14.0 sec
 - d_sub 1400 : OOB 0.2857 : L 42 : T 14.3 sec
 - d_sub 1400 : OOB 0.2834 : L 43 : T 14.7 sec
 - d_sub 1400 : OOB 0.2796 : L 44 : T 15.0 sec
 - d_sub 1400 : OOB 0.2803 : L 45 : T 15.4 sec
 - d_sub 1400 : OOB 0.2807 : L 46 : T 15.7 sec
 - d_sub 1400 : OOB 0.2816 : L 47 : T 16.0 sec
 - d_sub 1400 : OOB 0.2782 : L 48 : T 16.4 sec
 - d_sub 1400 : OOB 0.2782 : L 49 : T 16.7 sec
 - d_sub 1400 : OOB 0.2764 : L 50 : T 17.0 sec
 - d_sub 1400 : OOB 0.2780 : L 51 : T 17.3 sec
 - d_sub 1400 : OOB 0.2772 : L 52 : T 17.7 sec
 - d_sub 1400 : OOB 0.2767 : L 53 : T 18.0 sec
 - d_sub 1400 : OOB 0.2732 : L 54 : T 18.3 sec
 - d_sub 1400 : OOB 0.2775 : L 55 : T 18.6 sec
 - d_sub 1400 : OOB 0.2773 : L 56 : T 19.0 sec
 - d_sub 1400 : OOB 0.2741 : L 57 : T 19.3 sec
 - d_sub 1400 : OOB 0.2745 : L 58 : T 19.6 sec
 - d_sub 1400 : OOB 0.2751 : L 59 : T 19.9 sec
 - d_sub 1400 : OOB 0.2756 : L 60 : T 20.2 sec
 - d_sub 1400 : OOB 0.2723 : L 61 : T 20.5 sec
 - d_sub 1400 : OOB 0.2711 : L 62 : T 20.8 sec
 - d_sub 1400 : OOB 0.2712 : L 63 : T 21.2 sec
 - d_sub 1400 : OOB 0.2704 : L 64 : T 21.5 sec
 - d_sub 1400 : OOB 0.2719 : L 65 : T 21.8 sec
 - d_sub 1400 : OOB 0.2703 : L 66 : T 22.2 sec
 - d_sub 1400 : OOB 0.2703 : L 67 : T 22.5 sec
 - d_sub 1400 : OOB 0.2725 : L 68 : T 22.8 sec
 - d_sub 1400 : OOB 0.2724 : L 69 : T 23.2 sec
 - d_sub 1400 : OOB 0.2713 : L 70 : T 23.5 sec
 - d_sub 1400 : OOB 0.2709 : L 71 : T 23.9 sec
 - d_sub 1400 : OOB 0.2703 : L 72 : T 24.2 sec
 - d_sub 1400 : OOB 0.2705 : L 73 : T 24.6 sec
 - d_sub 1400 : OOB 0.2692 : L 74 : T 25.0 sec
 - d_sub 1400 : OOB 0.2682 : L 75 : T 25.3 sec
 - d_sub 1400 : OOB 0.2692 : L 76 : T 25.7 sec
 - d_sub 1400 : OOB 0.2692 : L 77 : T 26.1 sec
 - d_sub 1400 : OOB 0.2701 : L 78 : T 26.5 sec
 - d_sub 1400 : OOB 0.2681 : L 79 : T 26.8 sec
 - d_sub 1400 : OOB 0.2690 : L 80 : T 27.2 sec
 - d_sub 1400 : OOB 0.2676 : L 81 : T 27.6 sec
 - d_sub 1400 : OOB 0.2665 : L 82 : T 27.9 sec
 - d_sub 1400 : OOB 0.2661 : L 83 : T 28.2 sec
 - d_sub 1400 : OOB 0.2656 : L 84 : T 28.6 sec
 - d_sub 1400 : OOB 0.2667 : L 85 : T 28.9 sec
 - d_sub 1400 : OOB 0.2666 : L 86 : T 29.2 sec
 - d_sub 1400 : OOB 0.2662 : L 87 : T 29.6 sec
 - d_sub 1400 : OOB 0.2648 : L 88 : T 29.9 sec
 - d_sub 1400 : OOB 0.2651 : L 89 : T 30.2 sec
 - d_sub 1400 : OOB 0.2660 : L 90 : T 30.5 sec
 - d_sub 1400 : OOB 0.2669 : L 91 : T 30.8 sec
 - d_sub 1400 : OOB 0.2652 : L 92 : T 31.2 sec
 - d_sub 1400 : OOB 0.2663 : L 93 : T 31.5 sec
 - d_sub 1400 : OOB 0.2661 : L 94 : T 31.8 sec
 - d_sub 1400 : OOB 0.2666 : L 95 : T 32.1 sec
 - d_sub 1400 : OOB 0.2664 : L 96 : T 32.4 sec
 - d_sub 1400 : OOB 0.2648 : L 97 : T 32.7 sec
 - d_sub 1400 : OOB 0.2627 : L 98 : T 33.0 sec
 - d_sub 1400 : OOB 0.2634 : L 99 : T 33.4 sec
 - d_sub 1400 : OOB 0.2641 : L 100 : T 33.7 sec
 - d_sub 1400 : OOB 0.2644 : L 101 : T 34.0 sec
 - d_sub 1400 : OOB 0.2638 : L 102 : T 34.3 sec
 - d_sub 1400 : OOB 0.2619 : L 103 : T 34.7 sec
 - d_sub 1400 : OOB 0.2641 : L 104 : T 35.0 sec
 - d_sub 1400 : OOB 0.2632 : L 105 : T 35.3 sec
 - d_sub 1400 : OOB 0.2642 : L 106 : T 35.6 sec
 - d_sub 1400 : OOB 0.2647 : L 107 : T 36.0 sec
 - d_sub 1400 : OOB 0.2644 : L 108 : T 36.3 sec
 - d_sub 1400 : OOB 0.2621 : L 109 : T 36.6 sec
 - d_sub 1400 : OOB 0.2619 : L 110 : T 37.0 sec
 - d_sub 1400 : OOB 0.2635 : L 111 : T 37.3 sec
 - d_sub 1400 : OOB 0.2630 : L 112 : T 37.6 sec
 - d_sub 1400 : OOB 0.2626 : L 113 : T 38.0 sec
 - d_sub 1400 : OOB 0.2634 : L 114 : T 38.3 sec
 - d_sub 1400 : OOB 0.2655 : L 115 : T 38.7 sec
 - d_sub 1400 : OOB 0.2656 : L 116 : T 39.0 sec
 - d_sub 1400 : OOB 0.2664 : L 117 : T 39.4 sec
 - d_sub 1400 : OOB 0.2647 : L 118 : T 39.8 sec
 - d_sub 1400 : OOB 0.2639 : L 119 : T 40.2 sec
 - d_sub 1400 : OOB 0.2630 : L 120 : T 40.6 sec
 - d_sub 1400 : OOB 0.2628 : L 121 : T 41.0 sec
 - d_sub 1400 : OOB 0.2633 : L 122 : T 41.4 sec
 - d_sub 1400 : OOB 0.2626 : L 123 : T 41.8 sec
 - d_sub 1400 : OOB 0.2621 : L 124 : T 42.1 sec
 - d_sub 1400 : OOB 0.2624 : L 125 : T 42.5 sec
 - d_sub 1400 : OOB 0.2641 : L 126 : T 42.9 sec
 - d_sub 1400 : OOB 0.2615 : L 127 : T 43.3 sec
 - d_sub 1400 : OOB 0.2627 : L 128 : T 43.7 sec

 - d_sub 1600 : OOB 0.5020 : L 1 : T 0.4 sec
 - d_sub 1600 : OOB 0.4984 : L 2 : T 0.7 sec
 - d_sub 1600 : OOB 0.4358 : L 3 : T 1.2 sec
 - d_sub 1600 : OOB 0.4269 : L 4 : T 1.5 sec
 - d_sub 1600 : OOB 0.4345 : L 5 : T 1.9 sec
 - d_sub 1600 : OOB 0.4304 : L 6 : T 2.3 sec
 - d_sub 1600 : OOB 0.4340 : L 7 : T 2.7 sec
 - d_sub 1600 : OOB 0.3878 : L 8 : T 3.1 sec
 - d_sub 1600 : OOB 0.3700 : L 9 : T 3.5 sec
 - d_sub 1600 : OOB 0.3683 : L 10 : T 3.9 sec
 - d_sub 1600 : OOB 0.3488 : L 11 : T 4.3 sec
 - d_sub 1600 : OOB 0.3331 : L 12 : T 4.8 sec
 - d_sub 1600 : OOB 0.3290 : L 13 : T 5.2 sec
 - d_sub 1600 : OOB 0.3191 : L 14 : T 5.7 sec
 - d_sub 1600 : OOB 0.3240 : L 15 : T 6.1 sec
 - d_sub 1600 : OOB 0.3104 : L 16 : T 6.6 sec
 - d_sub 1600 : OOB 0.3093 : L 17 : T 7.0 sec
 - d_sub 1600 : OOB 0.3131 : L 18 : T 7.4 sec
 - d_sub 1600 : OOB 0.3045 : L 19 : T 7.8 sec
 - d_sub 1600 : OOB 0.3032 : L 20 : T 8.2 sec
 - d_sub 1600 : OOB 0.3045 : L 21 : T 8.6 sec
 - d_sub 1600 : OOB 0.3075 : L 22 : T 9.0 sec
 - d_sub 1600 : OOB 0.3047 : L 23 : T 9.4 sec
 - d_sub 1600 : OOB 0.3035 : L 24 : T 9.8 sec
 - d_sub 1600 : OOB 0.3088 : L 25 : T 10.3 sec
 - d_sub 1600 : OOB 0.3039 : L 26 : T 10.7 sec
 - d_sub 1600 : OOB 0.3043 : L 27 : T 11.1 sec
 - d_sub 1600 : OOB 0.3072 : L 28 : T 11.5 sec
 - d_sub 1600 : OOB 0.3045 : L 29 : T 11.9 sec
 - d_sub 1600 : OOB 0.3053 : L 30 : T 12.3 sec
 - d_sub 1600 : OOB 0.3014 : L 31 : T 12.7 sec
 - d_sub 1600 : OOB 0.2996 : L 32 : T 13.1 sec
 - d_sub 1600 : OOB 0.2974 : L 33 : T 13.4 sec
 - d_sub 1600 : OOB 0.2949 : L 34 : T 13.8 sec
 - d_sub 1600 : OOB 0.2955 : L 35 : T 14.2 sec
 - d_sub 1600 : OOB 0.2947 : L 36 : T 14.5 sec
 - d_sub 1600 : OOB 0.2940 : L 37 : T 14.9 sec
 - d_sub 1600 : OOB 0.2935 : L 38 : T 15.4 sec
 - d_sub 1600 : OOB 0.2971 : L 39 : T 15.7 sec
 - d_sub 1600 : OOB 0.2921 : L 40 : T 16.1 sec
 - d_sub 1600 : OOB 0.2913 : L 41 : T 16.5 sec
 - d_sub 1600 : OOB 0.2892 : L 42 : T 16.9 sec
 - d_sub 1600 : OOB 0.2882 : L 43 : T 17.2 sec
 - d_sub 1600 : OOB 0.2900 : L 44 : T 17.6 sec
 - d_sub 1600 : OOB 0.2900 : L 45 : T 18.0 sec
 - d_sub 1600 : OOB 0.2822 : L 46 : T 18.5 sec
 - d_sub 1600 : OOB 0.2822 : L 47 : T 18.9 sec
 - d_sub 1600 : OOB 0.2840 : L 48 : T 19.3 sec
 - d_sub 1600 : OOB 0.2812 : L 49 : T 19.8 sec
 - d_sub 1600 : OOB 0.2822 : L 50 : T 20.2 sec
 - d_sub 1600 : OOB 0.2821 : L 51 : T 20.6 sec
 - d_sub 1600 : OOB 0.2811 : L 52 : T 21.0 sec
 - d_sub 1600 : OOB 0.2798 : L 53 : T 21.4 sec
 - d_sub 1600 : OOB 0.2851 : L 54 : T 21.9 sec
 - d_sub 1600 : OOB 0.2833 : L 55 : T 22.3 sec
 - d_sub 1600 : OOB 0.2834 : L 56 : T 22.7 sec
 - d_sub 1600 : OOB 0.2828 : L 57 : T 23.2 sec
 - d_sub 1600 : OOB 0.2787 : L 58 : T 23.6 sec
 - d_sub 1600 : OOB 0.2817 : L 59 : T 24.0 sec
 - d_sub 1600 : OOB 0.2799 : L 60 : T 24.4 sec
 - d_sub 1600 : OOB 0.2813 : L 61 : T 24.8 sec
 - d_sub 1600 : OOB 0.2822 : L 62 : T 25.2 sec
 - d_sub 1600 : OOB 0.2814 : L 63 : T 25.6 sec
 - d_sub 1600 : OOB 0.2816 : L 64 : T 26.0 sec
 - d_sub 1600 : OOB 0.2792 : L 65 : T 26.4 sec
 - d_sub 1600 : OOB 0.2784 : L 66 : T 26.7 sec
 - d_sub 1600 : OOB 0.2772 : L 67 : T 27.1 sec
 - d_sub 1600 : OOB 0.2764 : L 68 : T 27.5 sec
 - d_sub 1600 : OOB 0.2754 : L 69 : T 27.9 sec
 - d_sub 1600 : OOB 0.2739 : L 70 : T 28.3 sec
 - d_sub 1600 : OOB 0.2737 : L 71 : T 28.7 sec
 - d_sub 1600 : OOB 0.2741 : L 72 : T 29.0 sec
 - d_sub 1600 : OOB 0.2722 : L 73 : T 29.4 sec
 - d_sub 1600 : OOB 0.2700 : L 74 : T 29.8 sec
 - d_sub 1600 : OOB 0.2709 : L 75 : T 30.2 sec
 - d_sub 1600 : OOB 0.2713 : L 76 : T 30.6 sec
 - d_sub 1600 : OOB 0.2698 : L 77 : T 30.9 sec
 - d_sub 1600 : OOB 0.2695 : L 78 : T 31.3 sec
 - d_sub 1600 : OOB 0.2715 : L 79 : T 31.7 sec
 - d_sub 1600 : OOB 0.2688 : L 80 : T 32.2 sec
 - d_sub 1600 : OOB 0.2675 : L 81 : T 32.6 sec
 - d_sub 1600 : OOB 0.2679 : L 82 : T 33.0 sec
 - d_sub 1600 : OOB 0.2673 : L 83 : T 33.5 sec
 - d_sub 1600 : OOB 0.2678 : L 84 : T 33.9 sec
 - d_sub 1600 : OOB 0.2678 : L 85 : T 34.4 sec
 - d_sub 1600 : OOB 0.2671 : L 86 : T 34.8 sec
 - d_sub 1600 : OOB 0.2691 : L 87 : T 35.3 sec
 - d_sub 1600 : OOB 0.2696 : L 88 : T 35.7 sec
 - d_sub 1600 : OOB 0.2683 : L 89 : T 36.1 sec
 - d_sub 1600 : OOB 0.2671 : L 90 : T 36.6 sec
 - d_sub 1600 : OOB 0.2664 : L 91 : T 37.0 sec
 - d_sub 1600 : OOB 0.2689 : L 92 : T 37.5 sec
 - d_sub 1600 : OOB 0.2676 : L 93 : T 37.9 sec
 - d_sub 1600 : OOB 0.2687 : L 94 : T 38.3 sec
 - d_sub 1600 : OOB 0.2670 : L 95 : T 38.8 sec
 - d_sub 1600 : OOB 0.2673 : L 96 : T 39.1 sec
 - d_sub 1600 : OOB 0.2657 : L 97 : T 39.5 sec
 - d_sub 1600 : OOB 0.2659 : L 98 : T 39.9 sec
 - d_sub 1600 : OOB 0.2656 : L 99 : T 40.3 sec
 - d_sub 1600 : OOB 0.2650 : L 100 : T 40.6 sec
 - d_sub 1600 : OOB 0.2640 : L 101 : T 41.0 sec
 - d_sub 1600 : OOB 0.2645 : L 102 : T 41.3 sec
 - d_sub 1600 : OOB 0.2659 : L 103 : T 41.7 sec
 - d_sub 1600 : OOB 0.2643 : L 104 : T 42.0 sec
 - d_sub 1600 : OOB 0.2642 : L 105 : T 42.4 sec
 - d_sub 1600 : OOB 0.2646 : L 106 : T 42.7 sec
 - d_sub 1600 : OOB 0.2669 : L 107 : T 43.1 sec
 - d_sub 1600 : OOB 0.2670 : L 108 : T 43.5 sec
 - d_sub 1600 : OOB 0.2663 : L 109 : T 43.9 sec
 - d_sub 1600 : OOB 0.2657 : L 110 : T 44.3 sec
 - d_sub 1600 : OOB 0.2647 : L 111 : T 44.7 sec
 - d_sub 1600 : OOB 0.2644 : L 112 : T 45.0 sec
 - d_sub 1600 : OOB 0.2651 : L 113 : T 45.4 sec
 - d_sub 1600 : OOB 0.2667 : L 114 : T 45.8 sec
 - d_sub 1600 : OOB 0.2645 : L 115 : T 46.3 sec
 - d_sub 1600 : OOB 0.2641 : L 116 : T 46.7 sec
 - d_sub 1600 : OOB 0.2650 : L 117 : T 47.1 sec
 - d_sub 1600 : OOB 0.2654 : L 118 : T 47.5 sec
 - d_sub 1600 : OOB 0.2638 : L 119 : T 48.0 sec
 - d_sub 1600 : OOB 0.2661 : L 120 : T 48.4 sec
 - d_sub 1600 : OOB 0.2651 : L 121 : T 48.8 sec
 - d_sub 1600 : OOB 0.2642 : L 122 : T 49.3 sec
 - d_sub 1600 : OOB 0.2635 : L 123 : T 49.7 sec
 - d_sub 1600 : OOB 0.2653 : L 124 : T 50.1 sec
 - d_sub 1600 : OOB 0.2642 : L 125 : T 50.5 sec
 - d_sub 1600 : OOB 0.2645 : L 126 : T 50.9 sec
 - d_sub 1600 : OOB 0.2647 : L 127 : T 51.4 sec
# -------------------------
optimal d_sub 1400 : OOB 0.2627 : L 128 : T 216.8 sec
Testing error: 0.2485
# -------------------------
# Ensemble classification
#  - Training samples: 10000 (5000/5000)
#  - Feature-space dimensionality: 22563
#  - L : automatic (min 25, max 500, length 50, eps 0.00500)
#  - d_sub : 300
#  - Seed 1 (subspaces) : 391739670
#  - Seed 2 (bootstrap) : 146559512
# -------------------------

 - d_sub 300 : OOB 0.5020 : L 1 : T 0.0 sec
 - d_sub 300 : OOB 0.4984 : L 2 : T 0.1 sec
 - d_sub 300 : OOB 0.5051 : L 3 : T 0.2 sec
 - d_sub 300 : OOB 0.5068 : L 4 : T 0.2 sec
 - d_sub 300 : OOB 0.5025 : L 5 : T 0.2 sec
 - d_sub 300 : OOB 0.5051 : L 6 : T 0.3 sec
 - d_sub 300 : OOB 0.4386 : L 7 : T 0.4 sec
 - d_sub 300 : OOB 0.4408 : L 8 : T 0.4 sec
 - d_sub 300 : OOB 0.4446 : L 9 : T 0.5 sec
 - d_sub 300 : OOB 0.4380 : L 10 : T 0.5 sec
 - d_sub 300 : OOB 0.4361 : L 11 : T 0.6 sec
 - d_sub 300 : OOB 0.4366 : L 12 : T 0.6 sec
 - d_sub 300 : OOB 0.4085 : L 13 : T 0.7 sec
 - d_sub 300 : OOB 0.4043 : L 14 : T 0.7 sec
 - d_sub 300 : OOB 0.3888 : L 15 : T 0.8 sec
 - d_sub 300 : OOB 0.3895 : L 16 : T 0.8 sec
 - d_sub 300 : OOB 0.3814 : L 17 : T 0.9 sec
 - d_sub 300 : OOB 0.3813 : L 18 : T 0.9 sec
 - d_sub 300 : OOB 0.3720 : L 19 : T 1.0 sec
 - d_sub 300 : OOB 0.3544 : L 20 : T 1.0 sec
 - d_sub 300 : OOB 0.3593 : L 21 : T 1.1 sec
 - d_sub 300 : OOB 0.3607 : L 22 : T 1.1 sec
 - d_sub 300 : OOB 0.3530 : L 23 : T 1.2 sec
 - d_sub 300 : OOB 0.3526 : L 24 : T 1.3 sec
 - d_sub 300 : OOB 0.3519 : L 25 : T 1.3 sec
 - d_sub 300 : OOB 0.3466 : L 26 : T 1.4 sec
 - d_sub 300 : OOB 0.3498 : L 27 : T 1.4 sec
 - d_sub 300 : OOB 0.3488 : L 28 : T 1.5 sec
 - d_sub 300 : OOB 0.3487 : L 29 : T 1.5 sec
 - d_sub 300 : OOB 0.3439 : L 30 : T 1.6 sec
 - d_sub 300 : OOB 0.3437 : L 31 : T 1.6 sec
 - d_sub 300 : OOB 0.3425 : L 32 : T 1.7 sec
 - d_sub 300 : OOB 0.3406 : L 33 : T 1.7 sec
 - d_sub 300 : OOB 0.3393 : L 34 : T 1.8 sec
 - d_sub 300 : OOB 0.3368 : L 35 : T 1.9 sec
 - d_sub 300 : OOB 0.3385 : L 36 : T 1.9 sec
 - d_sub 300 : OOB 0.3370 : L 37 : T 2.0 sec
 - d_sub 300 : OOB 0.3344 : L 38 : T 2.0 sec
 - d_sub 300 : OOB 0.3337 : L 39 : T 2.1 sec
 - d_sub 300 : OOB 0.3343 : L 40 : T 2.1 sec
 - d_sub 300 : OOB 0.3335 : L 41 : T 2.2 sec
 - d_sub 300 : OOB 0.3330 : L 42 : T 2.2 sec
 - d_sub 300 : OOB 0.3334 : L 43 : T 2.3 sec
 - d_sub 300 : OOB 0.3325 : L 44 : T 2.3 sec
 - d_sub 300 : OOB 0.3317 : L 45 : T 2.4 sec
 - d_sub 300 : OOB 0.3307 : L 46 : T 2.4 sec
 - d_sub 300 : OOB 0.3326 : L 47 : T 2.5 sec
 - d_sub 300 : OOB 0.3324 : L 48 : T 2.5 sec
 - d_sub 300 : OOB 0.3286 : L 49 : T 2.6 sec
 - d_sub 300 : OOB 0.3314 : L 50 : T 2.7 sec
 - d_sub 300 : OOB 0.3267 : L 51 : T 2.7 sec
 - d_sub 300 : OOB 0.3285 : L 52 : T 2.8 sec
 - d_sub 300 : OOB 0.3326 : L 53 : T 2.8 sec
 - d_sub 300 : OOB 0.3285 : L 54 : T 2.9 sec
 - d_sub 300 : OOB 0.3280 : L 55 : T 3.0 sec
 - d_sub 300 : OOB 0.3243 : L 56 : T 3.0 sec
 - d_sub 300 : OOB 0.3269 : L 57 : T 3.1 sec
 - d_sub 300 : OOB 0.3282 : L 58 : T 3.1 sec
 - d_sub 300 : OOB 0.3293 : L 59 : T 3.2 sec
 - d_sub 300 : OOB 0.3266 : L 60 : T 3.3 sec
 - d_sub 300 : OOB 0.3238 : L 61 : T 3.3 sec
 - d_sub 300 : OOB 0.3265 : L 62 : T 3.4 sec
 - d_sub 300 : OOB 0.3235 : L 63 : T 3.4 sec
 - d_sub 300 : OOB 0.3271 : L 64 : T 3.5 sec
 - d_sub 300 : OOB 0.3234 : L 65 : T 3.6 sec
 - d_sub 300 : OOB 0.3249 : L 66 : T 3.6 sec
 - d_sub 300 : OOB 0.3254 : L 67 : T 3.7 sec
 - d_sub 300 : OOB 0.3217 : L 68 : T 3.7 sec
 - d_sub 300 : OOB 0.3220 : L 69 : T 3.8 sec
 - d_sub 300 : OOB 0.3234 : L 70 : T 3.9 sec
 - d_sub 300 : OOB 0.3208 : L 71 : T 3.9 sec
 - d_sub 300 : OOB 0.3225 : L 72 : T 4.0 sec
 - d_sub 300 : OOB 0.3197 : L 73 : T 4.0 sec
 - d_sub 300 : OOB 0.3194 : L 74 : T 4.1 sec
 - d_sub 300 : OOB 0.3177 : L 75 : T 4.2 sec
 - d_sub 300 : OOB 0.3183 : L 76 : T 4.2 sec
 - d_sub 300 : OOB 0.3174 : L 77 : T 4.3 sec
 - d_sub 300 : OOB 0.3182 : L 78 : T 4.4 sec
 - d_sub 300 : OOB 0.3194 : L 79 : T 4.4 sec
 - d_sub 300 : OOB 0.3168 : L 80 : T 4.5 sec
 - d_sub 300 : OOB 0.3195 : L 81 : T 4.5 sec
 - d_sub 300 : OOB 0.3184 : L 82 : T 4.6 sec
 - d_sub 300 : OOB 0.3172 : L 83 : T 4.7 sec
 - d_sub 300 : OOB 0.3182 : L 84 : T 4.7 sec
 - d_sub 300 : OOB 0.3149 : L 85 : T 4.8 sec
 - d_sub 300 : OOB 0.3162 : L 86 : T 4.8 sec
 - d_sub 300 : OOB 0.3129 : L 87 : T 4.9 sec
 - d_sub 300 : OOB 0.3133 : L 88 : T 5.0 sec
 - d_sub 300 : OOB 0.3127 : L 89 : T 5.0 sec
 - d_sub 300 : OOB 0.3131 : L 90 : T 5.1 sec
 - d_sub 300 : OOB 0.3143 : L 91 : T 5.2 sec
 - d_sub 300 : OOB 0.3135 : L 92 : T 5.2 sec
 - d_sub 300 : OOB 0.3122 : L 93 : T 5.3 sec
 - d_sub 300 : OOB 0.3139 : L 94 : T 5.3 sec
 - d_sub 300 : OOB 0.3133 : L 95 : T 5.4 sec
 - d_sub 300 : OOB 0.3130 : L 96 : T 5.4 sec
 - d_sub 300 : OOB 0.3132 : L 97 : T 5.5 sec
 - d_sub 300 : OOB 0.3109 : L 98 : T 5.6 sec
 - d_sub 300 : OOB 0.3110 : L 99 : T 5.6 sec
 - d_sub 300 : OOB 0.3126 : L 100 : T 5.7 sec
 - d_sub 300 : OOB 0.3130 : L 101 : T 5.7 sec
 - d_sub 300 : OOB 0.3125 : L 102 : T 5.8 sec
 - d_sub 300 : OOB 0.3109 : L 103 : T 5.9 sec
 - d_sub 300 : OOB 0.3120 : L 104 : T 5.9 sec
 - d_sub 300 : OOB 0.3094 : L 105 : T 6.0 sec
 - d_sub 300 : OOB 0.3118 : L 106 : T 6.1 sec
 - d_sub 300 : OOB 0.3108 : L 107 : T 6.1 sec
 - d_sub 300 : OOB 0.3120 : L 108 : T 6.2 sec
 - d_sub 300 : OOB 0.3126 : L 109 : T 6.2 sec
 - d_sub 300 : OOB 0.3119 : L 110 : T 6.3 sec
 - d_sub 300 : OOB 0.3131 : L 111 : T 6.3 sec
 - d_sub 300 : OOB 0.3126 : L 112 : T 6.4 sec
 - d_sub 300 : OOB 0.3129 : L 113 : T 6.5 sec
 - d_sub 300 : OOB 0.3121 : L 114 : T 6.5 sec
 - d_sub 300 : OOB 0.3130 : L 115 : T 6.6 sec
 - d_sub 300 : OOB 0.3123 : L 116 : T 6.6 sec
 - d_sub 300 : OOB 0.3112 : L 117 : T 6.7 sec
 - d_sub 300 : OOB 0.3116 : L 118 : T 6.8 sec
 - d_sub 300 : OOB 0.3113 : L 119 : T 6.8 sec
 - d_sub 300 : OOB 0.3116 : L 120 : T 6.9 sec
 - d_sub 300 : OOB 0.3114 : L 121 : T 6.9 sec
 - d_sub 300 : OOB 0.3105 : L 122 : T 7.0 sec
 - d_sub 300 : OOB 0.3123 : L 123 : T 7.0 sec
 - d_sub 300 : OOB 0.3119 : L 124 : T 7.1 sec
 - d_sub 300 : OOB 0.3109 : L 125 : T 7.2 sec
 - d_sub 300 : OOB 0.3109 : L 126 : T 7.2 sec
 - d_sub 300 : OOB 0.3108 : L 127 : T 7.3 sec
 - d_sub 300 : OOB 0.3121 : L 128 : T 7.3 sec
 - d_sub 300 : OOB 0.3126 : L 129 : T 7.4 sec
 - d_sub 300 : OOB 0.3097 : L 130 : T 7.5 sec
 - d_sub 300 : OOB 0.3104 : L 131 : T 7.5 sec
 - d_sub 300 : OOB 0.3109 : L 132 : T 7.6 sec
# -------------------------
optimal d_sub 300 : OOB 0.3109 : L 132 : T 7.6 sec
# -------------------------
# Ensemble classification
#  - Training samples: 10000 (5000/5000)
#  - Feature-space dimensionality: 22563
#  - L : 30
#  - d_sub : 300
#  - Seed 1 (subspaces) : 406378448
#  - Seed 2 (bootstrap) : 882181232
# -------------------------

 - d_sub 300 : OOB 0.5020 : L 1 : T 0.1 sec
 - d_sub 300 : OOB 0.4483 : L 2 : T 0.1 sec
 - d_sub 300 : OOB 0.4518 : L 3 : T 0.2 sec
 - d_sub 300 : OOB 0.4149 : L 4 : T 0.2 sec
 - d_sub 300 : OOB 0.3906 : L 5 : T 0.3 sec
 - d_sub 300 : OOB 0.3902 : L 6 : T 0.4 sec
 - d_sub 300 : OOB 0.3912 : L 7 : T 0.4 sec
 - d_sub 300 : OOB 0.3809 : L 8 : T 0.5 sec
 - d_sub 300 : OOB 0.3845 : L 9 : T 0.5 sec
 - d_sub 300 : OOB 0.3899 : L 10 : T 0.6 sec
 - d_sub 300 : OOB 0.3923 : L 11 : T 0.7 sec
 - d_sub 300 : OOB 0.3798 : L 12 : T 0.7 sec
 - d_sub 300 : OOB 0.3759 : L 13 : T 0.8 sec
 - d_sub 300 : OOB 0.3779 : L 14 : T 0.8 sec
 - d_sub 300 : OOB 0.3613 : L 15 : T 0.9 sec
 - d_sub 300 : OOB 0.3627 : L 16 : T 0.9 sec
 - d_sub 300 : OOB 0.3597 : L 17 : T 1.0 sec
 - d_sub 300 : OOB 0.3511 : L 18 : T 1.1 sec
 - d_sub 300 : OOB 0.3513 : L 19 : T 1.1 sec
 - d_sub 300 : OOB 0.3541 : L 20 : T 1.2 sec
 - d_sub 300 : OOB 0.3424 : L 21 : T 1.2 sec
 - d_sub 300 : OOB 0.3435 : L 22 : T 1.3 sec
 - d_sub 300 : OOB 0.3410 : L 23 : T 1.4 sec
 - d_sub 300 : OOB 0.3412 : L 24 : T 1.4 sec
 - d_sub 300 : OOB 0.3387 : L 25 : T 1.5 sec
 - d_sub 300 : OOB 0.3364 : L 26 : T 1.5 sec
 - d_sub 300 : OOB 0.3370 : L 27 : T 1.6 sec
 - d_sub 300 : OOB 0.3361 : L 28 : T 1.7 sec
 - d_sub 300 : OOB 0.3372 : L 29 : T 1.7 sec
 - d_sub 300 : OOB 0.3389 : L 30 : T 1.8 sec
# -------------------------
optimal d_sub 300 : OOB 0.3389 : L 30 : T 1.8 sec
# -------------------------
# Ensemble classification
#  - Training samples: 10000 (5000/5000)
#  - Feature-space dimensionality: 22563
#  - L : 30
#  - d_sub : 300
#  - Seed 1 (subspaces) : 317150321
#  - Seed 2 (bootstrap) : 712627810
# -------------------------

 - d_sub 300 : OOB 0.4403 : L 1 : T 0.1 sec
 - d_sub 300 : OOB 0.4310 : L 2 : T 0.1 sec
 - d_sub 300 : OOB 0.4112 : L 3 : T 0.2 sec
 - d_sub 300 : OOB 0.4106 : L 4 : T 0.3 sec
 - d_sub 300 : OOB 0.3840 : L 5 : T 0.3 sec
 - d_sub 300 : OOB 0.3704 : L 6 : T 0.4 sec
 - d_sub 300 : OOB 0.3670 : L 7 : T 0.4 sec
 - d_sub 300 : OOB 0.3593 : L 8 : T 0.5 sec
 - d_sub 300 : OOB 0.3493 : L 9 : T 0.6 sec
 - d_sub 300 : OOB 0.3410 : L 10 : T 0.6 sec
 - d_sub 300 : OOB 0.3341 : L 11 : T 0.7 sec
 - d_sub 300 : OOB 0.3343 : L 12 : T 0.8 sec
 - d_sub 300 : OOB 0.3316 : L 13 : T 0.8 sec
 - d_sub 300 : OOB 0.3346 : L 14 : T 0.9 sec
 - d_sub 300 : OOB 0.3353 : L 15 : T 0.9 sec
 - d_sub 300 : OOB 0.3300 : L 16 : T 1.0 sec
 - d_sub 300 : OOB 0.3296 : L 17 : T 1.0 sec
 - d_sub 300 : OOB 0.3313 : L 18 : T 1.1 sec
 - d_sub 300 : OOB 0.3319 : L 19 : T 1.1 sec
 - d_sub 300 : OOB 0.3330 : L 20 : T 1.2 sec
 - d_sub 300 : OOB 0.3302 : L 21 : T 1.2 sec
 - d_sub 300 : OOB 0.3344 : L 22 : T 1.3 sec
 - d_sub 300 : OOB 0.3300 : L 23 : T 1.3 sec
 - d_sub 300 : OOB 0.3279 : L 24 : T 1.4 sec
 - d_sub 300 : OOB 0.3303 : L 25 : T 1.4 sec
 - d_sub 300 : OOB 0.3284 : L 26 : T 1.5 sec
 - d_sub 300 : OOB 0.3253 : L 27 : T 1.5 sec
 - d_sub 300 : OOB 0.3255 : L 28 : T 1.6 sec
 - d_sub 300 : OOB 0.3206 : L 29 : T 1.6 sec
 - d_sub 300 : OOB 0.3189 : L 30 : T 1.7 sec
# -------------------------
optimal d_sub 300 : OOB 0.3189 : L 30 : T 1.7 sec
# -------------------------
# Ensemble classification
#  - Training samples: 10000 (5000/5000)
#  - Feature-space dimensionality: 22563
#  - L : 30
#  - d_sub : 300
#  - Seed 1 (subspaces) : 370297872
#  - Seed 2 (bootstrap) : 258201913
# -------------------------

 - d_sub 300 : OOB 0.5020 : L 1 : T 0.1 sec
 - d_sub 300 : OOB 0.4984 : L 2 : T 0.1 sec
 - d_sub 300 : OOB 0.5051 : L 3 : T 0.2 sec
 - d_sub 300 : OOB 0.5068 : L 4 : T 0.2 sec
 - d_sub 300 : OOB 0.5025 : L 5 : T 0.3 sec
 - d_sub 300 : OOB 0.5051 : L 6 : T 0.3 sec
 - d_sub 300 : OOB 0.5034 : L 7 : T 0.4 sec
 - d_sub 300 : OOB 0.5087 : L 8 : T 0.4 sec
 - d_sub 300 : OOB 0.4397 : L 9 : T 0.5 sec
 - d_sub 300 : OOB 0.4003 : L 10 : T 0.5 sec
 - d_sub 300 : OOB 0.3826 : L 11 : T 0.6 sec
 - d_sub 300 : OOB 0.3673 : L 12 : T 0.6 sec
 - d_sub 300 : OOB 0.3587 : L 13 : T 0.7 sec
 - d_sub 300 : OOB 0.3565 : L 14 : T 0.7 sec
 - d_sub 300 : OOB 0.3613 : L 15 : T 0.8 sec
 - d_sub 300 : OOB 0.3576 : L 16 : T 0.8 sec
 - d_sub 300 : OOB 0.3494 : L 17 : T 0.9 sec
 - d_sub 300 : OOB 0.3488 : L 18 : T 0.9 sec
 - d_sub 300 : OOB 0.3481 : L 19 : T 1.0 sec
 - d_sub 300 : OOB 0.3468 : L 20 : T 1.0 sec
 - d_sub 300 : OOB 0.3418 : L 21 : T 1.1 sec
 - d_sub 300 : OOB 0.3387 : L 22 : T 1.1 sec
 - d_sub 300 : OOB 0.3379 : L 23 : T 1.2 sec
 - d_sub 300 : OOB 0.3438 : L 24 : T 1.2 sec
 - d_sub 300 : OOB 0.3405 : L 25 : T 1.3 sec
 - d_sub 300 : OOB 0.3343 : L 26 : T 1.4 sec
 - d_sub 300 : OOB 0.3345 : L 27 : T 1.4 sec
 - d_sub 300 : OOB 0.3361 : L 28 : T 1.5 sec
 - d_sub 300 : OOB 0.3374 : L 29 : T 1.5 sec
 - d_sub 300 : OOB 0.3310 : L 30 : T 1.6 sec
# -------------------------
optimal d_sub 300 : OOB 0.3310 : L 30 : T 1.6 sec
# -------------------------
# Ensemble classification
#  - Training samples: 10000 (5000/5000)
#  - Feature-space dimensionality: 22563
#  - L : 30
#  - d_sub : 300
#  - Seed 1 (subspaces) : 859030286
#  - Seed 2 (bootstrap) : 244396282
# -------------------------

 - d_sub 300 : OOB 0.4412 : L 1 : T 0.1 sec
 - d_sub 300 : OOB 0.4318 : L 2 : T 0.1 sec
 - d_sub 300 : OOB 0.4457 : L 3 : T 0.2 sec
 - d_sub 300 : OOB 0.4112 : L 4 : T 0.2 sec
 - d_sub 300 : OOB 0.4122 : L 5 : T 0.3 sec
 - d_sub 300 : OOB 0.3865 : L 6 : T 0.3 sec
 - d_sub 300 : OOB 0.3679 : L 7 : T 0.4 sec
 - d_sub 300 : OOB 0.3697 : L 8 : T 0.4 sec
 - d_sub 300 : OOB 0.3598 : L 9 : T 0.5 sec
 - d_sub 300 : OOB 0.3473 : L 10 : T 0.5 sec
 - d_sub 300 : OOB 0.3525 : L 11 : T 0.6 sec
 - d_sub 300 : OOB 0.3481 : L 12 : T 0.6 sec
 - d_sub 300 : OOB 0.3434 : L 13 : T 0.7 sec
 - d_sub 300 : OOB 0.3409 : L 14 : T 0.7 sec
 - d_sub 300 : OOB 0.3327 : L 15 : T 0.8 sec
 - d_sub 300 : OOB 0.3316 : L 16 : T 0.8 sec
 - d_sub 300 : OOB 0.3306 : L 17 : T 0.9 sec
 - d_sub 300 : OOB 0.3288 : L 18 : T 0.9 sec
 - d_sub 300 : OOB 0.3293 : L 19 : T 1.0 sec
 - d_sub 300 : OOB 0.3276 : L 20 : T 1.0 sec
 - d_sub 300 : OOB 0.3228 : L 21 : T 1.1 sec
 - d_sub 300 : OOB 0.3219 : L 22 : T 1.1 sec
 - d_sub 300 : OOB 0.3263 : L 23 : T 1.2 sec
 - d_sub 300 : OOB 0.3170 : L 24 : T 1.2 sec
 - d_sub 300 : OOB 0.3181 : L 25 : T 1.3 sec
 - d_sub 300 : OOB 0.3204 : L 26 : T 1.3 sec
 - d_sub 300 : OOB 0.3230 : L 27 : T 1.4 sec
 - d_sub 300 : OOB 0.3202 : L 28 : T 1.4 sec
 - d_sub 300 : OOB 0.3203 : L 29 : T 1.5 sec
 - d_sub 300 : OOB 0.3206 : L 30 : T 1.5 sec
# -------------------------
optimal d_sub 300 : OOB 0.3206 : L 30 : T 1.5 sec
# -------------------------
# Ensemble classification
#  - Training samples: 10000 (5000/5000)
#  - Feature-space dimensionality: 22563
#  - L : 30
#  - d_sub : 300
#  - Seed 1 (subspaces) : 737941618
#  - Seed 2 (bootstrap) : 709917407
# -------------------------

 - d_sub 300 : OOB 0.5020 : L 1 : T 0.1 sec
 - d_sub 300 : OOB 0.4483 : L 2 : T 0.1 sec
 - d_sub 300 : OOB 0.4091 : L 3 : T 0.2 sec
 - d_sub 300 : OOB 0.3927 : L 4 : T 0.2 sec
 - d_sub 300 : OOB 0.3925 : L 5 : T 0.3 sec
 - d_sub 300 : OOB 0.3887 : L 6 : T 0.3 sec
 - d_sub 300 : OOB 0.3884 : L 7 : T 0.4 sec
 - d_sub 300 : OOB 0.3798 : L 8 : T 0.4 sec
 - d_sub 300 : OOB 0.3763 : L 9 : T 0.5 sec
 - d_sub 300 : OOB 0.3810 : L 10 : T 0.5 sec
 - d_sub 300 : OOB 0.3736 : L 11 : T 0.6 sec
 - d_sub 300 : OOB 0.3783 : L 12 : T 0.6 sec
 - d_sub 300 : OOB 0.3826 : L 13 : T 0.6 sec
 - d_sub 300 : OOB 0.3572 : L 14 : T 0.7 sec
 - d_sub 300 : OOB 0.3663 : L 15 : T 0.7 sec
 - d_sub 300 : OOB 0.3620 : L 16 : T 0.8 sec
 - d_sub 300 : OOB 0.3618 : L 17 : T 0.8 sec
 - d_sub 300 : OOB 0.3591 : L 18 : T 0.9 sec
 - d_sub 300 : OOB 0.3610 : L 19 : T 0.9 sec
 - d_sub 300 : OOB 0.3562 : L 20 : T 1.0 sec
 - d_sub 300 : OOB 0.3626 : L 21 : T 1.0 sec
 - d_sub 300 : OOB 0.3589 : L 22 : T 1.1 sec
 - d_sub 300 : OOB 0.3492 : L 23 : T 1.1 sec
 - d_sub 300 : OOB 0.3473 : L 24 : T 1.2 sec
 - d_sub 300 : OOB 0.3512 : L 25 : T 1.2 sec
 - d_sub 300 : OOB 0.3487 : L 26 : T 1.3 sec
 - d_sub 300 : OOB 0.3453 : L 27 : T 1.3 sec
 - d_sub 300 : OOB 0.3438 : L 28 : T 1.4 sec
 - d_sub 300 : OOB 0.3426 : L 29 : T 1.4 sec
 - d_sub 300 : OOB 0.3418 : L 30 : T 1.5 sec
# -------------------------
optimal d_sub 300 : OOB 0.3418 : L 30 : T 1.5 sec
# -------------------------
# Ensemble classification
#  - Training samples: 10000 (5000/5000)
#  - Feature-space dimensionality: 22563
#  - L : 30
#  - d_sub : 300
#  - Seed 1 (subspaces) : 797292864
#  - Seed 2 (bootstrap) : 772432134
# -------------------------

 - d_sub 300 : OOB 0.4428 : L 1 : T 0.1 sec
 - d_sub 300 : OOB 0.4335 : L 2 : T 0.1 sec
 - d_sub 300 : OOB 0.4152 : L 3 : T 0.1 sec
 - d_sub 300 : OOB 0.3860 : L 4 : T 0.2 sec
 - d_sub 300 : OOB 0.3707 : L 5 : T 0.3 sec
 - d_sub 300 : OOB 0.3567 : L 6 : T 0.3 sec
 - d_sub 300 : OOB 0.3584 : L 7 : T 0.4 sec
 - d_sub 300 : OOB 0.3571 : L 8 : T 0.4 sec
 - d_sub 300 : OOB 0.3572 : L 9 : T 0.5 sec
 - d_sub 300 : OOB 0.3573 : L 10 : T 0.5 sec
 - d_sub 300 : OOB 0.3512 : L 11 : T 0.6 sec
 - d_sub 300 : OOB 0.3511 : L 12 : T 0.6 sec
 - d_sub 300 : OOB 0.3430 : L 13 : T 0.7 sec
 - d_sub 300 : OOB 0.3413 : L 14 : T 0.7 sec
 - d_sub 300 : OOB 0.3395 : L 15 : T 0.8 sec
 - d_sub 300 : OOB 0.3404 : L 16 : T 0.8 sec
 - d_sub 300 : OOB 0.3401 : L 17 : T 0.9 sec
 - d_sub 300 : OOB 0.3398 : L 18 : T 1.0 sec
 - d_sub 300 : OOB 0.3374 : L 19 : T 1.0 sec
 - d_sub 300 : OOB 0.3455 : L 20 : T 1.1 sec
 - d_sub 300 : OOB 0.3413 : L 21 : T 1.1 sec
 - d_sub 300 : OOB 0.3408 : L 22 : T 1.2 sec
 - d_sub 300 : OOB 0.3406 : L 23 : T 1.3 sec
 - d_sub 300 : OOB 0.3377 : L 24 : T 1.3 sec
 - d_sub 300 : OOB 0.3372 : L 25 : T 1.4 sec
 - d_sub 300 : OOB 0.3351 : L 26 : T 1.4 sec
 - d_sub 300 : OOB 0.3364 : L 27 : T 1.5 sec
 - d_sub 300 : OOB 0.3337 : L 28 : T 1.6 sec
 - d_sub 300 : OOB 0.3329 : L 29 : T 1.6 sec
 - d_sub 300 : OOB 0.3323 : L 30 : T 1.7 sec
# -------------------------
optimal d_sub 300 : OOB 0.3323 : L 30 : T 1.7 sec
# -------------------------
# Ensemble classification
#  - Training samples: 10000 (5000/5000)
#  - Feature-space dimensionality: 22563
#  - L : 30
#  - d_sub : 300
#  - Seed 1 (subspaces) : 485985093
#  - Seed 2 (bootstrap) : 880451533
# -------------------------

 - d_sub 300 : OOB 0.4467 : L 1 : T 0.1 sec
 - d_sub 300 : OOB 0.4066 : L 2 : T 0.1 sec
 - d_sub 300 : OOB 0.3833 : L 3 : T 0.2 sec
 - d_sub 300 : OOB 0.3850 : L 4 : T 0.2 sec
 - d_sub 300 : OOB 0.3834 : L 5 : T 0.3 sec
 - d_sub 300 : OOB 0.3714 : L 6 : T 0.4 sec
 - d_sub 300 : OOB 0.3593 : L 7 : T 0.4 sec
 - d_sub 300 : OOB 0.3592 : L 8 : T 0.5 sec
 - d_sub 300 : OOB 0.3611 : L 9 : T 0.6 sec
 - d_sub 300 : OOB 0.3562 : L 10 : T 0.6 sec
 - d_sub 300 : OOB 0.3516 : L 11 : T 0.7 sec
 - d_sub 300 : OOB 0.3516 : L 12 : T 0.7 sec
 - d_sub 300 : OOB 0.3514 : L 13 : T 0.8 sec
 - d_sub 300 : OOB 0.3456 : L 14 : T 0.8 sec
 - d_sub 300 : OOB 0.3481 : L 15 : T 0.9 sec
 - d_sub 300 : OOB 0.3418 : L 16 : T 1.0 sec
 - d_sub 300 : OOB 0.3401 : L 17 : T 1.0 sec
 - d_sub 300 : OOB 0.3438 : L 18 : T 1.1 sec
 - d_sub 300 : OOB 0.3399 : L 19 : T 1.2 sec
 - d_sub 300 : OOB 0.3404 : L 20 : T 1.2 sec
 - d_sub 300 : OOB 0.3437 : L 21 : T 1.3 sec
 - d_sub 300 : OOB 0.3379 : L 22 : T 1.3 sec
 - d_sub 300 : OOB 0.3342 : L 23 : T 1.4 sec
 - d_sub 300 : OOB 0.3356 : L 24 : T 1.4 sec
 - d_sub 300 : OOB 0.3343 : L 25 : T 1.5 sec
 - d_sub 300 : OOB 0.3300 : L 26 : T 1.6 sec
 - d_sub 300 : OOB 0.3301 : L 27 : T 1.6 sec
 - d_sub 300 : OOB 0.3343 : L 28 : T 1.7 sec
 - d_sub 300 : OOB 0.3301 : L 29 : T 1.7 sec
 - d_sub 300 : OOB 0.3253 : L 30 : T 1.8 sec
# -------------------------
optimal d_sub 300 : OOB 0.3253 : L 30 : T 1.8 sec
# -------------------------
# Ensemble classification
#  - Training samples: 10000 (5000/5000)
#  - Feature-space dimensionality: 22563
#  - L : 30
#  - d_sub : 300
#  - Seed 1 (subspaces) : 515481554
#  - Seed 2 (bootstrap) : 949563021
# -------------------------

 - d_sub 300 : OOB 0.5020 : L 1 : T 0.1 sec
 - d_sub 300 : OOB 0.4984 : L 2 : T 0.1 sec
 - d_sub 300 : OOB 0.5051 : L 3 : T 0.2 sec
 - d_sub 300 : OOB 0.5068 : L 4 : T 0.2 sec
 - d_sub 300 : OOB 0.5025 : L 5 : T 0.3 sec
 - d_sub 300 : OOB 0.4401 : L 6 : T 0.4 sec
 - d_sub 300 : OOB 0.4048 : L 7 : T 0.4 sec
 - d_sub 300 : OOB 0.4047 : L 8 : T 0.5 sec
 - d_sub 300 : OOB 0.3833 : L 9 : T 0.5 sec
 - d_sub 300 : OOB 0.3780 : L 10 : T 0.6 sec
 - d_sub 300 : OOB 0.3622 : L 11 : T 0.7 sec
 - d_sub 300 : OOB 0.3508 : L 12 : T 0.7 sec
 - d_sub 300 : OOB 0.3527 : L 13 : T 0.8 sec
 - d_sub 300 : OOB 0.3522 : L 14 : T 0.8 sec
 - d_sub 300 : OOB 0.3449 : L 15 : T 0.9 sec
 - d_sub 300 : OOB 0.3365 : L 16 : T 1.0 sec
 - d_sub 300 : OOB 0.3407 : L 17 : T 1.0 sec
 - d_sub 300 : OOB 0.3377 : L 18 : T 1.1 sec
 - d_sub 300 : OOB 0.3358 : L 19 : T 1.2 sec
 - d_sub 300 : OOB 0.3325 : L 20 : T 1.2 sec
 - d_sub 300 : OOB 0.3326 : L 21 : T 1.3 sec
 - d_sub 300 : OOB 0.3331 : L 22 : T 1.3 sec
 - d_sub 300 : OOB 0.3348 : L 23 : T 1.4 sec
 - d_sub 300 : OOB 0.3326 : L 24 : T 1.5 sec
 - d_sub 300 : OOB 0.3338 : L 25 : T 1.5 sec
 - d_sub 300 : OOB 0.3320 : L 26 : T 1.6 sec
 - d_sub 300 : OOB 0.3331 : L 27 : T 1.6 sec
 - d_sub 300 : OOB 0.3285 : L 28 : T 1.7 sec
 - d_sub 300 : OOB 0.3265 : L 29 : T 1.8 sec
 - d_sub 300 : OOB 0.3270 : L 30 : T 1.8 sec
# -------------------------
optimal d_sub 300 : OOB 0.3270 : L 30 : T 1.8 sec
# -------------------------
# Ensemble classification
#  - Training samples: 10000 (5000/5000)
#  - Feature-space dimensionality: 22563
#  - L : 30
#  - d_sub : 300
#  - Seed 1 (subspaces) : 857001794
#  - Seed 2 (bootstrap) : 201087385
# -------------------------

 - d_sub 300 : OOB 0.4409 : L 1 : T 0.1 sec
 - d_sub 300 : OOB 0.4318 : L 2 : T 0.1 sec
 - d_sub 300 : OOB 0.4445 : L 3 : T 0.2 sec
 - d_sub 300 : OOB 0.4476 : L 4 : T 0.2 sec
 - d_sub 300 : OOB 0.4386 : L 5 : T 0.3 sec
 - d_sub 300 : OOB 0.4133 : L 6 : T 0.4 sec
 - d_sub 300 : OOB 0.4047 : L 7 : T 0.4 sec
 - d_sub 300 : OOB 0.4043 : L 8 : T 0.5 sec
 - d_sub 300 : OOB 0.4088 : L 9 : T 0.5 sec
 - d_sub 300 : OOB 0.3777 : L 10 : T 0.6 sec
 - d_sub 300 : OOB 0.3763 : L 11 : T 0.7 sec
 - d_sub 300 : OOB 0.3801 : L 12 : T 0.7 sec
 - d_sub 300 : OOB 0.3791 : L 13 : T 0.8 sec
 - d_sub 300 : OOB 0.3615 : L 14 : T 0.9 sec
 - d_sub 300 : OOB 0.3574 : L 15 : T 0.9 sec
 - d_sub 300 : OOB 0.3514 : L 16 : T 1.0 sec
 - d_sub 300 : OOB 0.3425 : L 17 : T 1.1 sec
 - d_sub 300 : OOB 0.3403 : L 18 : T 1.1 sec
 - d_sub 300 : OOB 0.3433 : L 19 : T 1.2 sec
 - d_sub 300 : OOB 0.3386 : L 20 : T 1.3 sec
 - d_sub 300 : OOB 0.3356 : L 21 : T 1.3 sec
 - d_sub 300 : OOB 0.3404 : L 22 : T 1.5 sec
 - d_sub 300 : OOB 0.3385 : L 23 : T 1.6 sec
 - d_sub 300 : OOB 0.3386 : L 24 : T 1.7 sec
 - d_sub 300 : OOB 0.3354 : L 25 : T 1.7 sec
 - d_sub 300 : OOB 0.3315 : L 26 : T 1.8 sec
 - d_sub 300 : OOB 0.3340 : L 27 : T 1.9 sec
 - d_sub 300 : OOB 0.3312 : L 28 : T 1.9 sec
 - d_sub 300 : OOB 0.3311 : L 29 : T 2.0 sec
 - d_sub 300 : OOB 0.3347 : L 30 : T 2.0 sec
# -------------------------
optimal d_sub 300 : OOB 0.3347 : L 30 : T 2.0 sec
# -------------------------
# Ensemble classification
#  - Training samples: 10000 (5000/5000)
#  - Feature-space dimensionality: 22563
#  - L : 30
#  - d_sub : 300
#  - Seed 1 (subspaces) : 88891290
#  - Seed 2 (bootstrap) : 815019245
# -------------------------

 - d_sub 300 : OOB 0.5020 : L 1 : T 0.1 sec
 - d_sub 300 : OOB 0.4984 : L 2 : T 0.1 sec
 - d_sub 300 : OOB 0.5051 : L 3 : T 0.2 sec
 - d_sub 300 : OOB 0.5068 : L 4 : T 0.2 sec
 - d_sub 300 : OOB 0.5025 : L 5 : T 0.3 sec
 - d_sub 300 : OOB 0.4461 : L 6 : T 0.4 sec
 - d_sub 300 : OOB 0.4127 : L 7 : T 0.4 sec
 - d_sub 300 : OOB 0.4121 : L 8 : T 0.5 sec
 - d_sub 300 : OOB 0.4122 : L 9 : T 0.5 sec
 - d_sub 300 : OOB 0.3927 : L 10 : T 0.6 sec
 - d_sub 300 : OOB 0.3968 : L 11 : T 0.7 sec
 - d_sub 300 : OOB 0.3941 : L 12 : T 0.7 sec
 - d_sub 300 : OOB 0.3928 : L 13 : T 0.8 sec
 - d_sub 300 : OOB 0.3908 : L 14 : T 0.8 sec
 - d_sub 300 : OOB 0.3747 : L 15 : T 0.9 sec
 - d_sub 300 : OOB 0.3757 : L 16 : T 1.0 sec
 - d_sub 300 : OOB 0.3780 : L 17 : T 1.0 sec
 - d_sub 300 : OOB 0.3623 : L 18 : T 1.1 sec
 - d_sub 300 : OOB 0.3624 : L 19 : T 1.1 sec
 - d_sub 300 : OOB 0.3603 : L 20 : T 1.2 sec
 - d_sub 300 : OOB 0.3551 : L 21 : T 1.2 sec
 - d_sub 300 : OOB 0.3461 : L 22 : T 1.3 sec
 - d_sub 300 : OOB 0.3433 : L 23 : T 1.3 sec
 - d_sub 300 : OOB 0.3431 : L 24 : T 1.4 sec
 - d_sub 300 : OOB 0.3409 : L 25 : T 1.4 sec
 - d_sub 300 : OOB 0.3428 : L 26 : T 1.5 sec
 - d_sub 300 : OOB 0.3354 : L 27 : T 1.5 sec
 - d_sub 300 : OOB 0.3380 : L 28 : T 1.6 sec
 - d_sub 300 : OOB 0.3362 : L 29 : T 1.6 sec
 - d_sub 300 : OOB 0.3331 : L 30 : T 1.7 sec
# -------------------------
optimal d_sub 300 : OOB 0.3331 : L 30 : T 1.7 sec
# -------------------------
# Ensemble classification
#  - Training samples: 10000 (5000/5000)
#  - Feature-space dimensionality: 22563
#  - L : 30
#  - d_sub : 300
#  - Seed 1 (subspaces) : 442368934
#  - Seed 2 (bootstrap) : 935083380
# -------------------------

 - d_sub 300 : OOB 0.4411 : L 1 : T 0.1 sec
 - d_sub 300 : OOB 0.4010 : L 2 : T 0.1 sec
 - d_sub 300 : OOB 0.4031 : L 3 : T 0.2 sec
 - d_sub 300 : OOB 0.4018 : L 4 : T 0.2 sec
 - d_sub 300 : OOB 0.4060 : L 5 : T 0.3 sec
 - d_sub 300 : OOB 0.4087 : L 6 : T 0.3 sec
 - d_sub 300 : OOB 0.4039 : L 7 : T 0.4 sec
 - d_sub 300 : OOB 0.4050 : L 8 : T 0.4 sec
 - d_sub 300 : OOB 0.3736 : L 9 : T 0.5 sec
 - d_sub 300 : OOB 0.3789 : L 10 : T 0.5 sec
 - d_sub 300 : OOB 0.3653 : L 11 : T 0.6 sec
 - d_sub 300 : OOB 0.3630 : L 12 : T 0.6 sec
 - d_sub 300 : OOB 0.3537 : L 13 : T 0.7 sec
 - d_sub 300 : OOB 0.3492 : L 14 : T 0.7 sec
 - d_sub 300 : OOB 0.3458 : L 15 : T 0.8 sec
 - d_sub 300 : OOB 0.3462 : L 16 : T 0.8 sec
 - d_sub 300 : OOB 0.3456 : L 17 : T 0.9 sec
 - d_sub 300 : OOB 0.3418 : L 18 : T 0.9 sec
 - d_sub 300 : OOB 0.3416 : L 19 : T 1.0 sec
 - d_sub 300 : OOB 0.3379 : L 20 : T 1.0 sec
 - d_sub 300 : OOB 0.3415 : L 21 : T 1.1 sec
 - d_sub 300 : OOB 0.3366 : L 22 : T 1.2 sec
 - d_sub 300 : OOB 0.3421 : L 23 : T 1.2 sec
 - d_sub 300 : OOB 0.3377 : L 24 : T 1.3 sec
 - d_sub 300 : OOB 0.3331 : L 25 : T 1.3 sec
 - d_sub 300 : OOB 0.3304 : L 26 : T 1.4 sec
 - d_sub 300 : OOB 0.3315 : L 27 : T 1.4 sec
 - d_sub 300 : OOB 0.3267 : L 28 : T 1.5 sec
 - d_sub 300 : OOB 0.3291 : L 29 : T 1.5 sec
 - d_sub 300 : OOB 0.3239 : L 30 : T 1.6 sec
# -------------------------
optimal d_sub 300 : OOB 0.3239 : L 30 : T 1.6 sec
# -------------------------
Average OOB error = 0.32886 (+/- 0.00702)
# -------------------------
# Ensemble classification
#  - Training samples: 10000 (5000/5000)
#  - Feature-space dimensionality: 22563
#  - L : 30
#  - d_sub : 300
#  - Seed 1 (subspaces) : 5
#  - Seed 2 (bootstrap) : 73
# -------------------------

 - d_sub 300 : OOB 0.4380 : L 1 : T 0.1 sec
 - d_sub 300 : OOB 0.4286 : L 2 : T 0.1 sec
 - d_sub 300 : OOB 0.4438 : L 3 : T 0.2 sec
 - d_sub 300 : OOB 0.4439 : L 4 : T 0.2 sec
 - d_sub 300 : OOB 0.4358 : L 5 : T 0.2 sec
 - d_sub 300 : OOB 0.4456 : L 6 : T 0.3 sec
 - d_sub 300 : OOB 0.4067 : L 7 : T 0.4 sec
 - d_sub 300 : OOB 0.4098 : L 8 : T 0.4 sec
 - d_sub 300 : OOB 0.3913 : L 9 : T 0.5 sec
 - d_sub 300 : OOB 0.3861 : L 10 : T 0.5 sec
 - d_sub 300 : OOB 0.3806 : L 11 : T 0.6 sec
 - d_sub 300 : OOB 0.3739 : L 12 : T 0.6 sec
 - d_sub 300 : OOB 0.3696 : L 13 : T 0.7 sec
 - d_sub 300 : OOB 0.3583 : L 14 : T 0.7 sec
 - d_sub 300 : OOB 0.3607 : L 15 : T 0.8 sec
 - d_sub 300 : OOB 0.3534 : L 16 : T 0.8 sec
 - d_sub 300 : OOB 0.3453 : L 17 : T 0.9 sec
 - d_sub 300 : OOB 0.3449 : L 18 : T 0.9 sec
 - d_sub 300 : OOB 0.3437 : L 19 : T 1.0 sec
 - d_sub 300 : OOB 0.3404 : L 20 : T 1.0 sec
 - d_sub 300 : OOB 0.3451 : L 21 : T 1.1 sec
 - d_sub 300 : OOB 0.3400 : L 22 : T 1.1 sec
 - d_sub 300 : OOB 0.3388 : L 23 : T 1.2 sec
 - d_sub 300 : OOB 0.3349 : L 24 : T 1.2 sec
 - d_sub 300 : OOB 0.3342 : L 25 : T 1.3 sec
 - d_sub 300 : OOB 0.3290 : L 26 : T 1.4 sec
 - d_sub 300 : OOB 0.3229 : L 27 : T 1.4 sec
 - d_sub 300 : OOB 0.3253 : L 28 : T 1.5 sec
 - d_sub 300 : OOB 0.3244 : L 29 : T 1.5 sec
 - d_sub 300 : OOB 0.3249 : L 30 : T 1.6 sec
# -------------------------
optimal d_sub 300 : OOB 0.3249 : L 30 : T 1.6 sec
OOB error = 0.3387
optimal d_sub 300 : OOB 0.3330 : L 30 : T 1.8 sec
optimal d_sub 300 : OOB 0.3154 : L 147 : T 8.6 sec
Testing error 1: 0.3138
optimal d_sub 300 : OOB 0.3130 : L 103 : T 6.9 sec
Testing error 2: 0.3037
optimal d_sub 300 : OOB 0.3211 : L 163 : T 9.9 sec
Testing error 3: 0.3142
optimal d_sub 300 : OOB 0.3277 : L 133 : T 7.3 sec
Testing error 4: 0.3068
optimal d_sub 300 : OOB 0.3134 : L 108 : T 6.2 sec
Testing error 5: 0.3056
optimal d_sub 300 : OOB 0.3036 : L 100 : T 6.0 sec
Testing error 6: 0.3053
optimal d_sub 300 : OOB 0.3160 : L 178 : T 10.0 sec
Testing error 7: 0.3110
optimal d_sub 300 : OOB 0.3086 : L 73 : T 4.1 sec
Testing error 8: 0.3024
optimal d_sub 300 : OOB 0.3221 : L 132 : T 8.4 sec
Testing error 9: 0.3083
optimal d_sub 300 : OOB 0.3264 : L 180 : T 11.1 sec
Testing error 10: 0.3062
---
Average testing error over 10 splits: 0.3077 (+/- 0.0041)
