# -------------------------
# Ensemble classification
#  - Training samples: 10000 (5000/5000)
#  - Feature-space dimensionality: 18157
#  - L : automatic (min 25, max 500, length 50, eps 0.00500)
#  - d_sub : automatic (Eoob tolerance 0.0200, step 200)
#  - Seed 1 (subspaces) : 315983630
#  - Seed 2 (bootstrap) : 350294533
# -------------------------

 - d_sub 200 : OOB 0.4554 : L 1 : T 0.0 sec
 - d_sub 200 : OOB 0.4280 : L 2 : T 0.1 sec
 - d_sub 200 : OOB 0.4150 : L 3 : T 0.1 sec
 - d_sub 200 : OOB 0.4007 : L 4 : T 0.1 sec
 - d_sub 200 : OOB 0.3911 : L 5 : T 0.2 sec
 - d_sub 200 : OOB 0.3870 : L 6 : T 0.2 sec
 - d_sub 200 : OOB 0.3782 : L 7 : T 0.2 sec
 - d_sub 200 : OOB 0.3725 : L 8 : T 0.2 sec
 - d_sub 200 : OOB 0.3695 : L 9 : T 0.3 sec
 - d_sub 200 : OOB 0.3687 : L 10 : T 0.3 sec
 - d_sub 200 : OOB 0.3642 : L 11 : T 0.3 sec
 - d_sub 200 : OOB 0.3639 : L 12 : T 0.4 sec
 - d_sub 200 : OOB 0.3645 : L 13 : T 0.4 sec
 - d_sub 200 : OOB 0.3579 : L 14 : T 0.4 sec
 - d_sub 200 : OOB 0.3616 : L 15 : T 0.5 sec
 - d_sub 200 : OOB 0.3607 : L 16 : T 0.5 sec
 - d_sub 200 : OOB 0.3618 : L 17 : T 0.5 sec
 - d_sub 200 : OOB 0.3625 : L 18 : T 0.5 sec
 - d_sub 200 : OOB 0.3609 : L 19 : T 0.6 sec
 - d_sub 200 : OOB 0.3597 : L 20 : T 0.6 sec
 - d_sub 200 : OOB 0.3597 : L 21 : T 0.6 sec
 - d_sub 200 : OOB 0.3611 : L 22 : T 0.7 sec
 - d_sub 200 : OOB 0.3594 : L 23 : T 0.7 sec
 - d_sub 200 : OOB 0.3554 : L 24 : T 0.7 sec
 - d_sub 200 : OOB 0.3561 : L 25 : T 0.8 sec
 - d_sub 200 : OOB 0.3552 : L 26 : T 0.8 sec
 - d_sub 200 : OOB 0.3546 : L 27 : T 0.8 sec
 - d_sub 200 : OOB 0.3546 : L 28 : T 0.8 sec
 - d_sub 200 : OOB 0.3559 : L 29 : T 0.9 sec
 - d_sub 200 : OOB 0.3558 : L 30 : T 0.9 sec
 - d_sub 200 : OOB 0.3546 : L 31 : T 0.9 sec
 - d_sub 200 : OOB 0.3515 : L 32 : T 1.0 sec
 - d_sub 200 : OOB 0.3517 : L 33 : T 1.0 sec
 - d_sub 200 : OOB 0.3511 : L 34 : T 1.0 sec
 - d_sub 200 : OOB 0.3493 : L 35 : T 1.0 sec
 - d_sub 200 : OOB 0.3524 : L 36 : T 1.1 sec
 - d_sub 200 : OOB 0.3533 : L 37 : T 1.1 sec
 - d_sub 200 : OOB 0.3526 : L 38 : T 1.1 sec
 - d_sub 200 : OOB 0.3541 : L 39 : T 1.2 sec
 - d_sub 200 : OOB 0.3535 : L 40 : T 1.2 sec
 - d_sub 200 : OOB 0.3521 : L 41 : T 1.2 sec
 - d_sub 200 : OOB 0.3545 : L 42 : T 1.2 sec
 - d_sub 200 : OOB 0.3543 : L 43 : T 1.3 sec
 - d_sub 200 : OOB 0.3542 : L 44 : T 1.3 sec
 - d_sub 200 : OOB 0.3537 : L 45 : T 1.3 sec
 - d_sub 200 : OOB 0.3523 : L 46 : T 1.4 sec
 - d_sub 200 : OOB 0.3516 : L 47 : T 1.4 sec
 - d_sub 200 : OOB 0.3501 : L 48 : T 1.4 sec
 - d_sub 200 : OOB 0.3528 : L 49 : T 1.5 sec
 - d_sub 200 : OOB 0.3534 : L 50 : T 1.5 sec
 - d_sub 200 : OOB 0.3554 : L 51 : T 1.5 sec
 - d_sub 200 : OOB 0.3552 : L 52 : T 1.6 sec
 - d_sub 200 : OOB 0.3534 : L 53 : T 1.6 sec
 - d_sub 200 : OOB 0.3530 : L 54 : T 1.6 sec
 - d_sub 200 : OOB 0.3509 : L 55 : T 1.6 sec
 - d_sub 200 : OOB 0.3504 : L 56 : T 1.7 sec
 - d_sub 200 : OOB 0.3509 : L 57 : T 1.7 sec
 - d_sub 200 : OOB 0.3529 : L 58 : T 1.7 sec
 - d_sub 200 : OOB 0.3516 : L 59 : T 1.8 sec
 - d_sub 200 : OOB 0.3522 : L 60 : T 1.8 sec
 - d_sub 200 : OOB 0.3519 : L 61 : T 1.8 sec
 - d_sub 200 : OOB 0.3511 : L 62 : T 1.8 sec
 - d_sub 200 : OOB 0.3521 : L 63 : T 1.9 sec
 - d_sub 200 : OOB 0.3539 : L 64 : T 1.9 sec
 - d_sub 200 : OOB 0.3527 : L 65 : T 1.9 sec
 - d_sub 200 : OOB 0.3514 : L 66 : T 2.0 sec
 - d_sub 200 : OOB 0.3515 : L 67 : T 2.0 sec
 - d_sub 200 : OOB 0.3511 : L 68 : T 2.0 sec
 - d_sub 200 : OOB 0.3509 : L 69 : T 2.0 sec
 - d_sub 200 : OOB 0.3506 : L 70 : T 2.1 sec
 - d_sub 200 : OOB 0.3498 : L 71 : T 2.1 sec
 - d_sub 200 : OOB 0.3497 : L 72 : T 2.1 sec
 - d_sub 200 : OOB 0.3524 : L 73 : T 2.2 sec

 - d_sub 400 : OOB 0.4472 : L 1 : T 0.1 sec
 - d_sub 400 : OOB 0.4149 : L 2 : T 0.1 sec
 - d_sub 400 : OOB 0.3998 : L 3 : T 0.2 sec
 - d_sub 400 : OOB 0.3897 : L 4 : T 0.2 sec
 - d_sub 400 : OOB 0.3759 : L 5 : T 1.1 sec
 - d_sub 400 : OOB 0.3717 : L 6 : T 1.1 sec
 - d_sub 400 : OOB 0.3585 : L 7 : T 1.2 sec
 - d_sub 400 : OOB 0.3541 : L 8 : T 1.2 sec
 - d_sub 400 : OOB 0.3521 : L 9 : T 1.3 sec
 - d_sub 400 : OOB 0.3519 : L 10 : T 1.4 sec
 - d_sub 400 : OOB 0.3459 : L 11 : T 1.4 sec
 - d_sub 400 : OOB 0.3470 : L 12 : T 1.5 sec
 - d_sub 400 : OOB 0.3468 : L 13 : T 1.5 sec
 - d_sub 400 : OOB 0.3393 : L 14 : T 1.6 sec
 - d_sub 400 : OOB 0.3413 : L 15 : T 1.6 sec
 - d_sub 400 : OOB 0.3349 : L 16 : T 1.7 sec
 - d_sub 400 : OOB 0.3364 : L 17 : T 1.8 sec
 - d_sub 400 : OOB 0.3357 : L 18 : T 1.8 sec
 - d_sub 400 : OOB 0.3367 : L 19 : T 1.9 sec
 - d_sub 400 : OOB 0.3338 : L 20 : T 1.9 sec
 - d_sub 400 : OOB 0.3367 : L 21 : T 2.0 sec
 - d_sub 400 : OOB 0.3348 : L 22 : T 2.0 sec
 - d_sub 400 : OOB 0.3306 : L 23 : T 2.1 sec
 - d_sub 400 : OOB 0.3320 : L 24 : T 2.1 sec
 - d_sub 400 : OOB 0.3344 : L 25 : T 2.2 sec
 - d_sub 400 : OOB 0.3334 : L 26 : T 3.1 sec
 - d_sub 400 : OOB 0.3348 : L 27 : T 3.2 sec
 - d_sub 400 : OOB 0.3329 : L 28 : T 3.2 sec
 - d_sub 400 : OOB 0.3336 : L 29 : T 3.3 sec
 - d_sub 400 : OOB 0.3323 : L 30 : T 3.4 sec
 - d_sub 400 : OOB 0.3324 : L 31 : T 3.4 sec
 - d_sub 400 : OOB 0.3338 : L 32 : T 3.5 sec
 - d_sub 400 : OOB 0.3315 : L 33 : T 3.5 sec
 - d_sub 400 : OOB 0.3311 : L 34 : T 3.6 sec
 - d_sub 400 : OOB 0.3313 : L 35 : T 3.7 sec
 - d_sub 400 : OOB 0.3314 : L 36 : T 3.7 sec
 - d_sub 400 : OOB 0.3307 : L 37 : T 3.8 sec
 - d_sub 400 : OOB 0.3328 : L 38 : T 3.8 sec
 - d_sub 400 : OOB 0.3312 : L 39 : T 3.9 sec
 - d_sub 400 : OOB 0.3304 : L 40 : T 3.9 sec
 - d_sub 400 : OOB 0.3318 : L 41 : T 4.0 sec
 - d_sub 400 : OOB 0.3321 : L 42 : T 4.1 sec
 - d_sub 400 : OOB 0.3299 : L 43 : T 4.1 sec
 - d_sub 400 : OOB 0.3302 : L 44 : T 4.2 sec
 - d_sub 400 : OOB 0.3300 : L 45 : T 4.2 sec
 - d_sub 400 : OOB 0.3314 : L 46 : T 4.3 sec
 - d_sub 400 : OOB 0.3291 : L 47 : T 4.3 sec
 - d_sub 400 : OOB 0.3296 : L 48 : T 5.5 sec
 - d_sub 400 : OOB 0.3288 : L 49 : T 5.5 sec
 - d_sub 400 : OOB 0.3297 : L 50 : T 5.6 sec
 - d_sub 400 : OOB 0.3296 : L 51 : T 5.6 sec
 - d_sub 400 : OOB 0.3281 : L 52 : T 5.7 sec
 - d_sub 400 : OOB 0.3293 : L 53 : T 5.7 sec
 - d_sub 400 : OOB 0.3282 : L 54 : T 5.8 sec
 - d_sub 400 : OOB 0.3278 : L 55 : T 5.8 sec
 - d_sub 400 : OOB 0.3283 : L 56 : T 5.9 sec
 - d_sub 400 : OOB 0.3299 : L 57 : T 6.0 sec
 - d_sub 400 : OOB 0.3302 : L 58 : T 6.0 sec
 - d_sub 400 : OOB 0.3296 : L 59 : T 6.1 sec
 - d_sub 400 : OOB 0.3261 : L 60 : T 6.1 sec
 - d_sub 400 : OOB 0.3279 : L 61 : T 6.2 sec
 - d_sub 400 : OOB 0.3284 : L 62 : T 6.2 sec
 - d_sub 400 : OOB 0.3262 : L 63 : T 6.3 sec
 - d_sub 400 : OOB 0.3275 : L 64 : T 6.3 sec
 - d_sub 400 : OOB 0.3296 : L 65 : T 6.4 sec
 - d_sub 400 : OOB 0.3280 : L 66 : T 6.5 sec
 - d_sub 400 : OOB 0.3274 : L 67 : T 6.5 sec
 - d_sub 400 : OOB 0.3279 : L 68 : T 6.6 sec
 - d_sub 400 : OOB 0.3273 : L 69 : T 7.6 sec
 - d_sub 400 : OOB 0.3268 : L 70 : T 7.6 sec
 - d_sub 400 : OOB 0.3255 : L 71 : T 7.7 sec
 - d_sub 400 : OOB 0.3276 : L 72 : T 7.7 sec
 - d_sub 400 : OOB 0.3267 : L 73 : T 7.8 sec
 - d_sub 400 : OOB 0.3257 : L 74 : T 7.8 sec
 - d_sub 400 : OOB 0.3266 : L 75 : T 7.9 sec
 - d_sub 400 : OOB 0.3271 : L 76 : T 8.0 sec
 - d_sub 400 : OOB 0.3256 : L 77 : T 8.0 sec
 - d_sub 400 : OOB 0.3244 : L 78 : T 8.1 sec
 - d_sub 400 : OOB 0.3266 : L 79 : T 8.1 sec
 - d_sub 400 : OOB 0.3292 : L 80 : T 8.2 sec
 - d_sub 400 : OOB 0.3274 : L 81 : T 8.2 sec
 - d_sub 400 : OOB 0.3280 : L 82 : T 8.3 sec
 - d_sub 400 : OOB 0.3272 : L 83 : T 8.4 sec
 - d_sub 400 : OOB 0.3284 : L 84 : T 8.4 sec
 - d_sub 400 : OOB 0.3279 : L 85 : T 8.5 sec
 - d_sub 400 : OOB 0.3279 : L 86 : T 8.5 sec
 - d_sub 400 : OOB 0.3272 : L 87 : T 8.6 sec
 - d_sub 400 : OOB 0.3267 : L 88 : T 8.7 sec
 - d_sub 400 : OOB 0.3254 : L 89 : T 8.7 sec
 - d_sub 400 : OOB 0.3260 : L 90 : T 9.8 sec

 - d_sub 600 : OOB 0.4454 : L 1 : T 0.1 sec
 - d_sub 600 : OOB 0.4083 : L 2 : T 0.2 sec
 - d_sub 600 : OOB 0.3933 : L 3 : T 0.3 sec
 - d_sub 600 : OOB 0.3771 : L 4 : T 0.5 sec
 - d_sub 600 : OOB 0.3641 : L 5 : T 0.6 sec
 - d_sub 600 : OOB 0.3652 : L 6 : T 0.7 sec
 - d_sub 600 : OOB 0.3517 : L 7 : T 0.8 sec
 - d_sub 600 : OOB 0.3473 : L 8 : T 0.9 sec
 - d_sub 600 : OOB 0.3430 : L 9 : T 2.1 sec
 - d_sub 600 : OOB 0.3410 : L 10 : T 3.0 sec
 - d_sub 600 : OOB 0.3358 : L 11 : T 3.1 sec
 - d_sub 600 : OOB 0.3326 : L 12 : T 3.2 sec
 - d_sub 600 : OOB 0.3312 : L 13 : T 3.3 sec
 - d_sub 600 : OOB 0.3309 : L 14 : T 3.4 sec
 - d_sub 600 : OOB 0.3313 : L 15 : T 3.5 sec
 - d_sub 600 : OOB 0.3300 : L 16 : T 3.5 sec
 - d_sub 600 : OOB 0.3283 : L 17 : T 3.6 sec
 - d_sub 600 : OOB 0.3261 : L 18 : T 4.8 sec
 - d_sub 600 : OOB 0.3277 : L 19 : T 4.9 sec
 - d_sub 600 : OOB 0.3270 : L 20 : T 6.1 sec
 - d_sub 600 : OOB 0.3257 : L 21 : T 6.1 sec
 - d_sub 600 : OOB 0.3249 : L 22 : T 6.2 sec
 - d_sub 600 : OOB 0.3232 : L 23 : T 6.3 sec
 - d_sub 600 : OOB 0.3250 : L 24 : T 6.4 sec
 - d_sub 600 : OOB 0.3241 : L 25 : T 6.5 sec
 - d_sub 600 : OOB 0.3202 : L 26 : T 6.6 sec
 - d_sub 600 : OOB 0.3222 : L 27 : T 8.8 sec
 - d_sub 600 : OOB 0.3195 : L 28 : T 8.9 sec
 - d_sub 600 : OOB 0.3208 : L 29 : T 9.0 sec
 - d_sub 600 : OOB 0.3203 : L 30 : T 9.1 sec
 - d_sub 600 : OOB 0.3198 : L 31 : T 9.1 sec
 - d_sub 600 : OOB 0.3213 : L 32 : T 9.2 sec
 - d_sub 600 : OOB 0.3222 : L 33 : T 10.3 sec
 - d_sub 600 : OOB 0.3198 : L 34 : T 10.4 sec
 - d_sub 600 : OOB 0.3176 : L 35 : T 10.5 sec
 - d_sub 600 : OOB 0.3171 : L 36 : T 10.5 sec
 - d_sub 600 : OOB 0.3168 : L 37 : T 10.6 sec
 - d_sub 600 : OOB 0.3176 : L 38 : T 10.7 sec
 - d_sub 600 : OOB 0.3148 : L 39 : T 10.8 sec
 - d_sub 600 : OOB 0.3153 : L 40 : T 12.7 sec
 - d_sub 600 : OOB 0.3165 : L 41 : T 12.8 sec
 - d_sub 600 : OOB 0.3152 : L 42 : T 12.9 sec
 - d_sub 600 : OOB 0.3148 : L 43 : T 12.9 sec
 - d_sub 600 : OOB 0.3169 : L 44 : T 13.0 sec
 - d_sub 600 : OOB 0.3177 : L 45 : T 13.1 sec
 - d_sub 600 : OOB 0.3173 : L 46 : T 14.0 sec
 - d_sub 600 : OOB 0.3166 : L 47 : T 14.1 sec
 - d_sub 600 : OOB 0.3177 : L 48 : T 14.2 sec
 - d_sub 600 : OOB 0.3149 : L 49 : T 14.3 sec
 - d_sub 600 : OOB 0.3159 : L 50 : T 14.4 sec
 - d_sub 600 : OOB 0.3157 : L 51 : T 14.5 sec
 - d_sub 600 : OOB 0.3150 : L 52 : T 14.6 sec
 - d_sub 600 : OOB 0.3134 : L 53 : T 14.7 sec
 - d_sub 600 : OOB 0.3133 : L 54 : T 17.8 sec
 - d_sub 600 : OOB 0.3117 : L 55 : T 19.9 sec
 - d_sub 600 : OOB 0.3130 : L 56 : T 20.0 sec
 - d_sub 600 : OOB 0.3150 : L 57 : T 20.0 sec
 - d_sub 600 : OOB 0.3151 : L 58 : T 20.1 sec
 - d_sub 600 : OOB 0.3152 : L 59 : T 20.2 sec
 - d_sub 600 : OOB 0.3139 : L 60 : T 20.3 sec
 - d_sub 600 : OOB 0.3105 : L 61 : T 20.4 sec
 - d_sub 600 : OOB 0.3110 : L 62 : T 20.5 sec
 - d_sub 600 : OOB 0.3121 : L 63 : T 20.6 sec
 - d_sub 600 : OOB 0.3118 : L 64 : T 20.7 sec
 - d_sub 600 : OOB 0.3100 : L 65 : T 20.7 sec
 - d_sub 600 : OOB 0.3118 : L 66 : T 20.8 sec
 - d_sub 600 : OOB 0.3112 : L 67 : T 20.9 sec
 - d_sub 600 : OOB 0.3112 : L 68 : T 21.0 sec
 - d_sub 600 : OOB 0.3099 : L 69 : T 21.1 sec
 - d_sub 600 : OOB 0.3118 : L 70 : T 22.3 sec
 - d_sub 600 : OOB 0.3095 : L 71 : T 22.4 sec
 - d_sub 600 : OOB 0.3122 : L 72 : T 23.1 sec
 - d_sub 600 : OOB 0.3115 : L 73 : T 23.2 sec
 - d_sub 600 : OOB 0.3111 : L 74 : T 23.3 sec
 - d_sub 600 : OOB 0.3110 : L 75 : T 23.4 sec
 - d_sub 600 : OOB 0.3124 : L 76 : T 23.5 sec
 - d_sub 600 : OOB 0.3112 : L 77 : T 24.2 sec
 - d_sub 600 : OOB 0.3112 : L 78 : T 24.3 sec
 - d_sub 600 : OOB 0.3115 : L 79 : T 24.4 sec
 - d_sub 600 : OOB 0.3134 : L 80 : T 25.5 sec
 - d_sub 600 : OOB 0.3125 : L 81 : T 25.6 sec
 - d_sub 600 : OOB 0.3128 : L 82 : T 25.7 sec
 - d_sub 600 : OOB 0.3122 : L 83 : T 25.8 sec
 - d_sub 600 : OOB 0.3133 : L 84 : T 25.9 sec
 - d_sub 600 : OOB 0.3118 : L 85 : T 26.0 sec
 - d_sub 600 : OOB 0.3110 : L 86 : T 26.9 sec
 - d_sub 600 : OOB 0.3102 : L 87 : T 27.0 sec
 - d_sub 600 : OOB 0.3123 : L 88 : T 27.1 sec
 - d_sub 600 : OOB 0.3117 : L 89 : T 27.2 sec
 - d_sub 600 : OOB 0.3120 : L 90 : T 28.0 sec
 - d_sub 600 : OOB 0.3116 : L 91 : T 28.1 sec
 - d_sub 600 : OOB 0.3121 : L 92 : T 28.1 sec
 - d_sub 600 : OOB 0.3107 : L 93 : T 28.2 sec
 - d_sub 600 : OOB 0.3122 : L 94 : T 28.3 sec
 - d_sub 600 : OOB 0.3118 : L 95 : T 28.4 sec
 - d_sub 600 : OOB 0.3120 : L 96 : T 29.4 sec
 - d_sub 600 : OOB 0.3127 : L 97 : T 29.5 sec
 - d_sub 600 : OOB 0.3136 : L 98 : T 29.6 sec

 - d_sub 800 : OOB 0.4434 : L 1 : T 0.1 sec
 - d_sub 800 : OOB 0.4064 : L 2 : T 0.3 sec
 - d_sub 800 : OOB 0.3858 : L 3 : T 0.4 sec
 - d_sub 800 : OOB 0.3716 : L 4 : T 0.5 sec
 - d_sub 800 : OOB 0.3587 : L 5 : T 0.6 sec
 - d_sub 800 : OOB 0.3495 : L 6 : T 0.7 sec
 - d_sub 800 : OOB 0.3421 : L 7 : T 0.9 sec
 - d_sub 800 : OOB 0.3353 : L 8 : T 1.0 sec
 - d_sub 800 : OOB 0.3358 : L 9 : T 1.6 sec
 - d_sub 800 : OOB 0.3326 : L 10 : T 1.7 sec
 - d_sub 800 : OOB 0.3293 : L 11 : T 1.8 sec
 - d_sub 800 : OOB 0.3272 : L 12 : T 1.9 sec
 - d_sub 800 : OOB 0.3233 : L 13 : T 2.1 sec
 - d_sub 800 : OOB 0.3219 : L 14 : T 2.2 sec
 - d_sub 800 : OOB 0.3250 : L 15 : T 2.3 sec
 - d_sub 800 : OOB 0.3224 : L 16 : T 2.4 sec
 - d_sub 800 : OOB 0.3238 : L 17 : T 2.5 sec
 - d_sub 800 : OOB 0.3244 : L 18 : T 2.7 sec
 - d_sub 800 : OOB 0.3224 : L 19 : T 2.8 sec
 - d_sub 800 : OOB 0.3202 : L 20 : T 3.3 sec
 - d_sub 800 : OOB 0.3193 : L 21 : T 3.4 sec
 - d_sub 800 : OOB 0.3166 : L 22 : T 3.5 sec
 - d_sub 800 : OOB 0.3154 : L 23 : T 3.6 sec
 - d_sub 800 : OOB 0.3171 : L 24 : T 3.8 sec
 - d_sub 800 : OOB 0.3170 : L 25 : T 3.9 sec
 - d_sub 800 : OOB 0.3155 : L 26 : T 4.0 sec
 - d_sub 800 : OOB 0.3140 : L 27 : T 4.1 sec
 - d_sub 800 : OOB 0.3133 : L 28 : T 4.2 sec
 - d_sub 800 : OOB 0.3152 : L 29 : T 4.4 sec
 - d_sub 800 : OOB 0.3151 : L 30 : T 4.5 sec
 - d_sub 800 : OOB 0.3128 : L 31 : T 5.5 sec
 - d_sub 800 : OOB 0.3144 : L 32 : T 5.6 sec
 - d_sub 800 : OOB 0.3130 : L 33 : T 5.7 sec
 - d_sub 800 : OOB 0.3127 : L 34 : T 5.9 sec
 - d_sub 800 : OOB 0.3117 : L 35 : T 6.0 sec
 - d_sub 800 : OOB 0.3137 : L 36 : T 6.1 sec
 - d_sub 800 : OOB 0.3108 : L 37 : T 6.3 sec
 - d_sub 800 : OOB 0.3117 : L 38 : T 6.4 sec
 - d_sub 800 : OOB 0.3118 : L 39 : T 6.5 sec
 - d_sub 800 : OOB 0.3112 : L 40 : T 6.7 sec
 - d_sub 800 : OOB 0.3109 : L 41 : T 6.8 sec
 - d_sub 800 : OOB 0.3093 : L 42 : T 6.9 sec
 - d_sub 800 : OOB 0.3112 : L 43 : T 8.2 sec
 - d_sub 800 : OOB 0.3072 : L 44 : T 8.3 sec
 - d_sub 800 : OOB 0.3082 : L 45 : T 8.5 sec
 - d_sub 800 : OOB 0.3071 : L 46 : T 8.6 sec
 - d_sub 800 : OOB 0.3082 : L 47 : T 8.7 sec
 - d_sub 800 : OOB 0.3090 : L 48 : T 8.9 sec
 - d_sub 800 : OOB 0.3079 : L 49 : T 9.0 sec
 - d_sub 800 : OOB 0.3077 : L 50 : T 9.2 sec
 - d_sub 800 : OOB 0.3079 : L 51 : T 9.3 sec
 - d_sub 800 : OOB 0.3066 : L 52 : T 9.5 sec
 - d_sub 800 : OOB 0.3070 : L 53 : T 9.6 sec
 - d_sub 800 : OOB 0.3094 : L 54 : T 10.6 sec
 - d_sub 800 : OOB 0.3083 : L 55 : T 10.7 sec
 - d_sub 800 : OOB 0.3090 : L 56 : T 10.8 sec
 - d_sub 800 : OOB 0.3091 : L 57 : T 11.0 sec
 - d_sub 800 : OOB 0.3063 : L 58 : T 11.2 sec
 - d_sub 800 : OOB 0.3075 : L 59 : T 11.3 sec
 - d_sub 800 : OOB 0.3095 : L 60 : T 11.4 sec
 - d_sub 800 : OOB 0.3076 : L 61 : T 11.6 sec
 - d_sub 800 : OOB 0.3052 : L 62 : T 11.7 sec
 - d_sub 800 : OOB 0.3069 : L 63 : T 11.8 sec
 - d_sub 800 : OOB 0.3068 : L 64 : T 12.7 sec
 - d_sub 800 : OOB 0.3061 : L 65 : T 12.9 sec
 - d_sub 800 : OOB 0.3036 : L 66 : T 13.0 sec
 - d_sub 800 : OOB 0.3057 : L 67 : T 13.1 sec
 - d_sub 800 : OOB 0.3037 : L 68 : T 13.3 sec
 - d_sub 800 : OOB 0.3054 : L 69 : T 13.4 sec
 - d_sub 800 : OOB 0.3035 : L 70 : T 13.5 sec
 - d_sub 800 : OOB 0.3033 : L 71 : T 13.7 sec
 - d_sub 800 : OOB 0.3033 : L 72 : T 13.8 sec
 - d_sub 800 : OOB 0.3043 : L 73 : T 13.9 sec
 - d_sub 800 : OOB 0.3034 : L 74 : T 14.1 sec
 - d_sub 800 : OOB 0.3021 : L 75 : T 15.1 sec
 - d_sub 800 : OOB 0.3011 : L 76 : T 15.2 sec
 - d_sub 800 : OOB 0.3029 : L 77 : T 15.3 sec
 - d_sub 800 : OOB 0.3010 : L 78 : T 15.5 sec
 - d_sub 800 : OOB 0.3004 : L 79 : T 15.6 sec
 - d_sub 800 : OOB 0.2993 : L 80 : T 15.7 sec
 - d_sub 800 : OOB 0.3005 : L 81 : T 15.9 sec
 - d_sub 800 : OOB 0.3012 : L 82 : T 16.0 sec
 - d_sub 800 : OOB 0.3010 : L 83 : T 16.1 sec
 - d_sub 800 : OOB 0.3014 : L 84 : T 16.3 sec
 - d_sub 800 : OOB 0.3042 : L 85 : T 17.3 sec
 - d_sub 800 : OOB 0.3025 : L 86 : T 17.4 sec
 - d_sub 800 : OOB 0.3015 : L 87 : T 17.5 sec
 - d_sub 800 : OOB 0.3010 : L 88 : T 17.7 sec
 - d_sub 800 : OOB 0.3010 : L 89 : T 17.8 sec
 - d_sub 800 : OOB 0.3003 : L 90 : T 17.9 sec
 - d_sub 800 : OOB 0.3004 : L 91 : T 18.1 sec
 - d_sub 800 : OOB 0.3008 : L 92 : T 18.2 sec
 - d_sub 800 : OOB 0.3028 : L 93 : T 18.3 sec
 - d_sub 800 : OOB 0.3020 : L 94 : T 18.5 sec
 - d_sub 800 : OOB 0.3006 : L 95 : T 18.6 sec
 - d_sub 800 : OOB 0.2997 : L 96 : T 19.6 sec
 - d_sub 800 : OOB 0.2998 : L 97 : T 19.7 sec
 - d_sub 800 : OOB 0.2995 : L 98 : T 19.9 sec
 - d_sub 800 : OOB 0.2996 : L 99 : T 20.0 sec
 - d_sub 800 : OOB 0.2999 : L 100 : T 20.2 sec
 - d_sub 800 : OOB 0.2996 : L 101 : T 20.3 sec
 - d_sub 800 : OOB 0.2998 : L 102 : T 20.4 sec
 - d_sub 800 : OOB 0.3007 : L 103 : T 20.6 sec
 - d_sub 800 : OOB 0.3007 : L 104 : T 20.7 sec
 - d_sub 800 : OOB 0.2994 : L 105 : T 20.8 sec
 - d_sub 800 : OOB 0.3002 : L 106 : T 21.0 sec
 - d_sub 800 : OOB 0.3001 : L 107 : T 21.8 sec
 - d_sub 800 : OOB 0.3007 : L 108 : T 21.9 sec
 - d_sub 800 : OOB 0.3019 : L 109 : T 22.1 sec
 - d_sub 800 : OOB 0.2996 : L 110 : T 22.2 sec
 - d_sub 800 : OOB 0.2997 : L 111 : T 22.3 sec
 - d_sub 800 : OOB 0.3002 : L 112 : T 22.5 sec
 - d_sub 800 : OOB 0.3000 : L 113 : T 22.6 sec
 - d_sub 800 : OOB 0.3002 : L 114 : T 22.7 sec
 - d_sub 800 : OOB 0.3005 : L 115 : T 22.9 sec

 - d_sub 1000 : OOB 0.4384 : L 1 : T 1.1 sec
 - d_sub 1000 : OOB 0.4048 : L 2 : T 1.3 sec
 - d_sub 1000 : OOB 0.3844 : L 3 : T 2.9 sec
 - d_sub 1000 : OOB 0.3697 : L 4 : T 4.2 sec
 - d_sub 1000 : OOB 0.3561 : L 5 : T 5.2 sec
 - d_sub 1000 : OOB 0.3519 : L 6 : T 5.4 sec
 - d_sub 1000 : OOB 0.3419 : L 7 : T 6.1 sec
 - d_sub 1000 : OOB 0.3344 : L 8 : T 6.4 sec
 - d_sub 1000 : OOB 0.3289 : L 9 : T 7.3 sec
 - d_sub 1000 : OOB 0.3272 : L 10 : T 7.5 sec
 - d_sub 1000 : OOB 0.3194 : L 11 : T 9.2 sec
 - d_sub 1000 : OOB 0.3215 : L 12 : T 9.4 sec
 - d_sub 1000 : OOB 0.3230 : L 13 : T 10.0 sec
 - d_sub 1000 : OOB 0.3172 : L 14 : T 10.2 sec
 - d_sub 1000 : OOB 0.3215 : L 15 : T 11.0 sec
 - d_sub 1000 : OOB 0.3155 : L 16 : T 12.0 sec
 - d_sub 1000 : OOB 0.3175 : L 17 : T 13.6 sec
 - d_sub 1000 : OOB 0.3153 : L 18 : T 13.8 sec
 - d_sub 1000 : OOB 0.3130 : L 19 : T 14.9 sec
 - d_sub 1000 : OOB 0.3125 : L 20 : T 15.1 sec
 - d_sub 1000 : OOB 0.3122 : L 21 : T 17.9 sec
 - d_sub 1000 : OOB 0.3104 : L 22 : T 18.1 sec
 - d_sub 1000 : OOB 0.3103 : L 23 : T 19.2 sec
 - d_sub 1000 : OOB 0.3101 : L 24 : T 20.5 sec
 - d_sub 1000 : OOB 0.3084 : L 25 : T 20.7 sec
 - d_sub 1000 : OOB 0.3053 : L 26 : T 21.9 sec
 - d_sub 1000 : OOB 0.3051 : L 27 : T 22.9 sec
 - d_sub 1000 : OOB 0.3028 : L 28 : T 23.1 sec
 - d_sub 1000 : OOB 0.3019 : L 29 : T 24.1 sec
 - d_sub 1000 : OOB 0.3031 : L 30 : T 25.0 sec
 - d_sub 1000 : OOB 0.3043 : L 31 : T 25.2 sec
 - d_sub 1000 : OOB 0.3027 : L 32 : T 26.0 sec
 - d_sub 1000 : OOB 0.3021 : L 33 : T 26.8 sec
 - d_sub 1000 : OOB 0.3007 : L 34 : T 27.7 sec
 - d_sub 1000 : OOB 0.3008 : L 35 : T 28.7 sec
 - d_sub 1000 : OOB 0.3014 : L 36 : T 28.9 sec
 - d_sub 1000 : OOB 0.3021 : L 37 : T 30.2 sec
 - d_sub 1000 : OOB 0.3027 : L 38 : T 31.0 sec
 - d_sub 1000 : OOB 0.3026 : L 39 : T 32.0 sec
 - d_sub 1000 : OOB 0.3016 : L 40 : T 32.9 sec
 - d_sub 1000 : OOB 0.3015 : L 41 : T 33.1 sec
 - d_sub 1000 : OOB 0.3024 : L 42 : T 36.7 sec
 - d_sub 1000 : OOB 0.3002 : L 43 : T 36.9 sec
 - d_sub 1000 : OOB 0.3014 : L 44 : T 39.3 sec
 - d_sub 1000 : OOB 0.2998 : L 45 : T 39.5 sec
 - d_sub 1000 : OOB 0.3013 : L 46 : T 42.2 sec
 - d_sub 1000 : OOB 0.3011 : L 47 : T 42.4 sec
 - d_sub 1000 : OOB 0.3011 : L 48 : T 43.3 sec
 - d_sub 1000 : OOB 0.3011 : L 49 : T 45.0 sec
 - d_sub 1000 : OOB 0.3020 : L 50 : T 45.2 sec
 - d_sub 1000 : OOB 0.2994 : L 51 : T 47.6 sec
 - d_sub 1000 : OOB 0.3007 : L 52 : T 47.8 sec
 - d_sub 1000 : OOB 0.2994 : L 53 : T 49.9 sec
 - d_sub 1000 : OOB 0.3014 : L 54 : T 50.1 sec
 - d_sub 1000 : OOB 0.3005 : L 55 : T 50.8 sec
 - d_sub 1000 : OOB 0.2996 : L 56 : T 52.7 sec
 - d_sub 1000 : OOB 0.2988 : L 57 : T 52.9 sec
 - d_sub 1000 : OOB 0.2983 : L 58 : T 54.0 sec
 - d_sub 1000 : OOB 0.2976 : L 59 : T 54.1 sec
 - d_sub 1000 : OOB 0.2986 : L 60 : T 56.7 sec
 - d_sub 1000 : OOB 0.2973 : L 61 : T 56.9 sec
 - d_sub 1000 : OOB 0.2974 : L 62 : T 58.0 sec
 - d_sub 1000 : OOB 0.2958 : L 63 : T 58.2 sec
 - d_sub 1000 : OOB 0.2944 : L 64 : T 60.6 sec
 - d_sub 1000 : OOB 0.2967 : L 65 : T 60.8 sec
 - d_sub 1000 : OOB 0.2937 : L 66 : T 61.9 sec
 - d_sub 1000 : OOB 0.2939 : L 67 : T 63.0 sec
 - d_sub 1000 : OOB 0.2940 : L 68 : T 64.7 sec
 - d_sub 1000 : OOB 0.2937 : L 69 : T 64.9 sec
 - d_sub 1000 : OOB 0.2949 : L 70 : T 65.9 sec
 - d_sub 1000 : OOB 0.2935 : L 71 : T 66.1 sec
 - d_sub 1000 : OOB 0.2941 : L 72 : T 68.0 sec
 - d_sub 1000 : OOB 0.2955 : L 73 : T 68.2 sec
 - d_sub 1000 : OOB 0.2959 : L 74 : T 69.3 sec
 - d_sub 1000 : OOB 0.2945 : L 75 : T 70.0 sec
 - d_sub 1000 : OOB 0.2953 : L 76 : T 70.2 sec
 - d_sub 1000 : OOB 0.2948 : L 77 : T 71.1 sec
 - d_sub 1000 : OOB 0.2951 : L 78 : T 72.5 sec
 - d_sub 1000 : OOB 0.2944 : L 79 : T 72.7 sec
 - d_sub 1000 : OOB 0.2962 : L 80 : T 73.9 sec
 - d_sub 1000 : OOB 0.2949 : L 81 : T 74.1 sec
 - d_sub 1000 : OOB 0.2940 : L 82 : T 74.8 sec
 - d_sub 1000 : OOB 0.2956 : L 83 : T 75.8 sec
 - d_sub 1000 : OOB 0.2953 : L 84 : T 77.5 sec
 - d_sub 1000 : OOB 0.2946 : L 85 : T 77.7 sec
 - d_sub 1000 : OOB 0.2959 : L 86 : T 79.0 sec
 - d_sub 1000 : OOB 0.2955 : L 87 : T 79.2 sec
 - d_sub 1000 : OOB 0.2949 : L 88 : T 79.9 sec
 - d_sub 1000 : OOB 0.2949 : L 89 : T 80.5 sec
 - d_sub 1000 : OOB 0.2930 : L 90 : T 80.7 sec
 - d_sub 1000 : OOB 0.2935 : L 91 : T 81.9 sec
 - d_sub 1000 : OOB 0.2949 : L 92 : T 83.0 sec
 - d_sub 1000 : OOB 0.2950 : L 93 : T 83.2 sec
 - d_sub 1000 : OOB 0.2956 : L 94 : T 83.4 sec
 - d_sub 1000 : OOB 0.2954 : L 95 : T 83.6 sec
 - d_sub 1000 : OOB 0.2953 : L 96 : T 84.5 sec
 - d_sub 1000 : OOB 0.2947 : L 97 : T 84.9 sec
 - d_sub 1000 : OOB 0.2951 : L 98 : T 86.6 sec
 - d_sub 1000 : OOB 0.2924 : L 99 : T 86.8 sec
 - d_sub 1000 : OOB 0.2946 : L 100 : T 87.7 sec
 - d_sub 1000 : OOB 0.2948 : L 101 : T 88.8 sec
 - d_sub 1000 : OOB 0.2932 : L 102 : T 89.0 sec
 - d_sub 1000 : OOB 0.2917 : L 103 : T 90.0 sec
 - d_sub 1000 : OOB 0.2929 : L 104 : T 91.9 sec
 - d_sub 1000 : OOB 0.2934 : L 105 : T 92.2 sec
 - d_sub 1000 : OOB 0.2927 : L 106 : T 93.1 sec
 - d_sub 1000 : OOB 0.2926 : L 107 : T 93.3 sec
 - d_sub 1000 : OOB 0.2922 : L 108 : T 95.7 sec

 - d_sub 1200 : OOB 0.4428 : L 1 : T 0.3 sec
 - d_sub 1200 : OOB 0.4058 : L 2 : T 1.5 sec
 - d_sub 1200 : OOB 0.3879 : L 3 : T 3.9 sec
 - d_sub 1200 : OOB 0.3739 : L 4 : T 4.2 sec
 - d_sub 1200 : OOB 0.3578 : L 5 : T 5.3 sec
 - d_sub 1200 : OOB 0.3487 : L 6 : T 6.4 sec
 - d_sub 1200 : OOB 0.3481 : L 7 : T 7.2 sec
 - d_sub 1200 : OOB 0.3384 : L 8 : T 8.3 sec
 - d_sub 1200 : OOB 0.3367 : L 9 : T 9.6 sec
 - d_sub 1200 : OOB 0.3317 : L 10 : T 10.6 sec
 - d_sub 1200 : OOB 0.3321 : L 11 : T 12.7 sec
 - d_sub 1200 : OOB 0.3271 : L 12 : T 15.4 sec
 - d_sub 1200 : OOB 0.3236 : L 13 : T 15.7 sec
 - d_sub 1200 : OOB 0.3243 : L 14 : T 17.1 sec
 - d_sub 1200 : OOB 0.3196 : L 15 : T 18.0 sec
 - d_sub 1200 : OOB 0.3191 : L 16 : T 18.9 sec
 - d_sub 1200 : OOB 0.3124 : L 17 : T 19.9 sec
 - d_sub 1200 : OOB 0.3122 : L 18 : T 20.1 sec
 - d_sub 1200 : OOB 0.3110 : L 19 : T 22.5 sec
 - d_sub 1200 : OOB 0.3113 : L 20 : T 22.7 sec
 - d_sub 1200 : OOB 0.3080 : L 21 : T 23.8 sec
 - d_sub 1200 : OOB 0.3065 : L 22 : T 24.8 sec
 - d_sub 1200 : OOB 0.3083 : L 23 : T 25.1 sec
 - d_sub 1200 : OOB 0.3074 : L 24 : T 26.2 sec
 - d_sub 1200 : OOB 0.3061 : L 25 : T 27.4 sec
 - d_sub 1200 : OOB 0.3049 : L 26 : T 29.3 sec
 - d_sub 1200 : OOB 0.3043 : L 27 : T 30.3 sec
 - d_sub 1200 : OOB 0.3073 : L 28 : T 30.5 sec
 - d_sub 1200 : OOB 0.3052 : L 29 : T 31.5 sec
 - d_sub 1200 : OOB 0.3030 : L 30 : T 32.7 sec
 - d_sub 1200 : OOB 0.3033 : L 31 : T 34.6 sec
 - d_sub 1200 : OOB 0.3040 : L 32 : T 34.9 sec
 - d_sub 1200 : OOB 0.3017 : L 33 : T 36.7 sec
 - d_sub 1200 : OOB 0.3020 : L 34 : T 37.9 sec
 - d_sub 1200 : OOB 0.2994 : L 35 : T 38.1 sec
 - d_sub 1200 : OOB 0.2984 : L 36 : T 40.3 sec
 - d_sub 1200 : OOB 0.3007 : L 37 : T 40.6 sec
 - d_sub 1200 : OOB 0.2999 : L 38 : T 41.4 sec
 - d_sub 1200 : OOB 0.2991 : L 39 : T 41.6 sec
 - d_sub 1200 : OOB 0.2979 : L 40 : T 43.3 sec
 - d_sub 1200 : OOB 0.2966 : L 41 : T 44.3 sec
 - d_sub 1200 : OOB 0.2986 : L 42 : T 45.0 sec
 - d_sub 1200 : OOB 0.2977 : L 43 : T 45.6 sec
 - d_sub 1200 : OOB 0.2970 : L 44 : T 46.6 sec
 - d_sub 1200 : OOB 0.2980 : L 45 : T 47.8 sec
 - d_sub 1200 : OOB 0.2994 : L 46 : T 48.8 sec
 - d_sub 1200 : OOB 0.3009 : L 47 : T 49.4 sec
 - d_sub 1200 : OOB 0.2990 : L 48 : T 50.6 sec
 - d_sub 1200 : OOB 0.2983 : L 49 : T 51.5 sec
 - d_sub 1200 : OOB 0.2991 : L 50 : T 52.0 sec
 - d_sub 1200 : OOB 0.3009 : L 51 : T 53.0 sec
 - d_sub 1200 : OOB 0.3004 : L 52 : T 53.3 sec
 - d_sub 1200 : OOB 0.3001 : L 53 : T 54.0 sec
 - d_sub 1200 : OOB 0.2992 : L 54 : T 55.9 sec
 - d_sub 1200 : OOB 0.2967 : L 55 : T 56.6 sec
 - d_sub 1200 : OOB 0.2977 : L 56 : T 56.8 sec
 - d_sub 1200 : OOB 0.2972 : L 57 : T 57.8 sec
 - d_sub 1200 : OOB 0.2995 : L 58 : T 60.0 sec
 - d_sub 1200 : OOB 0.2966 : L 59 : T 60.8 sec
 - d_sub 1200 : OOB 0.2957 : L 60 : T 61.8 sec
 - d_sub 1200 : OOB 0.2965 : L 61 : T 62.7 sec
 - d_sub 1200 : OOB 0.2958 : L 62 : T 63.6 sec
 - d_sub 1200 : OOB 0.2953 : L 63 : T 64.3 sec
 - d_sub 1200 : OOB 0.2951 : L 64 : T 65.5 sec
 - d_sub 1200 : OOB 0.2942 : L 65 : T 66.6 sec
 - d_sub 1200 : OOB 0.2944 : L 66 : T 69.2 sec
 - d_sub 1200 : OOB 0.2949 : L 67 : T 70.3 sec
 - d_sub 1200 : OOB 0.2935 : L 68 : T 71.4 sec
 - d_sub 1200 : OOB 0.2936 : L 69 : T 72.5 sec
 - d_sub 1200 : OOB 0.2929 : L 70 : T 74.2 sec
 - d_sub 1200 : OOB 0.2939 : L 71 : T 74.5 sec
 - d_sub 1200 : OOB 0.2945 : L 72 : T 75.6 sec
 - d_sub 1200 : OOB 0.2941 : L 73 : T 76.3 sec
 - d_sub 1200 : OOB 0.2957 : L 74 : T 77.0 sec
 - d_sub 1200 : OOB 0.2962 : L 75 : T 77.7 sec
 - d_sub 1200 : OOB 0.2945 : L 76 : T 78.9 sec
 - d_sub 1200 : OOB 0.2959 : L 77 : T 80.8 sec
 - d_sub 1200 : OOB 0.2950 : L 78 : T 83.0 sec
 - d_sub 1200 : OOB 0.2958 : L 79 : T 83.2 sec
 - d_sub 1200 : OOB 0.2969 : L 80 : T 84.4 sec
 - d_sub 1200 : OOB 0.2978 : L 81 : T 85.5 sec
 - d_sub 1200 : OOB 0.2967 : L 82 : T 85.7 sec
 - d_sub 1200 : OOB 0.2982 : L 83 : T 88.9 sec
 - d_sub 1200 : OOB 0.2968 : L 84 : T 90.7 sec
 - d_sub 1200 : OOB 0.2965 : L 85 : T 90.9 sec
 - d_sub 1200 : OOB 0.2973 : L 86 : T 92.1 sec
 - d_sub 1200 : OOB 0.2945 : L 87 : T 93.9 sec
 - d_sub 1200 : OOB 0.2945 : L 88 : T 96.4 sec
 - d_sub 1200 : OOB 0.2943 : L 89 : T 96.6 sec
 - d_sub 1200 : OOB 0.2945 : L 90 : T 98.9 sec
 - d_sub 1200 : OOB 0.2960 : L 91 : T 99.1 sec
 - d_sub 1200 : OOB 0.2962 : L 92 : T 101.4 sec
 - d_sub 1200 : OOB 0.2941 : L 93 : T 101.7 sec
 - d_sub 1200 : OOB 0.2936 : L 94 : T 104.0 sec
 - d_sub 1200 : OOB 0.2927 : L 95 : T 104.3 sec
 - d_sub 1200 : OOB 0.2954 : L 96 : T 105.4 sec
 - d_sub 1200 : OOB 0.2953 : L 97 : T 107.6 sec
 - d_sub 1200 : OOB 0.2943 : L 98 : T 108.9 sec
 - d_sub 1200 : OOB 0.2939 : L 99 : T 109.9 sec
 - d_sub 1200 : OOB 0.2950 : L 100 : T 110.1 sec
 - d_sub 1200 : OOB 0.2948 : L 101 : T 111.5 sec
 - d_sub 1200 : OOB 0.2959 : L 102 : T 113.8 sec

 - d_sub 1400 : OOB 0.4427 : L 1 : T 0.3 sec
 - d_sub 1400 : OOB 0.4060 : L 2 : T 1.7 sec
 - d_sub 1400 : OOB 0.3868 : L 3 : T 4.4 sec
 - d_sub 1400 : OOB 0.3757 : L 4 : T 7.1 sec
 - d_sub 1400 : OOB 0.3596 : L 5 : T 9.1 sec
 - d_sub 1400 : OOB 0.3559 : L 6 : T 11.4 sec
 - d_sub 1400 : OOB 0.3440 : L 7 : T 12.2 sec
 - d_sub 1400 : OOB 0.3375 : L 8 : T 14.4 sec
 - d_sub 1400 : OOB 0.3335 : L 9 : T 15.4 sec
 - d_sub 1400 : OOB 0.3322 : L 10 : T 17.5 sec
 - d_sub 1400 : OOB 0.3234 : L 11 : T 18.9 sec
 - d_sub 1400 : OOB 0.3228 : L 12 : T 20.0 sec
 - d_sub 1400 : OOB 0.3227 : L 13 : T 21.9 sec
 - d_sub 1400 : OOB 0.3183 : L 14 : T 24.4 sec
 - d_sub 1400 : OOB 0.3224 : L 15 : T 26.6 sec
 - d_sub 1400 : OOB 0.3181 : L 16 : T 28.5 sec
 - d_sub 1400 : OOB 0.3179 : L 17 : T 29.7 sec
 - d_sub 1400 : OOB 0.3179 : L 18 : T 31.7 sec
 - d_sub 1400 : OOB 0.3157 : L 19 : T 33.7 sec
 - d_sub 1400 : OOB 0.3136 : L 20 : T 35.3 sec
 - d_sub 1400 : OOB 0.3098 : L 21 : T 37.0 sec
 - d_sub 1400 : OOB 0.3121 : L 22 : T 38.7 sec
 - d_sub 1400 : OOB 0.3132 : L 23 : T 40.9 sec
 - d_sub 1400 : OOB 0.3095 : L 24 : T 42.2 sec
 - d_sub 1400 : OOB 0.3094 : L 25 : T 45.1 sec
 - d_sub 1400 : OOB 0.3104 : L 26 : T 47.9 sec
 - d_sub 1400 : OOB 0.3095 : L 27 : T 49.0 sec
 - d_sub 1400 : OOB 0.3073 : L 28 : T 49.9 sec
 - d_sub 1400 : OOB 0.3067 : L 29 : T 51.3 sec
 - d_sub 1400 : OOB 0.3079 : L 30 : T 52.4 sec
 - d_sub 1400 : OOB 0.3064 : L 31 : T 54.2 sec
 - d_sub 1400 : OOB 0.3029 : L 32 : T 56.7 sec
 - d_sub 1400 : OOB 0.3032 : L 33 : T 57.9 sec
 - d_sub 1400 : OOB 0.3044 : L 34 : T 60.0 sec
 - d_sub 1400 : OOB 0.3013 : L 35 : T 62.7 sec
 - d_sub 1400 : OOB 0.3004 : L 36 : T 63.9 sec
 - d_sub 1400 : OOB 0.3021 : L 37 : T 65.2 sec
 - d_sub 1400 : OOB 0.3011 : L 38 : T 68.0 sec
 - d_sub 1400 : OOB 0.2999 : L 39 : T 71.0 sec
 - d_sub 1400 : OOB 0.2984 : L 40 : T 73.1 sec
 - d_sub 1400 : OOB 0.2980 : L 41 : T 75.4 sec
 - d_sub 1400 : OOB 0.2970 : L 42 : T 76.6 sec
 - d_sub 1400 : OOB 0.2982 : L 43 : T 79.7 sec
 - d_sub 1400 : OOB 0.2976 : L 44 : T 81.6 sec
 - d_sub 1400 : OOB 0.2969 : L 45 : T 83.0 sec
 - d_sub 1400 : OOB 0.2994 : L 46 : T 85.7 sec
 - d_sub 1400 : OOB 0.2975 : L 47 : T 88.0 sec
 - d_sub 1400 : OOB 0.2994 : L 48 : T 89.4 sec
 - d_sub 1400 : OOB 0.2986 : L 49 : T 91.4 sec
 - d_sub 1400 : OOB 0.2985 : L 50 : T 93.6 sec
 - d_sub 1400 : OOB 0.2998 : L 51 : T 94.7 sec
 - d_sub 1400 : OOB 0.2985 : L 52 : T 97.9 sec
 - d_sub 1400 : OOB 0.2980 : L 53 : T 99.2 sec
 - d_sub 1400 : OOB 0.2989 : L 54 : T 100.1 sec
 - d_sub 1400 : OOB 0.2971 : L 55 : T 101.7 sec
 - d_sub 1400 : OOB 0.2967 : L 56 : T 102.9 sec
 - d_sub 1400 : OOB 0.2968 : L 57 : T 104.1 sec
 - d_sub 1400 : OOB 0.2977 : L 58 : T 105.3 sec
 - d_sub 1400 : OOB 0.2965 : L 59 : T 106.8 sec
 - d_sub 1400 : OOB 0.2967 : L 60 : T 109.0 sec
 - d_sub 1400 : OOB 0.2970 : L 61 : T 110.8 sec
 - d_sub 1400 : OOB 0.2991 : L 62 : T 112.0 sec
 - d_sub 1400 : OOB 0.2981 : L 63 : T 113.0 sec
 - d_sub 1400 : OOB 0.2972 : L 64 : T 114.4 sec
 - d_sub 1400 : OOB 0.2975 : L 65 : T 116.4 sec
 - d_sub 1400 : OOB 0.2962 : L 66 : T 117.5 sec
 - d_sub 1400 : OOB 0.2960 : L 67 : T 119.7 sec
 - d_sub 1400 : OOB 0.2953 : L 68 : T 120.9 sec
 - d_sub 1400 : OOB 0.2955 : L 69 : T 122.3 sec
 - d_sub 1400 : OOB 0.2963 : L 70 : T 124.5 sec
 - d_sub 1400 : OOB 0.2952 : L 71 : T 125.9 sec
 - d_sub 1400 : OOB 0.2966 : L 72 : T 128.4 sec
 - d_sub 1400 : OOB 0.2956 : L 73 : T 130.3 sec
 - d_sub 1400 : OOB 0.2949 : L 74 : T 131.6 sec
 - d_sub 1400 : OOB 0.2950 : L 75 : T 131.9 sec
 - d_sub 1400 : OOB 0.2950 : L 76 : T 134.8 sec
 - d_sub 1400 : OOB 0.2940 : L 77 : T 137.6 sec
 - d_sub 1400 : OOB 0.2949 : L 78 : T 138.6 sec
 - d_sub 1400 : OOB 0.2955 : L 79 : T 140.6 sec
 - d_sub 1400 : OOB 0.2956 : L 80 : T 140.9 sec
 - d_sub 1400 : OOB 0.2960 : L 81 : T 144.1 sec
 - d_sub 1400 : OOB 0.2949 : L 82 : T 145.4 sec
 - d_sub 1400 : OOB 0.2944 : L 83 : T 146.4 sec
 - d_sub 1400 : OOB 0.2945 : L 84 : T 147.7 sec
 - d_sub 1400 : OOB 0.2949 : L 85 : T 149.8 sec
 - d_sub 1400 : OOB 0.2955 : L 86 : T 151.0 sec
 - d_sub 1400 : OOB 0.2951 : L 87 : T 152.1 sec

 - d_sub 900 : OOB 0.4415 : L 1 : T 0.2 sec
 - d_sub 900 : OOB 0.4011 : L 2 : T 1.4 sec
 - d_sub 900 : OOB 0.3835 : L 3 : T 2.4 sec
 - d_sub 900 : OOB 0.3709 : L 4 : T 2.6 sec
 - d_sub 900 : OOB 0.3549 : L 5 : T 4.6 sec
 - d_sub 900 : OOB 0.3522 : L 6 : T 7.3 sec
 - d_sub 900 : OOB 0.3439 : L 7 : T 7.5 sec
 - d_sub 900 : OOB 0.3362 : L 8 : T 9.9 sec
 - d_sub 900 : OOB 0.3346 : L 9 : T 10.1 sec
 - d_sub 900 : OOB 0.3336 : L 10 : T 11.4 sec
 - d_sub 900 : OOB 0.3281 : L 11 : T 11.6 sec
 - d_sub 900 : OOB 0.3280 : L 12 : T 12.8 sec
 - d_sub 900 : OOB 0.3226 : L 13 : T 13.0 sec
 - d_sub 900 : OOB 0.3201 : L 14 : T 14.2 sec
 - d_sub 900 : OOB 0.3193 : L 15 : T 15.4 sec
 - d_sub 900 : OOB 0.3186 : L 16 : T 15.5 sec
 - d_sub 900 : OOB 0.3155 : L 17 : T 16.5 sec
 - d_sub 900 : OOB 0.3142 : L 18 : T 16.7 sec
 - d_sub 900 : OOB 0.3151 : L 19 : T 17.8 sec
 - d_sub 900 : OOB 0.3127 : L 20 : T 18.0 sec
 - d_sub 900 : OOB 0.3121 : L 21 : T 19.0 sec
 - d_sub 900 : OOB 0.3135 : L 22 : T 20.0 sec
 - d_sub 900 : OOB 0.3124 : L 23 : T 22.1 sec
 - d_sub 900 : OOB 0.3136 : L 24 : T 22.3 sec
 - d_sub 900 : OOB 0.3122 : L 25 : T 23.4 sec
 - d_sub 900 : OOB 0.3096 : L 26 : T 23.6 sec
 - d_sub 900 : OOB 0.3081 : L 27 : T 24.8 sec
 - d_sub 900 : OOB 0.3068 : L 28 : T 26.0 sec
 - d_sub 900 : OOB 0.3066 : L 29 : T 26.8 sec
 - d_sub 900 : OOB 0.3066 : L 30 : T 26.9 sec
 - d_sub 900 : OOB 0.3069 : L 31 : T 28.1 sec
 - d_sub 900 : OOB 0.3083 : L 32 : T 29.7 sec
 - d_sub 900 : OOB 0.3047 : L 33 : T 29.9 sec
 - d_sub 900 : OOB 0.3034 : L 34 : T 31.2 sec
 - d_sub 900 : OOB 0.3057 : L 35 : T 32.2 sec
 - d_sub 900 : OOB 0.3037 : L 36 : T 34.0 sec
 - d_sub 900 : OOB 0.3065 : L 37 : T 34.2 sec
 - d_sub 900 : OOB 0.3070 : L 38 : T 35.4 sec
 - d_sub 900 : OOB 0.3060 : L 39 : T 36.3 sec
 - d_sub 900 : OOB 0.3037 : L 40 : T 36.5 sec
 - d_sub 900 : OOB 0.3042 : L 41 : T 37.4 sec
 - d_sub 900 : OOB 0.3048 : L 42 : T 37.6 sec
 - d_sub 900 : OOB 0.3059 : L 43 : T 38.6 sec
 - d_sub 900 : OOB 0.3049 : L 44 : T 38.8 sec
 - d_sub 900 : OOB 0.3030 : L 45 : T 40.1 sec
 - d_sub 900 : OOB 0.3047 : L 46 : T 40.3 sec
 - d_sub 900 : OOB 0.3031 : L 47 : T 42.2 sec
 - d_sub 900 : OOB 0.3039 : L 48 : T 42.4 sec
 - d_sub 900 : OOB 0.3035 : L 49 : T 43.4 sec
 - d_sub 900 : OOB 0.3039 : L 50 : T 43.6 sec
 - d_sub 900 : OOB 0.3020 : L 51 : T 46.4 sec
 - d_sub 900 : OOB 0.3023 : L 52 : T 46.5 sec
 - d_sub 900 : OOB 0.3015 : L 53 : T 47.6 sec
 - d_sub 900 : OOB 0.3010 : L 54 : T 47.8 sec
 - d_sub 900 : OOB 0.3028 : L 55 : T 48.9 sec
 - d_sub 900 : OOB 0.3007 : L 56 : T 50.0 sec
 - d_sub 900 : OOB 0.3016 : L 57 : T 51.0 sec
 - d_sub 900 : OOB 0.3011 : L 58 : T 52.0 sec
 - d_sub 900 : OOB 0.3011 : L 59 : T 52.1 sec
 - d_sub 900 : OOB 0.3040 : L 60 : T 53.1 sec
 - d_sub 900 : OOB 0.3027 : L 61 : T 55.1 sec
 - d_sub 900 : OOB 0.3008 : L 62 : T 55.2 sec
 - d_sub 900 : OOB 0.3011 : L 63 : T 56.9 sec
 - d_sub 900 : OOB 0.3028 : L 64 : T 57.0 sec
 - d_sub 900 : OOB 0.3028 : L 65 : T 58.0 sec
 - d_sub 900 : OOB 0.3017 : L 66 : T 58.7 sec
 - d_sub 900 : OOB 0.3019 : L 67 : T 59.4 sec
 - d_sub 900 : OOB 0.3022 : L 68 : T 60.5 sec
 - d_sub 900 : OOB 0.3026 : L 69 : T 60.7 sec
 - d_sub 900 : OOB 0.3011 : L 70 : T 61.3 sec
 - d_sub 900 : OOB 0.2993 : L 71 : T 62.4 sec
 - d_sub 900 : OOB 0.3024 : L 72 : T 62.6 sec
 - d_sub 900 : OOB 0.3027 : L 73 : T 65.2 sec
 - d_sub 900 : OOB 0.3014 : L 74 : T 65.3 sec
 - d_sub 900 : OOB 0.3018 : L 75 : T 66.4 sec
 - d_sub 900 : OOB 0.3024 : L 76 : T 67.5 sec
 - d_sub 900 : OOB 0.3008 : L 77 : T 69.0 sec
 - d_sub 900 : OOB 0.2999 : L 78 : T 69.1 sec
 - d_sub 900 : OOB 0.3018 : L 79 : T 70.2 sec

 - d_sub 1100 : OOB 0.4392 : L 1 : T 1.2 sec
 - d_sub 1100 : OOB 0.4028 : L 2 : T 1.4 sec
 - d_sub 1100 : OOB 0.3832 : L 3 : T 2.1 sec
 - d_sub 1100 : OOB 0.3680 : L 4 : T 3.2 sec
 - d_sub 1100 : OOB 0.3533 : L 5 : T 5.1 sec
 - d_sub 1100 : OOB 0.3500 : L 6 : T 5.3 sec
 - d_sub 1100 : OOB 0.3400 : L 7 : T 5.9 sec
 - d_sub 1100 : OOB 0.3348 : L 8 : T 6.6 sec
 - d_sub 1100 : OOB 0.3338 : L 9 : T 6.9 sec
 - d_sub 1100 : OOB 0.3269 : L 10 : T 7.5 sec
 - d_sub 1100 : OOB 0.3233 : L 11 : T 8.7 sec
 - d_sub 1100 : OOB 0.3204 : L 12 : T 12.0 sec
 - d_sub 1100 : OOB 0.3176 : L 13 : T 12.2 sec
 - d_sub 1100 : OOB 0.3198 : L 14 : T 14.0 sec
 - d_sub 1100 : OOB 0.3169 : L 15 : T 14.2 sec
 - d_sub 1100 : OOB 0.3168 : L 16 : T 14.5 sec
 - d_sub 1100 : OOB 0.3132 : L 17 : T 15.7 sec
 - d_sub 1100 : OOB 0.3106 : L 18 : T 15.9 sec
 - d_sub 1100 : OOB 0.3115 : L 19 : T 16.9 sec
 - d_sub 1100 : OOB 0.3107 : L 20 : T 17.1 sec
 - d_sub 1100 : OOB 0.3089 : L 21 : T 18.2 sec
 - d_sub 1100 : OOB 0.3093 : L 22 : T 18.4 sec
 - d_sub 1100 : OOB 0.3104 : L 23 : T 18.6 sec
 - d_sub 1100 : OOB 0.3082 : L 24 : T 19.9 sec
 - d_sub 1100 : OOB 0.3064 : L 25 : T 21.7 sec
 - d_sub 1100 : OOB 0.3083 : L 26 : T 21.9 sec
 - d_sub 1100 : OOB 0.3084 : L 27 : T 22.1 sec
 - d_sub 1100 : OOB 0.3093 : L 28 : T 24.6 sec
 - d_sub 1100 : OOB 0.3058 : L 29 : T 24.8 sec
 - d_sub 1100 : OOB 0.3073 : L 30 : T 25.1 sec
 - d_sub 1100 : OOB 0.3068 : L 31 : T 26.4 sec
 - d_sub 1100 : OOB 0.3069 : L 32 : T 27.7 sec
 - d_sub 1100 : OOB 0.3069 : L 33 : T 27.9 sec
 - d_sub 1100 : OOB 0.3090 : L 34 : T 28.1 sec
 - d_sub 1100 : OOB 0.3062 : L 35 : T 29.2 sec
 - d_sub 1100 : OOB 0.3047 : L 36 : T 29.4 sec
 - d_sub 1100 : OOB 0.3035 : L 37 : T 29.6 sec
 - d_sub 1100 : OOB 0.3045 : L 38 : T 30.6 sec
 - d_sub 1100 : OOB 0.3038 : L 39 : T 31.7 sec
 - d_sub 1100 : OOB 0.3047 : L 40 : T 32.8 sec
 - d_sub 1100 : OOB 0.3044 : L 41 : T 40.2 sec
 - d_sub 1100 : OOB 0.3024 : L 42 : T 42.1 sec
 - d_sub 1100 : OOB 0.3024 : L 43 : T 43.4 sec
 - d_sub 1100 : OOB 0.3035 : L 44 : T 44.7 sec
 - d_sub 1100 : OOB 0.3030 : L 45 : T 44.9 sec
 - d_sub 1100 : OOB 0.2999 : L 46 : T 46.0 sec
 - d_sub 1100 : OOB 0.2990 : L 47 : T 46.2 sec
 - d_sub 1100 : OOB 0.2990 : L 48 : T 46.7 sec
 - d_sub 1100 : OOB 0.2981 : L 49 : T 46.9 sec
 - d_sub 1100 : OOB 0.2974 : L 50 : T 47.1 sec
 - d_sub 1100 : OOB 0.2974 : L 51 : T 47.4 sec
 - d_sub 1100 : OOB 0.2974 : L 52 : T 48.0 sec
 - d_sub 1100 : OOB 0.2963 : L 53 : T 48.4 sec
 - d_sub 1100 : OOB 0.2963 : L 54 : T 48.6 sec
 - d_sub 1100 : OOB 0.2956 : L 55 : T 48.8 sec
 - d_sub 1100 : OOB 0.2967 : L 56 : T 49.0 sec
 - d_sub 1100 : OOB 0.2974 : L 57 : T 49.1 sec
 - d_sub 1100 : OOB 0.2960 : L 58 : T 49.3 sec
 - d_sub 1100 : OOB 0.2978 : L 59 : T 49.5 sec
 - d_sub 1100 : OOB 0.2982 : L 60 : T 49.7 sec
 - d_sub 1100 : OOB 0.2961 : L 61 : T 49.9 sec
 - d_sub 1100 : OOB 0.2980 : L 62 : T 50.1 sec
 - d_sub 1100 : OOB 0.2977 : L 63 : T 50.3 sec
 - d_sub 1100 : OOB 0.2967 : L 64 : T 50.5 sec
 - d_sub 1100 : OOB 0.2955 : L 65 : T 50.7 sec
 - d_sub 1100 : OOB 0.2974 : L 66 : T 50.9 sec
 - d_sub 1100 : OOB 0.2951 : L 67 : T 51.1 sec
 - d_sub 1100 : OOB 0.2946 : L 68 : T 51.3 sec
 - d_sub 1100 : OOB 0.2945 : L 69 : T 51.5 sec
 - d_sub 1100 : OOB 0.2953 : L 70 : T 51.7 sec
 - d_sub 1100 : OOB 0.2976 : L 71 : T 51.9 sec
 - d_sub 1100 : OOB 0.2956 : L 72 : T 52.1 sec
 - d_sub 1100 : OOB 0.2956 : L 73 : T 52.2 sec
 - d_sub 1100 : OOB 0.2948 : L 74 : T 52.4 sec
 - d_sub 1100 : OOB 0.2946 : L 75 : T 52.8 sec
 - d_sub 1100 : OOB 0.2938 : L 76 : T 52.9 sec
 - d_sub 1100 : OOB 0.2933 : L 77 : T 53.1 sec
 - d_sub 1100 : OOB 0.2952 : L 78 : T 53.3 sec
 - d_sub 1100 : OOB 0.2943 : L 79 : T 53.5 sec
 - d_sub 1100 : OOB 0.2943 : L 80 : T 53.8 sec
 - d_sub 1100 : OOB 0.2940 : L 81 : T 53.9 sec
 - d_sub 1100 : OOB 0.2928 : L 82 : T 54.1 sec
 - d_sub 1100 : OOB 0.2942 : L 83 : T 54.3 sec
 - d_sub 1100 : OOB 0.2934 : L 84 : T 54.5 sec
 - d_sub 1100 : OOB 0.2948 : L 85 : T 54.7 sec
 - d_sub 1100 : OOB 0.2949 : L 86 : T 54.9 sec
 - d_sub 1100 : OOB 0.2931 : L 87 : T 55.1 sec
 - d_sub 1100 : OOB 0.2931 : L 88 : T 55.3 sec
 - d_sub 1100 : OOB 0.2910 : L 89 : T 55.5 sec
 - d_sub 1100 : OOB 0.2929 : L 90 : T 55.7 sec
 - d_sub 1100 : OOB 0.2918 : L 91 : T 55.9 sec
 - d_sub 1100 : OOB 0.2929 : L 92 : T 56.1 sec
 - d_sub 1100 : OOB 0.2932 : L 93 : T 56.2 sec
 - d_sub 1100 : OOB 0.2920 : L 94 : T 56.4 sec
 - d_sub 1100 : OOB 0.2933 : L 95 : T 56.6 sec
 - d_sub 1100 : OOB 0.2930 : L 96 : T 56.8 sec
 - d_sub 1100 : OOB 0.2923 : L 97 : T 57.0 sec
 - d_sub 1100 : OOB 0.2933 : L 98 : T 57.2 sec
 - d_sub 1100 : OOB 0.2916 : L 99 : T 57.4 sec
 - d_sub 1100 : OOB 0.2924 : L 100 : T 57.6 sec
 - d_sub 1100 : OOB 0.2942 : L 101 : T 57.8 sec
 - d_sub 1100 : OOB 0.2945 : L 102 : T 57.9 sec
 - d_sub 1100 : OOB 0.2939 : L 103 : T 58.1 sec
 - d_sub 1100 : OOB 0.2934 : L 104 : T 58.3 sec
 - d_sub 1100 : OOB 0.2939 : L 105 : T 58.5 sec
 - d_sub 1100 : OOB 0.2936 : L 106 : T 58.7 sec
 - d_sub 1100 : OOB 0.2932 : L 107 : T 58.9 sec
 - d_sub 1100 : OOB 0.2943 : L 108 : T 59.1 sec
 - d_sub 1100 : OOB 0.2930 : L 109 : T 59.2 sec
 - d_sub 1100 : OOB 0.2934 : L 110 : T 59.4 sec
# -------------------------
optimal d_sub 1000 : OOB 0.2922 : L 108 : T 555.7 sec
Testing error: 0.2909
# -------------------------
# Ensemble classification
#  - Training samples: 10000 (5000/5000)
#  - Feature-space dimensionality: 18157
#  - L : automatic (min 25, max 500, length 50, eps 0.00500)
#  - d_sub : 300
#  - Seed 1 (subspaces) : 84521218
#  - Seed 2 (bootstrap) : 952882492
# -------------------------

 - d_sub 300 : OOB 0.4478 : L 1 : T 0.0 sec
 - d_sub 300 : OOB 0.4124 : L 2 : T 0.1 sec
 - d_sub 300 : OOB 0.3948 : L 3 : T 0.1 sec
 - d_sub 300 : OOB 0.3872 : L 4 : T 0.2 sec
 - d_sub 300 : OOB 0.3754 : L 5 : T 0.2 sec
 - d_sub 300 : OOB 0.3689 : L 6 : T 0.2 sec
 - d_sub 300 : OOB 0.3626 : L 7 : T 0.3 sec
 - d_sub 300 : OOB 0.3553 : L 8 : T 0.3 sec
 - d_sub 300 : OOB 0.3540 : L 9 : T 0.4 sec
 - d_sub 300 : OOB 0.3534 : L 10 : T 0.4 sec
 - d_sub 300 : OOB 0.3462 : L 11 : T 0.4 sec
 - d_sub 300 : OOB 0.3485 : L 12 : T 0.5 sec
 - d_sub 300 : OOB 0.3493 : L 13 : T 0.5 sec
 - d_sub 300 : OOB 0.3415 : L 14 : T 0.6 sec
 - d_sub 300 : OOB 0.3457 : L 15 : T 0.6 sec
 - d_sub 300 : OOB 0.3449 : L 16 : T 0.6 sec
 - d_sub 300 : OOB 0.3428 : L 17 : T 0.7 sec
 - d_sub 300 : OOB 0.3384 : L 18 : T 0.7 sec
 - d_sub 300 : OOB 0.3378 : L 19 : T 0.8 sec
 - d_sub 300 : OOB 0.3368 : L 20 : T 0.8 sec
 - d_sub 300 : OOB 0.3385 : L 21 : T 0.8 sec
 - d_sub 300 : OOB 0.3365 : L 22 : T 0.9 sec
 - d_sub 300 : OOB 0.3370 : L 23 : T 0.9 sec
 - d_sub 300 : OOB 0.3380 : L 24 : T 1.0 sec
 - d_sub 300 : OOB 0.3383 : L 25 : T 1.0 sec
 - d_sub 300 : OOB 0.3378 : L 26 : T 1.0 sec
 - d_sub 300 : OOB 0.3379 : L 27 : T 1.1 sec
 - d_sub 300 : OOB 0.3381 : L 28 : T 1.1 sec
 - d_sub 300 : OOB 0.3378 : L 29 : T 1.2 sec
 - d_sub 300 : OOB 0.3393 : L 30 : T 1.2 sec
 - d_sub 300 : OOB 0.3359 : L 31 : T 1.2 sec
 - d_sub 300 : OOB 0.3350 : L 32 : T 1.3 sec
 - d_sub 300 : OOB 0.3363 : L 33 : T 1.3 sec
 - d_sub 300 : OOB 0.3377 : L 34 : T 1.4 sec
 - d_sub 300 : OOB 0.3370 : L 35 : T 1.4 sec
 - d_sub 300 : OOB 0.3363 : L 36 : T 1.4 sec
 - d_sub 300 : OOB 0.3333 : L 37 : T 1.5 sec
 - d_sub 300 : OOB 0.3334 : L 38 : T 1.5 sec
 - d_sub 300 : OOB 0.3361 : L 39 : T 1.6 sec
 - d_sub 300 : OOB 0.3357 : L 40 : T 1.6 sec
 - d_sub 300 : OOB 0.3350 : L 41 : T 1.6 sec
 - d_sub 300 : OOB 0.3336 : L 42 : T 1.7 sec
 - d_sub 300 : OOB 0.3362 : L 43 : T 1.7 sec
 - d_sub 300 : OOB 0.3344 : L 44 : T 1.8 sec
 - d_sub 300 : OOB 0.3340 : L 45 : T 1.8 sec
 - d_sub 300 : OOB 0.3337 : L 46 : T 1.8 sec
 - d_sub 300 : OOB 0.3352 : L 47 : T 1.9 sec
 - d_sub 300 : OOB 0.3356 : L 48 : T 1.9 sec
 - d_sub 300 : OOB 0.3359 : L 49 : T 2.0 sec
 - d_sub 300 : OOB 0.3353 : L 50 : T 2.0 sec
 - d_sub 300 : OOB 0.3374 : L 51 : T 2.0 sec
 - d_sub 300 : OOB 0.3356 : L 52 : T 2.1 sec
 - d_sub 300 : OOB 0.3363 : L 53 : T 2.1 sec
 - d_sub 300 : OOB 0.3362 : L 54 : T 2.2 sec
 - d_sub 300 : OOB 0.3358 : L 55 : T 2.2 sec
 - d_sub 300 : OOB 0.3326 : L 56 : T 2.2 sec
 - d_sub 300 : OOB 0.3321 : L 57 : T 2.3 sec
 - d_sub 300 : OOB 0.3317 : L 58 : T 2.3 sec
 - d_sub 300 : OOB 0.3316 : L 59 : T 2.4 sec
 - d_sub 300 : OOB 0.3327 : L 60 : T 2.4 sec
 - d_sub 300 : OOB 0.3337 : L 61 : T 2.4 sec
 - d_sub 300 : OOB 0.3328 : L 62 : T 2.5 sec
 - d_sub 300 : OOB 0.3341 : L 63 : T 2.5 sec
 - d_sub 300 : OOB 0.3328 : L 64 : T 2.5 sec
 - d_sub 300 : OOB 0.3321 : L 65 : T 2.6 sec
 - d_sub 300 : OOB 0.3342 : L 66 : T 2.6 sec
 - d_sub 300 : OOB 0.3327 : L 67 : T 2.7 sec
 - d_sub 300 : OOB 0.3337 : L 68 : T 2.7 sec
 - d_sub 300 : OOB 0.3341 : L 69 : T 2.7 sec
 - d_sub 300 : OOB 0.3319 : L 70 : T 2.8 sec
 - d_sub 300 : OOB 0.3328 : L 71 : T 2.8 sec
 - d_sub 300 : OOB 0.3322 : L 72 : T 2.9 sec
 - d_sub 300 : OOB 0.3330 : L 73 : T 2.9 sec
 - d_sub 300 : OOB 0.3335 : L 74 : T 2.9 sec
 - d_sub 300 : OOB 0.3322 : L 75 : T 3.0 sec
 - d_sub 300 : OOB 0.3321 : L 76 : T 3.0 sec
 - d_sub 300 : OOB 0.3321 : L 77 : T 3.1 sec
 - d_sub 300 : OOB 0.3325 : L 78 : T 3.1 sec
# -------------------------
optimal d_sub 300 : OOB 0.3325 : L 78 : T 3.1 sec
# -------------------------
# Ensemble classification
#  - Training samples: 10000 (5000/5000)
#  - Feature-space dimensionality: 18157
#  - L : 30
#  - d_sub : 300
#  - Seed 1 (subspaces) : 168302224
#  - Seed 2 (bootstrap) : 347523099
# -------------------------

 - d_sub 300 : OOB 0.4495 : L 1 : T 0.0 sec
 - d_sub 300 : OOB 0.4168 : L 2 : T 0.1 sec
 - d_sub 300 : OOB 0.4001 : L 3 : T 0.1 sec
 - d_sub 300 : OOB 0.3888 : L 4 : T 0.2 sec
 - d_sub 300 : OOB 0.3783 : L 5 : T 0.2 sec
 - d_sub 300 : OOB 0.3765 : L 6 : T 0.2 sec
 - d_sub 300 : OOB 0.3663 : L 7 : T 0.3 sec
 - d_sub 300 : OOB 0.3618 : L 8 : T 0.3 sec
 - d_sub 300 : OOB 0.3596 : L 9 : T 0.4 sec
 - d_sub 300 : OOB 0.3596 : L 10 : T 0.4 sec
 - d_sub 300 : OOB 0.3558 : L 11 : T 0.4 sec
 - d_sub 300 : OOB 0.3534 : L 12 : T 0.5 sec
 - d_sub 300 : OOB 0.3530 : L 13 : T 0.5 sec
 - d_sub 300 : OOB 0.3506 : L 14 : T 0.6 sec
 - d_sub 300 : OOB 0.3507 : L 15 : T 0.6 sec
 - d_sub 300 : OOB 0.3476 : L 16 : T 0.6 sec
 - d_sub 300 : OOB 0.3457 : L 17 : T 0.7 sec
 - d_sub 300 : OOB 0.3462 : L 18 : T 0.7 sec
 - d_sub 300 : OOB 0.3468 : L 19 : T 0.8 sec
 - d_sub 300 : OOB 0.3449 : L 20 : T 0.8 sec
 - d_sub 300 : OOB 0.3428 : L 21 : T 0.8 sec
 - d_sub 300 : OOB 0.3439 : L 22 : T 0.9 sec
 - d_sub 300 : OOB 0.3418 : L 23 : T 0.9 sec
 - d_sub 300 : OOB 0.3439 : L 24 : T 0.9 sec
 - d_sub 300 : OOB 0.3418 : L 25 : T 1.0 sec
 - d_sub 300 : OOB 0.3384 : L 26 : T 1.0 sec
 - d_sub 300 : OOB 0.3393 : L 27 : T 1.1 sec
 - d_sub 300 : OOB 0.3369 : L 28 : T 1.1 sec
 - d_sub 300 : OOB 0.3366 : L 29 : T 1.1 sec
 - d_sub 300 : OOB 0.3358 : L 30 : T 1.2 sec
# -------------------------
optimal d_sub 300 : OOB 0.3358 : L 30 : T 1.2 sec
# -------------------------
# Ensemble classification
#  - Training samples: 10000 (5000/5000)
#  - Feature-space dimensionality: 18157
#  - L : 30
#  - d_sub : 300
#  - Seed 1 (subspaces) : 455518705
#  - Seed 2 (bootstrap) : 267245716
# -------------------------

 - d_sub 300 : OOB 0.4508 : L 1 : T 0.0 sec
 - d_sub 300 : OOB 0.4225 : L 2 : T 0.1 sec
 - d_sub 300 : OOB 0.4043 : L 3 : T 0.1 sec
 - d_sub 300 : OOB 0.3923 : L 4 : T 0.2 sec
 - d_sub 300 : OOB 0.3773 : L 5 : T 0.2 sec
 - d_sub 300 : OOB 0.3774 : L 6 : T 0.2 sec
 - d_sub 300 : OOB 0.3650 : L 7 : T 0.3 sec
 - d_sub 300 : OOB 0.3627 : L 8 : T 0.3 sec
 - d_sub 300 : OOB 0.3605 : L 9 : T 0.4 sec
 - d_sub 300 : OOB 0.3554 : L 10 : T 0.4 sec
 - d_sub 300 : OOB 0.3532 : L 11 : T 0.4 sec
 - d_sub 300 : OOB 0.3497 : L 12 : T 0.5 sec
 - d_sub 300 : OOB 0.3510 : L 13 : T 0.5 sec
 - d_sub 300 : OOB 0.3484 : L 14 : T 0.6 sec
 - d_sub 300 : OOB 0.3468 : L 15 : T 0.6 sec
 - d_sub 300 : OOB 0.3514 : L 16 : T 0.6 sec
 - d_sub 300 : OOB 0.3486 : L 17 : T 0.7 sec
 - d_sub 300 : OOB 0.3474 : L 18 : T 0.7 sec
 - d_sub 300 : OOB 0.3460 : L 19 : T 0.8 sec
 - d_sub 300 : OOB 0.3465 : L 20 : T 0.8 sec
 - d_sub 300 : OOB 0.3448 : L 21 : T 0.8 sec
 - d_sub 300 : OOB 0.3436 : L 22 : T 0.9 sec
 - d_sub 300 : OOB 0.3422 : L 23 : T 0.9 sec
 - d_sub 300 : OOB 0.3414 : L 24 : T 0.9 sec
 - d_sub 300 : OOB 0.3427 : L 25 : T 1.0 sec
 - d_sub 300 : OOB 0.3442 : L 26 : T 1.0 sec
 - d_sub 300 : OOB 0.3420 : L 27 : T 1.1 sec
 - d_sub 300 : OOB 0.3427 : L 28 : T 1.1 sec
 - d_sub 300 : OOB 0.3397 : L 29 : T 1.2 sec
 - d_sub 300 : OOB 0.3398 : L 30 : T 1.2 sec
# -------------------------
optimal d_sub 300 : OOB 0.3398 : L 30 : T 1.2 sec
# -------------------------
# Ensemble classification
#  - Training samples: 10000 (5000/5000)
#  - Feature-space dimensionality: 18157
#  - L : 30
#  - d_sub : 300
#  - Seed 1 (subspaces) : 277829432
#  - Seed 2 (bootstrap) : 709640957
# -------------------------

 - d_sub 300 : OOB 0.4508 : L 1 : T 0.0 sec
 - d_sub 300 : OOB 0.4184 : L 2 : T 0.1 sec
 - d_sub 300 : OOB 0.4006 : L 3 : T 0.1 sec
 - d_sub 300 : OOB 0.3929 : L 4 : T 0.2 sec
 - d_sub 300 : OOB 0.3800 : L 5 : T 0.2 sec
 - d_sub 300 : OOB 0.3789 : L 6 : T 0.2 sec
 - d_sub 300 : OOB 0.3687 : L 7 : T 0.3 sec
 - d_sub 300 : OOB 0.3660 : L 8 : T 0.3 sec
 - d_sub 300 : OOB 0.3625 : L 9 : T 0.4 sec
 - d_sub 300 : OOB 0.3600 : L 10 : T 0.4 sec
 - d_sub 300 : OOB 0.3555 : L 11 : T 0.4 sec
 - d_sub 300 : OOB 0.3550 : L 12 : T 0.5 sec
 - d_sub 300 : OOB 0.3551 : L 13 : T 0.5 sec
 - d_sub 300 : OOB 0.3526 : L 14 : T 0.6 sec
 - d_sub 300 : OOB 0.3524 : L 15 : T 0.6 sec
 - d_sub 300 : OOB 0.3496 : L 16 : T 0.6 sec
 - d_sub 300 : OOB 0.3501 : L 17 : T 0.7 sec
 - d_sub 300 : OOB 0.3500 : L 18 : T 0.7 sec
 - d_sub 300 : OOB 0.3490 : L 19 : T 0.8 sec
 - d_sub 300 : OOB 0.3491 : L 20 : T 0.8 sec
 - d_sub 300 : OOB 0.3488 : L 21 : T 0.8 sec
 - d_sub 300 : OOB 0.3482 : L 22 : T 0.9 sec
 - d_sub 300 : OOB 0.3449 : L 23 : T 0.9 sec
 - d_sub 300 : OOB 0.3449 : L 24 : T 1.0 sec
 - d_sub 300 : OOB 0.3465 : L 25 : T 1.0 sec
 - d_sub 300 : OOB 0.3450 : L 26 : T 1.1 sec
 - d_sub 300 : OOB 0.3458 : L 27 : T 1.1 sec
 - d_sub 300 : OOB 0.3441 : L 28 : T 1.1 sec
 - d_sub 300 : OOB 0.3453 : L 29 : T 1.2 sec
 - d_sub 300 : OOB 0.3447 : L 30 : T 1.2 sec
# -------------------------
optimal d_sub 300 : OOB 0.3447 : L 30 : T 1.2 sec
# -------------------------
# Ensemble classification
#  - Training samples: 10000 (5000/5000)
#  - Feature-space dimensionality: 18157
#  - L : 30
#  - d_sub : 300
#  - Seed 1 (subspaces) : 517234881
#  - Seed 2 (bootstrap) : 228651801
# -------------------------

 - d_sub 300 : OOB 0.4499 : L 1 : T 0.0 sec
 - d_sub 300 : OOB 0.4193 : L 2 : T 0.1 sec
 - d_sub 300 : OOB 0.4027 : L 3 : T 0.1 sec
 - d_sub 300 : OOB 0.3921 : L 4 : T 0.2 sec
 - d_sub 300 : OOB 0.3769 : L 5 : T 0.2 sec
 - d_sub 300 : OOB 0.3725 : L 6 : T 0.2 sec
 - d_sub 300 : OOB 0.3657 : L 7 : T 0.3 sec
 - d_sub 300 : OOB 0.3608 : L 8 : T 0.3 sec
 - d_sub 300 : OOB 0.3590 : L 9 : T 0.4 sec
 - d_sub 300 : OOB 0.3542 : L 10 : T 0.4 sec
 - d_sub 300 : OOB 0.3503 : L 11 : T 0.4 sec
 - d_sub 300 : OOB 0.3525 : L 12 : T 0.5 sec
 - d_sub 300 : OOB 0.3513 : L 13 : T 0.5 sec
 - d_sub 300 : OOB 0.3528 : L 14 : T 0.6 sec
 - d_sub 300 : OOB 0.3490 : L 15 : T 0.6 sec
 - d_sub 300 : OOB 0.3494 : L 16 : T 0.6 sec
 - d_sub 300 : OOB 0.3512 : L 17 : T 0.7 sec
 - d_sub 300 : OOB 0.3508 : L 18 : T 0.7 sec
 - d_sub 300 : OOB 0.3504 : L 19 : T 0.8 sec
 - d_sub 300 : OOB 0.3477 : L 20 : T 0.8 sec
 - d_sub 300 : OOB 0.3458 : L 21 : T 0.8 sec
 - d_sub 300 : OOB 0.3456 : L 22 : T 0.9 sec
 - d_sub 300 : OOB 0.3439 : L 23 : T 0.9 sec
 - d_sub 300 : OOB 0.3401 : L 24 : T 1.0 sec
 - d_sub 300 : OOB 0.3410 : L 25 : T 1.0 sec
 - d_sub 300 : OOB 0.3396 : L 26 : T 1.0 sec
 - d_sub 300 : OOB 0.3400 : L 27 : T 1.1 sec
 - d_sub 300 : OOB 0.3400 : L 28 : T 1.1 sec
 - d_sub 300 : OOB 0.3423 : L 29 : T 1.2 sec
 - d_sub 300 : OOB 0.3395 : L 30 : T 1.2 sec
# -------------------------
optimal d_sub 300 : OOB 0.3395 : L 30 : T 1.2 sec
# -------------------------
# Ensemble classification
#  - Training samples: 10000 (5000/5000)
#  - Feature-space dimensionality: 18157
#  - L : 30
#  - d_sub : 300
#  - Seed 1 (subspaces) : 941053903
#  - Seed 2 (bootstrap) : 471631283
# -------------------------

 - d_sub 300 : OOB 0.4487 : L 1 : T 0.0 sec
 - d_sub 300 : OOB 0.4181 : L 2 : T 0.1 sec
 - d_sub 300 : OOB 0.4022 : L 3 : T 0.1 sec
 - d_sub 300 : OOB 0.3894 : L 4 : T 0.2 sec
 - d_sub 300 : OOB 0.3801 : L 5 : T 0.2 sec
 - d_sub 300 : OOB 0.3781 : L 6 : T 0.2 sec
 - d_sub 300 : OOB 0.3643 : L 7 : T 0.3 sec
 - d_sub 300 : OOB 0.3619 : L 8 : T 0.3 sec
 - d_sub 300 : OOB 0.3610 : L 9 : T 0.4 sec
 - d_sub 300 : OOB 0.3580 : L 10 : T 0.4 sec
 - d_sub 300 : OOB 0.3542 : L 11 : T 0.4 sec
 - d_sub 300 : OOB 0.3493 : L 12 : T 0.5 sec
 - d_sub 300 : OOB 0.3510 : L 13 : T 0.5 sec
 - d_sub 300 : OOB 0.3464 : L 14 : T 0.6 sec
 - d_sub 300 : OOB 0.3484 : L 15 : T 0.6 sec
 - d_sub 300 : OOB 0.3453 : L 16 : T 0.7 sec
 - d_sub 300 : OOB 0.3463 : L 17 : T 0.7 sec
 - d_sub 300 : OOB 0.3458 : L 18 : T 0.7 sec
 - d_sub 300 : OOB 0.3454 : L 19 : T 0.8 sec
 - d_sub 300 : OOB 0.3447 : L 20 : T 0.8 sec
 - d_sub 300 : OOB 0.3453 : L 21 : T 0.9 sec
 - d_sub 300 : OOB 0.3426 : L 22 : T 0.9 sec
 - d_sub 300 : OOB 0.3433 : L 23 : T 0.9 sec
 - d_sub 300 : OOB 0.3409 : L 24 : T 1.0 sec
 - d_sub 300 : OOB 0.3396 : L 25 : T 1.0 sec
 - d_sub 300 : OOB 0.3395 : L 26 : T 1.1 sec
 - d_sub 300 : OOB 0.3371 : L 27 : T 1.1 sec
 - d_sub 300 : OOB 0.3397 : L 28 : T 1.1 sec
 - d_sub 300 : OOB 0.3379 : L 29 : T 1.2 sec
 - d_sub 300 : OOB 0.3356 : L 30 : T 1.2 sec
# -------------------------
optimal d_sub 300 : OOB 0.3356 : L 30 : T 1.2 sec
# -------------------------
# Ensemble classification
#  - Training samples: 10000 (5000/5000)
#  - Feature-space dimensionality: 18157
#  - L : 30
#  - d_sub : 300
#  - Seed 1 (subspaces) : 501824849
#  - Seed 2 (bootstrap) : 192545581
# -------------------------

 - d_sub 300 : OOB 0.4517 : L 1 : T 0.0 sec
 - d_sub 300 : OOB 0.4243 : L 2 : T 0.1 sec
 - d_sub 300 : OOB 0.4068 : L 3 : T 0.1 sec
 - d_sub 300 : OOB 0.3987 : L 4 : T 0.2 sec
 - d_sub 300 : OOB 0.3875 : L 5 : T 0.2 sec
 - d_sub 300 : OOB 0.3834 : L 6 : T 0.2 sec
 - d_sub 300 : OOB 0.3739 : L 7 : T 0.3 sec
 - d_sub 300 : OOB 0.3681 : L 8 : T 0.3 sec
 - d_sub 300 : OOB 0.3657 : L 9 : T 0.4 sec
 - d_sub 300 : OOB 0.3612 : L 10 : T 0.4 sec
 - d_sub 300 : OOB 0.3546 : L 11 : T 0.4 sec
 - d_sub 300 : OOB 0.3531 : L 12 : T 0.5 sec
 - d_sub 300 : OOB 0.3537 : L 13 : T 0.5 sec
 - d_sub 300 : OOB 0.3510 : L 14 : T 0.6 sec
 - d_sub 300 : OOB 0.3551 : L 15 : T 0.6 sec
 - d_sub 300 : OOB 0.3502 : L 16 : T 0.6 sec
 - d_sub 300 : OOB 0.3506 : L 17 : T 0.7 sec
 - d_sub 300 : OOB 0.3502 : L 18 : T 0.7 sec
 - d_sub 300 : OOB 0.3483 : L 19 : T 0.8 sec
 - d_sub 300 : OOB 0.3481 : L 20 : T 0.8 sec
 - d_sub 300 : OOB 0.3479 : L 21 : T 0.8 sec
 - d_sub 300 : OOB 0.3453 : L 22 : T 0.9 sec
 - d_sub 300 : OOB 0.3435 : L 23 : T 0.9 sec
 - d_sub 300 : OOB 0.3444 : L 24 : T 1.0 sec
 - d_sub 300 : OOB 0.3447 : L 25 : T 1.0 sec
 - d_sub 300 : OOB 0.3473 : L 26 : T 1.0 sec
 - d_sub 300 : OOB 0.3460 : L 27 : T 1.1 sec
 - d_sub 300 : OOB 0.3434 : L 28 : T 1.1 sec
 - d_sub 300 : OOB 0.3428 : L 29 : T 1.2 sec
 - d_sub 300 : OOB 0.3449 : L 30 : T 1.2 sec
# -------------------------
optimal d_sub 300 : OOB 0.3449 : L 30 : T 1.2 sec
# -------------------------
# Ensemble classification
#  - Training samples: 10000 (5000/5000)
#  - Feature-space dimensionality: 18157
#  - L : 30
#  - d_sub : 300
#  - Seed 1 (subspaces) : 55301732
#  - Seed 2 (bootstrap) : 967273328
# -------------------------

 - d_sub 300 : OOB 0.4477 : L 1 : T 0.0 sec
 - d_sub 300 : OOB 0.4141 : L 2 : T 0.1 sec
 - d_sub 300 : OOB 0.4027 : L 3 : T 0.1 sec
 - d_sub 300 : OOB 0.3929 : L 4 : T 0.2 sec
 - d_sub 300 : OOB 0.3772 : L 5 : T 0.2 sec
 - d_sub 300 : OOB 0.3753 : L 6 : T 0.3 sec
 - d_sub 300 : OOB 0.3618 : L 7 : T 0.3 sec
 - d_sub 300 : OOB 0.3584 : L 8 : T 0.3 sec
 - d_sub 300 : OOB 0.3561 : L 9 : T 0.4 sec
 - d_sub 300 : OOB 0.3530 : L 10 : T 0.4 sec
 - d_sub 300 : OOB 0.3488 : L 11 : T 0.5 sec
 - d_sub 300 : OOB 0.3468 : L 12 : T 0.5 sec
 - d_sub 300 : OOB 0.3424 : L 13 : T 0.5 sec
 - d_sub 300 : OOB 0.3444 : L 14 : T 0.6 sec
 - d_sub 300 : OOB 0.3429 : L 15 : T 0.6 sec
 - d_sub 300 : OOB 0.3445 : L 16 : T 0.7 sec
 - d_sub 300 : OOB 0.3455 : L 17 : T 0.7 sec
 - d_sub 300 : OOB 0.3454 : L 18 : T 0.7 sec
 - d_sub 300 : OOB 0.3447 : L 19 : T 0.8 sec
 - d_sub 300 : OOB 0.3467 : L 20 : T 0.8 sec
 - d_sub 300 : OOB 0.3450 : L 21 : T 0.9 sec
 - d_sub 300 : OOB 0.3465 : L 22 : T 0.9 sec
 - d_sub 300 : OOB 0.3451 : L 23 : T 0.9 sec
 - d_sub 300 : OOB 0.3435 : L 24 : T 1.0 sec
 - d_sub 300 : OOB 0.3442 : L 25 : T 1.0 sec
 - d_sub 300 : OOB 0.3425 : L 26 : T 1.1 sec
 - d_sub 300 : OOB 0.3413 : L 27 : T 1.1 sec
 - d_sub 300 : OOB 0.3427 : L 28 : T 1.1 sec
 - d_sub 300 : OOB 0.3427 : L 29 : T 1.2 sec
 - d_sub 300 : OOB 0.3388 : L 30 : T 1.2 sec
# -------------------------
optimal d_sub 300 : OOB 0.3388 : L 30 : T 1.2 sec
# -------------------------
# Ensemble classification
#  - Training samples: 10000 (5000/5000)
#  - Feature-space dimensionality: 18157
#  - L : 30
#  - d_sub : 300
#  - Seed 1 (subspaces) : 127101953
#  - Seed 2 (bootstrap) : 412440355
# -------------------------

 - d_sub 300 : OOB 0.4534 : L 1 : T 0.0 sec
 - d_sub 300 : OOB 0.4205 : L 2 : T 0.1 sec
 - d_sub 300 : OOB 0.4044 : L 3 : T 0.1 sec
 - d_sub 300 : OOB 0.3939 : L 4 : T 0.2 sec
 - d_sub 300 : OOB 0.3812 : L 5 : T 0.2 sec
 - d_sub 300 : OOB 0.3784 : L 6 : T 0.2 sec
 - d_sub 300 : OOB 0.3684 : L 7 : T 0.3 sec
 - d_sub 300 : OOB 0.3663 : L 8 : T 0.3 sec
 - d_sub 300 : OOB 0.3596 : L 9 : T 0.4 sec
 - d_sub 300 : OOB 0.3578 : L 10 : T 0.4 sec
 - d_sub 300 : OOB 0.3562 : L 11 : T 0.4 sec
 - d_sub 300 : OOB 0.3544 : L 12 : T 0.5 sec
 - d_sub 300 : OOB 0.3521 : L 13 : T 0.5 sec
 - d_sub 300 : OOB 0.3481 : L 14 : T 0.6 sec
 - d_sub 300 : OOB 0.3486 : L 15 : T 0.6 sec
 - d_sub 300 : OOB 0.3512 : L 16 : T 0.6 sec
 - d_sub 300 : OOB 0.3493 : L 17 : T 0.7 sec
 - d_sub 300 : OOB 0.3493 : L 18 : T 0.7 sec
 - d_sub 300 : OOB 0.3509 : L 19 : T 0.8 sec
 - d_sub 300 : OOB 0.3516 : L 20 : T 0.8 sec
 - d_sub 300 : OOB 0.3484 : L 21 : T 0.8 sec
 - d_sub 300 : OOB 0.3481 : L 22 : T 0.9 sec
 - d_sub 300 : OOB 0.3463 : L 23 : T 0.9 sec
 - d_sub 300 : OOB 0.3470 : L 24 : T 1.0 sec
 - d_sub 300 : OOB 0.3495 : L 25 : T 1.0 sec
 - d_sub 300 : OOB 0.3486 : L 26 : T 1.0 sec
 - d_sub 300 : OOB 0.3473 : L 27 : T 1.1 sec
 - d_sub 300 : OOB 0.3462 : L 28 : T 1.1 sec
 - d_sub 300 : OOB 0.3447 : L 29 : T 1.2 sec
 - d_sub 300 : OOB 0.3435 : L 30 : T 1.2 sec
# -------------------------
optimal d_sub 300 : OOB 0.3435 : L 30 : T 1.2 sec
# -------------------------
# Ensemble classification
#  - Training samples: 10000 (5000/5000)
#  - Feature-space dimensionality: 18157
#  - L : 30
#  - d_sub : 300
#  - Seed 1 (subspaces) : 642669424
#  - Seed 2 (bootstrap) : 993064226
# -------------------------

 - d_sub 300 : OOB 0.4449 : L 1 : T 0.0 sec
 - d_sub 300 : OOB 0.4165 : L 2 : T 0.1 sec
 - d_sub 300 : OOB 0.4073 : L 3 : T 0.1 sec
 - d_sub 300 : OOB 0.3956 : L 4 : T 0.2 sec
 - d_sub 300 : OOB 0.3811 : L 5 : T 0.2 sec
 - d_sub 300 : OOB 0.3806 : L 6 : T 0.2 sec
 - d_sub 300 : OOB 0.3724 : L 7 : T 0.3 sec
 - d_sub 300 : OOB 0.3664 : L 8 : T 0.3 sec
 - d_sub 300 : OOB 0.3634 : L 9 : T 0.4 sec
 - d_sub 300 : OOB 0.3626 : L 10 : T 0.4 sec
 - d_sub 300 : OOB 0.3574 : L 11 : T 0.4 sec
 - d_sub 300 : OOB 0.3580 : L 12 : T 0.5 sec
 - d_sub 300 : OOB 0.3559 : L 13 : T 0.5 sec
 - d_sub 300 : OOB 0.3546 : L 14 : T 0.6 sec
 - d_sub 300 : OOB 0.3541 : L 15 : T 0.6 sec
 - d_sub 300 : OOB 0.3509 : L 16 : T 0.6 sec
 - d_sub 300 : OOB 0.3505 : L 17 : T 0.7 sec
 - d_sub 300 : OOB 0.3514 : L 18 : T 0.7 sec
 - d_sub 300 : OOB 0.3490 : L 19 : T 0.8 sec
 - d_sub 300 : OOB 0.3472 : L 20 : T 0.8 sec
 - d_sub 300 : OOB 0.3455 : L 21 : T 0.8 sec
 - d_sub 300 : OOB 0.3442 : L 22 : T 0.9 sec
 - d_sub 300 : OOB 0.3437 : L 23 : T 0.9 sec
 - d_sub 300 : OOB 0.3439 : L 24 : T 1.0 sec
 - d_sub 300 : OOB 0.3430 : L 25 : T 1.0 sec
 - d_sub 300 : OOB 0.3425 : L 26 : T 1.0 sec
 - d_sub 300 : OOB 0.3426 : L 27 : T 1.1 sec
 - d_sub 300 : OOB 0.3443 : L 28 : T 1.1 sec
 - d_sub 300 : OOB 0.3439 : L 29 : T 1.2 sec
 - d_sub 300 : OOB 0.3420 : L 30 : T 1.2 sec
# -------------------------
optimal d_sub 300 : OOB 0.3420 : L 30 : T 1.2 sec
# -------------------------
# Ensemble classification
#  - Training samples: 10000 (5000/5000)
#  - Feature-space dimensionality: 18157
#  - L : 30
#  - d_sub : 300
#  - Seed 1 (subspaces) : 787391563
#  - Seed 2 (bootstrap) : 226503214
# -------------------------

 - d_sub 300 : OOB 0.4501 : L 1 : T 0.0 sec
 - d_sub 300 : OOB 0.4181 : L 2 : T 0.1 sec
 - d_sub 300 : OOB 0.4046 : L 3 : T 0.1 sec
 - d_sub 300 : OOB 0.3911 : L 4 : T 0.2 sec
 - d_sub 300 : OOB 0.3749 : L 5 : T 0.2 sec
 - d_sub 300 : OOB 0.3704 : L 6 : T 0.2 sec
 - d_sub 300 : OOB 0.3596 : L 7 : T 0.3 sec
 - d_sub 300 : OOB 0.3572 : L 8 : T 0.3 sec
 - d_sub 300 : OOB 0.3538 : L 9 : T 0.4 sec
 - d_sub 300 : OOB 0.3503 : L 10 : T 0.4 sec
 - d_sub 300 : OOB 0.3494 : L 11 : T 0.4 sec
 - d_sub 300 : OOB 0.3483 : L 12 : T 0.5 sec
 - d_sub 300 : OOB 0.3453 : L 13 : T 0.5 sec
 - d_sub 300 : OOB 0.3444 : L 14 : T 0.5 sec
 - d_sub 300 : OOB 0.3408 : L 15 : T 0.6 sec
 - d_sub 300 : OOB 0.3453 : L 16 : T 0.6 sec
 - d_sub 300 : OOB 0.3415 : L 17 : T 0.7 sec
 - d_sub 300 : OOB 0.3424 : L 18 : T 0.7 sec
 - d_sub 300 : OOB 0.3423 : L 19 : T 0.7 sec
 - d_sub 300 : OOB 0.3412 : L 20 : T 0.8 sec
 - d_sub 300 : OOB 0.3417 : L 21 : T 0.8 sec
 - d_sub 300 : OOB 0.3408 : L 22 : T 0.9 sec
 - d_sub 300 : OOB 0.3397 : L 23 : T 0.9 sec
 - d_sub 300 : OOB 0.3373 : L 24 : T 0.9 sec
 - d_sub 300 : OOB 0.3370 : L 25 : T 1.0 sec
 - d_sub 300 : OOB 0.3357 : L 26 : T 1.0 sec
 - d_sub 300 : OOB 0.3349 : L 27 : T 1.1 sec
 - d_sub 300 : OOB 0.3381 : L 28 : T 1.1 sec
 - d_sub 300 : OOB 0.3377 : L 29 : T 1.1 sec
 - d_sub 300 : OOB 0.3377 : L 30 : T 1.2 sec
# -------------------------
optimal d_sub 300 : OOB 0.3377 : L 30 : T 1.2 sec
# -------------------------
# Ensemble classification
#  - Training samples: 10000 (5000/5000)
#  - Feature-space dimensionality: 18157
#  - L : 30
#  - d_sub : 300
#  - Seed 1 (subspaces) : 339728967
#  - Seed 2 (bootstrap) : 900172799
# -------------------------

 - d_sub 300 : OOB 0.4496 : L 1 : T 0.0 sec
 - d_sub 300 : OOB 0.4167 : L 2 : T 0.1 sec
 - d_sub 300 : OOB 0.4009 : L 3 : T 0.1 sec
 - d_sub 300 : OOB 0.3903 : L 4 : T 0.2 sec
 - d_sub 300 : OOB 0.3797 : L 5 : T 0.2 sec
 - d_sub 300 : OOB 0.3764 : L 6 : T 0.2 sec
 - d_sub 300 : OOB 0.3639 : L 7 : T 0.3 sec
 - d_sub 300 : OOB 0.3616 : L 8 : T 0.3 sec
 - d_sub 300 : OOB 0.3593 : L 9 : T 0.4 sec
 - d_sub 300 : OOB 0.3565 : L 10 : T 0.4 sec
 - d_sub 300 : OOB 0.3537 : L 11 : T 0.4 sec
 - d_sub 300 : OOB 0.3526 : L 12 : T 0.5 sec
 - d_sub 300 : OOB 0.3484 : L 13 : T 0.5 sec
 - d_sub 300 : OOB 0.3479 : L 14 : T 0.6 sec
 - d_sub 300 : OOB 0.3487 : L 15 : T 0.6 sec
 - d_sub 300 : OOB 0.3504 : L 16 : T 0.6 sec
 - d_sub 300 : OOB 0.3450 : L 17 : T 0.7 sec
 - d_sub 300 : OOB 0.3475 : L 18 : T 0.7 sec
 - d_sub 300 : OOB 0.3464 : L 19 : T 0.7 sec
 - d_sub 300 : OOB 0.3442 : L 20 : T 0.8 sec
 - d_sub 300 : OOB 0.3441 : L 21 : T 0.8 sec
 - d_sub 300 : OOB 0.3452 : L 22 : T 0.9 sec
 - d_sub 300 : OOB 0.3450 : L 23 : T 0.9 sec
 - d_sub 300 : OOB 0.3466 : L 24 : T 1.0 sec
 - d_sub 300 : OOB 0.3461 : L 25 : T 1.0 sec
 - d_sub 300 : OOB 0.3446 : L 26 : T 1.0 sec
 - d_sub 300 : OOB 0.3473 : L 27 : T 1.1 sec
 - d_sub 300 : OOB 0.3448 : L 28 : T 1.1 sec
 - d_sub 300 : OOB 0.3432 : L 29 : T 1.1 sec
 - d_sub 300 : OOB 0.3435 : L 30 : T 1.2 sec
# -------------------------
optimal d_sub 300 : OOB 0.3435 : L 30 : T 1.2 sec
# -------------------------
Average OOB error = 0.34100 (+/- 0.00318)
# -------------------------
# Ensemble classification
#  - Training samples: 10000 (5000/5000)
#  - Feature-space dimensionality: 18157
#  - L : 30
#  - d_sub : 300
#  - Seed 1 (subspaces) : 5
#  - Seed 2 (bootstrap) : 73
# -------------------------

 - d_sub 300 : OOB 0.4452 : L 1 : T 0.0 sec
 - d_sub 300 : OOB 0.4158 : L 2 : T 0.1 sec
 - d_sub 300 : OOB 0.3993 : L 3 : T 0.1 sec
 - d_sub 300 : OOB 0.3910 : L 4 : T 0.2 sec
 - d_sub 300 : OOB 0.3789 : L 5 : T 0.2 sec
 - d_sub 300 : OOB 0.3758 : L 6 : T 0.2 sec
 - d_sub 300 : OOB 0.3664 : L 7 : T 0.3 sec
 - d_sub 300 : OOB 0.3637 : L 8 : T 0.3 sec
 - d_sub 300 : OOB 0.3606 : L 9 : T 0.4 sec
 - d_sub 300 : OOB 0.3581 : L 10 : T 0.4 sec
 - d_sub 300 : OOB 0.3590 : L 11 : T 0.4 sec
 - d_sub 300 : OOB 0.3570 : L 12 : T 0.5 sec
 - d_sub 300 : OOB 0.3556 : L 13 : T 0.5 sec
 - d_sub 300 : OOB 0.3529 : L 14 : T 0.6 sec
 - d_sub 300 : OOB 0.3513 : L 15 : T 0.6 sec
 - d_sub 300 : OOB 0.3528 : L 16 : T 0.6 sec
 - d_sub 300 : OOB 0.3493 : L 17 : T 0.7 sec
 - d_sub 300 : OOB 0.3496 : L 18 : T 0.7 sec
 - d_sub 300 : OOB 0.3466 : L 19 : T 0.8 sec
 - d_sub 300 : OOB 0.3446 : L 20 : T 0.8 sec
 - d_sub 300 : OOB 0.3469 : L 21 : T 0.8 sec
 - d_sub 300 : OOB 0.3484 : L 22 : T 0.9 sec
 - d_sub 300 : OOB 0.3463 : L 23 : T 0.9 sec
 - d_sub 300 : OOB 0.3465 : L 24 : T 1.0 sec
 - d_sub 300 : OOB 0.3464 : L 25 : T 1.0 sec
 - d_sub 300 : OOB 0.3442 : L 26 : T 1.0 sec
 - d_sub 300 : OOB 0.3423 : L 27 : T 1.1 sec
 - d_sub 300 : OOB 0.3420 : L 28 : T 1.1 sec
 - d_sub 300 : OOB 0.3426 : L 29 : T 1.2 sec
 - d_sub 300 : OOB 0.3432 : L 30 : T 1.2 sec
# -------------------------
optimal d_sub 300 : OOB 0.3432 : L 30 : T 1.2 sec
OOB error = 0.3437
optimal d_sub 300 : OOB 0.3397 : L 30 : T 1.2 sec
optimal d_sub 300 : OOB 0.3343 : L 100 : T 5.8 sec
Testing error 1: 0.3272
optimal d_sub 300 : OOB 0.3377 : L 82 : T 5.3 sec
Testing error 2: 0.3306
optimal d_sub 300 : OOB 0.3290 : L 93 : T 3.8 sec
Testing error 3: 0.3247
optimal d_sub 300 : OOB 0.3331 : L 102 : T 4.2 sec
Testing error 4: 0.3260
optimal d_sub 300 : OOB 0.3329 : L 91 : T 3.6 sec
Testing error 5: 0.3274
optimal d_sub 300 : OOB 0.3327 : L 91 : T 4.1 sec
Testing error 6: 0.3279
optimal d_sub 300 : OOB 0.3281 : L 93 : T 3.8 sec
Testing error 7: 0.3244
optimal d_sub 300 : OOB 0.3325 : L 83 : T 3.4 sec
Testing error 8: 0.3316
optimal d_sub 300 : OOB 0.3363 : L 102 : T 4.2 sec
Testing error 9: 0.3291
optimal d_sub 300 : OOB 0.3380 : L 84 : T 3.5 sec
Testing error 10: 0.3234
---
Average testing error over 10 splits: 0.3272 (+/- 0.0027)
