# -------------------------
# Ensemble classification
#  - Training samples: 10000 (5000/5000)
#  - Feature-space dimensionality: 22563
#  - L : automatic (min 25, max 500, length 50, eps 0.00500)
#  - d_sub : automatic (Eoob tolerance 0.0200, step 200)
#  - Seed 1 (subspaces) : 150601587
#  - Seed 2 (bootstrap) : 911050297
# -------------------------

 - d_sub 200 : OOB 0.4206 : L 1 : T 0.0 sec
 - d_sub 200 : OOB 0.4116 : L 2 : T 0.1 sec
 - d_sub 200 : OOB 0.4266 : L 3 : T 0.1 sec
 - d_sub 200 : OOB 0.3820 : L 4 : T 0.2 sec
 - d_sub 200 : OOB 0.3540 : L 5 : T 0.2 sec
 - d_sub 200 : OOB 0.3497 : L 6 : T 0.2 sec
 - d_sub 200 : OOB 0.3514 : L 7 : T 0.3 sec
 - d_sub 200 : OOB 0.3271 : L 8 : T 0.3 sec
 - d_sub 200 : OOB 0.3300 : L 9 : T 0.4 sec
 - d_sub 200 : OOB 0.3247 : L 10 : T 0.4 sec
 - d_sub 200 : OOB 0.3235 : L 11 : T 0.4 sec
 - d_sub 200 : OOB 0.3291 : L 12 : T 0.5 sec
 - d_sub 200 : OOB 0.3241 : L 13 : T 0.5 sec
 - d_sub 200 : OOB 0.3258 : L 14 : T 0.5 sec
 - d_sub 200 : OOB 0.3296 : L 15 : T 0.6 sec
 - d_sub 200 : OOB 0.3253 : L 16 : T 0.6 sec
 - d_sub 200 : OOB 0.3312 : L 17 : T 0.7 sec
 - d_sub 200 : OOB 0.3246 : L 18 : T 0.7 sec
 - d_sub 200 : OOB 0.3295 : L 19 : T 0.7 sec
 - d_sub 200 : OOB 0.3154 : L 20 : T 0.8 sec
 - d_sub 200 : OOB 0.3137 : L 21 : T 0.8 sec
 - d_sub 200 : OOB 0.3103 : L 22 : T 0.8 sec
 - d_sub 200 : OOB 0.3080 : L 23 : T 0.9 sec
 - d_sub 200 : OOB 0.3146 : L 24 : T 0.9 sec
 - d_sub 200 : OOB 0.3176 : L 25 : T 1.0 sec
 - d_sub 200 : OOB 0.3146 : L 26 : T 1.0 sec
 - d_sub 200 : OOB 0.3033 : L 27 : T 1.0 sec
 - d_sub 200 : OOB 0.2964 : L 28 : T 1.1 sec
 - d_sub 200 : OOB 0.2895 : L 29 : T 1.1 sec
 - d_sub 200 : OOB 0.2820 : L 30 : T 1.2 sec
 - d_sub 200 : OOB 0.2804 : L 31 : T 1.2 sec
 - d_sub 200 : OOB 0.2802 : L 32 : T 1.2 sec
 - d_sub 200 : OOB 0.2805 : L 33 : T 1.3 sec
 - d_sub 200 : OOB 0.2811 : L 34 : T 1.3 sec
 - d_sub 200 : OOB 0.2826 : L 35 : T 1.3 sec
 - d_sub 200 : OOB 0.2796 : L 36 : T 1.4 sec
 - d_sub 200 : OOB 0.2797 : L 37 : T 1.4 sec
 - d_sub 200 : OOB 0.2811 : L 38 : T 1.5 sec
 - d_sub 200 : OOB 0.2772 : L 39 : T 1.5 sec
 - d_sub 200 : OOB 0.2762 : L 40 : T 1.5 sec
 - d_sub 200 : OOB 0.2739 : L 41 : T 1.6 sec
 - d_sub 200 : OOB 0.2736 : L 42 : T 1.6 sec
 - d_sub 200 : OOB 0.2735 : L 43 : T 1.6 sec
 - d_sub 200 : OOB 0.2736 : L 44 : T 1.7 sec
 - d_sub 200 : OOB 0.2720 : L 45 : T 1.7 sec
 - d_sub 200 : OOB 0.2718 : L 46 : T 1.8 sec
 - d_sub 200 : OOB 0.2715 : L 47 : T 1.8 sec
 - d_sub 200 : OOB 0.2724 : L 48 : T 1.8 sec
 - d_sub 200 : OOB 0.2724 : L 49 : T 1.9 sec
 - d_sub 200 : OOB 0.2725 : L 50 : T 1.9 sec
 - d_sub 200 : OOB 0.2695 : L 51 : T 1.9 sec
 - d_sub 200 : OOB 0.2695 : L 52 : T 2.0 sec
 - d_sub 200 : OOB 0.2701 : L 53 : T 2.0 sec
 - d_sub 200 : OOB 0.2694 : L 54 : T 2.1 sec
 - d_sub 200 : OOB 0.2691 : L 55 : T 2.1 sec
 - d_sub 200 : OOB 0.2704 : L 56 : T 2.1 sec
 - d_sub 200 : OOB 0.2681 : L 57 : T 2.2 sec
 - d_sub 200 : OOB 0.2680 : L 58 : T 2.2 sec
 - d_sub 200 : OOB 0.2681 : L 59 : T 2.2 sec
 - d_sub 200 : OOB 0.2669 : L 60 : T 2.3 sec
 - d_sub 200 : OOB 0.2667 : L 61 : T 2.3 sec
 - d_sub 200 : OOB 0.2660 : L 62 : T 2.4 sec
 - d_sub 200 : OOB 0.2664 : L 63 : T 2.4 sec
 - d_sub 200 : OOB 0.2660 : L 64 : T 2.4 sec
 - d_sub 200 : OOB 0.2666 : L 65 : T 2.5 sec
 - d_sub 200 : OOB 0.2652 : L 66 : T 2.5 sec
 - d_sub 200 : OOB 0.2637 : L 67 : T 2.5 sec
 - d_sub 200 : OOB 0.2639 : L 68 : T 2.6 sec
 - d_sub 200 : OOB 0.2643 : L 69 : T 2.6 sec
 - d_sub 200 : OOB 0.2636 : L 70 : T 2.7 sec
 - d_sub 200 : OOB 0.2638 : L 71 : T 2.7 sec
 - d_sub 200 : OOB 0.2623 : L 72 : T 2.7 sec
 - d_sub 200 : OOB 0.2636 : L 73 : T 2.8 sec
 - d_sub 200 : OOB 0.2637 : L 74 : T 2.8 sec
 - d_sub 200 : OOB 0.2634 : L 75 : T 2.8 sec
 - d_sub 200 : OOB 0.2643 : L 76 : T 2.9 sec
 - d_sub 200 : OOB 0.2634 : L 77 : T 2.9 sec
 - d_sub 200 : OOB 0.2630 : L 78 : T 3.0 sec
 - d_sub 200 : OOB 0.2631 : L 79 : T 3.0 sec
 - d_sub 200 : OOB 0.2611 : L 80 : T 3.0 sec
 - d_sub 200 : OOB 0.2610 : L 81 : T 3.1 sec
 - d_sub 200 : OOB 0.2638 : L 82 : T 3.1 sec
 - d_sub 200 : OOB 0.2625 : L 83 : T 3.1 sec
 - d_sub 200 : OOB 0.2627 : L 84 : T 3.2 sec
 - d_sub 200 : OOB 0.2601 : L 85 : T 3.2 sec
 - d_sub 200 : OOB 0.2617 : L 86 : T 3.2 sec
 - d_sub 200 : OOB 0.2603 : L 87 : T 3.3 sec
 - d_sub 200 : OOB 0.2629 : L 88 : T 3.3 sec
 - d_sub 200 : OOB 0.2606 : L 89 : T 3.4 sec
 - d_sub 200 : OOB 0.2607 : L 90 : T 3.4 sec
 - d_sub 200 : OOB 0.2619 : L 91 : T 3.4 sec
 - d_sub 200 : OOB 0.2610 : L 92 : T 3.5 sec
 - d_sub 200 : OOB 0.2603 : L 93 : T 3.5 sec
 - d_sub 200 : OOB 0.2614 : L 94 : T 3.5 sec
 - d_sub 200 : OOB 0.2616 : L 95 : T 3.6 sec
 - d_sub 200 : OOB 0.2616 : L 96 : T 3.6 sec
 - d_sub 200 : OOB 0.2598 : L 97 : T 3.6 sec
 - d_sub 200 : OOB 0.2628 : L 98 : T 3.7 sec
 - d_sub 200 : OOB 0.2627 : L 99 : T 3.7 sec
 - d_sub 200 : OOB 0.2620 : L 100 : T 3.8 sec
 - d_sub 200 : OOB 0.2619 : L 101 : T 3.8 sec
 - d_sub 200 : OOB 0.2615 : L 102 : T 3.8 sec
 - d_sub 200 : OOB 0.2611 : L 103 : T 3.9 sec
 - d_sub 200 : OOB 0.2603 : L 104 : T 3.9 sec
 - d_sub 200 : OOB 0.2623 : L 105 : T 3.9 sec
 - d_sub 200 : OOB 0.2617 : L 106 : T 4.0 sec
 - d_sub 200 : OOB 0.2612 : L 107 : T 4.0 sec
 - d_sub 200 : OOB 0.2609 : L 108 : T 4.1 sec
 - d_sub 200 : OOB 0.2605 : L 109 : T 4.1 sec
 - d_sub 200 : OOB 0.2607 : L 110 : T 4.1 sec
 - d_sub 200 : OOB 0.2612 : L 111 : T 4.2 sec
 - d_sub 200 : OOB 0.2588 : L 112 : T 4.2 sec
 - d_sub 200 : OOB 0.2613 : L 113 : T 4.2 sec

 - d_sub 400 : OOB 0.5020 : L 1 : T 0.1 sec
 - d_sub 400 : OOB 0.4984 : L 2 : T 0.1 sec
 - d_sub 400 : OOB 0.5051 : L 3 : T 0.2 sec
 - d_sub 400 : OOB 0.5068 : L 4 : T 0.3 sec
 - d_sub 400 : OOB 0.4077 : L 5 : T 0.4 sec
 - d_sub 400 : OOB 0.4139 : L 6 : T 0.4 sec
 - d_sub 400 : OOB 0.4123 : L 7 : T 0.5 sec
 - d_sub 400 : OOB 0.4150 : L 8 : T 0.6 sec
 - d_sub 400 : OOB 0.3580 : L 9 : T 0.7 sec
 - d_sub 400 : OOB 0.3220 : L 10 : T 1.4 sec
 - d_sub 400 : OOB 0.3009 : L 11 : T 1.4 sec
 - d_sub 400 : OOB 0.3076 : L 12 : T 1.5 sec
 - d_sub 400 : OOB 0.2884 : L 13 : T 1.6 sec
 - d_sub 400 : OOB 0.2886 : L 14 : T 2.5 sec
 - d_sub 400 : OOB 0.2874 : L 15 : T 2.6 sec
 - d_sub 400 : OOB 0.2870 : L 16 : T 2.7 sec
 - d_sub 400 : OOB 0.2792 : L 17 : T 2.7 sec
 - d_sub 400 : OOB 0.2782 : L 18 : T 2.8 sec
 - d_sub 400 : OOB 0.2791 : L 19 : T 3.7 sec
 - d_sub 400 : OOB 0.2804 : L 20 : T 3.8 sec
 - d_sub 400 : OOB 0.2788 : L 21 : T 3.9 sec
 - d_sub 400 : OOB 0.2821 : L 22 : T 4.0 sec
 - d_sub 400 : OOB 0.2780 : L 23 : T 4.0 sec
 - d_sub 400 : OOB 0.2718 : L 24 : T 4.1 sec
 - d_sub 400 : OOB 0.2734 : L 25 : T 4.2 sec
 - d_sub 400 : OOB 0.2718 : L 26 : T 4.3 sec
 - d_sub 400 : OOB 0.2741 : L 27 : T 4.3 sec
 - d_sub 400 : OOB 0.2726 : L 28 : T 4.4 sec
 - d_sub 400 : OOB 0.2703 : L 29 : T 4.5 sec
 - d_sub 400 : OOB 0.2732 : L 30 : T 4.6 sec
 - d_sub 400 : OOB 0.2714 : L 31 : T 4.6 sec
 - d_sub 400 : OOB 0.2722 : L 32 : T 4.7 sec
 - d_sub 400 : OOB 0.2717 : L 33 : T 4.8 sec
 - d_sub 400 : OOB 0.2725 : L 34 : T 4.9 sec
 - d_sub 400 : OOB 0.2733 : L 35 : T 5.0 sec
 - d_sub 400 : OOB 0.2730 : L 36 : T 5.7 sec
 - d_sub 400 : OOB 0.2659 : L 37 : T 6.4 sec
 - d_sub 400 : OOB 0.2602 : L 38 : T 6.4 sec
 - d_sub 400 : OOB 0.2579 : L 39 : T 6.5 sec
 - d_sub 400 : OOB 0.2614 : L 40 : T 6.6 sec
 - d_sub 400 : OOB 0.2594 : L 41 : T 6.7 sec
 - d_sub 400 : OOB 0.2581 : L 42 : T 6.8 sec
 - d_sub 400 : OOB 0.2564 : L 43 : T 7.7 sec
 - d_sub 400 : OOB 0.2582 : L 44 : T 7.8 sec
 - d_sub 400 : OOB 0.2582 : L 45 : T 7.8 sec
 - d_sub 400 : OOB 0.2558 : L 46 : T 7.9 sec
 - d_sub 400 : OOB 0.2586 : L 47 : T 8.0 sec
 - d_sub 400 : OOB 0.2546 : L 48 : T 8.1 sec
 - d_sub 400 : OOB 0.2533 : L 49 : T 8.1 sec
 - d_sub 400 : OOB 0.2514 : L 50 : T 8.2 sec
 - d_sub 400 : OOB 0.2490 : L 51 : T 8.3 sec
 - d_sub 400 : OOB 0.2467 : L 52 : T 8.4 sec
 - d_sub 400 : OOB 0.2461 : L 53 : T 8.4 sec
 - d_sub 400 : OOB 0.2423 : L 54 : T 8.5 sec
 - d_sub 400 : OOB 0.2442 : L 55 : T 8.6 sec
 - d_sub 400 : OOB 0.2434 : L 56 : T 8.7 sec
 - d_sub 400 : OOB 0.2445 : L 57 : T 8.8 sec
 - d_sub 400 : OOB 0.2434 : L 58 : T 8.8 sec
 - d_sub 400 : OOB 0.2397 : L 59 : T 8.9 sec
 - d_sub 400 : OOB 0.2414 : L 60 : T 9.0 sec
 - d_sub 400 : OOB 0.2413 : L 61 : T 9.9 sec
 - d_sub 400 : OOB 0.2418 : L 62 : T 10.5 sec
 - d_sub 400 : OOB 0.2429 : L 63 : T 11.3 sec
 - d_sub 400 : OOB 0.2423 : L 64 : T 11.4 sec
 - d_sub 400 : OOB 0.2407 : L 65 : T 11.4 sec
 - d_sub 400 : OOB 0.2419 : L 66 : T 11.5 sec
 - d_sub 400 : OOB 0.2415 : L 67 : T 11.6 sec
 - d_sub 400 : OOB 0.2404 : L 68 : T 11.7 sec
 - d_sub 400 : OOB 0.2405 : L 69 : T 11.7 sec
 - d_sub 400 : OOB 0.2399 : L 70 : T 11.8 sec
 - d_sub 400 : OOB 0.2430 : L 71 : T 11.9 sec
 - d_sub 400 : OOB 0.2395 : L 72 : T 12.0 sec
 - d_sub 400 : OOB 0.2402 : L 73 : T 12.1 sec
 - d_sub 400 : OOB 0.2418 : L 74 : T 12.1 sec
 - d_sub 400 : OOB 0.2425 : L 75 : T 12.2 sec
 - d_sub 400 : OOB 0.2400 : L 76 : T 12.3 sec
 - d_sub 400 : OOB 0.2401 : L 77 : T 12.4 sec
 - d_sub 400 : OOB 0.2394 : L 78 : T 12.4 sec
 - d_sub 400 : OOB 0.2402 : L 79 : T 12.5 sec
 - d_sub 400 : OOB 0.2392 : L 80 : T 12.6 sec
 - d_sub 400 : OOB 0.2413 : L 81 : T 12.7 sec
 - d_sub 400 : OOB 0.2376 : L 82 : T 13.7 sec
 - d_sub 400 : OOB 0.2384 : L 83 : T 13.8 sec
 - d_sub 400 : OOB 0.2382 : L 84 : T 13.9 sec
 - d_sub 400 : OOB 0.2376 : L 85 : T 14.0 sec
 - d_sub 400 : OOB 0.2377 : L 86 : T 14.0 sec
 - d_sub 400 : OOB 0.2369 : L 87 : T 14.1 sec
 - d_sub 400 : OOB 0.2359 : L 88 : T 14.2 sec
 - d_sub 400 : OOB 0.2368 : L 89 : T 14.2 sec
 - d_sub 400 : OOB 0.2352 : L 90 : T 15.1 sec
 - d_sub 400 : OOB 0.2362 : L 91 : T 15.9 sec
 - d_sub 400 : OOB 0.2360 : L 92 : T 16.0 sec
 - d_sub 400 : OOB 0.2360 : L 93 : T 16.1 sec
 - d_sub 400 : OOB 0.2367 : L 94 : T 16.1 sec
 - d_sub 400 : OOB 0.2341 : L 95 : T 16.2 sec
 - d_sub 400 : OOB 0.2357 : L 96 : T 16.3 sec
 - d_sub 400 : OOB 0.2353 : L 97 : T 16.4 sec
 - d_sub 400 : OOB 0.2354 : L 98 : T 16.5 sec
 - d_sub 400 : OOB 0.2354 : L 99 : T 16.5 sec
 - d_sub 400 : OOB 0.2361 : L 100 : T 16.6 sec
 - d_sub 400 : OOB 0.2337 : L 101 : T 16.7 sec
 - d_sub 400 : OOB 0.2332 : L 102 : T 16.8 sec
 - d_sub 400 : OOB 0.2355 : L 103 : T 16.8 sec
 - d_sub 400 : OOB 0.2343 : L 104 : T 16.9 sec
 - d_sub 400 : OOB 0.2337 : L 105 : T 17.0 sec
 - d_sub 400 : OOB 0.2342 : L 106 : T 17.1 sec
 - d_sub 400 : OOB 0.2339 : L 107 : T 17.2 sec
 - d_sub 400 : OOB 0.2340 : L 108 : T 17.2 sec
 - d_sub 400 : OOB 0.2332 : L 109 : T 17.3 sec
 - d_sub 400 : OOB 0.2332 : L 110 : T 17.4 sec
 - d_sub 400 : OOB 0.2327 : L 111 : T 17.5 sec
 - d_sub 400 : OOB 0.2341 : L 112 : T 17.6 sec
 - d_sub 400 : OOB 0.2331 : L 113 : T 18.3 sec
 - d_sub 400 : OOB 0.2331 : L 114 : T 18.4 sec
 - d_sub 400 : OOB 0.2342 : L 115 : T 18.4 sec
 - d_sub 400 : OOB 0.2334 : L 116 : T 18.5 sec
 - d_sub 400 : OOB 0.2317 : L 117 : T 18.6 sec
 - d_sub 400 : OOB 0.2333 : L 118 : T 18.7 sec
 - d_sub 400 : OOB 0.2333 : L 119 : T 18.7 sec
 - d_sub 400 : OOB 0.2316 : L 120 : T 18.8 sec
 - d_sub 400 : OOB 0.2325 : L 121 : T 18.9 sec
 - d_sub 400 : OOB 0.2335 : L 122 : T 19.0 sec
 - d_sub 400 : OOB 0.2332 : L 123 : T 19.0 sec
 - d_sub 400 : OOB 0.2315 : L 124 : T 19.1 sec
 - d_sub 400 : OOB 0.2328 : L 125 : T 19.2 sec
 - d_sub 400 : OOB 0.2341 : L 126 : T 19.3 sec
 - d_sub 400 : OOB 0.2317 : L 127 : T 19.3 sec
 - d_sub 400 : OOB 0.2328 : L 128 : T 19.4 sec
 - d_sub 400 : OOB 0.2332 : L 129 : T 19.5 sec
 - d_sub 400 : OOB 0.2329 : L 130 : T 19.6 sec
 - d_sub 400 : OOB 0.2329 : L 131 : T 19.7 sec
 - d_sub 400 : OOB 0.2323 : L 132 : T 19.7 sec
 - d_sub 400 : OOB 0.2323 : L 133 : T 19.8 sec

 - d_sub 600 : OOB 0.5020 : L 1 : T 1.6 sec
 - d_sub 600 : OOB 0.4984 : L 2 : T 1.8 sec
 - d_sub 600 : OOB 0.5051 : L 3 : T 2.5 sec
 - d_sub 600 : OOB 0.5068 : L 4 : T 3.2 sec
 - d_sub 600 : OOB 0.5025 : L 5 : T 3.9 sec
 - d_sub 600 : OOB 0.5051 : L 6 : T 4.9 sec
 - d_sub 600 : OOB 0.5034 : L 7 : T 5.0 sec
 - d_sub 600 : OOB 0.5087 : L 8 : T 5.1 sec
 - d_sub 600 : OOB 0.5014 : L 9 : T 6.7 sec
 - d_sub 600 : OOB 0.4226 : L 10 : T 8.2 sec
 - d_sub 600 : OOB 0.3588 : L 11 : T 8.9 sec
 - d_sub 600 : OOB 0.3234 : L 12 : T 9.0 sec
 - d_sub 600 : OOB 0.3174 : L 13 : T 9.2 sec
 - d_sub 600 : OOB 0.2969 : L 14 : T 9.3 sec
 - d_sub 600 : OOB 0.2791 : L 15 : T 10.8 sec
 - d_sub 600 : OOB 0.2683 : L 16 : T 11.7 sec
 - d_sub 600 : OOB 0.2673 : L 17 : T 12.7 sec
 - d_sub 600 : OOB 0.2576 : L 18 : T 12.8 sec
 - d_sub 600 : OOB 0.2554 : L 19 : T 13.0 sec
 - d_sub 600 : OOB 0.2534 : L 20 : T 13.1 sec
 - d_sub 600 : OOB 0.2514 : L 21 : T 13.9 sec
 - d_sub 600 : OOB 0.2492 : L 22 : T 14.9 sec
 - d_sub 600 : OOB 0.2519 : L 23 : T 15.7 sec
 - d_sub 600 : OOB 0.2442 : L 24 : T 15.8 sec
 - d_sub 600 : OOB 0.2394 : L 25 : T 16.6 sec
 - d_sub 600 : OOB 0.2395 : L 26 : T 17.6 sec
 - d_sub 600 : OOB 0.2393 : L 27 : T 17.7 sec
 - d_sub 600 : OOB 0.2345 : L 28 : T 17.8 sec
 - d_sub 600 : OOB 0.2363 : L 29 : T 17.9 sec
 - d_sub 600 : OOB 0.2360 : L 30 : T 18.6 sec
 - d_sub 600 : OOB 0.2365 : L 31 : T 19.6 sec
 - d_sub 600 : OOB 0.2375 : L 32 : T 19.7 sec
 - d_sub 600 : OOB 0.2343 : L 33 : T 19.8 sec
 - d_sub 600 : OOB 0.2365 : L 34 : T 20.8 sec
 - d_sub 600 : OOB 0.2366 : L 35 : T 20.9 sec
 - d_sub 600 : OOB 0.2350 : L 36 : T 21.0 sec
 - d_sub 600 : OOB 0.2340 : L 37 : T 21.1 sec
 - d_sub 600 : OOB 0.2331 : L 38 : T 22.6 sec
 - d_sub 600 : OOB 0.2319 : L 39 : T 23.6 sec
 - d_sub 600 : OOB 0.2330 : L 40 : T 23.7 sec
 - d_sub 600 : OOB 0.2324 : L 41 : T 23.8 sec
 - d_sub 600 : OOB 0.2323 : L 42 : T 24.0 sec
 - d_sub 600 : OOB 0.2319 : L 43 : T 24.7 sec
 - d_sub 600 : OOB 0.2304 : L 44 : T 25.6 sec
 - d_sub 600 : OOB 0.2308 : L 45 : T 25.7 sec
 - d_sub 600 : OOB 0.2279 : L 46 : T 25.9 sec
 - d_sub 600 : OOB 0.2286 : L 47 : T 26.7 sec
 - d_sub 600 : OOB 0.2316 : L 48 : T 26.9 sec
 - d_sub 600 : OOB 0.2287 : L 49 : T 27.0 sec
 - d_sub 600 : OOB 0.2280 : L 50 : T 27.9 sec
 - d_sub 600 : OOB 0.2272 : L 51 : T 29.0 sec
 - d_sub 600 : OOB 0.2287 : L 52 : T 29.1 sec
 - d_sub 600 : OOB 0.2266 : L 53 : T 29.2 sec
 - d_sub 600 : OOB 0.2269 : L 54 : T 29.3 sec
 - d_sub 600 : OOB 0.2269 : L 55 : T 29.4 sec
 - d_sub 600 : OOB 0.2274 : L 56 : T 31.1 sec
 - d_sub 600 : OOB 0.2239 : L 57 : T 32.1 sec
 - d_sub 600 : OOB 0.2254 : L 58 : T 32.2 sec
 - d_sub 600 : OOB 0.2250 : L 59 : T 32.9 sec
 - d_sub 600 : OOB 0.2258 : L 60 : T 33.8 sec
 - d_sub 600 : OOB 0.2258 : L 61 : T 33.9 sec
 - d_sub 600 : OOB 0.2258 : L 62 : T 34.0 sec
 - d_sub 600 : OOB 0.2261 : L 63 : T 34.2 sec
 - d_sub 600 : OOB 0.2237 : L 64 : T 35.2 sec
 - d_sub 600 : OOB 0.2245 : L 65 : T 36.6 sec
 - d_sub 600 : OOB 0.2244 : L 66 : T 37.3 sec
 - d_sub 600 : OOB 0.2244 : L 67 : T 38.4 sec
 - d_sub 600 : OOB 0.2248 : L 68 : T 38.5 sec
 - d_sub 600 : OOB 0.2242 : L 69 : T 38.6 sec
 - d_sub 600 : OOB 0.2256 : L 70 : T 38.7 sec
 - d_sub 600 : OOB 0.2240 : L 71 : T 39.7 sec
 - d_sub 600 : OOB 0.2248 : L 72 : T 40.6 sec
 - d_sub 600 : OOB 0.2254 : L 73 : T 40.7 sec
 - d_sub 600 : OOB 0.2238 : L 74 : T 40.8 sec
 - d_sub 600 : OOB 0.2221 : L 75 : T 40.9 sec
 - d_sub 600 : OOB 0.2202 : L 76 : T 41.8 sec
 - d_sub 600 : OOB 0.2224 : L 77 : T 43.0 sec
 - d_sub 600 : OOB 0.2198 : L 78 : T 43.1 sec
 - d_sub 600 : OOB 0.2233 : L 79 : T 43.2 sec
 - d_sub 600 : OOB 0.2230 : L 80 : T 44.0 sec
 - d_sub 600 : OOB 0.2232 : L 81 : T 44.9 sec
 - d_sub 600 : OOB 0.2237 : L 82 : T 45.0 sec
 - d_sub 600 : OOB 0.2230 : L 83 : T 45.2 sec
 - d_sub 600 : OOB 0.2228 : L 84 : T 45.3 sec
 - d_sub 600 : OOB 0.2201 : L 85 : T 46.1 sec
 - d_sub 600 : OOB 0.2211 : L 86 : T 47.7 sec
 - d_sub 600 : OOB 0.2220 : L 87 : T 47.8 sec
 - d_sub 600 : OOB 0.2226 : L 88 : T 47.9 sec
 - d_sub 600 : OOB 0.2218 : L 89 : T 48.8 sec
 - d_sub 600 : OOB 0.2228 : L 90 : T 49.6 sec
 - d_sub 600 : OOB 0.2228 : L 91 : T 49.8 sec
 - d_sub 600 : OOB 0.2236 : L 92 : T 50.6 sec
 - d_sub 600 : OOB 0.2247 : L 93 : T 50.8 sec
 - d_sub 600 : OOB 0.2236 : L 94 : T 51.7 sec
 - d_sub 600 : OOB 0.2226 : L 95 : T 51.8 sec
 - d_sub 600 : OOB 0.2233 : L 96 : T 51.9 sec
 - d_sub 600 : OOB 0.2239 : L 97 : T 52.0 sec
 - d_sub 600 : OOB 0.2230 : L 98 : T 53.6 sec
 - d_sub 600 : OOB 0.2233 : L 99 : T 54.5 sec
 - d_sub 600 : OOB 0.2240 : L 100 : T 54.6 sec
 - d_sub 600 : OOB 0.2208 : L 101 : T 54.7 sec
 - d_sub 600 : OOB 0.2198 : L 102 : T 54.8 sec

 - d_sub 800 : OOB 0.5020 : L 1 : T 1.0 sec
 - d_sub 800 : OOB 0.4074 : L 2 : T 2.0 sec
 - d_sub 800 : OOB 0.4111 : L 3 : T 2.2 sec
 - d_sub 800 : OOB 0.4088 : L 4 : T 2.4 sec
 - d_sub 800 : OOB 0.4065 : L 5 : T 3.4 sec
 - d_sub 800 : OOB 0.3490 : L 6 : T 3.6 sec
 - d_sub 800 : OOB 0.3165 : L 7 : T 3.8 sec
 - d_sub 800 : OOB 0.2895 : L 8 : T 5.8 sec
 - d_sub 800 : OOB 0.2730 : L 9 : T 6.5 sec
 - d_sub 800 : OOB 0.2597 : L 10 : T 6.7 sec
 - d_sub 800 : OOB 0.2513 : L 11 : T 7.8 sec
 - d_sub 800 : OOB 0.2531 : L 12 : T 8.0 sec
 - d_sub 800 : OOB 0.2559 : L 13 : T 8.1 sec
 - d_sub 800 : OOB 0.2574 : L 14 : T 9.2 sec
 - d_sub 800 : OOB 0.2544 : L 15 : T 10.2 sec
 - d_sub 800 : OOB 0.2513 : L 16 : T 10.4 sec
 - d_sub 800 : OOB 0.2392 : L 17 : T 11.4 sec
 - d_sub 800 : OOB 0.2351 : L 18 : T 11.6 sec
 - d_sub 800 : OOB 0.2375 : L 19 : T 13.3 sec
 - d_sub 800 : OOB 0.2358 : L 20 : T 13.5 sec
 - d_sub 800 : OOB 0.2356 : L 21 : T 13.7 sec
 - d_sub 800 : OOB 0.2360 : L 22 : T 13.9 sec
 - d_sub 800 : OOB 0.2349 : L 23 : T 14.0 sec
 - d_sub 800 : OOB 0.2352 : L 24 : T 15.1 sec
 - d_sub 800 : OOB 0.2372 : L 25 : T 16.6 sec
 - d_sub 800 : OOB 0.2340 : L 26 : T 17.7 sec
 - d_sub 800 : OOB 0.2311 : L 27 : T 17.9 sec
 - d_sub 800 : OOB 0.2321 : L 28 : T 18.1 sec
 - d_sub 800 : OOB 0.2279 : L 29 : T 19.2 sec
 - d_sub 800 : OOB 0.2283 : L 30 : T 19.4 sec
 - d_sub 800 : OOB 0.2297 : L 31 : T 20.2 sec
 - d_sub 800 : OOB 0.2279 : L 32 : T 21.1 sec
 - d_sub 800 : OOB 0.2304 : L 33 : T 21.3 sec
 - d_sub 800 : OOB 0.2270 : L 34 : T 21.5 sec
 - d_sub 800 : OOB 0.2289 : L 35 : T 21.7 sec
 - d_sub 800 : OOB 0.2262 : L 36 : T 22.6 sec
 - d_sub 800 : OOB 0.2269 : L 37 : T 22.8 sec
 - d_sub 800 : OOB 0.2246 : L 38 : T 23.0 sec
 - d_sub 800 : OOB 0.2256 : L 39 : T 23.2 sec
 - d_sub 800 : OOB 0.2237 : L 40 : T 24.2 sec
 - d_sub 800 : OOB 0.2250 : L 41 : T 25.2 sec
 - d_sub 800 : OOB 0.2235 : L 42 : T 26.1 sec
 - d_sub 800 : OOB 0.2248 : L 43 : T 26.2 sec
 - d_sub 800 : OOB 0.2256 : L 44 : T 27.1 sec
 - d_sub 800 : OOB 0.2235 : L 45 : T 28.6 sec
 - d_sub 800 : OOB 0.2247 : L 46 : T 30.2 sec
 - d_sub 800 : OOB 0.2249 : L 47 : T 31.6 sec
 - d_sub 800 : OOB 0.2256 : L 48 : T 32.4 sec
 - d_sub 800 : OOB 0.2257 : L 49 : T 33.5 sec
 - d_sub 800 : OOB 0.2250 : L 50 : T 33.7 sec
 - d_sub 800 : OOB 0.2259 : L 51 : T 33.9 sec
 - d_sub 800 : OOB 0.2241 : L 52 : T 34.6 sec
 - d_sub 800 : OOB 0.2260 : L 53 : T 36.3 sec
 - d_sub 800 : OOB 0.2235 : L 54 : T 37.3 sec
 - d_sub 800 : OOB 0.2226 : L 55 : T 37.4 sec
 - d_sub 800 : OOB 0.2242 : L 56 : T 39.3 sec
 - d_sub 800 : OOB 0.2254 : L 57 : T 39.4 sec
 - d_sub 800 : OOB 0.2219 : L 58 : T 41.0 sec
 - d_sub 800 : OOB 0.2199 : L 59 : T 41.8 sec
 - d_sub 800 : OOB 0.2204 : L 60 : T 42.0 sec
 - d_sub 800 : OOB 0.2214 : L 61 : T 42.2 sec
 - d_sub 800 : OOB 0.2221 : L 62 : T 43.1 sec
 - d_sub 800 : OOB 0.2197 : L 63 : T 44.1 sec
 - d_sub 800 : OOB 0.2184 : L 64 : T 44.2 sec
 - d_sub 800 : OOB 0.2186 : L 65 : T 44.4 sec
 - d_sub 800 : OOB 0.2189 : L 66 : T 44.6 sec
 - d_sub 800 : OOB 0.2195 : L 67 : T 46.4 sec
 - d_sub 800 : OOB 0.2168 : L 68 : T 48.8 sec
 - d_sub 800 : OOB 0.2169 : L 69 : T 49.9 sec
 - d_sub 800 : OOB 0.2167 : L 70 : T 50.1 sec
 - d_sub 800 : OOB 0.2157 : L 71 : T 50.2 sec
 - d_sub 800 : OOB 0.2168 : L 72 : T 51.2 sec
 - d_sub 800 : OOB 0.2168 : L 73 : T 51.4 sec
 - d_sub 800 : OOB 0.2161 : L 74 : T 51.6 sec
 - d_sub 800 : OOB 0.2166 : L 75 : T 52.5 sec
 - d_sub 800 : OOB 0.2170 : L 76 : T 52.7 sec
 - d_sub 800 : OOB 0.2178 : L 77 : T 52.9 sec
 - d_sub 800 : OOB 0.2191 : L 78 : T 53.0 sec
 - d_sub 800 : OOB 0.2172 : L 79 : T 54.1 sec
 - d_sub 800 : OOB 0.2167 : L 80 : T 54.3 sec
 - d_sub 800 : OOB 0.2165 : L 81 : T 54.5 sec
 - d_sub 800 : OOB 0.2156 : L 82 : T 55.3 sec
 - d_sub 800 : OOB 0.2155 : L 83 : T 56.8 sec
 - d_sub 800 : OOB 0.2148 : L 84 : T 58.5 sec
 - d_sub 800 : OOB 0.2172 : L 85 : T 58.7 sec
 - d_sub 800 : OOB 0.2177 : L 86 : T 58.8 sec
 - d_sub 800 : OOB 0.2184 : L 87 : T 59.0 sec
 - d_sub 800 : OOB 0.2165 : L 88 : T 59.8 sec
 - d_sub 800 : OOB 0.2164 : L 89 : T 60.9 sec
 - d_sub 800 : OOB 0.2177 : L 90 : T 61.1 sec
 - d_sub 800 : OOB 0.2170 : L 91 : T 61.2 sec
 - d_sub 800 : OOB 0.2152 : L 92 : T 61.4 sec
 - d_sub 800 : OOB 0.2152 : L 93 : T 62.4 sec
 - d_sub 800 : OOB 0.2164 : L 94 : T 62.6 sec
 - d_sub 800 : OOB 0.2163 : L 95 : T 62.7 sec
 - d_sub 800 : OOB 0.2157 : L 96 : T 62.9 sec
 - d_sub 800 : OOB 0.2139 : L 97 : T 63.1 sec
 - d_sub 800 : OOB 0.2159 : L 98 : T 64.8 sec
 - d_sub 800 : OOB 0.2165 : L 99 : T 65.9 sec
 - d_sub 800 : OOB 0.2154 : L 100 : T 66.0 sec
 - d_sub 800 : OOB 0.2160 : L 101 : T 66.2 sec
 - d_sub 800 : OOB 0.2127 : L 102 : T 66.4 sec
 - d_sub 800 : OOB 0.2138 : L 103 : T 67.3 sec
 - d_sub 800 : OOB 0.2135 : L 104 : T 67.5 sec
 - d_sub 800 : OOB 0.2135 : L 105 : T 67.7 sec
 - d_sub 800 : OOB 0.2118 : L 106 : T 67.8 sec
 - d_sub 800 : OOB 0.2132 : L 107 : T 68.7 sec
 - d_sub 800 : OOB 0.2136 : L 108 : T 69.9 sec
 - d_sub 800 : OOB 0.2126 : L 109 : T 70.1 sec
 - d_sub 800 : OOB 0.2111 : L 110 : T 70.3 sec
 - d_sub 800 : OOB 0.2125 : L 111 : T 70.5 sec
 - d_sub 800 : OOB 0.2109 : L 112 : T 72.0 sec
 - d_sub 800 : OOB 0.2110 : L 113 : T 73.2 sec
 - d_sub 800 : OOB 0.2124 : L 114 : T 73.3 sec
 - d_sub 800 : OOB 0.2110 : L 115 : T 73.5 sec
 - d_sub 800 : OOB 0.2128 : L 116 : T 73.7 sec
 - d_sub 800 : OOB 0.2107 : L 117 : T 75.6 sec
 - d_sub 800 : OOB 0.2121 : L 118 : T 77.2 sec
 - d_sub 800 : OOB 0.2122 : L 119 : T 77.9 sec
 - d_sub 800 : OOB 0.2122 : L 120 : T 78.7 sec
 - d_sub 800 : OOB 0.2128 : L 121 : T 78.9 sec
 - d_sub 800 : OOB 0.2122 : L 122 : T 79.1 sec
 - d_sub 800 : OOB 0.2113 : L 123 : T 79.3 sec
 - d_sub 800 : OOB 0.2118 : L 124 : T 81.5 sec
 - d_sub 800 : OOB 0.2105 : L 125 : T 81.7 sec
 - d_sub 800 : OOB 0.2114 : L 126 : T 81.9 sec
 - d_sub 800 : OOB 0.2122 : L 127 : T 82.0 sec
 - d_sub 800 : OOB 0.2131 : L 128 : T 82.2 sec
 - d_sub 800 : OOB 0.2118 : L 129 : T 84.5 sec
 - d_sub 800 : OOB 0.2118 : L 130 : T 84.6 sec
 - d_sub 800 : OOB 0.2111 : L 131 : T 84.8 sec
 - d_sub 800 : OOB 0.2111 : L 132 : T 85.0 sec
 - d_sub 800 : OOB 0.2109 : L 133 : T 85.9 sec
 - d_sub 800 : OOB 0.2117 : L 134 : T 86.0 sec
 - d_sub 800 : OOB 0.2115 : L 135 : T 87.0 sec
 - d_sub 800 : OOB 0.2112 : L 136 : T 87.2 sec
 - d_sub 800 : OOB 0.2100 : L 137 : T 87.4 sec
 - d_sub 800 : OOB 0.2101 : L 138 : T 88.5 sec
 - d_sub 800 : OOB 0.2096 : L 139 : T 88.7 sec
 - d_sub 800 : OOB 0.2097 : L 140 : T 88.9 sec
 - d_sub 800 : OOB 0.2100 : L 141 : T 90.5 sec
 - d_sub 800 : OOB 0.2105 : L 142 : T 91.2 sec
 - d_sub 800 : OOB 0.2093 : L 143 : T 92.3 sec
 - d_sub 800 : OOB 0.2090 : L 144 : T 92.5 sec
 - d_sub 800 : OOB 0.2090 : L 145 : T 92.7 sec
 - d_sub 800 : OOB 0.2091 : L 146 : T 93.5 sec
 - d_sub 800 : OOB 0.2086 : L 147 : T 94.9 sec
 - d_sub 800 : OOB 0.2085 : L 148 : T 95.1 sec
 - d_sub 800 : OOB 0.2082 : L 149 : T 95.2 sec
 - d_sub 800 : OOB 0.2098 : L 150 : T 96.6 sec
 - d_sub 800 : OOB 0.2086 : L 151 : T 97.3 sec

 - d_sub 1000 : OOB 0.4065 : L 1 : T 1.3 sec
 - d_sub 1000 : OOB 0.3981 : L 2 : T 1.5 sec
 - d_sub 1000 : OOB 0.4130 : L 3 : T 1.7 sec
 - d_sub 1000 : OOB 0.3541 : L 4 : T 4.3 sec
 - d_sub 1000 : OOB 0.3568 : L 5 : T 4.5 sec
 - d_sub 1000 : OOB 0.3477 : L 6 : T 5.4 sec
 - d_sub 1000 : OOB 0.3135 : L 7 : T 7.1 sec
 - d_sub 1000 : OOB 0.2906 : L 8 : T 7.3 sec
 - d_sub 1000 : OOB 0.2819 : L 9 : T 7.6 sec
 - d_sub 1000 : OOB 0.2673 : L 10 : T 8.6 sec
 - d_sub 1000 : OOB 0.2689 : L 11 : T 8.8 sec
 - d_sub 1000 : OOB 0.2575 : L 12 : T 10.5 sec
 - d_sub 1000 : OOB 0.2568 : L 13 : T 10.8 sec
 - d_sub 1000 : OOB 0.2641 : L 14 : T 11.0 sec
 - d_sub 1000 : OOB 0.2494 : L 15 : T 11.2 sec
 - d_sub 1000 : OOB 0.2488 : L 16 : T 13.9 sec
 - d_sub 1000 : OOB 0.2507 : L 17 : T 14.2 sec
 - d_sub 1000 : OOB 0.2480 : L 18 : T 14.4 sec
 - d_sub 1000 : OOB 0.2482 : L 19 : T 16.6 sec
 - d_sub 1000 : OOB 0.2454 : L 20 : T 16.8 sec
 - d_sub 1000 : OOB 0.2447 : L 21 : T 17.0 sec
 - d_sub 1000 : OOB 0.2412 : L 22 : T 17.2 sec
 - d_sub 1000 : OOB 0.2437 : L 23 : T 19.6 sec
 - d_sub 1000 : OOB 0.2420 : L 24 : T 19.8 sec
 - d_sub 1000 : OOB 0.2436 : L 25 : T 20.0 sec
 - d_sub 1000 : OOB 0.2355 : L 26 : T 22.6 sec
 - d_sub 1000 : OOB 0.2378 : L 27 : T 22.8 sec
 - d_sub 1000 : OOB 0.2370 : L 28 : T 23.0 sec
 - d_sub 1000 : OOB 0.2364 : L 29 : T 24.1 sec
 - d_sub 1000 : OOB 0.2375 : L 30 : T 25.8 sec
 - d_sub 1000 : OOB 0.2314 : L 31 : T 26.0 sec
 - d_sub 1000 : OOB 0.2331 : L 32 : T 27.2 sec
 - d_sub 1000 : OOB 0.2371 : L 33 : T 27.4 sec
 - d_sub 1000 : OOB 0.2333 : L 34 : T 27.6 sec
 - d_sub 1000 : OOB 0.2330 : L 35 : T 29.6 sec
 - d_sub 1000 : OOB 0.2312 : L 36 : T 29.8 sec
 - d_sub 1000 : OOB 0.2337 : L 37 : T 30.9 sec
 - d_sub 1000 : OOB 0.2320 : L 38 : T 31.1 sec
 - d_sub 1000 : OOB 0.2345 : L 39 : T 32.9 sec
 - d_sub 1000 : OOB 0.2293 : L 40 : T 33.1 sec
 - d_sub 1000 : OOB 0.2254 : L 41 : T 34.1 sec
 - d_sub 1000 : OOB 0.2260 : L 42 : T 35.8 sec
 - d_sub 1000 : OOB 0.2261 : L 43 : T 38.2 sec
 - d_sub 1000 : OOB 0.2274 : L 44 : T 38.5 sec
 - d_sub 1000 : OOB 0.2228 : L 45 : T 38.7 sec
 - d_sub 1000 : OOB 0.2227 : L 46 : T 41.3 sec
 - d_sub 1000 : OOB 0.2204 : L 47 : T 41.5 sec
 - d_sub 1000 : OOB 0.2182 : L 48 : T 41.8 sec
 - d_sub 1000 : OOB 0.2186 : L 49 : T 42.8 sec
 - d_sub 1000 : OOB 0.2171 : L 50 : T 44.5 sec
 - d_sub 1000 : OOB 0.2179 : L 51 : T 44.7 sec
 - d_sub 1000 : OOB 0.2160 : L 52 : T 45.0 sec
 - d_sub 1000 : OOB 0.2190 : L 53 : T 46.1 sec
 - d_sub 1000 : OOB 0.2172 : L 54 : T 46.3 sec
 - d_sub 1000 : OOB 0.2168 : L 55 : T 47.4 sec
 - d_sub 1000 : OOB 0.2160 : L 56 : T 47.6 sec
 - d_sub 1000 : OOB 0.2175 : L 57 : T 47.9 sec
 - d_sub 1000 : OOB 0.2173 : L 58 : T 49.5 sec
 - d_sub 1000 : OOB 0.2139 : L 59 : T 49.8 sec
 - d_sub 1000 : OOB 0.2145 : L 60 : T 50.9 sec
 - d_sub 1000 : OOB 0.2130 : L 61 : T 51.2 sec
 - d_sub 1000 : OOB 0.2155 : L 62 : T 52.3 sec
 - d_sub 1000 : OOB 0.2129 : L 63 : T 52.5 sec
 - d_sub 1000 : OOB 0.2136 : L 64 : T 52.8 sec
 - d_sub 1000 : OOB 0.2137 : L 65 : T 53.9 sec
 - d_sub 1000 : OOB 0.2121 : L 66 : T 54.1 sec
 - d_sub 1000 : OOB 0.2133 : L 67 : T 56.1 sec
 - d_sub 1000 : OOB 0.2143 : L 68 : T 58.6 sec
 - d_sub 1000 : OOB 0.2129 : L 69 : T 58.8 sec
 - d_sub 1000 : OOB 0.2141 : L 70 : T 59.0 sec
 - d_sub 1000 : OOB 0.2121 : L 71 : T 60.1 sec
 - d_sub 1000 : OOB 0.2142 : L 72 : T 62.6 sec
 - d_sub 1000 : OOB 0.2124 : L 73 : T 64.1 sec
 - d_sub 1000 : OOB 0.2131 : L 74 : T 64.4 sec
 - d_sub 1000 : OOB 0.2128 : L 75 : T 64.6 sec
 - d_sub 1000 : OOB 0.2136 : L 76 : T 65.8 sec
 - d_sub 1000 : OOB 0.2128 : L 77 : T 66.8 sec
 - d_sub 1000 : OOB 0.2124 : L 78 : T 67.8 sec
 - d_sub 1000 : OOB 0.2116 : L 79 : T 70.1 sec
 - d_sub 1000 : OOB 0.2102 : L 80 : T 70.4 sec
 - d_sub 1000 : OOB 0.2109 : L 81 : T 70.6 sec
 - d_sub 1000 : OOB 0.2102 : L 82 : T 73.1 sec
 - d_sub 1000 : OOB 0.2094 : L 83 : T 73.3 sec
 - d_sub 1000 : OOB 0.2096 : L 84 : T 73.5 sec
 - d_sub 1000 : OOB 0.2097 : L 85 : T 74.6 sec
 - d_sub 1000 : OOB 0.2098 : L 86 : T 76.6 sec
 - d_sub 1000 : OOB 0.2083 : L 87 : T 76.8 sec
 - d_sub 1000 : OOB 0.2085 : L 88 : T 77.1 sec
 - d_sub 1000 : OOB 0.2078 : L 89 : T 78.2 sec
 - d_sub 1000 : OOB 0.2078 : L 90 : T 78.5 sec
 - d_sub 1000 : OOB 0.2080 : L 91 : T 79.5 sec
 - d_sub 1000 : OOB 0.2085 : L 92 : T 79.8 sec
 - d_sub 1000 : OOB 0.2074 : L 93 : T 80.0 sec
 - d_sub 1000 : OOB 0.2067 : L 94 : T 81.2 sec
 - d_sub 1000 : OOB 0.2080 : L 95 : T 81.4 sec
 - d_sub 1000 : OOB 0.2071 : L 96 : T 83.3 sec
 - d_sub 1000 : OOB 0.2065 : L 97 : T 83.5 sec
 - d_sub 1000 : OOB 0.2064 : L 98 : T 84.4 sec
 - d_sub 1000 : OOB 0.2066 : L 99 : T 86.3 sec
 - d_sub 1000 : OOB 0.2061 : L 100 : T 86.5 sec
 - d_sub 1000 : OOB 0.2062 : L 101 : T 88.1 sec
 - d_sub 1000 : OOB 0.2077 : L 102 : T 88.4 sec
 - d_sub 1000 : OOB 0.2063 : L 103 : T 88.6 sec
 - d_sub 1000 : OOB 0.2050 : L 104 : T 90.4 sec
 - d_sub 1000 : OOB 0.2058 : L 105 : T 90.6 sec
 - d_sub 1000 : OOB 0.2060 : L 106 : T 90.8 sec
 - d_sub 1000 : OOB 0.2063 : L 107 : T 93.3 sec
 - d_sub 1000 : OOB 0.2047 : L 108 : T 93.5 sec
 - d_sub 1000 : OOB 0.2056 : L 109 : T 93.7 sec
 - d_sub 1000 : OOB 0.2067 : L 110 : T 94.7 sec
 - d_sub 1000 : OOB 0.2075 : L 111 : T 96.5 sec
 - d_sub 1000 : OOB 0.2063 : L 112 : T 96.8 sec
 - d_sub 1000 : OOB 0.2062 : L 113 : T 97.0 sec
 - d_sub 1000 : OOB 0.2057 : L 114 : T 98.1 sec
 - d_sub 1000 : OOB 0.2061 : L 115 : T 99.8 sec
 - d_sub 1000 : OOB 0.2058 : L 116 : T 100.1 sec
 - d_sub 1000 : OOB 0.2059 : L 117 : T 100.3 sec
 - d_sub 1000 : OOB 0.2057 : L 118 : T 101.4 sec
 - d_sub 1000 : OOB 0.2070 : L 119 : T 103.4 sec
 - d_sub 1000 : OOB 0.2067 : L 120 : T 103.6 sec
 - d_sub 1000 : OOB 0.2076 : L 121 : T 103.9 sec
 - d_sub 1000 : OOB 0.2063 : L 122 : T 104.9 sec
 - d_sub 1000 : OOB 0.2039 : L 123 : T 106.7 sec
 - d_sub 1000 : OOB 0.2052 : L 124 : T 106.9 sec
 - d_sub 1000 : OOB 0.2057 : L 125 : T 110.7 sec
 - d_sub 1000 : OOB 0.2061 : L 126 : T 112.1 sec
 - d_sub 1000 : OOB 0.2052 : L 127 : T 112.4 sec
 - d_sub 1000 : OOB 0.2054 : L 128 : T 113.3 sec
 - d_sub 1000 : OOB 0.2056 : L 129 : T 113.5 sec

 - d_sub 1200 : OOB 0.5020 : L 1 : T 1.3 sec
 - d_sub 1200 : OOB 0.4984 : L 2 : T 3.0 sec
 - d_sub 1200 : OOB 0.4105 : L 3 : T 4.9 sec
 - d_sub 1200 : OOB 0.4019 : L 4 : T 5.2 sec
 - d_sub 1200 : OOB 0.4088 : L 5 : T 7.6 sec
 - d_sub 1200 : OOB 0.4039 : L 6 : T 7.9 sec
 - d_sub 1200 : OOB 0.4098 : L 7 : T 9.8 sec
 - d_sub 1200 : OOB 0.4075 : L 8 : T 11.1 sec
 - d_sub 1200 : OOB 0.4045 : L 9 : T 13.4 sec
 - d_sub 1200 : OOB 0.4038 : L 10 : T 14.6 sec
 - d_sub 1200 : OOB 0.4103 : L 11 : T 16.3 sec
 - d_sub 1200 : OOB 0.3481 : L 12 : T 18.2 sec
 - d_sub 1200 : OOB 0.3088 : L 13 : T 19.2 sec
 - d_sub 1200 : OOB 0.3133 : L 14 : T 20.9 sec
 - d_sub 1200 : OOB 0.2823 : L 15 : T 21.2 sec
 - d_sub 1200 : OOB 0.2697 : L 16 : T 24.2 sec
 - d_sub 1200 : OOB 0.2707 : L 17 : T 24.5 sec
 - d_sub 1200 : OOB 0.2526 : L 18 : T 27.4 sec
 - d_sub 1200 : OOB 0.2452 : L 19 : T 29.3 sec
 - d_sub 1200 : OOB 0.2432 : L 20 : T 29.6 sec
 - d_sub 1200 : OOB 0.2427 : L 21 : T 32.2 sec
 - d_sub 1200 : OOB 0.2470 : L 22 : T 34.3 sec
 - d_sub 1200 : OOB 0.2423 : L 23 : T 35.6 sec
 - d_sub 1200 : OOB 0.2450 : L 24 : T 37.1 sec
 - d_sub 1200 : OOB 0.2467 : L 25 : T 37.4 sec
 - d_sub 1200 : OOB 0.2445 : L 26 : T 39.3 sec
 - d_sub 1200 : OOB 0.2389 : L 27 : T 40.4 sec
 - d_sub 1200 : OOB 0.2337 : L 28 : T 42.2 sec
 - d_sub 1200 : OOB 0.2351 : L 29 : T 43.8 sec
 - d_sub 1200 : OOB 0.2318 : L 30 : T 45.0 sec
 - d_sub 1200 : OOB 0.2340 : L 31 : T 46.4 sec
 - d_sub 1200 : OOB 0.2297 : L 32 : T 48.1 sec
 - d_sub 1200 : OOB 0.2291 : L 33 : T 49.2 sec
 - d_sub 1200 : OOB 0.2265 : L 34 : T 51.0 sec
 - d_sub 1200 : OOB 0.2265 : L 35 : T 52.2 sec
 - d_sub 1200 : OOB 0.2260 : L 36 : T 53.4 sec
 - d_sub 1200 : OOB 0.2295 : L 37 : T 58.2 sec
 - d_sub 1200 : OOB 0.2266 : L 38 : T 59.2 sec
 - d_sub 1200 : OOB 0.2261 : L 39 : T 61.3 sec
 - d_sub 1200 : OOB 0.2239 : L 40 : T 61.6 sec
 - d_sub 1200 : OOB 0.2232 : L 41 : T 64.3 sec
 - d_sub 1200 : OOB 0.2229 : L 42 : T 65.4 sec
 - d_sub 1200 : OOB 0.2206 : L 43 : T 68.3 sec
 - d_sub 1200 : OOB 0.2185 : L 44 : T 70.9 sec
 - d_sub 1200 : OOB 0.2213 : L 45 : T 72.1 sec
 - d_sub 1200 : OOB 0.2199 : L 46 : T 73.6 sec
 - d_sub 1200 : OOB 0.2203 : L 47 : T 75.2 sec
 - d_sub 1200 : OOB 0.2206 : L 48 : T 75.5 sec
 - d_sub 1200 : OOB 0.2191 : L 49 : T 78.3 sec
 - d_sub 1200 : OOB 0.2175 : L 50 : T 78.6 sec
 - d_sub 1200 : OOB 0.2198 : L 51 : T 81.0 sec
 - d_sub 1200 : OOB 0.2202 : L 52 : T 82.8 sec
 - d_sub 1200 : OOB 0.2176 : L 53 : T 83.8 sec
 - d_sub 1200 : OOB 0.2162 : L 54 : T 85.4 sec
 - d_sub 1200 : OOB 0.2182 : L 55 : T 87.0 sec
 - d_sub 1200 : OOB 0.2174 : L 56 : T 88.2 sec
 - d_sub 1200 : OOB 0.2159 : L 57 : T 89.9 sec
 - d_sub 1200 : OOB 0.2172 : L 58 : T 91.9 sec
 - d_sub 1200 : OOB 0.2162 : L 59 : T 92.2 sec
 - d_sub 1200 : OOB 0.2143 : L 60 : T 93.4 sec
 - d_sub 1200 : OOB 0.2140 : L 61 : T 96.2 sec
 - d_sub 1200 : OOB 0.2173 : L 62 : T 96.4 sec
 - d_sub 1200 : OOB 0.2148 : L 63 : T 99.3 sec
 - d_sub 1200 : OOB 0.2149 : L 64 : T 100.4 sec
 - d_sub 1200 : OOB 0.2151 : L 65 : T 101.4 sec
 - d_sub 1200 : OOB 0.2146 : L 66 : T 103.2 sec
 - d_sub 1200 : OOB 0.2146 : L 67 : T 104.2 sec
 - d_sub 1200 : OOB 0.2148 : L 68 : T 105.5 sec
 - d_sub 1200 : OOB 0.2153 : L 69 : T 108.9 sec
 - d_sub 1200 : OOB 0.2160 : L 70 : T 109.2 sec
 - d_sub 1200 : OOB 0.2155 : L 71 : T 110.5 sec
 - d_sub 1200 : OOB 0.2153 : L 72 : T 112.9 sec
 - d_sub 1200 : OOB 0.2152 : L 73 : T 115.0 sec
 - d_sub 1200 : OOB 0.2137 : L 74 : T 116.2 sec
 - d_sub 1200 : OOB 0.2132 : L 75 : T 116.5 sec
 - d_sub 1200 : OOB 0.2161 : L 76 : T 118.1 sec
 - d_sub 1200 : OOB 0.2137 : L 77 : T 118.4 sec
 - d_sub 1200 : OOB 0.2148 : L 78 : T 123.0 sec
 - d_sub 1200 : OOB 0.2140 : L 79 : T 125.7 sec
 - d_sub 1200 : OOB 0.2133 : L 80 : T 126.1 sec
 - d_sub 1200 : OOB 0.2139 : L 81 : T 129.2 sec
 - d_sub 1200 : OOB 0.2126 : L 82 : T 129.5 sec
 - d_sub 1200 : OOB 0.2136 : L 83 : T 130.8 sec
 - d_sub 1200 : OOB 0.2111 : L 84 : T 132.4 sec
 - d_sub 1200 : OOB 0.2120 : L 85 : T 132.7 sec
 - d_sub 1200 : OOB 0.2126 : L 86 : T 134.0 sec
 - d_sub 1200 : OOB 0.2111 : L 87 : T 135.0 sec
 - d_sub 1200 : OOB 0.2117 : L 88 : T 135.4 sec
 - d_sub 1200 : OOB 0.2101 : L 89 : T 139.2 sec
 - d_sub 1200 : OOB 0.2105 : L 90 : T 139.5 sec
 - d_sub 1200 : OOB 0.2106 : L 91 : T 143.7 sec
 - d_sub 1200 : OOB 0.2118 : L 92 : T 144.0 sec
 - d_sub 1200 : OOB 0.2120 : L 93 : T 145.2 sec
 - d_sub 1200 : OOB 0.2088 : L 94 : T 146.1 sec
 - d_sub 1200 : OOB 0.2105 : L 95 : T 146.4 sec
 - d_sub 1200 : OOB 0.2113 : L 96 : T 147.7 sec
 - d_sub 1200 : OOB 0.2105 : L 97 : T 150.5 sec
 - d_sub 1200 : OOB 0.2096 : L 98 : T 150.8 sec
 - d_sub 1200 : OOB 0.2088 : L 99 : T 151.9 sec
 - d_sub 1200 : OOB 0.2096 : L 100 : T 153.9 sec
 - d_sub 1200 : OOB 0.2117 : L 101 : T 155.2 sec
 - d_sub 1200 : OOB 0.2081 : L 102 : T 155.5 sec
 - d_sub 1200 : OOB 0.2104 : L 103 : T 158.6 sec
 - d_sub 1200 : OOB 0.2111 : L 104 : T 160.9 sec
 - d_sub 1200 : OOB 0.2099 : L 105 : T 162.9 sec
 - d_sub 1200 : OOB 0.2099 : L 106 : T 163.2 sec
 - d_sub 1200 : OOB 0.2111 : L 107 : T 165.4 sec
 - d_sub 1200 : OOB 0.2090 : L 108 : T 166.6 sec
 - d_sub 1200 : OOB 0.2085 : L 109 : T 167.8 sec
 - d_sub 1200 : OOB 0.2071 : L 110 : T 170.0 sec
 - d_sub 1200 : OOB 0.2083 : L 111 : T 170.3 sec
 - d_sub 1200 : OOB 0.2084 : L 112 : T 171.4 sec
 - d_sub 1200 : OOB 0.2088 : L 113 : T 171.7 sec
 - d_sub 1200 : OOB 0.2064 : L 114 : T 174.5 sec
 - d_sub 1200 : OOB 0.2066 : L 115 : T 176.3 sec
 - d_sub 1200 : OOB 0.2064 : L 116 : T 177.9 sec
 - d_sub 1200 : OOB 0.2064 : L 117 : T 179.3 sec
 - d_sub 1200 : OOB 0.2058 : L 118 : T 181.7 sec
 - d_sub 1200 : OOB 0.2061 : L 119 : T 183.4 sec
 - d_sub 1200 : OOB 0.2077 : L 120 : T 185.0 sec
 - d_sub 1200 : OOB 0.2056 : L 121 : T 185.2 sec
 - d_sub 1200 : OOB 0.2062 : L 122 : T 188.1 sec
 - d_sub 1200 : OOB 0.2065 : L 123 : T 188.4 sec
 - d_sub 1200 : OOB 0.2052 : L 124 : T 190.4 sec
 - d_sub 1200 : OOB 0.2038 : L 125 : T 191.5 sec
 - d_sub 1200 : OOB 0.2041 : L 126 : T 193.6 sec
 - d_sub 1200 : OOB 0.2043 : L 127 : T 194.8 sec
 - d_sub 1200 : OOB 0.2039 : L 128 : T 196.7 sec
 - d_sub 1200 : OOB 0.2019 : L 129 : T 197.8 sec
 - d_sub 1200 : OOB 0.2035 : L 130 : T 199.6 sec
 - d_sub 1200 : OOB 0.2040 : L 131 : T 201.3 sec
 - d_sub 1200 : OOB 0.2030 : L 132 : T 202.5 sec
 - d_sub 1200 : OOB 0.2034 : L 133 : T 203.8 sec
 - d_sub 1200 : OOB 0.2061 : L 134 : T 205.2 sec
 - d_sub 1200 : OOB 0.2045 : L 135 : T 206.2 sec
 - d_sub 1200 : OOB 0.2047 : L 136 : T 209.6 sec
 - d_sub 1200 : OOB 0.2040 : L 137 : T 211.0 sec
 - d_sub 1200 : OOB 0.2047 : L 138 : T 212.3 sec
 - d_sub 1200 : OOB 0.2048 : L 139 : T 214.2 sec
 - d_sub 1200 : OOB 0.2053 : L 140 : T 214.5 sec
 - d_sub 1200 : OOB 0.2048 : L 141 : T 217.2 sec
 - d_sub 1200 : OOB 0.2055 : L 142 : T 219.3 sec
 - d_sub 1200 : OOB 0.2033 : L 143 : T 219.6 sec
 - d_sub 1200 : OOB 0.2034 : L 144 : T 222.4 sec
 - d_sub 1200 : OOB 0.2030 : L 145 : T 223.4 sec
 - d_sub 1200 : OOB 0.2041 : L 146 : T 225.4 sec
 - d_sub 1200 : OOB 0.2044 : L 147 : T 226.2 sec
 - d_sub 1200 : OOB 0.2048 : L 148 : T 231.1 sec
 - d_sub 1200 : OOB 0.2043 : L 149 : T 234.1 sec
 - d_sub 1200 : OOB 0.2043 : L 150 : T 234.4 sec
 - d_sub 1200 : OOB 0.2047 : L 151 : T 235.6 sec
 - d_sub 1200 : OOB 0.2057 : L 152 : T 238.0 sec
 - d_sub 1200 : OOB 0.2040 : L 153 : T 239.2 sec
 - d_sub 1200 : OOB 0.2046 : L 154 : T 239.4 sec
 - d_sub 1200 : OOB 0.2054 : L 155 : T 241.7 sec
 - d_sub 1200 : OOB 0.2039 : L 156 : T 242.0 sec
 - d_sub 1200 : OOB 0.2042 : L 157 : T 244.6 sec
 - d_sub 1200 : OOB 0.2044 : L 158 : T 246.3 sec
 - d_sub 1200 : OOB 0.2043 : L 159 : T 246.6 sec

 - d_sub 1400 : OOB 0.5020 : L 1 : T 2.7 sec
 - d_sub 1400 : OOB 0.4984 : L 2 : T 3.7 sec
 - d_sub 1400 : OOB 0.5051 : L 3 : T 5.7 sec
 - d_sub 1400 : OOB 0.4138 : L 4 : T 7.4 sec
 - d_sub 1400 : OOB 0.4044 : L 5 : T 9.9 sec
 - d_sub 1400 : OOB 0.4134 : L 6 : T 10.3 sec
 - d_sub 1400 : OOB 0.3599 : L 7 : T 12.7 sec
 - d_sub 1400 : OOB 0.3233 : L 8 : T 15.2 sec
 - d_sub 1400 : OOB 0.3227 : L 9 : T 16.4 sec
 - d_sub 1400 : OOB 0.2921 : L 10 : T 16.8 sec
 - d_sub 1400 : OOB 0.2879 : L 11 : T 19.5 sec
 - d_sub 1400 : OOB 0.2908 : L 12 : T 21.5 sec
 - d_sub 1400 : OOB 0.2923 : L 13 : T 22.0 sec
 - d_sub 1400 : OOB 0.2738 : L 14 : T 24.5 sec
 - d_sub 1400 : OOB 0.2638 : L 15 : T 27.3 sec
 - d_sub 1400 : OOB 0.2592 : L 16 : T 27.7 sec
 - d_sub 1400 : OOB 0.2514 : L 17 : T 30.6 sec
 - d_sub 1400 : OOB 0.2455 : L 18 : T 31.7 sec
 - d_sub 1400 : OOB 0.2440 : L 19 : T 33.9 sec
 - d_sub 1400 : OOB 0.2366 : L 20 : T 35.3 sec
 - d_sub 1400 : OOB 0.2333 : L 21 : T 37.5 sec
 - d_sub 1400 : OOB 0.2333 : L 22 : T 39.3 sec
 - d_sub 1400 : OOB 0.2294 : L 23 : T 41.7 sec
 - d_sub 1400 : OOB 0.2319 : L 24 : T 43.1 sec
 - d_sub 1400 : OOB 0.2335 : L 25 : T 44.3 sec
 - d_sub 1400 : OOB 0.2286 : L 26 : T 46.4 sec
 - d_sub 1400 : OOB 0.2284 : L 27 : T 48.6 sec
 - d_sub 1400 : OOB 0.2289 : L 28 : T 50.0 sec
 - d_sub 1400 : OOB 0.2234 : L 29 : T 52.0 sec
 - d_sub 1400 : OOB 0.2238 : L 30 : T 53.8 sec
 - d_sub 1400 : OOB 0.2257 : L 31 : T 55.1 sec
 - d_sub 1400 : OOB 0.2202 : L 32 : T 57.6 sec
 - d_sub 1400 : OOB 0.2203 : L 33 : T 59.9 sec
 - d_sub 1400 : OOB 0.2193 : L 34 : T 62.7 sec
 - d_sub 1400 : OOB 0.2183 : L 35 : T 64.0 sec
 - d_sub 1400 : OOB 0.2182 : L 36 : T 65.4 sec
 - d_sub 1400 : OOB 0.2145 : L 37 : T 67.8 sec
 - d_sub 1400 : OOB 0.2169 : L 38 : T 69.0 sec
 - d_sub 1400 : OOB 0.2180 : L 39 : T 69.4 sec
 - d_sub 1400 : OOB 0.2162 : L 40 : T 72.1 sec
 - d_sub 1400 : OOB 0.2170 : L 41 : T 73.3 sec
 - d_sub 1400 : OOB 0.2174 : L 42 : T 74.4 sec
 - d_sub 1400 : OOB 0.2176 : L 43 : T 75.8 sec
 - d_sub 1400 : OOB 0.2164 : L 44 : T 77.7 sec
 - d_sub 1400 : OOB 0.2189 : L 45 : T 78.1 sec
 - d_sub 1400 : OOB 0.2164 : L 46 : T 81.5 sec
 - d_sub 1400 : OOB 0.2151 : L 47 : T 83.4 sec
 - d_sub 1400 : OOB 0.2129 : L 48 : T 85.2 sec
 - d_sub 1400 : OOB 0.2160 : L 49 : T 87.7 sec
 - d_sub 1400 : OOB 0.2146 : L 50 : T 91.2 sec
 - d_sub 1400 : OOB 0.2158 : L 51 : T 96.1 sec
 - d_sub 1400 : OOB 0.2132 : L 52 : T 99.9 sec
 - d_sub 1400 : OOB 0.2113 : L 53 : T 101.3 sec
 - d_sub 1400 : OOB 0.2118 : L 54 : T 103.4 sec
 - d_sub 1400 : OOB 0.2113 : L 55 : T 105.4 sec
 - d_sub 1400 : OOB 0.2108 : L 56 : T 107.7 sec
 - d_sub 1400 : OOB 0.2129 : L 57 : T 110.0 sec
 - d_sub 1400 : OOB 0.2115 : L 58 : T 110.4 sec
 - d_sub 1400 : OOB 0.2091 : L 59 : T 114.4 sec
 - d_sub 1400 : OOB 0.2116 : L 60 : T 115.6 sec
 - d_sub 1400 : OOB 0.2105 : L 61 : T 117.6 sec
 - d_sub 1400 : OOB 0.2094 : L 62 : T 118.7 sec
 - d_sub 1400 : OOB 0.2124 : L 63 : T 120.5 sec
 - d_sub 1400 : OOB 0.2117 : L 64 : T 122.6 sec
 - d_sub 1400 : OOB 0.2095 : L 65 : T 123.9 sec
 - d_sub 1400 : OOB 0.2104 : L 66 : T 125.2 sec
 - d_sub 1400 : OOB 0.2084 : L 67 : T 127.0 sec
 - d_sub 1400 : OOB 0.2102 : L 68 : T 127.9 sec
 - d_sub 1400 : OOB 0.2092 : L 69 : T 130.9 sec
 - d_sub 1400 : OOB 0.2091 : L 70 : T 132.2 sec
 - d_sub 1400 : OOB 0.2054 : L 71 : T 133.6 sec
 - d_sub 1400 : OOB 0.2062 : L 72 : T 134.8 sec
 - d_sub 1400 : OOB 0.2062 : L 73 : T 137.5 sec
 - d_sub 1400 : OOB 0.2084 : L 74 : T 139.2 sec
 - d_sub 1400 : OOB 0.2078 : L 75 : T 140.5 sec
 - d_sub 1400 : OOB 0.2071 : L 76 : T 142.5 sec
 - d_sub 1400 : OOB 0.2068 : L 77 : T 144.7 sec
 - d_sub 1400 : OOB 0.2071 : L 78 : T 145.1 sec
 - d_sub 1400 : OOB 0.2062 : L 79 : T 147.4 sec
 - d_sub 1400 : OOB 0.2078 : L 80 : T 148.6 sec
 - d_sub 1400 : OOB 0.2073 : L 81 : T 151.1 sec
 - d_sub 1400 : OOB 0.2064 : L 82 : T 152.2 sec
 - d_sub 1400 : OOB 0.2076 : L 83 : T 154.1 sec
 - d_sub 1400 : OOB 0.2061 : L 84 : T 156.1 sec
 - d_sub 1400 : OOB 0.2052 : L 85 : T 157.4 sec
 - d_sub 1400 : OOB 0.2055 : L 86 : T 160.5 sec
 - d_sub 1400 : OOB 0.2061 : L 87 : T 161.7 sec
 - d_sub 1400 : OOB 0.2048 : L 88 : T 163.0 sec
 - d_sub 1400 : OOB 0.2064 : L 89 : T 165.0 sec
 - d_sub 1400 : OOB 0.2067 : L 90 : T 167.3 sec
 - d_sub 1400 : OOB 0.2071 : L 91 : T 169.1 sec
 - d_sub 1400 : OOB 0.2048 : L 92 : T 171.4 sec
 - d_sub 1400 : OOB 0.2052 : L 93 : T 172.8 sec
 - d_sub 1400 : OOB 0.2038 : L 94 : T 174.2 sec
 - d_sub 1400 : OOB 0.2057 : L 95 : T 175.7 sec
 - d_sub 1400 : OOB 0.2037 : L 96 : T 180.5 sec
 - d_sub 1400 : OOB 0.2044 : L 97 : T 181.7 sec
 - d_sub 1400 : OOB 0.2043 : L 98 : T 182.0 sec
 - d_sub 1400 : OOB 0.2050 : L 99 : T 183.3 sec
 - d_sub 1400 : OOB 0.2031 : L 100 : T 185.3 sec
 - d_sub 1400 : OOB 0.2026 : L 101 : T 186.4 sec
 - d_sub 1400 : OOB 0.2046 : L 102 : T 187.7 sec
 - d_sub 1400 : OOB 0.2044 : L 103 : T 190.7 sec
 - d_sub 1400 : OOB 0.2041 : L 104 : T 193.6 sec
 - d_sub 1400 : OOB 0.2054 : L 105 : T 195.7 sec
 - d_sub 1400 : OOB 0.2037 : L 106 : T 198.5 sec
 - d_sub 1400 : OOB 0.2037 : L 107 : T 199.6 sec
 - d_sub 1400 : OOB 0.2031 : L 108 : T 201.7 sec
 - d_sub 1400 : OOB 0.2044 : L 109 : T 202.9 sec
 - d_sub 1400 : OOB 0.2041 : L 110 : T 205.5 sec
 - d_sub 1400 : OOB 0.2028 : L 111 : T 206.9 sec
 - d_sub 1400 : OOB 0.2048 : L 112 : T 208.3 sec
 - d_sub 1400 : OOB 0.2051 : L 113 : T 209.6 sec
 - d_sub 1400 : OOB 0.2033 : L 114 : T 211.6 sec
 - d_sub 1400 : OOB 0.2034 : L 115 : T 213.5 sec
 - d_sub 1400 : OOB 0.2026 : L 116 : T 215.5 sec

 - d_sub 1600 : OOB 0.4067 : L 1 : T 3.1 sec
 - d_sub 1600 : OOB 0.3472 : L 2 : T 5.2 sec
 - d_sub 1600 : OOB 0.3132 : L 3 : T 8.0 sec
 - d_sub 1600 : OOB 0.3151 : L 4 : T 9.1 sec
 - d_sub 1600 : OOB 0.3097 : L 5 : T 9.6 sec
 - d_sub 1600 : OOB 0.3116 : L 6 : T 12.6 sec
 - d_sub 1600 : OOB 0.3120 : L 7 : T 14.8 sec
 - d_sub 1600 : OOB 0.2846 : L 8 : T 17.2 sec
 - d_sub 1600 : OOB 0.2846 : L 9 : T 19.2 sec
 - d_sub 1600 : OOB 0.2856 : L 10 : T 22.2 sec
 - d_sub 1600 : OOB 0.2684 : L 11 : T 23.3 sec
 - d_sub 1600 : OOB 0.2661 : L 12 : T 24.6 sec
 - d_sub 1600 : OOB 0.2681 : L 13 : T 26.8 sec
 - d_sub 1600 : OOB 0.2585 : L 14 : T 29.2 sec
 - d_sub 1600 : OOB 0.2528 : L 15 : T 31.5 sec
 - d_sub 1600 : OOB 0.2462 : L 16 : T 33.9 sec
 - d_sub 1600 : OOB 0.2398 : L 17 : T 35.1 sec
 - d_sub 1600 : OOB 0.2405 : L 18 : T 37.8 sec
 - d_sub 1600 : OOB 0.2362 : L 19 : T 40.7 sec
 - d_sub 1600 : OOB 0.2372 : L 20 : T 42.0 sec
 - d_sub 1600 : OOB 0.2329 : L 21 : T 44.5 sec
 - d_sub 1600 : OOB 0.2335 : L 22 : T 46.3 sec
 - d_sub 1600 : OOB 0.2325 : L 23 : T 48.4 sec
 - d_sub 1600 : OOB 0.2262 : L 24 : T 49.5 sec
 - d_sub 1600 : OOB 0.2247 : L 25 : T 52.1 sec
 - d_sub 1600 : OOB 0.2217 : L 26 : T 54.0 sec
 - d_sub 1600 : OOB 0.2202 : L 27 : T 56.9 sec
 - d_sub 1600 : OOB 0.2173 : L 28 : T 58.8 sec
 - d_sub 1600 : OOB 0.2168 : L 29 : T 60.8 sec
 - d_sub 1600 : OOB 0.2164 : L 30 : T 62.2 sec
 - d_sub 1600 : OOB 0.2155 : L 31 : T 64.6 sec
 - d_sub 1600 : OOB 0.2175 : L 32 : T 68.5 sec
 - d_sub 1600 : OOB 0.2164 : L 33 : T 70.8 sec
 - d_sub 1600 : OOB 0.2177 : L 34 : T 73.1 sec
 - d_sub 1600 : OOB 0.2166 : L 35 : T 75.5 sec
 - d_sub 1600 : OOB 0.2180 : L 36 : T 76.7 sec
 - d_sub 1600 : OOB 0.2166 : L 37 : T 78.5 sec
 - d_sub 1600 : OOB 0.2130 : L 38 : T 80.6 sec
 - d_sub 1600 : OOB 0.2139 : L 39 : T 81.8 sec
 - d_sub 1600 : OOB 0.2162 : L 40 : T 83.9 sec
 - d_sub 1600 : OOB 0.2127 : L 41 : T 86.1 sec
 - d_sub 1600 : OOB 0.2130 : L 42 : T 88.6 sec
 - d_sub 1600 : OOB 0.2108 : L 43 : T 90.5 sec
 - d_sub 1600 : OOB 0.2107 : L 44 : T 91.7 sec
 - d_sub 1600 : OOB 0.2108 : L 45 : T 93.9 sec
 - d_sub 1600 : OOB 0.2138 : L 46 : T 96.6 sec
 - d_sub 1600 : OOB 0.2112 : L 47 : T 98.9 sec
 - d_sub 1600 : OOB 0.2084 : L 48 : T 101.6 sec
 - d_sub 1600 : OOB 0.2075 : L 49 : T 104.2 sec
 - d_sub 1600 : OOB 0.2072 : L 50 : T 106.3 sec
 - d_sub 1600 : OOB 0.2076 : L 51 : T 109.1 sec
 - d_sub 1600 : OOB 0.2076 : L 52 : T 111.6 sec
 - d_sub 1600 : OOB 0.2044 : L 53 : T 113.5 sec
 - d_sub 1600 : OOB 0.2056 : L 54 : T 115.7 sec
 - d_sub 1600 : OOB 0.2055 : L 55 : T 116.9 sec
 - d_sub 1600 : OOB 0.2044 : L 56 : T 118.9 sec
 - d_sub 1600 : OOB 0.2052 : L 57 : T 124.2 sec
 - d_sub 1600 : OOB 0.2052 : L 58 : T 125.6 sec
 - d_sub 1600 : OOB 0.2035 : L 59 : T 130.1 sec
 - d_sub 1600 : OOB 0.2015 : L 60 : T 132.0 sec
 - d_sub 1600 : OOB 0.2020 : L 61 : T 136.1 sec
 - d_sub 1600 : OOB 0.2029 : L 62 : T 137.9 sec
 - d_sub 1600 : OOB 0.2029 : L 63 : T 140.5 sec
 - d_sub 1600 : OOB 0.2022 : L 64 : T 141.7 sec
 - d_sub 1600 : OOB 0.2037 : L 65 : T 143.2 sec
 - d_sub 1600 : OOB 0.2010 : L 66 : T 145.2 sec
 - d_sub 1600 : OOB 0.2020 : L 67 : T 147.4 sec
 - d_sub 1600 : OOB 0.2027 : L 68 : T 148.6 sec
 - d_sub 1600 : OOB 0.2031 : L 69 : T 151.3 sec
 - d_sub 1600 : OOB 0.2018 : L 70 : T 152.8 sec
 - d_sub 1600 : OOB 0.2027 : L 71 : T 154.8 sec
 - d_sub 1600 : OOB 0.2018 : L 72 : T 158.0 sec
 - d_sub 1600 : OOB 0.2023 : L 73 : T 159.9 sec
 - d_sub 1600 : OOB 0.2041 : L 74 : T 163.0 sec
 - d_sub 1600 : OOB 0.2019 : L 75 : T 164.2 sec
 - d_sub 1600 : OOB 0.2011 : L 76 : T 166.1 sec
 - d_sub 1600 : OOB 0.2014 : L 77 : T 168.1 sec
 - d_sub 1600 : OOB 0.2017 : L 78 : T 170.1 sec
 - d_sub 1600 : OOB 0.2015 : L 79 : T 171.4 sec
 - d_sub 1600 : OOB 0.2008 : L 80 : T 174.4 sec
 - d_sub 1600 : OOB 0.2009 : L 81 : T 177.3 sec
 - d_sub 1600 : OOB 0.2005 : L 82 : T 180.7 sec
 - d_sub 1600 : OOB 0.1991 : L 83 : T 182.7 sec
 - d_sub 1600 : OOB 0.1992 : L 84 : T 184.0 sec
 - d_sub 1600 : OOB 0.1991 : L 85 : T 186.8 sec
 - d_sub 1600 : OOB 0.1993 : L 86 : T 190.4 sec
 - d_sub 1600 : OOB 0.1999 : L 87 : T 191.8 sec
 - d_sub 1600 : OOB 0.1994 : L 88 : T 194.5 sec
 - d_sub 1600 : OOB 0.1967 : L 89 : T 197.0 sec
 - d_sub 1600 : OOB 0.1976 : L 90 : T 199.3 sec
 - d_sub 1600 : OOB 0.1982 : L 91 : T 201.4 sec
 - d_sub 1600 : OOB 0.1990 : L 92 : T 206.5 sec
 - d_sub 1600 : OOB 0.1982 : L 93 : T 209.4 sec
 - d_sub 1600 : OOB 0.1988 : L 94 : T 211.9 sec
 - d_sub 1600 : OOB 0.1983 : L 95 : T 214.6 sec
 - d_sub 1600 : OOB 0.1983 : L 96 : T 215.0 sec
 - d_sub 1600 : OOB 0.1978 : L 97 : T 218.0 sec
 - d_sub 1600 : OOB 0.1982 : L 98 : T 219.1 sec
 - d_sub 1600 : OOB 0.1983 : L 99 : T 220.9 sec
 - d_sub 1600 : OOB 0.1985 : L 100 : T 223.7 sec
 - d_sub 1600 : OOB 0.1968 : L 101 : T 225.1 sec
 - d_sub 1600 : OOB 0.1981 : L 102 : T 226.1 sec
 - d_sub 1600 : OOB 0.1980 : L 103 : T 228.0 sec
 - d_sub 1600 : OOB 0.1984 : L 104 : T 229.9 sec
 - d_sub 1600 : OOB 0.1975 : L 105 : T 233.4 sec
 - d_sub 1600 : OOB 0.1974 : L 106 : T 235.4 sec
 - d_sub 1600 : OOB 0.1985 : L 107 : T 238.1 sec
 - d_sub 1600 : OOB 0.1992 : L 108 : T 240.3 sec

 - d_sub 1800 : OOB 0.5020 : L 1 : T 1.2 sec
 - d_sub 1800 : OOB 0.4984 : L 2 : T 4.1 sec
 - d_sub 1800 : OOB 0.5051 : L 3 : T 6.5 sec
 - d_sub 1800 : OOB 0.4124 : L 4 : T 8.4 sec
 - d_sub 1800 : OOB 0.3387 : L 5 : T 12.7 sec
 - d_sub 1800 : OOB 0.3409 : L 6 : T 15.7 sec
 - d_sub 1800 : OOB 0.3480 : L 7 : T 18.9 sec
 - d_sub 1800 : OOB 0.3510 : L 8 : T 21.6 sec
 - d_sub 1800 : OOB 0.3468 : L 9 : T 24.5 sec
 - d_sub 1800 : OOB 0.3097 : L 10 : T 27.3 sec
 - d_sub 1800 : OOB 0.3089 : L 11 : T 29.2 sec
 - d_sub 1800 : OOB 0.2868 : L 12 : T 32.2 sec
 - d_sub 1800 : OOB 0.2851 : L 13 : T 36.8 sec
 - d_sub 1800 : OOB 0.2841 : L 14 : T 39.3 sec
 - d_sub 1800 : OOB 0.2912 : L 15 : T 42.7 sec
 - d_sub 1800 : OOB 0.2743 : L 16 : T 45.7 sec
 - d_sub 1800 : OOB 0.2713 : L 17 : T 47.9 sec
 - d_sub 1800 : OOB 0.2702 : L 18 : T 49.9 sec
 - d_sub 1800 : OOB 0.2704 : L 19 : T 53.7 sec
 - d_sub 1800 : OOB 0.2542 : L 20 : T 55.8 sec
 - d_sub 1800 : OOB 0.2543 : L 21 : T 58.6 sec
 - d_sub 1800 : OOB 0.2563 : L 22 : T 60.0 sec
 - d_sub 1800 : OOB 0.2593 : L 23 : T 62.0 sec
 - d_sub 1800 : OOB 0.2557 : L 24 : T 64.2 sec
 - d_sub 1800 : OOB 0.2574 : L 25 : T 66.0 sec
 - d_sub 1800 : OOB 0.2455 : L 26 : T 69.6 sec
 - d_sub 1800 : OOB 0.2427 : L 27 : T 72.6 sec
 - d_sub 1800 : OOB 0.2307 : L 28 : T 75.3 sec
 - d_sub 1800 : OOB 0.2326 : L 29 : T 76.6 sec
 - d_sub 1800 : OOB 0.2292 : L 30 : T 79.5 sec
 - d_sub 1800 : OOB 0.2250 : L 31 : T 81.9 sec
 - d_sub 1800 : OOB 0.2233 : L 32 : T 83.7 sec
 - d_sub 1800 : OOB 0.2206 : L 33 : T 87.1 sec
 - d_sub 1800 : OOB 0.2216 : L 34 : T 90.3 sec
 - d_sub 1800 : OOB 0.2181 : L 35 : T 91.5 sec
 - d_sub 1800 : OOB 0.2175 : L 36 : T 93.8 sec
 - d_sub 1800 : OOB 0.2168 : L 37 : T 96.3 sec
 - d_sub 1800 : OOB 0.2192 : L 38 : T 98.7 sec
 - d_sub 1800 : OOB 0.2197 : L 39 : T 101.6 sec
 - d_sub 1800 : OOB 0.2164 : L 40 : T 105.0 sec
 - d_sub 1800 : OOB 0.2168 : L 41 : T 108.1 sec
 - d_sub 1800 : OOB 0.2164 : L 42 : T 111.4 sec
 - d_sub 1800 : OOB 0.2184 : L 43 : T 117.9 sec
 - d_sub 1800 : OOB 0.2169 : L 44 : T 119.0 sec
 - d_sub 1800 : OOB 0.2171 : L 45 : T 123.2 sec
 - d_sub 1800 : OOB 0.2156 : L 46 : T 125.6 sec
 - d_sub 1800 : OOB 0.2152 : L 47 : T 128.9 sec
 - d_sub 1800 : OOB 0.2159 : L 48 : T 133.0 sec
 - d_sub 1800 : OOB 0.2161 : L 49 : T 135.7 sec
 - d_sub 1800 : OOB 0.2172 : L 50 : T 138.1 sec
 - d_sub 1800 : OOB 0.2156 : L 51 : T 139.5 sec
 - d_sub 1800 : OOB 0.2149 : L 52 : T 142.2 sec
 - d_sub 1800 : OOB 0.2135 : L 53 : T 144.7 sec
 - d_sub 1800 : OOB 0.2149 : L 54 : T 146.1 sec
 - d_sub 1800 : OOB 0.2133 : L 55 : T 147.5 sec
 - d_sub 1800 : OOB 0.2133 : L 56 : T 150.6 sec
 - d_sub 1800 : OOB 0.2155 : L 57 : T 153.7 sec
 - d_sub 1800 : OOB 0.2115 : L 58 : T 158.0 sec
 - d_sub 1800 : OOB 0.2110 : L 59 : T 159.6 sec
 - d_sub 1800 : OOB 0.2101 : L 60 : T 161.8 sec
 - d_sub 1800 : OOB 0.2130 : L 61 : T 166.2 sec
 - d_sub 1800 : OOB 0.2119 : L 62 : T 173.5 sec
 - d_sub 1800 : OOB 0.2108 : L 63 : T 175.8 sec
 - d_sub 1800 : OOB 0.2120 : L 64 : T 180.2 sec
 - d_sub 1800 : OOB 0.2125 : L 65 : T 182.7 sec
 - d_sub 1800 : OOB 0.2119 : L 66 : T 184.8 sec
 - d_sub 1800 : OOB 0.2117 : L 67 : T 187.0 sec
 - d_sub 1800 : OOB 0.2104 : L 68 : T 189.8 sec
 - d_sub 1800 : OOB 0.2096 : L 69 : T 192.2 sec
 - d_sub 1800 : OOB 0.2111 : L 70 : T 194.7 sec
 - d_sub 1800 : OOB 0.2084 : L 71 : T 198.9 sec
 - d_sub 1800 : OOB 0.2100 : L 72 : T 201.8 sec
 - d_sub 1800 : OOB 0.2086 : L 73 : T 204.4 sec
 - d_sub 1800 : OOB 0.2081 : L 74 : T 207.2 sec
 - d_sub 1800 : OOB 0.2092 : L 75 : T 209.8 sec
 - d_sub 1800 : OOB 0.2092 : L 76 : T 211.0 sec
 - d_sub 1800 : OOB 0.2073 : L 77 : T 213.1 sec
 - d_sub 1800 : OOB 0.2076 : L 78 : T 215.1 sec
 - d_sub 1800 : OOB 0.2086 : L 79 : T 217.3 sec
 - d_sub 1800 : OOB 0.2072 : L 80 : T 221.2 sec
 - d_sub 1800 : OOB 0.2069 : L 81 : T 224.6 sec
 - d_sub 1800 : OOB 0.2066 : L 82 : T 228.8 sec
 - d_sub 1800 : OOB 0.2080 : L 83 : T 231.1 sec
 - d_sub 1800 : OOB 0.2063 : L 84 : T 233.4 sec
 - d_sub 1800 : OOB 0.2064 : L 85 : T 235.6 sec
 - d_sub 1800 : OOB 0.2066 : L 86 : T 240.0 sec
 - d_sub 1800 : OOB 0.2062 : L 87 : T 242.5 sec
 - d_sub 1800 : OOB 0.2078 : L 88 : T 244.6 sec
 - d_sub 1800 : OOB 0.2042 : L 89 : T 248.9 sec
 - d_sub 1800 : OOB 0.2043 : L 90 : T 252.2 sec
 - d_sub 1800 : OOB 0.2042 : L 91 : T 254.9 sec
 - d_sub 1800 : OOB 0.2020 : L 92 : T 259.0 sec
 - d_sub 1800 : OOB 0.2052 : L 93 : T 260.5 sec
 - d_sub 1800 : OOB 0.2030 : L 94 : T 262.7 sec
 - d_sub 1800 : OOB 0.2044 : L 95 : T 266.2 sec
 - d_sub 1800 : OOB 0.2027 : L 96 : T 267.4 sec
 - d_sub 1800 : OOB 0.2020 : L 97 : T 270.3 sec
 - d_sub 1800 : OOB 0.2012 : L 98 : T 273.0 sec
 - d_sub 1800 : OOB 0.2019 : L 99 : T 275.0 sec
 - d_sub 1800 : OOB 0.2032 : L 100 : T 279.0 sec
 - d_sub 1800 : OOB 0.2028 : L 101 : T 283.7 sec
 - d_sub 1800 : OOB 0.2021 : L 102 : T 286.3 sec
 - d_sub 1800 : OOB 0.2030 : L 103 : T 288.8 sec
 - d_sub 1800 : OOB 0.2026 : L 104 : T 292.7 sec
 - d_sub 1800 : OOB 0.2027 : L 105 : T 295.6 sec
 - d_sub 1800 : OOB 0.2023 : L 106 : T 298.9 sec
 - d_sub 1800 : OOB 0.2016 : L 107 : T 301.5 sec
 - d_sub 1800 : OOB 0.2019 : L 108 : T 304.2 sec
 - d_sub 1800 : OOB 0.1998 : L 109 : T 306.6 sec
 - d_sub 1800 : OOB 0.2004 : L 110 : T 309.5 sec
 - d_sub 1800 : OOB 0.2010 : L 111 : T 310.6 sec
 - d_sub 1800 : OOB 0.2020 : L 112 : T 314.0 sec
 - d_sub 1800 : OOB 0.2010 : L 113 : T 315.5 sec
 - d_sub 1800 : OOB 0.2032 : L 114 : T 319.1 sec
 - d_sub 1800 : OOB 0.2022 : L 115 : T 321.6 sec
 - d_sub 1800 : OOB 0.2012 : L 116 : T 323.5 sec
 - d_sub 1800 : OOB 0.2002 : L 117 : T 325.5 sec
 - d_sub 1800 : OOB 0.2031 : L 118 : T 327.3 sec
 - d_sub 1800 : OOB 0.2020 : L 119 : T 329.2 sec
 - d_sub 1800 : OOB 0.2025 : L 120 : T 331.2 sec
 - d_sub 1800 : OOB 0.2020 : L 121 : T 334.2 sec
 - d_sub 1800 : OOB 0.2016 : L 122 : T 337.7 sec
 - d_sub 1800 : OOB 0.2007 : L 123 : T 339.5 sec
 - d_sub 1800 : OOB 0.1999 : L 124 : T 341.4 sec
 - d_sub 1800 : OOB 0.2015 : L 125 : T 344.3 sec
 - d_sub 1800 : OOB 0.2011 : L 126 : T 347.5 sec
 - d_sub 1800 : OOB 0.2013 : L 127 : T 348.7 sec
 - d_sub 1800 : OOB 0.2022 : L 128 : T 351.0 sec
 - d_sub 1800 : OOB 0.2012 : L 129 : T 352.3 sec
 - d_sub 1800 : OOB 0.2011 : L 130 : T 353.7 sec
 - d_sub 1800 : OOB 0.2026 : L 131 : T 354.8 sec
 - d_sub 1800 : OOB 0.2016 : L 132 : T 357.2 sec
 - d_sub 1800 : OOB 0.2016 : L 133 : T 358.4 sec
 - d_sub 1800 : OOB 0.1999 : L 134 : T 359.9 sec
 - d_sub 1800 : OOB 0.2011 : L 135 : T 362.0 sec

 - d_sub 2000 : OOB 0.4076 : L 1 : T 2.1 sec
 - d_sub 2000 : OOB 0.3517 : L 2 : T 2.7 sec
 - d_sub 2000 : OOB 0.3532 : L 3 : T 5.5 sec
 - d_sub 2000 : OOB 0.3184 : L 4 : T 6.1 sec
 - d_sub 2000 : OOB 0.2962 : L 5 : T 8.4 sec
 - d_sub 2000 : OOB 0.2922 : L 6 : T 11.7 sec
 - d_sub 2000 : OOB 0.2907 : L 7 : T 12.2 sec
 - d_sub 2000 : OOB 0.2915 : L 8 : T 14.1 sec
 - d_sub 2000 : OOB 0.2937 : L 9 : T 16.2 sec
 - d_sub 2000 : OOB 0.2717 : L 10 : T 17.7 sec
 - d_sub 2000 : OOB 0.2696 : L 11 : T 20.2 sec
 - d_sub 2000 : OOB 0.2629 : L 12 : T 23.1 sec
 - d_sub 2000 : OOB 0.2639 : L 13 : T 25.7 sec
 - d_sub 2000 : OOB 0.2502 : L 14 : T 29.2 sec
 - d_sub 2000 : OOB 0.2543 : L 15 : T 29.7 sec
 - d_sub 2000 : OOB 0.2493 : L 16 : T 32.5 sec
 - d_sub 2000 : OOB 0.2500 : L 17 : T 33.8 sec
 - d_sub 2000 : OOB 0.2524 : L 18 : T 35.3 sec
 - d_sub 2000 : OOB 0.2524 : L 19 : T 37.3 sec
 - d_sub 2000 : OOB 0.2436 : L 20 : T 38.7 sec
 - d_sub 2000 : OOB 0.2444 : L 21 : T 40.9 sec
 - d_sub 2000 : OOB 0.2470 : L 22 : T 41.4 sec
 - d_sub 2000 : OOB 0.2410 : L 23 : T 46.2 sec
 - d_sub 2000 : OOB 0.2377 : L 24 : T 49.2 sec
 - d_sub 2000 : OOB 0.2379 : L 25 : T 51.2 sec
 - d_sub 2000 : OOB 0.2362 : L 26 : T 51.7 sec
 - d_sub 2000 : OOB 0.2365 : L 27 : T 54.2 sec
 - d_sub 2000 : OOB 0.2371 : L 28 : T 56.9 sec
 - d_sub 2000 : OOB 0.2404 : L 29 : T 58.4 sec
 - d_sub 2000 : OOB 0.2388 : L 30 : T 60.3 sec
 - d_sub 2000 : OOB 0.2322 : L 31 : T 61.7 sec
 - d_sub 2000 : OOB 0.2285 : L 32 : T 63.2 sec
 - d_sub 2000 : OOB 0.2292 : L 33 : T 64.6 sec
 - d_sub 2000 : OOB 0.2260 : L 34 : T 67.4 sec
 - d_sub 2000 : OOB 0.2236 : L 35 : T 68.0 sec
 - d_sub 2000 : OOB 0.2261 : L 36 : T 69.0 sec
 - d_sub 2000 : OOB 0.2245 : L 37 : T 71.4 sec
 - d_sub 2000 : OOB 0.2226 : L 38 : T 73.5 sec
 - d_sub 2000 : OOB 0.2236 : L 39 : T 77.1 sec
 - d_sub 2000 : OOB 0.2234 : L 40 : T 78.3 sec
 - d_sub 2000 : OOB 0.2233 : L 41 : T 80.8 sec
 - d_sub 2000 : OOB 0.2225 : L 42 : T 81.9 sec
 - d_sub 2000 : OOB 0.2227 : L 43 : T 86.2 sec
 - d_sub 2000 : OOB 0.2221 : L 44 : T 87.5 sec
 - d_sub 2000 : OOB 0.2207 : L 45 : T 89.7 sec
 - d_sub 2000 : OOB 0.2202 : L 46 : T 92.8 sec
 - d_sub 2000 : OOB 0.2185 : L 47 : T 97.0 sec
 - d_sub 2000 : OOB 0.2155 : L 48 : T 98.5 sec
 - d_sub 2000 : OOB 0.2157 : L 49 : T 103.1 sec
 - d_sub 2000 : OOB 0.2162 : L 50 : T 104.6 sec
 - d_sub 2000 : OOB 0.2150 : L 51 : T 106.5 sec
 - d_sub 2000 : OOB 0.2151 : L 52 : T 108.0 sec
 - d_sub 2000 : OOB 0.2139 : L 53 : T 110.1 sec
 - d_sub 2000 : OOB 0.2149 : L 54 : T 114.1 sec
 - d_sub 2000 : OOB 0.2132 : L 55 : T 114.6 sec
 - d_sub 2000 : OOB 0.2145 : L 56 : T 115.8 sec
 - d_sub 2000 : OOB 0.2133 : L 57 : T 117.8 sec
 - d_sub 2000 : OOB 0.2115 : L 58 : T 120.9 sec
 - d_sub 2000 : OOB 0.2115 : L 59 : T 122.2 sec
 - d_sub 2000 : OOB 0.2145 : L 60 : T 125.8 sec
 - d_sub 2000 : OOB 0.2137 : L 61 : T 127.2 sec
 - d_sub 2000 : OOB 0.2103 : L 62 : T 128.5 sec
 - d_sub 2000 : OOB 0.2113 : L 63 : T 130.7 sec
 - d_sub 2000 : OOB 0.2112 : L 64 : T 133.3 sec
 - d_sub 2000 : OOB 0.2103 : L 65 : T 134.6 sec
 - d_sub 2000 : OOB 0.2073 : L 66 : T 137.4 sec
 - d_sub 2000 : OOB 0.2084 : L 67 : T 138.8 sec
 - d_sub 2000 : OOB 0.2085 : L 68 : T 143.5 sec
 - d_sub 2000 : OOB 0.2080 : L 69 : T 144.7 sec
 - d_sub 2000 : OOB 0.2062 : L 70 : T 146.7 sec
 - d_sub 2000 : OOB 0.2077 : L 71 : T 150.5 sec
 - d_sub 2000 : OOB 0.2059 : L 72 : T 152.9 sec
 - d_sub 2000 : OOB 0.2056 : L 73 : T 154.5 sec
 - d_sub 2000 : OOB 0.2071 : L 74 : T 157.7 sec
 - d_sub 2000 : OOB 0.2044 : L 75 : T 158.3 sec
 - d_sub 2000 : OOB 0.2048 : L 76 : T 160.6 sec
 - d_sub 2000 : OOB 0.2026 : L 77 : T 162.6 sec
 - d_sub 2000 : OOB 0.2032 : L 78 : T 164.6 sec
 - d_sub 2000 : OOB 0.2061 : L 79 : T 165.2 sec
 - d_sub 2000 : OOB 0.2056 : L 80 : T 166.8 sec
 - d_sub 2000 : OOB 0.2045 : L 81 : T 169.5 sec
 - d_sub 2000 : OOB 0.2031 : L 82 : T 171.7 sec
 - d_sub 2000 : OOB 0.2068 : L 83 : T 175.2 sec
 - d_sub 2000 : OOB 0.2053 : L 84 : T 177.4 sec
 - d_sub 2000 : OOB 0.2053 : L 85 : T 178.8 sec
 - d_sub 2000 : OOB 0.2055 : L 86 : T 183.0 sec
 - d_sub 2000 : OOB 0.2063 : L 87 : T 183.5 sec
 - d_sub 2000 : OOB 0.2054 : L 88 : T 184.8 sec
 - d_sub 2000 : OOB 0.2056 : L 89 : T 188.7 sec
 - d_sub 2000 : OOB 0.2056 : L 90 : T 190.2 sec
 - d_sub 2000 : OOB 0.2045 : L 91 : T 192.4 sec
 - d_sub 2000 : OOB 0.2058 : L 92 : T 193.6 sec
 - d_sub 2000 : OOB 0.2047 : L 93 : T 194.9 sec
 - d_sub 2000 : OOB 0.2061 : L 94 : T 198.5 sec
 - d_sub 2000 : OOB 0.2044 : L 95 : T 200.4 sec
 - d_sub 2000 : OOB 0.2066 : L 96 : T 203.0 sec
 - d_sub 2000 : OOB 0.2073 : L 97 : T 205.2 sec
 - d_sub 2000 : OOB 0.2049 : L 98 : T 207.4 sec
 - d_sub 2000 : OOB 0.2037 : L 99 : T 208.8 sec
 - d_sub 2000 : OOB 0.2051 : L 100 : T 213.3 sec
 - d_sub 2000 : OOB 0.2031 : L 101 : T 214.8 sec
 - d_sub 2000 : OOB 0.2034 : L 102 : T 217.9 sec
 - d_sub 2000 : OOB 0.2032 : L 103 : T 221.5 sec
 - d_sub 2000 : OOB 0.2033 : L 104 : T 222.1 sec
 - d_sub 2000 : OOB 0.2020 : L 105 : T 223.7 sec
 - d_sub 2000 : OOB 0.2008 : L 106 : T 227.0 sec
 - d_sub 2000 : OOB 0.2026 : L 107 : T 229.9 sec
 - d_sub 2000 : OOB 0.2015 : L 108 : T 230.4 sec
 - d_sub 2000 : OOB 0.2009 : L 109 : T 232.6 sec
 - d_sub 2000 : OOB 0.2011 : L 110 : T 235.3 sec
 - d_sub 2000 : OOB 0.2013 : L 111 : T 241.5 sec
 - d_sub 2000 : OOB 0.1995 : L 112 : T 244.1 sec
 - d_sub 2000 : OOB 0.2007 : L 113 : T 245.9 sec
 - d_sub 2000 : OOB 0.2015 : L 114 : T 246.4 sec
 - d_sub 2000 : OOB 0.2013 : L 115 : T 247.8 sec
 - d_sub 2000 : OOB 0.2006 : L 116 : T 248.3 sec
 - d_sub 2000 : OOB 0.2021 : L 117 : T 249.9 sec
 - d_sub 2000 : OOB 0.2030 : L 118 : T 250.5 sec
 - d_sub 2000 : OOB 0.2013 : L 119 : T 252.0 sec
 - d_sub 2000 : OOB 0.2011 : L 120 : T 252.6 sec
 - d_sub 2000 : OOB 0.2021 : L 121 : T 254.4 sec
 - d_sub 2000 : OOB 0.2003 : L 122 : T 255.1 sec
 - d_sub 2000 : OOB 0.2012 : L 123 : T 256.6 sec
 - d_sub 2000 : OOB 0.2010 : L 124 : T 260.7 sec
 - d_sub 2000 : OOB 0.2014 : L 125 : T 261.2 sec
 - d_sub 2000 : OOB 0.2004 : L 126 : T 264.1 sec
 - d_sub 2000 : OOB 0.2018 : L 127 : T 264.7 sec
 - d_sub 2000 : OOB 0.1994 : L 128 : T 266.5 sec
 - d_sub 2000 : OOB 0.2001 : L 129 : T 270.3 sec
 - d_sub 2000 : OOB 0.2025 : L 130 : T 272.6 sec
 - d_sub 2000 : OOB 0.2007 : L 131 : T 273.2 sec
 - d_sub 2000 : OOB 0.2013 : L 132 : T 280.4 sec
 - d_sub 2000 : OOB 0.2005 : L 133 : T 284.6 sec
 - d_sub 2000 : OOB 0.2014 : L 134 : T 285.1 sec
 - d_sub 2000 : OOB 0.2006 : L 135 : T 288.7 sec
 - d_sub 2000 : OOB 0.2007 : L 136 : T 292.1 sec
 - d_sub 2000 : OOB 0.2007 : L 137 : T 295.0 sec
 - d_sub 2000 : OOB 0.2020 : L 138 : T 298.0 sec
 - d_sub 2000 : OOB 0.2021 : L 139 : T 301.4 sec
 - d_sub 2000 : OOB 0.2009 : L 140 : T 304.4 sec
 - d_sub 2000 : OOB 0.2005 : L 141 : T 307.0 sec
 - d_sub 2000 : OOB 0.2025 : L 142 : T 310.1 sec
 - d_sub 2000 : OOB 0.2016 : L 143 : T 315.7 sec
 - d_sub 2000 : OOB 0.2013 : L 144 : T 318.0 sec
# -------------------------
optimal d_sub 1600 : OOB 0.1992 : L 108 : T 1672.1 sec
Testing error: 0.1985
# -------------------------
# Ensemble classification
#  - Training samples: 10000 (5000/5000)
#  - Feature-space dimensionality: 22563
#  - L : automatic (min 25, max 500, length 50, eps 0.00500)
#  - d_sub : 300
#  - Seed 1 (subspaces) : 712862072
#  - Seed 2 (bootstrap) : 914718658
# -------------------------

 - d_sub 300 : OOB 0.4229 : L 1 : T 0.1 sec
 - d_sub 300 : OOB 0.3738 : L 2 : T 0.1 sec
 - d_sub 300 : OOB 0.3435 : L 3 : T 0.2 sec
 - d_sub 300 : OOB 0.3440 : L 4 : T 0.2 sec
 - d_sub 300 : OOB 0.3426 : L 5 : T 0.3 sec
 - d_sub 300 : OOB 0.3225 : L 6 : T 0.3 sec
 - d_sub 300 : OOB 0.3049 : L 7 : T 0.4 sec
 - d_sub 300 : OOB 0.2979 : L 8 : T 0.5 sec
 - d_sub 300 : OOB 0.2927 : L 9 : T 0.5 sec
 - d_sub 300 : OOB 0.2903 : L 10 : T 0.6 sec
 - d_sub 300 : OOB 0.2788 : L 11 : T 0.6 sec
 - d_sub 300 : OOB 0.2798 : L 12 : T 0.7 sec
 - d_sub 300 : OOB 0.2763 : L 13 : T 0.7 sec
 - d_sub 300 : OOB 0.2745 : L 14 : T 0.8 sec
 - d_sub 300 : OOB 0.2705 : L 15 : T 0.9 sec
 - d_sub 300 : OOB 0.2685 : L 16 : T 0.9 sec
 - d_sub 300 : OOB 0.2686 : L 17 : T 1.0 sec
 - d_sub 300 : OOB 0.2667 : L 18 : T 1.0 sec
 - d_sub 300 : OOB 0.2669 : L 19 : T 1.1 sec
 - d_sub 300 : OOB 0.2661 : L 20 : T 1.1 sec
 - d_sub 300 : OOB 0.2637 : L 21 : T 1.2 sec
 - d_sub 300 : OOB 0.2644 : L 22 : T 1.3 sec
 - d_sub 300 : OOB 0.2648 : L 23 : T 1.3 sec
 - d_sub 300 : OOB 0.2617 : L 24 : T 1.4 sec
 - d_sub 300 : OOB 0.2608 : L 25 : T 1.4 sec
 - d_sub 300 : OOB 0.2591 : L 26 : T 1.5 sec
 - d_sub 300 : OOB 0.2615 : L 27 : T 1.5 sec
 - d_sub 300 : OOB 0.2614 : L 28 : T 1.6 sec
 - d_sub 300 : OOB 0.2602 : L 29 : T 1.7 sec
 - d_sub 300 : OOB 0.2588 : L 30 : T 1.7 sec
 - d_sub 300 : OOB 0.2588 : L 31 : T 1.8 sec
 - d_sub 300 : OOB 0.2603 : L 32 : T 1.8 sec
 - d_sub 300 : OOB 0.2581 : L 33 : T 1.9 sec
 - d_sub 300 : OOB 0.2572 : L 34 : T 2.0 sec
 - d_sub 300 : OOB 0.2591 : L 35 : T 2.0 sec
 - d_sub 300 : OOB 0.2578 : L 36 : T 2.1 sec
 - d_sub 300 : OOB 0.2552 : L 37 : T 2.1 sec
 - d_sub 300 : OOB 0.2541 : L 38 : T 2.2 sec
 - d_sub 300 : OOB 0.2533 : L 39 : T 2.2 sec
 - d_sub 300 : OOB 0.2531 : L 40 : T 2.3 sec
 - d_sub 300 : OOB 0.2512 : L 41 : T 2.4 sec
 - d_sub 300 : OOB 0.2510 : L 42 : T 2.4 sec
 - d_sub 300 : OOB 0.2506 : L 43 : T 2.5 sec
 - d_sub 300 : OOB 0.2488 : L 44 : T 2.5 sec
 - d_sub 300 : OOB 0.2491 : L 45 : T 2.6 sec
 - d_sub 300 : OOB 0.2477 : L 46 : T 2.6 sec
 - d_sub 300 : OOB 0.2506 : L 47 : T 2.7 sec
 - d_sub 300 : OOB 0.2493 : L 48 : T 2.8 sec
 - d_sub 300 : OOB 0.2496 : L 49 : T 2.8 sec
 - d_sub 300 : OOB 0.2489 : L 50 : T 2.9 sec
 - d_sub 300 : OOB 0.2503 : L 51 : T 2.9 sec
 - d_sub 300 : OOB 0.2484 : L 52 : T 3.0 sec
 - d_sub 300 : OOB 0.2481 : L 53 : T 3.0 sec
 - d_sub 300 : OOB 0.2494 : L 54 : T 3.1 sec
 - d_sub 300 : OOB 0.2495 : L 55 : T 3.1 sec
 - d_sub 300 : OOB 0.2486 : L 56 : T 3.2 sec
 - d_sub 300 : OOB 0.2495 : L 57 : T 3.2 sec
 - d_sub 300 : OOB 0.2480 : L 58 : T 3.3 sec
 - d_sub 300 : OOB 0.2477 : L 59 : T 3.4 sec
 - d_sub 300 : OOB 0.2492 : L 60 : T 3.4 sec
 - d_sub 300 : OOB 0.2468 : L 61 : T 3.5 sec
 - d_sub 300 : OOB 0.2483 : L 62 : T 3.5 sec
 - d_sub 300 : OOB 0.2511 : L 63 : T 3.6 sec
 - d_sub 300 : OOB 0.2493 : L 64 : T 3.6 sec
 - d_sub 300 : OOB 0.2500 : L 65 : T 3.7 sec
 - d_sub 300 : OOB 0.2505 : L 66 : T 3.7 sec
 - d_sub 300 : OOB 0.2480 : L 67 : T 3.8 sec
 - d_sub 300 : OOB 0.2500 : L 68 : T 3.9 sec
 - d_sub 300 : OOB 0.2495 : L 69 : T 3.9 sec
 - d_sub 300 : OOB 0.2490 : L 70 : T 4.0 sec
 - d_sub 300 : OOB 0.2488 : L 71 : T 4.0 sec
 - d_sub 300 : OOB 0.2484 : L 72 : T 4.1 sec
 - d_sub 300 : OOB 0.2491 : L 73 : T 4.1 sec
 - d_sub 300 : OOB 0.2487 : L 74 : T 4.2 sec
 - d_sub 300 : OOB 0.2501 : L 75 : T 4.3 sec
 - d_sub 300 : OOB 0.2485 : L 76 : T 4.3 sec
 - d_sub 300 : OOB 0.2490 : L 77 : T 4.4 sec
 - d_sub 300 : OOB 0.2495 : L 78 : T 4.4 sec
 - d_sub 300 : OOB 0.2482 : L 79 : T 4.5 sec
 - d_sub 300 : OOB 0.2470 : L 80 : T 4.5 sec
 - d_sub 300 : OOB 0.2491 : L 81 : T 4.6 sec
 - d_sub 300 : OOB 0.2478 : L 82 : T 4.7 sec
 - d_sub 300 : OOB 0.2488 : L 83 : T 4.7 sec
 - d_sub 300 : OOB 0.2483 : L 84 : T 4.8 sec
 - d_sub 300 : OOB 0.2487 : L 85 : T 4.8 sec
 - d_sub 300 : OOB 0.2490 : L 86 : T 4.9 sec
 - d_sub 300 : OOB 0.2494 : L 87 : T 4.9 sec
# -------------------------
optimal d_sub 300 : OOB 0.2494 : L 87 : T 4.9 sec
# -------------------------
# Ensemble classification
#  - Training samples: 10000 (5000/5000)
#  - Feature-space dimensionality: 22563
#  - L : 30
#  - d_sub : 300
#  - Seed 1 (subspaces) : 276160032
#  - Seed 2 (bootstrap) : 29300765
# -------------------------

 - d_sub 300 : OOB 0.5020 : L 1 : T 0.1 sec
 - d_sub 300 : OOB 0.4984 : L 2 : T 0.1 sec
 - d_sub 300 : OOB 0.5051 : L 3 : T 0.2 sec
 - d_sub 300 : OOB 0.4191 : L 4 : T 0.2 sec
 - d_sub 300 : OOB 0.4097 : L 5 : T 0.3 sec
 - d_sub 300 : OOB 0.4191 : L 6 : T 0.3 sec
 - d_sub 300 : OOB 0.4171 : L 7 : T 0.4 sec
 - d_sub 300 : OOB 0.3658 : L 8 : T 0.4 sec
 - d_sub 300 : OOB 0.3632 : L 9 : T 0.5 sec
 - d_sub 300 : OOB 0.3626 : L 10 : T 0.5 sec
 - d_sub 300 : OOB 0.3615 : L 11 : T 0.6 sec
 - d_sub 300 : OOB 0.3652 : L 12 : T 0.6 sec
 - d_sub 300 : OOB 0.3607 : L 13 : T 0.7 sec
 - d_sub 300 : OOB 0.3314 : L 14 : T 0.7 sec
 - d_sub 300 : OOB 0.3328 : L 15 : T 0.8 sec
 - d_sub 300 : OOB 0.3260 : L 16 : T 0.9 sec
 - d_sub 300 : OOB 0.3285 : L 17 : T 0.9 sec
 - d_sub 300 : OOB 0.3266 : L 18 : T 1.0 sec
 - d_sub 300 : OOB 0.3311 : L 19 : T 1.0 sec
 - d_sub 300 : OOB 0.3077 : L 20 : T 1.1 sec
 - d_sub 300 : OOB 0.3026 : L 21 : T 1.1 sec
 - d_sub 300 : OOB 0.3043 : L 22 : T 1.2 sec
 - d_sub 300 : OOB 0.3051 : L 23 : T 1.2 sec
 - d_sub 300 : OOB 0.3054 : L 24 : T 1.3 sec
 - d_sub 300 : OOB 0.3081 : L 25 : T 1.4 sec
 - d_sub 300 : OOB 0.2949 : L 26 : T 1.4 sec
 - d_sub 300 : OOB 0.2982 : L 27 : T 1.5 sec
 - d_sub 300 : OOB 0.2917 : L 28 : T 1.5 sec
 - d_sub 300 : OOB 0.2836 : L 29 : T 1.6 sec
 - d_sub 300 : OOB 0.2847 : L 30 : T 1.6 sec
# -------------------------
optimal d_sub 300 : OOB 0.2847 : L 30 : T 1.6 sec
# -------------------------
# Ensemble classification
#  - Training samples: 10000 (5000/5000)
#  - Feature-space dimensionality: 22563
#  - L : 30
#  - d_sub : 300
#  - Seed 1 (subspaces) : 373665828
#  - Seed 2 (bootstrap) : 448869175
# -------------------------

 - d_sub 300 : OOB 0.4149 : L 1 : T 0.1 sec
 - d_sub 300 : OOB 0.3648 : L 2 : T 0.1 sec
 - d_sub 300 : OOB 0.3666 : L 3 : T 0.2 sec
 - d_sub 300 : OOB 0.3645 : L 4 : T 0.2 sec
 - d_sub 300 : OOB 0.3691 : L 5 : T 0.3 sec
 - d_sub 300 : OOB 0.3724 : L 6 : T 0.3 sec
 - d_sub 300 : OOB 0.3359 : L 7 : T 0.4 sec
 - d_sub 300 : OOB 0.3115 : L 8 : T 0.4 sec
 - d_sub 300 : OOB 0.3097 : L 9 : T 0.5 sec
 - d_sub 300 : OOB 0.3081 : L 10 : T 0.6 sec
 - d_sub 300 : OOB 0.3040 : L 11 : T 0.6 sec
 - d_sub 300 : OOB 0.3144 : L 12 : T 0.7 sec
 - d_sub 300 : OOB 0.3075 : L 13 : T 0.7 sec
 - d_sub 300 : OOB 0.3113 : L 14 : T 0.8 sec
 - d_sub 300 : OOB 0.2960 : L 15 : T 0.8 sec
 - d_sub 300 : OOB 0.2959 : L 16 : T 0.9 sec
 - d_sub 300 : OOB 0.2968 : L 17 : T 0.9 sec
 - d_sub 300 : OOB 0.2950 : L 18 : T 1.0 sec
 - d_sub 300 : OOB 0.2983 : L 19 : T 1.0 sec
 - d_sub 300 : OOB 0.2934 : L 20 : T 1.1 sec
 - d_sub 300 : OOB 0.2923 : L 21 : T 1.1 sec
 - d_sub 300 : OOB 0.2839 : L 22 : T 1.2 sec
 - d_sub 300 : OOB 0.2893 : L 23 : T 1.3 sec
 - d_sub 300 : OOB 0.2829 : L 24 : T 1.3 sec
 - d_sub 300 : OOB 0.2764 : L 25 : T 1.4 sec
 - d_sub 300 : OOB 0.2716 : L 26 : T 1.4 sec
 - d_sub 300 : OOB 0.2727 : L 27 : T 1.5 sec
 - d_sub 300 : OOB 0.2695 : L 28 : T 1.5 sec
 - d_sub 300 : OOB 0.2696 : L 29 : T 1.6 sec
 - d_sub 300 : OOB 0.2664 : L 30 : T 1.6 sec
# -------------------------
optimal d_sub 300 : OOB 0.2664 : L 30 : T 1.6 sec
# -------------------------
# Ensemble classification
#  - Training samples: 10000 (5000/5000)
#  - Feature-space dimensionality: 22563
#  - L : 30
#  - d_sub : 300
#  - Seed 1 (subspaces) : 487993200
#  - Seed 2 (bootstrap) : 337706421
# -------------------------

 - d_sub 300 : OOB 0.4134 : L 1 : T 0.1 sec
 - d_sub 300 : OOB 0.4044 : L 2 : T 0.1 sec
 - d_sub 300 : OOB 0.4193 : L 3 : T 0.2 sec
 - d_sub 300 : OOB 0.4218 : L 4 : T 0.2 sec
 - d_sub 300 : OOB 0.4115 : L 5 : T 0.3 sec
 - d_sub 300 : OOB 0.3671 : L 6 : T 0.3 sec
 - d_sub 300 : OOB 0.3333 : L 7 : T 0.4 sec
 - d_sub 300 : OOB 0.3387 : L 8 : T 0.5 sec
 - d_sub 300 : OOB 0.3090 : L 9 : T 0.5 sec
 - d_sub 300 : OOB 0.3086 : L 10 : T 0.6 sec
 - d_sub 300 : OOB 0.3141 : L 11 : T 0.6 sec
 - d_sub 300 : OOB 0.3057 : L 12 : T 0.7 sec
 - d_sub 300 : OOB 0.2921 : L 13 : T 0.7 sec
 - d_sub 300 : OOB 0.2908 : L 14 : T 0.8 sec
 - d_sub 300 : OOB 0.2892 : L 15 : T 0.8 sec
 - d_sub 300 : OOB 0.2887 : L 16 : T 0.9 sec
 - d_sub 300 : OOB 0.2791 : L 17 : T 0.9 sec
 - d_sub 300 : OOB 0.2760 : L 18 : T 1.0 sec
 - d_sub 300 : OOB 0.2672 : L 19 : T 1.1 sec
 - d_sub 300 : OOB 0.2703 : L 20 : T 1.1 sec
 - d_sub 300 : OOB 0.2673 : L 21 : T 1.2 sec
 - d_sub 300 : OOB 0.2668 : L 22 : T 1.2 sec
 - d_sub 300 : OOB 0.2657 : L 23 : T 1.3 sec
 - d_sub 300 : OOB 0.2616 : L 24 : T 1.3 sec
 - d_sub 300 : OOB 0.2625 : L 25 : T 1.4 sec
 - d_sub 300 : OOB 0.2577 : L 26 : T 1.4 sec
 - d_sub 300 : OOB 0.2580 : L 27 : T 1.5 sec
 - d_sub 300 : OOB 0.2565 : L 28 : T 1.6 sec
 - d_sub 300 : OOB 0.2545 : L 29 : T 1.6 sec
 - d_sub 300 : OOB 0.2551 : L 30 : T 1.7 sec
# -------------------------
optimal d_sub 300 : OOB 0.2551 : L 30 : T 1.7 sec
# -------------------------
# Ensemble classification
#  - Training samples: 10000 (5000/5000)
#  - Feature-space dimensionality: 22563
#  - L : 30
#  - d_sub : 300
#  - Seed 1 (subspaces) : 858762180
#  - Seed 2 (bootstrap) : 310162305
# -------------------------

 - d_sub 300 : OOB 0.4203 : L 1 : T 0.1 sec
 - d_sub 300 : OOB 0.4115 : L 2 : T 0.1 sec
 - d_sub 300 : OOB 0.3730 : L 3 : T 0.2 sec
 - d_sub 300 : OOB 0.3374 : L 4 : T 0.2 sec
 - d_sub 300 : OOB 0.3412 : L 5 : T 0.3 sec
 - d_sub 300 : OOB 0.3407 : L 6 : T 0.3 sec
 - d_sub 300 : OOB 0.3384 : L 7 : T 0.4 sec
 - d_sub 300 : OOB 0.3387 : L 8 : T 0.4 sec
 - d_sub 300 : OOB 0.3399 : L 9 : T 0.5 sec
 - d_sub 300 : OOB 0.3282 : L 10 : T 0.6 sec
 - d_sub 300 : OOB 0.3352 : L 11 : T 0.6 sec
 - d_sub 300 : OOB 0.3418 : L 12 : T 0.7 sec
 - d_sub 300 : OOB 0.3236 : L 13 : T 0.7 sec
 - d_sub 300 : OOB 0.2979 : L 14 : T 0.8 sec
 - d_sub 300 : OOB 0.2905 : L 15 : T 0.8 sec
 - d_sub 300 : OOB 0.2882 : L 16 : T 0.9 sec
 - d_sub 300 : OOB 0.2943 : L 17 : T 0.9 sec
 - d_sub 300 : OOB 0.2804 : L 18 : T 1.0 sec
 - d_sub 300 : OOB 0.2770 : L 19 : T 1.1 sec
 - d_sub 300 : OOB 0.2749 : L 20 : T 1.1 sec
 - d_sub 300 : OOB 0.2703 : L 21 : T 1.2 sec
 - d_sub 300 : OOB 0.2690 : L 22 : T 1.2 sec
 - d_sub 300 : OOB 0.2705 : L 23 : T 1.3 sec
 - d_sub 300 : OOB 0.2620 : L 24 : T 1.3 sec
 - d_sub 300 : OOB 0.2630 : L 25 : T 1.4 sec
 - d_sub 300 : OOB 0.2601 : L 26 : T 1.4 sec
 - d_sub 300 : OOB 0.2621 : L 27 : T 1.5 sec
 - d_sub 300 : OOB 0.2564 : L 28 : T 1.6 sec
 - d_sub 300 : OOB 0.2583 : L 29 : T 1.6 sec
 - d_sub 300 : OOB 0.2578 : L 30 : T 1.7 sec
# -------------------------
optimal d_sub 300 : OOB 0.2578 : L 30 : T 1.7 sec
# -------------------------
# Ensemble classification
#  - Training samples: 10000 (5000/5000)
#  - Feature-space dimensionality: 22563
#  - L : 30
#  - d_sub : 300
#  - Seed 1 (subspaces) : 792933608
#  - Seed 2 (bootstrap) : 921759991
# -------------------------

 - d_sub 300 : OOB 0.4205 : L 1 : T 0.1 sec
 - d_sub 300 : OOB 0.4114 : L 2 : T 0.1 sec
 - d_sub 300 : OOB 0.4252 : L 3 : T 0.2 sec
 - d_sub 300 : OOB 0.4277 : L 4 : T 0.2 sec
 - d_sub 300 : OOB 0.4175 : L 5 : T 0.3 sec
 - d_sub 300 : OOB 0.3739 : L 6 : T 0.3 sec
 - d_sub 300 : OOB 0.3608 : L 7 : T 0.4 sec
 - d_sub 300 : OOB 0.3653 : L 8 : T 0.5 sec
 - d_sub 300 : OOB 0.3326 : L 9 : T 0.5 sec
 - d_sub 300 : OOB 0.3312 : L 10 : T 0.6 sec
 - d_sub 300 : OOB 0.3335 : L 11 : T 0.6 sec
 - d_sub 300 : OOB 0.3353 : L 12 : T 0.7 sec
 - d_sub 300 : OOB 0.3327 : L 13 : T 0.7 sec
 - d_sub 300 : OOB 0.3336 : L 14 : T 0.8 sec
 - d_sub 300 : OOB 0.3119 : L 15 : T 0.8 sec
 - d_sub 300 : OOB 0.2980 : L 16 : T 0.9 sec
 - d_sub 300 : OOB 0.2984 : L 17 : T 1.0 sec
 - d_sub 300 : OOB 0.2891 : L 18 : T 1.0 sec
 - d_sub 300 : OOB 0.2861 : L 19 : T 1.1 sec
 - d_sub 300 : OOB 0.2822 : L 20 : T 1.1 sec
 - d_sub 300 : OOB 0.2778 : L 21 : T 1.2 sec
 - d_sub 300 : OOB 0.2735 : L 22 : T 1.2 sec
 - d_sub 300 : OOB 0.2741 : L 23 : T 1.3 sec
 - d_sub 300 : OOB 0.2686 : L 24 : T 1.3 sec
 - d_sub 300 : OOB 0.2698 : L 25 : T 1.4 sec
 - d_sub 300 : OOB 0.2688 : L 26 : T 1.5 sec
 - d_sub 300 : OOB 0.2678 : L 27 : T 1.5 sec
 - d_sub 300 : OOB 0.2667 : L 28 : T 1.6 sec
 - d_sub 300 : OOB 0.2685 : L 29 : T 1.6 sec
 - d_sub 300 : OOB 0.2667 : L 30 : T 1.7 sec
# -------------------------
optimal d_sub 300 : OOB 0.2667 : L 30 : T 1.7 sec
# -------------------------
# Ensemble classification
#  - Training samples: 10000 (5000/5000)
#  - Feature-space dimensionality: 22563
#  - L : 30
#  - d_sub : 300
#  - Seed 1 (subspaces) : 860550323
#  - Seed 2 (bootstrap) : 809795802
# -------------------------

 - d_sub 300 : OOB 0.5020 : L 1 : T 0.1 sec
 - d_sub 300 : OOB 0.4225 : L 2 : T 0.1 sec
 - d_sub 300 : OOB 0.4249 : L 3 : T 0.2 sec
 - d_sub 300 : OOB 0.3706 : L 4 : T 0.2 sec
 - d_sub 300 : OOB 0.3677 : L 5 : T 0.3 sec
 - d_sub 300 : OOB 0.3313 : L 6 : T 0.4 sec
 - d_sub 300 : OOB 0.3138 : L 7 : T 0.4 sec
 - d_sub 300 : OOB 0.3119 : L 8 : T 0.5 sec
 - d_sub 300 : OOB 0.3198 : L 9 : T 0.5 sec
 - d_sub 300 : OOB 0.2976 : L 10 : T 0.6 sec
 - d_sub 300 : OOB 0.2907 : L 11 : T 0.6 sec
 - d_sub 300 : OOB 0.2834 : L 12 : T 0.7 sec
 - d_sub 300 : OOB 0.2799 : L 13 : T 0.8 sec
 - d_sub 300 : OOB 0.2820 : L 14 : T 0.8 sec
 - d_sub 300 : OOB 0.2773 : L 15 : T 0.9 sec
 - d_sub 300 : OOB 0.2743 : L 16 : T 0.9 sec
 - d_sub 300 : OOB 0.2720 : L 17 : T 1.0 sec
 - d_sub 300 : OOB 0.2714 : L 18 : T 1.0 sec
 - d_sub 300 : OOB 0.2656 : L 19 : T 1.1 sec
 - d_sub 300 : OOB 0.2705 : L 20 : T 1.2 sec
 - d_sub 300 : OOB 0.2659 : L 21 : T 1.2 sec
 - d_sub 300 : OOB 0.2634 : L 22 : T 1.3 sec
 - d_sub 300 : OOB 0.2631 : L 23 : T 1.3 sec
 - d_sub 300 : OOB 0.2616 : L 24 : T 1.4 sec
 - d_sub 300 : OOB 0.2631 : L 25 : T 1.4 sec
 - d_sub 300 : OOB 0.2594 : L 26 : T 1.5 sec
 - d_sub 300 : OOB 0.2594 : L 27 : T 1.5 sec
 - d_sub 300 : OOB 0.2587 : L 28 : T 1.6 sec
 - d_sub 300 : OOB 0.2549 : L 29 : T 1.7 sec
 - d_sub 300 : OOB 0.2568 : L 30 : T 1.7 sec
# -------------------------
optimal d_sub 300 : OOB 0.2568 : L 30 : T 1.7 sec
# -------------------------
# Ensemble classification
#  - Training samples: 10000 (5000/5000)
#  - Feature-space dimensionality: 22563
#  - L : 30
#  - d_sub : 300
#  - Seed 1 (subspaces) : 167164459
#  - Seed 2 (bootstrap) : 218354003
# -------------------------

 - d_sub 300 : OOB 0.5020 : L 1 : T 0.1 sec
 - d_sub 300 : OOB 0.4984 : L 2 : T 0.1 sec
 - d_sub 300 : OOB 0.4212 : L 3 : T 0.2 sec
 - d_sub 300 : OOB 0.3644 : L 4 : T 0.2 sec
 - d_sub 300 : OOB 0.3335 : L 5 : T 0.3 sec
 - d_sub 300 : OOB 0.3343 : L 6 : T 0.3 sec
 - d_sub 300 : OOB 0.3070 : L 7 : T 0.4 sec
 - d_sub 300 : OOB 0.3022 : L 8 : T 0.4 sec
 - d_sub 300 : OOB 0.2840 : L 9 : T 0.5 sec
 - d_sub 300 : OOB 0.2783 : L 10 : T 0.6 sec
 - d_sub 300 : OOB 0.2774 : L 11 : T 0.6 sec
 - d_sub 300 : OOB 0.2688 : L 12 : T 0.7 sec
 - d_sub 300 : OOB 0.2722 : L 13 : T 0.7 sec
 - d_sub 300 : OOB 0.2636 : L 14 : T 0.8 sec
 - d_sub 300 : OOB 0.2672 : L 15 : T 0.8 sec
 - d_sub 300 : OOB 0.2633 : L 16 : T 0.9 sec
 - d_sub 300 : OOB 0.2667 : L 17 : T 1.0 sec
 - d_sub 300 : OOB 0.2684 : L 18 : T 1.0 sec
 - d_sub 300 : OOB 0.2648 : L 19 : T 1.1 sec
 - d_sub 300 : OOB 0.2621 : L 20 : T 1.1 sec
 - d_sub 300 : OOB 0.2614 : L 21 : T 1.2 sec
 - d_sub 300 : OOB 0.2662 : L 22 : T 1.2 sec
 - d_sub 300 : OOB 0.2634 : L 23 : T 1.3 sec
 - d_sub 300 : OOB 0.2589 : L 24 : T 1.3 sec
 - d_sub 300 : OOB 0.2569 : L 25 : T 1.4 sec
 - d_sub 300 : OOB 0.2577 : L 26 : T 1.5 sec
 - d_sub 300 : OOB 0.2576 : L 27 : T 1.5 sec
 - d_sub 300 : OOB 0.2557 : L 28 : T 1.6 sec
 - d_sub 300 : OOB 0.2530 : L 29 : T 1.6 sec
 - d_sub 300 : OOB 0.2522 : L 30 : T 1.7 sec
# -------------------------
optimal d_sub 300 : OOB 0.2522 : L 30 : T 1.7 sec
# -------------------------
# Ensemble classification
#  - Training samples: 10000 (5000/5000)
#  - Feature-space dimensionality: 22563
#  - L : 30
#  - d_sub : 300
#  - Seed 1 (subspaces) : 586676673
#  - Seed 2 (bootstrap) : 589201590
# -------------------------

 - d_sub 300 : OOB 0.5020 : L 1 : T 0.1 sec
 - d_sub 300 : OOB 0.4220 : L 2 : T 0.1 sec
 - d_sub 300 : OOB 0.4244 : L 3 : T 0.2 sec
 - d_sub 300 : OOB 0.4222 : L 4 : T 0.2 sec
 - d_sub 300 : OOB 0.4235 : L 5 : T 0.3 sec
 - d_sub 300 : OOB 0.4118 : L 6 : T 0.4 sec
 - d_sub 300 : OOB 0.4206 : L 7 : T 0.4 sec
 - d_sub 300 : OOB 0.4203 : L 8 : T 0.5 sec
 - d_sub 300 : OOB 0.4250 : L 9 : T 0.5 sec
 - d_sub 300 : OOB 0.3668 : L 10 : T 0.6 sec
 - d_sub 300 : OOB 0.3688 : L 11 : T 0.6 sec
 - d_sub 300 : OOB 0.3282 : L 12 : T 0.7 sec
 - d_sub 300 : OOB 0.3340 : L 13 : T 0.7 sec
 - d_sub 300 : OOB 0.3344 : L 14 : T 0.8 sec
 - d_sub 300 : OOB 0.3335 : L 15 : T 0.8 sec
 - d_sub 300 : OOB 0.3056 : L 16 : T 0.9 sec
 - d_sub 300 : OOB 0.3096 : L 17 : T 0.9 sec
 - d_sub 300 : OOB 0.3046 : L 18 : T 1.0 sec
 - d_sub 300 : OOB 0.2941 : L 19 : T 1.1 sec
 - d_sub 300 : OOB 0.2919 : L 20 : T 1.1 sec
 - d_sub 300 : OOB 0.2826 : L 21 : T 1.2 sec
 - d_sub 300 : OOB 0.2770 : L 22 : T 1.2 sec
 - d_sub 300 : OOB 0.2739 : L 23 : T 1.3 sec
 - d_sub 300 : OOB 0.2768 : L 24 : T 1.3 sec
 - d_sub 300 : OOB 0.2738 : L 25 : T 1.4 sec
 - d_sub 300 : OOB 0.2763 : L 26 : T 1.4 sec
 - d_sub 300 : OOB 0.2711 : L 27 : T 1.5 sec
 - d_sub 300 : OOB 0.2702 : L 28 : T 1.5 sec
 - d_sub 300 : OOB 0.2698 : L 29 : T 1.6 sec
 - d_sub 300 : OOB 0.2658 : L 30 : T 1.6 sec
# -------------------------
optimal d_sub 300 : OOB 0.2658 : L 30 : T 1.6 sec
# -------------------------
# Ensemble classification
#  - Training samples: 10000 (5000/5000)
#  - Feature-space dimensionality: 22563
#  - L : 30
#  - d_sub : 300
#  - Seed 1 (subspaces) : 953102421
#  - Seed 2 (bootstrap) : 268723854
# -------------------------

 - d_sub 300 : OOB 0.5020 : L 1 : T 0.1 sec
 - d_sub 300 : OOB 0.4984 : L 2 : T 0.1 sec
 - d_sub 300 : OOB 0.4294 : L 3 : T 0.2 sec
 - d_sub 300 : OOB 0.4213 : L 4 : T 0.2 sec
 - d_sub 300 : OOB 0.4275 : L 5 : T 0.3 sec
 - d_sub 300 : OOB 0.3733 : L 6 : T 0.3 sec
 - d_sub 300 : OOB 0.3697 : L 7 : T 0.4 sec
 - d_sub 300 : OOB 0.3667 : L 8 : T 0.4 sec
 - d_sub 300 : OOB 0.3376 : L 9 : T 0.5 sec
 - d_sub 300 : OOB 0.3439 : L 10 : T 0.5 sec
 - d_sub 300 : OOB 0.3105 : L 11 : T 0.6 sec
 - d_sub 300 : OOB 0.3087 : L 12 : T 0.6 sec
 - d_sub 300 : OOB 0.2976 : L 13 : T 0.7 sec
 - d_sub 300 : OOB 0.2983 : L 14 : T 0.7 sec
 - d_sub 300 : OOB 0.2826 : L 15 : T 0.8 sec
 - d_sub 300 : OOB 0.2740 : L 16 : T 0.9 sec
 - d_sub 300 : OOB 0.2766 : L 17 : T 0.9 sec
 - d_sub 300 : OOB 0.2777 : L 18 : T 1.0 sec
 - d_sub 300 : OOB 0.2718 : L 19 : T 1.0 sec
 - d_sub 300 : OOB 0.2718 : L 20 : T 1.1 sec
 - d_sub 300 : OOB 0.2733 : L 21 : T 1.1 sec
 - d_sub 300 : OOB 0.2715 : L 22 : T 1.2 sec
 - d_sub 300 : OOB 0.2657 : L 23 : T 1.2 sec
 - d_sub 300 : OOB 0.2644 : L 24 : T 1.3 sec
 - d_sub 300 : OOB 0.2676 : L 25 : T 1.3 sec
 - d_sub 300 : OOB 0.2684 : L 26 : T 1.4 sec
 - d_sub 300 : OOB 0.2699 : L 27 : T 1.4 sec
 - d_sub 300 : OOB 0.2618 : L 28 : T 1.5 sec
 - d_sub 300 : OOB 0.2631 : L 29 : T 1.6 sec
 - d_sub 300 : OOB 0.2605 : L 30 : T 1.6 sec
# -------------------------
optimal d_sub 300 : OOB 0.2605 : L 30 : T 1.6 sec
# -------------------------
# Ensemble classification
#  - Training samples: 10000 (5000/5000)
#  - Feature-space dimensionality: 22563
#  - L : 30
#  - d_sub : 300
#  - Seed 1 (subspaces) : 100996229
#  - Seed 2 (bootstrap) : 233948462
# -------------------------

 - d_sub 300 : OOB 0.5020 : L 1 : T 0.1 sec
 - d_sub 300 : OOB 0.4984 : L 2 : T 0.1 sec
 - d_sub 300 : OOB 0.5051 : L 3 : T 0.2 sec
 - d_sub 300 : OOB 0.5068 : L 4 : T 0.2 sec
 - d_sub 300 : OOB 0.4128 : L 5 : T 0.3 sec
 - d_sub 300 : OOB 0.4202 : L 6 : T 0.3 sec
 - d_sub 300 : OOB 0.4160 : L 7 : T 0.4 sec
 - d_sub 300 : OOB 0.4216 : L 8 : T 0.4 sec
 - d_sub 300 : OOB 0.4154 : L 9 : T 0.5 sec
 - d_sub 300 : OOB 0.3642 : L 10 : T 0.6 sec
 - d_sub 300 : OOB 0.3675 : L 11 : T 0.6 sec
 - d_sub 300 : OOB 0.3657 : L 12 : T 0.7 sec
 - d_sub 300 : OOB 0.3326 : L 13 : T 0.8 sec
 - d_sub 300 : OOB 0.3019 : L 14 : T 0.8 sec
 - d_sub 300 : OOB 0.2944 : L 15 : T 0.9 sec
 - d_sub 300 : OOB 0.2944 : L 16 : T 0.9 sec
 - d_sub 300 : OOB 0.2772 : L 17 : T 1.0 sec
 - d_sub 300 : OOB 0.2811 : L 18 : T 1.0 sec
 - d_sub 300 : OOB 0.2743 : L 19 : T 1.1 sec
 - d_sub 300 : OOB 0.2724 : L 20 : T 1.1 sec
 - d_sub 300 : OOB 0.2738 : L 21 : T 1.2 sec
 - d_sub 300 : OOB 0.2706 : L 22 : T 1.2 sec
 - d_sub 300 : OOB 0.2732 : L 23 : T 1.3 sec
 - d_sub 300 : OOB 0.2740 : L 24 : T 1.3 sec
 - d_sub 300 : OOB 0.2729 : L 25 : T 1.4 sec
 - d_sub 300 : OOB 0.2665 : L 26 : T 1.4 sec
 - d_sub 300 : OOB 0.2651 : L 27 : T 1.5 sec
 - d_sub 300 : OOB 0.2680 : L 28 : T 1.5 sec
 - d_sub 300 : OOB 0.2628 : L 29 : T 1.6 sec
 - d_sub 300 : OOB 0.2661 : L 30 : T 1.6 sec
# -------------------------
optimal d_sub 300 : OOB 0.2661 : L 30 : T 1.7 sec
# -------------------------
# Ensemble classification
#  - Training samples: 10000 (5000/5000)
#  - Feature-space dimensionality: 22563
#  - L : 30
#  - d_sub : 300
#  - Seed 1 (subspaces) : 649008507
#  - Seed 2 (bootstrap) : 728708531
# -------------------------

 - d_sub 300 : OOB 0.5020 : L 1 : T 0.1 sec
 - d_sub 300 : OOB 0.4984 : L 2 : T 0.1 sec
 - d_sub 300 : OOB 0.4226 : L 3 : T 0.2 sec
 - d_sub 300 : OOB 0.3667 : L 4 : T 0.2 sec
 - d_sub 300 : OOB 0.3698 : L 5 : T 0.3 sec
 - d_sub 300 : OOB 0.3703 : L 6 : T 0.3 sec
 - d_sub 300 : OOB 0.3426 : L 7 : T 0.4 sec
 - d_sub 300 : OOB 0.3391 : L 8 : T 0.4 sec
 - d_sub 300 : OOB 0.3361 : L 9 : T 0.5 sec
 - d_sub 300 : OOB 0.3330 : L 10 : T 0.5 sec
 - d_sub 300 : OOB 0.3177 : L 11 : T 0.6 sec
 - d_sub 300 : OOB 0.3178 : L 12 : T 0.6 sec
 - d_sub 300 : OOB 0.2972 : L 13 : T 0.7 sec
 - d_sub 300 : OOB 0.2860 : L 14 : T 0.7 sec
 - d_sub 300 : OOB 0.2866 : L 15 : T 0.8 sec
 - d_sub 300 : OOB 0.2908 : L 16 : T 0.8 sec
 - d_sub 300 : OOB 0.2761 : L 17 : T 0.9 sec
 - d_sub 300 : OOB 0.2702 : L 18 : T 1.0 sec
 - d_sub 300 : OOB 0.2705 : L 19 : T 1.0 sec
 - d_sub 300 : OOB 0.2691 : L 20 : T 1.1 sec
 - d_sub 300 : OOB 0.2617 : L 21 : T 1.1 sec
 - d_sub 300 : OOB 0.2599 : L 22 : T 1.2 sec
 - d_sub 300 : OOB 0.2607 : L 23 : T 1.2 sec
 - d_sub 300 : OOB 0.2563 : L 24 : T 1.3 sec
 - d_sub 300 : OOB 0.2565 : L 25 : T 1.3 sec
 - d_sub 300 : OOB 0.2571 : L 26 : T 1.4 sec
 - d_sub 300 : OOB 0.2584 : L 27 : T 1.4 sec
 - d_sub 300 : OOB 0.2578 : L 28 : T 1.5 sec
 - d_sub 300 : OOB 0.2592 : L 29 : T 1.5 sec
 - d_sub 300 : OOB 0.2583 : L 30 : T 1.6 sec
# -------------------------
optimal d_sub 300 : OOB 0.2583 : L 30 : T 1.6 sec
# -------------------------
Average OOB error = 0.26057 (+/- 0.00534)
# -------------------------
# Ensemble classification
#  - Training samples: 10000 (5000/5000)
#  - Feature-space dimensionality: 22563
#  - L : 30
#  - d_sub : 300
#  - Seed 1 (subspaces) : 5
#  - Seed 2 (bootstrap) : 73
# -------------------------

 - d_sub 300 : OOB 0.4118 : L 1 : T 0.1 sec
 - d_sub 300 : OOB 0.4024 : L 2 : T 0.1 sec
 - d_sub 300 : OOB 0.4176 : L 3 : T 0.2 sec
 - d_sub 300 : OOB 0.4177 : L 4 : T 0.2 sec
 - d_sub 300 : OOB 0.4096 : L 5 : T 0.3 sec
 - d_sub 300 : OOB 0.4194 : L 6 : T 0.3 sec
 - d_sub 300 : OOB 0.3636 : L 7 : T 0.4 sec
 - d_sub 300 : OOB 0.3659 : L 8 : T 0.5 sec
 - d_sub 300 : OOB 0.3402 : L 9 : T 0.5 sec
 - d_sub 300 : OOB 0.3317 : L 10 : T 0.6 sec
 - d_sub 300 : OOB 0.3317 : L 11 : T 0.6 sec
 - d_sub 300 : OOB 0.3133 : L 12 : T 0.7 sec
 - d_sub 300 : OOB 0.3096 : L 13 : T 0.7 sec
 - d_sub 300 : OOB 0.2986 : L 14 : T 0.8 sec
 - d_sub 300 : OOB 0.2948 : L 15 : T 0.8 sec
 - d_sub 300 : OOB 0.2905 : L 16 : T 0.9 sec
 - d_sub 300 : OOB 0.2816 : L 17 : T 0.9 sec
 - d_sub 300 : OOB 0.2800 : L 18 : T 1.0 sec
 - d_sub 300 : OOB 0.2743 : L 19 : T 1.0 sec
 - d_sub 300 : OOB 0.2715 : L 20 : T 1.1 sec
 - d_sub 300 : OOB 0.2752 : L 21 : T 1.1 sec
 - d_sub 300 : OOB 0.2698 : L 22 : T 1.2 sec
 - d_sub 300 : OOB 0.2692 : L 23 : T 1.2 sec
 - d_sub 300 : OOB 0.2694 : L 24 : T 1.3 sec
 - d_sub 300 : OOB 0.2644 : L 25 : T 1.3 sec
 - d_sub 300 : OOB 0.2631 : L 26 : T 1.4 sec
 - d_sub 300 : OOB 0.2571 : L 27 : T 1.5 sec
 - d_sub 300 : OOB 0.2556 : L 28 : T 1.5 sec
 - d_sub 300 : OOB 0.2558 : L 29 : T 1.6 sec
 - d_sub 300 : OOB 0.2543 : L 30 : T 1.6 sec
# -------------------------
optimal d_sub 300 : OOB 0.2543 : L 30 : T 1.6 sec
OOB error = 0.2872
optimal d_sub 300 : OOB 0.2568 : L 30 : T 1.6 sec
optimal d_sub 300 : OOB 0.2463 : L 156 : T 8.6 sec
Testing error 1: 0.2492
optimal d_sub 300 : OOB 0.2458 : L 108 : T 6.0 sec
Testing error 2: 0.2427
optimal d_sub 300 : OOB 0.2503 : L 201 : T 11.0 sec
Testing error 3: 0.2381
optimal d_sub 300 : OOB 0.2516 : L 135 : T 7.2 sec
Testing error 4: 0.2429
optimal d_sub 300 : OOB 0.2457 : L 88 : T 4.7 sec
Testing error 5: 0.2386
optimal d_sub 300 : OOB 0.2439 : L 70 : T 3.9 sec
Testing error 6: 0.2387
optimal d_sub 300 : OOB 0.2604 : L 103 : T 5.9 sec
Testing error 7: 0.2468
optimal d_sub 300 : OOB 0.2407 : L 83 : T 4.6 sec
Testing error 8: 0.2352
optimal d_sub 300 : OOB 0.2562 : L 111 : T 5.9 sec
Testing error 9: 0.2386
optimal d_sub 300 : OOB 0.2635 : L 227 : T 12.2 sec
Testing error 10: 0.2400
---
Average testing error over 10 splits: 0.2411 (+/- 0.0043)
