Testing error 1836: 0.1770
Time for ensemble 1836: 0.0330 hours 
Testing error 1837: 0.1746
Time for ensemble 1837: 0.0665 hours 
Testing error 1838: 0.1839
Time for ensemble 1838: 0.1118 hours 
Testing error 1839: 0.1791
Time for ensemble 1839: 0.0631 hours 
Testing error 1840: 0.1749
Time for ensemble 1840: 0.0610 hours 
Testing error 1841: 0.1789
Time for ensemble 1841: 0.0823 hours 
Testing error 1842: 0.1796
Time for ensemble 1842: 0.1025 hours 
Testing error 1843: 0.1820
Time for ensemble 1843: 0.0665 hours 
Testing error 1844: 0.1757
Time for ensemble 1844: 0.0640 hours 
Testing error 1845: 0.1792
Time for ensemble 1845: 0.0442 hours 
Average time over 10 splits for ensemble: 0.0695 hours 
-----------
Average testing error over 10 splits: 0.1785 (+/- 0.0030)
