Testing error 1836: 0.1701
Time for ensemble 1836: 0.0576 hours 
Testing error 1837: 0.1701
Time for ensemble 1837: 0.0931 hours 
Testing error 1838: 0.1759
Time for ensemble 1838: 0.0408 hours 
Testing error 1839: 0.1690
Time for ensemble 1839: 0.0551 hours 
Testing error 1840: 0.1662
Time for ensemble 1840: 0.0590 hours 
Testing error 1841: 0.1656
Time for ensemble 1841: 0.1039 hours 
Testing error 1842: 0.1760
Time for ensemble 1842: 0.0689 hours 
Testing error 1843: 0.1709
Time for ensemble 1843: 0.0553 hours 
Testing error 1844: 0.1677
Time for ensemble 1844: 0.0543 hours 
Testing error 1845: 0.1758
Time for ensemble 1845: 0.0432 hours 
Average time over 10 splits for ensemble: 0.0631 hours 
-----------
Average testing error over 10 splits: 0.1707 (+/- 0.0039)
