Testing error 1836: 0.2831
Time for ensemble 1836: 0.0710 hours 
Testing error 1837: 0.2835
Time for ensemble 1837: 0.1116 hours 
Testing error 1838: 0.2887
Time for ensemble 1838: 0.0681 hours 
Testing error 1839: 0.2906
Time for ensemble 1839: 0.0520 hours 
Testing error 1840: 0.2801
Time for ensemble 1840: 0.0499 hours 
Testing error 1841: 0.2812
Time for ensemble 1841: 0.0646 hours 
Testing error 1842: 0.2807
Time for ensemble 1842: 0.0846 hours 
Testing error 1843: 0.2844
Time for ensemble 1843: 0.0827 hours 
Testing error 1844: 0.2832
Time for ensemble 1844: 0.0739 hours 
Testing error 1845: 0.2868
Time for ensemble 1845: 0.0541 hours 
Average time over 10 splits for ensemble: 0.0713 hours 
-----------
Average testing error over 10 splits: 0.2842 (+/- 0.0035)
