Testing error 1836: 0.1693
Time for ensemble 1836: 0.0674 hours 
Testing error 1837: 0.1737
Time for ensemble 1837: 0.0459 hours 
Testing error 1838: 0.1793
Time for ensemble 1838: 0.0256 hours 
Testing error 1839: 0.1767
Time for ensemble 1839: 0.0263 hours 
Testing error 1840: 0.1675
Time for ensemble 1840: 0.0370 hours 
Testing error 1841: 0.1682
Time for ensemble 1841: 0.0465 hours 
Testing error 1842: 0.1767
Time for ensemble 1842: 0.0626 hours 
Testing error 1843: 0.1757
Time for ensemble 1843: 0.0436 hours 
Testing error 1844: 0.1688
Time for ensemble 1844: 0.0282 hours 
Testing error 1845: 0.1743
Time for ensemble 1845: 0.0592 hours 
Average time over 10 splits for ensemble: 0.0442 hours 
-----------
Average testing error over 10 splits: 0.1730 (+/- 0.0042)
