Testing error 1836: 0.2818
Time for ensemble 1836: 0.0496 hours 
Testing error 1837: 0.2819
Time for ensemble 1837: 0.1440 hours 
Testing error 1838: 0.2862
Time for ensemble 1838: 0.0645 hours 
Testing error 1839: 0.2888
Time for ensemble 1839: 0.0542 hours 
Testing error 1840: 0.2790
Time for ensemble 1840: 0.1072 hours 
Testing error 1841: 0.2849
Time for ensemble 1841: 0.0361 hours 
Testing error 1842: 0.2882
Time for ensemble 1842: 0.1374 hours 
Testing error 1843: 0.2840
Time for ensemble 1843: 0.0780 hours 
Testing error 1844: 0.2832
Time for ensemble 1844: 0.0618 hours 
Testing error 1845: 0.2854
Time for ensemble 1845: 0.0476 hours 
Average time over 10 splits for ensemble: 0.0780 hours 
-----------
Average testing error over 10 splits: 0.2843 (+/- 0.0030)
