Testing error 1836: 0.0684
Time for ensemble 1836: 0.4785 hours 
Testing error 1837: 0.0736
Time for ensemble 1837: 0.3640 hours 
Testing error 1838: 0.0690
Time for ensemble 1838: 0.5444 hours 
Testing error 1839: 0.0683
Time for ensemble 1839: 1.0966 hours 
Testing error 1840: 0.0721
Time for ensemble 1840: 0.3264 hours 
Testing error 1841: 0.0696
Time for ensemble 1841: 0.5359 hours 
Testing error 1842: 0.0720
Time for ensemble 1842: 0.4434 hours 
Testing error 1843: 0.0730
Time for ensemble 1843: 0.1662 hours 
Testing error 1844: 0.0664
Time for ensemble 1844: 0.1830 hours 
Testing error 1845: 0.0726
Time for ensemble 1845: 0.3346 hours 
Average time over 10 splits for ensemble: 0.4473 hours 
-----------
Average testing error over 10 splits: 0.0705 (+/- 0.0025)
