Testing error 1836: 0.0961
Time for ensemble 1836: 0.2455 hours 
Testing error 1837: 0.1062
Time for ensemble 1837: 0.1582 hours 
Testing error 1838: 0.0977
Time for ensemble 1838: 0.4308 hours 
Testing error 1839: 0.0970
Time for ensemble 1839: 0.1286 hours 
Testing error 1840: 0.0995
Time for ensemble 1840: 0.1917 hours 
Testing error 1841: 0.0996
Time for ensemble 1841: 0.5471 hours 
Testing error 1842: 0.1039
Time for ensemble 1842: 0.4391 hours 
Testing error 1843: 0.1017
Time for ensemble 1843: 0.3120 hours 
Testing error 1844: 0.1008
Time for ensemble 1844: 0.1389 hours 
Testing error 1845: 0.0998
Time for ensemble 1845: 0.3296 hours 
Average time over 10 splits for ensemble: 1051.7236 hours 
-----------
Average testing error over 10 splits: 0.1002 (+/- 0.0031)
