Testing error 1836: 0.0711
Time for ensemble 1836: 0.5408 hours 
Testing error 1837: 0.0729
Time for ensemble 1837: 0.3653 hours 
Testing error 1838: 0.0706
Time for ensemble 1838: 0.5224 hours 
Testing error 1839: 0.0713
Time for ensemble 1839: 0.9586 hours 
Testing error 1840: 0.0708
Time for ensemble 1840: 0.3747 hours 
Testing error 1841: 0.0740
Time for ensemble 1841: 0.4277 hours 
Testing error 1842: 0.0758
Time for ensemble 1842: 0.2701 hours 
Testing error 1843: 0.0695
Time for ensemble 1843: 0.9003 hours 
Testing error 1844: 0.0703
Time for ensemble 1844: 0.9399 hours 
Testing error 1845: 0.0738
Time for ensemble 1845: 0.1010 hours 
Average time over 10 splits for ensemble: 0.5401 hours 
-----------
Average testing error over 10 splits: 0.0720 (+/- 0.0020)
