Testing error 1836: 0.3152
Time for ensemble 1836: 0.6454 hours 
Testing error 1837: 0.3151
Time for ensemble 1837: 0.9919 hours 
Testing error 1838: 0.3179
Time for ensemble 1838: 1.1962 hours 
Testing error 1839: 0.3191
Time for ensemble 1839: 1.0266 hours 
Testing error 1840: 0.3124
Time for ensemble 1840: 1.0639 hours 
Testing error 1841: 0.3191
Time for ensemble 1841: 1.2033 hours 
Testing error 1842: 0.3201
Time for ensemble 1842: 0.5792 hours 
Testing error 1843: 0.3180
Time for ensemble 1843: 0.2985 hours 
Testing error 1844: 0.3152
Time for ensemble 1844: 0.0977 hours 
Testing error 1845: 0.3215
Time for ensemble 1845: 0.1597 hours 
Average time over 10 splits for ensemble: 0.7262 hours 
-----------
Average testing error over 10 splits: 0.3174 (+/- 0.0028)
