Testing error 1836: 0.0697
Time for ensemble 1836: 0.1549 hours 
Testing error 1837: 0.0706
Time for ensemble 1837: 0.1272 hours 
Testing error 1838: 0.0700
Time for ensemble 1838: 0.2700 hours 
Testing error 1839: 0.0702
Time for ensemble 1839: 0.3000 hours 
Testing error 1840: 0.0714
Time for ensemble 1840: 0.1838 hours 
Testing error 1841: 0.0692
Time for ensemble 1841: 0.0858 hours 
Testing error 1842: 0.0738
Time for ensemble 1842: 0.0721 hours 
Testing error 1843: 0.0682
Time for ensemble 1843: 0.0997 hours 
Testing error 1844: 0.0681
Time for ensemble 1844: 0.1166 hours 
Testing error 1845: 0.0723
Time for ensemble 1845: 0.0712 hours 
Average time over 10 splits for ensemble: 0.1481 hours 
-----------
Average testing error over 10 splits: 0.0703 (+/- 0.0018)
