Testing error 1836: 0.3148
Time for ensemble 1836: 0.1059 hours 
Testing error 1837: 0.3139
Time for ensemble 1837: 0.1104 hours 
Testing error 1838: 0.3200
Time for ensemble 1838: 0.1389 hours 
Testing error 1839: 0.3174
Time for ensemble 1839: 0.1743 hours 
Testing error 1840: 0.3205
Time for ensemble 1840: 0.0683 hours 
Testing error 1841: 0.3236
Time for ensemble 1841: 0.0847 hours 
Testing error 1842: 0.3203
Time for ensemble 1842: 0.1617 hours 
Testing error 1843: 0.3214
Time for ensemble 1843: 0.1062 hours 
Testing error 1844: 0.3188
Time for ensemble 1844: 0.0732 hours 
Testing error 1845: 0.3182
Time for ensemble 1845: 0.2053 hours 
Average time over 10 splits for ensemble: 0.1229 hours 
-----------
Average testing error over 10 splits: 0.3189 (+/- 0.0030)
