Testing error 1836: 0.0973
Time for ensemble 1836: 0.0638 hours 
Testing error 1837: 0.0997
Time for ensemble 1837: 0.1007 hours 
Testing error 1838: 0.0983
Time for ensemble 1838: 0.0815 hours 
Testing error 1839: 0.0985
Time for ensemble 1839: 0.0918 hours 
Testing error 1840: 0.0969
Time for ensemble 1840: 0.1039 hours 
Testing error 1841: 0.0981
Time for ensemble 1841: 0.1027 hours 
Testing error 1842: 0.1032
Time for ensemble 1842: 0.1011 hours 
Testing error 1843: 0.0972
Time for ensemble 1843: 0.0974 hours 
Testing error 1844: 0.0964
Time for ensemble 1844: 0.1629 hours 
Testing error 1845: 0.0989
Time for ensemble 1845: 0.1592 hours 
Average time over 10 splits for ensemble: 383.4314 hours 
-----------
Average testing error over 10 splits: 0.0984 (+/- 0.0019)
