Testing error 1836: 0.2142
Time for ensemble 1836: 0.1158 hours 
Testing error 1837: 0.2166
Time for ensemble 1837: 0.1456 hours 
Testing error 1838: 0.2215
Time for ensemble 1838: 0.1780 hours 
Testing error 1839: 0.2126
Time for ensemble 1839: 0.1477 hours 
Testing error 1840: 0.2197
Time for ensemble 1840: 0.0917 hours 
Testing error 1841: 0.2165
Time for ensemble 1841: 0.1612 hours 
Testing error 1842: 0.2182
Time for ensemble 1842: 0.2066 hours 
Testing error 1843: 0.2160
Time for ensemble 1843: 0.1649 hours 
Testing error 1844: 0.2110
Time for ensemble 1844: 0.2578 hours 
Testing error 1845: 0.2203
Time for ensemble 1845: 0.1493 hours 
Average time over 10 splits for ensemble: 582.7006 hours 
-----------
Average testing error over 10 splits: 0.2167 (+/- 0.0034)
