Testing error 1836: 0.2389
Time for ensemble 1836: 0.0423 hours 
Testing error 1837: 0.2411
Time for ensemble 1837: 0.0591 hours 
Testing error 1838: 0.2374
Time for ensemble 1838: 0.0899 hours 
Testing error 1839: 0.2343
Time for ensemble 1839: 0.0677 hours 
Testing error 1840: 0.2355
Time for ensemble 1840: 0.0852 hours 
Testing error 1841: 0.2438
Time for ensemble 1841: 0.1103 hours 
Testing error 1842: 0.2411
Time for ensemble 1842: 0.0865 hours 
Testing error 1843: 0.2398
Time for ensemble 1843: 0.0640 hours 
Testing error 1844: 0.2361
Time for ensemble 1844: 0.0915 hours 
Testing error 1845: 0.2397
Time for ensemble 1845: 0.1116 hours 
Average time over 10 splits for ensemble: 0.0808 hours 
-----------
Average testing error over 10 splits: 0.2388 (+/- 0.0029)
