Testing error 1836: 0.2761
Time for ensemble 1836: 0.0706 hours 
Testing error 1837: 0.2792
Time for ensemble 1837: 0.0518 hours 
Testing error 1838: 0.2797
Time for ensemble 1838: 0.0366 hours 
Testing error 1839: 0.2762
Time for ensemble 1839: 0.0931 hours 
Testing error 1840: 0.2734
Time for ensemble 1840: 0.0628 hours 
Testing error 1841: 0.2827
Time for ensemble 1841: 0.0820 hours 
Testing error 1842: 0.2918
Time for ensemble 1842: 0.0257 hours 
Testing error 1843: 0.2771
Time for ensemble 1843: 0.0506 hours 
Testing error 1844: 0.2797
Time for ensemble 1844: 0.0691 hours 
Testing error 1845: 0.2787
Time for ensemble 1845: 0.0512 hours 
Average time over 10 splits for ensemble: 213.6323 hours 
-----------
Average testing error over 10 splits: 0.2795 (+/- 0.0050)
