Testing error 1836: 0.4475
Time for ensemble 1836: 0.0683 hours 
Testing error 1837: 0.4406
Time for ensemble 1837: 0.0512 hours 
Testing error 1838: 0.4382
Time for ensemble 1838: 0.1332 hours 
Testing error 1839: 0.4489
Time for ensemble 1839: 0.0355 hours 
Testing error 1840: 0.4384
Time for ensemble 1840: 0.1609 hours 
Testing error 1841: 0.4433
Time for ensemble 1841: 0.0542 hours 
Testing error 1842: 0.4437
Time for ensemble 1842: 0.1506 hours 
Testing error 1843: 0.4390
Time for ensemble 1843: 0.0556 hours 
Testing error 1844: 0.4435
Time for ensemble 1844: 0.0464 hours 
Testing error 1845: 0.4417
Time for ensemble 1845: 0.1278 hours 
Average time over 10 splits for ensemble: 0.0884 hours 
-----------
Average testing error over 10 splits: 0.4425 (+/- 0.0037)
