Testing error 1836: 0.2388
Time for ensemble 1836: 0.0448 hours 
Testing error 1837: 0.2416
Time for ensemble 1837: 0.0410 hours 
Testing error 1838: 0.2393
Time for ensemble 1838: 0.0669 hours 
Testing error 1839: 0.2401
Time for ensemble 1839: 0.0565 hours 
Testing error 1840: 0.2425
Time for ensemble 1840: 0.0772 hours 
Testing error 1841: 0.2484
Time for ensemble 1841: 0.0561 hours 
Testing error 1842: 0.2474
Time for ensemble 1842: 0.0547 hours 
Testing error 1843: 0.2438
Time for ensemble 1843: 0.0405 hours 
Testing error 1844: 0.2430
Time for ensemble 1844: 0.0815 hours 
Testing error 1845: 0.2445
Time for ensemble 1845: 0.0673 hours 
Average time over 10 splits for ensemble: 0.0587 hours 
-----------
Average testing error over 10 splits: 0.2429 (+/- 0.0032)
