Testing error 1836: 0.4462
Time for ensemble 1836: 0.0189 hours 
Testing error 1837: 0.4432
Time for ensemble 1837: 0.0337 hours 
Testing error 1838: 0.4356
Time for ensemble 1838: 0.1227 hours 
Testing error 1839: 0.4355
Time for ensemble 1839: 0.0769 hours 
Testing error 1840: 0.4369
Time for ensemble 1840: 0.0576 hours 
Testing error 1841: 0.4378
Time for ensemble 1841: 0.1017 hours 
Testing error 1842: 0.4420
Time for ensemble 1842: 0.0485 hours 
Testing error 1843: 0.4380
Time for ensemble 1843: 0.0737 hours 
Testing error 1844: 0.4416
Time for ensemble 1844: 0.0463 hours 
Testing error 1845: 0.4342
Time for ensemble 1845: 0.1024 hours 
Average time over 10 splits for ensemble: 0.0682 hours 
-----------
Average testing error over 10 splits: 0.4391 (+/- 0.0039)
