Testing error 1836: 0.3245
Time for ensemble 1836: 0.1097 hours 
Testing error 1837: 0.3260
Time for ensemble 1837: 0.1824 hours 
Testing error 1838: 0.3248
Time for ensemble 1838: 0.1458 hours 
Testing error 1839: 0.3258
Time for ensemble 1839: 0.0991 hours 
Testing error 1840: 0.3204
Time for ensemble 1840: 0.0676 hours 
Testing error 1841: 0.3304
Time for ensemble 1841: 0.0945 hours 
Testing error 1842: 0.3330
Time for ensemble 1842: 0.1397 hours 
Testing error 1843: 0.3306
Time for ensemble 1843: 0.0692 hours 
Testing error 1844: 0.3276
Time for ensemble 1844: 0.1422 hours 
Testing error 1845: 0.3257
Time for ensemble 1845: 0.1913 hours 
Average time over 10 splits for ensemble: 0.1242 hours 
-----------
Average testing error over 10 splits: 0.3269 (+/- 0.0036)
