Testing error 1836: 0.4374
Time for ensemble 1836: 0.0840 hours 
Testing error 1837: 0.4432
Time for ensemble 1837: 0.0462 hours 
Testing error 1838: 0.4420
Time for ensemble 1838: 0.0376 hours 
Testing error 1839: 0.4330
Time for ensemble 1839: 0.3966 hours 
Testing error 1840: 0.4368
Time for ensemble 1840: 0.0428 hours 
Testing error 1841: 0.4400
Time for ensemble 1841: 0.0391 hours 
Testing error 1842: 0.4439
Time for ensemble 1842: 0.0689 hours 
Testing error 1843: 0.4324
Time for ensemble 1843: 0.1119 hours 
Testing error 1844: 0.4386
Time for ensemble 1844: 0.0883 hours 
Testing error 1845: 0.4338
Time for ensemble 1845: 0.1973 hours 
Average time over 10 splits for ensemble: 0.1113 hours 
-----------
Average testing error over 10 splits: 0.4381 (+/- 0.0042)
