Testing error 1836: 0.2383
Time for ensemble 1836: 0.0810 hours 
Testing error 1837: 0.2395
Time for ensemble 1837: 0.0483 hours 
Testing error 1838: 0.2390
Time for ensemble 1838: 0.0981 hours 
Testing error 1839: 0.2341
Time for ensemble 1839: 0.0547 hours 
Testing error 1840: 0.2363
Time for ensemble 1840: 0.0676 hours 
Testing error 1841: 0.2380
Time for ensemble 1841: 0.1702 hours 
Testing error 1842: 0.2448
Time for ensemble 1842: 0.1814 hours 
Testing error 1843: 0.2417
Time for ensemble 1843: 0.3331 hours 
Testing error 1844: 0.2374
Time for ensemble 1844: 0.1465 hours 
Testing error 1845: 0.2432
Time for ensemble 1845: 0.4364 hours 
Average time over 10 splits for ensemble: 0.1617 hours 
-----------
Average testing error over 10 splits: 0.2392 (+/- 0.0032)
