Testing error 1836: 0.3443
Time for ensemble 1836: 0.1054 hours 
Testing error 1837: 0.3531
Time for ensemble 1837: 0.0622 hours 
Testing error 1838: 0.3451
Time for ensemble 1838: 0.0823 hours 
Testing error 1839: 0.3462
Time for ensemble 1839: 0.0794 hours 
Testing error 1840: 0.3448
Time for ensemble 1840: 0.0435 hours 
Testing error 1841: 0.3450
Time for ensemble 1841: 0.0795 hours 
Testing error 1842: 0.3497
Time for ensemble 1842: 0.0785 hours 
Testing error 1843: 0.3459
Time for ensemble 1843: 0.0810 hours 
Testing error 1844: 0.3462
Time for ensemble 1844: 0.0991 hours 
Testing error 1845: 0.3490
Time for ensemble 1845: 0.0842 hours 
Average time over 10 splits for ensemble: 0.0795 hours 
-----------
Average testing error over 10 splits: 0.3469 (+/- 0.0028)
