Testing error 1836: 0.3393
Time for ensemble 1836: 0.1218 hours 
Testing error 1837: 0.3467
Time for ensemble 1837: 0.0685 hours 
Testing error 1838: 0.3417
Time for ensemble 1838: 0.1600 hours 
Testing error 1839: 0.3402
Time for ensemble 1839: 0.0671 hours 
Testing error 1840: 0.3367
Time for ensemble 1840: 0.0549 hours 
Testing error 1841: 0.3443
Time for ensemble 1841: 0.0894 hours 
Testing error 1842: 0.3462
Time for ensemble 1842: 0.0507 hours 
Testing error 1843: 0.3380
Time for ensemble 1843: 0.0566 hours 
Testing error 1844: 0.3428
Time for ensemble 1844: 0.0515 hours 
Testing error 1845: 0.3437
Time for ensemble 1845: 0.0704 hours 
Average time over 10 splits for ensemble: 0.0791 hours 
-----------
Average testing error over 10 splits: 0.3420 (+/- 0.0034)
