Testing error 1836: 0.2438
Time for ensemble 1836: 0.0402 hours 
Testing error 1837: 0.2434
Time for ensemble 1837: 0.0521 hours 
Testing error 1838: 0.2487
Time for ensemble 1838: 0.0469 hours 
Testing error 1839: 0.2404
Time for ensemble 1839: 0.0658 hours 
Testing error 1840: 0.2404
Time for ensemble 1840: 0.0834 hours 
Testing error 1841: 0.2436
Time for ensemble 1841: 0.0615 hours 
Testing error 1842: 0.2494
Time for ensemble 1842: 0.0494 hours 
Testing error 1843: 0.2447
Time for ensemble 1843: 0.0686 hours 
Testing error 1844: 0.2390
Time for ensemble 1844: 0.0890 hours 
Testing error 1845: 0.2450
Time for ensemble 1845: 0.0494 hours 
Average time over 10 splits for ensemble: 0.0606 hours 
-----------
Average testing error over 10 splits: 0.2438 (+/- 0.0034)
