Testing error 1836: 0.3131
Time for ensemble 1836: 0.1081 hours 
Testing error 1837: 0.3188
Time for ensemble 1837: 0.0969 hours 
Testing error 1838: 0.3251
Time for ensemble 1838: 0.0606 hours 
Testing error 1839: 0.3157
Time for ensemble 1839: 0.1094 hours 
Testing error 1840: 0.3121
Time for ensemble 1840: 0.0726 hours 
Testing error 1841: 0.3212
Time for ensemble 1841: 0.1273 hours 
Testing error 1842: 0.3109
Time for ensemble 1842: 0.1237 hours 
Testing error 1843: 0.3194
Time for ensemble 1843: 0.0450 hours 
Testing error 1844: 0.3127
Time for ensemble 1844: 0.0997 hours 
Testing error 1845: 0.3164
Time for ensemble 1845: 0.0786 hours 
Average time over 10 splits for ensemble: 0.0922 hours 
-----------
Average testing error over 10 splits: 0.3165 (+/- 0.0046)
