Testing error 1836: 0.1645
Time for ensemble 1836: 0.0742 hours 
Testing error 1837: 0.1688
Time for ensemble 1837: 0.0582 hours 
Testing error 1838: 0.1742
Time for ensemble 1838: 0.1003 hours 
Testing error 1839: 0.1704
Time for ensemble 1839: 0.0663 hours 
Testing error 1840: 0.1675
Time for ensemble 1840: 0.1004 hours 
Testing error 1841: 0.1641
Time for ensemble 1841: 0.0593 hours 
Testing error 1842: 0.1711
Time for ensemble 1842: 0.1255 hours 
Testing error 1843: 0.1718
Time for ensemble 1843: 0.1229 hours 
Testing error 1844: 0.1672
Time for ensemble 1844: 0.0661 hours 
Testing error 1845: 0.1698
Time for ensemble 1845: 0.1252 hours 
Average time over 10 splits for ensemble: 323.4486 hours 
-----------
Average testing error over 10 splits: 0.1689 (+/- 0.0032)
