Testing error 1836: 0.2801
Time for ensemble 1836: 0.0803 hours 
Testing error 1837: 0.2833
Time for ensemble 1837: 0.0661 hours 
Testing error 1838: 0.2816
Time for ensemble 1838: 0.0945 hours 
Testing error 1839: 0.2815
Time for ensemble 1839: 0.1361 hours 
Testing error 1840: 0.2759
Time for ensemble 1840: 0.0847 hours 
Testing error 1841: 0.2859
Time for ensemble 1841: 0.0666 hours 
Testing error 1842: 0.2755
Time for ensemble 1842: 0.1116 hours 
Testing error 1843: 0.2857
Time for ensemble 1843: 0.0825 hours 
Testing error 1844: 0.2834
Time for ensemble 1844: 0.0686 hours 
Testing error 1845: 0.2844
Time for ensemble 1845: 0.0545 hours 
Average time over 10 splits for ensemble: 304.3964 hours 
-----------
Average testing error over 10 splits: 0.2817 (+/- 0.0037)
