Testing error 1836: 0.3731
Time for ensemble 1836: 0.7296 hours 
Testing error 1837: 0.3770
Time for ensemble 1837: 0.7970 hours 
Testing error 1838: 0.3804
Time for ensemble 1838: 0.3954 hours 
Testing error 1839: 0.3759
Time for ensemble 1839: 0.9814 hours 
Testing error 1840: 0.3658
Time for ensemble 1840: 0.3285 hours 
Testing error 1841: 0.3840
Time for ensemble 1841: 0.0578 hours 
Testing error 1842: 0.3841
Time for ensemble 1842: 0.0574 hours 
Testing error 1843: 0.3808
Time for ensemble 1843: 0.1005 hours 
Testing error 1844: 0.3705
Time for ensemble 1844: 0.2604 hours 
Testing error 1845: 0.3757
Time for ensemble 1845: 0.2523 hours 
Average time over 10 splits for ensemble: 0.3960 hours 
-----------
Average testing error over 10 splits: 0.3767 (+/- 0.0059)
