Testing error 1836: 0.1650
Time for ensemble 1836: 0.0668 hours 
Testing error 1837: 0.1715
Time for ensemble 1837: 0.0664 hours 
Testing error 1838: 0.1766
Time for ensemble 1838: 0.0492 hours 
Testing error 1839: 0.1741
Time for ensemble 1839: 0.0666 hours 
Testing error 1840: 0.1681
Time for ensemble 1840: 0.0861 hours 
Testing error 1841: 0.1710
Time for ensemble 1841: 0.0799 hours 
Testing error 1842: 0.1754
Time for ensemble 1842: 0.0508 hours 
Testing error 1843: 0.1796
Time for ensemble 1843: 0.0635 hours 
Testing error 1844: 0.1673
Time for ensemble 1844: 0.0983 hours 
Testing error 1845: 0.1765
Time for ensemble 1845: 0.0280 hours 
Average time over 10 splits for ensemble: 235.9836 hours 
-----------
Average testing error over 10 splits: 0.1725 (+/- 0.0047)
