Testing error 1836: 0.3722
Time for ensemble 1836: 0.1350 hours 
Testing error 1837: 0.3751
Time for ensemble 1837: 0.0627 hours 
Testing error 1838: 0.3729
Time for ensemble 1838: 0.1359 hours 
Testing error 1839: 0.3742
Time for ensemble 1839: 0.1098 hours 
Testing error 1840: 0.3721
Time for ensemble 1840: 0.0590 hours 
Testing error 1841: 0.3780
Time for ensemble 1841: 0.0701 hours 
Testing error 1842: 0.3714
Time for ensemble 1842: 0.1250 hours 
Testing error 1843: 0.3778
Time for ensemble 1843: 0.0909 hours 
Testing error 1844: 0.3778
Time for ensemble 1844: 0.0477 hours 
Testing error 1845: 0.3797
Time for ensemble 1845: 0.0502 hours 
Average time over 10 splits for ensemble: 0.0886 hours 
-----------
Average testing error over 10 splits: 0.3751 (+/- 0.0030)
