Testing error 1836: 0.2130
Time for ensemble 1836: 0.1415 hours 
Testing error 1837: 0.2222
Time for ensemble 1837: 0.1426 hours 
Testing error 1838: 0.2211
Time for ensemble 1838: 0.1189 hours 
Testing error 1839: 0.2202
Time for ensemble 1839: 0.0866 hours 
Testing error 1840: 0.2134
Time for ensemble 1840: 0.1070 hours 
Testing error 1841: 0.2222
Time for ensemble 1841: 0.1294 hours 
Testing error 1842: 0.2196
Time for ensemble 1842: 0.6490 hours 
Testing error 1843: 0.2250
Time for ensemble 1843: 0.2588 hours 
Testing error 1844: 0.2123
Time for ensemble 1844: 0.3499 hours 
Testing error 1845: 0.2206
Time for ensemble 1845: 0.5623 hours 
Average time over 10 splits for ensemble: 0.2546 hours 
-----------
Average testing error over 10 splits: 0.2190 (+/- 0.0044)
