Testing error 1836: 0.1355
Time for ensemble 1836: 0.0497 hours 
Testing error 1837: 0.1347
Time for ensemble 1837: 0.1041 hours 
Testing error 1838: 0.1361
Time for ensemble 1838: 0.0961 hours 
Testing error 1839: 0.1356
Time for ensemble 1839: 0.0621 hours 
Testing error 1840: 0.1316
Time for ensemble 1840: 0.0993 hours 
Testing error 1841: 0.1298
Time for ensemble 1841: 0.1028 hours 
Testing error 1842: 0.1381
Time for ensemble 1842: 0.0819 hours 
Testing error 1843: 0.1387
Time for ensemble 1843: 0.0762 hours 
Testing error 1844: 0.1320
Time for ensemble 1844: 0.1281 hours 
Testing error 1845: 0.1388
Time for ensemble 1845: 0.0514 hours 
Average time over 10 splits for ensemble: 0.0852 hours 
-----------
Average testing error over 10 splits: 0.1351 (+/- 0.0031)
