Testing error 1836: 0.3752
Time for ensemble 1836: 0.0540 hours 
Testing error 1837: 0.3857
Time for ensemble 1837: 0.0488 hours 
Testing error 1838: 0.3743
Time for ensemble 1838: 0.1012 hours 
Testing error 1839: 0.3785
Time for ensemble 1839: 0.0445 hours 
Testing error 1840: 0.3760
Time for ensemble 1840: 0.0757 hours 
Testing error 1841: 0.3788
Time for ensemble 1841: 0.0712 hours 
Testing error 1842: 0.3805
Time for ensemble 1842: 0.2136 hours 
Testing error 1843: 0.3773
Time for ensemble 1843: 0.0536 hours 
Testing error 1844: 0.3777
Time for ensemble 1844: 0.0615 hours 
Testing error 1845: 0.3764
Time for ensemble 1845: 0.1227 hours 
Average time over 10 splits for ensemble: 0.0847 hours 
-----------
Average testing error over 10 splits: 0.3780 (+/- 0.0033)
