Testing error 1836: 0.3807
Time for ensemble 1836: 0.0174 hours 
Testing error 1837: 0.3820
Time for ensemble 1837: 0.0264 hours 
Testing error 1838: 0.3733
Time for ensemble 1838: 0.0753 hours 
Testing error 1839: 0.3739
Time for ensemble 1839: 0.0314 hours 
Testing error 1840: 0.3725
Time for ensemble 1840: 0.0499 hours 
Testing error 1841: 0.3759
Time for ensemble 1841: 0.0442 hours 
Testing error 1842: 0.3803
Time for ensemble 1842: 0.0340 hours 
Testing error 1843: 0.3720
Time for ensemble 1843: 0.0720 hours 
Testing error 1844: 0.3759
Time for ensemble 1844: 0.0306 hours 
Testing error 1845: 0.3693
Time for ensemble 1845: 0.1249 hours 
Average time over 10 splits for ensemble: 0.0506 hours 
-----------
Average testing error over 10 splits: 0.3756 (+/- 0.0042)
