Testing error 1836: 0.2755
Time for ensemble 1836: 0.0542 hours 
Testing error 1837: 0.2784
Time for ensemble 1837: 0.0657 hours 
Testing error 1838: 0.2795
Time for ensemble 1838: 0.0315 hours 
Testing error 1839: 0.2773
Time for ensemble 1839: 0.0614 hours 
Testing error 1840: 0.2820
Time for ensemble 1840: 0.0186 hours 
Testing error 1841: 0.2829
Time for ensemble 1841: 0.0601 hours 
Testing error 1842: 0.2801
Time for ensemble 1842: 0.0443 hours 
Testing error 1843: 0.2743
Time for ensemble 1843: 0.0661 hours 
Testing error 1844: 0.2802
Time for ensemble 1844: 0.0372 hours 
Testing error 1845: 0.2821
Time for ensemble 1845: 0.0778 hours 
Average time over 10 splits for ensemble: 0.0517 hours 
-----------
Average testing error over 10 splits: 0.2792 (+/- 0.0029)
