Testing error 1836: 0.3678
Time for ensemble 1836: 0.0593 hours 
Testing error 1837: 0.3756
Time for ensemble 1837: 0.0655 hours 
Testing error 1838: 0.3749
Time for ensemble 1838: 0.0456 hours 
Testing error 1839: 0.3739
Time for ensemble 1839: 0.0487 hours 
Testing error 1840: 0.3657
Time for ensemble 1840: 0.0627 hours 
Testing error 1841: 0.3702
Time for ensemble 1841: 0.0605 hours 
Testing error 1842: 0.3777
Time for ensemble 1842: 0.0661 hours 
Testing error 1843: 0.3737
Time for ensemble 1843: 0.0388 hours 
Testing error 1844: 0.3775
Time for ensemble 1844: 0.0287 hours 
Testing error 1845: 0.3739
Time for ensemble 1845: 0.0497 hours 
Average time over 10 splits for ensemble: 0.0525 hours 
-----------
Average testing error over 10 splits: 0.3731 (+/- 0.0040)
