Testing error 1836: 0.2810
Time for ensemble 1836: 0.0680 hours 
Testing error 1837: 0.2853
Time for ensemble 1837: 0.0819 hours 
Testing error 1838: 0.2807
Time for ensemble 1838: 0.0660 hours 
Testing error 1839: 0.2844
Time for ensemble 1839: 0.0630 hours 
Testing error 1840: 0.2847
Time for ensemble 1840: 0.0556 hours 
Testing error 1841: 0.2923
Time for ensemble 1841: 0.0292 hours 
Testing error 1842: 0.2864
Time for ensemble 1842: 0.0611 hours 
Testing error 1843: 0.2819
Time for ensemble 1843: 0.0492 hours 
Testing error 1844: 0.2815
Time for ensemble 1844: 0.0629 hours 
Testing error 1845: 0.2850
Time for ensemble 1845: 0.0867 hours 
Average time over 10 splits for ensemble: 0.0624 hours 
-----------
Average testing error over 10 splits: 0.2843 (+/- 0.0035)
