Testing error 1836: 0.2778
Time for ensemble 1836: 0.1278 hours 
Testing error 1837: 0.2804
Time for ensemble 1837: 0.0930 hours 
Testing error 1838: 0.2823
Time for ensemble 1838: 0.0750 hours 
Testing error 1839: 0.2798
Time for ensemble 1839: 0.1977 hours 
Testing error 1840: 0.2768
Time for ensemble 1840: 0.0967 hours 
Testing error 1841: 0.2770
Time for ensemble 1841: 0.0789 hours 
Testing error 1842: 0.2813
Time for ensemble 1842: 0.0775 hours 
Testing error 1843: 0.2857
Time for ensemble 1843: 0.0585 hours 
Testing error 1844: 0.2783
Time for ensemble 1844: 0.0850 hours 
Testing error 1845: 0.2796
Time for ensemble 1845: 0.0981 hours 
Average time over 10 splits for ensemble: 0.0988 hours 
-----------
Average testing error over 10 splits: 0.2799 (+/- 0.0027)
