Testing error 1836: 0.1682
Time for ensemble 1836: 0.0580 hours 
Testing error 1837: 0.1703
Time for ensemble 1837: 0.0745 hours 
Testing error 1838: 0.1680
Time for ensemble 1838: 0.0705 hours 
Testing error 1839: 0.1685
Time for ensemble 1839: 0.1025 hours 
Testing error 1840: 0.1627
Time for ensemble 1840: 0.0934 hours 
Testing error 1841: 0.1641
Time for ensemble 1841: 0.0745 hours 
Testing error 1842: 0.1742
Time for ensemble 1842: 0.0825 hours 
Testing error 1843: 0.1692
Time for ensemble 1843: 0.0575 hours 
Testing error 1844: 0.1666
Time for ensemble 1844: 0.0653 hours 
Testing error 1845: 0.1741
Time for ensemble 1845: 0.0615 hours 
Average time over 10 splits for ensemble: 0.0740 hours 
-----------
Average testing error over 10 splits: 0.1686 (+/- 0.0037)
