Testing error 1836: 0.2865
Time for ensemble 1836: 0.0284 hours 
Testing error 1837: 0.2808
Time for ensemble 1837: 0.0698 hours 
Testing error 1838: 0.2872
Time for ensemble 1838: 0.0713 hours 
Testing error 1839: 0.2809
Time for ensemble 1839: 0.0515 hours 
Testing error 1840: 0.2767
Time for ensemble 1840: 0.0707 hours 
Testing error 1841: 0.2818
Time for ensemble 1841: 0.0510 hours 
Testing error 1842: 0.2838
Time for ensemble 1842: 0.0716 hours 
Testing error 1843: 0.2858
Time for ensemble 1843: 0.0702 hours 
Testing error 1844: 0.2773
Time for ensemble 1844: 0.1610 hours 
Testing error 1845: 0.2801
Time for ensemble 1845: 0.0751 hours 
Average time over 10 splits for ensemble: 0.0721 hours 
-----------
Average testing error over 10 splits: 0.2821 (+/- 0.0037)
