Testing error 1836: 0.2858
Time for ensemble 1836: 0.0647 hours 
Testing error 1837: 0.2871
Time for ensemble 1837: 0.0631 hours 
Testing error 1838: 0.2876
Time for ensemble 1838: 0.1905 hours 
Testing error 1839: 0.2862
Time for ensemble 1839: 0.1116 hours 
Testing error 1840: 0.2808
Time for ensemble 1840: 0.0853 hours 
Testing error 1841: 0.2864
Time for ensemble 1841: 0.0615 hours 
Testing error 1842: 0.2928
Time for ensemble 1842: 0.0747 hours 
Testing error 1843: 0.2913
Time for ensemble 1843: 0.0803 hours 
Testing error 1844: 0.2874
Time for ensemble 1844: 0.0814 hours 
Testing error 1845: 0.2831
Time for ensemble 1845: 0.1037 hours 
Average time over 10 splits for ensemble: 0.0917 hours 
-----------
Average testing error over 10 splits: 0.2868 (+/- 0.0035)
