Testing error 1836: 0.0053
Time for ensemble 1836: 0.0475 hours 
Testing error 1837: 0.0059
Time for ensemble 1837: 0.0219 hours 
Testing error 1838: 0.0053
Time for ensemble 1838: 0.0462 hours 
Testing error 1839: 0.0064
Time for ensemble 1839: 0.0384 hours 
Testing error 1840: 0.0064
Time for ensemble 1840: 0.0568 hours 
Testing error 1841: 0.0056
Time for ensemble 1841: 0.0728 hours 
Testing error 1842: 0.0060
Time for ensemble 1842: 0.0885 hours 
Testing error 1843: 0.0047
Time for ensemble 1843: 0.0298 hours 
Testing error 1844: 0.0053
Time for ensemble 1844: 0.0399 hours 
Testing error 1845: 0.0042
Time for ensemble 1845: 0.0605 hours 
Average time over 10 splits for ensemble: 0.0502 hours 
-----------
Average testing error over 10 splits: 0.0055 (+/- 0.0007)
