Testing error 1836: 0.0055
Time for ensemble 1836: 0.0429 hours 
Testing error 1837: 0.0066
Time for ensemble 1837: 0.0259 hours 
Testing error 1838: 0.0066
Time for ensemble 1838: 0.0189 hours 
Testing error 1839: 0.0062
Time for ensemble 1839: 0.0341 hours 
Testing error 1840: 0.0066
Time for ensemble 1840: 0.0434 hours 
Testing error 1841: 0.0058
Time for ensemble 1841: 0.0333 hours 
Testing error 1842: 0.0061
Time for ensemble 1842: 0.0261 hours 
Testing error 1843: 0.0048
Time for ensemble 1843: 0.0343 hours 
Testing error 1844: 0.0063
Time for ensemble 1844: 0.0319 hours 
Testing error 1845: 0.0046
Time for ensemble 1845: 0.0263 hours 
Average time over 10 splits for ensemble: 0.0317 hours 
-----------
Average testing error over 10 splits: 0.0059 (+/- 0.0007)
