Testing error 1836: 0.0062
Time for ensemble 1836: 0.0987 hours 
Testing error 1837: 0.0083
Time for ensemble 1837: 0.0238 hours 
Testing error 1838: 0.0067
Time for ensemble 1838: 0.0647 hours 
Testing error 1839: 0.0076
Time for ensemble 1839: 0.0678 hours 
Testing error 1840: 0.0075
Time for ensemble 1840: 0.1408 hours 
Testing error 1841: 0.0068
Time for ensemble 1841: 0.1002 hours 
Testing error 1842: 0.0070
Time for ensemble 1842: 0.0516 hours 
Testing error 1843: 0.0060
Time for ensemble 1843: 0.0655 hours 
Testing error 1844: 0.0071
Time for ensemble 1844: 0.0526 hours 
Testing error 1845: 0.0063
Time for ensemble 1845: 0.0407 hours 
Average time over 10 splits for ensemble: 0.0706 hours 
-----------
Average testing error over 10 splits: 0.0069 (+/- 0.0007)
