Testing error 1836: 0.4044
Time for ensemble 1836: 0.2882 hours 
Testing error 1837: 0.4020
Time for ensemble 1837: 0.9813 hours 
Testing error 1838: 0.4028
Time for ensemble 1838: 0.3837 hours 
Testing error 1839: 0.4102
Time for ensemble 1839: 0.0608 hours 
Testing error 1840: 0.4057
Time for ensemble 1840: 0.0419 hours 
Testing error 1841: 0.4019
Time for ensemble 1841: 0.1349 hours 
Testing error 1842: 0.4046
Time for ensemble 1842: 0.0945 hours 
Testing error 1843: 0.4072
Time for ensemble 1843: 0.0475 hours 
Testing error 1844: 0.4054
Time for ensemble 1844: 0.0444 hours 
Testing error 1845: 0.4036
Time for ensemble 1845: 0.0415 hours 
Average time over 10 splits for ensemble: 0.2119 hours 
-----------
Average testing error over 10 splits: 0.4048 (+/- 0.0025)
