Testing error 1836: 0.1872
Time for ensemble 1836: 0.1448 hours 
Testing error 1837: 0.1897
Time for ensemble 1837: 0.1161 hours 
Testing error 1838: 0.1923
Time for ensemble 1838: 0.0888 hours 
Testing error 1839: 0.1890
Time for ensemble 1839: 0.1039 hours 
Testing error 1840: 0.1887
Time for ensemble 1840: 0.0908 hours 
Testing error 1841: 0.1907
Time for ensemble 1841: 0.0768 hours 
Testing error 1842: 0.1899
Time for ensemble 1842: 0.1296 hours 
Testing error 1843: 0.1883
Time for ensemble 1843: 0.0754 hours 
Testing error 1844: 0.1878
Time for ensemble 1844: 0.0863 hours 
Testing error 1845: 0.1925
Time for ensemble 1845: 0.0719 hours 
Average time over 10 splits for ensemble: 354.4058 hours 
-----------
Average testing error over 10 splits: 0.1896 (+/- 0.0018)
