Testing error 1836: 0.1463
Time for ensemble 1836: 0.2231 hours 
Testing error 1837: 0.1460
Time for ensemble 1837: 0.3178 hours 
Testing error 1838: 0.1470
Time for ensemble 1838: 0.1430 hours 
Testing error 1839: 0.1411
Time for ensemble 1839: 0.6566 hours 
Testing error 1840: 0.1460
Time for ensemble 1840: 0.6861 hours 
Testing error 1841: 0.1409
Time for ensemble 1841: 0.8584 hours 
Testing error 1842: 0.1468
Time for ensemble 1842: 0.7165 hours 
Testing error 1843: 0.1478
Time for ensemble 1843: 0.3817 hours 
Testing error 1844: 0.1450
Time for ensemble 1844: 0.2312 hours 
Testing error 1845: 0.1499
Time for ensemble 1845: 0.4668 hours 
Average time over 10 splits for ensemble: 0.4681 hours 
-----------
Average testing error over 10 splits: 0.1457 (+/- 0.0028)
