Testing error 1836: 0.1926
Time for ensemble 1836: 0.1282 hours 
Testing error 1837: 0.1978
Time for ensemble 1837: 0.1064 hours 
Testing error 1838: 0.2010
Time for ensemble 1838: 0.0656 hours 
Testing error 1839: 0.1932
Time for ensemble 1839: 0.1088 hours 
Testing error 1840: 0.1916
Time for ensemble 1840: 0.0818 hours 
Testing error 1841: 0.1978
Time for ensemble 1841: 0.0595 hours 
Testing error 1842: 0.1951
Time for ensemble 1842: 0.0573 hours 
Testing error 1843: 0.1918
Time for ensemble 1843: 0.1183 hours 
Testing error 1844: 0.1934
Time for ensemble 1844: 0.1060 hours 
Testing error 1845: 0.1967
Time for ensemble 1845: 0.0809 hours 
Average time over 10 splits for ensemble: 328.5416 hours 
-----------
Average testing error over 10 splits: 0.1951 (+/- 0.0031)
