Testing error 1836: 0.3292
Time for ensemble 1836: 0.9406 hours 
Testing error 1837: 0.3382
Time for ensemble 1837: 0.5904 hours 
Testing error 1838: 0.3355
Time for ensemble 1838: 1.7946 hours 
Testing error 1839: 0.3400
Time for ensemble 1839: 0.6801 hours 
Testing error 1840: 0.3282
Time for ensemble 1840: 1.8445 hours 
Testing error 1841: 0.3453
Time for ensemble 1841: 0.4483 hours 
Testing error 1842: 0.3371
Time for ensemble 1842: 1.2327 hours 
Testing error 1843: 0.3412
Time for ensemble 1843: 0.8313 hours 
Testing error 1844: 0.3349
Time for ensemble 1844: 1.2563 hours 
Testing error 1845: 0.3313
Time for ensemble 1845: 1.6234 hours 
Average time over 10 splits for ensemble: 1.1242 hours 
-----------
Average testing error over 10 splits: 0.3361 (+/- 0.0054)
