Testing error 1836: 0.2705
Time for ensemble 1836: 0.7204 hours 
Testing error 1837: 0.2688
Time for ensemble 1837: 1.7409 hours 
Testing error 1838: 0.2726
Time for ensemble 1838: 0.8192 hours 
Testing error 1839: 0.2695
Time for ensemble 1839: 0.5947 hours 
Testing error 1840: 0.2656
Time for ensemble 1840: 0.6691 hours 
Testing error 1841: 0.2737
Time for ensemble 1841: 0.8561 hours 
Testing error 1842: 0.2754
Time for ensemble 1842: 0.3875 hours 
Testing error 1843: 0.2715
Time for ensemble 1843: 0.9051 hours 
Testing error 1844: 0.2707
Time for ensemble 1844: 0.4581 hours 
Testing error 1845: 0.2690
Time for ensemble 1845: 0.4904 hours 
Average time over 10 splits for ensemble: 0.7642 hours 
-----------
Average testing error over 10 splits: 0.2707 (+/- 0.0028)
