Testing error 1836: 0.2223
Time for ensemble 1836: 1.2061 hours 
Testing error 1837: 0.2268
Time for ensemble 1837: 0.5886 hours 
Testing error 1838: 0.2252
Time for ensemble 1838: 1.2766 hours 
Testing error 1839: 0.2213
Time for ensemble 1839: 1.2685 hours 
Testing error 1840: 0.2224
Time for ensemble 1840: 0.7698 hours 
Testing error 1841: 0.2260
Time for ensemble 1841: 0.8525 hours 
Testing error 1842: 0.2265
Time for ensemble 1842: 1.1596 hours 
Testing error 1843: 0.2209
Time for ensemble 1843: 3.0422 hours 
Testing error 1844: 0.2236
Time for ensemble 1844: 3.3111 hours 
Testing error 1845: 0.2253
Time for ensemble 1845: 0.5139 hours 
Average time over 10 splits for ensemble: 1.3989 hours 
-----------
Average testing error over 10 splits: 0.2240 (+/- 0.0022)
