Testing error 1836: 0.3411
Time for ensemble 1836: 1.6256 hours 
Testing error 1837: 0.3372
Time for ensemble 1837: 1.1327 hours 
Testing error 1838: 0.3526
Time for ensemble 1838: 0.6305 hours 
Testing error 1839: 0.3411
Time for ensemble 1839: 1.5855 hours 
Testing error 1840: 0.3367
Time for ensemble 1840: 1.2485 hours 
Testing error 1841: 0.3441
Time for ensemble 1841: 2.0637 hours 
Testing error 1842: 0.3472
Time for ensemble 1842: 0.5196 hours 
Testing error 1843: 0.3433
Time for ensemble 1843: 1.0567 hours 
Testing error 1844: 0.3414
Time for ensemble 1844: 1.3960 hours 
Testing error 1845: 0.3439
Time for ensemble 1845: 1.1572 hours 
Average time over 10 splits for ensemble: 1.2416 hours 
-----------
Average testing error over 10 splits: 0.3429 (+/- 0.0047)
