Testing error 1836: 0.1910
Time for ensemble 1836: 0.0853 hours 
Testing error 1837: 0.1973
Time for ensemble 1837: 0.0868 hours 
Testing error 1838: 0.1994
Time for ensemble 1838: 0.2006 hours 
Testing error 1839: 0.1992
Time for ensemble 1839: 0.1099 hours 
Testing error 1840: 0.1993
Time for ensemble 1840: 0.0477 hours 
Testing error 1841: 0.1991
Time for ensemble 1841: 0.1138 hours 
Testing error 1842: 0.2062
Time for ensemble 1842: 0.0354 hours 
Testing error 1843: 0.1987
Time for ensemble 1843: 0.0671 hours 
Testing error 1844: 0.1972
Time for ensemble 1844: 0.1113 hours 
Testing error 1845: 0.2035
Time for ensemble 1845: 0.1019 hours 
Average time over 10 splits for ensemble: 0.0960 hours 
-----------
Average testing error over 10 splits: 0.1991 (+/- 0.0040)
