Testing error 1836: 0.4190
Time for ensemble 1836: 0.0612 hours 
Testing error 1837: 0.4160
Time for ensemble 1837: 0.0562 hours 
Testing error 1838: 0.4185
Time for ensemble 1838: 0.0571 hours 
Testing error 1839: 0.4175
Time for ensemble 1839: 0.0908 hours 
Testing error 1840: 0.4165
Time for ensemble 1840: 0.0583 hours 
Testing error 1841: 0.4217
Time for ensemble 1841: 0.0603 hours 
Testing error 1842: 0.4235
Time for ensemble 1842: 0.0405 hours 
Testing error 1843: 0.4139
Time for ensemble 1843: 0.0965 hours 
Testing error 1844: 0.4130
Time for ensemble 1844: 0.1521 hours 
Testing error 1845: 0.4141
Time for ensemble 1845: 0.0700 hours 
Average time over 10 splits for ensemble: 0.0743 hours 
-----------
Average testing error over 10 splits: 0.4174 (+/- 0.0034)
