Testing error 1836: 0.3428
Time for ensemble 1836: 0.0824 hours 
Testing error 1837: 0.3420
Time for ensemble 1837: 0.0872 hours 
Testing error 1838: 0.3443
Time for ensemble 1838: 0.0952 hours 
Testing error 1839: 0.3399
Time for ensemble 1839: 0.1139 hours 
Testing error 1840: 0.3384
Time for ensemble 1840: 0.0894 hours 
Testing error 1841: 0.3470
Time for ensemble 1841: 0.0837 hours 
Testing error 1842: 0.3506
Time for ensemble 1842: 0.0501 hours 
Testing error 1843: 0.3392
Time for ensemble 1843: 0.1304 hours 
Testing error 1844: 0.3369
Time for ensemble 1844: 0.2188 hours 
Testing error 1845: 0.3402
Time for ensemble 1845: 0.0858 hours 
Average time over 10 splits for ensemble: 373.2804 hours 
-----------
Average testing error over 10 splits: 0.3421 (+/- 0.0042)
