Testing error 1836: 0.2858
Time for ensemble 1836: 0.0639 hours 
Testing error 1837: 0.2879
Time for ensemble 1837: 0.0460 hours 
Testing error 1838: 0.2881
Time for ensemble 1838: 0.0805 hours 
Testing error 1839: 0.2865
Time for ensemble 1839: 0.1142 hours 
Testing error 1840: 0.2895
Time for ensemble 1840: 0.0524 hours 
Testing error 1841: 0.2971
Time for ensemble 1841: 0.0375 hours 
Testing error 1842: 0.2901
Time for ensemble 1842: 0.0628 hours 
Testing error 1843: 0.2850
Time for ensemble 1843: 0.1105 hours 
Testing error 1844: 0.2819
Time for ensemble 1844: 0.0835 hours 
Testing error 1845: 0.2866
Time for ensemble 1845: 0.0823 hours 
Average time over 10 splits for ensemble: 0.0734 hours 
-----------
Average testing error over 10 splits: 0.2878 (+/- 0.0040)
