Testing error 1836: 0.2319
Time for ensemble 1836: 0.1983 hours 
Testing error 1837: 0.2335
Time for ensemble 1837: 0.0947 hours 
Testing error 1838: 0.2360
Time for ensemble 1838: 0.2953 hours 
Testing error 1839: 0.2356
Time for ensemble 1839: 0.4736 hours 
Testing error 1840: 0.2329
Time for ensemble 1840: 0.0995 hours 
Testing error 1841: 0.2384
Time for ensemble 1841: 0.0772 hours 
Testing error 1842: 0.2433
Time for ensemble 1842: 0.0812 hours 
Testing error 1843: 0.2340
Time for ensemble 1843: 0.0726 hours 
Testing error 1844: 0.2350
Time for ensemble 1844: 0.0781 hours 
Testing error 1845: 0.2425
Time for ensemble 1845: 0.0536 hours 
Average time over 10 splits for ensemble: 548.6964 hours 
-----------
Average testing error over 10 splits: 0.2363 (+/- 0.0039)
