Testing error 1836: 0.4271
Time for ensemble 1836: 0.0434 hours 
Testing error 1837: 0.4220
Time for ensemble 1837: 0.0974 hours 
Testing error 1838: 0.4236
Time for ensemble 1838: 0.0779 hours 
Testing error 1839: 0.4242
Time for ensemble 1839: 0.0802 hours 
Testing error 1840: 0.4257
Time for ensemble 1840: 0.0338 hours 
Testing error 1841: 0.4256
Time for ensemble 1841: 0.0634 hours 
Testing error 1842: 0.4239
Time for ensemble 1842: 0.0735 hours 
Testing error 1843: 0.4174
Time for ensemble 1843: 0.0977 hours 
Testing error 1844: 0.4204
Time for ensemble 1844: 0.0781 hours 
Testing error 1845: 0.4187
Time for ensemble 1845: 0.0551 hours 
Average time over 10 splits for ensemble: 0.0700 hours 
-----------
Average testing error over 10 splits: 0.4229 (+/- 0.0032)
