Testing error 1836: 0.4161
Time for ensemble 1836: 0.1103 hours 
Testing error 1837: 0.4172
Time for ensemble 1837: 0.1177 hours 
Testing error 1838: 0.4212
Time for ensemble 1838: 0.1534 hours 
Testing error 1839: 0.4204
Time for ensemble 1839: 0.0727 hours 
Testing error 1840: 0.4168
Time for ensemble 1840: 0.0719 hours 
Testing error 1841: 0.4291
Time for ensemble 1841: 0.0444 hours 
Testing error 1842: 0.4192
Time for ensemble 1842: 0.1802 hours 
Testing error 1843: 0.4131
Time for ensemble 1843: 0.2007 hours 
Testing error 1844: 0.4171
Time for ensemble 1844: 0.0785 hours 
Testing error 1845: 0.4214
Time for ensemble 1845: 0.0476 hours 
Average time over 10 splits for ensemble: 0.1077 hours 
-----------
Average testing error over 10 splits: 0.4192 (+/- 0.0043)
