Testing error 1836: 0.1297
Time for ensemble 1836: 0.0841 hours 
Testing error 1837: 0.1293
Time for ensemble 1837: 0.0734 hours 
Testing error 1838: 0.1341
Time for ensemble 1838: 0.0845 hours 
Testing error 1839: 0.1338
Time for ensemble 1839: 0.0692 hours 
Testing error 1840: 0.1286
Time for ensemble 1840: 0.0968 hours 
Testing error 1841: 0.1335
Time for ensemble 1841: 0.0572 hours 
Testing error 1842: 0.1315
Time for ensemble 1842: 0.0984 hours 
Testing error 1843: 0.1283
Time for ensemble 1843: 0.0676 hours 
Testing error 1844: 0.1328
Time for ensemble 1844: 0.0393 hours 
Testing error 1845: 0.1305
Time for ensemble 1845: 0.1284 hours 
Average time over 10 splits for ensemble: 0.0799 hours 
-----------
Average testing error over 10 splits: 0.1312 (+/- 0.0022)
