Testing error 1836: 0.2451
Time for ensemble 1836: 0.1088 hours 
Testing error 1837: 0.2447
Time for ensemble 1837: 0.0637 hours 
Testing error 1838: 0.2458
Time for ensemble 1838: 0.1154 hours 
Testing error 1839: 0.2494
Time for ensemble 1839: 0.0693 hours 
Testing error 1840: 0.2450
Time for ensemble 1840: 0.0484 hours 
Testing error 1841: 0.2446
Time for ensemble 1841: 0.0849 hours 
Testing error 1842: 0.2495
Time for ensemble 1842: 0.0678 hours 
Testing error 1843: 0.2505
Time for ensemble 1843: 0.0819 hours 
Testing error 1844: 0.2417
Time for ensemble 1844: 0.0914 hours 
Testing error 1845: 0.2448
Time for ensemble 1845: 0.0937 hours 
Average time over 10 splits for ensemble: 0.0825 hours 
-----------
Average testing error over 10 splits: 0.2461 (+/- 0.0028)
