Testing error 1836: 0.1318
Time for ensemble 1836: 0.0405 hours 
Testing error 1837: 0.1306
Time for ensemble 1837: 0.0508 hours 
Testing error 1838: 0.1344
Time for ensemble 1838: 0.0719 hours 
Testing error 1839: 0.1298
Time for ensemble 1839: 0.0668 hours 
Testing error 1840: 0.1270
Time for ensemble 1840: 0.0505 hours 
Testing error 1841: 0.1286
Time for ensemble 1841: 0.0382 hours 
Testing error 1842: 0.1353
Time for ensemble 1842: 0.1186 hours 
Testing error 1843: 0.1309
Time for ensemble 1843: 0.0722 hours 
Testing error 1844: 0.1300
Time for ensemble 1844: 0.1435 hours 
Testing error 1845: 0.1353
Time for ensemble 1845: 0.0577 hours 
Average time over 10 splits for ensemble: 0.0711 hours 
-----------
Average testing error over 10 splits: 0.1314 (+/- 0.0028)
