Testing error 1836: 0.1372
Time for ensemble 1836: 0.0794 hours 
Testing error 1837: 0.1406
Time for ensemble 1837: 0.0424 hours 
Testing error 1838: 0.1375
Time for ensemble 1838: 0.1011 hours 
Testing error 1839: 0.1427
Time for ensemble 1839: 0.0319 hours 
Testing error 1840: 0.1342
Time for ensemble 1840: 0.0929 hours 
Testing error 1841: 0.1363
Time for ensemble 1841: 0.0588 hours 
Testing error 1842: 0.1364
Time for ensemble 1842: 0.1281 hours 
Testing error 1843: 0.1426
Time for ensemble 1843: 0.0658 hours 
Testing error 1844: 0.1333
Time for ensemble 1844: 0.0731 hours 
Testing error 1845: 0.1388
Time for ensemble 1845: 0.0587 hours 
Average time over 10 splits for ensemble: 0.0732 hours 
-----------
Average testing error over 10 splits: 0.1380 (+/- 0.0032)
