Testing error 1836: 0.1040
Time for ensemble 1836: 0.0592 hours 
Testing error 1837: 0.1055
Time for ensemble 1837: 0.0464 hours 
Testing error 1838: 0.1007
Time for ensemble 1838: 0.1166 hours 
Testing error 1839: 0.1039
Time for ensemble 1839: 0.0415 hours 
Testing error 1840: 0.0997
Time for ensemble 1840: 0.0739 hours 
Testing error 1841: 0.1055
Time for ensemble 1841: 0.0809 hours 
Testing error 1842: 0.1078
Time for ensemble 1842: 0.0575 hours 
Testing error 1843: 0.1022
Time for ensemble 1843: 0.0840 hours 
Testing error 1844: 0.0989
Time for ensemble 1844: 0.1577 hours 
Testing error 1845: 0.1085
Time for ensemble 1845: 0.0496 hours 
Average time over 10 splits for ensemble: 0.0767 hours 
-----------
Average testing error over 10 splits: 0.1037 (+/- 0.0033)
