Testing error 1836: 0.0961
Time for ensemble 1836: 0.0648 hours 
Testing error 1837: 0.0975
Time for ensemble 1837: 0.1039 hours 
Testing error 1838: 0.0966
Time for ensemble 1838: 0.0496 hours 
Testing error 1839: 0.0976
Time for ensemble 1839: 0.0998 hours 
Testing error 1840: 0.0946
Time for ensemble 1840: 0.1626 hours 
Testing error 1841: 0.0979
Time for ensemble 1841: 0.1027 hours 
Testing error 1842: 0.1008
Time for ensemble 1842: 0.1155 hours 
Testing error 1843: 0.0957
Time for ensemble 1843: 0.1012 hours 
Testing error 1844: 0.0938
Time for ensemble 1844: 0.0850 hours 
Testing error 1845: 0.0992
Time for ensemble 1845: 0.0796 hours 
Average time over 10 splits for ensemble: 0.0965 hours 
-----------
Average testing error over 10 splits: 0.0970 (+/- 0.0021)
